20:33:11 Trying to load config from config\skyhanni\config.json
20:33:11 load-config-now
20:33:11 Loaded config from file
20:33:11 Trying to load sacks from config\skyhanni\sacks.json
20:33:11 load-sacks-now
20:33:11 Loaded sacks from file
20:33:11 Trying to load friends from config\skyhanni\friends.json
20:33:11 load-friends-now
20:33:11 Loaded friends from file
20:33:11 Trying to load known_features from config\skyhanni\known_features.json
20:33:11 load-known_features-now
20:33:11 Loaded known_features from file
20:33:11 Trying to load jacob_contests from config\skyhanni\jacob_contests.json
20:33:11 load-jacob_contests-now
20:33:11 Loaded jacob_contests from file
20:33:11 Trying to load visual_words from config\skyhanni\visual_words.json
20:33:11 Setting visual_words to be blank as it did not exist. It will be saved once something is written to it
20:34:11 saveConfig: auto-save-60s
20:34:11 Saving config file
20:34:48 saveConfig: Updated known feature flags
20:34:48 Saving known_features file
20:35:11 saveConfig: auto-save-60s
20:35:11 Saving config file
20:36:11 saveConfig: auto-save-60s
20:36:11 Saving config file
20:36:58 saveConfig: saving-data
20:36:58 Saving sacks file
20:37:08 saveConfig: saving-data
20:37:08 Saving sacks file
20:37:11 saveConfig: auto-save-60s
20:37:11 Saving config file
20:37:15 saveConfig: saving-data
20:37:15 Saving sacks file
20:37:33 saveConfig: saving-data
20:37:33 Saving sacks file
20:37:45 saveConfig: saving-data
20:37:45 Saving sacks file
20:38:11 saveConfig: auto-save-60s
20:38:11 Saving config file
20:38:39 saveConfig: saving-data
20:38:39 Saving sacks file
20:38:45 saveConfig: saving-data
20:38:45 Saving sacks file
20:38:48 saveConfig: saving-data
20:38:48 Saving sacks file
20:38:54 saveConfig: saving-data
20:38:54 Saving sacks file
20:39:11 saveConfig: auto-save-60s
20:39:11 Saving config file
20:40:11 saveConfig: auto-save-60s
20:40:11 Saving config file
20:41:11 saveConfig: auto-save-60s
20:41:11 Saving config file
20:42:11 saveConfig: auto-save-60s
20:42:11 Saving config file
20:43:11 saveConfig: auto-save-60s
20:43:11 Saving config file
20:44:11 saveConfig: auto-save-60s
20:44:11 Saving config file
20:45:11 saveConfig: auto-save-60s
20:45:11 Saving config file
20:46:11 saveConfig: auto-save-60s
20:46:11 Saving config file
20:47:11 saveConfig: auto-save-60s
20:47:11 Saving config file
20:48:11 saveConfig: auto-save-60s
20:48:11 Saving config file
20:49:11 saveConfig: auto-save-60s
20:49:11 Saving config file
20:50:11 saveConfig: auto-save-60s
20:50:11 Saving config file
20:51:11 saveConfig: auto-save-60s
20:51:11 Saving config file
20:52:11 saveConfig: auto-save-60s
20:52:11 Saving config file
20:53:11 saveConfig: auto-save-60s
20:53:11 Saving config file
20:54:11 saveConfig: auto-save-60s
20:54:11 Saving config file
20:55:11 saveConfig: auto-save-60s
20:55:11 Saving config file
20:56:11 saveConfig: auto-save-60s
20:56:11 Saving config file
20:57:11 saveConfig: auto-save-60s
20:57:11 Saving config file
20:58:11 saveConfig: auto-save-60s
20:58:11 Saving config file
20:59:11 saveConfig: auto-save-60s
20:59:11 Saving config file
21:00:11 saveConfig: auto-save-60s
21:00:11 Saving config file
21:01:11 saveConfig: auto-save-60s
21:01:11 Saving config file
21:02:11 saveConfig: auto-save-60s
21:02:11 Saving config file
21:03:11 saveConfig: auto-save-60s
21:03:11 Saving config file
21:04:11 saveConfig: auto-save-60s
21:04:11 Saving config file
21:05:11 saveConfig: auto-save-60s
21:05:11 Saving config file
21:06:11 saveConfig: auto-save-60s
21:06:11 Saving config file
21:07:11 saveConfig: auto-save-60s
21:07:11 Saving config file
21:08:11 saveConfig: auto-save-60s
21:08:11 Saving config file
21:09:11 saveConfig: auto-save-60s
21:09:11 Saving config file
21:10:11 saveConfig: auto-save-60s
21:10:11 Saving config file
21:11:11 saveConfig: auto-save-60s
21:11:11 Saving config file
21:12:11 saveConfig: auto-save-60s
21:12:11 Saving config file
21:13:11 saveConfig: auto-save-60s
21:13:11 Saving config file
21:13:12 saveConfig: saving-data
21:13:12 Saving sacks file
21:13:35 saveConfig: saving-data
21:13:35 Saving sacks file
21:14:11 saveConfig: saving-data
21:14:11 Saving sacks file
21:14:11 saveConfig: auto-save-60s
21:14:11 Saving config file
21:14:38 saveConfig: saving-data
21:14:38 Saving sacks file
21:15:11 saveConfig: saving-data
21:15:11 Saving sacks file
21:15:11 saveConfig: auto-save-60s
21:15:11 Saving config file
21:15:42 saveConfig: saving-data
21:15:42 Saving sacks file
21:16:11 saveConfig: auto-save-60s
21:16:11 Saving config file
21:16:13 saveConfig: saving-data
21:16:13 Saving sacks file
21:16:44 saveConfig: saving-data
21:16:44 Saving sacks file
21:17:11 saveConfig: auto-save-60s
21:17:11 Saving config file
21:17:15 saveConfig: saving-data
21:17:15 Saving sacks file
21:17:46 saveConfig: saving-data
21:17:46 Saving sacks file
21:18:11 saveConfig: auto-save-60s
21:18:11 Saving config file
21:18:17 saveConfig: saving-data
21:18:17 Saving sacks file
21:18:48 saveConfig: saving-data
21:18:48 Saving sacks file
21:19:11 saveConfig: auto-save-60s
21:19:11 Saving config file
21:19:19 saveConfig: saving-data
21:19:19 Saving sacks file
21:19:50 saveConfig: saving-data
21:19:50 Saving sacks file
21:20:11 saveConfig: auto-save-60s
21:20:11 Saving config file
21:20:21 saveConfig: saving-data
21:20:21 Saving sacks file
21:20:52 saveConfig: saving-data
21:20:52 Saving sacks file
21:21:11 saveConfig: auto-save-60s
21:21:11 Saving config file
21:21:23 saveConfig: saving-data
21:21:23 Saving sacks file
21:21:54 saveConfig: saving-data
21:21:54 Saving sacks file
21:22:11 saveConfig: auto-save-60s
21:22:11 Saving config file
21:22:25 saveConfig: saving-data
21:22:25 Saving sacks file
21:22:57 saveConfig: saving-data
21:22:57 Saving sacks file
21:23:11 saveConfig: auto-save-60s
21:23:11 Saving config file
21:23:28 saveConfig: saving-data
21:23:28 Saving sacks file
21:23:59 saveConfig: saving-data
21:23:59 Saving sacks file
21:24:11 saveConfig: auto-save-60s
21:24:11 Saving config file
21:24:30 saveConfig: saving-data
21:24:30 Saving sacks file
21:25:01 saveConfig: saving-data
21:25:01 Saving sacks file
21:25:11 saveConfig: auto-save-60s
21:25:11 Saving config file
21:25:32 saveConfig: saving-data
21:25:32 Saving sacks file
21:26:01 saveConfig: saving-data
21:26:01 Saving sacks file
21:26:11 saveConfig: auto-save-60s
21:26:11 Saving config file
21:26:48 saveConfig: saving-data
21:26:48 Saving sacks file
21:27:11 saveConfig: auto-save-60s
21:27:11 Saving config file
21:27:19 saveConfig: saving-data
21:27:19 Saving sacks file
21:27:35 saveConfig: saving-data
21:27:35 Saving sacks file
21:28:08 saveConfig: saving-data
21:28:08 Saving sacks file
21:28:11 saveConfig: auto-save-60s
21:28:11 Saving config file
21:28:39 saveConfig: saving-data
21:28:39 Saving sacks file
21:29:10 saveConfig: saving-data
21:29:10 Saving sacks file
21:29:11 saveConfig: auto-save-60s
21:29:11 Saving config file
21:29:41 saveConfig: saving-data
21:29:41 Saving sacks file
21:30:11 saveConfig: auto-save-60s
21:30:11 Saving config file
21:30:12 saveConfig: saving-data
21:30:12 Saving sacks file
21:30:43 saveConfig: saving-data
21:30:43 Saving sacks file
21:31:11 saveConfig: auto-save-60s
21:31:11 Saving config file
21:31:14 saveConfig: saving-data
21:31:14 Saving sacks file
21:31:45 saveConfig: saving-data
21:31:45 Saving sacks file
21:32:11 saveConfig: auto-save-60s
21:32:11 Saving config file
21:32:16 saveConfig: saving-data
21:32:16 Saving sacks file
21:32:47 saveConfig: saving-data
21:32:47 Saving sacks file
21:33:11 saveConfig: auto-save-60s
21:33:11 Saving config file
21:33:18 saveConfig: saving-data
21:33:18 Saving sacks file
21:33:49 saveConfig: saving-data
21:33:49 Saving sacks file
21:34:11 saveConfig: auto-save-60s
21:34:11 Saving config file
21:34:20 saveConfig: saving-data
21:34:20 Saving sacks file
21:34:51 saveConfig: saving-data
21:34:51 Saving sacks file
21:35:11 saveConfig: auto-save-60s
21:35:11 Saving config file
21:35:22 saveConfig: saving-data
21:35:22 Saving sacks file
21:35:53 saveConfig: saving-data
21:35:53 Saving sacks file
21:36:11 saveConfig: auto-save-60s
21:36:11 Saving config file
21:36:24 saveConfig: saving-data
21:36:24 Saving sacks file
21:36:55 saveConfig: saving-data
21:36:55 Saving sacks file
21:37:11 saveConfig: auto-save-60s
21:37:11 Saving config file
21:37:26 saveConfig: saving-data
21:37:26 Saving sacks file
21:37:57 saveConfig: saving-data
21:37:57 Saving sacks file
21:38:11 saveConfig: auto-save-60s
21:38:11 Saving config file
21:38:28 saveConfig: saving-data
21:38:28 Saving sacks file
21:39:00 saveConfig: saving-data
21:39:00 Saving sacks file
21:39:11 saveConfig: auto-save-60s
21:39:11 Saving config file
21:39:31 saveConfig: saving-data
21:39:31 Saving sacks file
21:40:02 saveConfig: saving-data
21:40:02 Saving sacks file
21:40:11 saveConfig: auto-save-60s
21:40:11 Saving config file
21:40:33 saveConfig: saving-data
21:40:33 Saving sacks file
21:41:00 saveConfig: saving-data
21:41:00 Saving sacks file
21:41:11 saveConfig: auto-save-60s
21:41:11 Saving config file
21:41:15 saveConfig: saving-data
21:41:15 Saving sacks file
21:41:23 saveConfig: saving-data
21:41:23 Saving sacks file
21:42:11 saveConfig: auto-save-60s
21:42:11 Saving config file
21:42:25 saveConfig: saving-data
21:42:25 Saving sacks file
21:43:11 saveConfig: auto-save-60s
21:43:11 Saving config file
21:44:11 saveConfig: auto-save-60s
21:44:11 Saving config file
21:45:11 saveConfig: auto-save-60s
21:45:11 Saving config file
21:46:11 saveConfig: auto-save-60s
21:46:11 Saving config file
21:47:11 saveConfig: auto-save-60s
21:47:11 Saving config file
21:48:11 saveConfig: auto-save-60s
21:48:11 Saving config file
21:49:11 saveConfig: auto-save-60s
21:49:11 Saving config file
21:50:11 saveConfig: auto-save-60s
21:50:11 Saving config file
21:51:11 saveConfig: auto-save-60s
21:51:11 Saving config file
21:52:11 saveConfig: auto-save-60s
21:52:11 Saving config file
21:53:11 saveConfig: auto-save-60s
21:53:11 Saving config file
21:54:11 saveConfig: auto-save-60s
21:54:11 Saving config file
21:55:11 saveConfig: auto-save-60s
21:55:11 Saving config file
21:56:11 saveConfig: auto-save-60s
21:56:11 Saving config file
21:57:11 saveConfig: auto-save-60s
21:57:11 Saving config file
21:58:11 saveConfig: auto-save-60s
21:58:11 Saving config file
21:59:11 saveConfig: auto-save-60s
21:59:11 Saving config file
22:00:11 saveConfig: auto-save-60s
22:00:11 Saving config file
22:01:11 saveConfig: auto-save-60s
22:01:11 Saving config file
22:02:11 saveConfig: auto-save-60s
22:02:11 Saving config file
22:03:11 saveConfig: auto-save-60s
22:03:11 Saving config file
22:04:11 saveConfig: auto-save-60s
22:04:11 Saving config file
22:05:11 saveConfig: auto-save-60s
22:05:11 Saving config file
22:06:11 saveConfig: auto-save-60s
22:06:11 Saving config file
22:07:11 saveConfig: auto-save-60s
22:07:11 Saving config file
22:08:11 saveConfig: auto-save-60s
22:08:11 Saving config file
22:09:11 saveConfig: auto-save-60s
22:09:11 Saving config file
22:10:11 saveConfig: auto-save-60s
22:10:11 Saving config file
22:11:11 saveConfig: auto-save-60s
22:11:11 Saving config file
22:12:11 saveConfig: auto-save-60s
22:12:11 Saving config file
22:13:11 saveConfig: auto-save-60s
22:13:11 Saving config file
22:14:11 saveConfig: auto-save-60s
22:14:11 Saving config file
22:15:11 saveConfig: auto-save-60s
22:15:11 Saving config file
22:15:28 saveConfig: saving-data
22:15:28 Saving sacks file
22:15:38 saveConfig: saving-data
22:15:38 Saving sacks file
22:16:11 saveConfig: auto-save-60s
22:16:11 Saving config file
22:16:17 saveConfig: saving-data
22:16:17 Saving sacks file
22:17:09 saveConfig: saving-data
22:17:09 Saving sacks file
22:17:11 saveConfig: auto-save-60s
22:17:11 Saving config file
22:17:26 saveConfig: saving-data
22:17:26 Saving sacks file
22:17:51 saveConfig: saving-data
22:17:51 Saving sacks file
22:17:57 saveConfig: saving-data
22:17:57 Saving sacks file
22:18:07 saveConfig: saving-data
22:18:07 Saving sacks file
22:18:11 saveConfig: auto-save-60s
22:18:11 Saving config file
22:18:26 saveConfig: saving-data
22:18:26 Saving sacks file
22:19:02 saveConfig: saving-data
22:19:02 Saving sacks file
22:19:11 saveConfig: auto-save-60s
22:19:11 Saving config file
22:19:19 saveConfig: saving-data
22:19:19 Saving sacks file
22:19:44 saveConfig: saving-data
22:19:44 Saving sacks file
22:20:11 saveConfig: auto-save-60s
22:20:11 Saving config file
22:21:01 saveConfig: saving-data
22:21:01 Saving sacks file
22:21:11 saveConfig: auto-save-60s
22:21:11 Saving config file
22:22:11 saveConfig: auto-save-60s
22:22:11 Saving config file
22:22:29 saveConfig: saving-data
22:22:29 Saving sacks file
22:23:03 saveConfig: saving-data
22:23:03 Saving sacks file
22:23:11 saveConfig: auto-save-60s
22:23:11 Saving config file
22:23:20 saveConfig: saving-data
22:23:20 Saving sacks file
22:23:52 saveConfig: saving-data
22:23:52 Saving sacks file
22:24:11 saveConfig: auto-save-60s
22:24:11 Saving config file
22:24:27 saveConfig: saving-data
22:24:27 Saving sacks file
22:25:10 saveConfig: saving-data
22:25:10 Saving sacks file
22:25:11 saveConfig: auto-save-60s
22:25:11 Saving config file
22:25:26 saveConfig: saving-data
22:25:26 Saving sacks file
22:26:04 saveConfig: saving-data
22:26:04 Saving sacks file
22:26:11 saveConfig: auto-save-60s
22:26:11 Saving config file
22:26:32 saveConfig: saving-data
22:26:32 Saving sacks file
22:27:11 saveConfig: auto-save-60s
22:27:11 Saving config file
22:27:16 saveConfig: saving-data
22:27:16 Saving sacks file
22:27:59 saveConfig: saving-data
22:27:59 Saving sacks file
22:28:06 saveConfig: saving-data
22:28:06 Saving sacks file
22:28:11 saveConfig: auto-save-60s
22:28:11 Saving config file
22:28:18 saveConfig: saving-data
22:28:18 Saving sacks file
22:29:02 saveConfig: saving-data
22:29:02 Saving sacks file
22:29:11 saveConfig: auto-save-60s
22:29:11 Saving config file
22:29:43 saveConfig: saving-data
22:29:43 Saving sacks file
22:30:11 saveConfig: auto-save-60s
22:30:11 Saving config file
22:30:21 saveConfig: saving-data
22:30:21 Saving sacks file
22:30:28 saveConfig: saving-data
22:30:28 Saving sacks file
22:30:58 saveConfig: saving-data
22:30:58 Saving sacks file
22:31:10 saveConfig: saving-data
22:31:10 Saving sacks file
22:31:11 saveConfig: auto-save-60s
22:31:11 Saving config file
22:31:18 saveConfig: saving-data
22:31:18 Saving sacks file
22:31:28 saveConfig: saving-data
22:31:28 Saving sacks file
22:31:59 saveConfig: saving-data
22:31:59 Saving sacks file
22:32:11 saveConfig: auto-save-60s
22:32:11 Saving config file
22:32:14 saveConfig: saving-data
22:32:14 Saving sacks file
22:32:45 saveConfig: saving-data
22:32:45 Saving sacks file
22:33:11 saveConfig: auto-save-60s
22:33:11 Saving config file
22:33:17 saveConfig: saving-data
22:33:17 Saving sacks file
22:33:38 saveConfig: saving-data
22:33:38 Saving sacks file
22:34:11 saveConfig: auto-save-60s
22:34:11 Saving config file
22:34:13 saveConfig: saving-data
22:34:13 Saving sacks file
22:35:11 saveConfig: auto-save-60s
22:35:11 Saving config file
22:35:35 saveConfig: saving-data
22:35:35 Saving sacks file
22:35:56 saveConfig: saving-data
22:35:56 Saving sacks file
22:36:08 saveConfig: saving-data
22:36:08 Saving sacks file
22:36:11 saveConfig: auto-save-60s
22:36:11 Saving config file
22:36:17 saveConfig: saving-data
22:36:17 Saving sacks file
22:36:51 saveConfig: saving-data
22:36:51 Saving sacks file
22:37:11 saveConfig: auto-save-60s
22:37:11 Saving config file
22:37:30 saveConfig: saving-data
22:37:30 Saving sacks file
22:37:48 saveConfig: saving-data
22:37:48 Saving sacks file
22:38:11 saveConfig: auto-save-60s
22:38:11 Saving config file
22:38:26 saveConfig: saving-data
22:38:26 Saving sacks file
22:39:11 saveConfig: auto-save-60s
22:39:11 Saving config file
22:39:20 saveConfig: saving-data
22:39:20 Saving sacks file
22:39:51 saveConfig: saving-data
22:39:51 Saving sacks file
22:40:07 saveConfig: saving-data
22:40:07 Saving sacks file
22:40:11 saveConfig: auto-save-60s
22:40:11 Saving config file
22:41:08 saveConfig: saving-data
22:41:08 Saving sacks file
22:41:11 saveConfig: auto-save-60s
22:41:11 Saving config file
22:41:37 saveConfig: saving-data
22:41:37 Saving sacks file
22:42:11 saveConfig: auto-save-60s
22:42:11 Saving config file
22:42:16 saveConfig: saving-data
22:42:16 Saving sacks file
22:43:05 saveConfig: saving-data
22:43:05 Saving sacks file
22:43:11 saveConfig: auto-save-60s
22:43:11 Saving config file
22:43:33 saveConfig: saving-data
22:43:33 Saving sacks file
22:44:11 saveConfig: auto-save-60s
22:44:11 Saving config file
22:44:27 saveConfig: saving-data
22:44:27 Saving sacks file
22:45:03 saveConfig: saving-data
22:45:03 Saving sacks file
22:45:11 saveConfig: auto-save-60s
22:45:11 Saving config file
22:45:49 saveConfig: saving-data
22:45:49 Saving sacks file
22:46:11 saveConfig: auto-save-60s
22:46:11 Saving config file
22:46:15 saveConfig: saving-data
22:46:15 Saving sacks file
22:46:48 saveConfig: saving-data
22:46:48 Saving sacks file
22:47:11 saveConfig: auto-save-60s
22:47:11 Saving config file
22:48:11 saveConfig: auto-save-60s
22:48:11 Saving config file
22:48:56 saveConfig: saving-data
22:48:56 Saving sacks file
22:49:11 saveConfig: auto-save-60s
22:49:11 Saving config file
22:49:27 saveConfig: saving-data
22:49:27 Saving sacks file
22:49:58 saveConfig: saving-data
22:49:58 Saving sacks file
22:50:11 saveConfig: auto-save-60s
22:50:11 Saving config file
22:50:29 saveConfig: saving-data
22:50:29 Saving sacks file
22:51:00 saveConfig: saving-data
22:51:00 Saving sacks file
22:51:11 saveConfig: auto-save-60s
22:51:11 Saving config file
22:51:31 saveConfig: saving-data
22:51:31 Saving sacks file
22:52:02 saveConfig: saving-data
22:52:02 Saving sacks file
22:52:11 saveConfig: auto-save-60s
22:52:11 Saving config file
22:52:33 saveConfig: saving-data
22:52:33 Saving sacks file
22:53:04 saveConfig: saving-data
22:53:04 Saving sacks file
22:53:11 saveConfig: auto-save-60s
22:53:11 Saving config file
22:53:35 saveConfig: saving-data
22:53:35 Saving sacks file
22:54:11 saveConfig: auto-save-60s
22:54:11 Saving config file
22:55:11 saveConfig: auto-save-60s
22:55:11 Saving config file
22:56:11 saveConfig: auto-save-60s
22:56:11 Saving config file
22:57:11 saveConfig: auto-save-60s
22:57:11 Saving config file
22:58:11 saveConfig: auto-save-60s
22:58:11 Saving config file
22:59:11 saveConfig: auto-save-60s
22:59:11 Saving config file
23:00:11 saveConfig: auto-save-60s
23:00:11 Saving config file
23:01:11 saveConfig: auto-save-60s
23:01:11 Saving config file
23:02:11 saveConfig: auto-save-60s
23:02:11 Saving config file
23:03:11 saveConfig: auto-save-60s
23:03:11 Saving config file
23:03:36 saveConfig: saving-data
23:03:36 Saving sacks file
23:04:07 saveConfig: saving-data
23:04:07 Saving sacks file
23:04:11 saveConfig: auto-save-60s
23:04:11 Saving config file
23:04:38 saveConfig: saving-data
23:04:38 Saving sacks file
23:05:10 saveConfig: saving-data
23:05:10 Saving sacks file
23:05:11 saveConfig: auto-save-60s
23:05:11 Saving config file
23:05:41 saveConfig: saving-data
23:05:41 Saving sacks file
23:06:11 saveConfig: auto-save-60s
23:06:11 Saving config file
23:06:12 saveConfig: saving-data
23:06:12 Saving sacks file
23:06:43 saveConfig: saving-data
23:06:43 Saving sacks file
23:07:11 saveConfig: auto-save-60s
23:07:11 Saving config file
23:07:18 saveConfig: saving-data
23:07:18 Saving sacks file
23:07:49 saveConfig: saving-data
23:07:49 Saving sacks file
23:08:11 saveConfig: saving-data
23:08:11 Saving sacks file
23:08:11 saveConfig: auto-save-60s
23:08:11 Saving config file
23:08:42 saveConfig: saving-data
23:08:42 Saving sacks file
23:09:11 saveConfig: auto-save-60s
23:09:11 Saving config file
23:09:13 saveConfig: saving-data
23:09:13 Saving sacks file
23:09:44 saveConfig: saving-data
23:09:44 Saving sacks file
23:10:11 saveConfig: auto-save-60s
23:10:11 Saving config file
23:10:15 saveConfig: saving-data
23:10:15 Saving sacks file
23:10:46 saveConfig: saving-data
23:10:46 Saving sacks file
23:11:11 saveConfig: auto-save-60s
23:11:11 Saving config file
23:11:17 saveConfig: saving-data
23:11:17 Saving sacks file
23:11:48 saveConfig: saving-data
23:11:48 Saving sacks file
23:12:11 saveConfig: auto-save-60s
23:12:11 Saving config file
23:12:19 saveConfig: saving-data
23:12:19 Saving sacks file
23:12:50 saveConfig: saving-data
23:12:50 Saving sacks file
23:13:11 saveConfig: auto-save-60s
23:13:11 Saving config file
23:13:21 saveConfig: saving-data
23:13:21 Saving sacks file
23:13:52 saveConfig: saving-data
23:13:52 Saving sacks file
23:14:11 saveConfig: auto-save-60s
23:14:11 Saving config file
23:14:22 saveConfig: saving-data
23:14:22 Saving sacks file
23:15:11 saveConfig: auto-save-60s
23:15:11 Saving config file
23:15:36 saveConfig: saving-data
23:15:36 Saving sacks file
23:15:45 saveConfig: saving-data
23:15:45 Saving sacks file
23:16:11 saveConfig: auto-save-60s
23:16:11 Saving config file
23:17:11 saveConfig: auto-save-60s
23:17:11 Saving config file
23:18:11 saveConfig: auto-save-60s
23:18:11 Saving config file
23:19:11 saveConfig: auto-save-60s
23:19:11 Saving config file
23:20:11 saveConfig: auto-save-60s
23:20:11 Saving config file
23:21:11 saveConfig: auto-save-60s
23:21:11 Saving config file
23:22:11 saveConfig: auto-save-60s
23:22:11 Saving config file
23:23:11 saveConfig: auto-save-60s
23:23:11 Saving config file
23:24:11 saveConfig: auto-save-60s
23:24:11 Saving config file
23:25:11 saveConfig: auto-save-60s
23:25:11 Saving config file
23:26:11 saveConfig: auto-save-60s
23:26:11 Saving config file
23:27:11 saveConfig: auto-save-60s
23:27:11 Saving config file
23:28:11 saveConfig: auto-save-60s
23:28:11 Saving config file
23:29:11 saveConfig: auto-save-60s
23:29:11 Saving config file
23:30:11 saveConfig: auto-save-60s
23:30:11 Saving config file
23:31:11 saveConfig: auto-save-60s
23:31:11 Saving config file
23:32:11 saveConfig: auto-save-60s
23:32:11 Saving config file
23:33:11 saveConfig: auto-save-60s
23:33:11 Saving config file
23:34:07 saveConfig: shutdown-hook
23:34:07 Saving config file
