11:57:58 [allowed] §f §r§r§r§f §r§r§r§1 §r§r§r§0 §r§r§r§2 §r§r§r§f §r§r§r§f §r§r§r§2 §r§r§r§0 §r§r§r§4 §r§r§r§3 §r§r§r§9 §r§r§r§2 §r§r§r§0 §r§r§r§0 §r§r§r§3 §r§r§r§9 §r§r§r§2 §r§r§r§0 §r§r§r§0 §r§r§r§3 §r§r§r§9 §r§r§r§2 §r§r§r§0 §r§r§r§0 
11:57:58 [allowed] §b[MVP§3+§b] EvoFin§f §6joined the lobby!
11:57:58 [allowed] §b[MVP§c+§b] Asphodelus_§f §6joined the lobby!
11:57:59 [allowed]   §r§f§l➤ §r§6You have reached your Hype limit! Add Hype to Prototype Lobby minigames by right-clicking with the Hype Diamond!
11:58:03 [allowed] §b[MVP§2+§b] Nelkon§f §6joined the lobby!
11:58:03 [allowed] §b[MVP§4+§b] Bloodaxe§f §6joined the lobby!
11:58:03 [allowed] §b[MVP§d+§b] Kimyio§f §6joined the lobby!
11:58:06 [allowed]  §b>§c>§a>§r §r§6[MVP§2++§6] Diplome§f §6joined the lobby!§r §a<§c<§b<
11:58:07 [allowed] §b[MVP§6+§b] PoptartWalmart§f §6joined the lobby!
11:58:16 [allowed] §b[MVP§6+§b] ARealSussyBaka§f §6joined the lobby!
11:58:16 [allowed] 
§r§f§l➔ §r§6§lWelcome to the Prototype Lobby§r
§r§aAll games in this lobby are currently in development.§r
§r§9§nClick here to leave feedback!§r§9§n ➤ §r§9§nhttps://hypixel.net/PTL

11:58:18 [allowed] §7Sending to server mini83CF...
11:58:19 [allowed] §8 §r§8 §r§1 §r§3 §r§3 §r§7 §r§8 
11:58:19 [allowed] §eYou haven't claimed your §r§6Summer Rewards §r§eyet!
11:58:19 [allowed] §eTalk to the §r§bSummer Sloth §r§ein the §r§aHub!
11:58:20 [allowed] §6§lGROSS! §7While you were offline, §6Pests §7spawned in §aPlots §r§b13§r§7, §r§b14§r§7, §r§b19§r§7, §r§b6§r§7, §r§b8§r§7 and §r§b7§r§r§7!
11:58:20 [allowed] §7Your §r§6☘ Farming Fortune §r§7has been reduced by §r§475%§r§7!
11:58:20 [allowed] §7Click on a plots name in chat to teleport to it!
11:58:21 [allowed] 
11:58:21 [allowed] §eWelcome to §r§aHypixel SkyBlock§r§e!
11:58:21 [allowed] §6§lBONUS! §r§bTemporarily earn §r§a5% §r§bmore skill experience!
11:58:21 [allowed] 
11:58:21 [allowed] §9§n§eLatest update: §bSkyBlock v0.20.5 §e§lCLICK
11:58:22 [allowed] §aYou are playing on profile: §ePineapple
11:58:22 [allowed] §8Profile ID: cbcbcaaa-4182-4d77-bab6-b1345770fa92
11:58:23 [allowed] §6§lALLOWANCE! §r§eYou earned §r§650,000 coins§r§e!
11:58:56 [allowed] §8Withdrawing coins...
11:58:56 [allowed] §aYou have withdrawn §r§61M coins§r§a! You now have §r§636M coins §r§ain your account!
11:59:02 [allowed] §e[NPC] §dMaeve§f: §rAh, the §bGarden§f. Where dreams wither and weeds thrive. What do you have for me today?
11:59:07 [allowed] §e[NPC] §dMaeve§f: §r§5Squash§f? Not the sport, darling. The vegetable. I'll make it worth your while.
11:59:18 [allowed] §a§r§6Mining Speed Boost §r§ais now available!
12:00:23 [allowed] §6[Bazaar] §r§7Executing instant buy...
12:00:24 [allowed] §6[Bazaar] §r§7Bought §r§a111§r§7x §r§aEnchanted Pumpkin §r§7for §r§6182,029 coins§r§7!
12:00:33 [allowed] §6[Bazaar] §r§7Executing instant buy...
12:00:33 [allowed] §6[Bazaar] §r§7Bought §r§a4§r§7x §r§5Squash §r§7for §r§6301,004 coins§r§7!
12:00:36 [allowed] §6§lOFFER ACCEPTED §r§8with §r§dMaeve §r§8(§r§d§lMYTHIC§r§8)
12:00:36 [allowed] 
12:00:36 [allowed]   §r§a§lREWARDS
12:00:36 [allowed]     §r§8+§r§275 §r§7Garden Experience
12:00:36 [allowed]     §r§8+§r§3100k §r§7Farming XP
12:00:36 [allowed]     §r§8+§r§c330 Copper
12:00:36 [allowed]     §r§7§9Harvest Harbinger V Potion
12:00:36 [allowed]     §r§7§aFine Flour §8x10
12:00:36 [allowed] 
12:00:36 [allowed] §e[NPC] §dMaeve§f: §rAh, a trade well made. A potion for you, brewed by yours truly.
12:00:40 [allowed] §6§lOFFER ACCEPTED §r§8with §r§aOdawa §r§8(§r§a§lUNCOMMON§r§8)
12:00:40 [allowed] 
12:00:40 [allowed]   §r§a§lREWARDS
12:00:40 [allowed]     §r§8+§r§215 §r§7Garden Experience
12:00:40 [allowed]     §r§8+§r§33.9k §r§7Farming XP
12:00:40 [allowed]     §r§8+§r§c15 Copper
12:00:40 [allowed]     §r§7§5Jungle Key
12:00:40 [allowed]     §r§7§aFine Flour
12:00:40 [allowed] 
12:00:50 [allowed] §f
12:00:50 [allowed] §4[WATCHDOG ANNOUNCEMENT]
12:00:50 [allowed] §fWatchdog has banned §r§c§l16,917§r§f players in the last 7 days.
12:00:50 [allowed] §fStaff have banned an additional §r§c§l15,400§r§f in the last 7 days.
12:00:50 [allowed] §cBlacklisted modifications are a bannable offense!
12:00:50 [allowed] §c
12:01:04 [allowed] §cThis ability is on cooldown for 1s.
12:01:08 [allowed] §eYou received §a6x Enchanted Potato §efor killing a §6Locust§e!
12:01:14 [allowed] §6[Sacks] §r§a+7§r§e items§r§e.§r§8 (Last 5s.)
12:01:16 [allowed] §eYou received §a8x Enchanted Hay Bale §efor killing a §6Fly§e!
12:01:22 [allowed] §6[Sacks] §r§a+8§r§e items§r§e.§r§8 (Last 5s.)
12:01:29 [allowed] §cCareful! You cannot travel too far away from the island!
12:01:32 [allowed] §cThis ability is on cooldown for 1s.
12:01:45 [allowed] §eYou received §a9x Enchanted Nether Wart §efor killing a §6Beetle§e!
12:01:50 [allowed] §6[Sacks] §r§a+9§r§e items§r§e.§r§8 (Last 5s.)
12:02:01 [allowed] §eYou received §a10x Enchanted Melon §efor killing an §6Earthworm§e!
12:02:16 [allowed] §aYour Garden is no longer infested and your §r§6☘ Farming Fortune §r§ahas returned to normal!
12:02:16 [allowed] §eYou received §a11x Enchanted Nether Wart §efor killing a §6Beetle§e!
12:02:16 [allowed] §6§lRARE DROP! §aNot Just a Pest Vinyl §6(§6+985☘)
12:02:21 [allowed] §6[Sacks] §r§a+11§r§e items§r§e.§r§8 (Last 5s.)
12:02:29 [allowed] §eYou received §a10x Enchanted Red Mushroom §efor killing a §6Slug§e!
12:02:34 [allowed] §cThis ability is on cooldown for 1s.
12:02:34 [allowed] §6[Sacks] §r§a+10§r§e items§r§e.§r§8 (Last 5s.)
12:02:37 [allowed] §eYou received §a11x Enchanted Carrot §efor killing a §6Cricket§e!
12:02:40 [allowed] §cThis ability is on cooldown for 1s.
12:02:43 [allowed] §6[Sacks] §r§a+11§r§e items§r§e.§r§8 (Last 5s.)
12:02:45 [allowed] §eYou received §a11x Enchanted Hay Bale §efor killing a §6Fly§e!
12:02:50 [allowed] §aYou sold §r§aPlant Matter§r§8 x1 §r§afor §r§6100 Coins§r§a!
12:02:51 [allowed] §6[Sacks] §r§a+11§r§e items§r§e.§r§8 (Last 5s.)
12:02:57 [allowed] §aYou sold §r§aEnchanted Melon§r§8 x10 §r§afor §r§63,200 Coins§r§a!
12:03:03 [allowed] §7Warping you to your SkyBlock island...
12:03:03 [allowed] §7Sending to server mini73CB...
12:03:03 [allowed] §8 §r§8 §r§1 §r§3 §r§3 §r§7 §r§8 
12:03:03 [allowed] §eYou haven't claimed your §r§6Summer Rewards §r§eyet!
12:03:03 [allowed] §eTalk to the §r§bSummer Sloth §r§ein the §r§aHub!
12:03:06 [allowed] §aYou are playing on profile: §ePineapple
12:03:06 [allowed] §8Profile ID: cbcbcaaa-4182-4d77-bab6-b1345770fa92
12:03:13 [allowed] §7Warping...
12:03:13 [allowed] §7Sending to server mini33BC...
12:03:13 [allowed] §8 §r§8 §r§1 §r§3 §r§3 §r§7 §r§8 
12:03:13 [allowed] §eYou haven't claimed your §r§6Summer Rewards §r§eyet!
12:03:13 [allowed] §eTalk to the §r§bSummer Sloth §r§ein the §r§aHub!
12:03:16 [allowed] §aYou are playing on profile: §ePineapple
12:03:16 [allowed] §8Profile ID: cbcbcaaa-4182-4d77-bab6-b1345770fa92
12:03:25 [allowed] §c ☠ §r§7§r§7Haelorion§r§7 was killed by Glacite Walker§r§7§r§7.
12:03:37 [allowed] §c ☠ §r§7§r§bBram651§r§7 was killed by Glacite Walker§r§7§r§7.
12:04:03 [allowed] §7Warping you to your SkyBlock island...
12:04:03 [allowed] §7Sending to server mini61CD...
12:04:04 [allowed] §8 §r§8 §r§1 §r§3 §r§3 §r§7 §r§8 
12:04:04 [allowed] §eYou haven't claimed your §r§6Summer Rewards §r§eyet!
12:04:04 [allowed] §eTalk to the §r§bSummer Sloth §r§ein the §r§aHub!
12:04:07 [allowed] §aYou are playing on profile: §ePineapple
12:04:07 [allowed] §8Profile ID: cbcbcaaa-4182-4d77-bab6-b1345770fa92
12:04:08 [allowed] §cAutopet §eequipped your §7[Lvl 100] §6Scatha§e! §a§lVIEW RULE
12:04:08 [allowed] §cAutopet §eequipped your §7[Lvl 155] §6Golden Dragon§e! §a§lVIEW RULE
12:05:04 [allowed] §a§r§6Mining Speed Boost §r§ais now available!
12:05:32 [allowed] §eYou claimed the §r§dChronomatron §r§erewards!
12:05:32 [allowed]  §r§8+§r§354,000 Enchanting Exp
12:05:32 [allowed] §8 +§r§d3 Superpairs clicks
12:06:40 [allowed] §eYou claimed the §r§dUltrasequencer §r§erewards!
12:06:40 [allowed]  §r§8+§r§342,000 Enchanting Exp
12:06:40 [allowed] §8 +§r§d3 Superpairs clicks
12:06:47 [allowed] §6[Bazaar] §r§7Executing instant buy...
12:06:47 [allowed] §6[Bazaar] §r§7Bought §r§a1§r§7x §r§9Titanic Experience Bottle §r§7for §r§6539,989 coins§r§7!
12:07:37 [allowed] §eYou claimed the §r§dSuperpairs §r§erewards!
12:07:37 [allowed] §8 +§r§3600k Enchanting Exp
12:07:37 [allowed]  §r§8+§r§fRespite II
12:07:37 [allowed]  §r§8+§r§aBlessing V
12:07:37 [allowed]  §r§8+§r§3132k Enchanting Exp
12:07:37 [allowed]  §r§8+§r§aGiant Killer V
12:07:37 [allowed]  §r§8+§r§3143k Enchanting Exp
12:07:37 [allowed]  §r§8+§r§399k Enchanting Exp
12:09:06 [allowed] §aYou earned §r§e452 Event EXP §r§afrom playing SkyBlock!
12:11:18 [allowed] §8Depositing coins...
12:11:18 [allowed] §aYou have deposited §r§6117k coins§r§a! You now have §r§636M coins §r§ain your account!
12:11:22 [allowed] §aYou received §r§6228,260.7 coins§r§a!
12:12:53 [allowed] §aYou sold §r§aEnchanted Wool§r§8 x64 §r§afor §r§620,480 Coins§r§a!
12:12:53 [allowed] §aYou sold §r§aEnchanted Wool§r§8 x64 §r§afor §r§620,480 Coins§r§a!
12:12:54 [allowed] §aYou sold §r§fMutton§r§8 x8 §r§afor §r§640 Coins§r§a!
12:12:55 [allowed] §aYou sold §r§aEnchanted Wool§r§8 x64 §r§afor §r§620,480 Coins§r§a!
12:12:55 [allowed] §aYou sold §r§aEnchanted Wool§r§8 x64 §r§afor §r§620,480 Coins§r§a!
12:12:56 [allowed] §aYou sold §r§aEnchanted Wool§r§8 x64 §r§afor §r§620,480 Coins§r§a!
12:12:56 [allowed] §aYou sold §r§aEnchanted Wool§r§8 x2 §r§afor §r§6640 Coins§r§a!
12:12:57 [allowed] §aYou sold §r§aEnchanted Wool§r§8 x64 §r§afor §r§620,480 Coins§r§a!
12:12:58 [allowed] §aYou sold §r§aEnchanted Wool§r§8 x64 §r§afor §r§620,480 Coins§r§a!
12:12:58 [allowed] §aYou sold §r§aEnchanted Wool§r§8 x64 §r§afor §r§620,480 Coins§r§a!
12:12:59 [allowed] §aYou sold §r§aEnchanted Wool§r§8 x64 §r§afor §r§620,480 Coins§r§a!
12:13:00 [allowed] §aYou sold §r§aEnchanted Wool§r§8 x64 §r§afor §r§620,480 Coins§r§a!
12:13:00 [allowed] §aYou sold §r§fWhite Wool§r§8 x9 §r§afor §r§618 Coins§r§a!
12:13:01 [allowed] §aYou sold §r§fMutton§r§8 x1 §r§afor §r§65 Coins§r§a!
12:13:44 [allowed] §aYou sold §r§aEnchanted Wool§r§8 x64 §r§afor §r§620,480 Coins§r§a!
12:13:45 [allowed] §aYou sold §r§aEnchanted Wool§r§8 x64 §r§afor §r§620,480 Coins§r§a!
12:13:46 [allowed] §aYou sold §r§aEnchanted Wool§r§8 x22 §r§afor §r§67,040 Coins§r§a!
12:13:46 [allowed] §aYou sold §r§aEnchanted Wool§r§8 x64 §r§afor §r§620,480 Coins§r§a!
12:13:47 [allowed] §aYou sold §r§fWhite Wool§r§8 x3 §r§afor §r§66 Coins§r§a!
12:13:50 [allowed] §aYou sold §r§fMutton§r§8 x4 §r§afor §r§620 Coins§r§a!
12:13:51 [allowed] §aYou sold §r§aEnchanted Wool§r§8 x64 §r§afor §r§620,480 Coins§r§a!
12:13:51 [allowed] §aYou sold §r§aEnchanted Wool§r§8 x64 §r§afor §r§620,480 Coins§r§a!
12:13:52 [allowed] §aYou sold §r§fWhite Wool§r§8 x1 §r§afor §r§62 Coins§r§a!
12:14:07 [allowed] §aYou earned §r§e636 Event EXP §r§afrom playing SkyBlock!
12:14:18 [allowed] §aYou sold §r§fWhite Wool§r§8 x2 §r§afor §r§64 Coins§r§a!
12:14:18 [allowed] §aYou sold §r§fMutton§r§8 x2 §r§afor §r§610 Coins§r§a!
12:14:19 [allowed] §aYou sold §r§aEnchanted Wool§r§8 x20 §r§afor §r§66,400 Coins§r§a!
12:14:19 [allowed] §aYou sold §r§aEnchanted Wool§r§8 x64 §r§afor §r§620,480 Coins§r§a!
12:14:21 [allowed] §aYou sold §r§aEnchanted Wool§r§8 x64 §r§afor §r§620,480 Coins§r§a!
12:14:26 [allowed] §6[Bazaar] §r§7Putting goods in escrow...
12:14:26 [allowed] §6[Bazaar] §r§7Submitting sell offer...
12:14:26 [allowed] §6[Bazaar] §r§7§r§eSell Offer Setup! §r§a1,131§r§7x §r§aEnchanted Mutton §r§7for §r§67,103,403 coins§r§7.
12:14:33 [allowed] §6[Bazaar] §r§7Putting goods in escrow...
12:14:33 [allowed] §6[Bazaar] §r§7Submitting sell offer...
12:14:33 [allowed] §6[Bazaar] §r§7§r§eSell Offer Setup! §r§a48§r§7x §r§9Enchanted Lush Berberis §r§7for §r§61,118,756 coins§r§7.
12:16:02 [allowed] §6[Bazaar] §r§7Cancelling order...
12:16:02 [allowed] §6[Bazaar] §r§7§r§cCancelled! §r§7Refunded §r§a48§r§7x §r§9Enchanted Lush Berberis §r§7from cancelling Sell Offer!
12:16:06 [allowed] §6[Bazaar] §r§7Cancelling order...
12:16:06 [allowed] §6[Bazaar] §r§7§r§cCancelled! §r§7Refunded §r§a1,131§r§7x §r§aEnchanted Mutton §r§7from cancelling Sell Offer!
12:16:09 [allowed] §6[Bazaar] §r§7Putting goods in escrow...
12:16:09 [allowed] §6[Bazaar] §r§7Submitting sell offer...
12:16:09 [allowed] §6[Bazaar] §r§7§r§eSell Offer Setup! §r§a1,131§r§7x §r§aEnchanted Mutton §r§7for §r§67,102,955 coins§r§7.
12:16:12 [allowed] §6[Bazaar] §r§7Putting goods in escrow...
12:16:12 [allowed] §6[Bazaar] §r§7Submitting sell offer...
12:16:12 [allowed] §6[Bazaar] §r§7§r§eSell Offer Setup! §r§a48§r§7x §r§9Enchanted Lush Berberis §r§7for §r§61,118,746 coins§r§7.
12:19:09 [allowed] §aYou earned §r§e952 Event EXP §r§afrom playing SkyBlock!
12:24:10 [allowed] §aYou earned §r§e10 Event EXP §r§afrom playing SkyBlock!
12:26:58 [allowed] §cYour connection timed out to the server, so you have been routed to limbo!
12:26:58 [allowed] §cYou were spawned in Limbo.
12:26:58 [allowed] §b/limbo for more information.
12:27:11 [allowed] §f §r§r§r§f §r§r§r§1 §r§r§r§0 §r§r§r§2 §r§r§r§f §r§r§r§f §r§r§r§2 §r§r§r§0 §r§r§r§4 §r§r§r§3 §r§r§r§9 §r§r§r§2 §r§r§r§0 §r§r§r§0 §r§r§r§3 §r§r§r§9 §r§r§r§2 §r§r§r§0 §r§r§r§0 §r§r§r§3 §r§r§r§9 §r§r§r§2 §r§r§r§0 §r§r§r§0 
12:27:11 [allowed] §b[MVP§d+§b] xmattypazox§f §6joined the lobby!
12:27:12 [allowed] §b[MVP§d+§b] pilotlovesbug§f §6joined the lobby!
12:27:13 [allowed] §b[MVP§c+§b] jackybooty§f §6joined the lobby!
12:27:15 [allowed] §7Sdfik§7§r§7: how to check relics
12:27:16 [allowed] §b[MVP§d+§b] Lxudo§f §6joined the lobby!
12:27:16 [allowed] §b[MVP§c+§b] aszko§f §6joined the lobby!
12:27:16 [allowed] §b[MVP§3+§b] M4G0delbosco§f §6joined the lobby!
12:27:17 [allowed] §b[MVP§9+§b] Ceterra§f §6joined the lobby!
12:27:19 [allowed] §7Sending to server mini146DC...
12:27:19 [allowed] §8 §r§8 §r§1 §r§3 §r§3 §r§7 §r§8 
12:27:19 [allowed] §eYou haven't claimed your §r§6Summer Rewards §r§eyet!
12:27:19 [allowed] §eTalk to the §r§bSummer Sloth §r§ein the §r§aHub!
12:27:21 [allowed] 
12:27:21 [allowed] §eWelcome to §r§aHypixel SkyBlock§r§e!
12:27:21 [allowed] §6§lBONUS! §r§bTemporarily earn §r§a5% §r§bmore skill experience!
12:27:21 [allowed] 
12:27:21 [allowed] §9§n§eLatest update: §bSkyBlock v0.20.5 §e§lCLICK
12:27:22 [allowed] §aYou are playing on profile: §ePineapple
12:27:22 [allowed] §8Profile ID: cbcbcaaa-4182-4d77-bab6-b1345770fa92
12:28:19 [allowed] §a§r§6Mining Speed Boost §r§ais now available!
12:44:04 [allowed] §cUnknown destination! Check the Fast Travel menu to view options!
12:44:08 [allowed] §7Finding player...
12:44:15 [allowed] §7Sending a visit request...
12:44:15 [allowed] §7Sending to server mini30K...
12:44:16 [allowed] §8 §r§8 §r§1 §r§3 §r§3 §r§7 §r§8 
12:44:16 [allowed] §eYou haven't claimed your §r§6Summer Rewards §r§eyet!
12:44:16 [allowed] §eTalk to the §r§bSummer Sloth §r§ein the §r§aHub!
12:44:16 [allowed] §f§m-----------------------------------------------------
§r§cYou should NEVER enter your Microsoft account details anywhere but on official Microsoft services!

§r§cExternal links from untrusted sources should be avoided.
§r§f§m-----------------------------------------------------
12:44:19 [allowed] §d§lYum! §r§eYou gain §r§6+5☘ Foraging Fortune §r§efor §r§a48 §r§ehours!
12:44:19 [allowed] §aYou are playing on profile: §ePineapple
12:44:19 [allowed] §8Profile ID: cbcbcaaa-4182-4d77-bab6-b1345770fa92
12:44:19 [allowed] §d§lYum! §r§eYou gain §r§b+5✎ Intelligence §r§efor §r§a48 §r§ehours!
12:44:20 [allowed] §d§lYum! §r§eYou gain §r§6+5☘ Mining Fortune §r§efor §r§a48 §r§ehours!
12:44:21 [allowed] §d§lYum! §r§eYou gain §r§3+1α Sea Creature Chance §r§efor §r§a48 §r§ehours!
12:44:21 [allowed] §d§lYum! §r§eYou gain §r§d+1♣ Pet Luck §r§efor §r§a48 §r§ehours!
12:44:22 [allowed] §d§lYum! §r§eYou gain §r§c+2❁ Strength §r§efor §r§a48 §r§ehours!
12:44:23 [allowed] §d§lYum! §r§eYou gain §r§a+3❈ Defense §r§efor §r§a48 §r§ehours!
12:44:23 [allowed] §d§lYum! §r§eYou gain §r§c+2⫽ Ferocity §r§efor §r§a48 §r§ehours!
12:44:24 [allowed] §d§lYum! §r§eYou gain §r§f+10✦ Speed §r§efor §r§a48 §r§ehours!
12:44:25 [allowed] §d§lYum! §r§eYou gain §r§c+10❤ Health §r§efor §r§a48 §r§ehours!
12:44:25 [allowed] §d§lYum! §r§eYou gain §r§f+1❂ True Defense §r§efor §r§a48 §r§ehours!
12:44:26 [allowed] §d§lYum! §r§eYou gain §r§4+1♨ Vitality §r§efor §r§a48 §r§ehours!
12:44:26 [allowed] §d§lYum! §r§eYou gain §r§6+5☘ Farming Fortune §r§efor §r§a48 §r§ehours!
12:44:27 [allowed] §d§lYum! §r§eYou gain §r§b+1✯ Magic Find §r§efor §r§a48 §r§ehours!
12:44:30 [allowed] §7Warping you to your SkyBlock island...
12:44:30 [allowed] §7Sending to server mini14CR...
12:44:31 [allowed] §8 §r§8 §r§1 §r§3 §r§3 §r§7 §r§8 
12:44:31 [allowed] §eYou haven't claimed your §r§6Summer Rewards §r§eyet!
12:44:31 [allowed] §eTalk to the §r§bSummer Sloth §r§ein the §r§aHub!
12:44:34 [allowed] §aYou are playing on profile: §ePineapple
12:44:34 [allowed] §8Profile ID: cbcbcaaa-4182-4d77-bab6-b1345770fa92
12:44:50 [allowed] §7Warping...
12:44:50 [allowed] §7Sending to server mini201F...
12:44:51 [allowed] §8 §r§8 §r§1 §r§3 §r§3 §r§7 §r§8 
12:44:51 [allowed] §eYou haven't claimed your §r§6Summer Rewards §r§eyet!
12:44:51 [allowed] §eTalk to the §r§bSummer Sloth §r§ein the §r§aHub!
12:44:54 [allowed] §aYou are playing on profile: §ePineapple
12:44:54 [allowed] §8Profile ID: cbcbcaaa-4182-4d77-bab6-b1345770fa92
12:45:01 [allowed] §8[§r§2195§r§8] §r§6ᛃ §r§b[MVP§c+§b] Margarzzz §5ቾ§f§r§f: KArate fish
12:45:04 [allowed] §cThere are blocks in the way!
12:45:05 [allowed] §cThere are blocks in the way!
12:45:05 [allowed] §cThere are blocks in the way!
12:45:06 [allowed] §8[§r§2195§r§8] §r§6ᛃ §r§b[MVP§c+§b] Margarzzz §5ቾ§f§r§f: i will shhoot myself
12:45:10 [allowed] §8[§r§2195§r§8] §r§6ᛃ §r§b[MVP§c+§b] Margarzzz §5ቾ§f§r§f: if u dont show urself soon
12:45:13 [allowed] §cThere are blocks in the way!
12:45:15 [allowed] §8[§r§b218§r§8] §r§7ᛃ §r§b[MVP§d+§b] Xentox §5ቾ§f§r§f: xD
12:45:15 [allowed] §8[§r§2188§r§8] §r§6§lᛝ §r§a[VIP] ZeldaLmao §c⚒§f§r§f: nic
12:45:18 [allowed] §cThere are blocks in the way!
12:45:21 [allowed] §8[§r§2188§r§8] §r§6§lᛝ §r§a[VIP] ZeldaLmao §c⚒§f§r§f: plz do
12:45:31 [allowed] §cThere are blocks in the way!
12:45:32 [allowed] §cAbilities are disabled in this area!
12:45:51 [allowed] §a§r§6Mining Speed Boost §r§ais now available!
12:45:57 [allowed] §cFind a way to reach the top of the stomach!
12:46:11 [allowed] §6[Sacks] §r§a+3§r§e items§r§e.§r§8 (Last 5s.)
12:46:12 [allowed] §8[§r§2188§r§8] §r§6§lᛝ §r§a[VIP] ZeldaLmao §c⚒§f§r§f: noo
12:46:23 [allowed] §8[§r§2195§r§8] §r§6ᛃ §r§b[MVP§c+§b] Margarzzz §5ቾ§f§r§f: i got 8 obfu 3s bronze before i got a silver
12:46:57 [allowed] §c ☠ §r§7§r§bobvd§r§7 fell into the void§r§7.
12:48:01 [allowed] §c ☠ §r§7§r§abebeacht§r§7 was killed by §r§8§lBladesoul§r§7§r§7.
12:48:06 [allowed] §aYou earned §r§e502 Event EXP §r§afrom playing SkyBlock!
12:48:16 [allowed] §8[§r§2188§r§8] §r§6§lᛝ §r§a[VIP] ZeldaLmao §c⚒§f§r§f: can i feed anyone to the spider?
12:48:24 [allowed] §c ☠ §r§7§r§bITZSmiss§r§7 was killed by §r§4Burningsoul Demon§r§7§r§7.
12:48:25 [allowed] §c ☠ §r§7§r§abebeacht§r§7 was killed by §r§8§lBladesoul§r§7§r§7.
12:48:37 [allowed] §c ☠ §r§7§r§abebeacht§r§7 was killed by §r§8§lBladesoul§r§7§r§7.
12:48:37 [allowed] §c ☠ §r§7§r§bXentox§r§7 was killed by §r§8§lBarbarian Duke X§r§7§r§7.
12:48:54 [allowed] §c ☠ §r§7§r§7hurutx§r§7 was killed by §r§8§lBarbarian Duke X§r§7§r§7.
12:51:08 [allowed] §c ☠ §r§7§r§abebeacht§r§7 died§r§7.
12:51:42 [allowed] §cThere are blocks in the way!
12:51:42 [allowed] §cThere are blocks in the way!
12:51:45 [allowed] §cThere are blocks in the way!
12:51:45 [allowed] §cThere are blocks in the way!
12:51:47 [allowed] §cThere are blocks in the way!
12:51:47 [allowed] §7Your Implosion hit §r§c1 §r§7enemy for §r§c490,431 §r§7damage.
12:51:47 [allowed] §cThere are blocks in the way!
12:51:47 [allowed] §7Your Implosion hit §r§c1 §r§7enemy for §r§c492,550.7 §r§7damage.
12:51:47 [allowed] §cThere are blocks in the way!
12:51:47 [allowed] §7Your Implosion hit §r§c1 §r§7enemy for §r§c493,031.6 §r§7damage.
12:51:48 [allowed] §cThere are blocks in the way!
12:51:48 [allowed] §7Your Implosion hit §r§c1 §r§7enemy for §r§c493,512.9 §r§7damage.
12:51:48 [allowed] §c ☠ §r§7You were killed by Lord Jawbus§r§7§r§7.
12:51:54 [allowed] §cThere are blocks in the way!
12:51:58 [allowed] §cThere are blocks in the way!
12:51:58 [allowed] §cThere are blocks in the way!
12:52:02 [allowed] §cThere are blocks in the way!
12:52:02 [allowed] §7Your Implosion hit §r§c1 §r§7enemy for §r§c1,230,105 §r§7damage.
12:52:02 [allowed] §cThere are blocks in the way!
12:52:02 [allowed] §7Your Implosion hit §r§c1 §r§7enemy for §r§c1,233,046.7 §r§7damage.
12:52:02 [allowed] §cThere are blocks in the way!
12:52:02 [allowed] §7Your Implosion hit §r§c1 §r§7enemy for §r§c1,235,995.4 §r§7damage.
12:52:02 [allowed] §cThere are blocks in the way!
12:52:02 [allowed] §7Your Implosion hit §r§c1 §r§7enemy for §r§c1,238,951.1 §r§7damage.
12:52:02 [allowed] §cThere are blocks in the way!
12:52:02 [allowed] §7Your Implosion hit §r§c1 §r§7enemy for §r§c1,241,914 §r§7damage.
12:52:02 [allowed] §cThere are blocks in the way!
12:52:02 [allowed] §7Your Implosion hit §r§c1 §r§7enemy for §r§c1,244,883.9 §r§7damage.
12:52:03 [allowed] §cThere are blocks in the way!
12:52:03 [allowed] §7Your Implosion hit §r§c1 §r§7enemy for §r§c1,247,860.9 §r§7damage.
12:52:03 [allowed] §cThere are blocks in the way!
12:52:03 [allowed] §7Your Implosion hit §r§c1 §r§7enemy for §r§c1,250,845 §r§7damage.
12:52:04 [allowed] §cThere are blocks in the way!
12:52:04 [allowed] §7Your Implosion hit §r§c1 §r§7enemy for §r§c1,253,836.3 §r§7damage.
12:52:05 [allowed] §cThere are blocks in the way!
12:52:05 [allowed] §7Your Implosion hit §r§c1 §r§7enemy for §r§c1,256,834.8 §r§7damage.
12:52:05 [allowed] §c ☠ §r§7You were killed by Lord Jawbus§r§7§r§7.
12:52:21 [allowed] §cThere are blocks in the way!
12:52:21 [allowed] §7Your Implosion hit §r§c1 §r§7enemy for §r§c1,259,840.4 §r§7damage.
12:52:22 [allowed] §cThere are blocks in the way!
12:52:22 [allowed] §7Your Implosion hit §r§c1 §r§7enemy for §r§c1,262,853.1 §r§7damage.
12:52:22 [allowed] §cThere are blocks in the way!
12:52:22 [allowed] §7Your Implosion hit §r§c1 §r§7enemy for §r§c1,265,873.1 §r§7damage.
12:52:22 [allowed] §cThere are blocks in the way!
12:52:22 [allowed] §7Your Implosion hit §r§c1 §r§7enemy for §r§c1,268,900.4 §r§7damage.
12:52:23 [allowed] §cThere are blocks in the way!
12:52:23 [allowed] §7Your Implosion hit §r§c1 §r§7enemy for §r§c1,272,852.8 §r§7damage.
12:52:23 [allowed] §cThere are blocks in the way!
12:52:23 [allowed] §7Your Implosion hit §r§c1 §r§7enemy for §r§c1,275,896.7 §r§7damage.
12:52:23 [allowed] §cThere are blocks in the way!
12:52:23 [allowed] §7Your Implosion hit §r§c1 §r§7enemy for §r§c1,278,947.9 §r§7damage.
12:52:23 [allowed] §cThere are blocks in the way!
12:52:23 [allowed] §3§l▬▬▬▬▬▬▬▬▬▬▬▬▬▬▬▬▬▬▬▬▬▬▬▬▬▬▬▬▬▬▬▬▬▬▬▬▬▬▬▬▬▬▬▬▬▬▬▬▬▬▬▬▬▬▬▬▬▬▬▬▬▬▬▬
12:52:23 [allowed]  
12:52:23 [allowed] §e§lLOOT SHARE §r§r§r§fYou received loot for assisting §r§aMaxCraftDu51§r§f!
12:52:23 [allowed] §7Your Implosion hit §r§c1 §r§7enemy for §r§c1,282,006.4 §r§7damage.
12:52:23 [allowed] §cThere are blocks in the way!
12:52:23 [allowed] §cThere are blocks in the way!
12:52:24 [allowed] §cThere are blocks in the way!
12:52:24 [allowed] §cThere are blocks in the way!
12:52:24 [allowed] §cThere are blocks in the way!
12:52:24 [allowed] §cThere are blocks in the way!
12:52:24 [allowed] §cThere are blocks in the way!
12:52:24 [allowed] §cThere are blocks in the way!
12:52:24 [allowed] §cThere are blocks in the way!
12:52:36 [allowed] §cThere are blocks in the way!
12:52:43 [allowed] §7Warping you to your SkyBlock island...
12:52:43 [allowed] §7Sending to server mini153CF...
12:52:44 [allowed] §8 §r§8 §r§1 §r§3 §r§3 §r§7 §r§8 
12:52:44 [allowed] §eYou haven't claimed your §r§6Summer Rewards §r§eyet!
12:52:44 [allowed] §eTalk to the §r§bSummer Sloth §r§ein the §r§aHub!
12:52:47 [allowed] §aYou are playing on profile: §ePineapple
12:52:47 [allowed] §8Profile ID: cbcbcaaa-4182-4d77-bab6-b1345770fa92
12:53:01 [allowed] §6[Bazaar] §r§7Putting goods in escrow...
12:53:01 [allowed] §6[Bazaar] §r§7Submitting sell offer...
12:53:01 [allowed] §6[Bazaar] §r§7§r§eSell Offer Setup! §r§a5§r§7x §r§5Silver Magmafish §r§7for §r§6142,334 coins§r§7.
12:53:44 [allowed] §a§r§6Mining Speed Boost §r§ais now available!
12:53:47 [allowed] §7Warping...
12:53:48 [allowed] §7Sending to server mini85AQ...
12:53:48 [allowed] §8 §r§8 §r§1 §r§3 §r§3 §r§7 §r§8 
12:53:48 [allowed] §eYou haven't claimed your §r§6Summer Rewards §r§eyet!
12:53:48 [allowed] §eTalk to the §r§bSummer Sloth §r§ein the §r§aHub!
12:53:51 [allowed] §aYou are playing on profile: §ePineapple
12:53:51 [allowed] §8Profile ID: cbcbcaaa-4182-4d77-bab6-b1345770fa92
12:54:05 [allowed] §6§lOFFER ACCEPTED §r§8with §r§9Tia the Fairy §r§8(§r§9§lRARE§r§8)
12:54:05 [allowed] 
12:54:05 [allowed]   §r§a§lREWARDS
12:54:05 [allowed]     §r§8+§r§230 §r§7Garden Experience
12:54:05 [allowed]     §r§8+§r§37.7k §r§7Farming XP
12:54:05 [allowed]     §r§8+§r§c46 Copper
12:54:05 [allowed]     §r§7§aFine Flour §8x3
12:54:05 [allowed] 
12:54:10 [allowed] §6[Sacks] §r§c-25§r§e items§r§e.§r§8 (Last 5s.)
12:54:25 [allowed] §6§lOFFER ACCEPTED §r§8with §r§aLumber Jack §r§8(§r§a§lUNCOMMON§r§8)
12:54:25 [allowed] 
12:54:25 [allowed]   §r§a§lREWARDS
12:54:25 [allowed]     §r§8+§r§215 §r§7Garden Experience
12:54:25 [allowed]     §r§8+§r§33k §r§7Farming XP
12:54:25 [allowed]     §r§8+§r§c25 Copper
12:54:25 [allowed]     §r§7§aFine Flour
12:54:25 [allowed] 
12:54:30 [allowed] §6[Sacks] §r§c-5§r§e items§r§e.§r§8 (Last 5s.)
12:54:48 [allowed] §a§r§6Mining Speed Boost §r§ais now available!
12:54:57 [allowed]   §r§6§lFARMING CONTEST REWARDS CLAIMED
12:54:57 [allowed]    §r§e§l» §r§aWheat §r§fContest on §r§eEarly Summer 2nd, Year 370
12:54:57 [allowed]   §r§a§lREWARDS
12:54:57 [allowed]     §r§7§aJacob's Ticket §8x15
12:54:57 [allowed]     §r§7§81x §9Turbo-Wheat I Book
12:54:57 [allowed]     §r§7§8+§e1 §7silver medal
12:54:57 [allowed]     §r§7§aCarnival Ticket
12:55:02 [allowed] §6[Sacks] §r§a+1§r§e item§r§e.§r§8 (Last 5s.)
12:55:13 [allowed] §cThere are blocks in the way!
12:56:47 [allowed] §6[Bazaar] §r§7Cancelling order...
12:56:48 [allowed] §6[Bazaar] §r§7§r§cCancelled! §r§7Refunded §r§a48§r§7x §r§9Enchanted Lush Berberis §r§7from cancelling Sell Offer!
12:56:51 [allowed] §6[Bazaar] §r§7Cancelling order...
12:56:52 [allowed] §6[Bazaar] §r§7§r§cCancelled! §r§7Refunded §r§a1,131§r§7x §r§aEnchanted Mutton §r§7from cancelling Sell Offer!
12:56:54 [allowed] §6[Bazaar] §r§7Putting goods in escrow...
12:56:54 [allowed] §6[Bazaar] §r§7Submitting sell offer...
12:56:55 [allowed] §6[Bazaar] §r§7§r§eSell Offer Setup! §r§a1,131§r§7x §r§aEnchanted Mutton §r§7for §r§67,042,009 coins§r§7.
12:56:57 [allowed] §6[Bazaar] §r§7Putting goods in escrow...
12:56:57 [allowed] §6[Bazaar] §r§7Submitting sell offer...
12:56:58 [allowed] §6[Bazaar] §r§7§r§eSell Offer Setup! §r§a48§r§7x §r§9Enchanted Lush Berberis §r§7for §r§61,118,727 coins§r§7.
12:57:36 [allowed] §6[Bazaar] §eYour §6Sell Offer §efor §a48§7x §9Enchanted Lush Berberis §ewas filled!
12:57:40 [allowed] §6[Bazaar] §r§7Claiming order...
12:57:40 [allowed] §6[Bazaar] §r§7§r§7Claimed §r§61,118,727 coins §r§7from selling §r§a48§r§7x §r§9Enchanted Lush Berberis §r§7at §r§623,572 §r§7each!
12:57:42 [allowed] §6[Bazaar] §r§7Cancelling order...
12:57:42 [allowed] §6[Bazaar] §r§7§r§cCancelled! §r§7Refunded §r§a1,131§r§7x §r§aEnchanted Mutton §r§7from cancelling Sell Offer!
12:57:44 [allowed] §6[Bazaar] §r§7Putting goods in escrow...
12:57:44 [allowed] §6[Bazaar] §r§7Submitting sell offer...
12:57:44 [allowed] §6[Bazaar] §r§7§r§eSell Offer Setup! §r§a1,131§r§7x §r§aEnchanted Mutton §r§7for §r§67,042,009 coins§r§7.
12:58:21 [allowed] §6[Bazaar] §r§7Cancelling order...
12:58:21 [allowed] §6[Bazaar] §r§7§r§cCancelled! §r§7Refunded §r§a5§r§7x §r§5Silver Magmafish §r§7from cancelling Sell Offer!
12:58:23 [allowed] §6[Bazaar] §r§7Executing instant sell...
12:58:23 [allowed] §6[Bazaar] §r§7Sold §r§a5§r§7x §r§5Silver Magmafish §r§7for §r§6135,244 coins§r§7!
12:58:49 [allowed] §aYou earned §r§e786 Event EXP §r§afrom playing SkyBlock!
12:59:36 [allowed] §cThere are blocks in the way!
12:59:37 [allowed] §cThere are blocks in the way!
12:59:40 [allowed] §cThere are blocks in the way!
12:59:41 [allowed] §cThere are blocks in the way!
12:59:43 [allowed] §cThere are blocks in the way!
12:59:44 [allowed] §cThere are blocks in the way!
12:59:46 [allowed] §cThere are blocks in the way!
12:59:48 [allowed] §cThere are blocks in the way!
12:59:50 [allowed] §cThere are blocks in the way!
12:59:54 [allowed] §aPicked up 63 Compost!
12:59:57 [allowed] §6[Bazaar] §r§7Putting goods in escrow...
12:59:57 [allowed] §6[Bazaar] §r§7Submitting sell offer...
12:59:58 [allowed] §6[Bazaar] §r§7§r§eSell Offer Setup! §r§a63§r§7x §r§aCompost §r§7for §r§61,188,181 coins§r§7.
13:00:05 [allowed] §aAdded §r§2204,800 §r§aorganic matter to the composter!
13:00:06 [allowed] §6[Sacks] §r§c-25§r§e items§r§e.§r§8 (Last 5s.)
13:00:15 [allowed] §6[Sacks] §r§a+17§r§e items§r§e.§r§8 (Last 5s.)
13:00:32 [allowed] §cThere are blocks in the way!
13:15:28 [allowed] §f §r§r§r§f §r§r§r§1 §r§r§r§0 §r§r§r§2 §r§r§r§f §r§r§r§f §r§r§r§2 §r§r§r§0 §r§r§r§4 §r§r§r§3 §r§r§r§9 §r§r§r§2 §r§r§r§0 §r§r§r§0 §r§r§r§3 §r§r§r§9 §r§r§r§2 §r§r§r§0 §r§r§r§0 §r§r§r§3 §r§r§r§9 §r§r§r§2 §r§r§r§0 §r§r§r§0 
13:15:32 [allowed] §6[MVP§1++§6] fourarm§f§r§f: hi!
13:15:35 [allowed] §7Sending to server mini12AH...
13:15:35 [allowed] §8 §r§8 §r§1 §r§3 §r§3 §r§7 §r§8 
13:15:35 [allowed] §eYou haven't claimed your §r§6Summer Rewards §r§eyet!
13:15:35 [allowed] §eTalk to the §r§bSummer Sloth §r§ein the §r§aHub!
13:15:37 [allowed] 
13:15:37 [allowed] §eWelcome to §r§aHypixel SkyBlock§r§e!
13:15:37 [allowed] §6§lBONUS! §r§bTemporarily earn §r§a5% §r§bmore skill experience!
13:15:37 [allowed] 
13:15:37 [allowed] §9§n§eLatest update: §bSkyBlock v0.20.5 §e§lCLICK
13:15:38 [allowed] §aYou are playing on profile: §ePineapple
13:15:38 [allowed] §8Profile ID: cbcbcaaa-4182-4d77-bab6-b1345770fa92
13:16:02 [allowed] §6[Bazaar] §r§7Claiming order...
13:16:02 [allowed] §6[Bazaar] §r§7§r§7Claimed §r§61,188,181 coins §r§7from selling §r§a63§r§7x §r§aCompost §r§7at §r§619,075 §r§7each!
13:16:03 [allowed] §6[Bazaar] §r§7Cancelling order...
13:16:03 [allowed] §6[Bazaar] §r§7§r§cCancelled! §r§7Refunded §r§a1,131§r§7x §r§aEnchanted Mutton §r§7from cancelling Sell Offer!
13:16:06 [allowed] §6[Bazaar] §r§7Putting goods in escrow...
13:16:06 [allowed] §6[Bazaar] §r§7Submitting sell offer...
13:16:06 [allowed] §6[Bazaar] §r§7§r§eSell Offer Setup! §r§a1,131§r§7x §r§aEnchanted Mutton §r§7for §r§67,040,108 coins§r§7.
13:16:16 [allowed] §6[Bazaar] §eYour §6Sell Offer §efor §a1,131§7x §aEnchanted Mutton §ewas filled!
13:16:19 [allowed] §6[Bazaar] §r§7Executing instant buy...
13:16:19 [allowed] §6[Bazaar] §r§7Bought §r§a1§r§7x §r§aPlant Matter §r§7for §r§62,228.8 coins§r§7!
13:16:20 [allowed] §6§lOFFER ACCEPTED §r§8with §r§aPest Wrangler §r§8(§r§a§lUNCOMMON§r§8)
13:16:20 [allowed] 
13:16:20 [allowed]   §r§a§lREWARDS
13:16:20 [allowed]     §r§8+§r§215 §r§7Garden Experience
13:16:20 [allowed]     §r§8+§r§315k §r§7Farming XP
13:16:20 [allowed]     §r§8+§r§c33 Copper
13:16:20 [allowed]     §r§7§aFine Flour §8x6
13:16:20 [allowed] 
13:16:22 [allowed] §6[Bazaar] §r§7Claiming order...
13:16:22 [allowed] §6[Bazaar] §r§7§r§7Claimed §r§67,040,108 coins §r§7from selling §r§a1,131§r§7x §r§aEnchanted Mutton §r§7at §r§66,295.5 §r§7each!
13:16:28 [allowed] §8Depositing coins...
13:16:28 [allowed] §aYou have deposited §r§610M coins§r§a! You now have §r§646M coins §r§ain your account!
13:16:30 [allowed] §cThere are blocks in the way!
13:16:35 [allowed] §cThere are blocks in the way!
13:16:35 [allowed] §a§r§6Mining Speed Boost §r§ais now available!
13:16:36 [allowed] §cThere are blocks in the way!
13:16:55 [allowed] §cThere are blocks in the way!
13:17:48 [allowed] §cThere are blocks in the way!
13:17:48 [allowed] §cThere are blocks in the way!
13:17:52 [allowed] §cThere are blocks in the way!
13:17:56 [allowed] §cThere are blocks in the way!
13:17:59 [allowed] §cThere are blocks in the way!
13:18:39 [allowed] §7Warping...
13:18:39 [allowed] §7Sending to server mini15K...
13:18:39 [allowed] §8 §r§8 §r§1 §r§3 §r§3 §r§7 §r§8 
13:18:39 [allowed] §eYou haven't claimed your §r§6Summer Rewards §r§eyet!
13:18:39 [allowed] §eTalk to the §r§bSummer Sloth §r§ein the §r§aHub!
13:18:43 [allowed] §aYou are playing on profile: §ePineapple
13:18:43 [allowed] §8Profile ID: cbcbcaaa-4182-4d77-bab6-b1345770fa92
13:18:56 [allowed] §cThere are blocks in the way!
13:18:56 [allowed] §cThere are blocks in the way!
13:18:59 [allowed] §cThere are blocks in the way!
13:19:01 [allowed] §cThere are blocks in the way!
13:19:04 [allowed] §cThere are blocks in the way!
13:19:21 [allowed] §cThere are blocks in the way!
13:19:22 [allowed] §cThere are blocks in the way!
13:19:24 [allowed] §cThere are blocks in the way!
13:19:39 [allowed] §cThere are blocks in the way!
13:19:41 [allowed] §a§r§6Mining Speed Boost §r§ais now available!
13:19:42 [allowed] §cThere are blocks in the way!
13:22:03 [allowed] §cThere are blocks in the way!
13:22:03 [allowed] §cThere are blocks in the way!
13:22:14 [allowed] §cThere are blocks in the way!
13:22:16 [allowed] §cThere are blocks in the way!
13:22:23 [allowed] §c ☠ §r§7§r§bTheCeo_OfDucks§r§7 fell into the void§r§7.
13:22:57 [allowed] §cThere are blocks in the way!
13:23:01 [allowed] §cThere are blocks in the way!
13:23:04 [allowed] §cThere are blocks in the way!
13:23:05 [allowed] §cThere are blocks in the way!
13:23:06 [allowed] §cThere are blocks in the way!
13:23:07 [allowed] §aYou earned §r§e442 Event EXP §r§afrom playing SkyBlock!
13:23:07 [allowed] §cThere are blocks in the way!
13:23:26 [allowed] §cThere are blocks in the way!
13:23:33 [allowed] §cThere are blocks in the way!
13:23:40 [allowed] §cThere are blocks in the way!
13:23:47 [allowed] §cThere are blocks in the way!
13:23:54 [allowed] §cThere are blocks in the way!
13:23:55 [allowed] §cThere are blocks in the way!
13:23:55 [allowed] §cThere are blocks in the way!
13:23:55 [allowed] §cThere are blocks in the way!
13:23:56 [allowed] §cThere are blocks in the way!
13:23:56 [allowed] §cThere are blocks in the way!
13:23:56 [allowed] §cThere are blocks in the way!
13:23:59 [allowed] §cThere are blocks in the way!
13:24:13 [allowed] §c ☠ §r§7§r§6AngelMizu§r§7 was killed by Revenant Horror§r§7§r§7.
13:24:39 [allowed] §cThere are blocks in the way!
13:25:00 [allowed] §cThere are blocks in the way!
13:25:01 [allowed] §7Your Implosion hit §r§c3 §r§7enemies for §r§c1,168,376.2 §r§7damage.
13:25:06 [allowed] §6[Sacks] §r§a+5§r§e items§r§e.§r§8 (Last 5s.)
13:25:23 [allowed] §6[Sacks] §r§a+2§r§e items§r§e.§r§8 (Last 5s.)
13:25:24 [allowed] §cThere are blocks in the way!
13:25:24 [allowed] §7Your Implosion hit §r§c1 §r§7enemy for §r§c389,458.7 §r§7damage.
13:25:26 [allowed] §cThere are blocks in the way!
13:25:26 [allowed] §7Your Implosion hit §r§c1 §r§7enemy for §r§c389,458.7 §r§7damage.
13:25:28 [allowed] §cThere are blocks in the way!
13:25:28 [allowed] §7Your Implosion hit §r§c1 §r§7enemy for §r§c389,458.7 §r§7damage.
13:25:33 [allowed] §8[§r§f57§r§8] §r§a[VIP] _EarlyCelery373_§f§r§f: spirit septer buy at map 3 mil
13:25:34 [allowed] §6[Sacks] §r§a+6§r§e items§r§e.§r§8 (Last 9s.)
13:25:38 [allowed] §8[§r§e84§r§8] §r§a[VIP] TrackerPoint§f§r§f: .
13:25:57 [allowed] §cThere are blocks in the way!
13:25:57 [allowed] §7Your Implosion hit §r§c1 §r§7enemy for §r§c389,458.7 §r§7damage.
13:26:03 [allowed] §6[Sacks] §r§a+2§r§e items§r§e.§r§8 (Last 5s.)
13:26:03 [allowed] Unknown command. Type "/help" for help. ('389458')
13:26:52 [allowed] §cYou removed Triple-Strike§r§c from your §r§dHeroic Hyperion §r§6✪§r§6✪§r§6✪§r§6✪§r§6✪§r§c!
13:26:57 [allowed] §cThere are blocks in the way!
13:26:57 [allowed] §6§lRARE DROP! §r§fPotato §r§b(+§r§b158% §r§b✯ Magic Find§r§b)
13:26:57 [allowed] §6§lRARE DROP! §r§fCarrot §r§b(+§r§b158% §r§b✯ Magic Find§r§b)
13:26:57 [allowed] §7Your Implosion hit §r§c1 §r§7enemy for §r§c389,458.7 §r§7damage.
13:27:02 [allowed] Unknown command. Type "/help" for help. ('389458')
13:27:03 [allowed] §6[Sacks] §r§a+3§r§e items§r§e.§r§8 (Last 5s.)
13:27:03 [allowed] §cThere are blocks in the way!
13:27:03 [allowed] §7Your Implosion hit §r§c1 §r§7enemy for §r§c389,458.7 §r§7damage.
13:27:09 [allowed] §6[Sacks] §r§a+2§r§e items§r§e.§r§8 (Last 5s.)
13:27:42 [allowed] §6[Sacks] §r§a+7§r§e items§r§e.§r§8 (Last 13s.)
13:27:51 [allowed] §8Withdrawing coins...
13:27:51 [allowed] §aYou have withdrawn §r§6500k coins§r§a! You now have §r§646M coins §r§ain your account!
13:28:10 [allowed] §aYou earned §r§e1,402 Event EXP §r§afrom playing SkyBlock!
13:28:15 [allowed] §cYou don't have enough Experience Levels!
13:28:17 [allowed] §6[Bazaar] §r§7Executing instant buy...
13:28:17 [allowed] §3You applied 6,600 experience!
13:28:17 [allowed] §6[Bazaar] §r§7Bought §r§a1§r§7x §r§aGrand Experience Bottle §r§7for §r§66,214.9 coins§r§7!
13:28:20 [allowed] §cYou don't have enough Experience Levels!
13:28:23 [allowed] §6[Bazaar] §r§7Executing instant buy...
13:28:23 [allowed] §3You applied 6,600 experience!
13:28:23 [allowed] §6[Bazaar] §r§7Bought §r§a1§r§7x §r§aGrand Experience Bottle §r§7for §r§66,214.9 coins§r§7!
13:28:25 [allowed] §aYou enchanted your §r§dHeroic Hyperion §r§6✪§r§6✪§r§6✪§r§6✪§r§6✪ §r§awith First Strike IV§r§a!
13:28:43 [allowed] §cYou don't have enough Experience Levels!
13:28:45 [allowed] §6[Bazaar] §r§7Executing instant buy...
13:28:45 [allowed] §3You applied 6,600 experience!
13:28:45 [allowed] §6[Bazaar] §r§7Bought §r§a1§r§7x §r§aGrand Experience Bottle §r§7for §r§66,214.9 coins§r§7!
13:28:46 [allowed] §cYou removed Execute§r§c from your §r§dHeroic Hyperion §r§6✪§r§6✪§r§6✪§r§6✪§r§6✪§r§c!
13:29:05 [allowed] §cYou don't have enough Experience Levels!
13:29:07 [allowed] §6[Bazaar] §r§7Executing instant buy...
13:29:07 [allowed] §3You applied 6,600 experience!
13:29:07 [allowed] §6[Bazaar] §r§7Bought §r§a1§r§7x §r§aGrand Experience Bottle §r§7for §r§66,214.7 coins§r§7!
13:29:10 [allowed] §aYou enchanted your §r§dHeroic Hyperion §r§6✪§r§6✪§r§6✪§r§6✪§r§6✪ §r§awith Prosecute V§r§a!
13:30:11 [allowed] §cThere are blocks in the way!
13:30:11 [allowed] §7Your Implosion hit §r§c1 §r§7enemy for §r§c457,799.8 §r§7damage.
13:30:15 [allowed] §cThere are blocks in the way!
13:30:15 [allowed] §7Your Implosion hit §r§c1 §r§7enemy for §r§c457,799.8 §r§7damage.
13:30:20 [allowed] §6[Sacks] §r§a+3§r§e items§r§e.§r§8 (Last 9s.)
13:30:24 [allowed] §aYou summoned your §r§6Sheep§r§a!
13:30:29 [allowed] §cThere are blocks in the way!
13:30:29 [allowed] §7Your Implosion hit §r§c1 §r§7enemy for §r§c1,232,336.4 §r§7damage.
13:30:30 [allowed] §cThere are blocks in the way!
13:30:30 [allowed] §7Your Implosion hit §r§c2 §r§7enemies for §r§c2,464,672.7 §r§7damage.
13:30:34 [allowed] §aYou summoned your §r§6Golden Dragon§r§a!
13:30:35 [allowed] §cThere are blocks in the way!
13:30:35 [allowed] §7Your Implosion hit §r§c1 §r§7enemy for §r§c1,105,185.9 §r§7damage.
13:30:38 [allowed] §cThere are blocks in the way!
13:30:38 [allowed] §a§l+5 Kill Combo §r§8§r§b+3✯ Magic Find
13:30:38 [allowed] §7Your Implosion hit §r§c1 §r§7enemy for §r§c1,105,185.9 §r§7damage.
13:30:44 [allowed] §6[Sacks] §r§a+10§r§e items§r§e.§r§8 (Last 14s.)
13:30:46 [allowed] §cYour Kill Combo has expired! You reached a 5 Kill Combo!
13:30:54 [allowed] §cThere are blocks in the way!
13:30:56 [allowed] §cThere are blocks in the way!
13:31:02 [allowed] §cThere are blocks in the way!
13:31:09 [allowed] §cThere are blocks in the way!
13:31:12 [allowed] §cThere are blocks in the way!
13:31:17 [allowed] §cThere are blocks in the way!
13:31:26 [allowed] §cThere are blocks in the way!
13:31:26 [allowed] §cThere are blocks in the way!
13:31:27 [allowed] §cThere are blocks in the way!
13:31:29 [allowed] §e[NPC] §bVincent§f: §rI'm working on a masterpiece currently. Want to take a look?
13:31:47 [allowed] §7Warping you to your SkyBlock island...
13:31:47 [allowed] §7Sending to server mini67BN...
13:31:48 [allowed] §8 §r§8 §r§1 §r§3 §r§3 §r§7 §r§8 
13:31:48 [allowed] §eYou haven't claimed your §r§6Summer Rewards §r§eyet!
13:31:48 [allowed] §eTalk to the §r§bSummer Sloth §r§ein the §r§aHub!
13:31:51 [allowed] §aYou are playing on profile: §ePineapple
13:31:51 [allowed] §8Profile ID: cbcbcaaa-4182-4d77-bab6-b1345770fa92
13:32:47 [allowed] §a§r§6Mining Speed Boost §r§ais now available!
13:45:18 [allowed] §7Warping...
13:45:18 [allowed] §7Sending to server mini3CC...
13:45:18 [allowed] §8 §r§8 §r§1 §r§3 §r§3 §r§7 §r§8 
13:45:18 [allowed] §eYou haven't claimed your §r§6Summer Rewards §r§eyet!
13:45:18 [allowed] §eTalk to the §r§bSummer Sloth §r§ein the §r§aHub!
13:45:21 [allowed] §aYou are playing on profile: §ePineapple
13:45:21 [allowed] §8Profile ID: cbcbcaaa-4182-4d77-bab6-b1345770fa92
13:46:19 [allowed] §a§r§6Mining Speed Boost §r§ais now available!
13:46:51 [allowed] §7Warping you to your SkyBlock island...
13:46:51 [allowed] §7Sending to server mini35CB...
13:46:51 [allowed] §8 §r§8 §r§1 §r§3 §r§3 §r§7 §r§8 
13:46:51 [allowed] §eYou haven't claimed your §r§6Summer Rewards §r§eyet!
13:46:51 [allowed] §eTalk to the §r§bSummer Sloth §r§ein the §r§aHub!
13:46:54 [allowed] §aYou are playing on profile: §ePineapple
13:46:54 [allowed] §8Profile ID: cbcbcaaa-4182-4d77-bab6-b1345770fa92
13:47:52 [allowed] §a§r§6Mining Speed Boost §r§ais now available!
13:48:24 [allowed] §6[Bazaar] §r§7Putting goods in escrow...
13:48:24 [allowed] §6[Bazaar] §r§7Submitting sell offer...
13:48:24 [allowed] §6[Bazaar] §r§7§r§eSell Offer Setup! §r§a512§r§7x §r§aHunk of Ice §r§7for §r§615,693 coins§r§7.
14:13:55 [allowed] §f §r§r§r§f §r§r§r§1 §r§r§r§0 §r§r§r§2 §r§r§r§f §r§r§r§f §r§r§r§2 §r§r§r§0 §r§r§r§4 §r§r§r§3 §r§r§r§9 §r§r§r§2 §r§r§r§0 §r§r§r§0 §r§r§r§3 §r§r§r§9 §r§r§r§2 §r§r§r§0 §r§r§r§0 §r§r§r§3 §r§r§r§9 §r§r§r§2 §r§r§r§0 §r§r§r§0 
14:13:56 [allowed] §b[MVP§f+§b] StepBroEarl§f §6joined the lobby!
14:13:57 [allowed] §b[MVP§c+§b] MidofRon224§f §6joined the lobby!
14:13:59 [allowed] §7Sending to server mini157P...
14:14:00 [allowed] §8 §r§8 §r§1 §r§3 §r§3 §r§7 §r§8 
14:14:00 [allowed] §eYou haven't claimed your §r§6Summer Rewards §r§eyet!
14:14:00 [allowed] §eTalk to the §r§bSummer Sloth §r§ein the §r§aHub!
14:14:02 [allowed] 
14:14:02 [allowed] §eWelcome to §r§aHypixel SkyBlock§r§e!
14:14:02 [allowed] §6§lBONUS! §r§bTemporarily earn §r§a5% §r§bmore skill experience!
14:14:02 [allowed] 
14:14:02 [allowed] §9§n§eLatest update: §bSkyBlock v0.20.5 §e§lCLICK
14:14:03 [allowed] §aYou are playing on profile: §ePineapple
14:14:03 [allowed] §8Profile ID: cbcbcaaa-4182-4d77-bab6-b1345770fa92
14:14:04 [allowed] §cThere are blocks in the way!
14:14:09 [allowed] §cThere are blocks in the way!
14:14:59 [allowed] §a§r§6Mining Speed Boost §r§ais now available!
14:15:13 [allowed] §6[Bazaar] §r§7Claiming order...
14:15:13 [allowed] §6[Bazaar] §r§7§r§7Claimed §r§611,770 coins §r§7from selling §r§a384§r§7x §r§aHunk of Ice §r§7at §r§631.0 §r§7each!
14:15:14 [allowed] §6[Bazaar] §r§7Cancelling order...
14:15:14 [allowed] §6[Bazaar] §r§7§r§cCancelled! §r§7Refunded §r§a128§r§7x §r§aHunk of Ice §r§7from cancelling Sell Offer!
14:15:21 [allowed] §6[Bazaar] §r§7Executing instant sell...
14:15:21 [allowed] §6[Bazaar] §r§7Sold §r§a128§r§7x §r§aHunk of Ice §r§7for §r§62,560 coins§r§7!
14:16:00 [allowed] §8Withdrawing coins...
14:16:00 [allowed] §aYou have withdrawn §r§65M coins§r§a! You now have §r§641M coins §r§ain your account!
14:16:10 [allowed] §6[Bazaar] §r§7Executing instant buy...
14:16:10 [allowed] §6[Bazaar] §r§7Bought §r§a24§r§7x §r§9Enchanted Cactus §r§7for §r§64,077,550 coins§r§7!
14:16:12 [allowed] §cThis block is already occupied!
14:16:20 [allowed] §aYou crafted a §eTier X Cactus Minion§a! That's a new one!
 §aCraft 39 more unique Minions to unlock your 29th Minion slot!
14:16:25 [allowed] §aYou crafted a §eTier XI Cactus Minion§a! That's a new one!
 §aCraft 38 more unique Minions to unlock your 29th Minion slot!
14:16:41 [allowed] §6[Bazaar] §r§7Executing instant buy...
14:16:41 [allowed] §6[Bazaar] §r§7Bought §r§a8§r§7x §r§9Enchanted Cookie §r§7for §r§6768,417 coins§r§7!
14:16:48 [allowed] §aYou crafted a §eTier XI Cocoa Beans Minion§a! That's a new one!
 §aCraft 37 more unique Minions to unlock your 29th Minion slot!
14:16:52 [allowed] §7[§bSkyblockAddons§7] §cDrop this item again to confirm!
14:17:13 [allowed] Unknown command. Type "/help" for help. ('pv\')
14:18:17 [allowed] §8Withdrawing coins...
14:18:17 [allowed] §aYou have withdrawn §r§62M coins§r§a! You now have §r§639M coins §r§ain your account!
14:18:36 [allowed] §6[Bazaar] §r§7Executing instant buy...
14:18:36 [allowed] §6[Bazaar] §r§7Bought §r§a1,600§r§7x §r§aEnchanted Potato §r§7for §r§6872,640 coins§r§7!
14:18:36 [allowed] §cInventory full? Don't forget to check out your Storage inside the SkyBlock Menu!
14:18:41 [allowed] §6[Sacks] §r§a+10§r§e items§r§e.§r§8 (Last 5s.)
14:18:57 [allowed] §6[Sacks] §r§c-10§r§e items§r§e.§r§8 (Last 5s.)
14:19:00 [allowed] §aYou earned §r§e1,076 Event EXP §r§afrom playing SkyBlock!
14:19:03 [allowed] §6[Bazaar] §r§7Executing instant buy...
14:19:03 [allowed] §6[Bazaar] §r§7Bought §r§a1,664§r§7x §r§aEnchanted Potato §r§7for §r§6907,943 coins§r§7!
14:19:26 [allowed] §aYou crafted a §eTier IX Potato Minion§a! That's a new one!
 §aCraft 36 more unique Minions to unlock your 29th Minion slot!
14:19:30 [allowed] §aYou crafted a §eTier X Potato Minion§a! That's a new one!
 §aCraft 35 more unique Minions to unlock your 29th Minion slot!
14:19:32 [allowed]  
14:19:32 [allowed] §f                          §r§3§lSKYBLOCK LEVEL UP
14:19:32 [allowed] §f                             §r§3Level §r§8271 ➡ §r§8[§r§3272§r§8]
14:19:32 [allowed]  
14:19:32 [allowed] §f                                  §r§6§lREWARDS
14:19:32 [allowed] §f                                 §r§8+§r§a5 §r§c❤ Health
14:19:32 [allowed]  
14:19:44 [allowed] §6[Bazaar] §r§7Executing instant buy...
14:19:44 [allowed] §6[Bazaar] §r§7Bought §r§a64§r§7x §r§aEnchanted Potato §r§7for §r§634,918 coins§r§7!
14:19:44 [allowed] §6[Bazaar] §r§7Executing instant buy...
14:19:44 [allowed] §6[Bazaar] §r§7Bought §r§a64§r§7x §r§aEnchanted Potato §r§7for §r§634,918 coins§r§7!
14:19:46 [allowed] §6[Bazaar] §r§7Executing instant buy...
14:19:46 [allowed] §6[Bazaar] §r§7Bought §r§a64§r§7x §r§aEnchanted Potato §r§7for §r§634,925 coins§r§7!
14:19:47 [allowed] §6[Bazaar] §r§7Executing instant buy...
14:19:47 [allowed] §6[Bazaar] §r§7Bought §r§a64§r§7x §r§aEnchanted Potato §r§7for §r§634,925 coins§r§7!
14:19:48 [allowed] §6[Bazaar] §r§7Executing instant buy...
14:19:48 [allowed] §6[Bazaar] §r§7Bought §r§a64§r§7x §r§aEnchanted Potato §r§7for §r§634,925 coins§r§7!
14:19:48 [allowed] §6[Bazaar] §r§7Executing instant buy...
14:19:48 [allowed] §6[Bazaar] §r§7Bought §r§a64§r§7x §r§aEnchanted Potato §r§7for §r§634,925 coins§r§7!
14:19:49 [allowed] §6[Bazaar] §r§7Executing instant buy...
14:19:49 [allowed] §6[Bazaar] §r§7Bought §r§a64§r§7x §r§aEnchanted Potato §r§7for §r§634,925 coins§r§7!
14:19:49 [allowed] §6[Bazaar] §r§7Executing instant buy...
14:19:49 [allowed] §6[Bazaar] §r§7Bought §r§a64§r§7x §r§aEnchanted Potato §r§7for §r§634,925 coins§r§7!
14:19:57 [allowed] §6[Bazaar] §r§7Executing instant buy...
14:19:57 [allowed] §6[Bazaar] §r§7Bought §r§a64§r§7x §r§aEnchanted Potato §r§7for §r§634,925 coins§r§7!
14:19:58 [allowed] §6[Bazaar] §r§7Executing instant buy...
14:19:58 [allowed] §6[Bazaar] §r§7Bought §r§a64§r§7x §r§aEnchanted Potato §r§7for §r§634,925 coins§r§7!
14:19:58 [allowed] §6[Bazaar] §r§7Executing instant buy...
14:19:58 [allowed] §6[Bazaar] §r§7Bought §r§a64§r§7x §r§aEnchanted Potato §r§7for §r§634,925 coins§r§7!
14:19:59 [allowed] §6[Bazaar] §r§7Executing instant buy...
14:19:59 [allowed] §6[Bazaar] §r§7Bought §r§a64§r§7x §r§aEnchanted Potato §r§7for §r§634,925 coins§r§7!
14:20:06 [allowed] §6[Bazaar] §r§7Executing instant buy...
14:20:07 [allowed] §6[Bazaar] §r§7Bought §r§a64§r§7x §r§aEnchanted Potato §r§7for §r§634,925 coins§r§7!
14:20:07 [allowed] §6[Bazaar] §r§7Executing instant buy...
14:20:07 [allowed] §6[Bazaar] §r§7Bought §r§a64§r§7x §r§aEnchanted Potato §r§7for §r§634,925 coins§r§7!
14:20:08 [allowed] §6[Bazaar] §r§7Executing instant buy...
14:20:08 [allowed] §6[Bazaar] §r§7Bought §r§a64§r§7x §r§aEnchanted Potato §r§7for §r§634,925 coins§r§7!
14:20:08 [allowed] §6[Bazaar] §r§7Executing instant buy...
14:20:08 [allowed] §6[Bazaar] §r§7Bought §r§a64§r§7x §r§aEnchanted Potato §r§7for §r§634,925 coins§r§7!
14:20:09 [allowed] §6[Bazaar] §r§7Executing instant buy...
14:20:09 [allowed] §6[Bazaar] §r§7Bought §r§a64§r§7x §r§aEnchanted Potato §r§7for §r§634,925 coins§r§7!
14:20:15 [allowed] §aYou crafted a §eTier XI Potato Minion§a! That's a new one!
 §aCraft 34 more unique Minions to unlock your 29th Minion slot!
14:20:16 [allowed] §cThis block is already occupied!
14:20:37 [allowed] §8Withdrawing coins...
14:20:37 [allowed] §aYou have withdrawn §r§62M coins§r§a! You now have §r§637M coins §r§ain your account!
14:20:45 [allowed] §6[Bazaar] §r§7Executing instant buy...
14:20:46 [allowed] §6[Bazaar] §r§7Bought §r§a1,728§r§7x §r§aEnchanted Carrot §r§7for §r§61,163,117 coins§r§7!
14:20:46 [allowed] §c§lYour inventory is full!
14:20:53 [allowed] §eMaxed the Supercraft to §r§b13x crafts§r§e!
14:20:54 [allowed] §eYou Supercrafted §r§r§r§aEnchanted Golden Carrot §r§8x13§r§e!
14:20:57 [allowed] §aMoved §r§e13 Enchanted Golden Carrot§r§a from your Sacks to your inventory.
14:21:03 [allowed] §6[Sacks] §r§a+13§r§e items§r§e, §r§c-13§r§e items§r§e.§r§8 (Last 8s.)
14:21:09 [allowed] §6[Bazaar] §r§7Executing instant buy...
14:21:09 [allowed] §6[Bazaar] §r§7Bought §r§a64§r§7x §r§aEnchanted Carrot §r§7for §r§643,078 coins§r§7!
14:21:10 [allowed] §6[Sacks] §r§c-19§r§e items§r§e.§r§8 (Last 5s.)
14:21:13 [allowed] §6[Bazaar] §r§7Executing instant buy...
14:21:13 [allowed] §6[Bazaar] §r§7Bought §r§a1§r§7x §r§aEnchanted Carrot §r§7for §r§6673.1 coins§r§7!
14:21:13 [allowed] §6[Bazaar] §r§7Executing instant buy...
14:21:13 [allowed] §6[Bazaar] §r§7Bought §r§a1§r§7x §r§aEnchanted Carrot §r§7for §r§6673.1 coins§r§7!
14:21:14 [allowed] §6[Bazaar] §r§7Executing instant buy...
14:21:14 [allowed] §6[Bazaar] §r§7Bought §r§a1§r§7x §r§aEnchanted Carrot §r§7for §r§6673.1 coins§r§7!
14:21:14 [allowed] §6[Bazaar] §r§7Executing instant buy...
14:21:14 [allowed] §6[Bazaar] §r§7Bought §r§a1§r§7x §r§aEnchanted Carrot §r§7for §r§6673.1 coins§r§7!
14:21:15 [allowed] §6[Bazaar] §r§7Executing instant buy...
14:21:15 [allowed] §6[Bazaar] §r§7Bought §r§a1§r§7x §r§aEnchanted Carrot §r§7for §r§6673.1 coins§r§7!
14:21:15 [allowed] §6[Bazaar] §r§7Executing instant buy...
14:21:16 [allowed] §6[Bazaar] §r§7Bought §r§a1§r§7x §r§aEnchanted Carrot §r§7for §r§6673.1 coins§r§7!
14:21:16 [allowed] §6[Bazaar] §r§7Executing instant buy...
14:21:16 [allowed] §6[Bazaar] §r§7Bought §r§a1§r§7x §r§aEnchanted Carrot §r§7for §r§6673.1 coins§r§7!
14:21:17 [allowed] §6[Bazaar] §r§7Executing instant buy...
14:21:17 [allowed] §6[Bazaar] §r§7Bought §r§a1§r§7x §r§aEnchanted Carrot §r§7for §r§6673.1 coins§r§7!
14:21:17 [allowed] §6[Bazaar] §r§7Executing instant buy...
14:21:17 [allowed] §6[Bazaar] §r§7Bought §r§a1§r§7x §r§aEnchanted Carrot §r§7for §r§6673.1 coins§r§7!
14:21:18 [allowed] §6[Bazaar] §r§7Executing instant buy...
14:21:18 [allowed] §6[Bazaar] §r§7Bought §r§a1§r§7x §r§aEnchanted Carrot §r§7for §r§6673.1 coins§r§7!
14:21:18 [allowed] §6[Bazaar] §r§7Executing instant buy...
14:21:18 [allowed] §6[Bazaar] §r§7Bought §r§a1§r§7x §r§aEnchanted Carrot §r§7for §r§6673.1 coins§r§7!
14:21:19 [allowed] §6[Bazaar] §r§7Executing instant buy...
14:21:19 [allowed] §6[Bazaar] §r§7Bought §r§a1§r§7x §r§aEnchanted Carrot §r§7for §r§6673.1 coins§r§7!
14:21:19 [allowed] §6[Bazaar] §r§7Executing instant buy...
14:21:20 [allowed] §6[Bazaar] §r§7Bought §r§a1§r§7x §r§aEnchanted Carrot §r§7for §r§6673.1 coins§r§7!
14:21:23 [allowed] §6[Bazaar] §r§7Executing instant buy...
14:21:24 [allowed] §6[Bazaar] §r§7Bought §r§a64§r§7x §r§aEnchanted Carrot §r§7for §r§643,078 coins§r§7!
14:21:25 [allowed] §6[Bazaar] §r§7Executing instant buy...
14:21:26 [allowed] §6[Bazaar] §r§7Bought §r§a64§r§7x §r§aEnchanted Carrot §r§7for §r§643,078 coins§r§7!
14:21:28 [allowed] §6[Bazaar] §r§7Executing instant buy...
14:21:28 [allowed] §6[Bazaar] §r§7Bought §r§a64§r§7x §r§aEnchanted Carrot §r§7for §r§643,078 coins§r§7!
14:21:29 [allowed] §6[Bazaar] §r§7Executing instant buy...
14:21:29 [allowed] §6[Bazaar] §r§7Bought §r§a64§r§7x §r§aEnchanted Carrot §r§7for §r§643,078 coins§r§7!
14:21:36 [allowed] §eMaxed the Supercraft to §r§b3x crafts§r§e!
14:21:36 [allowed] §eYou Supercrafted §r§r§r§aEnchanted Golden Carrot §r§8x3§r§e!
14:21:38 [allowed] §aMoved §r§e3 Enchanted Golden Carrot§r§a from your Sacks to your inventory.
14:21:44 [allowed] §6[Sacks] §r§a+3§r§e items§r§e, §r§c-3§r§e items§r§e.§r§8 (Last 7s.)
14:21:48 [allowed] §6[Bazaar] §r§7Executing instant buy...
14:21:48 [allowed] §6[Bazaar] §r§7Bought §r§a64§r§7x §r§aEnchanted Carrot §r§7for §r§643,082 coins§r§7!
14:21:50 [allowed] §6[Bazaar] §r§7Executing instant buy...
14:21:50 [allowed] §6[Bazaar] §r§7Bought §r§a64§r§7x §r§aEnchanted Carrot §r§7for §r§643,085 coins§r§7!
14:22:00 [allowed] §6[Bazaar] §r§7Executing instant buy...
14:22:00 [allowed] §6[Bazaar] §r§7Bought §r§a32§r§7x §r§aEnchanted Carrot §r§7for §r§621,542 coins§r§7!
14:22:01 [allowed] §6[Bazaar] §r§7Executing instant buy...
14:22:01 [allowed] §6[Bazaar] §r§7Bought §r§a64§r§7x §r§aEnchanted Carrot §r§7for §r§643,085 coins§r§7!
14:22:16 [allowed] §6[Bazaar] §r§7Executing instant buy...
14:22:16 [allowed] §6[Bazaar] §r§7Bought §r§a768§r§7x §r§aEnchanted Carrot §r§7for §r§6517,018 coins§r§7!
14:22:21 [allowed] §eMaxed the Supercraft to §r§b8x crafts§r§e!
14:22:22 [allowed] §eYou Supercrafted §r§r§r§aEnchanted Golden Carrot §r§8x8§r§e!
14:22:23 [allowed] §aMoved §r§e8 Enchanted Golden Carrot§r§a from your Sacks to your inventory.
14:22:28 [allowed] §aYou crafted a §eTier X Carrot Minion§a! That's a new one!
 §aCraft 33 more unique Minions to unlock your 29th Minion slot!
14:22:29 [allowed] §6[Sacks] §r§a+8§r§e items§r§e, §r§c-8§r§e items§r§e.§r§8 (Last 7s.)
14:22:30 [allowed] §aYou crafted a §eTier XI Carrot Minion§a! That's a new one!
 §aCraft 32 more unique Minions to unlock your 29th Minion slot!
14:24:01 [allowed] §aYou earned §r§e1,422 Event EXP §r§afrom playing SkyBlock!
14:28:30 [allowed] §aFriend > §r§aNokturnalShadowZ §r§ejoined.
14:29:01 [allowed] §aYou earned §r§e428 Event EXP §r§afrom playing SkyBlock!
14:33:59 [allowed] §cThere are blocks in the way!
14:37:32 [allowed] §cThere are blocks in the way!
14:37:33 [allowed] §cThere are blocks in the way!
14:37:34 [allowed] §cThere are blocks in the way!
14:37:50 [allowed] §cThere are blocks in the way!
14:37:51 [allowed] §cThere are blocks in the way!
14:38:13 [allowed] §cThere are blocks in the way!
14:38:15 [allowed] §cThere are blocks in the way!
14:38:16 [allowed] §cThere are blocks in the way!
14:38:18 [allowed] §cThere are blocks in the way!
14:39:02 [allowed] §aYou earned §r§e502 Event EXP §r§afrom playing SkyBlock!
14:39:33 [allowed] §aFriend > §r§aNokturnalShadowZ §r§eleft.
14:39:44 [allowed] §7You removed an §r§eAdvent Calendar Display§r§7. (3/15)
14:40:24 [allowed] §aYou sold §r§fOak Wood Slab§r§8 x3 §r§afor §r§61.5 Coins§r§a!
14:40:24 [allowed] §aYou sold §r§fOak Fence§r§8 x4 §r§afor §r§64 Coins§r§a!
14:40:24 [allowed] §aYou sold §r§fOak Fence Gate§r§8 x1 §r§afor §r§61 Coin§r§a!
14:42:53 [allowed] §6[Bazaar] §r§7Claiming order...
14:42:53 [allowed] §6[Bazaar] §r§7§r§7Claimed §r§a1,792§r§7x §r§aSludge Juice §r§7worth §r§65,207,373 coins §r§7bought for §r§62,905.9 §r§7each!
14:42:54 [allowed] §c§lYour inventory is full!
14:42:59 [allowed] §6[Bazaar] §r§7Putting goods in escrow...
14:43:00 [allowed] §6[Bazaar] §r§7Submitting sell offer...
14:43:00 [allowed] §6[Bazaar] §r§7§r§eSell Offer Setup! §r§a1,792§r§7x §r§aSludge Juice §r§7for §r§65,229,231 coins§r§7.
14:43:04 [allowed] §6[Bazaar] §r§7Cancelling order...
14:43:04 [allowed] §6[Bazaar] §r§7§r§cCancelled! §r§7Refunded §r§a1,792§r§7x §r§aSludge Juice §r§7from cancelling Sell Offer!
14:43:06 [allowed] §6[Bazaar] §r§7Putting goods in escrow...
14:43:06 [allowed] §6[Bazaar] §r§7Submitting sell offer...
14:43:06 [allowed] §6[Bazaar] §r§7§r§eSell Offer Setup! §r§a1,792§r§7x §r§aSludge Juice §r§7for §r§65,229,231 coins§r§7.
14:43:09 [allowed] §6[Bazaar] §r§7Claiming order...
14:43:09 [allowed] §6[Bazaar] §r§7§r§7Claimed §r§a1,792§r§7x §r§aSludge Juice §r§7worth §r§65,207,373 coins §r§7bought for §r§62,905.9 §r§7each!
14:43:12 [allowed] §6[Bazaar] §r§7Putting goods in escrow...
14:43:12 [allowed] §6[Bazaar] §r§7Submitting sell offer...
14:43:13 [allowed] §6[Bazaar] §r§7§r§eSell Offer Setup! §r§a1,792§r§7x §r§aSludge Juice §r§7for §r§65,229,054 coins§r§7.
14:43:16 [allowed] §6[Bazaar] §r§7Claiming order...
14:43:16 [allowed] §6[Bazaar] §r§7§r§7Claimed §r§a1,536§r§7x §r§aSludge Juice §r§7worth §r§64,463,462 coins §r§7bought for §r§62,905.9 §r§7each!
14:43:20 [allowed] §6[Bazaar] §r§7Putting goods in escrow...
14:43:20 [allowed] §6[Bazaar] §r§7Submitting sell offer...
14:43:20 [allowed] §6[Bazaar] §r§7§r§eSell Offer Setup! §r§a1,536§r§7x §r§aSludge Juice §r§7for §r§64,481,895 coins§r§7.
14:43:39 [allowed] §cThere are blocks in the way!
14:44:02 [allowed] §aYou earned §r§e1,026 Event EXP §r§afrom playing SkyBlock!
14:47:58 [allowed] §cThere are blocks in the way!
14:48:04 [allowed] §cThere are blocks in the way!
14:48:04 [allowed] §cThere are blocks in the way!
14:48:04 [allowed] §cThere are blocks in the way!
14:48:04 [allowed] §cThere are blocks in the way!
14:48:05 [allowed] §cThere are blocks in the way!
14:48:05 [allowed] §cThere are blocks in the way!
14:48:05 [allowed] §cThere are blocks in the way!
14:48:05 [allowed] §cThere are blocks in the way!
14:48:05 [allowed] §cThere are blocks in the way!
14:48:06 [allowed] §cThere are blocks in the way!
14:48:06 [allowed] §cThere are blocks in the way!
14:48:06 [allowed] §cThere are blocks in the way!
14:48:06 [allowed] §cThere are blocks in the way!
14:48:06 [allowed] §cThere are blocks in the way!
14:48:07 [allowed] §cThere are blocks in the way!
14:48:07 [allowed] §cThere are blocks in the way!
14:48:07 [allowed] §cThere are blocks in the way!
14:48:07 [allowed] §cThere are blocks in the way!
14:48:07 [allowed] §cThere are blocks in the way!
14:48:08 [allowed] §cThere are blocks in the way!
14:48:08 [allowed] §cThere are blocks in the way!
14:48:08 [allowed] §cThere are blocks in the way!
14:48:08 [allowed] §cThere are blocks in the way!
14:48:08 [allowed] §cThere are blocks in the way!
14:48:09 [allowed] §cThere are blocks in the way!
14:48:09 [allowed] §cThere are blocks in the way!
14:48:09 [allowed] §cThere are blocks in the way!
14:48:09 [allowed] §cThere are blocks in the way!
14:48:09 [allowed] §cThere are blocks in the way!
14:48:10 [allowed] §cThere are blocks in the way!
14:48:10 [allowed] §cThere are blocks in the way!
14:48:11 [allowed] §cThere are blocks in the way!
14:49:03 [allowed] §aYou earned §r§e592 Event EXP §r§afrom playing SkyBlock!
