11:57:58 §e[SkyHanni] §aSkyHanni found a new update: 0.27 Beta 4. Check §b/sh download update §afor more info.§r
11:58:19 §e[SkyHanni] §cYour Organic Matter is low!§r
11:58:19 §e[SkyHanni] §aAnita §eis visiting your garden!§r
11:58:19 §e[SkyHanni] §aOdawa §eis visiting your garden!§r
11:58:19 §e[SkyHanni] §dMaeve §eis visiting your garden!§r
11:58:19 §e[SkyHanni] §aFisherman §eis visiting your garden!§r
11:58:19 §e[SkyHanni] §aStella §eis visiting your garden!§r
12:27:11 §e[SkyHanni] §fYou were in Limbo for §e12s§f.§r
12:46:11 §e[SkyHanni] Mark NEU Heavy Pearls as done.§r
12:52:23 §6§lBESTIARY §r§b§lLord Jawbus §7§8I §8➡§b §bII§r
12:53:49 §e[SkyHanni] §cYour Organic Matter is low!§r
12:53:49 §e[SkyHanni] §aRhys §eis visiting your garden!§r
12:53:49 §e[SkyHanni] §aLumber Jack §eis visiting your garden!§r
12:53:49 §e[SkyHanni] §aWizard §eis visiting your garden!§r
12:53:49 §e[SkyHanni] §aTom §eis visiting your garden!§r
12:53:49 §e[SkyHanni] §9Tia the Fairy §eis visiting your garden!§r
12:59:55 §e[SkyHanni] §cYour Organic Matter is low!§r
13:15:36 §e[SkyHanni] §aPest Wrangler §eis visiting your garden!§r
13:25:01 §e[SkyHanni] Wrong slayer selected! You have Voidgloom Seraph selected and you are in an Revenant Horror area!§r
13:25:18 §e[SkyHanni] Wrong slayer selected! You have Voidgloom Seraph selected and you are in an Revenant Horror area!§r
13:25:58 §e[SkyHanni] Wrong slayer selected! You have Voidgloom Seraph selected and you are in an Revenant Horror area!§r
13:26:57 §e[SkyHanni] Wrong slayer selected! You have Voidgloom Seraph selected and you are in an Revenant Horror area!§r
13:27:29 §e[SkyHanni] Wrong slayer selected! You have Voidgloom Seraph selected and you are in an Revenant Horror area!§r
13:30:11 §e[SkyHanni] Wrong slayer selected! You have Voidgloom Seraph selected and you are in an Revenant Horror area!§r
13:30:29 §e[SkyHanni] Wrong slayer selected! You have Voidgloom Seraph selected and you are in an Revenant Horror area!§r
14:16:20 §e[SkyHanni] §b+6 SkyBlock XP §7(Crafted Minion§7)§b (66/100)§r
14:16:25 §e[SkyHanni] §b+12 SkyBlock XP §7(Crafted Minion§7)§b (78/100)§r
14:19:26 §e[SkyHanni] §b+4 SkyBlock XP §7(Crafted Minion§7)§b (94/100)§r
14:19:30 §e[SkyHanni] §b+6 SkyBlock XP §7(Crafted Minion§7)§b (0/100)§r
14:20:54 §e[SkyHanni] §lCLICK HERE§r§e to grab §ax13 §9§aEnchanted Golden Carrot§e from sacks!§r
14:21:36 §e[SkyHanni] §lCLICK HERE§r§e to grab §ax3 §9§aEnchanted Golden Carrot§e from sacks!§r
14:22:22 §e[SkyHanni] §lCLICK HERE§r§e to grab §ax8 §9§aEnchanted Golden Carrot§e from sacks!§r
14:22:28 §e[SkyHanni] §b+6 SkyBlock XP §7(Crafted Minion§7)§b (18/100)§r
14:22:30 §e[SkyHanni] §b+12 SkyBlock XP §7(Crafted Minion§7)§b (30/100)§r
