21:05:43 Trying to load config from config\skyhanni\config.json
21:05:43 load-config-now
21:05:43 Loaded config from file
21:05:43 Trying to load sacks from config\skyhanni\sacks.json
21:05:44 load-sacks-now
21:05:44 Loaded sacks from file
21:05:44 Trying to load friends from config\skyhanni\friends.json
21:05:44 load-friends-now
21:05:44 Loaded friends from file
21:05:44 Trying to load known_features from config\skyhanni\known_features.json
21:05:44 load-known_features-now
21:05:44 Loaded known_features from file
21:05:44 Trying to load jacob_contests from config\skyhanni\jacob_contests.json
21:05:44 load-jacob_contests-now
21:05:44 Loaded jacob_contests from file
21:05:44 Trying to load visual_words from config\skyhanni\visual_words.json
21:05:44 Setting visual_words to be blank as it did not exist. It will be saved once something is written to it
21:06:44 saveConfig: auto-save-60s
21:06:44 Saving config file
21:07:44 saveConfig: auto-save-60s
21:07:44 Saving config file
21:08:44 saveConfig: auto-save-60s
21:08:44 Saving config file
21:09:44 saveConfig: auto-save-60s
21:09:44 Saving config file
21:10:44 saveConfig: auto-save-60s
21:10:44 Saving config file
21:11:44 saveConfig: auto-save-60s
21:11:44 Saving config file
21:12:44 saveConfig: auto-save-60s
21:12:44 Saving config file
21:13:44 saveConfig: auto-save-60s
21:13:44 Saving config file
21:14:44 saveConfig: auto-save-60s
21:14:44 Saving config file
21:15:12 saveConfig: Updated known feature flags
21:15:12 Saving known_features file
21:15:44 saveConfig: auto-save-60s
21:15:44 Saving config file
21:16:44 saveConfig: auto-save-60s
21:16:44 Saving config file
21:17:44 saveConfig: auto-save-60s
21:17:44 Saving config file
21:18:44 saveConfig: auto-save-60s
21:18:44 Saving config file
21:19:28 saveConfig: saving-data
21:19:28 Saving sacks file
21:19:38 saveConfig: saving-data
21:19:38 Saving sacks file
21:19:44 saveConfig: auto-save-60s
21:19:44 Saving config file
21:19:48 saveConfig: saving-data
21:19:48 Saving sacks file
21:20:03 saveConfig: saving-data
21:20:03 Saving sacks file
21:20:14 saveConfig: saving-data
21:20:14 Saving sacks file
21:20:23 saveConfig: saving-data
21:20:23 Saving sacks file
21:20:29 saveConfig: saving-data
21:20:29 Saving sacks file
21:20:44 saveConfig: auto-save-60s
21:20:44 Saving config file
21:21:44 saveConfig: auto-save-60s
21:21:44 Saving config file
21:22:44 saveConfig: auto-save-60s
21:22:44 Saving config file
21:23:44 saveConfig: auto-save-60s
21:23:44 Saving config file
21:24:44 saveConfig: auto-save-60s
21:24:44 Saving config file
21:25:44 saveConfig: auto-save-60s
21:25:44 Saving config file
21:26:44 saveConfig: auto-save-60s
21:26:44 Saving config file
21:27:44 saveConfig: auto-save-60s
21:27:44 Saving config file
21:28:44 saveConfig: auto-save-60s
21:28:44 Saving config file
21:29:44 saveConfig: auto-save-60s
21:29:44 Saving config file
21:30:44 saveConfig: auto-save-60s
21:30:44 Saving config file
21:31:44 saveConfig: auto-save-60s
21:31:44 Saving config file
21:32:44 saveConfig: auto-save-60s
21:32:44 Saving config file
21:33:44 saveConfig: auto-save-60s
21:33:44 Saving config file
21:34:44 saveConfig: auto-save-60s
21:34:44 Saving config file
21:35:44 saveConfig: auto-save-60s
21:35:44 Saving config file
21:36:44 saveConfig: auto-save-60s
21:36:44 Saving config file
21:37:44 saveConfig: auto-save-60s
21:37:44 Saving config file
21:38:44 saveConfig: auto-save-60s
21:38:44 Saving config file
21:39:44 saveConfig: auto-save-60s
21:39:44 Saving config file
21:40:44 saveConfig: auto-save-60s
21:40:44 Saving config file
21:41:44 saveConfig: auto-save-60s
21:41:44 Saving config file
21:42:44 saveConfig: auto-save-60s
21:42:44 Saving config file
21:43:44 saveConfig: auto-save-60s
21:43:44 Saving config file
21:44:44 saveConfig: auto-save-60s
21:44:44 Saving config file
21:45:44 saveConfig: auto-save-60s
21:45:44 Saving config file
21:46:44 saveConfig: auto-save-60s
21:46:44 Saving config file
21:47:44 saveConfig: auto-save-60s
21:47:44 Saving config file
21:48:44 saveConfig: auto-save-60s
21:48:44 Saving config file
21:49:44 saveConfig: auto-save-60s
21:49:44 Saving config file
21:50:44 saveConfig: auto-save-60s
21:50:44 Saving config file
21:51:44 saveConfig: auto-save-60s
21:51:44 Saving config file
21:52:44 saveConfig: auto-save-60s
21:52:44 Saving config file
21:53:44 saveConfig: auto-save-60s
21:53:44 Saving config file
21:54:44 saveConfig: auto-save-60s
21:54:44 Saving config file
21:55:44 saveConfig: auto-save-60s
21:55:44 Saving config file
21:56:44 saveConfig: auto-save-60s
21:56:44 Saving config file
21:57:44 saveConfig: auto-save-60s
21:57:44 Saving config file
21:58:44 saveConfig: auto-save-60s
21:58:44 Saving config file
21:59:44 saveConfig: auto-save-60s
21:59:44 Saving config file
22:00:24 saveConfig: shutdown-hook
22:00:24 Saving config file
