15:21:33 Visitor status change for '§aWizard': NEW -> WAITING (tooltipMissingItems)
15:21:34 Visitor status change for '§aWizard': WAITING -> REFUSED (refused)
15:21:36 Visitor status change for '§aFisherman': NEW -> WAITING (tooltipMissingItems)
15:21:37 Visitor status change for '§aFisherman': WAITING -> REFUSED (refused)
15:21:38 Visitor status change for '§aStella': NEW -> WAITING (tooltipMissingItems)
15:21:39 Visitor status change for '§aStella': WAITING -> REFUSED (refused)
15:21:40 Visitor status change for '§aLynn': NEW -> WAITING (tooltipMissingItems)
15:21:41 Visitor status change for '§aLynn': WAITING -> REFUSED (refused)
15:21:42 Visitor status change for '§aFarmhand': NEW -> WAITING (tooltipMissingItems)
15:21:43 Visitor status change for '§aFarmhand': WAITING -> REFUSED (refused)
19:24:27 Visitor status change for '§aEmissary Fraiser': NEW -> WAITING (tooltipMissingItems)
19:24:30 Visitor status change for '§aEmissary Fraiser': WAITING -> REFUSED (refused)
19:24:31 Visitor status change for '§aAdventurer': NEW -> WAITING (tooltipMissingItems)
19:24:32 Visitor status change for '§aAdventurer': WAITING -> REFUSED (refused)
19:24:33 Visitor status change for '§9Grandma Wolf': NEW -> WAITING (tooltipMissingItems)
19:24:35 Visitor status change for '§9Grandma Wolf': WAITING -> REFUSED (refused)
19:24:36 Visitor status change for '§aFelix': NEW -> WAITING (tooltipMissingItems)
19:24:37 Visitor status change for '§aFelix': WAITING -> REFUSED (refused)
19:24:38 Visitor status change for '§9Tia the Fairy': NEW -> WAITING (tooltipMissingItems)
19:24:42 Visitor status change for '§9Tia the Fairy': WAITING -> REFUSED (refused)
00:01:02 Visitor status change for '§aStella': NEW -> WAITING (tooltipMissingItems)
00:01:03 Visitor status change for '§aStella': WAITING -> REFUSED (refused)
00:01:04 Visitor status change for '§aRhys': NEW -> WAITING (tooltipMissingItems)
00:01:05 Visitor status change for '§aRhys': WAITING -> REFUSED (refused)
00:01:06 Visitor status change for '§aHungry Hiker': NEW -> WAITING (tooltipMissingItems)
00:01:07 Visitor status change for '§aHungry Hiker': WAITING -> REFUSED (refused)
00:01:08 Visitor status change for '§aEmissary Ceanna': NEW -> WAITING (tooltipMissingItems)
00:01:14 Visitor status change for '§aEmissary Ceanna': WAITING -> REFUSED (refused)
00:01:16 Visitor status change for '§aLumber Jack': NEW -> WAITING (tooltipMissingItems)
00:01:44 Visitor status change for '§aLumber Jack': WAITING -> REFUSED (refused)
00:09:30 Visitor status change for '§9Zog': NEW -> WAITING (tooltipMissingItems)
00:09:33 Visitor status change for '§9Zog': WAITING -> REFUSED (refused)
