11:30:54 Trying to load config from config\skyhanni\config.json
11:30:54 load-config-now
11:30:55 Loaded config from file
11:30:55 Trying to load sacks from config\skyhanni\sacks.json
11:30:55 load-sacks-now
11:30:55 Loaded sacks from file
11:30:55 Trying to load friends from config\skyhanni\friends.json
11:30:55 load-friends-now
11:30:55 Loaded friends from file
11:30:55 Trying to load known_features from config\skyhanni\known_features.json
11:30:55 load-known_features-now
11:30:55 Loaded known_features from file
11:30:55 Trying to load jacob_contests from config\skyhanni\jacob_contests.json
11:30:55 load-jacob_contests-now
11:30:55 Loaded jacob_contests from file
11:30:55 Trying to load visual_words from config\skyhanni\visual_words.json
11:30:55 Setting visual_words to be blank as it did not exist. It will be saved once something is written to it
11:31:55 saveConfig: auto-save-60s
11:31:55 Saving config file
11:32:55 saveConfig: auto-save-60s
11:32:55 Saving config file
11:32:57 saveConfig: Updated known feature flags
11:32:57 Saving known_features file
