12:34:36 §f                                  §6§lBESTIARY
12:34:36 §f                              §b§lFire Eel §7§8IV §8➡§b §bV
12:34:36 
12:34:36 §f                                  §r§6§lREWARDS
12:34:36 §f                         §r§8+§r§a2 Fire Eel §r§b✯ Magic Find
12:34:36 §f                          §r§8+§r§a2 Fire Eel §r§c❁ Strength
12:34:36 §f                             §r§8+§r§62% §r§aFire Eel §r§7coins
12:34:36 §f                    §r§8+§r§a50% §r§7chance for extra XP orbs
12:34:36 §f                               §r§8+§r§b1 SkyBlock XP
12:34:36 
12:34:36 §3§l▬▬▬▬▬▬▬▬▬▬▬▬▬▬▬▬▬▬▬▬▬▬▬▬▬▬▬▬▬▬▬▬▬▬▬▬▬▬▬▬▬▬▬▬▬▬▬▬▬▬▬▬▬▬▬▬▬▬▬▬▬▬▬▬
12:42:30 §f                                  §6§lBESTIARY
12:42:30 §f                     §b§lPyroclastic Worm §7§8VII §8➡§b §bVIII
12:42:30 
12:42:30 §f                                  §r§6§lREWARDS
12:42:30 §f                   §r§8+§r§a3 Pyroclastic Worm §r§b✯ Magic Find
12:42:30 §f                    §r§8+§r§a3 Pyroclastic Worm §r§c❁ Strength
12:42:30 §f                       §r§8+§r§62% §r§aPyroclastic Worm §r§7coins
12:42:30 §f                    §r§8+§r§a50% §r§7chance for extra XP orbs
12:42:30 §f                               §r§8+§r§b1 SkyBlock XP
12:42:30 
12:42:30 §3§l▬▬▬▬▬▬▬▬▬▬▬▬▬▬▬▬▬▬▬▬▬▬▬▬▬▬▬▬▬▬▬▬▬▬▬▬▬▬▬▬▬▬▬▬▬▬▬▬▬▬▬▬▬▬▬▬▬▬▬▬▬▬▬▬
12:57:04 §f                                  §6§lBESTIARY
12:57:04 §f                              §b§lFire Eel §7§8V §8➡§b §bVI
12:57:04 
12:57:04 §f                                  §r§6§lREWARDS
12:57:04 §f                         §r§8+§r§a3 Fire Eel §r§b✯ Magic Find
12:57:04 §f                          §r§8+§r§a3 Fire Eel §r§c❁ Strength
12:57:04 §f                             §r§8+§r§62% §r§aFire Eel §r§7coins
12:57:04 §f                    §r§8+§r§a50% §r§7chance for extra XP orbs
12:57:04 §f                               §r§8+§r§b1 SkyBlock XP
12:57:04 
12:57:04 §3§l▬▬▬▬▬▬▬▬▬▬▬▬▬▬▬▬▬▬▬▬▬▬▬▬▬▬▬▬▬▬▬▬▬▬▬▬▬▬▬▬▬▬▬▬▬▬▬▬▬▬▬▬▬▬▬▬▬▬▬▬▬▬▬▬
13:00:18 §f                                  §6§lBESTIARY
13:00:18 §f                          §b§lLava Leech §7§8VIII §8➡§b §bIX
13:00:18 
13:00:18 §f                                  §r§6§lREWARDS
13:00:18 §f                       §r§8+§r§a3 Lava Leech §r§b✯ Magic Find
13:00:18 §f                       §r§8+§r§a3 Lava Leech §r§c❁ Strength
13:00:18 §f                           §r§8+§r§62% §r§aLava Leech §r§7coins
13:00:18 §f                    §r§8+§r§a50% §r§7chance for extra XP orbs
13:00:18 §f                               §r§8+§r§b1 SkyBlock XP
13:00:18 
13:00:18 §3§l▬▬▬▬▬▬▬▬▬▬▬▬▬▬▬▬▬▬▬▬▬▬▬▬▬▬▬▬▬▬▬▬▬▬▬▬▬▬▬▬▬▬▬▬▬▬▬▬▬▬▬▬▬▬▬▬▬▬▬▬▬▬▬▬
13:26:42 §f                                  §6§lBESTIARY
13:26:42 §f                             §b§lFire Eel §7§8VI §8➡§b §bVII
13:26:42 
13:26:42 §f                                  §r§6§lREWARDS
13:26:42 §f                         §r§8+§r§a3 Fire Eel §r§b✯ Magic Find
13:26:42 §f                          §r§8+§r§a3 Fire Eel §r§c❁ Strength
13:26:42 §f                             §r§8+§r§62% §r§aFire Eel §r§7coins
13:26:42 §f                    §r§8+§r§a50% §r§7chance for extra XP orbs
13:26:42 §f                               §r§8+§r§b1 SkyBlock XP
13:26:42 
13:26:42 §3§l▬▬▬▬▬▬▬▬▬▬▬▬▬▬▬▬▬▬▬▬▬▬▬▬▬▬▬▬▬▬▬▬▬▬▬▬▬▬▬▬▬▬▬▬▬▬▬▬▬▬▬▬▬▬▬▬▬▬▬▬▬▬▬▬
14:24:52 §f                                  §6§lBESTIARY
14:24:52 §f                            §b§lFire Eel §7§8VII §8➡§b §bVIII
14:24:52 
14:24:52 §f                                  §r§6§lREWARDS
14:24:52 §f                         §r§8+§r§a3 Fire Eel §r§b✯ Magic Find
14:24:52 §f                          §r§8+§r§a3 Fire Eel §r§c❁ Strength
14:24:52 §f                             §r§8+§r§62% §r§aFire Eel §r§7coins
14:24:52 §f                    §r§8+§r§a50% §r§7chance for extra XP orbs
14:24:52 §f                               §r§8+§r§b1 SkyBlock XP
14:24:52 
14:24:52   §r§f                         §6§lBESTIARY MILESTONE
14:24:52   §r§f                                §8CCXIII➡§eCCXIV
14:24:52 
14:24:52 §3§l▬▬▬▬▬▬▬▬▬▬▬▬▬▬▬▬▬▬▬▬▬▬▬▬▬▬▬▬▬▬▬▬▬▬▬▬▬▬▬▬▬▬▬▬▬▬▬▬▬▬▬▬▬▬▬▬▬▬▬▬▬▬▬▬
