10:56:57 §bNew day! §r§eYour §r§2Sky Mall §r§ebuff changed!
10:56:57 §eNew buff§r§r§r: §r§fGain §r§a+50 §r§6☘ Mining Fortune§r§f.
10:56:57 §8§oYou can disable this messaging by toggling Sky Mall in your /hotm!
11:14:59 §bNew day! §r§eYour §r§2Sky Mall §r§ebuff changed!
11:14:59 §eNew buff§r§r§r: §r§fGain §r§a+100 §r§6⸕ Mining Speed§r§f.
11:14:59 §8§oYou can disable this messaging by toggling Sky Mall in your /hotm!
11:34:59 §bNew day! §r§eYour §r§2Sky Mall §r§ebuff changed!
11:34:59 §eNew buff§r§r§r: §r§fReduce Pickaxe Ability cooldown by §r§a20%§r§f.
11:34:59 §8§oYou can disable this messaging by toggling Sky Mall in your /hotm!
11:54:59 §bNew day! §r§eYour §r§2Sky Mall §r§ebuff changed!
11:54:59 §eNew buff§r§r§r: §r§fGain §r§a+100 §r§6⸕ Mining Speed§r§f.
11:54:59 §8§oYou can disable this messaging by toggling Sky Mall in your /hotm!
12:14:59 §bNew day! §r§eYour §r§2Sky Mall §r§ebuff changed!
12:14:59 §eNew buff§r§r§r: §r§fGain §r§a+100 §r§6⸕ Mining Speed§r§f.
12:14:59 §8§oYou can disable this messaging by toggling Sky Mall in your /hotm!
12:34:59 §bNew day! §r§eYour §r§2Sky Mall §r§ebuff changed!
12:34:59 §eNew buff§r§r§r: §r§fGain §r§a+50 §r§6☘ Mining Fortune§r§f.
12:34:59 §8§oYou can disable this messaging by toggling Sky Mall in your /hotm!
12:54:59 §bNew day! §r§eYour §r§2Sky Mall §r§ebuff changed!
12:54:59 §eNew buff§r§r§r: §r§fGain §r§a+15% §r§fmore Powder while mining.
12:54:59 §8§oYou can disable this messaging by toggling Sky Mall in your /hotm!
13:14:59 §bNew day! §r§eYour §r§2Sky Mall §r§ebuff changed!
13:14:59 §eNew buff§r§r§r: §r§fGain §r§a+15% §r§fmore Powder while mining.
13:14:59 §8§oYou can disable this messaging by toggling Sky Mall in your /hotm!
13:35:00 §bNew day! §r§eYour §r§2Sky Mall §r§ebuff changed!
13:35:00 §eNew buff§r§r§r: §r§fGain §r§a+50 §r§6☘ Mining Fortune§r§f.
13:35:00 §8§oYou can disable this messaging by toggling Sky Mall in your /hotm!
13:55:00 §bNew day! §r§eYour §r§2Sky Mall §r§ebuff changed!
13:55:00 §eNew buff§r§r§r: §r§fGain §r§a+100 §r§6⸕ Mining Speed§r§f.
13:55:00 §8§oYou can disable this messaging by toggling Sky Mall in your /hotm!
14:15:00 §bNew day! §r§eYour §r§2Sky Mall §r§ebuff changed!
14:15:00 §eNew buff§r§r§r: §r§fGain §r§a+100 §r§6⸕ Mining Speed§r§f.
14:15:00 §8§oYou can disable this messaging by toggling Sky Mall in your /hotm!
14:34:59 §bNew day! §r§eYour §r§2Sky Mall §r§ebuff changed!
14:34:59 §eNew buff§r§r§r: §r§fReduce Pickaxe Ability cooldown by §r§a20%§r§f.
14:34:59 §8§oYou can disable this messaging by toggling Sky Mall in your /hotm!
14:54:59 §bNew day! §r§eYour §r§2Sky Mall §r§ebuff changed!
14:54:59 §eNew buff§r§r§r: §r§fReduce Pickaxe Ability cooldown by §r§a20%§r§f.
14:54:59 §8§oYou can disable this messaging by toggling Sky Mall in your /hotm!
15:14:59 §bNew day! §r§eYour §r§2Sky Mall §r§ebuff changed!
15:14:59 §eNew buff§r§r§r: §r§fReduce Pickaxe Ability cooldown by §r§a20%§r§f.
15:14:59 §8§oYou can disable this messaging by toggling Sky Mall in your /hotm!
15:34:59 §bNew day! §r§eYour §r§2Sky Mall §r§ebuff changed!
15:34:59 §eNew buff§r§r§r: §r§fGain §r§a+100 §r§6⸕ Mining Speed§r§f.
15:34:59 §8§oYou can disable this messaging by toggling Sky Mall in your /hotm!
15:54:59 §bNew day! §r§eYour §r§2Sky Mall §r§ebuff changed!
15:54:59 §eNew buff§r§r§r: §r§fGain §r§a+50 §r§6☘ Mining Fortune§r§f.
15:54:59 §8§oYou can disable this messaging by toggling Sky Mall in your /hotm!
