16:40:29 Trying to load config from config\skyhanni\config.json
16:40:29 load-config-now
16:40:30 Loaded config from file
16:40:30 Trying to load sacks from config\skyhanni\sacks.json
16:40:30 load-sacks-now
16:40:30 Loaded sacks from file
16:40:30 Trying to load friends from config\skyhanni\friends.json
16:40:30 load-friends-now
16:40:30 Loaded friends from file
16:40:30 Trying to load known_features from config\skyhanni\known_features.json
16:40:30 load-known_features-now
16:40:30 Loaded known_features from file
16:40:30 Trying to load jacob_contests from config\skyhanni\jacob_contests.json
16:40:30 load-jacob_contests-now
16:40:30 Loaded jacob_contests from file
16:40:30 Trying to load visual_words from config\skyhanni\visual_words.json
16:40:30 Setting visual_words to be blank as it did not exist. It will be saved once something is written to it
16:41:30 saveConfig: auto-save-60s
16:41:30 Saving config file
16:42:30 saveConfig: auto-save-60s
16:42:30 Saving config file
16:42:50 saveConfig: Updated known feature flags
16:42:50 Saving known_features file
16:43:30 saveConfig: auto-save-60s
16:43:30 Saving config file
16:44:30 saveConfig: auto-save-60s
16:44:30 Saving config file
16:45:30 saveConfig: auto-save-60s
16:45:30 Saving config file
16:46:30 saveConfig: auto-save-60s
16:46:30 Saving config file
16:47:30 saveConfig: auto-save-60s
16:47:30 Saving config file
16:48:30 saveConfig: auto-save-60s
16:48:30 Saving config file
16:49:30 saveConfig: auto-save-60s
16:49:30 Saving config file
16:50:30 saveConfig: auto-save-60s
16:50:30 Saving config file
16:51:30 saveConfig: auto-save-60s
16:51:30 Saving config file
16:52:30 saveConfig: auto-save-60s
16:52:30 Saving config file
16:53:30 saveConfig: auto-save-60s
16:53:30 Saving config file
16:54:30 saveConfig: auto-save-60s
16:54:30 Saving config file
16:55:30 saveConfig: auto-save-60s
16:55:30 Saving config file
16:56:30 saveConfig: auto-save-60s
16:56:30 Saving config file
16:57:30 saveConfig: auto-save-60s
16:57:30 Saving config file
16:58:30 saveConfig: auto-save-60s
16:58:30 Saving config file
16:59:30 saveConfig: auto-save-60s
16:59:30 Saving config file
17:00:30 saveConfig: auto-save-60s
17:00:30 Saving config file
17:01:30 saveConfig: auto-save-60s
17:01:30 Saving config file
17:02:30 saveConfig: auto-save-60s
17:02:30 Saving config file
17:03:12 saveConfig: close-gui
17:03:12 Saving config file
17:03:12 saveConfig: close-gui
17:03:12 Saving config file
17:03:30 saveConfig: auto-save-60s
17:03:30 Saving config file
17:04:30 saveConfig: auto-save-60s
17:04:30 Saving config file
17:05:30 saveConfig: auto-save-60s
17:05:30 Saving config file
17:06:22 saveConfig: close-gui
17:06:22 Saving config file
17:06:30 saveConfig: auto-save-60s
17:06:30 Saving config file
17:07:30 saveConfig: auto-save-60s
17:07:30 Saving config file
17:08:30 saveConfig: auto-save-60s
17:08:30 Saving config file
17:09:30 saveConfig: auto-save-60s
17:09:30 Saving config file
17:10:30 saveConfig: auto-save-60s
17:10:30 Saving config file
17:11:30 saveConfig: auto-save-60s
17:11:30 Saving config file
17:12:30 saveConfig: auto-save-60s
17:12:30 Saving config file
17:13:30 saveConfig: auto-save-60s
17:13:30 Saving config file
17:14:30 saveConfig: auto-save-60s
17:14:30 Saving config file
17:15:30 saveConfig: auto-save-60s
17:15:30 Saving config file
17:16:30 saveConfig: auto-save-60s
17:16:30 Saving config file
17:17:30 saveConfig: auto-save-60s
17:17:30 Saving config file
17:18:30 saveConfig: auto-save-60s
17:18:30 Saving config file
17:19:30 saveConfig: auto-save-60s
17:19:30 Saving config file
17:20:30 saveConfig: auto-save-60s
17:20:30 Saving config file
17:21:30 saveConfig: auto-save-60s
17:21:30 Saving config file
17:22:30 saveConfig: auto-save-60s
17:22:30 Saving config file
17:23:30 saveConfig: auto-save-60s
17:23:30 Saving config file
17:24:30 saveConfig: auto-save-60s
17:24:30 Saving config file
17:25:30 saveConfig: auto-save-60s
17:25:30 Saving config file
17:26:30 saveConfig: auto-save-60s
17:26:30 Saving config file
17:27:30 saveConfig: auto-save-60s
17:27:30 Saving config file
17:28:30 saveConfig: auto-save-60s
17:28:30 Saving config file
17:29:30 saveConfig: auto-save-60s
17:29:30 Saving config file
17:30:30 saveConfig: auto-save-60s
17:30:30 Saving config file
17:31:30 saveConfig: auto-save-60s
17:31:30 Saving config file
17:32:30 saveConfig: auto-save-60s
17:32:30 Saving config file
17:33:30 saveConfig: auto-save-60s
17:33:30 Saving config file
17:34:30 saveConfig: auto-save-60s
17:34:30 Saving config file
17:35:30 saveConfig: auto-save-60s
17:35:30 Saving config file
17:36:30 saveConfig: auto-save-60s
17:36:30 Saving config file
17:37:30 saveConfig: auto-save-60s
17:37:30 Saving config file
17:38:30 saveConfig: auto-save-60s
17:38:30 Saving config file
17:39:30 saveConfig: auto-save-60s
17:39:30 Saving config file
17:40:30 saveConfig: auto-save-60s
17:40:30 Saving config file
17:41:30 saveConfig: auto-save-60s
17:41:30 Saving config file
17:42:30 saveConfig: auto-save-60s
17:42:30 Saving config file
17:43:30 saveConfig: auto-save-60s
17:43:30 Saving config file
17:44:30 saveConfig: auto-save-60s
17:44:30 Saving config file
17:45:30 saveConfig: auto-save-60s
17:45:30 Saving config file
17:46:30 saveConfig: auto-save-60s
17:46:30 Saving config file
17:47:30 saveConfig: auto-save-60s
17:47:30 Saving config file
17:48:30 saveConfig: auto-save-60s
17:48:30 Saving config file
17:49:30 saveConfig: auto-save-60s
17:49:30 Saving config file
17:50:30 saveConfig: auto-save-60s
17:50:30 Saving config file
17:51:30 saveConfig: auto-save-60s
17:51:30 Saving config file
17:52:30 saveConfig: auto-save-60s
17:52:30 Saving config file
17:53:30 saveConfig: auto-save-60s
17:53:30 Saving config file
17:54:30 saveConfig: auto-save-60s
17:54:30 Saving config file
17:55:30 saveConfig: auto-save-60s
17:55:30 Saving config file
17:56:30 saveConfig: auto-save-60s
17:56:30 Saving config file
17:57:30 saveConfig: auto-save-60s
17:57:30 Saving config file
17:58:30 saveConfig: auto-save-60s
17:58:30 Saving config file
17:59:30 saveConfig: auto-save-60s
17:59:30 Saving config file
18:00:30 saveConfig: auto-save-60s
18:00:30 Saving config file
18:01:30 saveConfig: auto-save-60s
18:01:30 Saving config file
18:02:30 saveConfig: auto-save-60s
18:02:30 Saving config file
18:03:30 saveConfig: auto-save-60s
18:03:30 Saving config file
18:04:30 saveConfig: auto-save-60s
18:04:30 Saving config file
18:05:30 saveConfig: auto-save-60s
18:05:30 Saving config file
18:06:30 saveConfig: auto-save-60s
18:06:30 Saving config file
18:07:30 saveConfig: auto-save-60s
18:07:30 Saving config file
18:08:30 saveConfig: auto-save-60s
18:08:30 Saving config file
18:08:31 saveConfig: saving-data
18:08:31 Saving sacks file
18:09:30 saveConfig: auto-save-60s
18:09:30 Saving config file
18:10:30 saveConfig: auto-save-60s
18:10:30 Saving config file
18:11:08 saveConfig: saving-data
18:11:08 Saving sacks file
18:11:30 saveConfig: auto-save-60s
18:11:30 Saving config file
18:12:28 saveConfig: saving-data
18:12:28 Saving sacks file
18:12:30 saveConfig: auto-save-60s
18:12:30 Saving config file
18:13:30 saveConfig: auto-save-60s
18:13:30 Saving config file
18:13:31 saveConfig: saving-data
18:13:31 Saving sacks file
18:13:46 saveConfig: saving-data
18:13:46 Saving sacks file
18:14:11 saveConfig: saving-data
18:14:11 Saving sacks file
18:14:30 saveConfig: auto-save-60s
18:14:30 Saving config file
18:14:52 saveConfig: saving-data
18:14:52 Saving sacks file
18:15:11 saveConfig: saving-data
18:15:11 Saving sacks file
18:15:30 saveConfig: auto-save-60s
18:15:30 Saving config file
18:16:30 saveConfig: auto-save-60s
18:16:30 Saving config file
18:16:51 saveConfig: saving-data
18:16:51 Saving sacks file
18:17:05 saveConfig: saving-data
18:17:05 Saving sacks file
18:17:30 saveConfig: auto-save-60s
18:17:30 Saving config file
18:17:53 saveConfig: saving-data
18:17:53 Saving sacks file
18:18:23 saveConfig: saving-data
18:18:23 Saving sacks file
18:18:30 saveConfig: auto-save-60s
18:18:30 Saving config file
18:18:48 saveConfig: saving-data
18:18:48 Saving sacks file
18:19:27 saveConfig: saving-data
18:19:27 Saving sacks file
18:19:30 saveConfig: auto-save-60s
18:19:30 Saving config file
18:20:01 saveConfig: saving-data
18:20:01 Saving sacks file
18:20:27 saveConfig: saving-data
18:20:27 Saving sacks file
18:20:30 saveConfig: auto-save-60s
18:20:30 Saving config file
18:20:52 saveConfig: saving-data
18:20:52 Saving sacks file
18:21:17 saveConfig: saving-data
18:21:17 Saving sacks file
18:21:30 saveConfig: auto-save-60s
18:21:30 Saving config file
18:21:57 saveConfig: saving-data
18:21:57 Saving sacks file
18:22:30 saveConfig: auto-save-60s
18:22:30 Saving config file
18:22:44 saveConfig: saving-data
18:22:44 Saving sacks file
18:22:51 saveConfig: saving-data
18:22:51 Saving sacks file
18:23:10 saveConfig: saving-data
18:23:10 Saving sacks file
18:23:30 saveConfig: auto-save-60s
18:23:30 Saving config file
18:23:48 saveConfig: saving-data
18:23:48 Saving sacks file
18:24:30 saveConfig: auto-save-60s
18:24:30 Saving config file
18:24:34 saveConfig: saving-data
18:24:34 Saving sacks file
18:25:23 saveConfig: saving-data
18:25:23 Saving sacks file
18:25:30 saveConfig: auto-save-60s
18:25:30 Saving config file
18:25:38 saveConfig: saving-data
18:25:38 Saving sacks file
18:25:52 saveConfig: saving-data
18:25:52 Saving sacks file
18:26:18 saveConfig: saving-data
18:26:18 Saving sacks file
18:26:30 saveConfig: auto-save-60s
18:26:30 Saving config file
18:26:53 saveConfig: saving-data
18:26:53 Saving sacks file
18:27:06 saveConfig: saving-data
18:27:06 Saving sacks file
18:27:30 saveConfig: auto-save-60s
18:27:30 Saving config file
18:27:57 saveConfig: saving-data
18:27:57 Saving sacks file
18:28:16 saveConfig: saving-data
18:28:16 Saving sacks file
18:28:30 saveConfig: auto-save-60s
18:28:30 Saving config file
18:28:37 saveConfig: saving-data
18:28:37 Saving sacks file
18:28:56 saveConfig: saving-data
18:28:56 Saving sacks file
18:29:16 saveConfig: saving-data
18:29:16 Saving sacks file
18:29:30 saveConfig: auto-save-60s
18:29:30 Saving config file
18:30:18 saveConfig: saving-data
18:30:18 Saving sacks file
18:30:29 saveConfig: saving-data
18:30:29 Saving sacks file
18:30:30 saveConfig: auto-save-60s
18:30:30 Saving config file
18:30:58 saveConfig: saving-data
18:30:58 Saving sacks file
18:31:13 saveConfig: saving-data
18:31:13 Saving sacks file
18:31:30 saveConfig: auto-save-60s
18:31:30 Saving config file
18:32:01 saveConfig: saving-data
18:32:01 Saving sacks file
18:32:30 saveConfig: auto-save-60s
18:32:30 Saving config file
18:32:41 saveConfig: saving-data
18:32:41 Saving sacks file
18:32:53 saveConfig: saving-data
18:32:53 Saving sacks file
18:33:03 saveConfig: saving-data
18:33:03 Saving sacks file
18:33:24 saveConfig: saving-data
18:33:24 Saving sacks file
18:33:30 saveConfig: auto-save-60s
18:33:30 Saving config file
18:33:37 saveConfig: saving-data
18:33:37 Saving sacks file
18:33:45 saveConfig: saving-data
18:33:45 Saving sacks file
18:33:57 saveConfig: saving-data
18:33:57 Saving sacks file
18:34:21 saveConfig: saving-data
18:34:21 Saving sacks file
18:34:30 saveConfig: auto-save-60s
18:34:30 Saving config file
18:34:34 saveConfig: saving-data
18:34:34 Saving sacks file
18:34:45 saveConfig: saving-data
18:34:45 Saving sacks file
18:34:56 saveConfig: saving-data
18:34:56 Saving sacks file
18:35:03 saveConfig: saving-data
18:35:03 Saving sacks file
18:35:14 saveConfig: saving-data
18:35:14 Saving sacks file
18:35:30 saveConfig: auto-save-60s
18:35:30 Saving config file
18:36:09 saveConfig: saving-data
18:36:09 Saving sacks file
18:36:30 saveConfig: auto-save-60s
18:36:30 Saving config file
18:36:50 saveConfig: saving-data
18:36:50 Saving sacks file
18:37:29 saveConfig: saving-data
18:37:29 Saving sacks file
18:37:30 saveConfig: auto-save-60s
18:37:30 Saving config file
18:38:17 saveConfig: saving-data
18:38:17 Saving sacks file
18:38:23 saveConfig: saving-data
18:38:23 Saving sacks file
18:38:30 saveConfig: auto-save-60s
18:38:30 Saving config file
18:38:34 saveConfig: saving-data
18:38:34 Saving sacks file
18:38:44 saveConfig: saving-data
18:38:44 Saving sacks file
18:39:10 saveConfig: saving-data
18:39:10 Saving sacks file
18:39:16 saveConfig: saving-data
18:39:16 Saving sacks file
18:39:24 saveConfig: saving-data
18:39:24 Saving sacks file
18:39:30 saveConfig: auto-save-60s
18:39:30 Saving config file
18:39:43 saveConfig: saving-data
18:39:43 Saving sacks file
18:40:30 saveConfig: auto-save-60s
18:40:30 Saving config file
18:40:50 saveConfig: saving-data
18:40:50 Saving sacks file
18:41:17 saveConfig: saving-data
18:41:17 Saving sacks file
18:41:25 saveConfig: saving-data
18:41:25 Saving sacks file
18:41:30 saveConfig: auto-save-60s
18:41:30 Saving config file
18:41:50 saveConfig: saving-data
18:41:50 Saving sacks file
18:42:30 saveConfig: auto-save-60s
18:42:30 Saving config file
18:43:14 saveConfig: saving-data
18:43:14 Saving sacks file
18:43:21 saveConfig: saving-data
18:43:21 Saving sacks file
18:43:30 saveConfig: auto-save-60s
18:43:30 Saving config file
18:43:37 saveConfig: saving-data
18:43:37 Saving sacks file
18:43:53 saveConfig: saving-data
18:43:53 Saving sacks file
18:44:25 saveConfig: saving-data
18:44:25 Saving sacks file
18:44:30 saveConfig: auto-save-60s
18:44:30 Saving config file
18:45:30 saveConfig: auto-save-60s
18:45:30 Saving config file
18:46:30 saveConfig: auto-save-60s
18:46:30 Saving config file
18:47:30 saveConfig: auto-save-60s
18:47:30 Saving config file
18:47:54 saveConfig: saving-data
18:47:54 Saving sacks file
18:48:30 saveConfig: auto-save-60s
18:48:30 Saving config file
18:49:04 saveConfig: saving-data
18:49:04 Saving sacks file
18:49:30 saveConfig: auto-save-60s
18:49:30 Saving config file
18:50:30 saveConfig: auto-save-60s
18:50:30 Saving config file
18:51:20 saveConfig: saving-data
18:51:20 Saving sacks file
18:51:30 saveConfig: auto-save-60s
18:51:30 Saving config file
18:51:54 saveConfig: saving-data
18:51:54 Saving sacks file
18:52:30 saveConfig: auto-save-60s
18:52:30 Saving config file
18:52:44 saveConfig: saving-data
18:52:44 Saving sacks file
18:52:57 saveConfig: saving-data
18:52:57 Saving sacks file
18:53:30 saveConfig: auto-save-60s
18:53:30 Saving config file
18:53:36 saveConfig: saving-data
18:53:36 Saving sacks file
18:53:42 saveConfig: saving-data
18:53:42 Saving sacks file
18:53:52 saveConfig: saving-data
18:53:52 Saving sacks file
18:54:10 saveConfig: saving-data
18:54:10 Saving sacks file
18:54:30 saveConfig: auto-save-60s
18:54:30 Saving config file
18:54:41 saveConfig: saving-data
18:54:41 Saving sacks file
18:54:53 saveConfig: saving-data
18:54:53 Saving sacks file
18:55:25 saveConfig: saving-data
18:55:25 Saving sacks file
18:55:30 saveConfig: auto-save-60s
18:55:30 Saving config file
18:56:03 saveConfig: saving-data
18:56:03 Saving sacks file
18:56:30 saveConfig: auto-save-60s
18:56:30 Saving config file
18:56:40 saveConfig: saving-data
18:56:40 Saving sacks file
18:56:57 saveConfig: saving-data
18:56:57 Saving sacks file
18:57:18 saveConfig: saving-data
18:57:18 Saving sacks file
18:57:30 saveConfig: auto-save-60s
18:57:30 Saving config file
18:57:38 saveConfig: saving-data
18:57:38 Saving sacks file
18:58:00 saveConfig: saving-data
18:58:00 Saving sacks file
18:58:30 saveConfig: auto-save-60s
18:58:30 Saving config file
18:58:31 saveConfig: saving-data
18:58:31 Saving sacks file
18:59:13 saveConfig: saving-data
18:59:13 Saving sacks file
18:59:24 saveConfig: saving-data
18:59:24 Saving sacks file
18:59:30 saveConfig: auto-save-60s
18:59:30 Saving config file
18:59:31 saveConfig: saving-data
18:59:31 Saving sacks file
19:00:01 saveConfig: saving-data
19:00:01 Saving sacks file
19:00:30 saveConfig: auto-save-60s
19:00:30 Saving config file
19:00:41 saveConfig: saving-data
19:00:41 Saving sacks file
19:01:16 saveConfig: saving-data
19:01:16 Saving sacks file
19:01:30 saveConfig: auto-save-60s
19:01:30 Saving config file
19:02:02 saveConfig: saving-data
19:02:02 Saving sacks file
19:02:13 saveConfig: saving-data
19:02:13 Saving sacks file
19:02:30 saveConfig: auto-save-60s
19:02:30 Saving config file
19:02:40 saveConfig: saving-data
19:02:40 Saving sacks file
19:03:14 saveConfig: saving-data
19:03:14 Saving sacks file
19:03:30 saveConfig: auto-save-60s
19:03:30 Saving config file
19:03:52 saveConfig: saving-data
19:03:52 Saving sacks file
19:04:26 saveConfig: saving-data
19:04:26 Saving sacks file
19:04:30 saveConfig: auto-save-60s
19:04:30 Saving config file
19:05:13 saveConfig: saving-data
19:05:13 Saving sacks file
19:05:30 saveConfig: auto-save-60s
19:05:30 Saving config file
19:06:30 saveConfig: auto-save-60s
19:06:30 Saving config file
19:06:35 saveConfig: saving-data
19:06:35 Saving sacks file
19:07:30 saveConfig: auto-save-60s
19:07:30 Saving config file
19:08:30 saveConfig: auto-save-60s
19:08:30 Saving config file
19:09:30 saveConfig: auto-save-60s
19:09:30 Saving config file
19:10:30 saveConfig: auto-save-60s
19:10:30 Saving config file
19:11:30 saveConfig: auto-save-60s
19:11:30 Saving config file
19:12:30 saveConfig: auto-save-60s
19:12:30 Saving config file
19:13:29 saveConfig: saving-data
19:13:29 Saving sacks file
19:13:30 saveConfig: auto-save-60s
19:13:30 Saving config file
19:14:30 saveConfig: auto-save-60s
19:14:30 Saving config file
19:15:30 saveConfig: auto-save-60s
19:15:30 Saving config file
19:16:30 saveConfig: auto-save-60s
19:16:30 Saving config file
19:17:30 saveConfig: auto-save-60s
19:17:30 Saving config file
19:18:30 saveConfig: auto-save-60s
19:18:30 Saving config file
19:19:30 saveConfig: auto-save-60s
19:19:30 Saving config file
19:20:30 saveConfig: auto-save-60s
19:20:30 Saving config file
19:21:30 saveConfig: auto-save-60s
19:21:30 Saving config file
19:22:30 saveConfig: auto-save-60s
19:22:30 Saving config file
19:23:30 saveConfig: auto-save-60s
19:23:30 Saving config file
19:24:30 saveConfig: auto-save-60s
19:24:30 Saving config file
19:25:10 saveConfig: saving-data
19:25:10 Saving sacks file
19:25:30 saveConfig: auto-save-60s
19:25:30 Saving config file
19:26:30 saveConfig: auto-save-60s
19:26:30 Saving config file
19:27:30 saveConfig: auto-save-60s
19:27:30 Saving config file
19:28:30 saveConfig: auto-save-60s
19:28:30 Saving config file
19:29:30 saveConfig: auto-save-60s
19:29:30 Saving config file
19:30:30 saveConfig: auto-save-60s
19:30:30 Saving config file
19:31:30 saveConfig: auto-save-60s
19:31:30 Saving config file
19:32:20 saveConfig: saving-data
19:32:20 Saving sacks file
19:32:30 saveConfig: auto-save-60s
19:32:30 Saving config file
19:33:30 saveConfig: auto-save-60s
19:33:30 Saving config file
19:34:10 saveConfig: saving-data
19:34:10 Saving sacks file
19:34:16 saveConfig: saving-data
19:34:16 Saving sacks file
19:34:30 saveConfig: auto-save-60s
19:34:30 Saving config file
19:35:30 saveConfig: auto-save-60s
19:35:30 Saving config file
19:36:30 saveConfig: auto-save-60s
19:36:30 Saving config file
19:37:01 saveConfig: saving-data
19:37:01 Saving sacks file
19:37:30 saveConfig: auto-save-60s
19:37:30 Saving config file
19:38:30 saveConfig: auto-save-60s
19:38:30 Saving config file
19:39:30 saveConfig: auto-save-60s
19:39:30 Saving config file
19:40:30 saveConfig: auto-save-60s
19:40:30 Saving config file
19:41:30 saveConfig: auto-save-60s
19:41:30 Saving config file
19:42:30 saveConfig: auto-save-60s
19:42:30 Saving config file
19:43:30 saveConfig: auto-save-60s
19:43:30 Saving config file
19:44:30 saveConfig: auto-save-60s
19:44:30 Saving config file
19:45:30 saveConfig: auto-save-60s
19:45:30 Saving config file
19:46:30 saveConfig: auto-save-60s
19:46:30 Saving config file
19:47:30 saveConfig: auto-save-60s
19:47:30 Saving config file
19:48:30 saveConfig: auto-save-60s
19:48:30 Saving config file
19:49:30 saveConfig: auto-save-60s
19:49:30 Saving config file
19:50:30 saveConfig: auto-save-60s
19:50:30 Saving config file
19:51:30 saveConfig: auto-save-60s
19:51:30 Saving config file
19:52:30 saveConfig: auto-save-60s
19:52:30 Saving config file
19:53:30 saveConfig: auto-save-60s
19:53:30 Saving config file
19:54:03 saveConfig: saving-data
19:54:03 Saving sacks file
19:54:21 saveConfig: saving-data
19:54:21 Saving sacks file
19:54:30 saveConfig: auto-save-60s
19:54:30 Saving config file
19:55:30 saveConfig: auto-save-60s
19:55:30 Saving config file
19:56:30 saveConfig: auto-save-60s
19:56:30 Saving config file
19:56:34 saveConfig: saving-data
19:56:34 Saving sacks file
19:56:41 saveConfig: saving-data
19:56:41 Saving sacks file
19:57:30 saveConfig: auto-save-60s
19:57:30 Saving config file
19:58:30 saveConfig: auto-save-60s
19:58:30 Saving config file
19:59:08 saveConfig: saving-data
19:59:08 Saving sacks file
19:59:30 saveConfig: auto-save-60s
19:59:30 Saving config file
19:59:51 saveConfig: saving-data
19:59:51 Saving sacks file
20:00:05 saveConfig: saving-data
20:00:05 Saving sacks file
20:00:18 saveConfig: saving-data
20:00:18 Saving sacks file
20:00:29 saveConfig: saving-data
20:00:29 Saving sacks file
20:00:30 saveConfig: auto-save-60s
20:00:30 Saving config file
20:00:47 saveConfig: saving-data
20:00:47 Saving sacks file
20:01:00 saveConfig: saving-data
20:01:00 Saving sacks file
20:01:30 saveConfig: auto-save-60s
20:01:30 Saving config file
20:01:41 saveConfig: saving-data
20:01:41 Saving sacks file
20:01:48 saveConfig: saving-data
20:01:48 Saving sacks file
20:02:06 saveConfig: saving-data
20:02:06 Saving sacks file
20:02:30 saveConfig: auto-save-60s
20:02:30 Saving config file
20:02:33 saveConfig: saving-data
20:02:33 Saving sacks file
20:02:41 saveConfig: saving-data
20:02:41 Saving sacks file
20:02:53 saveConfig: saving-data
20:02:53 Saving sacks file
20:03:30 saveConfig: auto-save-60s
20:03:30 Saving config file
20:04:30 saveConfig: auto-save-60s
20:04:30 Saving config file
20:05:30 saveConfig: auto-save-60s
20:05:30 Saving config file
20:05:47 saveConfig: saving-data
20:05:47 Saving sacks file
20:06:30 saveConfig: auto-save-60s
20:06:30 Saving config file
20:06:34 saveConfig: saving-data
20:06:34 Saving sacks file
20:06:44 saveConfig: saving-data
20:06:44 Saving sacks file
20:07:30 saveConfig: auto-save-60s
20:07:30 Saving config file
20:08:19 saveConfig: saving-data
20:08:19 Saving sacks file
20:08:30 saveConfig: saving-data
20:08:30 Saving sacks file
20:08:30 saveConfig: auto-save-60s
20:08:30 Saving config file
20:09:26 saveConfig: saving-data
20:09:26 Saving sacks file
20:09:30 saveConfig: auto-save-60s
20:09:30 Saving config file
20:09:41 saveConfig: saving-data
20:09:41 Saving sacks file
20:09:47 saveConfig: saving-data
20:09:47 Saving sacks file
20:09:58 saveConfig: saving-data
20:09:58 Saving sacks file
20:10:06 saveConfig: saving-data
20:10:06 Saving sacks file
20:10:30 saveConfig: auto-save-60s
20:10:30 Saving config file
20:11:14 saveConfig: saving-data
20:11:14 Saving sacks file
20:11:30 saveConfig: auto-save-60s
20:11:30 Saving config file
20:11:34 saveConfig: saving-data
20:11:34 Saving sacks file
20:12:27 saveConfig: saving-data
20:12:27 Saving sacks file
20:12:30 saveConfig: auto-save-60s
20:12:30 Saving config file
20:12:37 saveConfig: saving-data
20:12:37 Saving sacks file
20:12:58 saveConfig: saving-data
20:12:58 Saving sacks file
20:13:11 saveConfig: saving-data
20:13:11 Saving sacks file
20:13:21 saveConfig: saving-data
20:13:21 Saving sacks file
20:13:30 saveConfig: auto-save-60s
20:13:30 Saving config file
20:14:15 saveConfig: saving-data
20:14:15 Saving sacks file
20:14:30 saveConfig: auto-save-60s
20:14:30 Saving config file
20:15:30 saveConfig: auto-save-60s
20:15:30 Saving config file
20:15:43 saveConfig: saving-data
20:15:43 Saving sacks file
20:16:30 saveConfig: auto-save-60s
20:16:30 Saving config file
20:17:30 saveConfig: auto-save-60s
20:17:30 Saving config file
20:18:30 saveConfig: auto-save-60s
20:18:30 Saving config file
20:19:30 saveConfig: auto-save-60s
20:19:30 Saving config file
20:20:30 saveConfig: auto-save-60s
20:20:30 Saving config file
20:21:30 saveConfig: auto-save-60s
20:21:30 Saving config file
20:22:30 saveConfig: auto-save-60s
20:22:30 Saving config file
20:23:30 saveConfig: auto-save-60s
20:23:30 Saving config file
20:24:30 saveConfig: auto-save-60s
20:24:30 Saving config file
20:25:30 saveConfig: auto-save-60s
20:25:30 Saving config file
20:26:30 saveConfig: auto-save-60s
20:26:30 Saving config file
20:27:30 saveConfig: auto-save-60s
20:27:30 Saving config file
20:28:30 saveConfig: auto-save-60s
20:28:30 Saving config file
20:29:30 saveConfig: auto-save-60s
20:29:30 Saving config file
20:30:30 saveConfig: auto-save-60s
20:30:30 Saving config file
20:31:30 saveConfig: auto-save-60s
20:31:30 Saving config file
20:32:30 saveConfig: auto-save-60s
20:32:30 Saving config file
20:33:30 saveConfig: auto-save-60s
20:33:30 Saving config file
20:34:30 saveConfig: auto-save-60s
20:34:30 Saving config file
20:35:30 saveConfig: auto-save-60s
20:35:30 Saving config file
20:36:30 saveConfig: auto-save-60s
20:36:30 Saving config file
20:37:30 saveConfig: auto-save-60s
20:37:30 Saving config file
20:38:30 saveConfig: auto-save-60s
20:38:30 Saving config file
20:39:30 saveConfig: auto-save-60s
20:39:30 Saving config file
20:40:30 saveConfig: auto-save-60s
20:40:30 Saving config file
20:41:30 saveConfig: auto-save-60s
20:41:30 Saving config file
20:42:30 saveConfig: auto-save-60s
20:42:30 Saving config file
20:43:30 saveConfig: auto-save-60s
20:43:30 Saving config file
20:44:30 saveConfig: auto-save-60s
20:44:30 Saving config file
20:45:30 saveConfig: auto-save-60s
20:45:30 Saving config file
20:46:30 saveConfig: auto-save-60s
20:46:30 Saving config file
20:47:30 saveConfig: auto-save-60s
20:47:30 Saving config file
20:48:30 saveConfig: auto-save-60s
20:48:30 Saving config file
20:49:30 saveConfig: auto-save-60s
20:49:30 Saving config file
20:50:30 saveConfig: auto-save-60s
20:50:30 Saving config file
20:51:19 saveConfig: close-gui
20:51:19 Saving config file
20:51:19 saveConfig: close-gui
20:51:19 Saving config file
20:51:30 saveConfig: auto-save-60s
20:51:30 Saving config file
20:52:30 saveConfig: auto-save-60s
20:52:30 Saving config file
20:53:30 saveConfig: auto-save-60s
20:53:30 Saving config file
20:53:43 saveConfig: saving-data
20:53:43 Saving sacks file
20:54:30 saveConfig: auto-save-60s
20:54:30 Saving config file
20:55:30 saveConfig: auto-save-60s
20:55:30 Saving config file
20:56:00 saveConfig: saving-data
20:56:00 Saving sacks file
20:56:07 saveConfig: saving-data
20:56:07 Saving sacks file
20:56:20 saveConfig: saving-data
20:56:20 Saving sacks file
20:56:29 saveConfig: saving-data
20:56:29 Saving sacks file
20:56:30 saveConfig: auto-save-60s
20:56:30 Saving config file
20:56:38 saveConfig: saving-data
20:56:38 Saving sacks file
20:56:50 saveConfig: saving-data
20:56:50 Saving sacks file
20:56:59 saveConfig: saving-data
20:56:59 Saving sacks file
20:57:30 saveConfig: auto-save-60s
20:57:30 Saving config file
20:58:23 saveConfig: close-gui
20:58:23 Saving config file
20:58:30 saveConfig: auto-save-60s
20:58:30 Saving config file
20:59:30 saveConfig: auto-save-60s
20:59:30 Saving config file
21:00:30 saveConfig: auto-save-60s
21:00:30 Saving config file
21:01:30 saveConfig: auto-save-60s
21:01:30 Saving config file
21:02:30 saveConfig: auto-save-60s
21:02:30 Saving config file
21:03:30 saveConfig: auto-save-60s
21:03:30 Saving config file
21:04:30 saveConfig: auto-save-60s
21:04:30 Saving config file
21:05:30 saveConfig: auto-save-60s
21:05:30 Saving config file
21:06:30 saveConfig: auto-save-60s
21:06:30 Saving config file
21:07:30 saveConfig: auto-save-60s
21:07:30 Saving config file
21:08:30 saveConfig: auto-save-60s
21:08:30 Saving config file
21:09:02 saveConfig: saving-data
21:09:02 Saving sacks file
21:09:05 saveConfig: saving-data
21:09:05 Saving sacks file
21:09:20 saveConfig: saving-data
21:09:20 Saving sacks file
21:09:26 saveConfig: saving-data
21:09:26 Saving sacks file
21:09:30 saveConfig: auto-save-60s
21:09:30 Saving config file
21:10:30 saveConfig: auto-save-60s
21:10:30 Saving config file
21:11:30 saveConfig: auto-save-60s
21:11:30 Saving config file
21:12:30 saveConfig: auto-save-60s
21:12:30 Saving config file
21:13:30 saveConfig: auto-save-60s
21:13:30 Saving config file
21:14:30 saveConfig: auto-save-60s
21:14:30 Saving config file
21:15:30 saveConfig: auto-save-60s
21:15:30 Saving config file
21:16:30 saveConfig: auto-save-60s
21:16:30 Saving config file
21:17:30 saveConfig: auto-save-60s
21:17:30 Saving config file
21:18:30 saveConfig: auto-save-60s
21:18:30 Saving config file
21:19:30 saveConfig: auto-save-60s
21:19:30 Saving config file
21:20:30 saveConfig: auto-save-60s
21:20:30 Saving config file
21:20:38 saveConfig: saving-data
21:20:38 Saving sacks file
21:21:30 saveConfig: auto-save-60s
21:21:30 Saving config file
21:22:30 saveConfig: auto-save-60s
21:22:30 Saving config file
21:23:30 saveConfig: auto-save-60s
21:23:30 Saving config file
21:24:26 saveConfig: saving-data
21:24:26 Saving sacks file
21:24:30 saveConfig: auto-save-60s
21:24:30 Saving config file
21:25:30 saveConfig: auto-save-60s
21:25:30 Saving config file
21:26:30 saveConfig: auto-save-60s
21:26:30 Saving config file
21:26:54 saveConfig: saving-data
21:26:54 Saving sacks file
21:27:30 saveConfig: auto-save-60s
21:27:30 Saving config file
21:28:30 saveConfig: auto-save-60s
21:28:30 Saving config file
21:29:24 saveConfig: saving-data
21:29:24 Saving sacks file
21:29:30 saveConfig: auto-save-60s
21:29:30 Saving config file
21:30:30 saveConfig: auto-save-60s
21:30:30 Saving config file
21:31:08 saveConfig: saving-data
21:31:08 Saving sacks file
21:31:23 saveConfig: saving-data
21:31:23 Saving sacks file
21:31:30 saveConfig: auto-save-60s
21:31:30 Saving config file
21:32:18 saveConfig: saving-data
21:32:18 Saving sacks file
21:32:30 saveConfig: auto-save-60s
21:32:30 Saving config file
21:33:05 saveConfig: saving-data
21:33:05 Saving sacks file
21:33:30 saveConfig: auto-save-60s
21:33:30 Saving config file
21:33:49 saveConfig: saving-data
21:33:49 Saving sacks file
21:34:03 saveConfig: saving-data
21:34:03 Saving sacks file
21:34:30 saveConfig: auto-save-60s
21:34:30 Saving config file
21:34:56 saveConfig: saving-data
21:34:56 Saving sacks file
21:35:30 saveConfig: auto-save-60s
21:35:30 Saving config file
21:35:36 saveConfig: saving-data
21:35:36 Saving sacks file
21:36:30 saveConfig: auto-save-60s
21:36:30 Saving config file
21:36:35 saveConfig: saving-data
21:36:35 Saving sacks file
21:37:26 saveConfig: saving-data
21:37:26 Saving sacks file
21:37:30 saveConfig: auto-save-60s
21:37:30 Saving config file
21:38:13 saveConfig: saving-data
21:38:13 Saving sacks file
21:38:30 saveConfig: auto-save-60s
21:38:30 Saving config file
21:39:01 saveConfig: saving-data
21:39:01 Saving sacks file
21:39:14 saveConfig: saving-data
21:39:14 Saving sacks file
21:39:30 saveConfig: auto-save-60s
21:39:30 Saving config file
21:39:58 saveConfig: saving-data
21:39:58 Saving sacks file
21:40:30 saveConfig: auto-save-60s
21:40:30 Saving config file
21:40:52 saveConfig: saving-data
21:40:52 Saving sacks file
21:41:30 saveConfig: auto-save-60s
21:41:30 Saving config file
21:41:42 saveConfig: saving-data
21:41:42 Saving sacks file
21:42:30 saveConfig: auto-save-60s
21:42:30 Saving config file
21:42:34 saveConfig: saving-data
21:42:34 Saving sacks file
21:43:23 saveConfig: saving-data
21:43:23 Saving sacks file
21:43:30 saveConfig: auto-save-60s
21:43:30 Saving config file
21:44:30 saveConfig: auto-save-60s
21:44:30 Saving config file
21:45:30 saveConfig: auto-save-60s
21:45:30 Saving config file
21:46:30 saveConfig: auto-save-60s
21:46:30 Saving config file
21:47:30 saveConfig: auto-save-60s
21:47:30 Saving config file
21:48:30 saveConfig: auto-save-60s
21:48:30 Saving config file
21:49:30 saveConfig: auto-save-60s
21:49:30 Saving config file
21:50:30 saveConfig: auto-save-60s
21:50:30 Saving config file
21:51:30 saveConfig: auto-save-60s
21:51:30 Saving config file
21:52:30 saveConfig: auto-save-60s
21:52:30 Saving config file
21:53:30 saveConfig: auto-save-60s
21:53:30 Saving config file
21:54:30 saveConfig: auto-save-60s
21:54:30 Saving config file
21:55:30 saveConfig: auto-save-60s
21:55:30 Saving config file
21:56:30 saveConfig: auto-save-60s
21:56:30 Saving config file
21:57:30 saveConfig: auto-save-60s
21:57:30 Saving config file
21:58:30 saveConfig: auto-save-60s
21:58:30 Saving config file
21:59:30 saveConfig: auto-save-60s
21:59:30 Saving config file
22:00:30 saveConfig: auto-save-60s
22:00:30 Saving config file
22:01:30 saveConfig: auto-save-60s
22:01:30 Saving config file
22:02:30 saveConfig: auto-save-60s
22:02:30 Saving config file
22:03:30 saveConfig: auto-save-60s
22:03:30 Saving config file
22:04:30 saveConfig: auto-save-60s
22:04:30 Saving config file
22:05:30 saveConfig: auto-save-60s
22:05:30 Saving config file
22:06:30 saveConfig: auto-save-60s
22:06:30 Saving config file
22:07:30 saveConfig: auto-save-60s
22:07:30 Saving config file
22:08:30 saveConfig: auto-save-60s
22:08:30 Saving config file
22:09:30 saveConfig: auto-save-60s
22:09:30 Saving config file
22:09:55 saveConfig: saving-data
22:09:55 Saving sacks file
22:10:13 saveConfig: saving-data
22:10:13 Saving sacks file
22:10:30 saveConfig: auto-save-60s
22:10:30 Saving config file
22:10:41 saveConfig: saving-data
22:10:41 Saving sacks file
22:10:57 saveConfig: saving-data
22:10:57 Saving sacks file
22:11:30 saveConfig: auto-save-60s
22:11:30 Saving config file
22:12:30 saveConfig: auto-save-60s
22:12:30 Saving config file
22:13:30 saveConfig: auto-save-60s
22:13:30 Saving config file
22:14:30 saveConfig: auto-save-60s
22:14:30 Saving config file
22:15:30 saveConfig: auto-save-60s
22:15:30 Saving config file
22:16:30 saveConfig: auto-save-60s
22:16:30 Saving config file
22:17:30 saveConfig: auto-save-60s
22:17:30 Saving config file
22:18:30 saveConfig: auto-save-60s
22:18:30 Saving config file
22:19:30 saveConfig: auto-save-60s
22:19:30 Saving config file
22:20:30 saveConfig: auto-save-60s
22:20:30 Saving config file
22:21:30 saveConfig: auto-save-60s
22:21:30 Saving config file
22:22:30 saveConfig: auto-save-60s
22:22:30 Saving config file
22:23:30 saveConfig: auto-save-60s
22:23:30 Saving config file
22:24:30 saveConfig: auto-save-60s
22:24:30 Saving config file
22:25:30 saveConfig: auto-save-60s
22:25:30 Saving config file
22:26:30 saveConfig: auto-save-60s
22:26:30 Saving config file
22:27:30 saveConfig: auto-save-60s
22:27:30 Saving config file
22:28:30 saveConfig: auto-save-60s
22:28:30 Saving config file
22:29:30 saveConfig: auto-save-60s
22:29:30 Saving config file
22:30:30 saveConfig: auto-save-60s
22:30:30 Saving config file
22:31:30 saveConfig: auto-save-60s
22:31:30 Saving config file
22:32:30 saveConfig: auto-save-60s
22:32:30 Saving config file
22:33:30 saveConfig: auto-save-60s
22:33:30 Saving config file
22:34:30 saveConfig: auto-save-60s
22:34:30 Saving config file
22:35:30 saveConfig: auto-save-60s
22:35:30 Saving config file
22:36:30 saveConfig: auto-save-60s
22:36:30 Saving config file
22:37:30 saveConfig: auto-save-60s
22:37:30 Saving config file
22:38:30 saveConfig: auto-save-60s
22:38:30 Saving config file
22:39:25 saveConfig: shutdown-hook
22:39:25 Saving config file
