[15:34:26] [DEBUG] §r§6§lALLOWANCE! §r§eYou earned §r§650,000 coins§r§e!§r
[17:18:25] [DEBUG] §r§a[VIP§r§6+§r§a] HotBaconWasTaken§r§f §r§ehas obtained §r§a§r§9Superboom TNT§r§e!§r
[17:18:25] [DEBUG] §r§a[VIP§r§6+§r§a] HotBaconWasTaken§r§f §r§ehas obtained §r§a§r§6§r§8Wither Key§r§e!§r
[17:18:35] [DEBUG] You got Wither Key but it doesn't show on toast!
[17:25:37] [DEBUG] §r§a[VIP§r§6+§r§a] HotBaconWasTaken§r§f §r§ehas obtained §r§a§r§dBlessing of Life§r§e!§r
[17:25:37] [DEBUG] §r§a[VIP§r§6+§r§a] HotBaconWasTaken§r§f §r§ehas obtained §r§a§r§9Superboom TNT §r§8x2§r§e!§r
[17:25:47] [DEBUG] You got Blessing of Life but it doesn't show on toast!
[17:25:47] [DEBUG] You got Superboom TNT x2 but it doesn't show on toast!
[17:26:28] [DEBUG] §r§a[VIP§r§6+§r§a] HotBaconWasTaken§r§f §r§ehas obtained §r§a§r§9Superboom TNT§r§e!§r
[17:26:28] [DEBUG] §r§a[VIP§r§6+§r§a] HotBaconWasTaken§r§f §r§ehas obtained §r§a§r§6§r§8Wither Key§r§e!§r
[17:26:38] [DEBUG] You got Wither Key but it doesn't show on toast!
[17:26:54] [DEBUG] §r§a[VIP§r§6+§r§a] HotBaconWasTaken§r§f §r§ehas obtained §r§a§r§6§r§8Wither Key§r§e!§r
[17:26:54] [DEBUG] §r§a[VIP§r§6+§r§a] HotBaconWasTaken§r§f §r§ehas obtained §r§a§r§9Superboom TNT§r§e!§r
[17:27:04] [DEBUG] You got Wither Key but it doesn't show on toast!
[17:27:11] [DEBUG] §r§a[VIP§r§6+§r§a] HotBaconWasTaken§r§f §r§ehas obtained §r§a§r§6§r§8Wither Key§r§e!§r
[17:27:11] [DEBUG] §r§a[VIP§r§6+§r§a] HotBaconWasTaken§r§f §r§ehas obtained §r§a§r§6Revive Stone§r§e!§r
[17:27:22] [DEBUG] You got Wither Key but it doesn't show on toast!
[17:28:50] [DEBUG] §r§a[VIP§r§6+§r§a] HotBaconWasTaken§r§f §r§ehas obtained §r§a§r§6§r§8Wither Key§r§e!§r
[17:28:51] [DEBUG] §r§a[VIP§r§6+§r§a] HotBaconWasTaken§r§f §r§ehas obtained §r§a§r§9Superboom TNT§r§e!§r
[17:29:01] [DEBUG] You got Wither Key but it doesn't show on toast!
[17:29:35] [DEBUG] §r§a[VIP§r§6+§r§a] HotBaconWasTaken§r§f §r§ehas obtained §r§a§r§9Premium Flesh§r§e!§r
[17:29:36] [DEBUG] §r§a[VIP§r§6+§r§a] HotBaconWasTaken§r§f §r§ehas obtained §r§a§r§9Superboom TNT §r§8x2§r§e!§r
[17:29:36] [DEBUG] §r§a[VIP§r§6+§r§a] HotBaconWasTaken§r§f §r§ehas obtained §r§a§r§6§r§8Wither Key§r§e!§r
[17:29:46] [DEBUG] You got Superboom TNT x2 but it doesn't show on toast!
[17:29:46] [DEBUG] You got Wither Key but it doesn't show on toast!
[17:30:21] [DEBUG] §r§a[VIP§r§6+§r§a] HotBaconWasTaken§r§f §r§ehas obtained §r§a§r§c§r§cBlood Key§r§e!§r
[17:30:32] [DEBUG] You got Blood Key but it doesn't show on toast!
[17:33:27] [DEBUG] §r§a[VIP§r§6+§r§a] HotBaconWasTaken§r§f §r§ehas obtained §r§a§r§dBlessing of Wisdom§r§e!§r
[17:33:27] [DEBUG] §r§a[VIP§r§6+§r§a] HotBaconWasTaken§r§f §r§ehas obtained §r§a§r§9Superboom TNT §r§8x2§r§e!§r
[17:33:37] [DEBUG] You got Blessing of Wisdom but it doesn't show on toast!
[17:33:37] [DEBUG] You got Superboom TNT x2 but it doesn't show on toast!
[17:33:43] [DEBUG] §r§a[VIP§r§6+§r§a] HotBaconWasTaken§r§f §r§ehas obtained §r§a§r§9Superboom TNT§r§e!§r
[17:34:01] [DEBUG] §r§a[VIP§r§6+§r§a] HotBaconWasTaken§r§f §r§ehas obtained §r§a§r§dBlessing of Life§r§e!§r
[17:34:02] [DEBUG] §r§a[VIP§r§6+§r§a] HotBaconWasTaken§r§f §r§ehas obtained §r§a§r§9Superboom TNT§r§e!§r
[17:34:11] [DEBUG] You got Blessing of Life but it doesn't show on toast!
[17:38:12] [DEBUG] §r§a[VIP§r§6+§r§a] HotBaconWasTaken§r§f §r§ehas obtained §r§a§r§dBlessing of Wisdom§r§e!§r
[17:38:12] [DEBUG] §r§a[VIP§r§6+§r§a] HotBaconWasTaken§r§f §r§ehas obtained §r§a§r§9Superboom TNT§r§e!§r
[17:38:22] [DEBUG] You got Blessing of Wisdom but it doesn't show on toast!
[17:43:43] [DEBUG] §r§a[VIP§r§6+§r§a] HotBaconWasTaken§r§f §r§ehas obtained §r§a§r§9Beating Heart§r§e!§r
[17:43:43] [DEBUG] §r§a[VIP§r§6+§r§a] HotBaconWasTaken§r§f §r§ehas obtained §r§a§r§dBlessing of Life§r§e!§r
[17:43:43] [DEBUG] §r§a[VIP§r§6+§r§a] HotBaconWasTaken§r§f §r§ehas obtained §r§a§r§dBlessing of Power§r§e!§r
[17:43:53] [DEBUG] You got Blessing of Life but it doesn't show on toast!
[17:43:53] [DEBUG] You got Blessing of Power but it doesn't show on toast!
[17:55:09] [DEBUG] §r§a[VIP§r§6+§r§a] HotBaconWasTaken§r§f §r§ehas obtained §r§a§r§9Superboom TNT§r§e!§r
[17:55:09] [DEBUG] §r§a[VIP§r§6+§r§a] HotBaconWasTaken§r§f §r§ehas obtained §r§a§r§6§r§8Wither Key§r§e!§r
[17:55:10] [DEBUG] §r§a[VIP§r§6+§r§a] HotBaconWasTaken§r§f §r§ehas obtained §r§a§r§dBlessing of Wisdom§r§e!§r
[17:55:20] [DEBUG] You got Wither Key but it doesn't show on toast!
[17:55:20] [DEBUG] You got Blessing of Wisdom but it doesn't show on toast!
[18:00:18] [DEBUG] §r§a[VIP§r§6+§r§a] HotBaconWasTaken§r§f §r§ehas obtained §r§a§r§dBlessing of Stone§r§e!§r
[18:00:18] [DEBUG] §r§a[VIP§r§6+§r§a] HotBaconWasTaken§r§f §r§ehas obtained §r§a§r§6§r§8Wither Key§r§e!§r
[18:00:18] [DEBUG] §r§a[VIP§r§6+§r§a] HotBaconWasTaken§r§f §r§ehas obtained §r§a§r§9Superboom TNT§r§e!§r
[18:00:28] [DEBUG] You got Blessing of Stone but it doesn't show on toast!
[18:00:28] [DEBUG] You got Wither Key but it doesn't show on toast!
[18:01:53] [DEBUG] §r§a[VIP§r§6+§r§a] HotBaconWasTaken§r§f §r§ehas obtained §r§a§r§6§r§8Wither Key§r§e!§r
[18:01:53] [DEBUG] §r§a[VIP§r§6+§r§a] HotBaconWasTaken§r§f §r§ehas obtained §r§a§r§9Superboom TNT§r§e!§r
[18:02:03] [DEBUG] You got Wither Key but it doesn't show on toast!
[18:02:06] [DEBUG] §r§a[VIP§r§6+§r§a] HotBaconWasTaken§r§f §r§ehas obtained §r§a§r§6§r§8Wither Key§r§e!§r
[18:02:06] [DEBUG] §r§a[VIP§r§6+§r§a] HotBaconWasTaken§r§f §r§ehas obtained §r§a§r§9Superboom TNT§r§e!§r
[18:02:15] [DEBUG] §r§a[VIP§r§6+§r§a] HotBaconWasTaken§r§f §r§ehas obtained §r§a§r§c§r§cBlood Key§r§e!§r
[18:02:15] [DEBUG] §r§a[VIP§r§6+§r§a] HotBaconWasTaken§r§f §r§ehas obtained §r§a§r§9Superboom TNT§r§e!§r
[18:02:16] [DEBUG] You got Wither Key but it doesn't show on toast!
[18:02:25] [DEBUG] You got Blood Key but it doesn't show on toast!
[18:04:15] [DEBUG] §r§a[VIP§r§6+§r§a] HotBaconWasTaken§r§f §r§ehas obtained §r§a§r§dBlessing of Power§r§e!§r
[18:04:16] [DEBUG] §r§a[VIP§r§6+§r§a] HotBaconWasTaken§r§f §r§ehas obtained §r§a§r§9Superboom TNT§r§e!§r
[18:04:26] [DEBUG] You got Blessing of Power but it doesn't show on toast!
[18:06:40] [DEBUG] §r§a[VIP§r§6+§r§a] HotBaconWasTaken§r§f §r§ehas obtained §r§a§r§dBlessing of Life§r§e!§r
[18:06:41] [DEBUG] §r§a[VIP§r§6+§r§a] HotBaconWasTaken§r§f §r§ehas obtained §r§a§r§6Revive Stone§r§e!§r
[18:06:50] [DEBUG] You got Blessing of Life but it doesn't show on toast!
[18:07:27] [DEBUG] §r§a[VIP§r§6+§r§a] HotBaconWasTaken§r§f §r§ehas obtained §r§a§r§9Superboom TNT§r§e!§r
[18:12:03] [DEBUG] §r§a[VIP§r§6+§r§a] HotBaconWasTaken§r§f §r§ehas obtained §r§a§r§6Thicc Super Heavy Helmet§r§e!§r
[18:12:13] [DEBUG] You got Thicc Super Heavy Helmet but it doesn't show on toast!
[18:12:56] [DEBUG] §r§a[VIP§r§6+§r§a] HotBaconWasTaken§r§f §r§ehas obtained §r§a§r§6Revive Stone§r§e!§r
[18:13:12] [DEBUG] §r§a[VIP§r§6+§r§a] HotBaconWasTaken§r§f §r§ehas obtained §r§a§r§9Superboom TNT§r§e!§r
