[23:18:24] [DEBUG] §r§a[VIP§r§6+§r§a] HotBaconWasTaken§r§f §r§ehas obtained §r§a§r§6Revive Stone§r§e!§r
[23:18:25] [DEBUG] §r§a[VIP§r§6+§r§a] HotBaconWasTaken§r§f §r§ehas obtained §r§a§r§6§r§8Wither Key§r§e!§r
[23:18:35] [DEBUG] You got Wither Key but it doesn't show on toast!
[23:19:48] [DEBUG] §r§a[VIP§r§6+§r§a] HotBaconWasTaken§r§f §r§ehas obtained §r§a§r§6§r§8Wither Key§r§e!§r
[23:19:48] [DEBUG] §r§a[VIP§r§6+§r§a] HotBaconWasTaken§r§f §r§ehas obtained §r§a§r§9Superboom TNT§r§e!§r
[23:19:58] [DEBUG] You got Wither Key but it doesn't show on toast!
[23:20:08] [DEBUG] §r§a[VIP§r§6+§r§a] HotBaconWasTaken§r§f §r§ehas obtained §r§a§r§dBlessing of Power§r§e!§r
[23:20:08] [DEBUG] §r§a[VIP§r§6+§r§a] HotBaconWasTaken§r§f §r§ehas obtained §r§a§r§c§r§cBlood Key§r§e!§r
[23:20:08] [DEBUG] §r§a[VIP§r§6+§r§a] HotBaconWasTaken§r§f §r§ehas obtained §r§a§r§6Revive Stone§r§e!§r
[23:20:18] [DEBUG] You got Blessing of Power but it doesn't show on toast!
[23:20:18] [DEBUG] You got Blood Key but it doesn't show on toast!
[23:25:12] [DEBUG] §r§a[VIP§r§6+§r§a] HotBaconWasTaken§r§f §r§ehas obtained §r§a§r§6Revive Stone§r§e!§r
[23:26:13] [DEBUG] §r§a[VIP§r§6+§r§a] HotBaconWasTaken§r§f §r§ehas obtained §r§a§r§9Superboom TNT§r§e!§r
[23:28:18] [DEBUG] §r§a[VIP§r§6+§r§a] HotBaconWasTaken§r§f §r§ehas obtained §r§a§r§9Superboom TNT§r§e!§r
[23:29:54] [DEBUG] §r§a[VIP§r§6+§r§a] HotBaconWasTaken§r§f §r§ehas obtained §r§a§r§9Superboom TNT§r§e!§r
[23:29:54] [DEBUG] §r§a[VIP§r§6+§r§a] HotBaconWasTaken§r§f §r§ehas obtained §r§a§r§dBlessing of Wisdom§r§e!§r
[23:30:04] [DEBUG] You got Blessing of Wisdom but it doesn't show on toast!
[23:30:07] [DEBUG] §r§a[VIP§r§6+§r§a] HotBaconWasTaken§r§f §r§ehas obtained §r§a§r§dBlessing of Life§r§e!§r
[23:30:07] [DEBUG] §r§a[VIP§r§6+§r§a] HotBaconWasTaken§r§f §r§ehas obtained §r§a§r§9Superboom TNT§r§e!§r
[23:30:18] [DEBUG] You got Blessing of Life but it doesn't show on toast!
[23:31:29] [DEBUG] §r§a[VIP§r§6+§r§a] HotBaconWasTaken§r§f §r§ehas obtained §r§a§r§dBlessing of Life§r§e!§r
[23:31:29] [DEBUG] §r§a[VIP§r§6+§r§a] HotBaconWasTaken§r§f §r§ehas obtained §r§a§r§dBlessing of Power§r§e!§r
[23:31:39] [DEBUG] You got Blessing of Life but it doesn't show on toast!
[23:31:39] [DEBUG] You got Blessing of Power but it doesn't show on toast!
[23:34:39] [DEBUG] §r§a[VIP§r§6+§r§a] HotBaconWasTaken§r§f §r§ehas obtained §r§a§r§6§r§8Wither Key§r§e!§r
[23:34:39] [DEBUG] §r§a[VIP§r§6+§r§a] HotBaconWasTaken§r§f §r§ehas obtained §r§a§r§9Superboom TNT§r§e!§r
[23:34:49] [DEBUG] You got Wither Key but it doesn't show on toast!
[23:36:54] [DEBUG] §r§a[VIP§r§6+§r§a] HotBaconWasTaken§r§f §r§ehas obtained §r§a§r§9Superboom TNT§r§e!§r
[23:38:26] [DEBUG] §r§a[VIP§r§6+§r§a] HotBaconWasTaken§r§f §r§ehas obtained §r§a§r§dBlessing of Stone§r§e!§r
[23:38:27] [DEBUG] §r§a[VIP§r§6+§r§a] HotBaconWasTaken§r§f §r§ehas obtained §r§a§r§6§r§8Wither Key§r§e!§r
[23:38:28] [DEBUG] §r§a[VIP§r§6+§r§a] HotBaconWasTaken§r§f §r§ehas obtained §r§a§r§9Superboom TNT§r§e!§r
[23:38:36] [DEBUG] You got Blessing of Stone but it doesn't show on toast!
[23:38:38] [DEBUG] You got Wither Key but it doesn't show on toast!
[23:39:09] [DEBUG] §r§a[VIP§r§6+§r§a] HotBaconWasTaken§r§f §r§ehas obtained §r§a§r§dBlessing of Power§r§e!§r
[23:39:09] [DEBUG] §r§a[VIP§r§6+§r§a] HotBaconWasTaken§r§f §r§ehas obtained §r§a§r§6§r§8Wither Key§r§e!§r
[23:39:09] [DEBUG] §r§a[VIP§r§6+§r§a] HotBaconWasTaken§r§f §r§ehas obtained §r§a§r§9Superboom TNT§r§e!§r
[23:39:19] [DEBUG] You got Blessing of Power but it doesn't show on toast!
[23:39:19] [DEBUG] You got Wither Key but it doesn't show on toast!
[23:39:47] [DEBUG] §r§a[VIP§r§6+§r§a] HotBaconWasTaken§r§f §r§ehas obtained §r§a§r§9Superboom TNT§r§e!§r
[23:39:47] [DEBUG] §r§a[VIP§r§6+§r§a] HotBaconWasTaken§r§f §r§ehas obtained §r§a§r§6§r§8Wither Key§r§e!§r
[23:39:57] [DEBUG] You got Wither Key but it doesn't show on toast!
[23:45:05] [DEBUG] §r§a[VIP§r§6+§r§a] HotBaconWasTaken§r§f §r§ehas obtained §r§a§r§c§r§cBlood Key§r§e!§r
[23:45:05] [DEBUG] §r§a[VIP§r§6+§r§a] HotBaconWasTaken§r§f §r§ehas obtained §r§a§r§9Superboom TNT§r§e!§r
[23:45:15] [DEBUG] You got Blood Key but it doesn't show on toast!
[23:45:56] [DEBUG] §r§a[VIP§r§6+§r§a] HotBaconWasTaken§r§f §r§ehas obtained §r§a§r§9Superboom TNT§r§e!§r
[23:52:30] [DEBUG] §r§a[VIP§r§6+§r§a] HotBaconWasTaken§r§f §r§ehas obtained §r§a§r§6Revive Stone§r§e!§r
[23:52:30] [DEBUG] §r§a[VIP§r§6+§r§a] HotBaconWasTaken§r§f §r§ehas obtained §r§a§r§dBlessing of Wisdom§r§e!§r
[23:52:40] [DEBUG] You got Blessing of Wisdom but it doesn't show on toast!
[23:52:59] [DEBUG] §r§a[VIP§r§6+§r§a] HotBaconWasTaken§r§f §r§ehas obtained §r§a§r§dBlessing of Power§r§e!§r
[23:52:59] [DEBUG] §r§a[VIP§r§6+§r§a] HotBaconWasTaken§r§f §r§ehas obtained §r§a§r§9Superboom TNT§r§e!§r
[23:53:09] [DEBUG] You got Blessing of Power but it doesn't show on toast!
