[13:19:47] [DEBUG] §r§f§lCOMMON! §r§6+5,000 coins §r§egift with §r§a[VIP] torsten380§r§f§r§e!§r
[13:19:50] [DEBUG] §r§e§lSWEET! §r§fPresent Stack §r§egift with §r§a[VIP] torsten380§r§f§r§e!§r
[14:00:30] [DEBUG] §r§f§lCOMMON! §r§6+2,000 coins §r§egift with §r§a[VIP§r§6+§r§a] Bidi3ESP§r§f§r§e!§r
[14:00:31] [DEBUG] §r§f§lCOMMON! §r§3+100 Foraging XP §r§egift with §r§a[VIP§r§6+§r§a] Bidi3ESP§r§f§r§e!§r
[14:00:32] [DEBUG] §r§f§lCOMMON! §r§6+2,000 coins §r§egift with §r§a[VIP§r§6+§r§a] Bidi3ESP§r§f§r§e!§r
[14:00:32] [DEBUG] §r§f§lCOMMON! §r§3+100 Combat XP §r§egift with §r§a[VIP§r§6+§r§a] Bidi3ESP§r§f§r§e!§r
[14:00:34] [DEBUG] §r§f§lCOMMON! §r§6+1,000 coins §r§egift with §r§a[VIP§r§6+§r§a] Bidi3ESP§r§f§r§e!§r
[14:02:06] [DEBUG] §r§f§lCOMMON! §r§6+1,000 coins §r§egift with §r§a[VIP] NahiaWarrior§r§f§r§e!§r
[14:02:08] [DEBUG] §r§f§lCOMMON! §r§6+1,000 coins §r§egift with §r§b[MVP§r§2+§r§b] Skylordd_§r§f§r§e!§r
[14:02:13] [DEBUG] §r§9§lRARE! §r§f◆ Ice Rune §r§egift with §r§a[VIP] NahiaWarrior§r§f§r§e!§r
[14:02:14] [DEBUG] §r§f§lCOMMON! §r§3+250 Foraging XP §r§egift with §r§b[MVP§r§2+§r§b] Skylordd_§r§f§r§e!§r
[14:02:17] [DEBUG] §r§9§lRARE! §r§6+10,000 coins §r§egift with §r§b[MVP§r§2+§r§b] Skylordd_§r§f§r§e!§r
[14:02:19] [DEBUG] §r§f§lCOMMON! §r§6+2,000 coins §r§egift with §r§b[MVP§r§2+§r§b] Skylordd_§r§f§r§e!§r
[14:02:27] [DEBUG] §r§f§lCOMMON! §r§6+2,000 coins §r§egift with §r§a[VIP] NahiaWarrior§r§f§r§e!§r
[14:02:32] [DEBUG] §r§f§lCOMMON! §r§6+5,000 coins §r§egift with §r§b[MVP§r§2+§r§b] Skylordd_§r§f§r§e!§r
[14:02:36] [DEBUG] §r§f§lCOMMON! §r§6+5,000 coins §r§egift with §r§b[MVP§r§2+§r§b] Skylordd_§r§f§r§e!§r
[14:02:39] [DEBUG] §r§f§lCOMMON! §r§fFishing XP Boost II Potion §r§egift with §r§b[MVP§r§2+§r§b] Skylordd_§r§f§r§e!§r
[14:02:39] [DEBUG] §r§f§lCOMMON! §r§3+100 Enchanting XP §r§egift with §r§b[MVP§r§2+§r§b] Skylordd_§r§f§r§e!§r
[14:02:47] [DEBUG] §r§f§lCOMMON! §r§6+5,000 coins §r§egift with §r§b[MVP§r§2+§r§b] Skylordd_§r§f§r§e!§r
[14:02:51] [DEBUG] §r§9§lRARE! §r§6+10,000 coins §r§egift with §r§b[MVP§r§2+§r§b] Skylordd_§r§f§r§e!§r
[14:02:54] [DEBUG] §r§9§lRARE! §r§6+10,000 coins §r§egift with §r§a[VIP] NahiaWarrior§r§f§r§e!§r
[14:02:54] [DEBUG] §r§f§lCOMMON! §r§6+2,000 coins §r§egift with §r§b[MVP§r§2+§r§b] Skylordd_§r§f§r§e!§r
[14:02:59] [DEBUG] §r§f§lCOMMON! §r§6+1,000 coins §r§egift with §r§b[MVP§r§2+§r§b] Skylordd_§r§f§r§e!§r
[14:03:00] [DEBUG] §r§e§lSWEET! §r§9Battle Disc §r§egift with §r§a[VIP] NahiaWarrior§r§f§r§e!§r
[14:03:01] [DEBUG] §r§9§lRARE! §r§f◆ Ice Rune §r§egift with §r§a[VIP] NahiaWarrior§r§f§r§e!§r
[14:03:20] [DEBUG] §r§f§lCOMMON! §r§3+250 Mining XP §r§egift with §r§a[VIP] NahiaWarrior§r§f§r§e!§r
[14:03:22] [DEBUG] §r§f§lCOMMON! §r§3+100 Enchanting XP §r§egift with §r§a[VIP] NahiaWarrior§r§f§r§e!§r
[14:03:24] [DEBUG] §r§f§lCOMMON! §r§3+500 Combat XP §r§egift with §r§a[VIP] NahiaWarrior§r§f§r§e!§r
[14:03:26] [DEBUG] §r§f§lCOMMON! §r§fFishing XP Boost I Potion §r§egift with §r§a[VIP] NahiaWarrior§r§f§r§e!§r
[14:11:53] [DEBUG] §r§f§lCOMMON! §r§fFishing XP Boost II Potion §r§egift with §r§a[VIP] JxmL§r§f§r§e!§r
[14:12:15] [DEBUG] §r§f§lCOMMON! §r§3+100 Foraging XP §r§egift with §r§b[MVP§r§c+§r§b] i_m_genius§r§f§r§e!§r
[15:13:39] [DEBUG] §r§9§lRARE! §r§f◆ Ice Rune §r§egift with §r§b[MVP§r§2+§r§b] MushroomedXD§r§f§r§e!§r
[15:13:47] [DEBUG] §r§f§lCOMMON! §r§6+5,000 coins §r§egift with §r§b[MVP§r§2+§r§b] MushroomedXD§r§f§r§e!§r
[15:13:48] [DEBUG] §r§e§lSWEET! §r§fPresent Stack §r§egift with §r§b[MVP§r§2+§r§b] MushroomedXD§r§f§r§e!§r
[15:13:49] [DEBUG] §r§f§lCOMMON! §r§6+2,000 coins §r§egift with §r§b[MVP§r§2+§r§b] MushroomedXD§r§f§r§e!§r
[15:13:51] [DEBUG] §r§f§lCOMMON! §r§fFarming XP Boost I Potion §r§egift with §r§b[MVP§r§2+§r§b] MushroomedXD§r§f§r§e!§r
[15:13:52] [DEBUG] §r§f§lCOMMON! §r§fCombat XP Boost I Potion §r§egift with §r§b[MVP§r§2+§r§b] MushroomedXD§r§f§r§e!§r
[15:13:59] [DEBUG] §r§f§lCOMMON! §r§3+100 Mining XP §r§egift with §r§b[MVP§r§2+§r§b] MushroomedXD§r§f§r§e!§r
[15:14:01] [DEBUG] §r§9§lRARE! §r§9Looting IV §r§egift with §r§b[MVP§r§2+§r§b] MushroomedXD§r§f§r§e!§r
[15:14:11] [DEBUG] You got Looting IV but it doesn't show on toast!
[15:20:35] [DEBUG] §r§6§lGOOD CATCH! §r§bYou found §r§680,579 Coins§r§b.§r
[15:26:09] [DEBUG] §r§6§lGOOD CATCH! §r§bYou found a §r§aGrand Experience Bottle§r§b.§r
[15:33:12] [DEBUG] §r§6§lGOOD CATCH! §r§bYou found a §r§aMusic Disc - Stal§r§b.§r
[15:35:13] [DEBUG] §r§6§lGOOD CATCH! §r§bYou found §r§687,901 Coins§r§b.§r
[15:51:21] [DEBUG] §r§f§lCOMMON! §r§6+2,000 coins §r§egift with §r§a[VIP§r§6+§r§a] YesntMesnt§r§f§r§e!§r
[15:51:37] [DEBUG] §r§9§lRARE! §r§f◆ Ice Rune §r§egift with §r§a[VIP§r§6+§r§a] YesntMesnt§r§f§r§e!§r
[15:51:38] [DEBUG] §r§f§lCOMMON! §r§3+100 Mining XP §r§egift with §r§a[VIP§r§6+§r§a] YesntMesnt§r§f§r§e!§r
[15:51:40] [DEBUG] §r§f§lCOMMON! §r§6+2,000 coins §r§egift with §r§a[VIP§r§6+§r§a] YesntMesnt§r§f§r§e!§r
[15:51:53] [DEBUG] §r§e§lSWEET! §r§9Winter Disc §r§egift with §r§a[VIP§r§6+§r§a] YesntMesnt§r§f§r§e!§r
[16:03:32] [DEBUG] §r§6§lGOOD CATCH! §r§bYou found a §r§aGrand Experience Bottle§r§b.§r
[16:07:50] [DEBUG] §r§6§lGOOD CATCH! §r§bYou found a §r§aBlessed Bait§r§b.§r
[16:09:28] [DEBUG] §r§6§lGOOD CATCH! §r§bYou found a §r§fGolden Apple§r§b.§r
[16:30:48] [DEBUG] §r§f§lCOMMON! §r§6+5,000 coins §r§egift with §r§b[MVP] Absolute_Spoon§r§f§r§e!§r
[16:30:54] [DEBUG] §r§f§lCOMMON! §r§3+250 Enchanting XP §r§egift with §r§b[MVP] Absolute_Spoon§r§f§r§e!§r
[16:30:56] [DEBUG] §r§f§lCOMMON! §r§3+100 Fishing XP §r§egift with §r§b[MVP] Absolute_Spoon§r§f§r§e!§r
[16:30:59] [DEBUG] §r§f§lCOMMON! §r§3+250 Alchemy XP §r§egift with §r§b[MVP] Absolute_Spoon§r§f§r§e!§r
[16:30:59] [DEBUG] §r§f§lCOMMON! §r§6+2,000 coins §r§egift with §r§b[MVP] Absolute_Spoon§r§f§r§e!§r
[16:31:01] [DEBUG] §r§f§lCOMMON! §r§6+2,000 coins §r§egift with §r§b[MVP] Absolute_Spoon§r§f§r§e!§r
[16:31:01] [DEBUG] §r§f§lCOMMON! §r§fMining XP Boost I Potion §r§egift with §r§b[MVP] Absolute_Spoon§r§f§r§e!§r
[16:31:04] [DEBUG] §r§f§lCOMMON! §r§fCombat XP Boost I Potion §r§egift with §r§b[MVP] Absolute_Spoon§r§f§r§e!§r
[16:31:04] [DEBUG] §r§f§lCOMMON! §r§3+100 Fishing XP §r§egift with §r§b[MVP] Absolute_Spoon§r§f§r§e!§r
[16:31:04] [DEBUG] §r§9§lRARE! §r§9Luck VI §r§egift with §r§b[MVP] Absolute_Spoon§r§f§r§e!§r
[16:31:06] [DEBUG] §r§f§lCOMMON! §r§fFarming XP Boost I Potion §r§egift with §r§b[MVP] Absolute_Spoon§r§f§r§e!§r
[16:31:06] [DEBUG] §r§f§lCOMMON! §r§fMining XP Boost I Potion §r§egift with §r§b[MVP] Absolute_Spoon§r§f§r§e!§r
[16:31:10] [DEBUG] §r§f§lCOMMON! §r§6+5,000 coins §r§egift with §r§b[MVP§r§6+§r§b] Crackulus§r§f§r§e!§r
[16:31:11] [DEBUG] §r§f§lCOMMON! §r§6+5,000 coins §r§egift with §r§b[MVP§r§6+§r§b] Crackulus§r§f§r§e!§r
[16:31:12] [DEBUG] §r§f§lCOMMON! §r§6+5,000 coins §r§egift with §r§b[MVP] Absolute_Spoon§r§f§r§e!§r
[16:31:14] [DEBUG] You got Luck VI but it doesn't show on toast!
[16:31:16] [DEBUG] §r§f§lCOMMON! §r§6+1,000 coins §r§egift with §r§b[MVP§r§6+§r§b] Crackulus§r§f§r§e!§r
[16:31:18] [DEBUG] §r§f§lCOMMON! §r§6+5,000 coins §r§egift with §r§b[MVP] Absolute_Spoon§r§f§r§e!§r
[16:31:18] [DEBUG] §r§f§lCOMMON! §r§3+100 Enchanting XP §r§egift with §r§b[MVP§r§6+§r§b] Crackulus§r§f§r§e!§r
[16:31:19] [DEBUG] §r§e§lSWEET! §r§9Winter Disc §r§egift with §r§b[MVP] Absolute_Spoon§r§f§r§e!§r
[16:31:19] [DEBUG] §r§f§lCOMMON! §r§6+1,000 coins §r§egift with §r§b[MVP§r§6+§r§b] Crackulus§r§f§r§e!§r
[16:31:20] [DEBUG] §r§9§lRARE! §r§6+10,000 coins §r§egift with §r§b[MVP] Absolute_Spoon§r§f§r§e!§r
[16:31:20] [DEBUG] §r§f§lCOMMON! §r§3+250 Enchanting XP §r§egift with §r§b[MVP§r§6+§r§b] Crackulus§r§f§r§e!§r
[16:31:21] [DEBUG] §r§9§lRARE! §r§f◆ Ice Rune §r§egift with §r§b[MVP§r§6+§r§b] Crackulus§r§f§r§e!§r
[16:31:22] [DEBUG] §r§f§lCOMMON! §r§6+2,000 coins §r§egift with §r§b[MVP] Absolute_Spoon§r§f§r§e!§r
[16:31:24] [DEBUG] §r§f§lCOMMON! §r§fFarming XP Boost I Potion §r§egift with §r§b[MVP] Absolute_Spoon§r§f§r§e!§r
[16:31:26] [DEBUG] §r§f§lCOMMON! §r§3+500 Farming XP §r§egift with §r§b[MVP] Absolute_Spoon§r§f§r§e!§r
[16:31:27] [DEBUG] §r§f§lCOMMON! §r§3+100 Fishing XP §r§egift with §r§b[MVP] Absolute_Spoon§r§f§r§e!§r
[16:31:27] [DEBUG] §r§f§lCOMMON! §r§6+2,000 coins §r§egift with §r§b[MVP] Absolute_Spoon§r§f§r§e!§r
[16:31:28] [DEBUG] §r§f§lCOMMON! §r§6+1,000 coins §r§egift with §r§b[MVP§r§6+§r§b] Crackulus§r§f§r§e!§r
[16:31:28] [DEBUG] §r§f§lCOMMON! §r§3+100 Combat XP §r§egift with §r§b[MVP§r§6+§r§b] Crackulus§r§f§r§e!§r
[16:31:29] [DEBUG] §r§f§lCOMMON! §r§3+500 Mining XP §r§egift with §r§b[MVP] Absolute_Spoon§r§f§r§e!§r
[16:31:34] [DEBUG] §r§f§lCOMMON! §r§fAlchemy XP Boost I Potion §r§egift with §r§b[MVP] Absolute_Spoon§r§f§r§e!§r
[16:31:34] [DEBUG] §r§f§lCOMMON! §r§3+100 Combat XP §r§egift with §r§b[MVP] Absolute_Spoon§r§f§r§e!§r
[16:31:34] [DEBUG] §r§f§lCOMMON! §r§6+1,000 coins §r§egift with §r§b[MVP§r§6+§r§b] Crackulus§r§f§r§e!§r
[16:31:35] [DEBUG] §r§9§lRARE! §r§6+10,000 coins §r§egift with §r§7Nahiplayz§r§7§r§e!§r
[16:31:35] [DEBUG] §r§f§lCOMMON! §r§fForaging XP Boost I Potion §r§egift with §r§b[MVP] Absolute_Spoon§r§f§r§e!§r
[16:31:37] [DEBUG] §r§f§lCOMMON! §r§3+250 Alchemy XP §r§egift with §r§7koningTM§r§7§r§e!§r
[16:31:39] [DEBUG] §r§f§lCOMMON! §r§6+2,000 coins §r§egift with §r§b[MVP] Absolute_Spoon§r§f§r§e!§r
[16:31:40] [DEBUG] §r§f§lCOMMON! §r§6+5,000 coins §r§egift with §r§7Nahiplayz§r§7§r§e!§r
[16:31:40] [DEBUG] §r§f§lCOMMON! §r§3+100 Combat XP §r§egift with §r§7koningTM§r§7§r§e!§r
[16:31:42] [DEBUG] §r§f§lCOMMON! §r§6+5,000 coins §r§egift with §r§b[MVP] Absolute_Spoon§r§f§r§e!§r
[16:31:45] [DEBUG] §r§f§lCOMMON! §r§6+2,000 coins §r§egift with §r§b[MVP§r§d+§r§b] Yeetermoon_YT§r§f§r§e!§r
[16:31:46] [DEBUG] §r§e§lSWEET! §r§fGrinch Minion Skin §r§egift with §r§b[MVP] Absolute_Spoon§r§f§r§e!§r
[16:31:47] [DEBUG] §r§f§lCOMMON! §r§fEnchanting XP Boost II Potion §r§egift with §r§b[MVP] Absolute_Spoon§r§f§r§e!§r
[16:31:47] [DEBUG] §r§9§lRARE! §r§6+10,000 coins §r§egift with §r§b[MVP§r§6+§r§b] Crackulus§r§f§r§e!§r
[16:31:49] [DEBUG] §r§f§lCOMMON! §r§3+100 Mining XP §r§egift with §r§b[MVP§r§d+§r§b] Yeetermoon_YT§r§f§r§e!§r
[16:31:53] [DEBUG] §r§f§lCOMMON! §r§3+100 Foraging XP §r§egift with §r§b[MVP] Absolute_Spoon§r§f§r§e!§r
[16:31:54] [DEBUG] §r§f§lCOMMON! §r§3+100 Farming XP §r§egift with §r§7koningTM§r§7§r§e!§r
[16:31:55] [DEBUG] §r§9§lRARE! §r§6+10,000 coins §r§egift with §r§b[MVP] Absolute_Spoon§r§f§r§e!§r
[16:31:55] [DEBUG] §r§f§lCOMMON! §r§6+2,000 coins §r§egift with §r§b[MVP] Absolute_Spoon§r§f§r§e!§r
[16:32:00] [DEBUG] §r§9§lRARE! §r§6+10,000 coins §r§egift with §r§b[MVP] Absolute_Spoon§r§f§r§e!§r
[16:32:01] [DEBUG] §r§f§lCOMMON! §r§fFishing XP Boost I Potion §r§egift with §r§7Nahiplayz§r§7§r§e!§r
[16:32:02] [DEBUG] §r§f§lCOMMON! §r§6+2,000 coins §r§egift with §r§b[MVP] Absolute_Spoon§r§f§r§e!§r
[16:32:08] [DEBUG] §r§f§lCOMMON! §r§3+100 Farming XP §r§egift with §r§b[MVP] Absolute_Spoon§r§f§r§e!§r
[16:32:08] [DEBUG] §r§f§lCOMMON! §r§6+5,000 coins §r§egift with §r§7davich199§r§7§r§e!§r
[16:32:11] [DEBUG] §r§f§lCOMMON! §r§6+5,000 coins §r§egift with §r§b[MVP] Absolute_Spoon§r§f§r§e!§r
[16:32:12] [DEBUG] §r§9§lRARE! §r§6+10,000 coins §r§egift with §r§7Nahiplayz§r§7§r§e!§r
[16:32:12] [DEBUG] §r§9§lRARE! §r§6+10,000 coins §r§egift with §r§b[MVP] Absolute_Spoon§r§f§r§e!§r
[16:32:13] [DEBUG] §r§f§lCOMMON! §r§6+5,000 coins §r§egift with §r§b[MVP] Absolute_Spoon§r§f§r§e!§r
[16:32:14] [DEBUG] §r§9§lRARE! §r§6+10,000 coins §r§egift with §r§7davich199§r§7§r§e!§r
[16:32:16] [DEBUG] §r§f§lCOMMON! §r§3+250 Mining XP §r§egift with §r§7davich199§r§7§r§e!§r
[16:32:16] [DEBUG] §r§f§lCOMMON! §r§6+2,000 coins §r§egift with §r§b[MVP] Absolute_Spoon§r§f§r§e!§r
[16:32:17] [DEBUG] §r§f§lCOMMON! §r§3+100 Foraging XP §r§egift with §r§b[MVP] Absolute_Spoon§r§f§r§e!§r
[16:32:19] [DEBUG] §r§f§lCOMMON! §r§3+250 Combat XP §r§egift with §r§7Nahiplayz§r§7§r§e!§r
[16:32:21] [DEBUG] §r§f§lCOMMON! §r§6+2,000 coins §r§egift with §r§b[MVP] Absolute_Spoon§r§f§r§e!§r
[16:32:21] [DEBUG] §r§f§lCOMMON! §r§3+500 Alchemy XP §r§egift with §r§7davich199§r§7§r§e!§r
[16:32:22] [DEBUG] §r§f§lCOMMON! §r§6+5,000 coins §r§egift with §r§b[MVP§r§d+§r§b] Yeetermoon_YT§r§f§r§e!§r
[16:32:23] [DEBUG] §r§f§lCOMMON! §r§fForaging XP Boost II Potion §r§egift with §r§b[MVP] Absolute_Spoon§r§f§r§e!§r
[16:32:25] [DEBUG] §r§f§lCOMMON! §r§6+2,000 coins §r§egift with §r§b[MVP] Absolute_Spoon§r§f§r§e!§r
[16:32:29] [DEBUG] §r§f§lCOMMON! §r§3+250 Farming XP §r§egift with §r§b[MVP] Absolute_Spoon§r§f§r§e!§r
[16:32:30] [DEBUG] §r§f§lCOMMON! §r§3+100 Combat XP §r§egift with §r§b[MVP] Absolute_Spoon§r§f§r§e!§r
[16:32:31] [DEBUG] §r§f§lCOMMON! §r§3+100 Alchemy XP §r§egift with §r§b[MVP] Absolute_Spoon§r§f§r§e!§r
[16:32:35] [DEBUG] §r§f§lCOMMON! §r§6+1,000 coins §r§egift with §r§b[MVP] Absolute_Spoon§r§f§r§e!§r
[16:32:37] [DEBUG] §r§f§lCOMMON! §r§6+2,000 coins §r§egift with §r§b[MVP] Absolute_Spoon§r§f§r§e!§r
[16:32:37] [DEBUG] §r§f§lCOMMON! §r§6+1,000 coins §r§egift with §r§b[MVP] Absolute_Spoon§r§f§r§e!§r
[16:32:39] [DEBUG] §r§f§lCOMMON! §r§6+2,000 coins §r§egift with §r§b[MVP] Absolute_Spoon§r§f§r§e!§r
[16:32:40] [DEBUG] §r§f§lCOMMON! §r§3+100 Combat XP §r§egift with §r§b[MVP] Absolute_Spoon§r§f§r§e!§r
[16:32:41] [DEBUG] §r§9§lRARE! §r§6+10,000 coins §r§egift with §r§b[MVP] Absolute_Spoon§r§f§r§e!§r
[16:32:43] [DEBUG] §r§f§lCOMMON! §r§6+5,000 coins §r§egift with §r§b[MVP] Absolute_Spoon§r§f§r§e!§r
[16:41:01] [DEBUG] §r§9§lRARE! §r§6+10,000 coins §r§egift with §r§a[VIP§r§6+§r§a] SleepinThisTime§r§f§r§e!§r
[16:41:03] [DEBUG] §r§f§lCOMMON! §r§6+5,000 coins §r§egift with §r§a[VIP§r§6+§r§a] SleepinThisTime§r§f§r§e!§r
