[14:27:46] [DEBUG] §r§6§lALLOWANCE! §r§eYou earned §r§650,000 coins§r§e!§r
[17:30:05] [DEBUG] §r§a[VIP§r§6+§r§a] HotBaconWasTaken§r§f §r§ehas obtained §r§a§r§9Superboom TNT§r§e!§r
[17:30:06] [DEBUG] §r§a[VIP§r§6+§r§a] HotBaconWasTaken§r§f §r§ehas obtained §r§a§r§6§r§8Wither Key§r§e!§r
[17:30:16] [DEBUG] You got Wither Key but it doesn't show on toast!
[17:30:47] [DEBUG] §r§a[VIP§r§6+§r§a] HotBaconWasTaken§r§f §r§ehas obtained §r§a§r§9Superboom TNT§r§e!§r
[17:30:54] [DEBUG] §r§a[VIP§r§6+§r§a] HotBaconWasTaken§r§f §r§ehas obtained §r§a§r§6Heavy Skeletor Chestplate§r§e!§r
[17:31:04] [DEBUG] You got Heavy Skeletor Chestplate but it doesn't show on toast!
[17:40:46] [DEBUG] §r§a[VIP§r§6+§r§a] HotBaconWasTaken§r§f §r§ehas obtained §r§a§r§6Revive Stone§r§e!§r
[17:40:46] [DEBUG] §r§a[VIP§r§6+§r§a] HotBaconWasTaken§r§f §r§ehas obtained §r§a§r§6§r§8Wither Key§r§e!§r
[17:40:46] [DEBUG] §r§a[VIP§r§6+§r§a] HotBaconWasTaken§r§f §r§ehas obtained §r§a§r§dBlessing of Power§r§e!§r
[17:40:56] [DEBUG] You got Wither Key but it doesn't show on toast!
[17:40:56] [DEBUG] You got Blessing of Power but it doesn't show on toast!
[17:41:38] [DEBUG] §r§a[VIP§r§6+§r§a] HotBaconWasTaken§r§f §r§ehas obtained §r§a§r§9Premium Flesh§r§e!§r
[17:41:55] [DEBUG] §r§a[VIP§r§6+§r§a] HotBaconWasTaken§r§f §r§ehas obtained §r§a§r§6Revive Stone§r§e!§r
[17:41:55] [DEBUG] §r§a[VIP§r§6+§r§a] HotBaconWasTaken§r§f §r§ehas obtained §r§a§r§dBlessing of Wisdom§r§e!§r
[17:42:05] [DEBUG] You got Blessing of Wisdom but it doesn't show on toast!
[17:42:11] [DEBUG] §r§a[VIP§r§6+§r§a] HotBaconWasTaken§r§f §r§ehas obtained §r§a§r§9Superboom TNT§r§e!§r
[17:42:13] [DEBUG] §r§a[VIP§r§6+§r§a] HotBaconWasTaken§r§f §r§ehas obtained §r§a§r§6§r§8Wither Key§r§e!§r
[17:42:13] [DEBUG] §r§a[VIP§r§6+§r§a] HotBaconWasTaken§r§f §r§ehas obtained §r§a§r§dBlessing of Power§r§e!§r
[17:42:23] [DEBUG] You got Wither Key but it doesn't show on toast!
[17:42:23] [DEBUG] You got Blessing of Power but it doesn't show on toast!
[17:42:38] [DEBUG] §r§a[VIP§r§6+§r§a] HotBaconWasTaken§r§f §r§ehas obtained §r§a§r§6§r§8Wither Key§r§e!§r
[17:42:39] [DEBUG] §r§a[VIP§r§6+§r§a] HotBaconWasTaken§r§f §r§ehas obtained §r§a§r§9Superboom TNT§r§e!§r
[17:42:48] [DEBUG] You got Wither Key but it doesn't show on toast!
[17:46:49] [DEBUG] §r§a[VIP§r§6+§r§a] HotBaconWasTaken§r§f §r§ehas obtained §r§a§r§9Superboom TNT§r§e!§r
[17:46:49] [DEBUG] §r§a[VIP§r§6+§r§a] HotBaconWasTaken§r§f §r§ehas obtained §r§a§r§6§r§8Wither Key§r§e!§r
[17:46:49] [DEBUG] §r§a[VIP§r§6+§r§a] HotBaconWasTaken§r§f §r§ehas obtained §r§a§r§dBlessing of Stone§r§e!§r
[17:46:59] [DEBUG] You got Wither Key but it doesn't show on toast!
[17:46:59] [DEBUG] You got Blessing of Stone but it doesn't show on toast!
[17:47:26] [DEBUG] §r§a[VIP§r§6+§r§a] HotBaconWasTaken§r§f §r§ehas obtained §r§a§r§6§r§8Wither Key§r§e!§r
[17:47:26] [DEBUG] §r§a[VIP§r§6+§r§a] HotBaconWasTaken§r§f §r§ehas obtained §r§a§r§9Superboom TNT§r§e!§r
[17:47:36] [DEBUG] You got Wither Key but it doesn't show on toast!
[17:47:50] [DEBUG] §r§a[VIP§r§6+§r§a] HotBaconWasTaken§r§f §r§ehas obtained §r§a§r§c§r§cBlood Key§r§e!§r
[17:47:50] [DEBUG] §r§a[VIP§r§6+§r§a] HotBaconWasTaken§r§f §r§ehas obtained §r§a§r§9Superboom TNT§r§e!§r
[17:48:00] [DEBUG] You got Blood Key but it doesn't show on toast!
[17:54:22] [DEBUG] §r§a[VIP§r§6+§r§a] HotBaconWasTaken§r§f §r§ehas obtained §r§a§r§9Premium Flesh§r§e!§r
[17:56:34] [DEBUG] §r§a[VIP§r§6+§r§a] HotBaconWasTaken§r§f §r§ehas obtained §r§a§r§9Superboom TNT§r§e!§r
[17:58:06] [DEBUG] §r§a[VIP§r§6+§r§a] HotBaconWasTaken§r§f §r§ehas obtained §r§a§r§dBlessing of Life§r§e!§r
[17:58:06] [DEBUG] §r§a[VIP§r§6+§r§a] HotBaconWasTaken§r§f §r§ehas obtained §r§a§r§dBlessing of Power§r§e!§r
[17:58:06] [DEBUG] §r§a[VIP§r§6+§r§a] HotBaconWasTaken§r§f §r§ehas obtained §r§a§r§dBlessing of Life§r§e!§r
[17:58:16] [DEBUG] You got Blessing of Life but it doesn't show on toast!
[17:58:16] [DEBUG] You got Blessing of Power but it doesn't show on toast!
[17:58:16] [DEBUG] You got Blessing of Life but it doesn't show on toast!
[18:02:30] [DEBUG] §r§a[VIP§r§6+§r§a] HotBaconWasTaken§r§f §r§ehas obtained §r§a§r§9Superboom TNT §r§8x2§r§e!§r
[18:02:30] [DEBUG] §r§a[VIP§r§6+§r§a] HotBaconWasTaken§r§f §r§ehas obtained §r§a§r§6§r§8Wither Key§r§e!§r
[18:02:40] [DEBUG] You got Superboom TNT x2 but it doesn't show on toast!
[18:02:41] [DEBUG] You got Wither Key but it doesn't show on toast!
[18:03:07] [DEBUG] §r§a[VIP§r§6+§r§a] HotBaconWasTaken§r§f §r§ehas obtained §r§a§r§5Sharp Silent Death§r§e!§r
[18:03:07] [DEBUG] §r§a[VIP§r§6+§r§a] HotBaconWasTaken§r§f §r§ehas obtained §r§a§r§9Superboom TNT§r§e!§r
[18:03:07] [DEBUG] §r§a[VIP§r§6+§r§a] HotBaconWasTaken§r§f §r§ehas obtained §r§a§r§6§r§8Wither Key§r§e!§r
[18:03:17] [DEBUG] You got Sharp Silent Death but it doesn't show on toast!
[18:03:17] [DEBUG] You got Wither Key but it doesn't show on toast!
[18:08:19] [DEBUG] §r§a[VIP§r§6+§r§a] HotBaconWasTaken§r§f §r§ehas obtained §r§a§r§dBlessing of Life§r§e!§r
[18:08:19] [DEBUG] §r§a[VIP§r§6+§r§a] HotBaconWasTaken§r§f §r§ehas obtained §r§a§r§dBlessing of Power§r§e!§r
[18:08:20] [DEBUG] §r§a[VIP§r§6+§r§a] HotBaconWasTaken§r§f §r§ehas obtained §r§a§r§dBlessing of Life§r§e!§r
[18:08:29] [DEBUG] You got Blessing of Life but it doesn't show on toast!
[18:08:29] [DEBUG] You got Blessing of Power but it doesn't show on toast!
[18:08:30] [DEBUG] You got Blessing of Life but it doesn't show on toast!
[18:17:53] [DEBUG] §r§a[VIP§r§6+§r§a] HotBaconWasTaken§r§f §r§ehas obtained §r§a§r§9Superboom TNT§r§e!§r
[18:17:53] [DEBUG] §r§a[VIP§r§6+§r§a] HotBaconWasTaken§r§f §r§ehas obtained §r§a§r§6§r§8Wither Key§r§e!§r
[18:18:03] [DEBUG] You got Wither Key but it doesn't show on toast!
[18:18:13] [DEBUG] §r§a[VIP§r§6+§r§a] HotBaconWasTaken§r§f §r§ehas obtained §r§a§r§6§r§8Wither Key§r§e!§r
[18:18:13] [DEBUG] §r§a[VIP§r§6+§r§a] HotBaconWasTaken§r§f §r§ehas obtained §r§a§r§9Superboom TNT §r§8x2§r§e!§r
[18:18:23] [DEBUG] You got Wither Key but it doesn't show on toast!
[18:18:23] [DEBUG] You got Superboom TNT x2 but it doesn't show on toast!
[18:20:15] [DEBUG] §r§a[VIP§r§6+§r§a] HotBaconWasTaken§r§f §r§ehas obtained §r§a§r§9Superboom TNT§r§e!§r
[18:20:15] [DEBUG] §r§a[VIP§r§6+§r§a] HotBaconWasTaken§r§f §r§ehas obtained §r§a§r§dBlessing of Wisdom§r§e!§r
[18:20:15] [DEBUG] §r§a[VIP§r§6+§r§a] HotBaconWasTaken§r§f §r§ehas obtained §r§a§r§6§r§8Wither Key§r§e!§r
[18:20:25] [DEBUG] You got Blessing of Wisdom but it doesn't show on toast!
[18:20:25] [DEBUG] You got Wither Key but it doesn't show on toast!
[18:20:50] [DEBUG] §r§a[VIP§r§6+§r§a] HotBaconWasTaken§r§f §r§ehas obtained §r§a§r§9Superboom TNT§r§e!§r
[18:20:50] [DEBUG] §r§a[VIP§r§6+§r§a] HotBaconWasTaken§r§f §r§ehas obtained §r§a§r§c§r§cBlood Key§r§e!§r
[18:20:50] [DEBUG] §r§a[VIP§r§6+§r§a] HotBaconWasTaken§r§f §r§ehas obtained §r§a§r§dBlessing of Stone§r§e!§r
[18:21:00] [DEBUG] You got Blood Key but it doesn't show on toast!
[18:21:00] [DEBUG] You got Blessing of Stone but it doesn't show on toast!
[18:30:41] [DEBUG] §r§a[VIP§r§6+§r§a] HotBaconWasTaken§r§f §r§ehas obtained §r§a§r§9Superboom TNT§r§e!§r
[18:30:41] [DEBUG] §r§a[VIP§r§6+§r§a] HotBaconWasTaken§r§f §r§ehas obtained §r§a§r§dBlessing of Power§r§e!§r
[18:30:51] [DEBUG] You got Blessing of Power but it doesn't show on toast!
[18:31:39] [DEBUG] §r§a[VIP§r§6+§r§a] HotBaconWasTaken§r§f §r§ehas obtained §r§a§r§9Superboom TNT§r§e!§r
[18:32:13] [DEBUG] §r§a[VIP§r§6+§r§a] HotBaconWasTaken§r§f §r§ehas obtained §r§a§r§9Superboom TNT§r§e!§r
[18:32:29] [DEBUG] §r§a[VIP§r§6+§r§a] HotBaconWasTaken§r§f §r§ehas obtained §r§a§r§9Premium Flesh§r§e!§r
[18:32:31] [DEBUG] §r§a[VIP§r§6+§r§a] HotBaconWasTaken§r§f §r§ehas obtained §r§a§r§9Superboom TNT§r§e!§r
[18:35:15] [DEBUG] §r§a[VIP§r§6+§r§a] HotBaconWasTaken§r§f §r§ehas obtained §r§a§r§dBlessing of Life§r§e!§r
[18:35:15] [DEBUG] §r§a[VIP§r§6+§r§a] HotBaconWasTaken§r§f §r§ehas obtained §r§a§r§dBlessing of Power§r§e!§r
[18:35:25] [DEBUG] You got Blessing of Life but it doesn't show on toast!
[18:35:25] [DEBUG] You got Blessing of Power but it doesn't show on toast!
[18:43:14] [DEBUG] §r§a[VIP§r§6+§r§a] HotBaconWasTaken§r§f §r§ehas obtained §r§a§r§6Revive Stone§r§e!§r
[18:43:14] [DEBUG] §r§a[VIP§r§6+§r§a] HotBaconWasTaken§r§f §r§ehas obtained §r§a§r§6§r§8Wither Key§r§e!§r
[18:43:15] [DEBUG] §r§a[VIP§r§6+§r§a] HotBaconWasTaken§r§f §r§ehas obtained §r§a§r§dBlessing of Stone§r§e!§r
[18:43:24] [DEBUG] You got Wither Key but it doesn't show on toast!
[18:43:25] [DEBUG] You got Blessing of Stone but it doesn't show on toast!
[18:43:29] [DEBUG] §r§a[VIP§r§6+§r§a] HotBaconWasTaken§r§f §r§ehas obtained §r§a§r§5Grand Soulstealer Bow§r§e!§r
[18:43:38] [DEBUG] §r§a[VIP§r§6+§r§a] HotBaconWasTaken§r§f §r§ehas obtained §r§a§r§dBlessing of Wisdom§r§e!§r
[18:43:38] [DEBUG] §r§a[VIP§r§6+§r§a] HotBaconWasTaken§r§f §r§ehas obtained §r§a§r§6§r§8Wither Key§r§e!§r
[18:43:38] [DEBUG] §r§a[VIP§r§6+§r§a] HotBaconWasTaken§r§f §r§ehas obtained §r§a§r§9Superboom TNT §r§8x2§r§e!§r
[18:43:39] [DEBUG] You got Grand Soulstealer Bow but it doesn't show on toast!
[18:43:48] [DEBUG] You got Blessing of Wisdom but it doesn't show on toast!
[18:43:48] [DEBUG] You got Wither Key but it doesn't show on toast!
[18:43:48] [DEBUG] You got Superboom TNT x2 but it doesn't show on toast!
[18:44:22] [DEBUG] §r§a[VIP§r§6+§r§a] HotBaconWasTaken§r§f §r§ehas obtained §r§a§r§c§r§cBlood Key§r§e!§r
[18:44:22] [DEBUG] §r§a[VIP§r§6+§r§a] HotBaconWasTaken§r§f §r§ehas obtained §r§a§r§6Revive Stone§r§e!§r
[18:44:32] [DEBUG] You got Blood Key but it doesn't show on toast!
[18:46:41] [DEBUG] §r§a[VIP§r§6+§r§a] HotBaconWasTaken§r§f §r§ehas obtained §r§a§r§dBlessing of Life§r§e!§r
[18:46:41] [DEBUG] §r§a[VIP§r§6+§r§a] HotBaconWasTaken§r§f §r§ehas obtained §r§a§r§dBlessing of Power§r§e!§r
[18:46:51] [DEBUG] You got Blessing of Life but it doesn't show on toast!
[18:46:51] [DEBUG] You got Blessing of Power but it doesn't show on toast!
[19:55:00] [DEBUG] §r§a[VIP§r§6+§r§a] HotBaconWasTaken§r§f §r§ehas obtained §r§a§r§6§r§8Wither Key§r§e!§r
[19:55:00] [DEBUG] §r§a[VIP§r§6+§r§a] HotBaconWasTaken§r§f §r§ehas obtained §r§a§r§9Superboom TNT§r§e!§r
[19:55:10] [DEBUG] You got Wither Key but it doesn't show on toast!
[19:55:45] [DEBUG] §r§a[VIP§r§6+§r§a] HotBaconWasTaken§r§f §r§ehas obtained §r§a§r§9Premium Flesh§r§e!§r
[19:56:35] [DEBUG] §r§a[VIP§r§6+§r§a] HotBaconWasTaken§r§f §r§ehas obtained §r§a§r§6§r§8Wither Key§r§e!§r
[19:56:35] [DEBUG] §r§a[VIP§r§6+§r§a] HotBaconWasTaken§r§f §r§ehas obtained §r§a§r§6Revive Stone§r§e!§r
[19:56:45] [DEBUG] You got Wither Key but it doesn't show on toast!
[19:57:27] [DEBUG] §r§a[VIP§r§6+§r§a] HotBaconWasTaken§r§f §r§ehas obtained §r§a§r§6§r§8Wither Key§r§e!§r
[19:57:27] [DEBUG] §r§a[VIP§r§6+§r§a] HotBaconWasTaken§r§f §r§ehas obtained §r§a§r§9Superboom TNT§r§e!§r
[19:57:37] [DEBUG] You got Wither Key but it doesn't show on toast!
[19:58:05] [DEBUG] §r§a[VIP§r§6+§r§a] HotBaconWasTaken§r§f §r§ehas obtained §r§a§r§6Revive Stone§r§e!§r
[19:58:05] [DEBUG] §r§a[VIP§r§6+§r§a] HotBaconWasTaken§r§f §r§ehas obtained §r§a§r§6§r§8Wither Key§r§e!§r
[19:58:05] [DEBUG] §r§a[VIP§r§6+§r§a] HotBaconWasTaken§r§f §r§ehas obtained §r§a§r§dBlessing of Life§r§e!§r
[19:58:15] [DEBUG] You got Wither Key but it doesn't show on toast!
[19:58:15] [DEBUG] You got Blessing of Life but it doesn't show on toast!
[19:58:20] [DEBUG] §r§a[VIP§r§6+§r§a] HotBaconWasTaken§r§f §r§ehas obtained §r§a§r§9Superboom TNT§r§e!§r
[19:58:21] [DEBUG] §r§a[VIP§r§6+§r§a] HotBaconWasTaken§r§f §r§ehas obtained §r§a§r§c§r§cBlood Key§r§e!§r
[19:58:31] [DEBUG] You got Blood Key but it doesn't show on toast!
[20:01:37] [DEBUG] §r§a[VIP§r§6+§r§a] HotBaconWasTaken§r§f §r§ehas obtained §r§a§r§dBlessing of Power§r§e!§r
[20:01:37] [DEBUG] §r§a[VIP§r§6+§r§a] HotBaconWasTaken§r§f §r§ehas obtained §r§a§r§dBlessing of Life§r§e!§r
[20:01:47] [DEBUG] You got Blessing of Power but it doesn't show on toast!
[20:01:47] [DEBUG] You got Blessing of Life but it doesn't show on toast!
[20:58:56] [DEBUG] §r§a[VIP§r§6+§r§a] HotBaconWasTaken§r§f §r§ehas obtained §r§a§r§6§r§8Wither Key§r§e!§r
[20:58:56] [DEBUG] §r§a[VIP§r§6+§r§a] HotBaconWasTaken§r§f §r§ehas obtained §r§a§r§dBlessing of Stone§r§e!§r
[20:58:57] [DEBUG] §r§a[VIP§r§6+§r§a] HotBaconWasTaken§r§f §r§ehas obtained §r§a§r§9Superboom TNT§r§e!§r
[20:59:07] [DEBUG] You got Wither Key but it doesn't show on toast!
[20:59:07] [DEBUG] You got Blessing of Stone but it doesn't show on toast!
[21:00:06] [DEBUG] §r§a[VIP§r§6+§r§a] HotBaconWasTaken§r§f §r§ehas obtained §r§a§r§6§r§8Wither Key§r§e!§r
[21:00:06] [DEBUG] §r§a[VIP§r§6+§r§a] HotBaconWasTaken§r§f §r§ehas obtained §r§a§r§9Superboom TNT§r§e!§r
[21:00:17] [DEBUG] You got Wither Key but it doesn't show on toast!
[21:04:07] [DEBUG] §r§a[VIP§r§6+§r§a] HotBaconWasTaken§r§f §r§ehas obtained §r§a§r§9Superboom TNT§r§e!§r
[21:04:07] [DEBUG] §r§a[VIP§r§6+§r§a] HotBaconWasTaken§r§f §r§ehas obtained §r§a§r§c§r§cBlood Key§r§e!§r
[21:04:17] [DEBUG] You got Blood Key but it doesn't show on toast!
[21:11:33] [DEBUG] §r§a[VIP§r§6+§r§a] HotBaconWasTaken§r§f §r§ehas obtained §r§a§r§9Superboom TNT§r§e!§r
[21:11:47] [DEBUG] §r§a[VIP§r§6+§r§a] HotBaconWasTaken§r§f §r§ehas obtained §r§a§r§6Revive Stone§r§e!§r
[21:11:48] [DEBUG] §r§a[VIP§r§6+§r§a] HotBaconWasTaken§r§f §r§ehas obtained §r§a§r§dBlessing of Life§r§e!§r
[21:11:58] [DEBUG] You got Blessing of Life but it doesn't show on toast!
[21:15:21] [DEBUG] §r§a[VIP§r§6+§r§a] HotBaconWasTaken§r§f §r§ehas obtained §r§a§r§9Superboom TNT§r§e!§r
[21:18:50] [DEBUG] §r§a[VIP§r§6+§r§a] HotBaconWasTaken§r§f §r§ehas obtained §r§a§r§dBlessing of Power§r§e!§r
[21:18:51] [DEBUG] §r§a[VIP§r§6+§r§a] HotBaconWasTaken§r§f §r§ehas obtained §r§a§r§dBlessing of Life§r§e!§r
[21:19:00] [DEBUG] You got Blessing of Power but it doesn't show on toast!
[21:19:01] [DEBUG] You got Blessing of Life but it doesn't show on toast!
[22:05:00] [DEBUG] §r§a[VIP§r§6+§r§a] HotBaconWasTaken§r§f §r§ehas obtained §r§a§r§9Superboom TNT§r§e!§r
[22:05:00] [DEBUG] §r§a[VIP§r§6+§r§a] HotBaconWasTaken§r§f §r§ehas obtained §r§a§r§6§r§8Wither Key§r§e!§r
[22:05:01] [DEBUG] §r§a[VIP§r§6+§r§a] HotBaconWasTaken§r§f §r§ehas obtained §r§a§r§dBlessing of Wisdom§r§e!§r
[22:05:10] [DEBUG] You got Wither Key but it doesn't show on toast!
[22:05:11] [DEBUG] You got Blessing of Wisdom but it doesn't show on toast!
[22:05:35] [DEBUG] §r§a[VIP§r§6+§r§a] HotBaconWasTaken§r§f §r§ehas obtained §r§a§r§6§r§8Wither Key§r§e!§r
[22:05:35] [DEBUG] §r§a[VIP§r§6+§r§a] HotBaconWasTaken§r§f §r§ehas obtained §r§a§r§9Superboom TNT§r§e!§r
[22:05:45] [DEBUG] You got Wither Key but it doesn't show on toast!
[22:05:54] [DEBUG] §r§a[VIP§r§6+§r§a] HotBaconWasTaken§r§f §r§ehas obtained §r§a§r§6§r§8Wither Key§r§e!§r
[22:05:54] [DEBUG] §r§a[VIP§r§6+§r§a] HotBaconWasTaken§r§f §r§ehas obtained §r§a§r§9Superboom TNT§r§e!§r
[22:06:04] [DEBUG] You got Wither Key but it doesn't show on toast!
[22:06:11] [DEBUG] §r§a[VIP§r§6+§r§a] HotBaconWasTaken§r§f §r§ehas obtained §r§a§r§6§r§8Wither Key§r§e!§r
[22:06:11] [DEBUG] §r§a[VIP§r§6+§r§a] HotBaconWasTaken§r§f §r§ehas obtained §r§a§r§9Superboom TNT§r§e!§r
[22:06:21] [DEBUG] You got Wither Key but it doesn't show on toast!
[22:06:52] [DEBUG] §r§a[VIP§r§6+§r§a] HotBaconWasTaken§r§f §r§ehas obtained §r§a§r§c§r§cBlood Key§r§e!§r
[22:06:52] [DEBUG] §r§a[VIP§r§6+§r§a] HotBaconWasTaken§r§f §r§ehas obtained §r§a§r§9Superboom TNT§r§e!§r
[22:07:02] [DEBUG] You got Blood Key but it doesn't show on toast!
[22:09:15] [DEBUG] §r§a[VIP§r§6+§r§a] HotBaconWasTaken§r§f §r§ehas obtained §r§a§r§9Beating Heart§r§e!§r
[22:23:34] [DEBUG] §r§a[VIP§r§6+§r§a] HotBaconWasTaken§r§f §r§ehas obtained §r§a§r§6Revive Stone§r§e!§r
[22:23:57] [DEBUG] §r§a[VIP§r§6+§r§a] HotBaconWasTaken§r§f §r§ehas obtained §r§a§r§9Superboom TNT§r§e!§r
[22:23:57] [DEBUG] §r§a[VIP§r§6+§r§a] HotBaconWasTaken§r§f §r§ehas obtained §r§a§r§6§r§8Wither Key§r§e!§r
[22:24:07] [DEBUG] You got Wither Key but it doesn't show on toast!
[22:24:49] [DEBUG] §r§a[VIP§r§6+§r§a] HotBaconWasTaken§r§f §r§ehas obtained §r§a§r§6Revive Stone§r§e!§r
[22:24:49] [DEBUG] §r§a[VIP§r§6+§r§a] HotBaconWasTaken§r§f §r§ehas obtained §r§a§r§6§r§8Wither Key§r§e!§r
[22:24:49] [DEBUG] §r§a[VIP§r§6+§r§a] HotBaconWasTaken§r§f §r§ehas obtained §r§a§r§dBlessing of Power§r§e!§r
[22:24:59] [DEBUG] You got Wither Key but it doesn't show on toast!
[22:24:59] [DEBUG] You got Blessing of Power but it doesn't show on toast!
[22:25:13] [DEBUG] §r§a[VIP§r§6+§r§a] HotBaconWasTaken§r§f §r§ehas obtained §r§a§r§9Superboom TNT§r§e!§r
[22:25:13] [DEBUG] §r§a[VIP§r§6+§r§a] HotBaconWasTaken§r§f §r§ehas obtained §r§a§r§6§r§8Wither Key§r§e!§r
[22:25:24] [DEBUG] You got Wither Key but it doesn't show on toast!
[22:25:40] [DEBUG] §r§a[VIP§r§6+§r§a] HotBaconWasTaken§r§f §r§ehas obtained §r§a§r§6Revive Stone§r§e!§r
[22:25:40] [DEBUG] §r§a[VIP§r§6+§r§a] HotBaconWasTaken§r§f §r§ehas obtained §r§a§r§6§r§8Wither Key§r§e!§r
[22:25:50] [DEBUG] You got Wither Key but it doesn't show on toast!
[22:25:54] [DEBUG] §r§a[VIP§r§6+§r§a] HotBaconWasTaken§r§f §r§ehas obtained §r§a§r§6Revive Stone§r§e!§r
[22:25:54] [DEBUG] §r§a[VIP§r§6+§r§a] HotBaconWasTaken§r§f §r§ehas obtained §r§a§r§6§r§8Wither Key§r§e!§r
[22:26:05] [DEBUG] You got Wither Key but it doesn't show on toast!
[22:26:07] [DEBUG] §r§a[VIP§r§6+§r§a] HotBaconWasTaken§r§f §r§ehas obtained §r§a§r§6§r§8Wither Key§r§e!§r
[22:26:07] [DEBUG] §r§a[VIP§r§6+§r§a] HotBaconWasTaken§r§f §r§ehas obtained §r§a§r§9Superboom TNT§r§e!§r
[22:26:18] [DEBUG] You got Wither Key but it doesn't show on toast!
[22:26:27] [DEBUG] §r§a[VIP§r§6+§r§a] HotBaconWasTaken§r§f §r§ehas obtained §r§a§r§dBlessing of Wisdom§r§e!§r
[22:26:27] [DEBUG] §r§a[VIP§r§6+§r§a] HotBaconWasTaken§r§f §r§ehas obtained §r§a§r§c§r§cBlood Key§r§e!§r
[22:26:28] [DEBUG] §r§a[VIP§r§6+§r§a] HotBaconWasTaken§r§f §r§ehas obtained §r§a§r§9Superboom TNT§r§e!§r
[22:26:38] [DEBUG] You got Blessing of Wisdom but it doesn't show on toast!
[22:26:38] [DEBUG] You got Blood Key but it doesn't show on toast!
[22:28:58] [DEBUG] §r§a[VIP§r§6+§r§a] HotBaconWasTaken§r§f §r§ehas obtained §r§a§r§9Premium Flesh§r§e!§r
[22:40:55] [DEBUG] §r§a[VIP§r§6+§r§a] HotBaconWasTaken§r§f §r§ehas obtained §r§a§r§dBlessing of Power§r§e!§r
[22:40:56] [DEBUG] §r§a[VIP§r§6+§r§a] HotBaconWasTaken§r§f §r§ehas obtained §r§a§r§dBlessing of Life§r§e!§r
[22:40:56] [DEBUG] §r§a[VIP§r§6+§r§a] HotBaconWasTaken§r§f §r§ehas obtained §r§a§r§dBlessing of Life§r§e!§r
[22:40:57] [DEBUG] §r§a[VIP§r§6+§r§a] HotBaconWasTaken§r§f §r§ehas obtained §r§a§r§9Beating Heart§r§e!§r
[22:41:05] [DEBUG] You got Blessing of Power but it doesn't show on toast!
[22:41:06] [DEBUG] You got Blessing of Life but it doesn't show on toast!
[22:41:06] [DEBUG] You got Blessing of Life but it doesn't show on toast!
[00:43:32] [DEBUG] §r§a[VIP§r§6+§r§a] HotBaconWasTaken§r§f §r§ehas obtained §r§a§r§6§r§8Wither Key§r§e!§r
[00:43:32] [DEBUG] §r§a[VIP§r§6+§r§a] HotBaconWasTaken§r§f §r§ehas obtained §r§a§r§9Superboom TNT§r§e!§r
[00:43:42] [DEBUG] You got Wither Key but it doesn't show on toast!
[00:43:47] [DEBUG] §r§a[VIP§r§6+§r§a] HotBaconWasTaken§r§f §r§ehas obtained §r§a§r§dBlessing of Wisdom§r§e!§r
[00:43:47] [DEBUG] §r§a[VIP§r§6+§r§a] HotBaconWasTaken§r§f §r§ehas obtained §r§a§r§9Superboom TNT§r§e!§r
[00:43:57] [DEBUG] You got Blessing of Wisdom but it doesn't show on toast!
[00:44:14] [DEBUG] §r§a[VIP§r§6+§r§a] HotBaconWasTaken§r§f §r§ehas obtained §r§a§r§6Revive Stone§r§e!§r
[00:44:14] [DEBUG] §r§a[VIP§r§6+§r§a] HotBaconWasTaken§r§f §r§ehas obtained §r§a§r§dBlessing of Power§r§e!§r
[00:44:24] [DEBUG] You got Blessing of Power but it doesn't show on toast!
[00:46:08] [DEBUG] §r§a[VIP§r§6+§r§a] HotBaconWasTaken§r§f §r§ehas obtained §r§a§r§6§r§8Wither Key§r§e!§r
[00:46:08] [DEBUG] §r§a[VIP§r§6+§r§a] HotBaconWasTaken§r§f §r§ehas obtained §r§a§r§9Superboom TNT§r§e!§r
[00:46:08] [DEBUG] §r§a[VIP§r§6+§r§a] HotBaconWasTaken§r§f §r§ehas obtained §r§a§r§dBlessing of Wisdom§r§e!§r
[00:46:18] [DEBUG] You got Wither Key but it doesn't show on toast!
[00:46:18] [DEBUG] You got Blessing of Wisdom but it doesn't show on toast!
[00:47:08] [DEBUG] §r§a[VIP§r§6+§r§a] HotBaconWasTaken§r§f §r§ehas obtained §r§a§r§6§r§8Wither Key§r§e!§r
[00:47:08] [DEBUG] §r§a[VIP§r§6+§r§a] HotBaconWasTaken§r§f §r§ehas obtained §r§a§r§9Superboom TNT §r§8x2§r§e!§r
[00:47:18] [DEBUG] You got Wither Key but it doesn't show on toast!
[00:47:18] [DEBUG] You got Superboom TNT x2 but it doesn't show on toast!
[00:47:35] [DEBUG] §r§a[VIP§r§6+§r§a] HotBaconWasTaken§r§f §r§ehas obtained §r§a§r§9Superboom TNT§r§e!§r
[00:47:35] [DEBUG] §r§a[VIP§r§6+§r§a] HotBaconWasTaken§r§f §r§ehas obtained §r§a§r§c§r§cBlood Key§r§e!§r
[00:47:46] [DEBUG] You got Blood Key but it doesn't show on toast!
[00:49:13] [DEBUG] §r§a[VIP§r§6+§r§a] HotBaconWasTaken§r§f §r§ehas obtained §r§a§r§9Superboom TNT§r§e!§r
[00:50:37] [DEBUG] §r§a[VIP§r§6+§r§a] HotBaconWasTaken§r§f §r§ehas obtained §r§a§r§9Superboom TNT§r§e!§r
[00:51:44] [DEBUG] §r§a[VIP§r§6+§r§a] HotBaconWasTaken§r§f §r§ehas obtained §r§a§r§dBlessing of Life§r§e!§r
[00:51:45] [DEBUG] §r§a[VIP§r§6+§r§a] HotBaconWasTaken§r§f §r§ehas obtained §r§a§r§dBlessing of Power§r§e!§r
[00:51:54] [DEBUG] You got Blessing of Life but it doesn't show on toast!
[00:51:55] [DEBUG] You got Blessing of Power but it doesn't show on toast!
