[18:14:43] [DEBUG] §r§a[VIP§r§6+§r§a] HotBaconWasTaken§r§f §r§ehas obtained §r§a§r§9Superboom TNT§r§e!§r
[18:14:43] [DEBUG] §r§a[VIP§r§6+§r§a] HotBaconWasTaken§r§f §r§ehas obtained §r§a§r§6§r§8Wither Key§r§e!§r
[18:14:43] [DEBUG] §r§a[VIP§r§6+§r§a] HotBaconWasTaken§r§f §r§ehas obtained §r§a§r§dBlessing of Life§r§e!§r
[18:14:53] [DEBUG] You got Wither Key but it doesn't show on toast!
[18:14:53] [DEBUG] You got Blessing of Life but it doesn't show on toast!
[18:17:16] [DEBUG] §r§a[VIP§r§6+§r§a] HotBaconWasTaken§r§f §r§ehas obtained §r§a§r§6§r§8Wither Key§r§e!§r
[18:17:17] [DEBUG] §r§a[VIP§r§6+§r§a] HotBaconWasTaken§r§f §r§ehas obtained §r§a§r§9Superboom TNT§r§e!§r
[18:17:27] [DEBUG] You got Wither Key but it doesn't show on toast!
[18:17:33] [DEBUG] §r§a[VIP§r§6+§r§a] HotBaconWasTaken§r§f §r§ehas obtained §r§a§r§6Revive Stone§r§e!§r
[18:17:34] [DEBUG] §r§a[VIP§r§6+§r§a] HotBaconWasTaken§r§f §r§ehas obtained §r§a§r§6§r§8Wither Key§r§e!§r
[18:17:44] [DEBUG] You got Wither Key but it doesn't show on toast!
[18:18:40] [DEBUG] §r§a[VIP§r§6+§r§a] HotBaconWasTaken§r§f §r§ehas obtained §r§a§r§6Revive Stone§r§e!§r
[18:18:40] [DEBUG] §r§a[VIP§r§6+§r§a] HotBaconWasTaken§r§f §r§ehas obtained §r§a§r§6§r§8Wither Key§r§e!§r
[18:18:50] [DEBUG] You got Wither Key but it doesn't show on toast!
[18:19:02] [DEBUG] §r§a[VIP§r§6+§r§a] HotBaconWasTaken§r§f §r§ehas obtained §r§a§r§9Superboom TNT§r§e!§r
[18:19:02] [DEBUG] §r§a[VIP§r§6+§r§a] HotBaconWasTaken§r§f §r§ehas obtained §r§a§r§6§r§8Wither Key§r§e!§r
[18:19:13] [DEBUG] You got Wither Key but it doesn't show on toast!
[18:19:35] [DEBUG] §r§a[VIP§r§6+§r§a] HotBaconWasTaken§r§f §r§ehas obtained §r§a§r§c§r§cBlood Key§r§e!§r
[18:19:35] [DEBUG] §r§a[VIP§r§6+§r§a] HotBaconWasTaken§r§f §r§ehas obtained §r§a§r§9Superboom TNT§r§e!§r
[18:19:45] [DEBUG] You got Blood Key but it doesn't show on toast!
[18:24:14] [DEBUG] §r§a[VIP§r§6+§r§a] HotBaconWasTaken§r§f §r§ehas obtained §r§a§r§dBlessing of Life§r§e!§r
[18:24:14] [DEBUG] §r§a[VIP§r§6+§r§a] HotBaconWasTaken§r§f §r§ehas obtained §r§a§r§9Superboom TNT§r§e!§r
[18:24:24] [DEBUG] You got Blessing of Life but it doesn't show on toast!
[18:42:16] [DEBUG] §r§a[VIP§r§6+§r§a] HotBaconWasTaken§r§f §r§ehas obtained §r§a§r§6§r§8Wither Key§r§e!§r
[18:42:16] [DEBUG] §r§a[VIP§r§6+§r§a] HotBaconWasTaken§r§f §r§ehas obtained §r§a§r§6Revive Stone§r§e!§r
[18:42:26] [DEBUG] You got Wither Key but it doesn't show on toast!
[18:44:10] [DEBUG] §r§a[VIP§r§6+§r§a] HotBaconWasTaken§r§f §r§ehas obtained §r§a§r§dBlessing of Power§r§e!§r
[18:44:10] [DEBUG] §r§a[VIP§r§6+§r§a] HotBaconWasTaken§r§f §r§ehas obtained §r§a§r§6§r§8Wither Key§r§e!§r
[18:44:10] [DEBUG] §r§a[VIP§r§6+§r§a] HotBaconWasTaken§r§f §r§ehas obtained §r§a§r§9Superboom TNT§r§e!§r
[18:44:20] [DEBUG] You got Blessing of Power but it doesn't show on toast!
[18:44:20] [DEBUG] You got Wither Key but it doesn't show on toast!
[18:44:47] [DEBUG] §r§a[VIP§r§6+§r§a] HotBaconWasTaken§r§f §r§ehas obtained §r§a§r§9Superboom TNT§r§e!§r
[18:44:47] [DEBUG] §r§a[VIP§r§6+§r§a] HotBaconWasTaken§r§f §r§ehas obtained §r§a§r§6§r§8Wither Key§r§e!§r
[18:44:58] [DEBUG] You got Wither Key but it doesn't show on toast!
[18:45:27] [DEBUG] §r§a[VIP§r§6+§r§a] HotBaconWasTaken§r§f §r§ehas obtained §r§a§r§dBlessing of Wisdom§r§e!§r
[18:45:27] [DEBUG] §r§a[VIP§r§6+§r§a] HotBaconWasTaken§r§f §r§ehas obtained §r§a§r§6§r§8Wither Key§r§e!§r
[18:45:28] [DEBUG] §r§a[VIP§r§6+§r§a] HotBaconWasTaken§r§f §r§ehas obtained §r§a§r§9Superboom TNT §r§8x2§r§e!§r
[18:45:38] [DEBUG] You got Blessing of Wisdom but it doesn't show on toast!
[18:45:38] [DEBUG] You got Wither Key but it doesn't show on toast!
[18:45:38] [DEBUG] You got Superboom TNT x2 but it doesn't show on toast!
[18:45:51] [DEBUG] §r§a[VIP§r§6+§r§a] HotBaconWasTaken§r§f §r§ehas obtained §r§a§r§c§r§cBlood Key§r§e!§r
[18:46:01] [DEBUG] You got Blood Key but it doesn't show on toast!
[18:48:09] [DEBUG] §r§a[VIP§r§6+§r§a] HotBaconWasTaken§r§f §r§ehas obtained §r§a§r§dBlessing of Life§r§e!§r
[18:48:19] [DEBUG] You got Blessing of Life but it doesn't show on toast!
[18:50:03] [DEBUG] §r§a[VIP§r§6+§r§a] HotBaconWasTaken§r§f §r§ehas obtained §r§a§r§dBlessing of Life§r§e!§r
[18:50:04] [DEBUG] §r§a[VIP§r§6+§r§a] HotBaconWasTaken§r§f §r§ehas obtained §r§a§r§dBlessing of Power§r§e!§r
[18:50:13] [DEBUG] You got Blessing of Life but it doesn't show on toast!
[18:50:15] [DEBUG] You got Blessing of Power but it doesn't show on toast!
[19:14:09] [DEBUG] §r§a[VIP§r§6+§r§a] HotBaconWasTaken§r§f §r§ehas obtained §r§a§r§dBlessing of Life§r§e!§r
[19:14:09] [DEBUG] §r§a[VIP§r§6+§r§a] HotBaconWasTaken§r§f §r§ehas obtained §r§a§r§6§r§8Wither Key§r§e!§r
[19:14:09] [DEBUG] §r§a[VIP§r§6+§r§a] HotBaconWasTaken§r§f §r§ehas obtained §r§a§r§9Superboom TNT§r§e!§r
[19:14:19] [DEBUG] You got Blessing of Life but it doesn't show on toast!
[19:14:19] [DEBUG] You got Wither Key but it doesn't show on toast!
[19:14:43] [DEBUG] §r§a[VIP§r§6+§r§a] HotBaconWasTaken§r§f §r§ehas obtained §r§a§r§9Superboom TNT§r§e!§r
[19:15:20] [DEBUG] §r§a[VIP§r§6+§r§a] HotBaconWasTaken§r§f §r§ehas obtained §r§a§r§6§r§8Wither Key§r§e!§r
[19:15:20] [DEBUG] §r§a[VIP§r§6+§r§a] HotBaconWasTaken§r§f §r§ehas obtained §r§a§r§9Superboom TNT§r§e!§r
[19:15:31] [DEBUG] You got Wither Key but it doesn't show on toast!
[19:15:53] [DEBUG] §r§a[VIP§r§6+§r§a] HotBaconWasTaken§r§f §r§ehas obtained §r§a§r§dBlessing of Power§r§e!§r
[19:15:53] [DEBUG] §r§a[VIP§r§6+§r§a] HotBaconWasTaken§r§f §r§ehas obtained §r§a§r§6§r§8Wither Key§r§e!§r
[19:15:53] [DEBUG] §r§a[VIP§r§6+§r§a] HotBaconWasTaken§r§f §r§ehas obtained §r§a§r§9Superboom TNT§r§e!§r
[19:16:03] [DEBUG] You got Blessing of Power but it doesn't show on toast!
[19:16:03] [DEBUG] You got Wither Key but it doesn't show on toast!
[19:16:25] [DEBUG] §r§a[VIP§r§6+§r§a] HotBaconWasTaken§r§f §r§ehas obtained §r§a§r§9Superboom TNT§r§e!§r
[19:16:25] [DEBUG] §r§a[VIP§r§6+§r§a] HotBaconWasTaken§r§f §r§ehas obtained §r§a§r§6§r§8Wither Key§r§e!§r
[19:16:25] [DEBUG] §r§a[VIP§r§6+§r§a] HotBaconWasTaken§r§f §r§ehas obtained §r§a§r§dBlessing of Wisdom§r§e!§r
[19:16:35] [DEBUG] You got Wither Key but it doesn't show on toast!
[19:16:35] [DEBUG] You got Blessing of Wisdom but it doesn't show on toast!
[19:16:46] [DEBUG] §r§a[VIP§r§6+§r§a] HotBaconWasTaken§r§f §r§ehas obtained §r§a§r§c§r§cBlood Key§r§e!§r
[19:16:47] [DEBUG] §r§a[VIP§r§6+§r§a] HotBaconWasTaken§r§f §r§ehas obtained §r§a§r§9Superboom TNT §r§8x2§r§e!§r
[19:16:47] [DEBUG] §r§a[VIP§r§6+§r§a] HotBaconWasTaken§r§f §r§ehas obtained §r§a§r§9Premium Flesh§r§e!§r
[19:16:56] [DEBUG] You got Blood Key but it doesn't show on toast!
[19:16:57] [DEBUG] You got Superboom TNT x2 but it doesn't show on toast!
[19:21:38] [DEBUG] §r§a[VIP§r§6+§r§a] HotBaconWasTaken§r§f §r§ehas obtained §r§a§r§6Revive Stone§r§e!§r
[19:22:47] [DEBUG] §r§a[VIP§r§6+§r§a] HotBaconWasTaken§r§f §r§ehas obtained §r§a§r§9Superboom TNT§r§e!§r
[19:25:20] [DEBUG] §r§a[VIP§r§6+§r§a] HotBaconWasTaken§r§f §r§ehas obtained §r§a§r§9Superboom TNT§r§e!§r
[19:25:20] [DEBUG] §r§a[VIP§r§6+§r§a] HotBaconWasTaken§r§f §r§ehas obtained §r§a§r§dBlessing of Stone§r§e!§r
[19:25:30] [DEBUG] You got Blessing of Stone but it doesn't show on toast!
[19:29:04] [DEBUG] §r§a[VIP§r§6+§r§a] HotBaconWasTaken§r§f §r§ehas obtained §r§a§r§9Superboom TNT§r§e!§r
[19:37:11] [DEBUG] §r§a[VIP§r§6+§r§a] HotBaconWasTaken§r§f §r§ehas obtained §r§a§r§dBlessing of Power§r§e!§r
[19:37:11] [DEBUG] §r§a[VIP§r§6+§r§a] HotBaconWasTaken§r§f §r§ehas obtained §r§a§r§6§r§8Wither Key§r§e!§r
[19:37:12] [DEBUG] §r§a[VIP§r§6+§r§a] HotBaconWasTaken§r§f §r§ehas obtained §r§a§r§9Superboom TNT§r§e!§r
[19:37:21] [DEBUG] You got Blessing of Power but it doesn't show on toast!
[19:37:21] [DEBUG] You got Wither Key but it doesn't show on toast!
[19:37:43] [DEBUG] §r§a[VIP§r§6+§r§a] HotBaconWasTaken§r§f §r§ehas obtained §r§a§r§6§r§8Wither Key§r§e!§r
[19:37:44] [DEBUG] §r§a[VIP§r§6+§r§a] HotBaconWasTaken§r§f §r§ehas obtained §r§a§r§9Superboom TNT§r§e!§r
[19:37:53] [DEBUG] You got Wither Key but it doesn't show on toast!
[19:38:01] [DEBUG] §r§a[VIP§r§6+§r§a] HotBaconWasTaken§r§f §r§ehas obtained §r§a§r§c§r§cBlood Key§r§e!§r
[19:38:01] [DEBUG] §r§a[VIP§r§6+§r§a] HotBaconWasTaken§r§f §r§ehas obtained §r§a§r§6Revive Stone§r§e!§r
[19:38:11] [DEBUG] You got Blood Key but it doesn't show on toast!
[19:40:22] [DEBUG] §r§a[VIP§r§6+§r§a] HotBaconWasTaken§r§f §r§ehas obtained §r§a§r§9Superboom TNT§r§e!§r
[19:40:22] [DEBUG] §r§a[VIP§r§6+§r§a] HotBaconWasTaken§r§f §r§ehas obtained §r§a§r§dBlessing of Life§r§e!§r
[19:40:32] [DEBUG] You got Blessing of Life but it doesn't show on toast!
[19:41:36] [DEBUG] §r§a[VIP§r§6+§r§a] HotBaconWasTaken§r§f §r§ehas obtained §r§a§r§dBlessing of Wisdom§r§e!§r
[19:41:46] [DEBUG] You got Blessing of Wisdom but it doesn't show on toast!
[19:43:28] [DEBUG] §r§a[VIP§r§6+§r§a] HotBaconWasTaken§r§f §r§ehas obtained §r§a§r§9Superboom TNT§r§e!§r
[19:51:39] [DEBUG] §r§a[VIP§r§6+§r§a] HotBaconWasTaken§r§f §r§ehas obtained §r§a§r§dBlessing of Wisdom§r§e!§r
[19:51:49] [DEBUG] You got Blessing of Wisdom but it doesn't show on toast!
[19:55:13] [DEBUG] §r§a[VIP§r§6+§r§a] HotBaconWasTaken§r§f §r§ehas obtained §r§a§r§dBlessing of Life§r§e!§r
[19:55:13] [DEBUG] §r§a[VIP§r§6+§r§a] HotBaconWasTaken§r§f §r§ehas obtained §r§a§r§dBlessing of Power§r§e!§r
[19:55:13] [DEBUG] §r§a[VIP§r§6+§r§a] HotBaconWasTaken§r§f §r§ehas obtained §r§a§r§dBlessing of Life§r§e!§r
[19:55:23] [DEBUG] You got Blessing of Life but it doesn't show on toast!
[19:55:23] [DEBUG] You got Blessing of Power but it doesn't show on toast!
[19:55:23] [DEBUG] You got Blessing of Life but it doesn't show on toast!
[20:07:35] [DEBUG] §r§a[VIP§r§6+§r§a] HotBaconWasTaken§r§f §r§ehas obtained §r§a§r§9Superboom TNT§r§e!§r
[20:07:35] [DEBUG] §r§a[VIP§r§6+§r§a] HotBaconWasTaken§r§f §r§ehas obtained §r§a§r§6§r§8Wither Key§r§e!§r
[20:07:35] [DEBUG] §r§a[VIP§r§6+§r§a] HotBaconWasTaken§r§f §r§ehas obtained §r§a§r§dBlessing of Life§r§e!§r
[20:07:45] [DEBUG] You got Wither Key but it doesn't show on toast!
[20:07:45] [DEBUG] You got Blessing of Life but it doesn't show on toast!
[20:12:38] [DEBUG] §r§a[VIP§r§6+§r§a] HotBaconWasTaken§r§f §r§ehas obtained §r§a§r§6§r§8Wither Key§r§e!§r
[20:12:38] [DEBUG] §r§a[VIP§r§6+§r§a] HotBaconWasTaken§r§f §r§ehas obtained §r§a§r§9Superboom TNT§r§e!§r
[20:12:38] [DEBUG] §r§a[VIP§r§6+§r§a] HotBaconWasTaken§r§f §r§ehas obtained §r§a§r§dBlessing of Life§r§e!§r
[20:12:48] [DEBUG] You got Wither Key but it doesn't show on toast!
[20:12:48] [DEBUG] You got Blessing of Life but it doesn't show on toast!
[20:15:13] [DEBUG] §r§a[VIP§r§6+§r§a] HotBaconWasTaken§r§f §r§ehas obtained §r§a§r§9Superboom TNT§r§e!§r
[20:15:13] [DEBUG] §r§a[VIP§r§6+§r§a] HotBaconWasTaken§r§f §r§ehas obtained §r§a§r§dBlessing of Wisdom§r§e!§r
[20:15:23] [DEBUG] You got Blessing of Wisdom but it doesn't show on toast!
[20:16:04] [DEBUG] §r§a[VIP§r§6+§r§a] HotBaconWasTaken§r§f §r§ehas obtained §r§a§r§9Superboom TNT§r§e!§r
[20:17:47] [DEBUG] §r§a[VIP§r§6+§r§a] HotBaconWasTaken§r§f §r§ehas obtained §r§a§r§6Revive Stone§r§e!§r
[20:17:47] [DEBUG] §r§a[VIP§r§6+§r§a] HotBaconWasTaken§r§f §r§ehas obtained §r§a§r§dBlessing of Wisdom§r§e!§r
[20:17:57] [DEBUG] You got Blessing of Wisdom but it doesn't show on toast!
[20:18:07] [DEBUG] §r§a[VIP§r§6+§r§a] HotBaconWasTaken§r§f §r§ehas obtained §r§a§r§9Superboom TNT§r§e!§r
[20:21:13] [DEBUG] §r§a[VIP§r§6+§r§a] HotBaconWasTaken§r§f §r§ehas obtained §r§a§r§9Superboom TNT§r§e!§r
[20:23:57] [DEBUG] §r§a[VIP§r§6+§r§a] HotBaconWasTaken§r§f §r§ehas obtained §r§a§r§9Superboom TNT§r§e!§r
[20:23:57] [DEBUG] §r§a[VIP§r§6+§r§a] HotBaconWasTaken§r§f §r§ehas obtained §r§a§r§dBlessing of Stone§r§e!§r
[20:24:07] [DEBUG] You got Blessing of Stone but it doesn't show on toast!
[20:25:44] [DEBUG] §r§a[VIP§r§6+§r§a] HotBaconWasTaken§r§f §r§ehas obtained §r§a§r§6§r§8Wither Key§r§e!§r
[20:25:54] [DEBUG] You got Wither Key but it doesn't show on toast!
[20:26:27] [DEBUG] §r§a[VIP§r§6+§r§a] HotBaconWasTaken§r§f §r§ehas obtained §r§a§r§6§r§8Wither Key§r§e!§r
[20:26:37] [DEBUG] You got Wither Key but it doesn't show on toast!
[20:26:46] [DEBUG] §r§a[VIP§r§6+§r§a] HotBaconWasTaken§r§f §r§ehas obtained §r§a§r§c§r§cBlood Key§r§e!§r
[20:26:57] [DEBUG] You got Blood Key but it doesn't show on toast!
[20:29:02] [DEBUG] §r§a[VIP§r§6+§r§a] HotBaconWasTaken§r§f §r§ehas obtained §r§a§r§dBlessing of Life§r§e!§r
[20:29:02] [DEBUG] §r§a[VIP§r§6+§r§a] HotBaconWasTaken§r§f §r§ehas obtained §r§a§r§dBlessing of Power§r§e!§r
[20:29:12] [DEBUG] You got Blessing of Life but it doesn't show on toast!
[20:29:12] [DEBUG] You got Blessing of Power but it doesn't show on toast!
