[17:17:49] [DEBUG] §r§6§lALLOWANCE! §r§eYou earned §r§650,000 coins§r§e!§r
[17:31:38] [DEBUG] §r§6§lGOOD CATCH! §r§bYou found a §r§fPrismarine Crystals§r§b.§r
[17:31:48] [DEBUG] You got Prismarine Crystals but it doesn't show on toast!
[17:37:01] [DEBUG] §r§6§lGOOD CATCH! §r§bYou found a §r§fPrismarine Crystals§r§b.§r
[17:37:11] [DEBUG] You got Prismarine Crystals but it doesn't show on toast!
[17:43:18] [DEBUG] §r§6§lGOOD CATCH! §r§bYou found a §r§fPrismarine Shard§r§b.§r
[17:43:28] [DEBUG] You got Prismarine Shard but it doesn't show on toast!
[17:45:25] [DEBUG] §r§e§lSWEET! §r§9Winter Sack §r§egift with §r§b[MVP§r§c+§r§b] Minertimer§r§f§r§e!§r
[17:45:25] [DEBUG] §r§e§lSWEET! §r§fGrinch Minion Skin §r§egift with §r§b[MVP§r§c+§r§b] Minertimer§r§f§r§e!§r
[17:45:29] [DEBUG] §r§9§lRARE! §r§6+20,000 coins §r§egift with §r§b[MVP§r§c+§r§b] Minertimer§r§f§r§e!§r
[17:45:30] [DEBUG] §r§e§lSWEET! §r§5Snow Suit Chestplate §r§egift with §r§b[MVP§r§c+§r§b] Minertimer§r§f§r§e!§r
[17:45:31] [DEBUG] §r§9§lRARE! §r§aCombat XP Boost III Potion §r§egift with §r§b[MVP§r§c+§r§b] Minertimer§r§f§r§e!§r
[17:45:32] [DEBUG] §r§9§lRARE! §r§6+20,000 coins §r§egift with §r§b[MVP§r§c+§r§b] Minertimer§r§f§r§e!§r
[17:45:33] [DEBUG] §r§9§lRARE! §r§aFishing XP Boost III Potion §r§egift with §r§b[MVP§r§c+§r§b] Minertimer§r§f§r§e!§r
[17:45:34] [DEBUG] §r§9§lRARE! §r§6+5,000 coins §r§egift with §r§b[MVP§r§c+§r§b] Minertimer§r§f§r§e!§r
[17:45:36] [DEBUG] §r§9§lRARE! §r§6+5,000 coins §r§egift with §r§b[MVP§r§c+§r§b] Minertimer§r§f§r§e!§r
[17:46:51] [DEBUG] §r§f§lCOMMON! §r§6+1,000 coins §r§egift with §r§b[MVP§r§c+§r§b] Minertimer§r§f§r§e!§r
[17:46:51] [DEBUG] §r§9§lRARE! §r§f◆ Ice Rune §r§egift with §r§b[MVP§r§c+§r§b] Minertimer§r§f§r§e!§r
[17:46:53] [DEBUG] §r§9§lRARE! §r§f◆ Ice Rune §r§egift with §r§b[MVP§r§c+§r§b] Minertimer§r§f§r§e!§r
[17:46:55] [DEBUG] §r§f§lCOMMON! §r§6+2,000 coins §r§egift with §r§b[MVP§r§c+§r§b] Minertimer§r§f§r§e!§r
[17:47:15] [DEBUG] §r§f§lCOMMON! §r§6+5,000 coins §r§egift with §r§b[MVP§r§c+§r§b] Minertimer§r§f§r§e!§r
[17:47:15] [DEBUG] §r§f§lCOMMON! §r§6+5,000 coins §r§egift with §r§b[MVP§r§c+§r§b] Minertimer§r§f§r§e!§r
[17:47:16] [DEBUG] §r§f§lCOMMON! §r§fFarming XP Boost I Potion §r§egift with §r§b[MVP§r§c+§r§b] Minertimer§r§f§r§e!§r
[17:47:16] [DEBUG] §r§f§lCOMMON! §r§3+100 Enchanting XP §r§egift with §r§b[MVP§r§c+§r§b] Minertimer§r§f§r§e!§r
[17:47:21] [DEBUG] §r§f§lCOMMON! §r§6+1,000 coins §r§egift with §r§b[MVP§r§c+§r§b] Minertimer§r§f§r§e!§r
[17:49:23] [DEBUG] §r§6§lGOOD CATCH! §r§bYou found a §r§fSponge§r§b.§r
[17:49:33] [DEBUG] You got Sponge but it doesn't show on toast!
[17:49:40] [DEBUG] §r§6§lGOOD CATCH! §r§bYou found a §r§fSea Lantern§r§b.§r
[17:50:49] [DEBUG] §r§f§lCOMMON! §r§6+1,000 coins §r§egift with §r§b[MVP§r§c+§r§b] Minertimer§r§f§r§e!§r
[17:50:49] [DEBUG] §r§f§lCOMMON! §r§fCombat XP Boost I Potion §r§egift with §r§b[MVP§r§c+§r§b] Minertimer§r§f§r§e!§r
[17:50:56] [DEBUG] §r§e§lSWEET! §r§9Snow Minion I §r§egift with §r§b[MVP§r§c+§r§b] Minertimer§r§f§r§e!§r
[17:51:02] [DEBUG] §r§f§lCOMMON! §r§6+5,000 coins §r§egift with §r§b[MVP§r§c+§r§b] Minertimer§r§f§r§e!§r
[17:51:08] [DEBUG] §r§f§lCOMMON! §r§3+100 Enchanting XP §r§egift with §r§b[MVP§r§c+§r§b] Minertimer§r§f§r§e!§r
[17:51:11] [DEBUG] §r§f§lCOMMON! §r§6+1,000 coins §r§egift with §r§b[MVP§r§c+§r§b] Minertimer§r§f§r§e!§r
[17:55:39] [DEBUG] §r§6§lGOOD CATCH! §r§bYou found a §r§aGrand Experience Bottle§r§b.§r
[18:09:06] [DEBUG] §r§6§lGOOD CATCH! §r§bYou found §r§61,764 Coins§r§b.§r
[22:30:46] [DEBUG] §r§9§lRARE! §r§aMining XP Boost III Potion §r§egift with §r§7BadKahootNick§r§7§r§e!§r
[22:30:51] [DEBUG] §r§f§lCOMMON! §r§3+500 Alchemy XP §r§egift with §r§7Lastended§r§7§r§e!§r
[22:30:51] [DEBUG] §r§9§lRARE! §r§6+20,000 coins §r§egift with §r§7Lastended§r§7§r§e!§r
[22:30:53] [DEBUG] §r§f§lCOMMON! §r§3+500 Farming XP §r§egift with §r§7Lastended§r§7§r§e!§r
[22:30:53] [DEBUG] §r§9§lRARE! §r§6+20,000 coins §r§egift with §r§7Lastended§r§7§r§e!§r
[22:30:54] [DEBUG] §r§9§lRARE! §r§9Scavenger IV §r§egift with §r§7Lastended§r§7§r§e!§r
[22:30:57] [DEBUG] §r§9§lRARE! §r§aMining XP Boost III Potion §r§egift with §r§7BadKahootNick§r§7§r§e!§r
[22:30:58] [DEBUG] §r§9§lRARE! §r§9Scavenger IV §r§egift with §r§7BadKahootNick§r§7§r§e!§r
[22:31:00] [DEBUG] §r§9§lRARE! §r§9Luck VI §r§egift with §r§7Lastended§r§7§r§e!§r
[22:31:02] [DEBUG] §r§9§lRARE! §r§6+5,000 coins §r§egift with §r§7Lastended§r§7§r§e!§r
[22:31:04] [DEBUG] §r§9§lRARE! §r§f◆ Ice Rune §r§egift with §r§7Lastended§r§7§r§e!§r
[22:31:04] [DEBUG] You got Scavenger IV but it doesn't show on toast!
[22:31:08] [DEBUG] §r§e§lSWEET! §r§fTall Holiday Tree §r§egift with §r§7Lastended§r§7§r§e!§r
[22:31:08] [DEBUG] §r§e§lSWEET! §r§9Winter Disc §r§egift with §r§7BadKahootNick§r§7§r§e!§r
[22:31:08] [DEBUG] You got Scavenger IV but it doesn't show on toast!
[22:31:11] [DEBUG] You got Luck VI but it doesn't show on toast!
[22:31:15] [DEBUG] §r§9§lRARE! §r§f◆ Ice Rune §r§egift with §r§7Voidsedge69§r§7§r§e!§r
[22:31:16] [DEBUG] §r§9§lRARE! §r§aForaging XP Boost III Potion §r§egift with §r§7Voidsedge69§r§7§r§e!§r
[22:31:16] [DEBUG] §r§f§lCOMMON! §r§fCombat XP Boost II Potion §r§egift with §r§7Voidsedge69§r§7§r§e!§r
[22:31:19] [DEBUG] §r§9§lRARE! §r§6+20,000 coins §r§egift with §r§7Lastended§r§7§r§e!§r
[22:31:20] [DEBUG] §r§9§lRARE! §r§f◆ Ice Rune §r§egift with §r§7Lastended§r§7§r§e!§r
[22:31:20] [DEBUG] §r§f§lCOMMON! §r§3+500 Mining XP §r§egift with §r§7Lastended§r§7§r§e!§r
[22:31:20] [DEBUG] §r§f§lCOMMON! §r§3+500 Mining XP §r§egift with §r§7BadKahootNick§r§7§r§e!§r
[22:31:25] [DEBUG] §r§9§lRARE! §r§f◆ Ice Rune §r§egift with §r§7Lastended§r§7§r§e!§r
[22:31:26] [DEBUG] §r§9§lRARE! §r§aForaging XP Boost III Potion §r§egift with §r§7BadKahootNick§r§7§r§e!§r
[22:31:26] [DEBUG] §r§e§lSWEET! §r§5Snow Suit Helmet §r§egift with §r§7BadKahootNick§r§7§r§e!§r
[22:31:36] [DEBUG] §r§f§lCOMMON! §r§6+2,000 coins §r§egift with §r§7Lastended§r§7§r§e!§r
[22:31:40] [DEBUG] §r§f§lCOMMON! §r§fMining XP Boost II Potion §r§egift with §r§7Voidsedge69§r§7§r§e!§r
[22:31:43] [DEBUG] §r§9§lRARE! §r§6+20,000 coins §r§egift with §r§7Lastended§r§7§r§e!§r
[22:31:46] [DEBUG] §r§f§lCOMMON! §r§fAlchemy XP Boost I Potion §r§egift with §r§7Lastended§r§7§r§e!§r
[22:31:49] [DEBUG] §r§f§lCOMMON! §r§6+1,000 coins §r§egift with §r§7Lastended§r§7§r§e!§r
[22:31:49] [DEBUG] §r§f§lCOMMON! §r§6+5,000 coins §r§egift with §r§7Lastended§r§7§r§e!§r
[22:31:51] [DEBUG] §r§f§lCOMMON! §r§fEnchanting XP Boost I Potion §r§egift with §r§7Lastended§r§7§r§e!§r
[22:31:56] [DEBUG] §r§f§lCOMMON! §r§3+100 Alchemy XP §r§egift with §r§7Lastended§r§7§r§e!§r
[22:31:56] [DEBUG] §r§f§lCOMMON! §r§3+250 Farming XP §r§egift with §r§7Lastended§r§7§r§e!§r
[22:31:58] [DEBUG] §r§f§lCOMMON! §r§6+2,000 coins §r§egift with §r§7Lastended§r§7§r§e!§r
[22:31:59] [DEBUG] §r§9§lRARE! §r§f◆ Ice Rune §r§egift with §r§7Lastended§r§7§r§e!§r
[22:32:00] [DEBUG] §r§f§lCOMMON! §r§6+2,000 coins §r§egift with §r§7Lastended§r§7§r§e!§r
[22:32:03] [DEBUG] §r§f§lCOMMON! §r§fForaging XP Boost II Potion §r§egift with §r§7Lastended§r§7§r§e!§r
[22:32:04] [DEBUG] §r§f§lCOMMON! §r§6+5,000 coins §r§egift with §r§7Lastended§r§7§r§e!§r
[22:32:08] [DEBUG] §r§f§lCOMMON! §r§6+1,000 coins §r§egift with §r§7Lastended§r§7§r§e!§r
[22:32:08] [DEBUG] §r§f§lCOMMON! §r§3+250 Combat XP §r§egift with §r§7Lastended§r§7§r§e!§r
[22:32:09] [DEBUG] §r§f§lCOMMON! §r§6+5,000 coins §r§egift with §r§7Lastended§r§7§r§e!§r
[22:32:09] [DEBUG] §r§f§lCOMMON! §r§6+2,000 coins §r§egift with §r§7Lastended§r§7§r§e!§r
[22:32:10] [DEBUG] §r§f§lCOMMON! §r§6+1,000 coins §r§egift with §r§7Lastended§r§7§r§e!§r
[22:32:12] [DEBUG] §r§9§lRARE! §r§6+10,000 coins §r§egift with §r§7Lastended§r§7§r§e!§r
[22:32:14] [DEBUG] §r§f§lCOMMON! §r§6+1,000 coins §r§egift with §r§7Lastended§r§7§r§e!§r
[22:32:15] [DEBUG] §r§f§lCOMMON! §r§6+5,000 coins §r§egift with §r§7Lastended§r§7§r§e!§r
[22:32:18] [DEBUG] §r§9§lRARE! §r§f◆ Ice Rune §r§egift with §r§7Lastended§r§7§r§e!§r
[22:32:19] [DEBUG] §r§f§lCOMMON! §r§6+2,000 coins §r§egift with §r§7Lastended§r§7§r§e!§r
[22:32:20] [DEBUG] §r§f§lCOMMON! §r§6+5,000 coins §r§egift with §r§7Lastended§r§7§r§e!§r
[22:32:20] [DEBUG] §r§f§lCOMMON! §r§3+100 Alchemy XP §r§egift with §r§7Lastended§r§7§r§e!§r
[22:32:22] [DEBUG] §r§9§lRARE! §r§9Luck VI §r§egift with §r§7Lastended§r§7§r§e!§r
[22:32:22] [DEBUG] §r§9§lRARE! §r§6+10,000 coins §r§egift with §r§7Lastended§r§7§r§e!§r
[22:32:23] [DEBUG] §r§f§lCOMMON! §r§fFarming XP Boost I Potion §r§egift with §r§7Lastended§r§7§r§e!§r
[22:32:26] [DEBUG] §r§9§lRARE! §r§6+10,000 coins §r§egift with §r§7Lastended§r§7§r§e!§r
[22:32:28] [DEBUG] §r§f§lCOMMON! §r§fCombat XP Boost I Potion §r§egift with §r§7Lastended§r§7§r§e!§r
[22:32:28] [DEBUG] §r§f§lCOMMON! §r§3+250 Farming XP §r§egift with §r§7Lastended§r§7§r§e!§r
[22:32:29] [DEBUG] §r§f§lCOMMON! §r§3+250 Farming XP §r§egift with §r§7Lastended§r§7§r§e!§r
[22:32:31] [DEBUG] §r§f§lCOMMON! §r§fFishing XP Boost I Potion §r§egift with §r§7Lastended§r§7§r§e!§r
[22:32:31] [DEBUG] §r§f§lCOMMON! §r§6+5,000 coins §r§egift with §r§7Lastended§r§7§r§e!§r
[22:32:32] [DEBUG] §r§f§lCOMMON! §r§6+1,000 coins §r§egift with §r§7Lastended§r§7§r§e!§r
[22:32:32] [DEBUG] You got Luck VI but it doesn't show on toast!
[22:32:32] [DEBUG] §r§9§lRARE! §r§6+10,000 coins §r§egift with §r§7Lastended§r§7§r§e!§r
[22:32:33] [DEBUG] §r§f§lCOMMON! §r§3+100 Alchemy XP §r§egift with §r§7Lastended§r§7§r§e!§r
[22:32:35] [DEBUG] §r§f§lCOMMON! §r§6+5,000 coins §r§egift with §r§7Lastended§r§7§r§e!§r
[22:32:38] [DEBUG] §r§f§lCOMMON! §r§6+5,000 coins §r§egift with §r§7Lastended§r§7§r§e!§r
[22:32:43] [DEBUG] §r§f§lCOMMON! §r§6+2,000 coins §r§egift with §r§7Lastended§r§7§r§e!§r
[22:32:44] [DEBUG] §r§f§lCOMMON! §r§6+5,000 coins §r§egift with §r§7Lastended§r§7§r§e!§r
[22:32:44] [DEBUG] §r§9§lRARE! §r§f◆ Ice Rune §r§egift with §r§7Lastended§r§7§r§e!§r
[22:32:45] [DEBUG] §r§f§lCOMMON! §r§3+100 Foraging XP §r§egift with §r§7Lastended§r§7§r§e!§r
[22:32:48] [DEBUG] §r§f§lCOMMON! §r§fMining XP Boost I Potion §r§egift with §r§7Lastended§r§7§r§e!§r
[22:32:51] [DEBUG] §r§9§lRARE! §r§f◆ Ice Rune §r§egift with §r§7Lastended§r§7§r§e!§r
[22:32:51] [DEBUG] §r§f§lCOMMON! §r§6+2,000 coins §r§egift with §r§7Lastended§r§7§r§e!§r
[22:32:52] [DEBUG] §r§f§lCOMMON! §r§fEnchanting XP Boost II Potion §r§egift with §r§7Lastended§r§7§r§e!§r
[22:32:54] [DEBUG] §r§f§lCOMMON! §r§fFishing XP Boost I Potion §r§egift with §r§7Lastended§r§7§r§e!§r
[22:32:55] [DEBUG] §r§f§lCOMMON! §r§6+2,000 coins §r§egift with §r§7Lastended§r§7§r§e!§r
[22:32:56] [DEBUG] §r§f§lCOMMON! §r§6+1,000 coins §r§egift with §r§7Lastended§r§7§r§e!§r
[22:32:56] [DEBUG] §r§f§lCOMMON! §r§6+2,000 coins §r§egift with §r§7Lastended§r§7§r§e!§r
[22:32:57] [DEBUG] §r§f§lCOMMON! §r§6+5,000 coins §r§egift with §r§7Lastended§r§7§r§e!§r
[22:32:59] [DEBUG] §r§f§lCOMMON! §r§6+1,000 coins §r§egift with §r§7Lastended§r§7§r§e!§r
[22:32:59] [DEBUG] §r§f§lCOMMON! §r§6+2,000 coins §r§egift with §r§7Lastended§r§7§r§e!§r
[22:33:02] [DEBUG] §r§f§lCOMMON! §r§6+5,000 coins §r§egift with §r§7Lastended§r§7§r§e!§r
[22:33:04] [DEBUG] §r§f§lCOMMON! §r§3+500 Farming XP §r§egift with §r§7Lastended§r§7§r§e!§r
[22:33:05] [DEBUG] §r§f§lCOMMON! §r§3+100 Fishing XP §r§egift with §r§7Lastended§r§7§r§e!§r
[22:33:06] [DEBUG] §r§f§lCOMMON! §r§fEnchanting XP Boost II Potion §r§egift with §r§7Lastended§r§7§r§e!§r
[22:33:07] [DEBUG] §r§f§lCOMMON! §r§3+250 Fishing XP §r§egift with §r§7Lastended§r§7§r§e!§r
[22:33:08] [DEBUG] §r§f§lCOMMON! §r§fCombat XP Boost I Potion §r§egift with §r§7Lastended§r§7§r§e!§r
[22:33:10] [DEBUG] §r§f§lCOMMON! §r§3+250 Enchanting XP §r§egift with §r§7Lastended§r§7§r§e!§r
[22:33:11] [DEBUG] §r§f§lCOMMON! §r§6+2,000 coins §r§egift with §r§7Lastended§r§7§r§e!§r
[22:33:12] [DEBUG] §r§f§lCOMMON! §r§3+100 Mining XP §r§egift with §r§7Lastended§r§7§r§e!§r
[22:33:13] [DEBUG] §r§f§lCOMMON! §r§6+1,000 coins §r§egift with §r§7Lastended§r§7§r§e!§r
[22:33:13] [DEBUG] §r§f§lCOMMON! §r§3+100 Alchemy XP §r§egift with §r§7Lastended§r§7§r§e!§r
[22:33:15] [DEBUG] §r§f§lCOMMON! §r§3+100 Fishing XP §r§egift with §r§7Lastended§r§7§r§e!§r
[22:33:16] [DEBUG] §r§f§lCOMMON! §r§6+5,000 coins §r§egift with §r§7Lastended§r§7§r§e!§r
[22:33:17] [DEBUG] §r§9§lRARE! §r§6+10,000 coins §r§egift with §r§7Lastended§r§7§r§e!§r
[22:33:18] [DEBUG] §r§f§lCOMMON! §r§3+250 Mining XP §r§egift with §r§7Lastended§r§7§r§e!§r
[22:33:19] [DEBUG] §r§f§lCOMMON! §r§3+250 Mining XP §r§egift with §r§7Lastended§r§7§r§e!§r
[22:33:21] [DEBUG] §r§f§lCOMMON! §r§6+2,000 coins §r§egift with §r§7Lastended§r§7§r§e!§r
[22:33:23] [DEBUG] §r§f§lCOMMON! §r§3+250 Farming XP §r§egift with §r§7Lastended§r§7§r§e!§r
[22:33:32] [DEBUG] §r§f§lCOMMON! §r§3+100 Fishing XP §r§egift with §r§7Lastended§r§7§r§e!§r
[22:33:33] [DEBUG] §r§f§lCOMMON! §r§6+1,000 coins §r§egift with §r§7Lastended§r§7§r§e!§r
[22:33:34] [DEBUG] §r§f§lCOMMON! §r§3+500 Fishing XP §r§egift with §r§7Lastended§r§7§r§e!§r
[22:33:36] [DEBUG] §r§9§lRARE! §r§6+10,000 coins §r§egift with §r§7Lastended§r§7§r§e!§r
[22:33:37] [DEBUG] §r§f§lCOMMON! §r§6+1,000 coins §r§egift with §r§7Lastended§r§7§r§e!§r
[22:33:38] [DEBUG] §r§f§lCOMMON! §r§3+250 Combat XP §r§egift with §r§7Lastended§r§7§r§e!§r
[22:33:39] [DEBUG] §r§f§lCOMMON! §r§6+2,000 coins §r§egift with §r§7Lastended§r§7§r§e!§r
[22:33:41] [DEBUG] §r§f§lCOMMON! §r§3+250 Fishing XP §r§egift with §r§7Lastended§r§7§r§e!§r
[22:33:41] [DEBUG] §r§f§lCOMMON! §r§6+2,000 coins §r§egift with §r§7Lastended§r§7§r§e!§r
[22:33:43] [DEBUG] §r§f§lCOMMON! §r§3+250 Mining XP §r§egift with §r§7Lastended§r§7§r§e!§r
[22:33:43] [DEBUG] §r§9§lRARE! §r§f◆ Ice Rune §r§egift with §r§7Lastended§r§7§r§e!§r
[22:33:44] [DEBUG] §r§f§lCOMMON! §r§6+1,000 coins §r§egift with §r§7Lastended§r§7§r§e!§r
[22:33:51] [DEBUG] §r§f§lCOMMON! §r§6+2,000 coins §r§egift with §r§7Lastended§r§7§r§e!§r
[22:33:52] [DEBUG] §r§9§lRARE! §r§9Looting IV §r§egift with §r§7Lastended§r§7§r§e!§r
[22:33:53] [DEBUG] §r§f§lCOMMON! §r§6+2,000 coins §r§egift with §r§7Lastended§r§7§r§e!§r
[22:33:53] [DEBUG] §r§9§lRARE! §r§6+10,000 coins §r§egift with §r§7Lastended§r§7§r§e!§r
[22:33:55] [DEBUG] §r§e§lSWEET! §r§5Snow Suit Boots §r§egift with §r§7Lastended§r§7§r§e!§r
[22:33:58] [DEBUG] §r§f§lCOMMON! §r§6+5,000 coins §r§egift with §r§7Lastended§r§7§r§e!§r
[22:34:00] [DEBUG] §r§f§lCOMMON! §r§3+250 Enchanting XP §r§egift with §r§7Lastended§r§7§r§e!§r
[22:34:01] [DEBUG] §r§f§lCOMMON! §r§3+100 Enchanting XP §r§egift with §r§7Lastended§r§7§r§e!§r
[22:34:02] [DEBUG] You got Looting IV but it doesn't show on toast!
[22:34:02] [DEBUG] §r§9§lRARE! §r§6+10,000 coins §r§egift with §r§7Lastended§r§7§r§e!§r
[22:34:03] [DEBUG] §r§9§lRARE! §r§9Scavenger IV §r§egift with §r§7Lastended§r§7§r§e!§r
[22:34:05] [DEBUG] §r§9§lRARE! §r§9Luck VI §r§egift with §r§7Lastended§r§7§r§e!§r
[22:34:09] [DEBUG] §r§f§lCOMMON! §r§3+100 Foraging XP §r§egift with §r§7Lastended§r§7§r§e!§r
[22:34:10] [DEBUG] §r§f§lCOMMON! §r§6+5,000 coins §r§egift with §r§7Lastended§r§7§r§e!§r
[22:34:13] [DEBUG] You got Scavenger IV but it doesn't show on toast!
[22:34:15] [DEBUG] You got Luck VI but it doesn't show on toast!
[22:34:19] [DEBUG] §r§e§lSWEET! §r§9Snow Minion I §r§egift with §r§7Lastended§r§7§r§e!§r
[22:34:20] [DEBUG] §r§f§lCOMMON! §r§fMining XP Boost II Potion §r§egift with §r§7Lastended§r§7§r§e!§r
[22:34:35] [DEBUG] §r§9§lRARE! §r§6+10,000 coins §r§egift with §r§7Lastended§r§7§r§e!§r
