17:10:34 Trying to load config from config\skyhanni\config.json
17:10:34 load-config-now
17:10:35 Loaded config from file
17:10:35 Trying to load sacks from config\skyhanni\sacks.json
17:10:35 load-sacks-now
17:10:35 Loaded sacks from file
17:10:35 Trying to load friends from config\skyhanni\friends.json
17:10:35 load-friends-now
17:10:35 Loaded friends from file
17:10:35 Trying to load known_features from config\skyhanni\known_features.json
17:10:35 load-known_features-now
17:10:35 Loaded known_features from file
17:10:35 Trying to load jacob_contests from config\skyhanni\jacob_contests.json
17:10:35 load-jacob_contests-now
17:10:35 Loaded jacob_contests from file
17:10:35 Trying to load visual_words from config\skyhanni\visual_words.json
17:10:35 Setting visual_words to be blank as it did not exist. It will be saved once something is written to it
17:11:35 saveConfig: auto-save-60s
17:11:35 Saving config file
17:12:34 saveConfig: Updated known feature flags
17:12:34 Saving known_features file
17:12:35 saveConfig: auto-save-60s
17:12:35 Saving config file
17:12:56 saveConfig: shutdown-hook
17:12:56 Saving config file
