10:55:51 Trying to load config from config\skyhanni\config.json
10:55:51 load-config-now
10:55:51 Loaded config from file
10:55:51 Trying to load sacks from config\skyhanni\sacks.json
10:55:51 load-sacks-now
10:55:51 Loaded sacks from file
10:55:51 Trying to load friends from config\skyhanni\friends.json
10:55:51 load-friends-now
10:55:51 Loaded friends from file
10:55:51 Trying to load known_features from config\skyhanni\known_features.json
10:55:51 load-known_features-now
10:55:51 Loaded known_features from file
10:55:51 Trying to load jacob_contests from config\skyhanni\jacob_contests.json
10:55:51 load-jacob_contests-now
10:55:51 Loaded jacob_contests from file
10:55:51 Trying to load visual_words from config\skyhanni\visual_words.json
10:55:51 Setting visual_words to be blank as it did not exist. It will be saved once something is written to it
10:56:51 saveConfig: auto-save-60s
10:56:51 Saving config file
10:57:51 saveConfig: auto-save-60s
10:57:51 Saving config file
10:57:57 saveConfig: Updated known feature flags
10:57:57 Saving known_features file
10:58:51 saveConfig: auto-save-60s
10:58:51 Saving config file
10:59:51 saveConfig: auto-save-60s
10:59:51 Saving config file
11:00:51 saveConfig: auto-save-60s
11:00:51 Saving config file
11:01:51 saveConfig: auto-save-60s
11:01:51 Saving config file
11:02:51 saveConfig: auto-save-60s
11:02:51 Saving config file
11:03:51 saveConfig: auto-save-60s
11:03:51 Saving config file
11:04:51 saveConfig: auto-save-60s
11:04:51 Saving config file
11:05:51 saveConfig: auto-save-60s
11:05:51 Saving config file
11:06:09 saveConfig: saving-data
11:06:09 Saving sacks file
11:06:20 saveConfig: saving-data
11:06:20 Saving sacks file
11:06:30 saveConfig: saving-data
11:06:30 Saving sacks file
11:06:41 saveConfig: saving-data
11:06:41 Saving sacks file
11:06:51 saveConfig: auto-save-60s
11:06:51 Saving config file
11:06:55 saveConfig: saving-data
11:06:55 Saving sacks file
11:07:11 saveConfig: saving-data
11:07:11 Saving sacks file
11:07:21 saveConfig: saving-data
11:07:21 Saving sacks file
11:07:51 saveConfig: auto-save-60s
11:07:51 Saving config file
11:08:31 saveConfig: saving-data
11:08:31 Saving sacks file
11:08:51 saveConfig: auto-save-60s
11:08:51 Saving config file
11:09:21 saveConfig: saving-data
11:09:21 Saving sacks file
11:09:39 saveConfig: saving-data
11:09:39 Saving sacks file
11:09:51 saveConfig: auto-save-60s
11:09:51 Saving config file
11:10:14 saveConfig: saving-data
11:10:14 Saving sacks file
11:10:20 saveConfig: saving-data
11:10:20 Saving sacks file
11:10:51 saveConfig: auto-save-60s
11:10:51 Saving config file
11:11:40 saveConfig: saving-data
11:11:40 Saving sacks file
11:11:40 saveConfig: saving-data
11:11:40 Saving sacks file
11:11:46 saveConfig: saving-data
11:11:46 Saving sacks file
11:11:51 saveConfig: auto-save-60s
11:11:51 Saving config file
11:12:51 saveConfig: auto-save-60s
11:12:51 Saving config file
11:13:51 saveConfig: auto-save-60s
11:13:51 Saving config file
11:14:51 saveConfig: auto-save-60s
11:14:51 Saving config file
11:15:51 saveConfig: auto-save-60s
11:15:51 Saving config file
11:16:51 saveConfig: auto-save-60s
11:16:51 Saving config file
11:17:51 saveConfig: auto-save-60s
11:17:51 Saving config file
11:18:51 saveConfig: auto-save-60s
11:18:51 Saving config file
11:19:51 saveConfig: auto-save-60s
11:19:51 Saving config file
11:20:51 saveConfig: auto-save-60s
11:20:51 Saving config file
11:21:51 saveConfig: auto-save-60s
11:21:51 Saving config file
11:22:51 saveConfig: auto-save-60s
11:22:51 Saving config file
11:23:51 saveConfig: auto-save-60s
11:23:51 Saving config file
11:24:51 saveConfig: auto-save-60s
11:24:51 Saving config file
11:25:51 saveConfig: auto-save-60s
11:25:51 Saving config file
11:26:51 saveConfig: auto-save-60s
11:26:51 Saving config file
11:27:51 saveConfig: auto-save-60s
11:27:51 Saving config file
11:28:51 saveConfig: auto-save-60s
11:28:51 Saving config file
11:29:51 saveConfig: auto-save-60s
11:29:51 Saving config file
11:30:51 saveConfig: auto-save-60s
11:30:51 Saving config file
11:31:51 saveConfig: auto-save-60s
11:31:51 Saving config file
11:32:51 saveConfig: auto-save-60s
11:32:51 Saving config file
11:33:38 saveConfig: saving-data
11:33:38 Saving sacks file
11:33:51 saveConfig: auto-save-60s
11:33:51 Saving config file
11:34:23 saveConfig: saving-data
11:34:23 Saving sacks file
11:34:51 saveConfig: auto-save-60s
11:34:51 Saving config file
11:35:01 saveConfig: Save contests
11:35:01 Saving jacob_contests file
11:35:51 saveConfig: auto-save-60s
11:35:51 Saving config file
11:36:51 saveConfig: auto-save-60s
11:36:51 Saving config file
11:37:51 saveConfig: auto-save-60s
11:37:51 Saving config file
11:38:51 saveConfig: auto-save-60s
11:38:51 Saving config file
11:39:51 saveConfig: auto-save-60s
11:39:51 Saving config file
11:40:07 saveConfig: Save contests
11:40:07 Saving jacob_contests file
11:40:51 saveConfig: auto-save-60s
11:40:51 Saving config file
11:41:51 saveConfig: auto-save-60s
11:41:51 Saving config file
11:42:51 saveConfig: auto-save-60s
11:42:51 Saving config file
11:43:51 saveConfig: auto-save-60s
11:43:51 Saving config file
11:44:51 saveConfig: auto-save-60s
11:44:51 Saving config file
11:45:51 saveConfig: auto-save-60s
11:45:51 Saving config file
11:46:51 saveConfig: auto-save-60s
11:46:51 Saving config file
11:47:51 saveConfig: auto-save-60s
11:47:51 Saving config file
11:48:51 saveConfig: auto-save-60s
11:48:51 Saving config file
11:49:51 saveConfig: auto-save-60s
11:49:51 Saving config file
11:50:51 saveConfig: auto-save-60s
11:50:51 Saving config file
11:51:51 saveConfig: auto-save-60s
11:51:51 Saving config file
11:52:51 saveConfig: auto-save-60s
11:52:51 Saving config file
11:53:51 saveConfig: auto-save-60s
11:53:51 Saving config file
11:54:51 saveConfig: auto-save-60s
11:54:51 Saving config file
11:55:51 saveConfig: auto-save-60s
11:55:51 Saving config file
11:56:51 saveConfig: auto-save-60s
11:56:51 Saving config file
11:57:51 saveConfig: auto-save-60s
11:57:51 Saving config file
11:58:51 saveConfig: auto-save-60s
11:58:51 Saving config file
11:59:51 saveConfig: auto-save-60s
11:59:51 Saving config file
12:00:51 saveConfig: auto-save-60s
12:00:51 Saving config file
12:01:51 saveConfig: auto-save-60s
12:01:51 Saving config file
12:02:51 saveConfig: auto-save-60s
12:02:51 Saving config file
12:03:51 saveConfig: auto-save-60s
12:03:51 Saving config file
12:04:51 saveConfig: auto-save-60s
12:04:51 Saving config file
12:05:51 saveConfig: auto-save-60s
12:05:51 Saving config file
12:06:51 saveConfig: auto-save-60s
12:06:51 Saving config file
12:07:51 saveConfig: auto-save-60s
12:07:51 Saving config file
12:08:51 saveConfig: auto-save-60s
12:08:51 Saving config file
12:09:51 saveConfig: auto-save-60s
12:09:51 Saving config file
12:10:51 saveConfig: auto-save-60s
12:10:51 Saving config file
12:11:51 saveConfig: auto-save-60s
12:11:51 Saving config file
12:12:51 saveConfig: auto-save-60s
12:12:51 Saving config file
12:13:34 saveConfig: saving-data
12:13:34 Saving sacks file
12:13:51 saveConfig: auto-save-60s
12:13:51 Saving config file
12:13:56 saveConfig: saving-data
12:13:56 Saving sacks file
12:14:51 saveConfig: auto-save-60s
12:14:51 Saving config file
12:15:20 saveConfig: Save contests
12:15:20 Saving jacob_contests file
12:15:51 saveConfig: auto-save-60s
12:15:51 Saving config file
12:16:51 saveConfig: auto-save-60s
12:16:51 Saving config file
12:17:51 saveConfig: auto-save-60s
12:17:51 Saving config file
12:18:51 saveConfig: auto-save-60s
12:18:51 Saving config file
12:19:51 saveConfig: auto-save-60s
12:19:51 Saving config file
12:20:51 saveConfig: auto-save-60s
12:20:51 Saving config file
12:21:51 saveConfig: auto-save-60s
12:21:51 Saving config file
12:22:51 saveConfig: auto-save-60s
12:22:51 Saving config file
12:23:48 saveConfig: saving-data
12:23:48 Saving sacks file
12:23:51 saveConfig: auto-save-60s
12:23:51 Saving config file
12:23:53 saveConfig: saving-data
12:23:53 Saving sacks file
12:24:05 saveConfig: saving-data
12:24:05 Saving sacks file
12:24:51 saveConfig: auto-save-60s
12:24:51 Saving config file
12:25:51 saveConfig: auto-save-60s
12:25:51 Saving config file
12:26:51 saveConfig: auto-save-60s
12:26:51 Saving config file
12:27:51 saveConfig: auto-save-60s
12:27:51 Saving config file
12:28:51 saveConfig: auto-save-60s
12:28:51 Saving config file
12:29:51 saveConfig: auto-save-60s
12:29:51 Saving config file
12:30:51 saveConfig: auto-save-60s
12:30:51 Saving config file
12:31:51 saveConfig: auto-save-60s
12:31:51 Saving config file
12:32:51 saveConfig: auto-save-60s
12:32:51 Saving config file
12:33:51 saveConfig: auto-save-60s
12:33:51 Saving config file
12:34:51 saveConfig: auto-save-60s
12:34:51 Saving config file
12:35:02 saveConfig: Save contests
12:35:02 Saving jacob_contests file
12:35:51 saveConfig: auto-save-60s
12:35:51 Saving config file
12:36:51 saveConfig: auto-save-60s
12:36:51 Saving config file
12:37:51 saveConfig: auto-save-60s
12:37:51 Saving config file
12:38:51 saveConfig: auto-save-60s
12:38:51 Saving config file
12:39:51 saveConfig: auto-save-60s
12:39:51 Saving config file
12:40:51 saveConfig: auto-save-60s
12:40:51 Saving config file
12:41:51 saveConfig: auto-save-60s
12:41:51 Saving config file
12:42:51 saveConfig: auto-save-60s
12:42:51 Saving config file
12:43:51 saveConfig: auto-save-60s
12:43:51 Saving config file
12:44:51 saveConfig: auto-save-60s
12:44:51 Saving config file
12:45:51 saveConfig: auto-save-60s
12:45:51 Saving config file
12:46:51 saveConfig: auto-save-60s
12:46:51 Saving config file
12:47:51 saveConfig: auto-save-60s
12:47:51 Saving config file
12:48:51 saveConfig: auto-save-60s
12:48:51 Saving config file
12:49:51 saveConfig: auto-save-60s
12:49:51 Saving config file
12:50:51 saveConfig: auto-save-60s
12:50:51 Saving config file
12:51:51 saveConfig: auto-save-60s
12:51:51 Saving config file
12:52:51 saveConfig: auto-save-60s
12:52:51 Saving config file
12:53:51 saveConfig: auto-save-60s
12:53:51 Saving config file
12:54:51 saveConfig: auto-save-60s
12:54:51 Saving config file
12:55:51 saveConfig: auto-save-60s
12:55:51 Saving config file
12:56:51 saveConfig: auto-save-60s
12:56:51 Saving config file
12:57:51 saveConfig: auto-save-60s
12:57:51 Saving config file
12:58:51 saveConfig: auto-save-60s
12:58:51 Saving config file
12:59:51 saveConfig: auto-save-60s
12:59:51 Saving config file
13:00:51 saveConfig: auto-save-60s
13:00:51 Saving config file
13:01:51 saveConfig: auto-save-60s
13:01:51 Saving config file
13:02:51 saveConfig: auto-save-60s
13:02:51 Saving config file
13:03:51 saveConfig: auto-save-60s
13:03:51 Saving config file
13:04:51 saveConfig: auto-save-60s
13:04:51 Saving config file
13:05:51 saveConfig: auto-save-60s
13:05:51 Saving config file
13:06:51 saveConfig: auto-save-60s
13:06:51 Saving config file
13:07:03 saveConfig: saving-data
13:07:03 Saving sacks file
13:07:51 saveConfig: auto-save-60s
13:07:51 Saving config file
13:08:18 saveConfig: saving-data
13:08:18 Saving sacks file
13:08:51 saveConfig: auto-save-60s
13:08:51 Saving config file
13:09:51 saveConfig: auto-save-60s
13:09:51 Saving config file
13:10:51 saveConfig: auto-save-60s
13:10:51 Saving config file
13:11:05 saveConfig: saving-data
13:11:05 Saving sacks file
13:11:14 saveConfig: saving-data
13:11:14 Saving sacks file
13:11:30 saveConfig: saving-data
13:11:30 Saving sacks file
13:11:51 saveConfig: auto-save-60s
13:11:51 Saving config file
13:12:51 saveConfig: auto-save-60s
13:12:51 Saving config file
13:13:51 saveConfig: auto-save-60s
13:13:51 Saving config file
13:14:51 saveConfig: auto-save-60s
13:14:51 Saving config file
13:15:51 saveConfig: auto-save-60s
13:15:51 Saving config file
13:16:51 saveConfig: auto-save-60s
13:16:51 Saving config file
13:17:51 saveConfig: auto-save-60s
13:17:51 Saving config file
13:18:51 saveConfig: auto-save-60s
13:18:51 Saving config file
13:19:51 saveConfig: auto-save-60s
13:19:51 Saving config file
13:20:51 saveConfig: auto-save-60s
13:20:51 Saving config file
13:21:51 saveConfig: auto-save-60s
13:21:51 Saving config file
13:22:51 saveConfig: auto-save-60s
13:22:51 Saving config file
13:23:51 saveConfig: auto-save-60s
13:23:51 Saving config file
13:24:51 saveConfig: auto-save-60s
13:24:51 Saving config file
13:25:51 saveConfig: auto-save-60s
13:25:51 Saving config file
13:26:51 saveConfig: auto-save-60s
13:26:51 Saving config file
13:27:51 saveConfig: auto-save-60s
13:27:51 Saving config file
13:28:30 saveConfig: saving-data
13:28:30 Saving sacks file
13:28:51 saveConfig: auto-save-60s
13:28:51 Saving config file
13:29:22 saveConfig: saving-data
13:29:22 Saving sacks file
13:29:51 saveConfig: auto-save-60s
13:29:51 Saving config file
13:30:12 saveConfig: saving-data
13:30:12 Saving sacks file
13:30:22 saveConfig: saving-data
13:30:22 Saving sacks file
13:30:28 saveConfig: saving-data
13:30:28 Saving sacks file
13:30:39 saveConfig: saving-data
13:30:39 Saving sacks file
13:30:51 saveConfig: auto-save-60s
13:30:51 Saving config file
13:30:57 saveConfig: saving-data
13:30:57 Saving sacks file
13:31:06 saveConfig: saving-data
13:31:06 Saving sacks file
13:31:18 saveConfig: saving-data
13:31:18 Saving sacks file
13:31:34 saveConfig: saving-data
13:31:34 Saving sacks file
13:31:46 saveConfig: saving-data
13:31:46 Saving sacks file
13:31:51 saveConfig: auto-save-60s
13:31:51 Saving config file
13:32:51 saveConfig: auto-save-60s
13:32:51 Saving config file
13:33:51 saveConfig: auto-save-60s
13:33:51 Saving config file
13:34:51 saveConfig: auto-save-60s
13:34:51 Saving config file
13:35:41 saveConfig: saving-data
13:35:41 Saving sacks file
13:35:51 saveConfig: auto-save-60s
13:35:51 Saving config file
13:36:51 saveConfig: auto-save-60s
13:36:51 Saving config file
13:37:51 saveConfig: auto-save-60s
13:37:51 Saving config file
13:38:51 saveConfig: auto-save-60s
13:38:51 Saving config file
13:39:51 saveConfig: auto-save-60s
13:39:51 Saving config file
13:40:51 saveConfig: auto-save-60s
13:40:51 Saving config file
13:41:51 saveConfig: auto-save-60s
13:41:51 Saving config file
13:42:51 saveConfig: auto-save-60s
13:42:51 Saving config file
13:43:51 saveConfig: auto-save-60s
13:43:51 Saving config file
13:44:16 saveConfig: saving-data
13:44:16 Saving sacks file
13:44:29 saveConfig: saving-data
13:44:29 Saving sacks file
13:44:51 saveConfig: auto-save-60s
13:44:51 Saving config file
13:44:57 saveConfig: saving-data
13:44:57 Saving sacks file
13:45:51 saveConfig: auto-save-60s
13:45:51 Saving config file
13:45:58 saveConfig: saving-data
13:45:58 Saving sacks file
13:46:51 saveConfig: auto-save-60s
13:46:51 Saving config file
13:47:51 saveConfig: auto-save-60s
13:47:51 Saving config file
13:48:51 saveConfig: auto-save-60s
13:48:51 Saving config file
13:49:51 saveConfig: auto-save-60s
13:49:51 Saving config file
13:50:51 saveConfig: auto-save-60s
13:50:51 Saving config file
13:51:51 saveConfig: auto-save-60s
13:51:51 Saving config file
13:52:51 saveConfig: auto-save-60s
13:52:51 Saving config file
13:53:51 saveConfig: auto-save-60s
13:53:51 Saving config file
13:54:51 saveConfig: auto-save-60s
13:54:51 Saving config file
13:55:51 saveConfig: auto-save-60s
13:55:51 Saving config file
13:56:51 saveConfig: auto-save-60s
13:56:51 Saving config file
13:57:51 saveConfig: auto-save-60s
13:57:51 Saving config file
13:58:51 saveConfig: auto-save-60s
13:58:51 Saving config file
13:59:51 saveConfig: auto-save-60s
13:59:51 Saving config file
14:00:51 saveConfig: auto-save-60s
14:00:51 Saving config file
14:01:51 saveConfig: auto-save-60s
14:01:51 Saving config file
14:02:51 saveConfig: auto-save-60s
14:02:51 Saving config file
14:03:51 saveConfig: auto-save-60s
14:03:51 Saving config file
14:04:51 saveConfig: auto-save-60s
14:04:51 Saving config file
14:05:51 saveConfig: auto-save-60s
14:05:51 Saving config file
14:06:51 saveConfig: auto-save-60s
14:06:51 Saving config file
14:07:51 saveConfig: auto-save-60s
14:07:51 Saving config file
14:08:51 saveConfig: auto-save-60s
14:08:51 Saving config file
14:09:51 saveConfig: auto-save-60s
14:09:51 Saving config file
14:10:51 saveConfig: auto-save-60s
14:10:51 Saving config file
14:11:51 saveConfig: auto-save-60s
14:11:51 Saving config file
14:12:51 saveConfig: auto-save-60s
14:12:51 Saving config file
14:13:51 saveConfig: auto-save-60s
14:13:51 Saving config file
14:14:51 saveConfig: auto-save-60s
14:14:51 Saving config file
14:15:51 saveConfig: auto-save-60s
14:15:51 Saving config file
14:16:51 saveConfig: auto-save-60s
14:16:51 Saving config file
14:17:51 saveConfig: auto-save-60s
14:17:51 Saving config file
14:18:51 saveConfig: auto-save-60s
14:18:51 Saving config file
14:19:51 saveConfig: auto-save-60s
14:19:51 Saving config file
14:20:51 saveConfig: auto-save-60s
14:20:51 Saving config file
14:21:51 saveConfig: auto-save-60s
14:21:51 Saving config file
14:22:51 saveConfig: auto-save-60s
14:22:51 Saving config file
14:23:51 saveConfig: auto-save-60s
14:23:51 Saving config file
14:24:51 saveConfig: auto-save-60s
14:24:51 Saving config file
14:25:51 saveConfig: auto-save-60s
14:25:51 Saving config file
14:26:51 saveConfig: auto-save-60s
14:26:51 Saving config file
14:27:51 saveConfig: auto-save-60s
14:27:51 Saving config file
14:28:51 saveConfig: auto-save-60s
14:28:51 Saving config file
14:29:51 saveConfig: auto-save-60s
14:29:51 Saving config file
14:30:51 saveConfig: auto-save-60s
14:30:51 Saving config file
14:31:51 saveConfig: auto-save-60s
14:31:51 Saving config file
14:32:51 saveConfig: auto-save-60s
14:32:51 Saving config file
14:33:51 saveConfig: auto-save-60s
14:33:51 Saving config file
14:34:51 saveConfig: auto-save-60s
14:34:51 Saving config file
14:35:51 saveConfig: auto-save-60s
14:35:51 Saving config file
14:36:51 saveConfig: auto-save-60s
14:36:51 Saving config file
14:37:51 saveConfig: auto-save-60s
14:37:51 Saving config file
14:38:51 saveConfig: auto-save-60s
14:38:51 Saving config file
14:39:51 saveConfig: auto-save-60s
14:39:51 Saving config file
14:40:51 saveConfig: auto-save-60s
14:40:51 Saving config file
14:41:05 saveConfig: saving-data
14:41:05 Saving sacks file
14:41:34 saveConfig: saving-data
14:41:34 Saving sacks file
14:41:40 saveConfig: saving-data
14:41:40 Saving sacks file
14:41:51 saveConfig: auto-save-60s
14:41:51 Saving config file
14:42:51 saveConfig: auto-save-60s
14:42:51 Saving config file
14:43:51 saveConfig: auto-save-60s
14:43:51 Saving config file
14:44:51 saveConfig: auto-save-60s
14:44:51 Saving config file
14:45:51 saveConfig: auto-save-60s
14:45:51 Saving config file
14:46:51 saveConfig: auto-save-60s
14:46:51 Saving config file
14:47:51 saveConfig: auto-save-60s
14:47:51 Saving config file
14:48:51 saveConfig: auto-save-60s
14:48:51 Saving config file
14:49:51 saveConfig: auto-save-60s
14:49:51 Saving config file
14:50:51 saveConfig: auto-save-60s
14:50:51 Saving config file
14:51:51 saveConfig: auto-save-60s
14:51:51 Saving config file
14:52:51 saveConfig: auto-save-60s
14:52:51 Saving config file
14:53:51 saveConfig: auto-save-60s
14:53:51 Saving config file
14:54:51 saveConfig: auto-save-60s
14:54:51 Saving config file
14:55:51 saveConfig: auto-save-60s
14:55:51 Saving config file
14:56:51 saveConfig: auto-save-60s
14:56:51 Saving config file
14:57:51 saveConfig: auto-save-60s
14:57:51 Saving config file
14:58:51 saveConfig: auto-save-60s
14:58:51 Saving config file
14:59:51 saveConfig: auto-save-60s
14:59:51 Saving config file
15:00:51 saveConfig: auto-save-60s
15:00:51 Saving config file
15:01:51 saveConfig: auto-save-60s
15:01:51 Saving config file
15:02:51 saveConfig: auto-save-60s
15:02:51 Saving config file
15:03:51 saveConfig: auto-save-60s
15:03:51 Saving config file
15:04:51 saveConfig: auto-save-60s
15:04:51 Saving config file
15:05:51 saveConfig: auto-save-60s
15:05:51 Saving config file
15:06:51 saveConfig: auto-save-60s
15:06:51 Saving config file
15:07:51 saveConfig: auto-save-60s
15:07:51 Saving config file
15:08:51 saveConfig: auto-save-60s
15:08:51 Saving config file
15:09:51 saveConfig: auto-save-60s
15:09:51 Saving config file
15:10:51 saveConfig: auto-save-60s
15:10:51 Saving config file
15:11:51 saveConfig: auto-save-60s
15:11:51 Saving config file
15:12:51 saveConfig: auto-save-60s
15:12:51 Saving config file
15:13:29 saveConfig: saving-data
15:13:29 Saving sacks file
15:13:51 saveConfig: auto-save-60s
15:13:51 Saving config file
15:14:51 saveConfig: auto-save-60s
15:14:51 Saving config file
15:15:51 saveConfig: auto-save-60s
15:15:51 Saving config file
15:16:51 saveConfig: auto-save-60s
15:16:51 Saving config file
15:17:51 saveConfig: auto-save-60s
15:17:51 Saving config file
15:18:51 saveConfig: auto-save-60s
15:18:51 Saving config file
15:19:51 saveConfig: auto-save-60s
15:19:51 Saving config file
15:20:51 saveConfig: auto-save-60s
15:20:51 Saving config file
15:21:51 saveConfig: auto-save-60s
15:21:51 Saving config file
15:22:51 saveConfig: auto-save-60s
15:22:51 Saving config file
15:23:51 saveConfig: auto-save-60s
15:23:51 Saving config file
15:24:51 saveConfig: auto-save-60s
15:24:51 Saving config file
15:25:51 saveConfig: auto-save-60s
15:25:51 Saving config file
15:26:51 saveConfig: auto-save-60s
15:26:51 Saving config file
15:27:51 saveConfig: auto-save-60s
15:27:51 Saving config file
15:28:51 saveConfig: auto-save-60s
15:28:51 Saving config file
15:29:51 saveConfig: auto-save-60s
15:29:51 Saving config file
15:30:51 saveConfig: auto-save-60s
15:30:51 Saving config file
15:31:51 saveConfig: auto-save-60s
15:31:51 Saving config file
15:32:51 saveConfig: auto-save-60s
15:32:51 Saving config file
15:33:51 saveConfig: auto-save-60s
15:33:51 Saving config file
15:34:51 saveConfig: auto-save-60s
15:34:51 Saving config file
15:35:51 saveConfig: auto-save-60s
15:35:51 Saving config file
15:36:51 saveConfig: auto-save-60s
15:36:51 Saving config file
15:37:51 saveConfig: auto-save-60s
15:37:51 Saving config file
15:38:51 saveConfig: auto-save-60s
15:38:51 Saving config file
15:39:51 saveConfig: auto-save-60s
15:39:51 Saving config file
15:40:51 saveConfig: auto-save-60s
15:40:51 Saving config file
15:41:51 saveConfig: auto-save-60s
15:41:51 Saving config file
15:42:51 saveConfig: auto-save-60s
15:42:51 Saving config file
15:43:51 saveConfig: auto-save-60s
15:43:51 Saving config file
15:44:51 saveConfig: auto-save-60s
15:44:51 Saving config file
15:45:51 saveConfig: auto-save-60s
15:45:51 Saving config file
15:46:51 saveConfig: auto-save-60s
15:46:51 Saving config file
15:47:51 saveConfig: auto-save-60s
15:47:51 Saving config file
15:48:51 saveConfig: auto-save-60s
15:48:51 Saving config file
15:49:51 saveConfig: auto-save-60s
15:49:51 Saving config file
15:50:51 saveConfig: auto-save-60s
15:50:51 Saving config file
15:51:51 saveConfig: auto-save-60s
15:51:51 Saving config file
15:52:51 saveConfig: auto-save-60s
15:52:51 Saving config file
15:53:51 saveConfig: auto-save-60s
15:53:51 Saving config file
15:54:51 saveConfig: auto-save-60s
15:54:51 Saving config file
15:55:51 saveConfig: auto-save-60s
15:55:51 Saving config file
15:56:51 saveConfig: auto-save-60s
15:56:51 Saving config file
15:57:51 saveConfig: auto-save-60s
15:57:51 Saving config file
15:58:51 saveConfig: auto-save-60s
15:58:51 Saving config file
15:59:51 saveConfig: auto-save-60s
15:59:51 Saving config file
16:00:51 saveConfig: auto-save-60s
16:00:51 Saving config file
16:01:51 saveConfig: auto-save-60s
16:01:51 Saving config file
16:02:51 saveConfig: auto-save-60s
16:02:51 Saving config file
16:03:51 saveConfig: auto-save-60s
16:03:51 Saving config file
16:04:51 saveConfig: auto-save-60s
16:04:51 Saving config file
16:05:51 saveConfig: auto-save-60s
16:05:51 Saving config file
16:06:51 saveConfig: auto-save-60s
16:06:51 Saving config file
16:07:51 saveConfig: auto-save-60s
16:07:51 Saving config file
16:08:51 saveConfig: auto-save-60s
16:08:51 Saving config file
16:09:51 saveConfig: auto-save-60s
16:09:51 Saving config file
16:10:51 saveConfig: auto-save-60s
16:10:51 Saving config file
16:11:51 saveConfig: auto-save-60s
16:11:51 Saving config file
16:12:51 saveConfig: auto-save-60s
16:12:51 Saving config file
16:13:51 saveConfig: auto-save-60s
16:13:51 Saving config file
16:14:51 saveConfig: auto-save-60s
16:14:51 Saving config file
16:15:51 saveConfig: auto-save-60s
16:15:51 Saving config file
16:16:51 saveConfig: auto-save-60s
16:16:51 Saving config file
16:17:51 saveConfig: auto-save-60s
16:17:51 Saving config file
16:18:51 saveConfig: auto-save-60s
16:18:51 Saving config file
16:19:51 saveConfig: auto-save-60s
16:19:51 Saving config file
16:20:51 saveConfig: auto-save-60s
16:20:51 Saving config file
16:21:51 saveConfig: auto-save-60s
16:21:51 Saving config file
16:22:51 saveConfig: auto-save-60s
16:22:51 Saving config file
16:23:51 saveConfig: auto-save-60s
16:23:51 Saving config file
16:24:51 saveConfig: auto-save-60s
16:24:51 Saving config file
16:25:51 saveConfig: auto-save-60s
16:25:51 Saving config file
16:26:51 saveConfig: auto-save-60s
16:26:51 Saving config file
16:27:51 saveConfig: auto-save-60s
16:27:51 Saving config file
16:28:51 saveConfig: auto-save-60s
16:28:51 Saving config file
16:29:51 saveConfig: auto-save-60s
16:29:51 Saving config file
16:30:51 saveConfig: auto-save-60s
16:30:51 Saving config file
16:31:51 saveConfig: auto-save-60s
16:31:51 Saving config file
16:32:51 saveConfig: auto-save-60s
16:32:51 Saving config file
16:33:51 saveConfig: auto-save-60s
16:33:51 Saving config file
16:34:51 saveConfig: auto-save-60s
16:34:51 Saving config file
16:35:51 saveConfig: auto-save-60s
16:35:51 Saving config file
16:36:37 saveConfig: close-gui
16:36:37 Saving config file
16:36:37 saveConfig: close-gui
16:36:37 Saving config file
16:36:51 saveConfig: auto-save-60s
16:36:51 Saving config file
16:37:51 saveConfig: auto-save-60s
16:37:51 Saving config file
16:38:51 saveConfig: auto-save-60s
16:38:51 Saving config file
16:39:51 saveConfig: auto-save-60s
16:39:51 Saving config file
16:40:51 saveConfig: auto-save-60s
16:40:51 Saving config file
16:41:51 saveConfig: auto-save-60s
16:41:51 Saving config file
16:42:51 saveConfig: auto-save-60s
16:42:51 Saving config file
16:43:51 saveConfig: auto-save-60s
16:43:51 Saving config file
16:44:51 saveConfig: auto-save-60s
16:44:51 Saving config file
16:45:51 saveConfig: auto-save-60s
16:45:51 Saving config file
16:46:51 saveConfig: auto-save-60s
16:46:51 Saving config file
16:47:51 saveConfig: auto-save-60s
16:47:51 Saving config file
16:48:51 saveConfig: auto-save-60s
16:48:51 Saving config file
16:49:51 saveConfig: auto-save-60s
16:49:51 Saving config file
16:50:51 saveConfig: auto-save-60s
16:50:51 Saving config file
16:51:07 saveConfig: saving-data
16:51:07 Saving sacks file
16:51:20 saveConfig: saving-data
16:51:20 Saving sacks file
16:51:51 saveConfig: auto-save-60s
16:51:51 Saving config file
16:52:51 saveConfig: auto-save-60s
16:52:51 Saving config file
16:53:51 saveConfig: auto-save-60s
16:53:51 Saving config file
16:54:51 saveConfig: auto-save-60s
16:54:51 Saving config file
16:55:51 saveConfig: auto-save-60s
16:55:51 Saving config file
16:56:51 saveConfig: auto-save-60s
16:56:51 Saving config file
16:57:51 saveConfig: auto-save-60s
16:57:51 Saving config file
16:58:51 saveConfig: auto-save-60s
16:58:51 Saving config file
16:59:51 saveConfig: auto-save-60s
16:59:51 Saving config file
17:00:51 saveConfig: auto-save-60s
17:00:51 Saving config file
17:01:51 saveConfig: auto-save-60s
17:01:51 Saving config file
17:02:51 saveConfig: auto-save-60s
17:02:51 Saving config file
17:03:51 saveConfig: auto-save-60s
17:03:51 Saving config file
17:04:51 saveConfig: auto-save-60s
17:04:51 Saving config file
17:05:51 saveConfig: auto-save-60s
17:05:51 Saving config file
17:06:51 saveConfig: auto-save-60s
17:06:51 Saving config file
17:07:51 saveConfig: auto-save-60s
17:07:51 Saving config file
17:08:51 saveConfig: auto-save-60s
17:08:51 Saving config file
17:09:51 saveConfig: auto-save-60s
17:09:51 Saving config file
17:10:51 saveConfig: auto-save-60s
17:10:51 Saving config file
17:11:51 saveConfig: auto-save-60s
17:11:51 Saving config file
17:12:51 saveConfig: auto-save-60s
17:12:51 Saving config file
17:13:51 saveConfig: auto-save-60s
17:13:51 Saving config file
17:14:51 saveConfig: auto-save-60s
17:14:51 Saving config file
17:15:51 saveConfig: auto-save-60s
17:15:51 Saving config file
17:16:51 saveConfig: auto-save-60s
17:16:51 Saving config file
17:17:51 saveConfig: auto-save-60s
17:17:51 Saving config file
17:18:51 saveConfig: auto-save-60s
17:18:51 Saving config file
17:19:51 saveConfig: auto-save-60s
17:19:51 Saving config file
17:20:51 saveConfig: auto-save-60s
17:20:51 Saving config file
17:21:51 saveConfig: auto-save-60s
17:21:51 Saving config file
17:22:51 saveConfig: auto-save-60s
17:22:51 Saving config file
17:23:51 saveConfig: auto-save-60s
17:23:51 Saving config file
17:24:51 saveConfig: auto-save-60s
17:24:51 Saving config file
17:25:51 saveConfig: auto-save-60s
17:25:51 Saving config file
17:26:51 saveConfig: auto-save-60s
17:26:51 Saving config file
17:27:51 saveConfig: auto-save-60s
17:27:51 Saving config file
17:28:51 saveConfig: auto-save-60s
17:28:51 Saving config file
17:29:51 saveConfig: auto-save-60s
17:29:51 Saving config file
17:30:51 saveConfig: auto-save-60s
17:30:51 Saving config file
17:31:18 saveConfig: saving-data
17:31:18 Saving sacks file
17:31:29 saveConfig: saving-data
17:31:29 Saving sacks file
17:31:51 saveConfig: auto-save-60s
17:31:51 Saving config file
17:32:51 saveConfig: auto-save-60s
17:32:51 Saving config file
17:33:51 saveConfig: auto-save-60s
17:33:51 Saving config file
17:34:51 saveConfig: auto-save-60s
17:34:51 Saving config file
17:35:51 saveConfig: auto-save-60s
17:35:51 Saving config file
17:36:51 saveConfig: auto-save-60s
17:36:51 Saving config file
17:37:51 saveConfig: auto-save-60s
17:37:51 Saving config file
17:38:51 saveConfig: auto-save-60s
17:38:51 Saving config file
17:39:51 saveConfig: auto-save-60s
17:39:51 Saving config file
17:40:51 saveConfig: auto-save-60s
17:40:51 Saving config file
17:41:51 saveConfig: auto-save-60s
17:41:51 Saving config file
17:42:51 saveConfig: auto-save-60s
17:42:51 Saving config file
17:43:51 saveConfig: auto-save-60s
17:43:51 Saving config file
17:44:51 saveConfig: auto-save-60s
17:44:51 Saving config file
17:45:51 saveConfig: auto-save-60s
17:45:51 Saving config file
17:46:51 saveConfig: auto-save-60s
17:46:51 Saving config file
17:47:51 saveConfig: auto-save-60s
17:47:51 Saving config file
17:48:51 saveConfig: auto-save-60s
17:48:51 Saving config file
17:49:51 saveConfig: auto-save-60s
17:49:51 Saving config file
17:50:51 saveConfig: auto-save-60s
17:50:51 Saving config file
17:51:51 saveConfig: auto-save-60s
17:51:51 Saving config file
17:52:51 saveConfig: auto-save-60s
17:52:51 Saving config file
17:53:51 saveConfig: auto-save-60s
17:53:51 Saving config file
17:54:51 saveConfig: auto-save-60s
17:54:51 Saving config file
17:55:51 saveConfig: auto-save-60s
17:55:51 Saving config file
17:56:51 saveConfig: auto-save-60s
17:56:51 Saving config file
17:57:51 saveConfig: auto-save-60s
17:57:51 Saving config file
17:58:51 saveConfig: auto-save-60s
17:58:51 Saving config file
17:59:51 saveConfig: auto-save-60s
17:59:51 Saving config file
18:00:51 saveConfig: auto-save-60s
18:00:51 Saving config file
18:01:51 saveConfig: auto-save-60s
18:01:51 Saving config file
18:02:51 saveConfig: auto-save-60s
18:02:51 Saving config file
18:03:51 saveConfig: auto-save-60s
18:03:51 Saving config file
18:04:51 saveConfig: auto-save-60s
18:04:51 Saving config file
18:05:51 saveConfig: auto-save-60s
18:05:51 Saving config file
18:06:51 saveConfig: auto-save-60s
18:06:51 Saving config file
18:07:51 saveConfig: auto-save-60s
18:07:51 Saving config file
18:08:51 saveConfig: auto-save-60s
18:08:51 Saving config file
18:09:51 saveConfig: auto-save-60s
18:09:51 Saving config file
18:10:51 saveConfig: auto-save-60s
18:10:51 Saving config file
18:11:51 saveConfig: auto-save-60s
18:11:51 Saving config file
18:12:51 saveConfig: auto-save-60s
18:12:51 Saving config file
18:13:51 saveConfig: auto-save-60s
18:13:51 Saving config file
18:14:51 saveConfig: auto-save-60s
18:14:51 Saving config file
18:15:51 saveConfig: auto-save-60s
18:15:51 Saving config file
18:16:51 saveConfig: auto-save-60s
18:16:51 Saving config file
18:17:51 saveConfig: auto-save-60s
18:17:51 Saving config file
18:18:51 saveConfig: auto-save-60s
18:18:51 Saving config file
18:19:51 saveConfig: auto-save-60s
18:19:51 Saving config file
18:20:51 saveConfig: auto-save-60s
18:20:51 Saving config file
18:21:51 saveConfig: auto-save-60s
18:21:51 Saving config file
18:22:51 saveConfig: auto-save-60s
18:22:51 Saving config file
18:23:51 saveConfig: auto-save-60s
18:23:51 Saving config file
18:24:51 saveConfig: auto-save-60s
18:24:51 Saving config file
18:25:51 saveConfig: auto-save-60s
18:25:51 Saving config file
18:26:51 saveConfig: auto-save-60s
18:26:51 Saving config file
18:27:51 saveConfig: auto-save-60s
18:27:51 Saving config file
18:28:51 saveConfig: auto-save-60s
18:28:51 Saving config file
18:29:51 saveConfig: auto-save-60s
18:29:51 Saving config file
18:30:51 saveConfig: auto-save-60s
18:30:51 Saving config file
18:31:51 saveConfig: auto-save-60s
18:31:51 Saving config file
18:32:51 saveConfig: auto-save-60s
18:32:51 Saving config file
18:33:51 saveConfig: auto-save-60s
18:33:51 Saving config file
18:34:51 saveConfig: auto-save-60s
18:34:51 Saving config file
18:35:51 saveConfig: auto-save-60s
18:35:51 Saving config file
18:36:51 saveConfig: auto-save-60s
18:36:51 Saving config file
18:37:51 saveConfig: auto-save-60s
18:37:51 Saving config file
18:38:51 saveConfig: auto-save-60s
18:38:51 Saving config file
18:39:51 saveConfig: auto-save-60s
18:39:51 Saving config file
18:40:51 saveConfig: auto-save-60s
18:40:51 Saving config file
18:41:51 saveConfig: auto-save-60s
18:41:51 Saving config file
18:42:51 saveConfig: auto-save-60s
18:42:51 Saving config file
18:43:51 saveConfig: auto-save-60s
18:43:51 Saving config file
18:44:51 saveConfig: auto-save-60s
18:44:51 Saving config file
18:45:51 saveConfig: auto-save-60s
18:45:51 Saving config file
18:46:51 saveConfig: auto-save-60s
18:46:51 Saving config file
18:47:51 saveConfig: auto-save-60s
18:47:51 Saving config file
18:48:51 saveConfig: auto-save-60s
18:48:51 Saving config file
18:49:51 saveConfig: auto-save-60s
18:49:51 Saving config file
18:50:51 saveConfig: auto-save-60s
18:50:51 Saving config file
18:51:51 saveConfig: auto-save-60s
18:51:51 Saving config file
18:52:51 saveConfig: auto-save-60s
18:52:51 Saving config file
18:53:51 saveConfig: auto-save-60s
18:53:51 Saving config file
18:54:51 saveConfig: auto-save-60s
18:54:51 Saving config file
18:55:51 saveConfig: auto-save-60s
18:55:51 Saving config file
18:56:51 saveConfig: auto-save-60s
18:56:51 Saving config file
18:57:51 saveConfig: auto-save-60s
18:57:51 Saving config file
18:58:51 saveConfig: auto-save-60s
18:58:51 Saving config file
18:59:51 saveConfig: auto-save-60s
18:59:51 Saving config file
19:00:51 saveConfig: auto-save-60s
19:00:51 Saving config file
19:01:51 saveConfig: auto-save-60s
19:01:51 Saving config file
19:02:51 saveConfig: auto-save-60s
19:02:51 Saving config file
19:03:51 saveConfig: auto-save-60s
19:03:51 Saving config file
19:04:51 saveConfig: auto-save-60s
19:04:51 Saving config file
19:05:51 saveConfig: auto-save-60s
19:05:51 Saving config file
19:06:51 saveConfig: auto-save-60s
19:06:51 Saving config file
19:07:51 saveConfig: auto-save-60s
19:07:51 Saving config file
19:08:51 saveConfig: auto-save-60s
19:08:51 Saving config file
19:09:51 saveConfig: auto-save-60s
19:09:51 Saving config file
19:10:51 saveConfig: auto-save-60s
19:10:51 Saving config file
19:11:51 saveConfig: auto-save-60s
19:11:51 Saving config file
19:12:51 saveConfig: auto-save-60s
19:12:51 Saving config file
19:13:51 saveConfig: auto-save-60s
19:13:51 Saving config file
19:14:51 saveConfig: auto-save-60s
19:14:51 Saving config file
19:15:51 saveConfig: auto-save-60s
19:15:51 Saving config file
19:16:51 saveConfig: auto-save-60s
19:16:51 Saving config file
19:17:51 saveConfig: auto-save-60s
19:17:51 Saving config file
19:18:51 saveConfig: auto-save-60s
19:18:51 Saving config file
19:19:51 saveConfig: auto-save-60s
19:19:51 Saving config file
19:20:51 saveConfig: auto-save-60s
19:20:51 Saving config file
19:21:51 saveConfig: auto-save-60s
19:21:51 Saving config file
19:22:51 saveConfig: auto-save-60s
19:22:51 Saving config file
19:23:51 saveConfig: auto-save-60s
19:23:51 Saving config file
19:24:51 saveConfig: auto-save-60s
19:24:51 Saving config file
19:25:51 saveConfig: auto-save-60s
19:25:51 Saving config file
19:26:51 saveConfig: auto-save-60s
19:26:51 Saving config file
19:27:51 saveConfig: auto-save-60s
19:27:51 Saving config file
19:28:51 saveConfig: auto-save-60s
19:28:51 Saving config file
19:29:51 saveConfig: auto-save-60s
19:29:51 Saving config file
19:30:51 saveConfig: auto-save-60s
19:30:51 Saving config file
19:31:51 saveConfig: auto-save-60s
19:31:51 Saving config file
19:32:51 saveConfig: auto-save-60s
19:32:51 Saving config file
19:33:51 saveConfig: auto-save-60s
19:33:51 Saving config file
19:34:51 saveConfig: auto-save-60s
19:34:51 Saving config file
19:35:51 saveConfig: auto-save-60s
19:35:51 Saving config file
19:36:51 saveConfig: auto-save-60s
19:36:51 Saving config file
19:37:51 saveConfig: auto-save-60s
19:37:51 Saving config file
19:38:51 saveConfig: auto-save-60s
19:38:51 Saving config file
19:39:51 saveConfig: auto-save-60s
19:39:51 Saving config file
19:40:51 saveConfig: auto-save-60s
19:40:51 Saving config file
19:41:51 saveConfig: auto-save-60s
19:41:51 Saving config file
19:42:51 saveConfig: auto-save-60s
19:42:51 Saving config file
19:43:51 saveConfig: auto-save-60s
19:43:51 Saving config file
19:44:51 saveConfig: auto-save-60s
19:44:51 Saving config file
19:45:51 saveConfig: auto-save-60s
19:45:51 Saving config file
19:46:51 saveConfig: auto-save-60s
19:46:51 Saving config file
19:47:51 saveConfig: auto-save-60s
19:47:51 Saving config file
19:48:51 saveConfig: auto-save-60s
19:48:51 Saving config file
19:49:51 saveConfig: auto-save-60s
19:49:51 Saving config file
19:50:51 saveConfig: auto-save-60s
19:50:51 Saving config file
19:51:51 saveConfig: auto-save-60s
19:51:51 Saving config file
19:52:51 saveConfig: auto-save-60s
19:52:51 Saving config file
19:53:51 saveConfig: auto-save-60s
19:53:51 Saving config file
19:54:51 saveConfig: auto-save-60s
19:54:51 Saving config file
19:55:51 saveConfig: auto-save-60s
19:55:51 Saving config file
19:56:51 saveConfig: auto-save-60s
19:56:51 Saving config file
19:57:51 saveConfig: auto-save-60s
19:57:51 Saving config file
19:58:51 saveConfig: auto-save-60s
19:58:51 Saving config file
19:59:51 saveConfig: auto-save-60s
19:59:51 Saving config file
20:00:51 saveConfig: auto-save-60s
20:00:51 Saving config file
20:01:51 saveConfig: auto-save-60s
20:01:51 Saving config file
20:02:51 saveConfig: auto-save-60s
20:02:51 Saving config file
20:03:51 saveConfig: auto-save-60s
20:03:51 Saving config file
20:04:51 saveConfig: auto-save-60s
20:04:51 Saving config file
20:05:51 saveConfig: auto-save-60s
20:05:51 Saving config file
20:06:51 saveConfig: auto-save-60s
20:06:51 Saving config file
20:07:51 saveConfig: auto-save-60s
20:07:51 Saving config file
20:08:51 saveConfig: auto-save-60s
20:08:51 Saving config file
20:09:51 saveConfig: auto-save-60s
20:09:51 Saving config file
20:10:51 saveConfig: auto-save-60s
20:10:51 Saving config file
20:11:51 saveConfig: auto-save-60s
20:11:51 Saving config file
20:12:51 saveConfig: auto-save-60s
20:12:51 Saving config file
20:13:51 saveConfig: auto-save-60s
20:13:51 Saving config file
20:14:51 saveConfig: auto-save-60s
20:14:51 Saving config file
20:15:51 saveConfig: auto-save-60s
20:15:51 Saving config file
20:16:51 saveConfig: auto-save-60s
20:16:51 Saving config file
20:17:51 saveConfig: auto-save-60s
20:17:51 Saving config file
20:18:51 saveConfig: auto-save-60s
20:18:51 Saving config file
20:19:51 saveConfig: auto-save-60s
20:19:51 Saving config file
20:20:51 saveConfig: auto-save-60s
20:20:51 Saving config file
20:20:54 saveConfig: saving-data
20:20:54 Saving sacks file
20:21:04 saveConfig: saving-data
20:21:04 Saving sacks file
20:21:51 saveConfig: auto-save-60s
20:21:51 Saving config file
20:22:51 saveConfig: auto-save-60s
20:22:51 Saving config file
20:23:51 saveConfig: auto-save-60s
20:23:51 Saving config file
20:24:51 saveConfig: auto-save-60s
20:24:51 Saving config file
20:25:51 saveConfig: auto-save-60s
20:25:51 Saving config file
20:26:51 saveConfig: auto-save-60s
20:26:51 Saving config file
20:27:51 saveConfig: auto-save-60s
20:27:51 Saving config file
20:28:51 saveConfig: auto-save-60s
20:28:51 Saving config file
20:29:51 saveConfig: auto-save-60s
20:29:51 Saving config file
20:30:51 saveConfig: auto-save-60s
20:30:51 Saving config file
20:31:51 saveConfig: auto-save-60s
20:31:51 Saving config file
20:32:51 saveConfig: auto-save-60s
20:32:51 Saving config file
20:33:51 saveConfig: auto-save-60s
20:33:51 Saving config file
20:34:51 saveConfig: auto-save-60s
20:34:51 Saving config file
20:35:51 saveConfig: auto-save-60s
20:35:51 Saving config file
20:36:51 saveConfig: auto-save-60s
20:36:51 Saving config file
20:37:51 saveConfig: auto-save-60s
20:37:51 Saving config file
20:38:51 saveConfig: auto-save-60s
20:38:51 Saving config file
20:39:51 saveConfig: auto-save-60s
20:39:51 Saving config file
20:40:51 saveConfig: auto-save-60s
20:40:51 Saving config file
20:41:51 saveConfig: auto-save-60s
20:41:51 Saving config file
20:42:51 saveConfig: auto-save-60s
20:42:51 Saving config file
20:43:51 saveConfig: auto-save-60s
20:43:51 Saving config file
20:44:51 saveConfig: auto-save-60s
20:44:51 Saving config file
20:45:51 saveConfig: auto-save-60s
20:45:51 Saving config file
20:46:51 saveConfig: auto-save-60s
20:46:51 Saving config file
20:47:51 saveConfig: auto-save-60s
20:47:51 Saving config file
20:48:51 saveConfig: auto-save-60s
20:48:51 Saving config file
20:49:51 saveConfig: auto-save-60s
20:49:51 Saving config file
20:50:51 saveConfig: auto-save-60s
20:50:51 Saving config file
20:51:51 saveConfig: auto-save-60s
20:51:51 Saving config file
20:52:51 saveConfig: auto-save-60s
20:52:51 Saving config file
20:53:51 saveConfig: auto-save-60s
20:53:51 Saving config file
20:54:51 saveConfig: auto-save-60s
20:54:51 Saving config file
20:55:51 saveConfig: auto-save-60s
20:55:51 Saving config file
20:56:51 saveConfig: auto-save-60s
20:56:51 Saving config file
20:57:51 saveConfig: auto-save-60s
20:57:51 Saving config file
20:58:51 saveConfig: auto-save-60s
20:58:51 Saving config file
20:59:51 saveConfig: auto-save-60s
20:59:51 Saving config file
21:00:51 saveConfig: auto-save-60s
21:00:51 Saving config file
21:01:51 saveConfig: auto-save-60s
21:01:51 Saving config file
21:02:51 saveConfig: auto-save-60s
21:02:51 Saving config file
21:03:51 saveConfig: auto-save-60s
21:03:51 Saving config file
21:04:51 saveConfig: auto-save-60s
21:04:51 Saving config file
21:05:51 saveConfig: auto-save-60s
21:05:51 Saving config file
21:06:51 saveConfig: auto-save-60s
21:06:51 Saving config file
21:07:51 saveConfig: auto-save-60s
21:07:51 Saving config file
21:08:51 saveConfig: auto-save-60s
21:08:51 Saving config file
21:09:51 saveConfig: auto-save-60s
21:09:51 Saving config file
21:10:51 saveConfig: auto-save-60s
21:10:51 Saving config file
21:11:51 saveConfig: auto-save-60s
21:11:51 Saving config file
21:12:51 saveConfig: auto-save-60s
21:12:51 Saving config file
21:13:06 saveConfig: saving-data
21:13:06 Saving sacks file
21:13:51 saveConfig: auto-save-60s
21:13:51 Saving config file
21:14:51 saveConfig: auto-save-60s
21:14:51 Saving config file
21:15:51 saveConfig: auto-save-60s
21:15:51 Saving config file
21:16:51 saveConfig: auto-save-60s
21:16:51 Saving config file
21:17:51 saveConfig: auto-save-60s
21:17:51 Saving config file
21:18:51 saveConfig: auto-save-60s
21:18:51 Saving config file
21:19:51 saveConfig: auto-save-60s
21:19:51 Saving config file
21:20:51 saveConfig: auto-save-60s
21:20:51 Saving config file
21:21:51 saveConfig: auto-save-60s
21:21:51 Saving config file
21:22:51 saveConfig: auto-save-60s
21:22:51 Saving config file
21:23:51 saveConfig: auto-save-60s
21:23:51 Saving config file
21:24:51 saveConfig: auto-save-60s
21:24:51 Saving config file
21:25:51 saveConfig: auto-save-60s
21:25:51 Saving config file
21:26:51 saveConfig: auto-save-60s
21:26:51 Saving config file
21:27:51 saveConfig: auto-save-60s
21:27:51 Saving config file
21:28:51 saveConfig: auto-save-60s
21:28:51 Saving config file
21:29:51 saveConfig: auto-save-60s
21:29:51 Saving config file
21:30:51 saveConfig: auto-save-60s
21:30:51 Saving config file
21:31:51 saveConfig: auto-save-60s
21:31:51 Saving config file
21:32:51 saveConfig: auto-save-60s
21:32:51 Saving config file
21:33:51 saveConfig: auto-save-60s
21:33:51 Saving config file
21:34:51 saveConfig: auto-save-60s
21:34:51 Saving config file
21:35:51 saveConfig: auto-save-60s
21:35:51 Saving config file
21:36:51 saveConfig: auto-save-60s
21:36:51 Saving config file
21:37:51 saveConfig: auto-save-60s
21:37:51 Saving config file
21:38:51 saveConfig: auto-save-60s
21:38:51 Saving config file
21:39:51 saveConfig: auto-save-60s
21:39:51 Saving config file
21:40:51 saveConfig: auto-save-60s
21:40:51 Saving config file
21:41:51 saveConfig: auto-save-60s
21:41:51 Saving config file
21:42:51 saveConfig: auto-save-60s
21:42:51 Saving config file
21:43:51 saveConfig: auto-save-60s
21:43:51 Saving config file
21:44:51 saveConfig: auto-save-60s
21:44:51 Saving config file
21:45:51 saveConfig: auto-save-60s
21:45:51 Saving config file
21:46:51 saveConfig: auto-save-60s
21:46:51 Saving config file
21:47:51 saveConfig: auto-save-60s
21:47:51 Saving config file
21:48:51 saveConfig: auto-save-60s
21:48:51 Saving config file
21:49:51 saveConfig: auto-save-60s
21:49:51 Saving config file
21:50:51 saveConfig: auto-save-60s
21:50:51 Saving config file
21:51:51 saveConfig: auto-save-60s
21:51:51 Saving config file
21:52:51 saveConfig: auto-save-60s
21:52:51 Saving config file
21:53:19 saveConfig: saving-data
21:53:19 Saving sacks file
21:53:51 saveConfig: auto-save-60s
21:53:51 Saving config file
21:54:34 saveConfig: saving-data
21:54:34 Saving sacks file
21:54:51 saveConfig: auto-save-60s
21:54:51 Saving config file
21:55:22 saveConfig: saving-data
21:55:22 Saving sacks file
21:55:51 saveConfig: auto-save-60s
21:55:51 Saving config file
21:56:16 saveConfig: saving-data
21:56:16 Saving sacks file
21:56:51 saveConfig: auto-save-60s
21:56:51 Saving config file
21:57:51 saveConfig: auto-save-60s
21:57:51 Saving config file
21:57:52 saveConfig: saving-data
21:57:52 Saving sacks file
21:58:51 saveConfig: auto-save-60s
21:58:51 Saving config file
21:59:51 saveConfig: auto-save-60s
21:59:51 Saving config file
22:00:51 saveConfig: auto-save-60s
22:00:51 Saving config file
22:01:51 saveConfig: auto-save-60s
22:01:51 Saving config file
22:02:51 saveConfig: auto-save-60s
22:02:51 Saving config file
22:03:51 saveConfig: auto-save-60s
22:03:51 Saving config file
22:04:07 saveConfig: saving-data
22:04:07 Saving sacks file
22:04:16 saveConfig: saving-data
22:04:16 Saving sacks file
22:04:51 saveConfig: auto-save-60s
22:04:51 Saving config file
22:05:06 saveConfig: saving-data
22:05:06 Saving sacks file
22:05:51 saveConfig: auto-save-60s
22:05:51 Saving config file
22:06:51 saveConfig: auto-save-60s
22:06:51 Saving config file
22:07:51 saveConfig: auto-save-60s
22:07:51 Saving config file
22:08:51 saveConfig: auto-save-60s
22:08:51 Saving config file
22:09:51 saveConfig: auto-save-60s
22:09:51 Saving config file
22:10:51 saveConfig: auto-save-60s
22:10:51 Saving config file
22:11:51 saveConfig: auto-save-60s
22:11:51 Saving config file
22:12:51 saveConfig: auto-save-60s
22:12:51 Saving config file
22:13:51 saveConfig: auto-save-60s
22:13:51 Saving config file
22:14:51 saveConfig: auto-save-60s
22:14:51 Saving config file
22:15:51 saveConfig: auto-save-60s
22:15:51 Saving config file
22:16:51 saveConfig: auto-save-60s
22:16:51 Saving config file
22:17:51 saveConfig: auto-save-60s
22:17:51 Saving config file
22:18:51 saveConfig: auto-save-60s
22:18:51 Saving config file
22:19:51 saveConfig: auto-save-60s
22:19:51 Saving config file
22:20:51 saveConfig: auto-save-60s
22:20:51 Saving config file
22:21:51 saveConfig: auto-save-60s
22:21:51 Saving config file
22:22:51 saveConfig: auto-save-60s
22:22:51 Saving config file
22:23:51 saveConfig: auto-save-60s
22:23:51 Saving config file
22:24:51 saveConfig: auto-save-60s
22:24:51 Saving config file
22:25:51 saveConfig: auto-save-60s
22:25:51 Saving config file
22:26:51 saveConfig: auto-save-60s
22:26:51 Saving config file
22:27:51 saveConfig: auto-save-60s
22:27:51 Saving config file
22:28:51 saveConfig: auto-save-60s
22:28:51 Saving config file
22:29:51 saveConfig: auto-save-60s
22:29:51 Saving config file
22:30:51 saveConfig: auto-save-60s
22:30:51 Saving config file
22:31:51 saveConfig: auto-save-60s
22:31:51 Saving config file
22:32:51 saveConfig: auto-save-60s
22:32:51 Saving config file
22:33:51 saveConfig: auto-save-60s
22:33:51 Saving config file
22:34:51 saveConfig: auto-save-60s
22:34:51 Saving config file
22:35:51 saveConfig: auto-save-60s
22:35:51 Saving config file
22:36:51 saveConfig: auto-save-60s
22:36:51 Saving config file
22:37:51 saveConfig: auto-save-60s
22:37:51 Saving config file
22:38:51 saveConfig: auto-save-60s
22:38:51 Saving config file
22:39:51 saveConfig: auto-save-60s
22:39:51 Saving config file
22:40:51 saveConfig: auto-save-60s
22:40:51 Saving config file
22:41:51 saveConfig: auto-save-60s
22:41:51 Saving config file
22:42:51 saveConfig: auto-save-60s
22:42:51 Saving config file
22:43:51 saveConfig: auto-save-60s
22:43:51 Saving config file
22:44:51 saveConfig: auto-save-60s
22:44:51 Saving config file
22:45:51 saveConfig: auto-save-60s
22:45:51 Saving config file
22:46:51 saveConfig: auto-save-60s
22:46:51 Saving config file
22:47:51 saveConfig: auto-save-60s
22:47:51 Saving config file
22:48:51 saveConfig: auto-save-60s
22:48:51 Saving config file
22:49:51 saveConfig: auto-save-60s
22:49:51 Saving config file
22:50:51 saveConfig: auto-save-60s
22:50:51 Saving config file
22:51:51 saveConfig: auto-save-60s
22:51:51 Saving config file
22:52:51 saveConfig: auto-save-60s
22:52:51 Saving config file
22:53:51 saveConfig: auto-save-60s
22:53:51 Saving config file
22:54:51 saveConfig: auto-save-60s
22:54:51 Saving config file
22:55:51 saveConfig: auto-save-60s
22:55:51 Saving config file
22:56:51 saveConfig: auto-save-60s
22:56:51 Saving config file
22:57:51 saveConfig: auto-save-60s
22:57:51 Saving config file
22:58:51 saveConfig: auto-save-60s
22:58:51 Saving config file
22:59:51 saveConfig: auto-save-60s
22:59:51 Saving config file
23:00:51 saveConfig: auto-save-60s
23:00:51 Saving config file
23:01:51 saveConfig: auto-save-60s
23:01:51 Saving config file
23:02:51 saveConfig: auto-save-60s
23:02:51 Saving config file
23:03:51 saveConfig: auto-save-60s
23:03:51 Saving config file
23:04:51 saveConfig: auto-save-60s
23:04:51 Saving config file
23:05:51 saveConfig: auto-save-60s
23:05:51 Saving config file
23:06:51 saveConfig: auto-save-60s
23:06:51 Saving config file
23:07:51 saveConfig: auto-save-60s
23:07:51 Saving config file
23:08:51 saveConfig: auto-save-60s
23:08:51 Saving config file
23:09:51 saveConfig: auto-save-60s
23:09:51 Saving config file
23:10:51 saveConfig: auto-save-60s
23:10:51 Saving config file
23:11:51 saveConfig: auto-save-60s
23:11:51 Saving config file
23:12:51 saveConfig: auto-save-60s
23:12:51 Saving config file
23:13:51 saveConfig: auto-save-60s
23:13:51 Saving config file
23:14:51 saveConfig: auto-save-60s
23:14:51 Saving config file
23:15:51 saveConfig: auto-save-60s
23:15:51 Saving config file
23:16:51 saveConfig: auto-save-60s
23:16:51 Saving config file
23:17:51 saveConfig: auto-save-60s
23:17:51 Saving config file
23:18:51 saveConfig: auto-save-60s
23:18:51 Saving config file
23:19:51 saveConfig: auto-save-60s
23:19:51 Saving config file
23:20:51 saveConfig: auto-save-60s
23:20:51 Saving config file
23:21:51 saveConfig: auto-save-60s
23:21:51 Saving config file
23:22:51 saveConfig: auto-save-60s
23:22:51 Saving config file
23:23:51 saveConfig: auto-save-60s
23:23:51 Saving config file
23:24:51 saveConfig: auto-save-60s
23:24:51 Saving config file
23:25:51 saveConfig: auto-save-60s
23:25:51 Saving config file
23:26:51 saveConfig: auto-save-60s
23:26:51 Saving config file
23:27:51 saveConfig: auto-save-60s
23:27:51 Saving config file
23:28:51 saveConfig: auto-save-60s
23:28:51 Saving config file
23:29:51 saveConfig: auto-save-60s
23:29:51 Saving config file
23:30:51 saveConfig: auto-save-60s
23:30:51 Saving config file
23:31:51 saveConfig: auto-save-60s
23:31:51 Saving config file
23:32:51 saveConfig: auto-save-60s
23:32:51 Saving config file
23:33:51 saveConfig: auto-save-60s
23:33:51 Saving config file
23:34:51 saveConfig: auto-save-60s
23:34:51 Saving config file
23:35:51 saveConfig: auto-save-60s
23:35:51 Saving config file
23:36:51 saveConfig: auto-save-60s
23:36:51 Saving config file
23:37:51 saveConfig: auto-save-60s
23:37:51 Saving config file
23:38:51 saveConfig: auto-save-60s
23:38:51 Saving config file
23:39:51 saveConfig: auto-save-60s
23:39:51 Saving config file
23:40:51 saveConfig: auto-save-60s
23:40:51 Saving config file
23:41:51 saveConfig: auto-save-60s
23:41:51 Saving config file
23:42:51 saveConfig: auto-save-60s
23:42:51 Saving config file
23:43:51 saveConfig: auto-save-60s
23:43:51 Saving config file
23:44:51 saveConfig: auto-save-60s
23:44:51 Saving config file
23:45:51 saveConfig: auto-save-60s
23:45:51 Saving config file
23:46:51 saveConfig: auto-save-60s
23:46:51 Saving config file
23:47:51 saveConfig: auto-save-60s
23:47:51 Saving config file
23:48:51 saveConfig: auto-save-60s
23:48:51 Saving config file
23:49:51 saveConfig: auto-save-60s
23:49:51 Saving config file
23:50:51 saveConfig: auto-save-60s
23:50:51 Saving config file
23:51:51 saveConfig: auto-save-60s
23:51:51 Saving config file
23:52:51 saveConfig: auto-save-60s
23:52:51 Saving config file
23:53:51 saveConfig: auto-save-60s
23:53:51 Saving config file
23:54:51 saveConfig: auto-save-60s
23:54:51 Saving config file
23:55:51 saveConfig: auto-save-60s
23:55:51 Saving config file
23:56:51 saveConfig: auto-save-60s
23:56:51 Saving config file
23:57:51 saveConfig: auto-save-60s
23:57:51 Saving config file
23:58:51 saveConfig: auto-save-60s
23:58:51 Saving config file
23:59:51 saveConfig: auto-save-60s
23:59:51 Saving config file
00:00:51 saveConfig: auto-save-60s
00:00:51 Saving config file
00:01:51 saveConfig: auto-save-60s
00:01:51 Saving config file
00:02:51 saveConfig: auto-save-60s
00:02:51 Saving config file
00:03:51 saveConfig: auto-save-60s
00:03:51 Saving config file
00:04:51 saveConfig: auto-save-60s
00:04:51 Saving config file
00:05:51 saveConfig: auto-save-60s
00:05:51 Saving config file
00:06:51 saveConfig: auto-save-60s
00:06:51 Saving config file
00:07:51 saveConfig: auto-save-60s
00:07:51 Saving config file
00:08:51 saveConfig: auto-save-60s
00:08:51 Saving config file
00:09:51 saveConfig: auto-save-60s
00:09:51 Saving config file
00:10:51 saveConfig: auto-save-60s
00:10:51 Saving config file
00:11:51 saveConfig: auto-save-60s
00:11:51 Saving config file
00:12:51 saveConfig: auto-save-60s
00:12:51 Saving config file
00:13:51 saveConfig: auto-save-60s
00:13:51 Saving config file
00:14:51 saveConfig: auto-save-60s
00:14:51 Saving config file
00:15:51 saveConfig: auto-save-60s
00:15:51 Saving config file
00:16:51 saveConfig: auto-save-60s
00:16:51 Saving config file
00:17:51 saveConfig: auto-save-60s
00:17:51 Saving config file
00:18:51 saveConfig: auto-save-60s
00:18:51 Saving config file
00:19:51 saveConfig: auto-save-60s
00:19:51 Saving config file
00:20:51 saveConfig: auto-save-60s
00:20:51 Saving config file
00:21:51 saveConfig: auto-save-60s
00:21:51 Saving config file
00:22:51 saveConfig: auto-save-60s
00:22:51 Saving config file
00:23:51 saveConfig: auto-save-60s
00:23:51 Saving config file
00:24:51 saveConfig: auto-save-60s
00:24:51 Saving config file
00:25:51 saveConfig: auto-save-60s
00:25:51 Saving config file
00:26:51 saveConfig: auto-save-60s
00:26:51 Saving config file
00:27:51 saveConfig: auto-save-60s
00:27:51 Saving config file
00:28:51 saveConfig: auto-save-60s
00:28:51 Saving config file
00:29:51 saveConfig: auto-save-60s
00:29:51 Saving config file
00:30:51 saveConfig: auto-save-60s
00:30:51 Saving config file
00:31:51 saveConfig: auto-save-60s
00:31:51 Saving config file
00:32:51 saveConfig: auto-save-60s
00:32:51 Saving config file
00:33:51 saveConfig: auto-save-60s
00:33:51 Saving config file
00:34:51 saveConfig: auto-save-60s
00:34:51 Saving config file
00:35:51 saveConfig: auto-save-60s
00:35:51 Saving config file
00:36:51 saveConfig: auto-save-60s
00:36:51 Saving config file
00:37:51 saveConfig: auto-save-60s
00:37:51 Saving config file
00:38:51 saveConfig: auto-save-60s
00:38:51 Saving config file
00:39:51 saveConfig: auto-save-60s
00:39:51 Saving config file
00:40:51 saveConfig: auto-save-60s
00:40:51 Saving config file
00:41:51 saveConfig: auto-save-60s
00:41:51 Saving config file
00:42:51 saveConfig: auto-save-60s
00:42:51 Saving config file
00:43:51 saveConfig: auto-save-60s
00:43:51 Saving config file
00:44:51 saveConfig: auto-save-60s
00:44:51 Saving config file
00:45:51 saveConfig: auto-save-60s
00:45:51 Saving config file
00:46:51 saveConfig: auto-save-60s
00:46:51 Saving config file
00:47:51 saveConfig: auto-save-60s
00:47:51 Saving config file
00:48:51 saveConfig: auto-save-60s
00:48:51 Saving config file
00:49:51 saveConfig: auto-save-60s
00:49:51 Saving config file
00:50:51 saveConfig: auto-save-60s
00:50:51 Saving config file
00:51:51 saveConfig: auto-save-60s
00:51:51 Saving config file
00:52:51 saveConfig: auto-save-60s
00:52:51 Saving config file
00:53:51 saveConfig: auto-save-60s
00:53:51 Saving config file
00:54:51 saveConfig: auto-save-60s
00:54:51 Saving config file
00:55:51 saveConfig: auto-save-60s
00:55:51 Saving config file
00:56:51 saveConfig: auto-save-60s
00:56:51 Saving config file
00:57:51 saveConfig: auto-save-60s
00:57:51 Saving config file
00:58:51 saveConfig: auto-save-60s
00:58:51 Saving config file
00:59:51 saveConfig: auto-save-60s
00:59:51 Saving config file
00:59:52 saveConfig: saving-data
00:59:52 Saving sacks file
01:00:02 saveConfig: saving-data
01:00:02 Saving sacks file
01:00:10 saveConfig: saving-data
01:00:10 Saving sacks file
01:00:31 saveConfig: saving-data
01:00:31 Saving sacks file
01:00:51 saveConfig: auto-save-60s
01:00:51 Saving config file
01:00:56 saveConfig: saving-data
01:00:56 Saving sacks file
01:01:27 saveConfig: saving-data
01:01:27 Saving sacks file
01:01:51 saveConfig: auto-save-60s
01:01:51 Saving config file
01:01:59 saveConfig: saving-data
01:01:59 Saving sacks file
01:02:30 saveConfig: saving-data
01:02:30 Saving sacks file
01:02:51 saveConfig: auto-save-60s
01:02:51 Saving config file
01:03:02 saveConfig: saving-data
01:03:02 Saving sacks file
01:03:51 saveConfig: auto-save-60s
01:03:51 Saving config file
01:04:51 saveConfig: auto-save-60s
01:04:51 Saving config file
01:05:51 saveConfig: auto-save-60s
01:05:51 Saving config file
01:06:51 saveConfig: auto-save-60s
01:06:51 Saving config file
01:07:51 saveConfig: auto-save-60s
01:07:51 Saving config file
01:08:51 saveConfig: auto-save-60s
01:08:51 Saving config file
01:09:51 saveConfig: auto-save-60s
01:09:51 Saving config file
01:10:51 saveConfig: auto-save-60s
01:10:51 Saving config file
01:11:51 saveConfig: auto-save-60s
01:11:51 Saving config file
01:12:51 saveConfig: auto-save-60s
01:12:51 Saving config file
01:13:51 saveConfig: auto-save-60s
01:13:51 Saving config file
01:14:51 saveConfig: auto-save-60s
01:14:51 Saving config file
01:15:51 saveConfig: auto-save-60s
01:15:51 Saving config file
01:16:51 saveConfig: auto-save-60s
01:16:51 Saving config file
01:17:51 saveConfig: auto-save-60s
01:17:51 Saving config file
01:18:51 saveConfig: auto-save-60s
01:18:51 Saving config file
01:19:51 saveConfig: auto-save-60s
01:19:51 Saving config file
01:20:51 saveConfig: auto-save-60s
01:20:51 Saving config file
01:21:51 saveConfig: auto-save-60s
01:21:51 Saving config file
01:22:51 saveConfig: auto-save-60s
01:22:51 Saving config file
01:23:51 saveConfig: auto-save-60s
01:23:51 Saving config file
01:24:51 saveConfig: auto-save-60s
01:24:51 Saving config file
01:25:51 saveConfig: auto-save-60s
01:25:51 Saving config file
01:26:51 saveConfig: auto-save-60s
01:26:51 Saving config file
01:27:51 saveConfig: auto-save-60s
01:27:51 Saving config file
01:28:51 saveConfig: auto-save-60s
01:28:51 Saving config file
01:29:51 saveConfig: auto-save-60s
01:29:51 Saving config file
01:30:51 saveConfig: auto-save-60s
01:30:51 Saving config file
01:31:51 saveConfig: auto-save-60s
01:31:51 Saving config file
01:32:51 saveConfig: auto-save-60s
01:32:51 Saving config file
01:33:51 saveConfig: auto-save-60s
01:33:51 Saving config file
01:34:51 saveConfig: auto-save-60s
01:34:51 Saving config file
01:35:51 saveConfig: auto-save-60s
01:35:51 Saving config file
01:36:51 saveConfig: auto-save-60s
01:36:51 Saving config file
01:37:51 saveConfig: auto-save-60s
01:37:51 Saving config file
01:38:51 saveConfig: auto-save-60s
01:38:51 Saving config file
01:39:51 saveConfig: auto-save-60s
01:39:51 Saving config file
01:40:51 saveConfig: auto-save-60s
01:40:51 Saving config file
01:41:51 saveConfig: auto-save-60s
01:41:51 Saving config file
01:42:51 saveConfig: auto-save-60s
01:42:51 Saving config file
01:43:51 saveConfig: auto-save-60s
01:43:51 Saving config file
01:44:18 saveConfig: shutdown-hook
01:44:18 Saving config file
