20:36:12 Visitor status change for '§aFisherman': NEW -> WAITING (tooltipMissingItems)
20:36:16 Visitor status change for '§aFisherman': WAITING -> REFUSED (refused)
20:36:18 Visitor status change for '§9Tia the Fairy': NEW -> WAITING (tooltipMissingItems)
20:36:21 Visitor status change for '§9Tia the Fairy': WAITING -> REFUSED (refused)
20:36:22 Visitor status change for '§9Seymour': NEW -> WAITING (tooltipMissingItems)
20:36:29 Visitor status change for '§aFear Mongerer': NEW -> WAITING (tooltipMissingItems)
20:36:32 Visitor status change for '§aFear Mongerer': WAITING -> REFUSED (refused)
20:36:34 Visitor status change for '§aVex': NEW -> WAITING (tooltipMissingItems)
20:36:37 Visitor status change for '§aVex': WAITING -> REFUSED (refused)
20:36:39 Visitor status change for '§9Seymour': WAITING -> REFUSED (refused)
21:03:24 Visitor status change for '§aEmissary Ceanna': NEW -> WAITING (tooltipMissingItems)
21:03:28 Visitor status change for '§aEmissary Ceanna': WAITING -> REFUSED (refused)
21:03:30 Visitor status change for '§9Iron Forger': NEW -> WAITING (tooltipMissingItems)
21:03:33 Visitor status change for '§9Iron Forger': WAITING -> REFUSED (refused)
21:03:35 Visitor status change for '§9Puzzler': NEW -> WAITING (tooltipMissingItems)
21:03:38 Visitor status change for '§9Puzzler': WAITING -> REFUSED (refused)
21:09:15 Visitor status change for '§9Bartender': NEW -> WAITING (tooltipMissingItems)
21:42:52 Visitor status change for '§6Beth': NEW -> WAITING (tooltipMissingItems)
21:44:30 Visitor status change for '§6Beth': WAITING -> READY (hasItems)
21:44:33 Visitor status change for '§6Beth': READY -> ACCEPTED (accepted)
21:44:42 Visitor status change for '§aHungry Hiker': NEW -> WAITING (tooltipMissingItems)
21:44:58 Visitor status change for '§aHungry Hiker': WAITING -> REFUSED (refused)
21:45:01 Visitor status change for '§aMason': NEW -> WAITING (tooltipMissingItems)
21:45:05 Visitor status change for '§aMason': WAITING -> REFUSED (refused)
21:45:07 Visitor status change for '§9Vinyl Collector': NEW -> WAITING (tooltipMissingItems)
21:45:41 Visitor status change for '§9Vinyl Collector': WAITING -> READY (hasItems)
21:45:44 Visitor status change for '§9Vinyl Collector': READY -> ACCEPTED (accepted)
21:45:46 Visitor status change for '§aLeo': NEW -> WAITING (tooltipMissingItems)
21:46:03 Visitor status change for '§9Bartender': WAITING -> REFUSED (refused)
21:46:04 Visitor status change for '§aLeo': WAITING -> REFUSED (refused)
22:06:25 Visitor status change for '§dMaeve': NEW -> WAITING (tooltipMissingItems)
22:06:52 Visitor status change for '§dMaeve': WAITING -> READY (hasItems)
22:06:55 Visitor status change for '§dMaeve': READY -> ACCEPTED (accepted)
22:07:10 Visitor status change for '§aAdventurer': NEW -> WAITING (tooltipMissingItems)
22:09:53 Visitor status change for '§aAdventurer': WAITING -> REFUSED (refused)
22:12:17 Visitor status change for '§aAlchemist': NEW -> WAITING (tooltipMissingItems)
22:12:20 Visitor status change for '§aAlchemist': WAITING -> REFUSED (refused)
22:47:43 Visitor status change for '§9Old Man Garry': NEW -> WAITING (tooltipMissingItems)
22:47:45 Visitor status change for '§9Old Man Garry': WAITING -> REFUSED (refused)
22:47:46 Visitor status change for '§aLumber Jack': NEW -> WAITING (tooltipMissingItems)
22:47:49 Visitor status change for '§aLumber Jack': WAITING -> REFUSED (refused)
22:47:51 Visitor status change for '§aStella': NEW -> WAITING (tooltipMissingItems)
22:47:54 Visitor status change for '§aStella': WAITING -> REFUSED (refused)
23:15:14 Visitor status change for '§aWizard': NEW -> WAITING (tooltipMissingItems)
23:15:16 Visitor status change for '§aWizard': WAITING -> REFUSED (refused)
23:15:18 Visitor status change for '§aLibrarian': NEW -> WAITING (tooltipMissingItems)
23:15:21 Visitor status change for '§aLibrarian': WAITING -> REFUSED (refused)
23:15:23 Visitor status change for '§aFisherman': NEW -> WAITING (tooltipMissingItems)
23:15:26 Visitor status change for '§aFisherman': WAITING -> REFUSED (refused)
23:15:27 Visitor status change for '§aJacob': NEW -> READY (tooltipClickToGive)
23:15:31 Visitor status change for '§aJacob': READY -> ACCEPTED (accepted)
23:15:32 Visitor status change for '§9Grandma Wolf': NEW -> WAITING (tooltipMissingItems)
23:15:36 Visitor status change for '§9Grandma Wolf': WAITING -> REFUSED (refused)
23:15:37 Visitor status change for '§aTerry': NEW -> READY (tooltipClickToGive)
23:15:39 Visitor status change for '§aTerry': READY -> ACCEPTED (accepted)
23:25:48 Visitor status change for '§aGeonathan Greatforge': NEW -> WAITING (tooltipMissingItems)
23:25:48 Visitor status change for '§aGeonathan Greatforge': WAITING -> READY (hasItems)
23:26:01 Visitor status change for '§aGeonathan Greatforge': READY -> ACCEPTED (accepted)
