20:36:20 Removed old visitor: '§aVex'
20:36:20 Removed old visitor: '§aFisherman'
20:36:26 Removed old visitor: '§9Tia the Fairy'
20:36:38 Removed old visitor: '§aVex'
20:36:38 Removed old visitor: '§aFear Mongerer'
20:36:41 Removed old visitor: '§aVex'
20:36:44 Removed old visitor: '§9Seymour'
21:03:34 Removed old visitor: '§aEmissary Ceanna'
21:03:37 Removed old visitor: '§9Iron Forger'
21:03:43 Removed old visitor: '§9Puzzler'
21:44:37 Removed old visitor: '§6Beth'
21:45:04 Removed old visitor: '§aHungry Hiker'
21:45:10 Removed old visitor: '§aMason'
21:45:49 Removed old visitor: '§9Vinyl Collector'
21:46:08 Removed old visitor: '§9Bartender'
21:46:08 Removed old visitor: '§aLeo'
22:06:59 Removed old visitor: '§dMaeve'
22:09:58 Removed old visitor: '§aAdventurer'
22:12:24 Removed old visitor: '§aAlchemist'
22:47:49 Removed old visitor: '§9Old Man Garry'
22:47:55 Removed old visitor: '§aLumber Jack'
22:47:58 Removed old visitor: '§aStella'
23:15:19 Removed old visitor: '§aWizard'
23:15:25 Removed old visitor: '§aLibrarian'
23:15:31 Removed old visitor: '§aFisherman'
23:15:34 Removed old visitor: '§aJacob'
23:15:40 Removed old visitor: '§9Grandma Wolf'
23:15:43 Removed old visitor: '§aTerry'
23:26:06 Removed old visitor: '§aGeonathan Greatforge'
