14:11:56 §f                                  §6§lBESTIARY
14:11:56 §f                          §b§lGlacite Caver §7§8X §8➡§b §bXI
14:11:56 
14:11:56 §f                                  §r§6§lREWARDS
14:11:56 §f                      §r§8+§r§a4 Glacite Caver §r§b✯ Magic Find
14:11:56 §f                      §r§8+§r§a4 Glacite Caver §r§c❁ Strength
14:11:56 §f                          §r§8+§r§62% §r§aGlacite Caver §r§7coins
14:11:56 §f                    §r§8+§r§a50% §r§7chance for extra XP orbs
14:11:56 §f                               §r§8+§r§b1 SkyBlock XP
14:11:56 
14:11:56 §3§l▬▬▬▬▬▬▬▬▬▬▬▬▬▬▬▬▬▬▬▬▬▬▬▬▬▬▬▬▬▬▬▬▬▬▬▬▬▬▬▬▬▬▬▬▬▬▬▬▬▬▬▬▬▬▬▬▬▬▬▬▬▬▬▬
14:26:07 §f                                  §6§lBESTIARY
14:26:07 §f                         §b§lGlacite Bowman §7§8X §8➡§b §bXI
14:26:07 
14:26:07 §f                                  §r§6§lREWARDS
14:26:07 §f                     §r§8+§r§a4 Glacite Bowman §r§b✯ Magic Find
14:26:07 §f                      §r§8+§r§a4 Glacite Bowman §r§c❁ Strength
14:26:07 §f                         §r§8+§r§62% §r§aGlacite Bowman §r§7coins
14:26:08 §f                    §r§8+§r§a50% §r§7chance for extra XP orbs
14:26:08 §f                               §r§8+§r§b1 SkyBlock XP
14:26:08 
14:26:08 §3§l▬▬▬▬▬▬▬▬▬▬▬▬▬▬▬▬▬▬▬▬▬▬▬▬▬▬▬▬▬▬▬▬▬▬▬▬▬▬▬▬▬▬▬▬▬▬▬▬▬▬▬▬▬▬▬▬▬▬▬▬▬▬▬▬
14:40:46 §f                                  §6§lBESTIARY
14:40:46 §f                          §b§lGlacite Mage §7§8X §8➡§b §bXI
14:40:46 
14:40:46 §f                                  §r§6§lREWARDS
14:40:46 §f                      §r§8+§r§a4 Glacite Mage §r§b✯ Magic Find
14:40:46 §f                       §r§8+§r§a4 Glacite Mage §r§c❁ Strength
14:40:46 §f                          §r§8+§r§62% §r§aGlacite Mage §r§7coins
14:40:46 §f                    §r§8+§r§a50% §r§7chance for extra XP orbs
14:40:46 §f                               §r§8+§r§b1 SkyBlock XP
14:40:46 
14:40:46   §r§f                         §6§lBESTIARY MILESTONE
14:40:46   §r§f                                §8CCVII➡§eCCVIII
14:40:46 
14:40:46 §3§l▬▬▬▬▬▬▬▬▬▬▬▬▬▬▬▬▬▬▬▬▬▬▬▬▬▬▬▬▬▬▬▬▬▬▬▬▬▬▬▬▬▬▬▬▬▬▬▬▬▬▬▬▬▬▬▬▬▬▬▬▬▬▬▬
