10:55:25 Trying to load config from config\skyhanni\config.json
10:55:25 load-config-now
10:55:26 Loaded config from file
10:55:26 Trying to load sacks from config\skyhanni\sacks.json
10:55:26 load-sacks-now
10:55:26 Loaded sacks from file
10:55:26 Trying to load friends from config\skyhanni\friends.json
10:55:26 load-friends-now
10:55:26 Loaded friends from file
10:55:26 Trying to load known_features from config\skyhanni\known_features.json
10:55:26 load-known_features-now
10:55:26 Loaded known_features from file
10:55:26 Trying to load jacob_contests from config\skyhanni\jacob_contests.json
10:55:26 load-jacob_contests-now
10:55:26 Loaded jacob_contests from file
10:55:26 Trying to load visual_words from config\skyhanni\visual_words.json
10:55:26 Setting visual_words to be blank as it did not exist. It will be saved once something is written to it
10:56:26 saveConfig: auto-save-60s
10:56:26 Saving config file
10:56:47 saveConfig: Updated known feature flags
10:56:47 Saving known_features file
10:57:26 saveConfig: auto-save-60s
10:57:26 Saving config file
10:58:26 saveConfig: auto-save-60s
10:58:26 Saving config file
10:59:26 saveConfig: auto-save-60s
10:59:26 Saving config file
11:00:26 saveConfig: auto-save-60s
11:00:26 Saving config file
11:01:26 saveConfig: auto-save-60s
11:01:26 Saving config file
11:02:26 saveConfig: auto-save-60s
11:02:26 Saving config file
11:03:26 saveConfig: auto-save-60s
11:03:26 Saving config file
11:04:26 saveConfig: auto-save-60s
11:04:26 Saving config file
11:05:26 saveConfig: auto-save-60s
11:05:26 Saving config file
11:06:26 saveConfig: auto-save-60s
11:06:26 Saving config file
11:07:26 saveConfig: auto-save-60s
11:07:26 Saving config file
11:08:26 saveConfig: auto-save-60s
11:08:26 Saving config file
11:09:26 saveConfig: auto-save-60s
11:09:26 Saving config file
11:10:26 saveConfig: auto-save-60s
11:10:26 Saving config file
11:11:26 saveConfig: auto-save-60s
11:11:26 Saving config file
11:12:26 saveConfig: auto-save-60s
11:12:26 Saving config file
11:13:26 saveConfig: auto-save-60s
11:13:26 Saving config file
11:14:26 saveConfig: auto-save-60s
11:14:26 Saving config file
11:15:26 saveConfig: auto-save-60s
11:15:26 Saving config file
11:16:26 saveConfig: auto-save-60s
11:16:26 Saving config file
11:16:40 saveConfig: saving-data
11:16:40 Saving sacks file
11:17:26 saveConfig: auto-save-60s
11:17:26 Saving config file
11:18:26 saveConfig: auto-save-60s
11:18:26 Saving config file
11:19:26 saveConfig: auto-save-60s
11:19:26 Saving config file
11:20:26 saveConfig: auto-save-60s
11:20:26 Saving config file
11:21:26 saveConfig: auto-save-60s
11:21:26 Saving config file
11:22:26 saveConfig: auto-save-60s
11:22:26 Saving config file
11:23:26 saveConfig: auto-save-60s
11:23:26 Saving config file
11:24:26 saveConfig: auto-save-60s
11:24:26 Saving config file
11:25:26 saveConfig: auto-save-60s
11:25:26 Saving config file
11:26:26 saveConfig: auto-save-60s
11:26:26 Saving config file
11:27:26 saveConfig: auto-save-60s
11:27:26 Saving config file
11:28:26 saveConfig: auto-save-60s
11:28:26 Saving config file
11:29:26 saveConfig: auto-save-60s
11:29:26 Saving config file
11:30:26 saveConfig: auto-save-60s
11:30:26 Saving config file
11:31:26 saveConfig: auto-save-60s
11:31:26 Saving config file
11:32:26 saveConfig: auto-save-60s
11:32:26 Saving config file
11:33:26 saveConfig: auto-save-60s
11:33:26 Saving config file
11:34:26 saveConfig: auto-save-60s
11:34:26 Saving config file
11:35:26 saveConfig: auto-save-60s
11:35:26 Saving config file
11:36:26 saveConfig: auto-save-60s
11:36:26 Saving config file
11:37:26 saveConfig: auto-save-60s
11:37:26 Saving config file
11:38:26 saveConfig: auto-save-60s
11:38:26 Saving config file
11:39:26 saveConfig: auto-save-60s
11:39:26 Saving config file
11:40:26 saveConfig: auto-save-60s
11:40:26 Saving config file
11:41:26 saveConfig: auto-save-60s
11:41:26 Saving config file
11:42:26 saveConfig: auto-save-60s
11:42:26 Saving config file
11:43:26 saveConfig: auto-save-60s
11:43:26 Saving config file
11:44:26 saveConfig: auto-save-60s
11:44:26 Saving config file
11:45:26 saveConfig: auto-save-60s
11:45:26 Saving config file
11:46:26 saveConfig: auto-save-60s
11:46:26 Saving config file
11:47:26 saveConfig: auto-save-60s
11:47:26 Saving config file
11:48:26 saveConfig: auto-save-60s
11:48:26 Saving config file
11:49:26 saveConfig: auto-save-60s
11:49:26 Saving config file
11:50:26 saveConfig: auto-save-60s
11:50:26 Saving config file
11:51:26 saveConfig: auto-save-60s
11:51:26 Saving config file
11:52:26 saveConfig: auto-save-60s
11:52:26 Saving config file
11:53:26 saveConfig: auto-save-60s
11:53:26 Saving config file
11:54:26 saveConfig: auto-save-60s
11:54:26 Saving config file
11:55:26 saveConfig: auto-save-60s
11:55:26 Saving config file
11:56:26 saveConfig: auto-save-60s
11:56:26 Saving config file
11:57:26 saveConfig: auto-save-60s
11:57:26 Saving config file
11:58:26 saveConfig: auto-save-60s
11:58:26 Saving config file
11:59:26 saveConfig: auto-save-60s
11:59:26 Saving config file
12:00:26 saveConfig: auto-save-60s
12:00:26 Saving config file
12:01:26 saveConfig: auto-save-60s
12:01:26 Saving config file
12:02:26 saveConfig: auto-save-60s
12:02:26 Saving config file
12:03:26 saveConfig: auto-save-60s
12:03:26 Saving config file
12:04:26 saveConfig: auto-save-60s
12:04:26 Saving config file
12:05:26 saveConfig: auto-save-60s
12:05:26 Saving config file
12:06:26 saveConfig: auto-save-60s
12:06:26 Saving config file
12:07:26 saveConfig: auto-save-60s
12:07:26 Saving config file
12:08:26 saveConfig: auto-save-60s
12:08:26 Saving config file
12:09:26 saveConfig: auto-save-60s
12:09:26 Saving config file
12:10:26 saveConfig: auto-save-60s
12:10:26 Saving config file
12:11:26 saveConfig: auto-save-60s
12:11:26 Saving config file
12:12:26 saveConfig: auto-save-60s
12:12:26 Saving config file
12:13:26 saveConfig: auto-save-60s
12:13:26 Saving config file
12:14:26 saveConfig: auto-save-60s
12:14:26 Saving config file
12:14:51 saveConfig: saving-data
12:14:51 Saving sacks file
12:15:01 saveConfig: saving-data
12:15:01 Saving sacks file
12:15:26 saveConfig: auto-save-60s
12:15:26 Saving config file
12:15:44 saveConfig: saving-data
12:15:44 Saving sacks file
12:15:54 saveConfig: saving-data
12:15:54 Saving sacks file
12:16:03 saveConfig: saving-data
12:16:03 Saving sacks file
12:16:22 saveConfig: saving-data
12:16:22 Saving sacks file
12:16:26 saveConfig: auto-save-60s
12:16:26 Saving config file
12:16:36 saveConfig: saving-data
12:16:36 Saving sacks file
12:16:48 saveConfig: saving-data
12:16:48 Saving sacks file
12:17:26 saveConfig: auto-save-60s
12:17:26 Saving config file
12:18:26 saveConfig: auto-save-60s
12:18:26 Saving config file
12:19:26 saveConfig: auto-save-60s
12:19:26 Saving config file
12:20:26 saveConfig: auto-save-60s
12:20:26 Saving config file
12:21:26 saveConfig: auto-save-60s
12:21:26 Saving config file
12:22:26 saveConfig: auto-save-60s
12:22:26 Saving config file
12:23:26 saveConfig: auto-save-60s
12:23:26 Saving config file
12:24:26 saveConfig: auto-save-60s
12:24:26 Saving config file
12:25:26 saveConfig: auto-save-60s
12:25:26 Saving config file
12:26:26 saveConfig: auto-save-60s
12:26:26 Saving config file
12:27:26 saveConfig: auto-save-60s
12:27:26 Saving config file
12:28:26 saveConfig: auto-save-60s
12:28:26 Saving config file
12:29:26 saveConfig: auto-save-60s
12:29:26 Saving config file
12:30:26 saveConfig: auto-save-60s
12:30:26 Saving config file
12:31:15 saveConfig: saving-data
12:31:15 Saving sacks file
12:31:26 saveConfig: auto-save-60s
12:31:26 Saving config file
12:31:40 saveConfig: saving-data
12:31:40 Saving sacks file
12:32:26 saveConfig: auto-save-60s
12:32:26 Saving config file
12:32:31 saveConfig: saving-data
12:32:31 Saving sacks file
12:33:26 saveConfig: auto-save-60s
12:33:26 Saving config file
12:33:32 saveConfig: saving-data
12:33:32 Saving sacks file
12:34:23 saveConfig: saving-data
12:34:23 Saving sacks file
12:34:26 saveConfig: auto-save-60s
12:34:26 Saving config file
12:34:41 saveConfig: saving-data
12:34:41 Saving sacks file
12:34:55 saveConfig: saving-data
12:34:55 Saving sacks file
12:35:26 saveConfig: auto-save-60s
12:35:26 Saving config file
12:35:29 saveConfig: saving-data
12:35:29 Saving sacks file
12:35:56 saveConfig: saving-data
12:35:56 Saving sacks file
12:36:26 saveConfig: auto-save-60s
12:36:26 Saving config file
12:36:58 saveConfig: saving-data
12:36:58 Saving sacks file
12:37:14 saveConfig: saving-data
12:37:14 Saving sacks file
12:37:26 saveConfig: auto-save-60s
12:37:26 Saving config file
12:37:40 saveConfig: saving-data
12:37:40 Saving sacks file
12:38:13 saveConfig: saving-data
12:38:13 Saving sacks file
12:38:26 saveConfig: auto-save-60s
12:38:26 Saving config file
12:38:56 saveConfig: saving-data
12:38:56 Saving sacks file
12:39:09 saveConfig: saving-data
12:39:09 Saving sacks file
12:39:26 saveConfig: auto-save-60s
12:39:26 Saving config file
12:39:50 saveConfig: saving-data
12:39:50 Saving sacks file
12:40:06 saveConfig: saving-data
12:40:06 Saving sacks file
12:40:23 saveConfig: saving-data
12:40:23 Saving sacks file
12:40:26 saveConfig: auto-save-60s
12:40:26 Saving config file
12:41:19 saveConfig: saving-data
12:41:19 Saving sacks file
12:41:26 saveConfig: auto-save-60s
12:41:26 Saving config file
12:41:36 saveConfig: saving-data
12:41:36 Saving sacks file
12:42:24 saveConfig: saving-data
12:42:24 Saving sacks file
12:42:26 saveConfig: auto-save-60s
12:42:26 Saving config file
12:42:40 saveConfig: saving-data
12:42:40 Saving sacks file
12:43:09 saveConfig: saving-data
12:43:09 Saving sacks file
12:43:26 saveConfig: auto-save-60s
12:43:26 Saving config file
12:43:58 saveConfig: saving-data
12:43:58 Saving sacks file
12:44:26 saveConfig: auto-save-60s
12:44:26 Saving config file
12:44:32 saveConfig: saving-data
12:44:32 Saving sacks file
12:45:25 saveConfig: saving-data
12:45:25 Saving sacks file
12:45:26 saveConfig: auto-save-60s
12:45:26 Saving config file
12:46:07 saveConfig: saving-data
12:46:07 Saving sacks file
12:46:26 saveConfig: auto-save-60s
12:46:26 Saving config file
12:46:27 saveConfig: saving-data
12:46:27 Saving sacks file
12:47:16 saveConfig: saving-data
12:47:16 Saving sacks file
12:47:26 saveConfig: auto-save-60s
12:47:26 Saving config file
12:47:55 saveConfig: saving-data
12:47:55 Saving sacks file
12:48:07 saveConfig: saving-data
12:48:07 Saving sacks file
12:48:14 saveConfig: saving-data
12:48:14 Saving sacks file
12:48:26 saveConfig: auto-save-60s
12:48:26 Saving config file
12:48:32 saveConfig: saving-data
12:48:32 Saving sacks file
12:49:15 saveConfig: saving-data
12:49:15 Saving sacks file
12:49:22 saveConfig: saving-data
12:49:22 Saving sacks file
12:49:26 saveConfig: auto-save-60s
12:49:26 Saving config file
12:49:47 saveConfig: saving-data
12:49:47 Saving sacks file
12:50:26 saveConfig: auto-save-60s
12:50:26 Saving config file
12:50:42 saveConfig: saving-data
12:50:42 Saving sacks file
12:51:17 saveConfig: saving-data
12:51:17 Saving sacks file
12:51:26 saveConfig: auto-save-60s
12:51:26 Saving config file
12:51:32 saveConfig: saving-data
12:51:32 Saving sacks file
12:51:49 saveConfig: saving-data
12:51:49 Saving sacks file
12:52:26 saveConfig: auto-save-60s
12:52:26 Saving config file
12:52:49 saveConfig: saving-data
12:52:49 Saving sacks file
12:53:26 saveConfig: auto-save-60s
12:53:26 Saving config file
12:53:27 saveConfig: saving-data
12:53:27 Saving sacks file
12:54:26 saveConfig: auto-save-60s
12:54:26 Saving config file
12:54:31 saveConfig: saving-data
12:54:31 Saving sacks file
12:55:23 saveConfig: saving-data
12:55:23 Saving sacks file
12:55:26 saveConfig: auto-save-60s
12:55:26 Saving config file
12:55:43 saveConfig: saving-data
12:55:43 Saving sacks file
12:56:26 saveConfig: auto-save-60s
12:56:26 Saving config file
12:56:34 saveConfig: saving-data
12:56:34 Saving sacks file
12:56:51 saveConfig: saving-data
12:56:51 Saving sacks file
12:57:09 saveConfig: saving-data
12:57:09 Saving sacks file
12:57:26 saveConfig: auto-save-60s
12:57:26 Saving config file
12:57:46 saveConfig: saving-data
12:57:46 Saving sacks file
12:57:59 saveConfig: saving-data
12:57:59 Saving sacks file
12:58:26 saveConfig: auto-save-60s
12:58:26 Saving config file
12:58:32 saveConfig: saving-data
12:58:32 Saving sacks file
12:59:26 saveConfig: auto-save-60s
12:59:26 Saving config file
12:59:27 saveConfig: saving-data
12:59:27 Saving sacks file
12:59:38 saveConfig: saving-data
12:59:38 Saving sacks file
12:59:57 saveConfig: saving-data
12:59:57 Saving sacks file
13:00:16 saveConfig: saving-data
13:00:16 Saving sacks file
13:00:23 saveConfig: saving-data
13:00:23 Saving sacks file
13:00:26 saveConfig: auto-save-60s
13:00:26 Saving config file
13:01:26 saveConfig: auto-save-60s
13:01:26 Saving config file
13:01:38 saveConfig: saving-data
13:01:38 Saving sacks file
13:02:26 saveConfig: auto-save-60s
13:02:26 Saving config file
13:02:28 saveConfig: saving-data
13:02:28 Saving sacks file
13:02:37 saveConfig: saving-data
13:02:37 Saving sacks file
13:03:19 saveConfig: saving-data
13:03:19 Saving sacks file
13:03:26 saveConfig: auto-save-60s
13:03:26 Saving config file
13:03:47 saveConfig: saving-data
13:03:47 Saving sacks file
13:03:55 saveConfig: saving-data
13:03:55 Saving sacks file
13:04:04 saveConfig: saving-data
13:04:04 Saving sacks file
13:04:26 saveConfig: auto-save-60s
13:04:26 Saving config file
13:04:27 saveConfig: saving-data
13:04:27 Saving sacks file
13:04:51 saveConfig: saving-data
13:04:51 Saving sacks file
13:05:26 saveConfig: auto-save-60s
13:05:26 Saving config file
13:05:26 saveConfig: saving-data
13:05:26 Saving sacks file
13:05:33 saveConfig: saving-data
13:05:33 Saving sacks file
13:05:40 saveConfig: saving-data
13:05:40 Saving sacks file
13:05:51 saveConfig: saving-data
13:05:51 Saving sacks file
13:05:57 saveConfig: saving-data
13:05:57 Saving sacks file
13:06:05 saveConfig: saving-data
13:06:05 Saving sacks file
13:06:26 saveConfig: auto-save-60s
13:06:26 Saving config file
13:06:29 saveConfig: saving-data
13:06:29 Saving sacks file
13:06:44 saveConfig: saving-data
13:06:44 Saving sacks file
13:07:20 saveConfig: saving-data
13:07:20 Saving sacks file
13:07:26 saveConfig: auto-save-60s
13:07:26 Saving config file
13:07:48 saveConfig: saving-data
13:07:48 Saving sacks file
13:08:22 saveConfig: saving-data
13:08:22 Saving sacks file
13:08:26 saveConfig: auto-save-60s
13:08:26 Saving config file
13:09:03 saveConfig: saving-data
13:09:03 Saving sacks file
13:09:20 saveConfig: saving-data
13:09:20 Saving sacks file
13:09:26 saveConfig: auto-save-60s
13:09:26 Saving config file
13:09:50 saveConfig: saving-data
13:09:50 Saving sacks file
13:10:26 saveConfig: auto-save-60s
13:10:26 Saving config file
13:10:27 saveConfig: saving-data
13:10:27 Saving sacks file
13:11:05 saveConfig: saving-data
13:11:05 Saving sacks file
13:11:11 saveConfig: saving-data
13:11:11 Saving sacks file
13:11:18 saveConfig: saving-data
13:11:18 Saving sacks file
13:11:26 saveConfig: auto-save-60s
13:11:26 Saving config file
13:11:26 saveConfig: saving-data
13:11:26 Saving sacks file
13:12:11 saveConfig: saving-data
13:12:11 Saving sacks file
13:12:26 saveConfig: auto-save-60s
13:12:26 Saving config file
13:12:52 saveConfig: saving-data
13:12:52 Saving sacks file
13:13:26 saveConfig: auto-save-60s
13:13:26 Saving config file
13:14:04 saveConfig: saving-data
13:14:04 Saving sacks file
13:14:12 saveConfig: saving-data
13:14:12 Saving sacks file
13:14:23 saveConfig: saving-data
13:14:23 Saving sacks file
13:14:26 saveConfig: auto-save-60s
13:14:26 Saving config file
13:15:19 saveConfig: saving-data
13:15:19 Saving sacks file
13:15:26 saveConfig: auto-save-60s
13:15:26 Saving config file
13:16:00 saveConfig: saving-data
13:16:00 Saving sacks file
13:16:06 saveConfig: saving-data
13:16:06 Saving sacks file
13:16:16 saveConfig: saving-data
13:16:16 Saving sacks file
13:16:23 saveConfig: saving-data
13:16:23 Saving sacks file
13:16:26 saveConfig: auto-save-60s
13:16:26 Saving config file
13:16:40 saveConfig: saving-data
13:16:40 Saving sacks file
13:17:23 saveConfig: saving-data
13:17:23 Saving sacks file
13:17:26 saveConfig: auto-save-60s
13:17:26 Saving config file
13:17:30 saveConfig: saving-data
13:17:30 Saving sacks file
13:17:37 saveConfig: saving-data
13:17:37 Saving sacks file
13:17:44 saveConfig: saving-data
13:17:44 Saving sacks file
13:17:57 saveConfig: saving-data
13:17:57 Saving sacks file
13:18:03 saveConfig: saving-data
13:18:03 Saving sacks file
13:18:09 saveConfig: saving-data
13:18:09 Saving sacks file
13:18:26 saveConfig: auto-save-60s
13:18:26 Saving config file
13:18:27 saveConfig: saving-data
13:18:27 Saving sacks file
13:18:48 saveConfig: saving-data
13:18:48 Saving sacks file
13:19:26 saveConfig: auto-save-60s
13:19:26 Saving config file
13:20:26 saveConfig: auto-save-60s
13:20:26 Saving config file
13:21:26 saveConfig: auto-save-60s
13:21:26 Saving config file
13:22:17 saveConfig: saving-data
13:22:17 Saving sacks file
13:22:26 saveConfig: saving-data
13:22:26 Saving sacks file
13:22:26 saveConfig: auto-save-60s
13:22:26 Saving config file
13:22:36 saveConfig: saving-data
13:22:36 Saving sacks file
13:22:57 saveConfig: saving-data
13:22:57 Saving sacks file
13:23:26 saveConfig: auto-save-60s
13:23:26 Saving config file
13:24:16 saveConfig: saving-data
13:24:16 Saving sacks file
13:24:26 saveConfig: auto-save-60s
13:24:26 Saving config file
13:24:45 saveConfig: saving-data
13:24:45 Saving sacks file
13:25:26 saveConfig: auto-save-60s
13:25:26 Saving config file
13:25:40 saveConfig: saving-data
13:25:40 Saving sacks file
13:25:53 saveConfig: saving-data
13:25:53 Saving sacks file
13:26:26 saveConfig: auto-save-60s
13:26:26 Saving config file
13:26:50 saveConfig: saving-data
13:26:50 Saving sacks file
13:27:26 saveConfig: auto-save-60s
13:27:26 Saving config file
13:27:51 saveConfig: saving-data
13:27:51 Saving sacks file
13:28:26 saveConfig: auto-save-60s
13:28:26 Saving config file
13:28:41 saveConfig: saving-data
13:28:41 Saving sacks file
13:28:47 saveConfig: saving-data
13:28:47 Saving sacks file
13:29:10 saveConfig: saving-data
13:29:10 Saving sacks file
13:29:26 saveConfig: auto-save-60s
13:29:26 Saving config file
13:29:52 saveConfig: saving-data
13:29:52 Saving sacks file
13:30:26 saveConfig: auto-save-60s
13:30:26 Saving config file
13:30:36 saveConfig: saving-data
13:30:36 Saving sacks file
13:30:49 saveConfig: saving-data
13:30:49 Saving sacks file
13:31:12 saveConfig: saving-data
13:31:12 Saving sacks file
13:31:26 saveConfig: auto-save-60s
13:31:26 Saving config file
13:32:04 saveConfig: saving-data
13:32:04 Saving sacks file
13:32:14 saveConfig: saving-data
13:32:14 Saving sacks file
13:32:26 saveConfig: auto-save-60s
13:32:26 Saving config file
13:32:41 saveConfig: saving-data
13:32:41 Saving sacks file
13:32:59 saveConfig: saving-data
13:32:59 Saving sacks file
13:33:05 saveConfig: saving-data
13:33:05 Saving sacks file
13:33:26 saveConfig: auto-save-60s
13:33:26 Saving config file
13:34:05 saveConfig: saving-data
13:34:05 Saving sacks file
13:34:18 saveConfig: saving-data
13:34:18 Saving sacks file
13:34:26 saveConfig: auto-save-60s
13:34:26 Saving config file
13:34:32 saveConfig: saving-data
13:34:32 Saving sacks file
13:34:48 saveConfig: saving-data
13:34:48 Saving sacks file
13:35:26 saveConfig: auto-save-60s
13:35:26 Saving config file
13:35:45 saveConfig: saving-data
13:35:45 Saving sacks file
13:36:02 saveConfig: saving-data
13:36:02 Saving sacks file
13:36:25 saveConfig: saving-data
13:36:25 Saving sacks file
13:36:26 saveConfig: auto-save-60s
13:36:26 Saving config file
13:37:26 saveConfig: auto-save-60s
13:37:26 Saving config file
13:37:45 saveConfig: saving-data
13:37:45 Saving sacks file
13:37:53 saveConfig: saving-data
13:37:53 Saving sacks file
13:38:01 saveConfig: saving-data
13:38:01 Saving sacks file
13:38:18 saveConfig: saving-data
13:38:18 Saving sacks file
13:38:26 saveConfig: auto-save-60s
13:38:26 Saving config file
13:38:52 saveConfig: saving-data
13:38:52 Saving sacks file
13:39:00 saveConfig: saving-data
13:39:00 Saving sacks file
13:39:26 saveConfig: auto-save-60s
13:39:26 Saving config file
13:39:36 saveConfig: saving-data
13:39:36 Saving sacks file
13:39:48 saveConfig: saving-data
13:39:48 Saving sacks file
13:40:26 saveConfig: auto-save-60s
13:40:26 Saving config file
13:40:38 saveConfig: saving-data
13:40:38 Saving sacks file
13:40:58 saveConfig: saving-data
13:40:58 Saving sacks file
13:41:26 saveConfig: auto-save-60s
13:41:26 Saving config file
13:41:35 saveConfig: saving-data
13:41:35 Saving sacks file
13:41:50 saveConfig: saving-data
13:41:50 Saving sacks file
13:41:58 saveConfig: saving-data
13:41:58 Saving sacks file
13:42:26 saveConfig: auto-save-60s
13:42:26 Saving config file
13:42:32 saveConfig: saving-data
13:42:32 Saving sacks file
13:42:53 saveConfig: saving-data
13:42:53 Saving sacks file
13:43:00 saveConfig: saving-data
13:43:00 Saving sacks file
13:43:07 saveConfig: saving-data
13:43:07 Saving sacks file
13:43:25 saveConfig: saving-data
13:43:25 Saving sacks file
13:43:26 saveConfig: auto-save-60s
13:43:26 Saving config file
13:44:23 saveConfig: saving-data
13:44:23 Saving sacks file
13:44:26 saveConfig: auto-save-60s
13:44:26 Saving config file
13:44:55 saveConfig: saving-data
13:44:55 Saving sacks file
13:45:26 saveConfig: auto-save-60s
13:45:26 Saving config file
13:45:29 saveConfig: saving-data
13:45:29 Saving sacks file
13:45:56 saveConfig: saving-data
13:45:56 Saving sacks file
13:46:26 saveConfig: auto-save-60s
13:46:26 Saving config file
13:47:14 saveConfig: saving-data
13:47:14 Saving sacks file
13:47:26 saveConfig: auto-save-60s
13:47:26 Saving config file
13:48:08 saveConfig: saving-data
13:48:08 Saving sacks file
13:48:26 saveConfig: auto-save-60s
13:48:26 Saving config file
13:49:26 saveConfig: auto-save-60s
13:49:26 Saving config file
13:49:27 saveConfig: saving-data
13:49:27 Saving sacks file
13:49:58 saveConfig: saving-data
13:49:58 Saving sacks file
13:50:26 saveConfig: auto-save-60s
13:50:26 Saving config file
13:50:50 saveConfig: saving-data
13:50:50 Saving sacks file
13:51:08 saveConfig: saving-data
13:51:08 Saving sacks file
13:51:22 saveConfig: saving-data
13:51:22 Saving sacks file
13:51:26 saveConfig: auto-save-60s
13:51:26 Saving config file
13:52:16 saveConfig: saving-data
13:52:16 Saving sacks file
13:52:26 saveConfig: auto-save-60s
13:52:26 Saving config file
13:53:10 saveConfig: saving-data
13:53:10 Saving sacks file
13:53:26 saveConfig: auto-save-60s
13:53:26 Saving config file
13:53:34 saveConfig: saving-data
13:53:34 Saving sacks file
13:54:26 saveConfig: auto-save-60s
13:54:26 Saving config file
13:54:31 saveConfig: saving-data
13:54:31 Saving sacks file
13:54:43 saveConfig: saving-data
13:54:43 Saving sacks file
13:55:06 saveConfig: saving-data
13:55:06 Saving sacks file
13:55:26 saveConfig: auto-save-60s
13:55:26 Saving config file
13:56:26 saveConfig: auto-save-60s
13:56:26 Saving config file
13:57:26 saveConfig: auto-save-60s
13:57:26 Saving config file
13:58:26 saveConfig: auto-save-60s
13:58:26 Saving config file
13:59:26 saveConfig: auto-save-60s
13:59:26 Saving config file
14:00:26 saveConfig: auto-save-60s
14:00:26 Saving config file
14:01:26 saveConfig: auto-save-60s
14:01:26 Saving config file
14:02:26 saveConfig: auto-save-60s
14:02:26 Saving config file
14:03:26 saveConfig: auto-save-60s
14:03:26 Saving config file
14:04:26 saveConfig: auto-save-60s
14:04:26 Saving config file
14:05:26 saveConfig: auto-save-60s
14:05:26 Saving config file
14:06:26 saveConfig: auto-save-60s
14:06:26 Saving config file
14:06:48 saveConfig: saving-data
14:06:48 Saving sacks file
14:07:26 saveConfig: auto-save-60s
14:07:26 Saving config file
14:08:26 saveConfig: auto-save-60s
14:08:26 Saving config file
14:09:26 saveConfig: auto-save-60s
14:09:26 Saving config file
14:10:26 saveConfig: auto-save-60s
14:10:26 Saving config file
14:11:26 saveConfig: auto-save-60s
14:11:26 Saving config file
14:12:26 saveConfig: auto-save-60s
14:12:26 Saving config file
14:13:26 saveConfig: auto-save-60s
14:13:26 Saving config file
14:14:26 saveConfig: auto-save-60s
14:14:26 Saving config file
14:15:26 saveConfig: auto-save-60s
14:15:26 Saving config file
14:15:47 saveConfig: saving-data
14:15:47 Saving sacks file
14:15:58 saveConfig: saving-data
14:15:58 Saving sacks file
14:16:26 saveConfig: auto-save-60s
14:16:26 Saving config file
14:17:26 saveConfig: auto-save-60s
14:17:26 Saving config file
14:18:26 saveConfig: auto-save-60s
14:18:26 Saving config file
14:18:57 saveConfig: saving-data
14:18:57 Saving sacks file
14:19:26 saveConfig: auto-save-60s
14:19:26 Saving config file
14:20:22 saveConfig: saving-data
14:20:22 Saving sacks file
14:20:26 saveConfig: auto-save-60s
14:20:26 Saving config file
14:21:26 saveConfig: auto-save-60s
14:21:26 Saving config file
14:22:00 saveConfig: saving-data
14:22:00 Saving sacks file
14:22:26 saveConfig: auto-save-60s
14:22:26 Saving config file
14:22:53 saveConfig: saving-data
14:22:53 Saving sacks file
14:23:26 saveConfig: auto-save-60s
14:23:26 Saving config file
14:23:52 saveConfig: saving-data
14:23:52 Saving sacks file
14:24:04 saveConfig: saving-data
14:24:04 Saving sacks file
14:24:23 saveConfig: saving-data
14:24:23 Saving sacks file
14:24:26 saveConfig: auto-save-60s
14:24:26 Saving config file
14:24:58 saveConfig: saving-data
14:24:58 Saving sacks file
14:25:26 saveConfig: auto-save-60s
14:25:26 Saving config file
14:26:03 saveConfig: saving-data
14:26:03 Saving sacks file
14:26:25 saveConfig: saving-data
14:26:25 Saving sacks file
14:26:26 saveConfig: auto-save-60s
14:26:26 Saving config file
14:27:12 saveConfig: saving-data
14:27:12 Saving sacks file
14:27:26 saveConfig: auto-save-60s
14:27:26 Saving config file
14:28:26 saveConfig: auto-save-60s
14:28:26 Saving config file
14:28:46 saveConfig: saving-data
14:28:46 Saving sacks file
14:29:26 saveConfig: auto-save-60s
14:29:26 Saving config file
14:29:34 saveConfig: saving-data
14:29:34 Saving sacks file
14:29:45 saveConfig: saving-data
14:29:45 Saving sacks file
14:30:26 saveConfig: auto-save-60s
14:30:26 Saving config file
14:30:33 saveConfig: saving-data
14:30:33 Saving sacks file
14:30:44 saveConfig: saving-data
14:30:44 Saving sacks file
14:31:05 saveConfig: saving-data
14:31:05 Saving sacks file
14:31:26 saveConfig: auto-save-60s
14:31:26 Saving config file
14:31:37 saveConfig: saving-data
14:31:37 Saving sacks file
14:32:09 saveConfig: saving-data
14:32:09 Saving sacks file
14:32:26 saveConfig: auto-save-60s
14:32:26 Saving config file
14:33:26 saveConfig: auto-save-60s
14:33:26 Saving config file
14:34:26 saveConfig: auto-save-60s
14:34:26 Saving config file
14:34:44 saveConfig: saving-data
14:34:44 Saving sacks file
14:35:26 saveConfig: auto-save-60s
14:35:26 Saving config file
14:35:26 saveConfig: saving-data
14:35:26 Saving sacks file
14:35:43 saveConfig: saving-data
14:35:43 Saving sacks file
14:35:50 saveConfig: saving-data
14:35:50 Saving sacks file
14:36:10 saveConfig: saving-data
14:36:10 Saving sacks file
14:36:26 saveConfig: auto-save-60s
14:36:26 Saving config file
14:36:52 saveConfig: saving-data
14:36:52 Saving sacks file
14:37:26 saveConfig: auto-save-60s
14:37:26 Saving config file
14:37:45 saveConfig: saving-data
14:37:45 Saving sacks file
14:37:51 saveConfig: saving-data
14:37:51 Saving sacks file
14:38:01 saveConfig: saving-data
14:38:01 Saving sacks file
14:38:26 saveConfig: auto-save-60s
14:38:26 Saving config file
14:38:34 saveConfig: saving-data
14:38:34 Saving sacks file
14:39:04 saveConfig: saving-data
14:39:04 Saving sacks file
14:39:10 saveConfig: saving-data
14:39:10 Saving sacks file
14:39:26 saveConfig: auto-save-60s
14:39:26 Saving config file
14:40:09 saveConfig: saving-data
14:40:09 Saving sacks file
14:40:20 saveConfig: saving-data
14:40:20 Saving sacks file
14:40:26 saveConfig: auto-save-60s
14:40:26 Saving config file
14:41:26 saveConfig: auto-save-60s
14:41:26 Saving config file
14:42:22 saveConfig: saving-data
14:42:22 Saving sacks file
14:42:26 saveConfig: auto-save-60s
14:42:26 Saving config file
14:43:26 saveConfig: auto-save-60s
14:43:26 Saving config file
14:43:27 saveConfig: saving-data
14:43:27 Saving sacks file
14:43:56 saveConfig: saving-data
14:43:56 Saving sacks file
14:44:26 saveConfig: auto-save-60s
14:44:26 Saving config file
14:44:36 saveConfig: saving-data
14:44:36 Saving sacks file
14:45:09 saveConfig: saving-data
14:45:09 Saving sacks file
14:45:26 saveConfig: auto-save-60s
14:45:26 Saving config file
14:45:31 saveConfig: saving-data
14:45:31 Saving sacks file
14:45:49 saveConfig: saving-data
14:45:49 Saving sacks file
14:46:26 saveConfig: auto-save-60s
14:46:26 Saving config file
14:47:26 saveConfig: auto-save-60s
14:47:26 Saving config file
14:47:30 saveConfig: saving-data
14:47:30 Saving sacks file
14:47:53 saveConfig: saving-data
14:47:53 Saving sacks file
14:48:01 saveConfig: saving-data
14:48:01 Saving sacks file
14:48:17 saveConfig: saving-data
14:48:17 Saving sacks file
14:48:26 saveConfig: auto-save-60s
14:48:26 Saving config file
14:48:43 saveConfig: saving-data
14:48:43 Saving sacks file
14:49:26 saveConfig: auto-save-60s
14:49:26 Saving config file
14:49:42 saveConfig: saving-data
14:49:42 Saving sacks file
14:50:26 saveConfig: auto-save-60s
14:50:26 Saving config file
14:51:25 saveConfig: saving-data
14:51:25 Saving sacks file
14:51:26 saveConfig: auto-save-60s
14:51:26 Saving config file
14:51:32 saveConfig: saving-data
14:51:32 Saving sacks file
14:52:26 saveConfig: auto-save-60s
14:52:26 Saving config file
14:53:26 saveConfig: auto-save-60s
14:53:26 Saving config file
14:54:26 saveConfig: auto-save-60s
14:54:26 Saving config file
14:55:08 saveConfig: saving-data
14:55:08 Saving sacks file
14:55:17 saveConfig: saving-data
14:55:17 Saving sacks file
14:55:26 saveConfig: auto-save-60s
14:55:26 Saving config file
14:56:26 saveConfig: auto-save-60s
14:56:26 Saving config file
14:57:26 saveConfig: auto-save-60s
14:57:26 Saving config file
14:58:26 saveConfig: auto-save-60s
14:58:26 Saving config file
14:59:26 saveConfig: auto-save-60s
14:59:26 Saving config file
15:00:26 saveConfig: auto-save-60s
15:00:26 Saving config file
15:01:26 saveConfig: auto-save-60s
15:01:26 Saving config file
15:02:26 saveConfig: auto-save-60s
15:02:26 Saving config file
15:03:26 saveConfig: auto-save-60s
15:03:26 Saving config file
15:04:26 saveConfig: auto-save-60s
15:04:26 Saving config file
15:05:26 saveConfig: auto-save-60s
15:05:26 Saving config file
15:06:26 saveConfig: auto-save-60s
15:06:26 Saving config file
15:07:26 saveConfig: auto-save-60s
15:07:26 Saving config file
15:08:26 saveConfig: auto-save-60s
15:08:26 Saving config file
15:09:26 saveConfig: auto-save-60s
15:09:26 Saving config file
15:10:26 saveConfig: auto-save-60s
15:10:26 Saving config file
15:11:26 saveConfig: auto-save-60s
15:11:26 Saving config file
15:12:26 saveConfig: auto-save-60s
15:12:26 Saving config file
15:13:26 saveConfig: auto-save-60s
15:13:26 Saving config file
15:14:26 saveConfig: auto-save-60s
15:14:26 Saving config file
15:15:26 saveConfig: auto-save-60s
15:15:26 Saving config file
15:16:26 saveConfig: auto-save-60s
15:16:26 Saving config file
15:17:26 saveConfig: auto-save-60s
15:17:26 Saving config file
15:18:26 saveConfig: auto-save-60s
15:18:26 Saving config file
15:19:26 saveConfig: auto-save-60s
15:19:26 Saving config file
15:20:26 saveConfig: auto-save-60s
15:20:26 Saving config file
15:21:26 saveConfig: auto-save-60s
15:21:26 Saving config file
15:22:26 saveConfig: auto-save-60s
15:22:26 Saving config file
15:23:26 saveConfig: auto-save-60s
15:23:26 Saving config file
15:24:26 saveConfig: auto-save-60s
15:24:26 Saving config file
15:25:26 saveConfig: auto-save-60s
15:25:26 Saving config file
15:26:26 saveConfig: auto-save-60s
15:26:26 Saving config file
15:27:26 saveConfig: auto-save-60s
15:27:26 Saving config file
15:28:26 saveConfig: auto-save-60s
15:28:26 Saving config file
15:29:26 saveConfig: auto-save-60s
15:29:26 Saving config file
15:30:26 saveConfig: auto-save-60s
15:30:26 Saving config file
15:31:26 saveConfig: auto-save-60s
15:31:26 Saving config file
15:32:26 saveConfig: auto-save-60s
15:32:26 Saving config file
15:33:26 saveConfig: auto-save-60s
15:33:26 Saving config file
15:34:26 saveConfig: auto-save-60s
15:34:26 Saving config file
15:35:26 saveConfig: auto-save-60s
15:35:26 Saving config file
15:36:26 saveConfig: auto-save-60s
15:36:26 Saving config file
15:37:26 saveConfig: auto-save-60s
15:37:26 Saving config file
15:38:26 saveConfig: auto-save-60s
15:38:26 Saving config file
15:39:26 saveConfig: auto-save-60s
15:39:26 Saving config file
15:40:26 saveConfig: auto-save-60s
15:40:26 Saving config file
15:41:26 saveConfig: auto-save-60s
15:41:26 Saving config file
15:42:26 saveConfig: auto-save-60s
15:42:26 Saving config file
15:43:26 saveConfig: auto-save-60s
15:43:26 Saving config file
15:44:26 saveConfig: auto-save-60s
15:44:26 Saving config file
15:45:26 saveConfig: auto-save-60s
15:45:26 Saving config file
15:46:26 saveConfig: auto-save-60s
15:46:26 Saving config file
15:47:26 saveConfig: auto-save-60s
15:47:26 Saving config file
15:48:26 saveConfig: auto-save-60s
15:48:26 Saving config file
15:49:26 saveConfig: auto-save-60s
15:49:26 Saving config file
15:50:26 saveConfig: auto-save-60s
15:50:26 Saving config file
15:51:26 saveConfig: auto-save-60s
15:51:26 Saving config file
15:52:26 saveConfig: auto-save-60s
15:52:26 Saving config file
15:53:26 saveConfig: auto-save-60s
15:53:26 Saving config file
15:54:26 saveConfig: auto-save-60s
15:54:26 Saving config file
15:55:26 saveConfig: auto-save-60s
15:55:26 Saving config file
15:56:26 saveConfig: auto-save-60s
15:56:26 Saving config file
15:57:26 saveConfig: auto-save-60s
15:57:26 Saving config file
15:58:26 saveConfig: auto-save-60s
15:58:26 Saving config file
15:59:26 saveConfig: auto-save-60s
15:59:26 Saving config file
16:00:26 saveConfig: auto-save-60s
16:00:26 Saving config file
16:01:26 saveConfig: auto-save-60s
16:01:26 Saving config file
16:02:26 saveConfig: auto-save-60s
16:02:26 Saving config file
16:03:26 saveConfig: auto-save-60s
16:03:26 Saving config file
16:04:26 saveConfig: auto-save-60s
16:04:26 Saving config file
16:05:26 saveConfig: auto-save-60s
16:05:26 Saving config file
16:06:26 saveConfig: auto-save-60s
16:06:26 Saving config file
16:07:26 saveConfig: auto-save-60s
16:07:26 Saving config file
16:08:26 saveConfig: auto-save-60s
16:08:26 Saving config file
16:09:26 saveConfig: auto-save-60s
16:09:26 Saving config file
16:10:26 saveConfig: auto-save-60s
16:10:26 Saving config file
16:11:05 saveConfig: saving-data
16:11:05 Saving sacks file
16:11:21 saveConfig: shutdown-hook
16:11:21 Saving config file
