22:48:24 Trying to load config from config\skyhanni\config.json
22:48:24 load-config-now
22:48:25 Loaded config from file
22:48:25 Trying to load sacks from config\skyhanni\sacks.json
22:48:25 load-sacks-now
22:48:25 Loaded sacks from file
22:48:25 Trying to load friends from config\skyhanni\friends.json
22:48:25 load-friends-now
22:48:25 Loaded friends from file
22:48:25 Trying to load known_features from config\skyhanni\known_features.json
22:48:25 load-known_features-now
22:48:25 Loaded known_features from file
22:48:25 Trying to load jacob_contests from config\skyhanni\jacob_contests.json
22:48:25 load-jacob_contests-now
22:48:25 Loaded jacob_contests from file
22:48:25 Trying to load visual_words from config\skyhanni\visual_words.json
22:48:25 Setting visual_words to be blank as it did not exist. It will be saved once something is written to it
22:49:10 saveConfig: Updated known feature flags
22:49:10 Saving known_features file
22:49:25 saveConfig: auto-save-60s
22:49:25 Saving config file
22:50:25 saveConfig: auto-save-60s
22:50:25 Saving config file
22:51:25 saveConfig: auto-save-60s
22:51:25 Saving config file
22:52:25 saveConfig: auto-save-60s
22:52:25 Saving config file
22:53:25 saveConfig: auto-save-60s
22:53:25 Saving config file
22:54:25 saveConfig: auto-save-60s
22:54:25 Saving config file
22:55:25 saveConfig: auto-save-60s
22:55:25 Saving config file
22:56:25 saveConfig: auto-save-60s
22:56:25 Saving config file
22:57:25 saveConfig: auto-save-60s
22:57:25 Saving config file
22:58:25 saveConfig: auto-save-60s
22:58:25 Saving config file
22:59:25 saveConfig: auto-save-60s
22:59:25 Saving config file
23:00:25 saveConfig: auto-save-60s
23:00:25 Saving config file
23:01:25 saveConfig: auto-save-60s
23:01:25 Saving config file
23:02:25 saveConfig: auto-save-60s
23:02:25 Saving config file
23:03:25 saveConfig: auto-save-60s
23:03:25 Saving config file
23:04:25 saveConfig: auto-save-60s
23:04:25 Saving config file
23:05:25 saveConfig: auto-save-60s
23:05:25 Saving config file
23:06:25 saveConfig: auto-save-60s
23:06:25 Saving config file
23:07:25 saveConfig: auto-save-60s
23:07:25 Saving config file
23:08:25 saveConfig: auto-save-60s
23:08:25 Saving config file
23:09:25 saveConfig: auto-save-60s
23:09:25 Saving config file
23:10:25 saveConfig: auto-save-60s
23:10:25 Saving config file
23:11:25 saveConfig: auto-save-60s
23:11:25 Saving config file
23:12:25 saveConfig: auto-save-60s
23:12:25 Saving config file
23:13:25 saveConfig: auto-save-60s
23:13:25 Saving config file
23:14:25 saveConfig: auto-save-60s
23:14:25 Saving config file
23:15:25 saveConfig: auto-save-60s
23:15:25 Saving config file
23:16:25 saveConfig: auto-save-60s
23:16:25 Saving config file
23:17:25 saveConfig: auto-save-60s
23:17:25 Saving config file
23:18:25 saveConfig: auto-save-60s
23:18:25 Saving config file
23:19:25 saveConfig: auto-save-60s
23:19:25 Saving config file
23:20:25 saveConfig: auto-save-60s
23:20:25 Saving config file
23:21:25 saveConfig: auto-save-60s
23:21:25 Saving config file
23:22:25 saveConfig: auto-save-60s
23:22:25 Saving config file
23:23:25 saveConfig: auto-save-60s
23:23:25 Saving config file
23:24:25 saveConfig: auto-save-60s
23:24:25 Saving config file
23:25:25 saveConfig: auto-save-60s
23:25:25 Saving config file
23:26:25 saveConfig: auto-save-60s
23:26:25 Saving config file
23:27:25 saveConfig: auto-save-60s
23:27:25 Saving config file
23:28:25 saveConfig: auto-save-60s
23:28:25 Saving config file
23:29:25 saveConfig: auto-save-60s
23:29:25 Saving config file
23:30:25 saveConfig: auto-save-60s
23:30:25 Saving config file
23:31:25 saveConfig: auto-save-60s
23:31:25 Saving config file
23:32:25 saveConfig: auto-save-60s
23:32:25 Saving config file
23:33:25 saveConfig: auto-save-60s
23:33:25 Saving config file
23:34:25 saveConfig: auto-save-60s
23:34:25 Saving config file
23:35:25 saveConfig: auto-save-60s
23:35:25 Saving config file
23:36:25 saveConfig: auto-save-60s
23:36:25 Saving config file
23:37:25 saveConfig: auto-save-60s
23:37:25 Saving config file
23:38:25 saveConfig: auto-save-60s
23:38:25 Saving config file
23:39:25 saveConfig: auto-save-60s
23:39:25 Saving config file
23:40:25 saveConfig: auto-save-60s
23:40:25 Saving config file
23:41:25 saveConfig: auto-save-60s
23:41:25 Saving config file
23:42:25 saveConfig: auto-save-60s
23:42:25 Saving config file
23:43:25 saveConfig: auto-save-60s
23:43:25 Saving config file
23:44:25 saveConfig: auto-save-60s
23:44:25 Saving config file
23:45:25 saveConfig: auto-save-60s
23:45:25 Saving config file
23:46:25 saveConfig: auto-save-60s
23:46:25 Saving config file
23:47:25 saveConfig: auto-save-60s
23:47:25 Saving config file
23:48:25 saveConfig: auto-save-60s
23:48:25 Saving config file
23:49:25 saveConfig: auto-save-60s
23:49:25 Saving config file
23:50:25 saveConfig: auto-save-60s
23:50:25 Saving config file
23:51:25 saveConfig: auto-save-60s
23:51:25 Saving config file
23:52:25 saveConfig: auto-save-60s
23:52:25 Saving config file
23:53:25 saveConfig: auto-save-60s
23:53:25 Saving config file
23:54:25 saveConfig: auto-save-60s
23:54:25 Saving config file
23:55:25 saveConfig: auto-save-60s
23:55:25 Saving config file
23:56:25 saveConfig: auto-save-60s
23:56:25 Saving config file
23:57:25 saveConfig: auto-save-60s
23:57:25 Saving config file
23:58:25 saveConfig: auto-save-60s
23:58:25 Saving config file
23:59:25 saveConfig: auto-save-60s
23:59:25 Saving config file
00:00:25 saveConfig: auto-save-60s
00:00:25 Saving config file
00:01:25 saveConfig: auto-save-60s
00:01:25 Saving config file
00:02:25 saveConfig: auto-save-60s
00:02:25 Saving config file
00:03:25 saveConfig: auto-save-60s
00:03:25 Saving config file
00:04:25 saveConfig: auto-save-60s
00:04:25 Saving config file
00:05:25 saveConfig: auto-save-60s
00:05:25 Saving config file
00:06:25 saveConfig: auto-save-60s
00:06:25 Saving config file
00:07:25 saveConfig: auto-save-60s
00:07:25 Saving config file
00:08:25 saveConfig: auto-save-60s
00:08:25 Saving config file
00:09:25 saveConfig: auto-save-60s
00:09:25 Saving config file
00:10:25 saveConfig: auto-save-60s
00:10:25 Saving config file
00:11:25 saveConfig: auto-save-60s
00:11:25 Saving config file
00:12:25 saveConfig: auto-save-60s
00:12:25 Saving config file
00:13:25 saveConfig: auto-save-60s
00:13:25 Saving config file
00:14:25 saveConfig: auto-save-60s
00:14:25 Saving config file
00:15:25 saveConfig: auto-save-60s
00:15:25 Saving config file
00:16:25 saveConfig: auto-save-60s
00:16:25 Saving config file
00:17:25 saveConfig: auto-save-60s
00:17:25 Saving config file
00:18:25 saveConfig: auto-save-60s
00:18:25 Saving config file
00:19:25 saveConfig: auto-save-60s
00:19:25 Saving config file
00:20:25 saveConfig: auto-save-60s
00:20:25 Saving config file
00:21:25 saveConfig: auto-save-60s
00:21:25 Saving config file
00:22:25 saveConfig: auto-save-60s
00:22:25 Saving config file
00:23:25 saveConfig: auto-save-60s
00:23:25 Saving config file
00:24:25 saveConfig: auto-save-60s
00:24:25 Saving config file
00:25:25 saveConfig: auto-save-60s
00:25:25 Saving config file
00:26:25 saveConfig: auto-save-60s
00:26:25 Saving config file
00:27:25 saveConfig: auto-save-60s
00:27:25 Saving config file
00:28:25 saveConfig: auto-save-60s
00:28:25 Saving config file
00:29:25 saveConfig: auto-save-60s
00:29:25 Saving config file
00:30:25 saveConfig: auto-save-60s
00:30:25 Saving config file
00:30:50 saveConfig: saving-data
00:30:50 Saving sacks file
00:31:01 saveConfig: saving-data
00:31:01 Saving sacks file
00:31:25 saveConfig: auto-save-60s
00:31:25 Saving config file
00:31:31 saveConfig: saving-data
00:31:31 Saving sacks file
00:32:25 saveConfig: auto-save-60s
00:32:25 Saving config file
00:33:25 saveConfig: auto-save-60s
00:33:25 Saving config file
00:33:37 saveConfig: saving-data
00:33:37 Saving sacks file
00:34:08 saveConfig: saving-data
00:34:08 Saving sacks file
00:34:25 saveConfig: auto-save-60s
00:34:25 Saving config file
00:34:38 saveConfig: saving-data
00:34:38 Saving sacks file
00:35:02 saveConfig: saving-data
00:35:02 Saving sacks file
00:35:11 saveConfig: saving-data
00:35:11 Saving sacks file
00:35:25 saveConfig: auto-save-60s
00:35:25 Saving config file
00:35:53 saveConfig: saving-data
00:35:53 Saving sacks file
00:36:22 saveConfig: saving-data
00:36:22 Saving sacks file
00:36:25 saveConfig: auto-save-60s
00:36:25 Saving config file
00:37:25 saveConfig: auto-save-60s
00:37:25 Saving config file
00:38:25 saveConfig: auto-save-60s
00:38:25 Saving config file
00:39:17 saveConfig: saving-data
00:39:17 Saving sacks file
00:39:24 saveConfig: saving-data
00:39:24 Saving sacks file
00:39:25 saveConfig: auto-save-60s
00:39:25 Saving config file
00:39:45 saveConfig: saving-data
00:39:45 Saving sacks file
00:40:25 saveConfig: auto-save-60s
00:40:25 Saving config file
00:41:25 saveConfig: auto-save-60s
00:41:25 Saving config file
00:42:25 saveConfig: auto-save-60s
00:42:25 Saving config file
00:43:25 saveConfig: auto-save-60s
00:43:25 Saving config file
00:44:25 saveConfig: auto-save-60s
00:44:25 Saving config file
00:45:25 saveConfig: auto-save-60s
00:45:25 Saving config file
00:46:25 saveConfig: auto-save-60s
00:46:25 Saving config file
00:47:25 saveConfig: auto-save-60s
00:47:25 Saving config file
00:48:25 saveConfig: auto-save-60s
00:48:25 Saving config file
00:49:25 saveConfig: auto-save-60s
00:49:25 Saving config file
00:50:25 saveConfig: auto-save-60s
00:50:25 Saving config file
00:51:25 saveConfig: auto-save-60s
00:51:25 Saving config file
00:51:26 saveConfig: shutdown-hook
00:51:26 Saving config file
