12:21:37 New visitor detected: '§aFriendly Hiker'
12:21:37 New visitor detected: '§aOringo'
12:21:37 New visitor detected: '§9Lumina'
12:21:37 New visitor detected: '§aTerry'
12:21:37 New visitor detected: '§aHungry Hiker'
12:29:38 New visitor detected: '§aOdawa'
12:41:40 New visitor detected: '§6Madame Eleanor Q. Goldsworth III'
13:29:36 New visitor detected: '§9Gold Forger'
13:29:36 New visitor detected: '§aStella'
13:29:36 New visitor detected: '§aFelix'
13:29:36 New visitor detected: '§9Seymour'
13:38:37 New visitor detected: '§6Jerry'
13:38:37 Jerry!
13:47:38 New visitor detected: '§aGuy'
13:56:38 New visitor detected: '§aMason'
14:05:39 New visitor detected: '§aJamie'
14:14:39 New visitor detected: '§9Puzzler'
14:23:40 New visitor detected: '§aStella'
15:02:11 New visitor detected: '§6Pest Wrangler?'
15:14:33 New visitor detected: '§9Lumina'
15:17:10 New visitor detected: '§aGeonathan Greatforge'
15:20:13 New visitor detected: '§aVex'
15:23:13 New visitor detected: '§aOdawa'
15:26:17 New visitor detected: '§aLeo'
15:36:55 New visitor detected: '§aFelix'
15:41:46 New visitor detected: '§aFelix'
15:44:52 New visitor detected: '§aMason'
15:48:05 New visitor detected: '§6Pest Wrangler?'
15:51:32 New visitor detected: '§9Seymour'
15:54:35 New visitor detected: '§aFriendly Hiker'
16:04:46 New visitor detected: '§aLibrarian'
16:11:34 New visitor detected: '§aOringo'
16:15:11 New visitor detected: '§aAlchemist'
16:18:17 New visitor detected: '§9Tammy'
16:21:20 New visitor detected: '§aPest Wrangler'
16:24:29 New visitor detected: '§aOdawa'
16:35:26 New visitor detected: '§aFriendly Hiker'
16:42:27 New visitor detected: '§aLynn'
17:03:48 New visitor detected: '§9Emissary Sisko'
17:03:48 New visitor detected: '§aRhys'
17:04:15 New visitor detected: '§9Emissary Sisko'
