11:55:32 Visitor status change for '§aAdventurer': NEW -> WAITING (tooltipMissingItems)
11:55:35 Visitor status change for '§aEmissary Wilson': NEW -> WAITING (tooltipMissingItems)
11:55:37 Visitor status change for '§aJacob': NEW -> WAITING (tooltipMissingItems)
11:55:39 Visitor status change for '§aJotraeline Greatforge': NEW -> WAITING (tooltipMissingItems)
11:55:39 Visitor status change for '§aJotraeline Greatforge': WAITING -> READY (hasItems)
11:55:42 Visitor status change for '§aPlumber Joe': NEW -> WAITING (tooltipMissingItems)
11:56:46 Visitor status change for '§aJotraeline Greatforge': READY -> ACCEPTED (accepted)
11:57:00 Visitor status change for '§aAdventurer': WAITING -> REFUSED (refused)
11:57:10 Visitor status change for '§aEmissary Wilson': WAITING -> REFUSED (refused)
11:57:16 Visitor status change for '§aJacob': WAITING -> REFUSED (refused)
11:57:22 Visitor status change for '§aPlumber Joe': WAITING -> REFUSED (refused)
12:25:35 Visitor status change for '§aJamie': NEW -> WAITING (tooltipMissingItems)
12:25:39 Visitor status change for '§aJamie': WAITING -> REFUSED (refused)
12:25:40 Visitor status change for '§aFelix': NEW -> WAITING (tooltipMissingItems)
12:25:43 Visitor status change for '§aFelix': WAITING -> REFUSED (refused)
12:25:44 Visitor status change for '§9Seymour': NEW -> WAITING (tooltipMissingItems)
12:25:51 Visitor status change for '§9Seymour': WAITING -> REFUSED (refused)
12:30:33 Visitor status change for '§aShaggy': NEW -> WAITING (tooltipMissingItems)
12:30:38 Visitor status change for '§aShaggy': WAITING -> REFUSED (refused)
13:21:20 Visitor status change for '§9Gwendolyn': NEW -> WAITING (tooltipMissingItems)
13:21:24 Visitor status change for '§9Gwendolyn': WAITING -> REFUSED (refused)
13:21:26 Visitor status change for '§9Grandma Wolf': NEW -> WAITING (tooltipMissingItems)
13:21:31 Visitor status change for '§9Grandma Wolf': WAITING -> REFUSED (refused)
13:21:38 Visitor status change for '§aEmissary Fraiser': NEW -> WAITING (tooltipMissingItems)
13:21:57 Visitor status change for '§aEmissary Fraiser': WAITING -> READY (tooltipClickToGive)
13:21:57 Visitor status change for '§aEmissary Fraiser': READY -> WAITING (noLongerHasItems)
13:21:58 Visitor status change for '§aEmissary Fraiser': WAITING -> ACCEPTED (accepted)
13:22:00 Visitor status change for '§aShaggy': NEW -> WAITING (tooltipMissingItems)
13:22:04 Visitor status change for '§aShaggy': WAITING -> REFUSED (refused)
13:22:05 Visitor status change for '§aEmissary Wilson': NEW -> WAITING (tooltipMissingItems)
13:22:09 Visitor status change for '§aEmissary Wilson': WAITING -> REFUSED (refused)
13:22:10 Visitor status change for '§aGeonathan Greatforge': NEW -> WAITING (tooltipMissingItems)
13:22:24 Visitor status change for '§aGeonathan Greatforge': WAITING -> READY (hasItems)
13:22:25 Visitor status change for '§aGeonathan Greatforge': READY -> ACCEPTED (accepted)
13:57:53 Visitor status change for '§aFear Mongerer': NEW -> WAITING (tooltipMissingItems)
13:57:59 Visitor status change for '§aFear Mongerer': WAITING -> REFUSED (refused)
13:58:00 Visitor status change for '§aJack': NEW -> WAITING (tooltipMissingItems)
13:58:18 Visitor status change for '§aJack': WAITING -> REFUSED (refused)
13:58:20 Visitor status change for '§aLumber Jack': NEW -> WAITING (tooltipMissingItems)
13:58:26 Visitor status change for '§aLumber Jack': WAITING -> REFUSED (refused)
13:58:27 Visitor status change for '§9Emissary Sisko': NEW -> WAITING (tooltipMissingItems)
13:58:35 Visitor status change for '§9Emissary Sisko': WAITING -> REFUSED (refused)
13:58:38 Visitor status change for '§aFisherman': NEW -> WAITING (tooltipMissingItems)
13:58:44 Visitor status change for '§aFisherman': WAITING -> REFUSED (refused)
