11:56:52 Removed old visitor: '§aJotraeline Greatforge'
11:57:04 Removed old visitor: '§aAdventurer'
11:57:16 Removed old visitor: '§aEmissary Wilson'
11:57:22 Removed old visitor: '§aJacob'
11:57:28 Removed old visitor: '§aPlumber Joe'
12:25:43 Removed old visitor: '§aJamie'
12:25:46 Removed old visitor: '§aFelix'
12:25:55 Removed old visitor: '§9Seymour'
12:30:44 Removed old visitor: '§aShaggy'
13:21:30 Removed old visitor: '§9Gwendolyn'
13:21:36 Removed old visitor: '§9Grandma Wolf'
13:22:03 Removed old visitor: '§aEmissary Fraiser'
13:22:09 Removed old visitor: '§aShaggy'
13:22:15 Removed old visitor: '§aEmissary Wilson'
13:22:30 Removed old visitor: '§aGeonathan Greatforge'
13:58:04 Removed old visitor: '§aFear Mongerer'
13:58:22 Removed old visitor: '§aJack'
13:58:31 Removed old visitor: '§aLumber Jack'
13:58:40 Removed old visitor: '§9Emissary Sisko'
13:58:49 Removed old visitor: '§aFisherman'
