#
# There is insufficient memory for the Java Runtime Environment to continue.
# Native memory allocation (malloc) failed to allocate 1765856 bytes for Chunk::new
# Possible reasons:
#   The system is out of physical RAM or swap space
#   In 32 bit mode, the process size limit was hit
# Possible solutions:
#   Reduce memory load on the system
#   Increase physical memory or swap space
#   Check if swap backing store is full
#   Use 64 bit Java on a 64 bit OS
#   Decrease Java heap size (-Xmx/-Xms)
#   Decrease number of Java threads
#   Decrease Java thread stack sizes (-Xss)
#   Set larger code cache with -XX:ReservedCodeCacheSize=
# This output file may be truncated or incomplete.
#
#  Out of Memory Error (allocation.cpp:390), pid=12488, tid=15200
#
# JRE version: Java(TM) SE Runtime Environment (8.0_51-b16) (build 1.8.0_51-b16)
# Java VM: Java HotSpot(TM) 64-Bit Server VM (25.51-b03 mixed mode windows-amd64 compressed oops)
# Failed to write core dump. Minidumps are not enabled by default on client versions of Windows
#

---------------  T H R E A D  ---------------

Current thread (0x000000002c6b1800):  JavaThread "C2 CompilerThread0" daemon [_thread_in_native, id=15200, stack(0x000000002cce0000,0x000000002cde0000)]

Stack: [0x000000002cce0000,0x000000002cde0000]
Native frames: (J=compiled Java code, j=interpreted, Vv=VM code, C=native code)
V  [jvm.dll+0x32b4ca]
V  [jvm.dll+0x2797e3]
V  [jvm.dll+0x27a479]
V  [jvm.dll+0x271765]
V  [jvm.dll+0xcba02]
V  [jvm.dll+0xcbecc]
V  [jvm.dll+0x476f72]
V  [jvm.dll+0x4b95ff]
V  [jvm.dll+0x46b745]
V  [jvm.dll+0x46cd4e]
V  [jvm.dll+0x4501a2]
V  [jvm.dll+0xa43a2]
V  [jvm.dll+0xa4cdf]
V  [jvm.dll+0x2418a4]
V  [jvm.dll+0x29846a]
C  [msvcr100.dll+0x21d9f]
C  [msvcr100.dll+0x21e3b]
C  [KERNEL32.DLL+0x1257d]
C  [ntdll.dll+0x5af28]


Current CompileTask:
C2:10889482 58679   !   4       io.github.moulberry.notenoughupdates.miscfeatures.PetInfoOverlay::updatePetLevels (753 bytes)


---------------  P R O C E S S  ---------------

Java Threads: ( => current thread )
  0x0000000034a52800 JavaThread "Keep-Alive-Timer" daemon [_thread_blocked, id=154668, stack(0x000000012d630000,0x000000012d730000)]
  0x0000000034a54800 JavaThread "ForkJoinPool.commonPool-worker-0" daemon [_thread_blocked, id=147860, stack(0x0000000152f00000,0x0000000153000000)]
  0x0000000034a4d000 JavaThread "ForkJoinPool.commonPool-worker-7" daemon [_thread_blocked, id=156028, stack(0x0000000152e00000,0x0000000152f00000)]
  0x0000000034a54000 JavaThread "ForkJoinPool.commonPool-worker-5" daemon [_thread_blocked, id=9072, stack(0x0000000152d00000,0x0000000152e00000)]
  0x0000000034a4c800 JavaThread "ForkJoinPool.commonPool-worker-14" daemon [_thread_blocked, id=3404, stack(0x0000000152c00000,0x0000000152d00000)]
  0x0000000095927800 JavaThread "ForkJoinPool.commonPool-worker-12" daemon [_thread_blocked, id=148460, stack(0x0000000152b00000,0x0000000152c00000)]
  0x00000000a4782800 JavaThread "DefaultDispatcher-worker-34" daemon [_thread_blocked, id=152784, stack(0x0000000126ff0000,0x00000001270f0000)]
  0x00000000a4788000 JavaThread "DefaultDispatcher-worker-33" daemon [_thread_blocked, id=152772, stack(0x0000000124090000,0x0000000124190000)]
  0x00000000a4787000 JavaThread "DefaultDispatcher-worker-32" daemon [_thread_blocked, id=152820, stack(0x0000000123f90000,0x0000000124090000)]
  0x00000000a4783800 JavaThread "DefaultDispatcher-worker-31" daemon [_thread_blocked, id=152752, stack(0x000000011c380000,0x000000011c480000)]
  0x00000000a47bc800 JavaThread "DefaultDispatcher-worker-30" daemon [_thread_blocked, id=152748, stack(0x000000011c280000,0x000000011c380000)]
  0x00000000a47bc000 JavaThread "DefaultDispatcher-worker-29" daemon [_thread_blocked, id=154588, stack(0x000000010ace0000,0x000000010ade0000)]
  0x00000000a47bd800 JavaThread "DefaultDispatcher-worker-28" daemon [_thread_blocked, id=150844, stack(0x0000000108810000,0x0000000108910000)]
  0x00000000a47b3800 JavaThread "DefaultDispatcher-worker-27" daemon [_thread_blocked, id=148928, stack(0x0000000108710000,0x0000000108810000)]
  0x00000000a47b3000 JavaThread "DefaultDispatcher-worker-26" daemon [_thread_blocked, id=147904, stack(0x0000000106940000,0x0000000106a40000)]
  0x0000000091621000 JavaThread "DefaultDispatcher-worker-25" daemon [_thread_blocked, id=15328, stack(0x0000000101d80000,0x0000000101e80000)]
  0x0000000091620800 JavaThread "DefaultDispatcher-worker-24" daemon [_thread_blocked, id=148940, stack(0x00000001009c0000,0x0000000100ac0000)]
  0x0000000091627000 JavaThread "DefaultDispatcher-worker-23" daemon [_thread_blocked, id=154380, stack(0x00000000f96c0000,0x00000000f97c0000)]
  0x000000009161f800 JavaThread "DefaultDispatcher-worker-22" daemon [_thread_blocked, id=149996, stack(0x00000000f8e20000,0x00000000f8f20000)]
  0x0000000091625800 JavaThread "DefaultDispatcher-worker-21" daemon [_thread_blocked, id=13384, stack(0x00000000d6450000,0x00000000d6550000)]
  0x0000000091626800 JavaThread "DefaultDispatcher-worker-20" daemon [_thread_blocked, id=13436, stack(0x00000000c2e20000,0x00000000c2f20000)]
  0x0000000091618000 JavaThread "DefaultDispatcher-worker-19" daemon [_thread_blocked, id=151772, stack(0x00000000bc950000,0x00000000bca50000)]
  0x0000000091615000 JavaThread "DefaultDispatcher-worker-18" daemon [_thread_blocked, id=151848, stack(0x00000000bc3c0000,0x00000000bc4c0000)]
  0x0000000091610800 JavaThread "DefaultDispatcher-worker-17" daemon [_thread_blocked, id=151852, stack(0x0000000060c30000,0x0000000060d30000)]
  0x000000009160f800 JavaThread "DefaultDispatcher-worker-16" daemon [_thread_blocked, id=156044, stack(0x000000005e4e0000,0x000000005e5e0000)]
  0x000000009160f000 JavaThread "DefaultDispatcher-worker-15" daemon [_thread_blocked, id=158364, stack(0x0000000057e90000,0x0000000057f90000)]
  0x0000000091614000 JavaThread "DefaultDispatcher-worker-14" daemon [_thread_blocked, id=158348, stack(0x0000000057d90000,0x0000000057e90000)]
  0x0000000091615800 JavaThread "DefaultDispatcher-worker-13" daemon [_thread_blocked, id=147020, stack(0x00000000341f0000,0x00000000342f0000)]
  0x0000000095928000 JavaThread "ForkJoinPool.commonPool-worker-3" daemon [_thread_blocked, id=151348, stack(0x000000012d730000,0x000000012d830000)]
  0x00000000a4c87800 JavaThread "ForkJoinPool.commonPool-worker-8" daemon [_thread_blocked, id=152020, stack(0x000000013cf70000,0x000000013d070000)]
  0x00000000a4c88000 JavaThread "SkyblockAddons - #34" [_thread_blocked, id=152800, stack(0x0000000001540000,0x0000000001640000)]
  0x00000000a4c72800 JavaThread "SkyblockAddons - Endstone Protector #0" [_thread_blocked, id=156504, stack(0x00000001005c0000,0x00000001006c0000)]
  0x00000000a47a0800 JavaThread "ForkJoinPool.commonPool-worker-15" daemon [_thread_blocked, id=155260, stack(0x00000000f8f20000,0x00000000f9020000)]
  0x00000000a47b9000 JavaThread "pool-11-thread-1" [_thread_blocked, id=144356, stack(0x0000000055d10000,0x0000000055e10000)]
  0x00000000a4c7f000 JavaThread "pool-17-thread-9" [_thread_blocked, id=137604, stack(0x00000000587a0000,0x00000000588a0000)]
  0x00000000a4c74800 JavaThread "Thread-935" [_thread_blocked, id=134584, stack(0x0000000059700000,0x0000000059800000)]
  0x00000000a4c6d000 JavaThread "Thread-934" [_thread_blocked, id=134884, stack(0x0000000058da0000,0x0000000058ea0000)]
  0x00000000a4798800 JavaThread "WebSocketWriteThread-2951" daemon [_thread_blocked, id=93692, stack(0x0000000040c60000,0x0000000040d60000)]
  0x00000000a4790000 JavaThread "WebSocketConnectReadThread-2950" daemon [_thread_in_native, id=93644, stack(0x000000003f260000,0x000000003f360000)]
  0x00000000a47a6000 JavaThread "DefaultDispatcher-worker-6" daemon [_thread_blocked, id=84792, stack(0x0000000051940000,0x0000000051a40000)]
  0x00000000a47a3000 JavaThread "DefaultDispatcher-worker-1" daemon [_thread_blocked, id=85632, stack(0x0000000042060000,0x0000000042160000)]
  0x00000000a4794000 JavaThread "DefaultDispatcher-worker-10" daemon [_thread_blocked, id=84624, stack(0x0000000041760000,0x0000000041860000)]
  0x00000000a4795800 JavaThread "DefaultDispatcher-worker-11" daemon [_thread_blocked, id=85784, stack(0x0000000001640000,0x0000000001740000)]
  0x00000000a4784000 JavaThread "DefaultDispatcher-worker-9" daemon [_thread_in_native, id=76412, stack(0x00000000342f0000,0x00000000343f0000)]
  0x0000000095920800 JavaThread "DefaultDispatcher-worker-8" daemon [_thread_blocked, id=72180, stack(0x0000000041660000,0x0000000041760000)]
  0x000000009591b800 JavaThread "DefaultDispatcher-worker-8" daemon [_thread_blocked, id=42360, stack(0x00000000f9020000,0x00000000f9120000)]
  0x0000000095921800 JavaThread "DefaultDispatcher-worker-3" daemon [_thread_blocked, id=43236, stack(0x00000000bc850000,0x00000000bc950000)]
  0x0000000095912000 JavaThread "DefaultDispatcher-worker-2" daemon [_thread_blocked, id=43356, stack(0x0000000056300000,0x0000000056400000)]
  0x00000000a4c6b800 JavaThread "IPCClient-Reader" [_thread_blocked, id=6988, stack(0x00000001006c0000,0x00000001007c0000)]
  0x00000000a4c6e800 JavaThread "Timer-11" [_thread_blocked, id=8432, stack(0x00000000f9120000,0x00000000f9220000)]
  0x000000002d8a7800 JavaThread "DefaultDispatcher-worker-5" daemon [_thread_blocked, id=5396, stack(0x00000001008c0000,0x00000001009c0000)]
  0x0000000034a59000 JavaThread "DefaultDispatcher-worker-7" daemon [_thread_blocked, id=14356, stack(0x00000001269d0000,0x0000000126ad0000)]
  0x00000000a47be000 JavaThread "pool-8-thread-8" [_thread_blocked, id=3508, stack(0x00000000c2f20000,0x00000000c3020000)]
  0x00000000a47ba800 JavaThread "pool-8-thread-7" [_thread_blocked, id=18820, stack(0x00000000c2d20000,0x00000000c2e20000)]
  0x00000000a47b2000 JavaThread "Netty Client IO #13" daemon [_thread_in_native, id=7724, stack(0x00000000bffd0000,0x00000000c00d0000)]
  0x00000000a47b9800 JavaThread "Netty Client IO #12" daemon [_thread_in_native, id=17156, stack(0x00000000b63b0000,0x00000000b64b0000)]
  0x00000000a47b0800 JavaThread "Netty Client IO #11" daemon [_thread_in_native, id=11356, stack(0x00000000bc750000,0x00000000bc850000)]
  0x00000000a47b4800 JavaThread "Netty Client IO #10" daemon [_thread_in_native, id=11212, stack(0x00000000bbec0000,0x00000000bbfc0000)]
  0x00000000a47b7800 JavaThread "Patcher Server Pinger #5" daemon [_thread_blocked, id=12348, stack(0x00000000bbbc0000,0x00000000bbcc0000)]
  0x00000000a47b6800 JavaThread "pool-38-thread-1" [_thread_blocked, id=18188, stack(0x00000000bbac0000,0x00000000bbbc0000)]
  0x00000000a47ad800 JavaThread "Patcher Server Pinger #4" daemon [_thread_blocked, id=18296, stack(0x00000000b9ea0000,0x00000000b9fa0000)]
  0x00000000a479f000 JavaThread "pool-37-thread-1" [_thread_blocked, id=12652, stack(0x00000000b92a0000,0x00000000b93a0000)]
  0x00000000a4794800 JavaThread "DefaultDispatcher-worker-4" daemon [_thread_blocked, id=10004, stack(0x000000003bc60000,0x000000003bd60000)]
  0x00000000a479a000 JavaThread "pool-8-thread-6" [_thread_blocked, id=18892, stack(0x00000000b67b0000,0x00000000b68b0000)]
  0x00000000a47a0000 JavaThread "pool-8-thread-5" [_thread_blocked, id=8344, stack(0x0000000059600000,0x0000000059700000)]
  0x00000000a4791000 JavaThread "Netty Client IO #9" daemon [_thread_in_native, id=15268, stack(0x0000000058aa0000,0x0000000058ba0000)]
  0x00000000a4797000 JavaThread "Netty Client IO #8" daemon [_thread_in_native, id=13272, stack(0x0000000057b40000,0x0000000057c40000)]
  0x00000000a478e800 JavaThread "Netty Client IO #7" daemon [_thread_in_native, id=19432, stack(0x00000000ad420000,0x00000000ad520000)]
  0x00000000a478d000 JavaThread "Netty Client IO #6" daemon [_thread_in_native, id=18544, stack(0x00000000ad320000,0x00000000ad420000)]
  0x00000000a4792800 JavaThread "Patcher Server Pinger #3" daemon [_thread_blocked, id=15996, stack(0x00000000a3a50000,0x00000000a3b50000)]
  0x00000000a4793000 JavaThread "pool-36-thread-1" [_thread_blocked, id=14468, stack(0x000000009e930000,0x000000009ea30000)]
  0x00000000a4791800 JavaThread "Patcher Server Pinger #2" daemon [_thread_blocked, id=14892, stack(0x0000000054220000,0x0000000054320000)]
  0x00000000a478f800 JavaThread "pool-35-thread-1" [_thread_blocked, id=16744, stack(0x0000000054120000,0x0000000054220000)]
  0x00000000a4c86000 JavaThread "pool-8-thread-4" [_thread_blocked, id=18016, stack(0x00000000b5c80000,0x00000000b5d80000)]
  0x00000000a4c84800 JavaThread "pool-8-thread-3" [_thread_blocked, id=14052, stack(0x000000009e830000,0x000000009e930000)]
  0x00000000a4c7d000 JavaThread "Netty Client IO #5" daemon [_thread_in_native, id=17088, stack(0x000000005e3a0000,0x000000005e4a0000)]
  0x00000000a4c7c000 JavaThread "Netty Client IO #4" daemon [_thread_in_native, id=4740, stack(0x000000002fa40000,0x000000002fb40000)]
  0x00000000a4c7b800 JavaThread "Netty Client IO #3" daemon [_thread_in_native, id=16704, stack(0x00000000588a0000,0x00000000589a0000)]
  0x00000000a4c7a800 JavaThread "Netty Client IO #2" daemon [_thread_in_native, id=12932, stack(0x0000000058090000,0x0000000058190000)]
  0x00000000a4c7a000 JavaThread "Patcher Server Pinger #1" daemon [_thread_blocked, id=9304, stack(0x0000000054020000,0x0000000054120000)]
  0x00000000a4c77000 JavaThread "pool-34-thread-1" [_thread_blocked, id=11016, stack(0x0000000053e20000,0x0000000053f20000)]
  0x00000000a4c75800 JavaThread "Patcher Server Pinger #0" daemon [_thread_blocked, id=17008, stack(0x0000000052520000,0x0000000052620000)]
  0x00000000a4c79000 JavaThread "pool-33-thread-1" [_thread_blocked, id=11752, stack(0x000000003be60000,0x000000003bf60000)]
  0x0000000091618800 JavaThread "pool-15-thread-1" [_thread_blocked, id=19092, stack(0x00000000b6eb0000,0x00000000b6fb0000)]
  0x0000000095911800 JavaThread "Patcher Concurrency Thread 50" [_thread_blocked, id=11428, stack(0x00000000b9ca0000,0x00000000b9da0000)]
  0x000000009590a000 JavaThread "Patcher Concurrency Thread 49" [_thread_blocked, id=16808, stack(0x00000000b98a0000,0x00000000b99a0000)]
  0x0000000095909000 JavaThread "Patcher Concurrency Thread 48" [_thread_blocked, id=13224, stack(0x00000000b96a0000,0x00000000b97a0000)]
  0x0000000095910000 JavaThread "Patcher Concurrency Thread 47" [_thread_blocked, id=14948, stack(0x00000000b6bb0000,0x00000000b6cb0000)]
  0x000000009590e800 JavaThread "Patcher Concurrency Thread 46" [_thread_blocked, id=6424, stack(0x0000000041860000,0x0000000041960000)]
  0x0000000091622000 JavaThread "Patcher Concurrency Thread 45" [_thread_blocked, id=16824, stack(0x00000000b99a0000,0x00000000b9aa0000)]
  0x0000000091628800 JavaThread "Patcher Concurrency Thread 44" [_thread_blocked, id=15004, stack(0x00000000b97a0000,0x00000000b98a0000)]
  0x0000000091628000 JavaThread "Patcher Concurrency Thread 43" [_thread_blocked, id=8376, stack(0x00000000b95a0000,0x00000000b96a0000)]
  0x0000000091625000 JavaThread "Patcher Concurrency Thread 42" [_thread_blocked, id=6308, stack(0x00000000b8fa0000,0x00000000b90a0000)]
  0x0000000091624000 JavaThread "pool-14-thread-3" [_thread_blocked, id=18092, stack(0x00000000b9fa0000,0x00000000ba0a0000)]
  0x0000000091622800 JavaThread "pool-14-thread-2" [_thread_blocked, id=18580, stack(0x00000000b9da0000,0x00000000b9ea0000)]
  0x000000009161f000 JavaThread "Patcher Concurrency Thread 41" [_thread_blocked, id=19372, stack(0x00000000b8ea0000,0x00000000b8fa0000)]
  0x000000009161e000 JavaThread "Patcher Concurrency Thread 40" [_thread_blocked, id=7968, stack(0x00000000b8da0000,0x00000000b8ea0000)]
  0x000000009161c800 JavaThread "Patcher Concurrency Thread 39" [_thread_blocked, id=4320, stack(0x00000000b8ca0000,0x00000000b8da0000)]
  0x000000009161b800 JavaThread "Patcher Concurrency Thread 38" [_thread_blocked, id=11044, stack(0x00000000b8ba0000,0x00000000b8ca0000)]
  0x0000000091617000 JavaThread "Patcher Concurrency Thread 37" [_thread_blocked, id=17952, stack(0x00000000b8aa0000,0x00000000b8ba0000)]
  0x000000009161d000 JavaThread "Patcher Concurrency Thread 36" [_thread_blocked, id=13304, stack(0x00000000b89a0000,0x00000000b8aa0000)]
  0x0000000091613800 JavaThread "Patcher Concurrency Thread 35" [_thread_blocked, id=9196, stack(0x00000000b88a0000,0x00000000b89a0000)]
  0x000000009161a000 JavaThread "Patcher Concurrency Thread 34" [_thread_blocked, id=17916, stack(0x00000000b6db0000,0x00000000b6eb0000)]
  0x0000000091619800 JavaThread "Patcher Concurrency Thread 33" [_thread_blocked, id=19360, stack(0x00000000b6cb0000,0x00000000b6db0000)]
  0x000000009160c000 JavaThread "Patcher Concurrency Thread 32" [_thread_blocked, id=6860, stack(0x00000000b68b0000,0x00000000b69b0000)]
  0x000000009160b000 JavaThread "Patcher Concurrency Thread 31" [_thread_blocked, id=9908, stack(0x00000000b66b0000,0x00000000b67b0000)]
  0x0000000091612000 JavaThread "Patcher Concurrency Thread 30" [_thread_blocked, id=19012, stack(0x00000000b64b0000,0x00000000b65b0000)]
  0x000000009160e000 JavaThread "Patcher Concurrency Thread 29" [_thread_blocked, id=7012, stack(0x00000000b5980000,0x00000000b5a80000)]
  0x0000000091611000 JavaThread "Patcher Concurrency Thread 28" [_thread_blocked, id=18548, stack(0x00000000b65b0000,0x00000000b66b0000)]
  0x000000009160a800 JavaThread "Patcher Concurrency Thread 27" [_thread_blocked, id=15976, stack(0x00000000b5880000,0x00000000b5980000)]
  0x000000003c3de800 JavaThread "pool-8-thread-2" [_thread_blocked, id=4788, stack(0x00000000b62b0000,0x00000000b63b0000)]
  0x000000003c3dc800 JavaThread "Patcher Concurrency Thread 26" [_thread_blocked, id=14496, stack(0x00000000b61b0000,0x00000000b62b0000)]
  0x000000003482b000 JavaThread "Patcher Concurrency Thread 25" [_thread_blocked, id=16496, stack(0x00000000a41f0000,0x00000000a42f0000)]
  0x000000003482e000 JavaThread "Patcher Concurrency Thread 24" [_thread_blocked, id=15340, stack(0x00000000a3e00000,0x00000000a3f00000)]
  0x000000003482b800 JavaThread "Patcher Concurrency Thread 23" [_thread_blocked, id=5068, stack(0x00000000ace20000,0x00000000acf20000)]
  0x0000000034828000 JavaThread "Patcher Concurrency Thread 22" [_thread_blocked, id=18852, stack(0x0000000059500000,0x0000000059600000)]
  0x00000000348a9000 JavaThread "pool-8-thread-1" [_thread_blocked, id=17524, stack(0x00000000589a0000,0x0000000058aa0000)]
  0x00000000348aa000 JavaThread "Netty Client IO #1" daemon [_thread_in_native, id=3648, stack(0x0000000055330000,0x0000000055430000)]
  0x00000000348ae800 JavaThread "Patcher Concurrency Thread 21" [_thread_blocked, id=10780, stack(0x0000000054730000,0x0000000054830000)]
  0x00000000348ac000 JavaThread "Netty Client IO #0" daemon [_thread_in_native, id=14796, stack(0x0000000053f20000,0x0000000054020000)]
  0x000000002d8a4000 JavaThread "Patcher Concurrency Thread 20" [_thread_blocked, id=8036, stack(0x0000000051f40000,0x0000000052040000)]
  0x000000002d8aa000 JavaThread "Patcher Concurrency Thread 19" [_thread_blocked, id=19236, stack(0x0000000051e40000,0x0000000051f40000)]
  0x000000002d8a9000 JavaThread "Patcher Concurrency Thread 18" [_thread_blocked, id=15784, stack(0x0000000051d40000,0x0000000051e40000)]
  0x000000002d8a6000 JavaThread "Thread-146" daemon [_thread_in_native, id=7892, stack(0x0000000041160000,0x0000000041260000)]
  0x000000002d8a7000 JavaThread "Patcher Concurrency Thread 17" [_thread_blocked, id=3604, stack(0x0000000041560000,0x0000000041660000)]
  0x000000002d89e800 JavaThread "Patcher Concurrency Thread 16" [_thread_blocked, id=13952, stack(0x0000000057f90000,0x0000000058090000)]
  0x00000000316b7000 JavaThread "Patcher Concurrency Thread 15" [_thread_blocked, id=17452, stack(0x0000000057c90000,0x0000000057d90000)]
  0x00000000316b6800 JavaThread "Patcher Concurrency Thread 14" [_thread_blocked, id=16828, stack(0x0000000057a40000,0x0000000057b40000)]
  0x00000000316b9800 JavaThread "Patcher Concurrency Thread 13" [_thread_blocked, id=10604, stack(0x0000000056e10000,0x0000000056f10000)]
  0x00000000316b8000 JavaThread "Patcher Concurrency Thread 12" [_thread_blocked, id=18096, stack(0x0000000056d10000,0x0000000056e10000)]
  0x00000000316bd000 JavaThread "Patcher Concurrency Thread 11" [_thread_blocked, id=18048, stack(0x0000000056790000,0x0000000056890000)]
  0x00000000316b5800 JavaThread "Patcher Concurrency Thread 10" [_thread_blocked, id=16528, stack(0x0000000055c10000,0x0000000055d10000)]
  0x00000000316bc800 JavaThread "Patcher Concurrency Thread 9" [_thread_blocked, id=3716, stack(0x0000000055550000,0x0000000055650000)]
  0x00000000316af000 JavaThread "Patcher Concurrency Thread 8" [_thread_blocked, id=19340, stack(0x0000000055450000,0x0000000055550000)]
  0x00000000316b4000 JavaThread "Patcher Concurrency Thread 7" [_thread_blocked, id=18380, stack(0x0000000050050000,0x0000000050150000)]
  0x00000000316b1000 JavaThread "Patcher Concurrency Thread 6" [_thread_blocked, id=13008, stack(0x000000004ff50000,0x0000000050050000)]
  0x00000000316b3800 JavaThread "Patcher Concurrency Thread 5" [_thread_blocked, id=16688, stack(0x000000004fe50000,0x000000004ff50000)]
  0x00000000316b2000 JavaThread "Patcher Concurrency Thread 4" [_thread_blocked, id=9784, stack(0x000000004e7c0000,0x000000004e8c0000)]
  0x00000000316af800 JavaThread "Patcher Concurrency Thread 3" [_thread_blocked, id=13736, stack(0x000000004d1b0000,0x000000004d2b0000)]
  0x00000000316b0800 JavaThread "Patcher Concurrency Thread 2" [_thread_blocked, id=19072, stack(0x0000000041c60000,0x0000000041d60000)]
  0x0000000034a58800 JavaThread "Patcher Concurrency Thread 1" [_thread_blocked, id=15696, stack(0x0000000041a60000,0x0000000041b60000)]
  0x000000002d957800 JavaThread "Essential Discord IPC Polling" daemon [_thread_blocked, id=7280, stack(0x000000009c790000,0x000000009c890000)]
  0x000000003d281800 JavaThread "Timer-7" daemon [_thread_blocked, id=19152, stack(0x0000000000b50000,0x0000000000c50000)]
  0x000000002d958800 JavaThread "Essential Thread 20" daemon [_thread_blocked, id=7404, stack(0x0000000094f00000,0x0000000095000000)]
  0x00000000316bb800 JavaThread "Timer-6" daemon [_thread_blocked, id=16968, stack(0x000000009f6f0000,0x000000009f7f0000)]
  0x000000002d8a2800 JavaThread "Activity-Cleaner" daemon [_thread_blocked, id=8436, stack(0x000000009eb20000,0x000000009ec20000)]
  0x000000002d8a1800 JavaThread "Timer-5" daemon [_thread_blocked, id=19320, stack(0x0000000051c40000,0x0000000051d40000)]
  0x000000003d28f800 JavaThread "pool-21-thread-1" [_thread_blocked, id=8956, stack(0x0000000096f50000,0x0000000097050000)]
  0x000000003d287800 JavaThread "pool-20-thread-1" [_thread_in_native, id=18216, stack(0x0000000096e50000,0x0000000096f50000)]
  0x000000003d28e800 JavaThread "Skytils-FetchAuctionData" [_thread_blocked, id=17868, stack(0x0000000096d50000,0x0000000096e50000)]
  0x000000003d28d800 JavaThread "Skytils Tick-5" daemon [_thread_blocked, id=8196, stack(0x0000000096c50000,0x0000000096d50000)]
  0x000000003d28a800 JavaThread "Skytils Tick-4" daemon [_thread_blocked, id=17896, stack(0x0000000096890000,0x0000000096990000)]
  0x000000003d28c000 JavaThread "Skytils Tick-3" daemon [_thread_blocked, id=16488, stack(0x00000000965d0000,0x00000000966d0000)]
  0x000000003d28d000 JavaThread "Timer-4" [_thread_blocked, id=6836, stack(0x0000000096790000,0x0000000096890000)]
  0x000000003d283000 JavaThread "Timer-3" [_thread_blocked, id=17576, stack(0x0000000095000000,0x0000000095100000)]
  0x000000003d287000 JavaThread "Skytils Tick-2" daemon [_thread_blocked, id=17616, stack(0x0000000056c10000,0x0000000056d10000)]
  0x000000003d284000 JavaThread "skyhanni-config-auto-save" [_thread_blocked, id=14500, stack(0x0000000056b10000,0x0000000056c10000)]
  0x000000003d277000 JavaThread "Thread-120" [_thread_blocked, id=11608, stack(0x0000000056690000,0x0000000056790000)]
  0x000000003d276800 JavaThread "Essential Thread 19" daemon [_thread_blocked, id=18912, stack(0x0000000056400000,0x0000000056500000)]
  0x000000003d275800 JavaThread "Thread-118" daemon [_thread_in_native, id=17232, stack(0x0000000056590000,0x0000000056690000)]
  0x000000003d273800 JavaThread "pool-5-thread-1" [_thread_blocked, id=17708, stack(0x0000000054a20000,0x0000000054b20000)]
  0x000000003d289000 JavaThread "Timer-2" daemon [_thread_blocked, id=7380, stack(0x0000000000d50000,0x0000000000e50000)]
  0x000000003d27b800 JavaThread "Timer-1" daemon [_thread_blocked, id=16112, stack(0x0000000000c50000,0x0000000000d50000)]
  0x000000003d27f800 JavaThread "Essential Thread 18" [_thread_blocked, id=1892, stack(0x0000000000a50000,0x0000000000b50000)]
  0x000000003d27e000 JavaThread "Chunk Batcher 9" daemon [_thread_blocked, id=17960, stack(0x0000000063680000,0x0000000063780000)]
  0x000000003d27d000 JavaThread "Chunk Batcher 8" daemon [_thread_blocked, id=16272, stack(0x0000000063580000,0x0000000063680000)]
  0x000000003d280000 JavaThread "Chunk Batcher 7" daemon [_thread_blocked, id=13640, stack(0x0000000063480000,0x0000000063580000)]
  0x000000003d27c800 JavaThread "Chunk Batcher 6" daemon [_thread_blocked, id=18360, stack(0x0000000063380000,0x0000000063480000)]
  0x000000003d27e800 JavaThread "Chunk Batcher 5" daemon [_thread_blocked, id=18716, stack(0x0000000063280000,0x0000000063380000)]
  0x000000003d281000 JavaThread "Chunk Batcher 4" daemon [_thread_blocked, id=13840, stack(0x0000000063180000,0x0000000063280000)]
  0x000000003d282800 JavaThread "Chunk Batcher 3" daemon [_thread_blocked, id=17956, stack(0x0000000060d30000,0x0000000060e30000)]
  0x000000003d274000 JavaThread "Chunk Batcher 2" daemon [_thread_blocked, id=3416, stack(0x0000000058eb0000,0x0000000058fb0000)]
  0x000000003d27b000 JavaThread "Chunk Batcher 1" daemon [_thread_blocked, id=9764, stack(0x0000000041960000,0x0000000041a60000)]
  0x000000003d27a000 JavaThread "Chunk Batcher 0" daemon [_thread_blocked, id=8068, stack(0x0000000040dd0000,0x0000000040ed0000)]
  0x000000003d272800 JavaThread "Essential Thread 17" daemon [_thread_blocked, id=8692, stack(0x0000000059810000,0x0000000059910000)]
  0x00000000348b3000 JavaThread "Essential Thread 16" [_thread_blocked, id=12968, stack(0x0000000059000000,0x0000000059100000)]
  0x000000002d89d000 JavaThread "Essential Thread 15" [_thread_blocked, id=15484, stack(0x0000000057120000,0x0000000057220000)]
  0x00000000316b2800 JavaThread "DefaultDispatcher-worker-12" daemon [_thread_blocked, id=15028, stack(0x0000000055700000,0x0000000055800000)]
  0x0000000034a4f800 JavaThread "Essential Thread 14" [_thread_blocked, id=16736, stack(0x0000000054920000,0x0000000054a20000)]
  0x000000002d959000 JavaThread "Skytils-PersistentSave-Write" [_thread_blocked, id=17540, stack(0x0000000053b20000,0x0000000053c20000)]
  0x000000003c3d9800 JavaThread "Skytils-Reload-Data" [_thread_blocked, id=13848, stack(0x0000000041b60000,0x0000000041c60000)]
  0x0000000034830000 JavaThread "skyhanni-tps-counter-ticks" [_thread_blocked, id=6892, stack(0x0000000053420000,0x0000000053520000)]
  0x0000000034836000 JavaThread "skyhanni-tps-counter-seconds" [_thread_blocked, id=12472, stack(0x0000000053320000,0x0000000053420000)]
  0x000000003482f800 JavaThread "skyhanni-movement-speed-display" [_thread_blocked, id=9836, stack(0x0000000053220000,0x0000000053320000)]
  0x0000000034834000 JavaThread "skyhanni-crop-milestone-speed" [_thread_blocked, id=16184, stack(0x0000000052f20000,0x0000000053020000)]
  0x0000000034833000 JavaThread "skyhanni-fixed-rate-timer-manager" [_thread_blocked, id=3492, stack(0x0000000052a20000,0x0000000052b20000)]
  0x000000003482e800 JavaThread "DefaultDispatcher-worker-9" daemon [_thread_blocked, id=15116, stack(0x0000000052920000,0x0000000052a20000)]
  0x0000000034835800 JavaThread "DefaultDispatcher-worker-7" daemon [_thread_blocked, id=16440, stack(0x0000000052820000,0x0000000052920000)]
  0x0000000034831800 JavaThread "DefaultDispatcher-worker-2" daemon [_thread_blocked, id=2868, stack(0x0000000052720000,0x0000000052820000)]
  0x0000000034834800 JavaThread "DefaultDispatcher-worker-6" daemon [_thread_blocked, id=9800, stack(0x0000000052620000,0x0000000052720000)]
  0x0000000034831000 JavaThread "DefaultDispatcher-worker-12" daemon [_thread_blocked, id=16916, stack(0x0000000052420000,0x0000000052520000)]
  0x0000000034827000 JavaThread "DefaultDispatcher-worker-11" daemon [_thread_blocked, id=13172, stack(0x0000000052320000,0x0000000052420000)]
  0x0000000034828800 JavaThread "DefaultDispatcher-worker-10" daemon [_thread_blocked, id=6736, stack(0x0000000052220000,0x0000000052320000)]
  0x000000003c3d8000 JavaThread "pool-14-thread-1" [_thread_blocked, id=1304, stack(0x000000004efc0000,0x000000004f0c0000)]
  0x000000003c3dd000 JavaThread "Essential Thread 13" daemon [_thread_blocked, id=11704, stack(0x000000004f190000,0x000000004f290000)]
  0x000000003c3d6800 JavaThread "Thread 1" [_thread_blocked, id=16172, stack(0x000000004ecc0000,0x000000004edc0000)]
  0x000000003c3da000 JavaThread "CTJSSocketListener" [_thread_in_native, id=11960, stack(0x000000004ebc0000,0x000000004ecc0000)]
  0x000000003c3d5800 JavaThread "Skytils Tick-1" daemon [_thread_blocked, id=13916, stack(0x000000004e8c0000,0x000000004e9c0000)]
  0x000000003c3d2800 JavaThread "Essential Thread 12" [_thread_blocked, id=2148, stack(0x000000004a7a0000,0x000000004a8a0000)]
  0x000000003c3d7000 JavaThread "Essential Thread 11" [_thread_blocked, id=9024, stack(0x000000004a6a0000,0x000000004a7a0000)]
  0x000000003c3d1000 JavaThread "Essential Thread 10" [_thread_blocked, id=9060, stack(0x000000004a5a0000,0x000000004a6a0000)]
  0x000000003c3d4000 JavaThread "pool-4-thread-1" [_thread_blocked, id=9812, stack(0x0000000049290000,0x0000000049390000)]
  0x000000003c3d2000 JavaThread "Timer hack thread" daemon [_thread_blocked, id=17860, stack(0x0000000041d60000,0x0000000041e60000)]
  0x000000002d95c000 JavaThread "Essential Thread 9" daemon [_thread_blocked, id=11908, stack(0x0000000042160000,0x0000000042260000)]
  0x000000002d957000 JavaThread "DefaultDispatcher-worker-5" daemon [_thread_blocked, id=8624, stack(0x0000000041460000,0x0000000041560000)]
  0x000000002d94e000 JavaThread "DefaultDispatcher-worker-4" daemon [_thread_blocked, id=8360, stack(0x0000000041360000,0x0000000041460000)]
  0x000000002d951000 JavaThread "Essential Thread 8" [_thread_blocked, id=9308, stack(0x0000000040960000,0x0000000040a60000)]
  0x000000002d953000 JavaThread "Essential Thread 7" [_thread_blocked, id=10616, stack(0x0000000040760000,0x0000000040860000)]
  0x000000002d94f800 JavaThread "Essential Thread 6" [_thread_blocked, id=16876, stack(0x0000000040660000,0x0000000040760000)]
  0x000000002d952800 JavaThread "Essential Thread 5" [_thread_blocked, id=10700, stack(0x0000000040560000,0x0000000040660000)]
  0x000000002e644800 JavaThread "Essential Thread 4" [_thread_blocked, id=9264, stack(0x0000000040460000,0x0000000040560000)]
  0x000000002e643800 JavaThread "anInnocuousThread" daemon [_thread_in_native, id=9248, stack(0x0000000040160000,0x0000000040260000)]
  0x000000002e647800 JavaThread "anInnocuousThread" daemon [_thread_in_native, id=11004, stack(0x0000000040060000,0x0000000040160000)]
  0x000000002e640000 JavaThread "anInnocuousThread" daemon [_thread_in_native, id=9256, stack(0x000000003ff60000,0x0000000040060000)]
  0x000000002e640800 JavaThread "anInnocuousThread" daemon [_thread_in_native, id=10988, stack(0x000000003fe60000,0x000000003ff60000)]
  0x000000002e643000 JavaThread "anInnocuousThread" daemon [_thread_in_native, id=10992, stack(0x000000003fd60000,0x000000003fe60000)]
  0x000000002e641800 JavaThread "anInnocuousThread" daemon [_thread_in_native, id=8748, stack(0x000000003fc60000,0x000000003fd60000)]
  0x000000002e642000 JavaThread "anInnocuousThread" daemon [_thread_in_native, id=10712, stack(0x000000003fb60000,0x000000003fc60000)]
  0x000000002e646800 JavaThread "anInnocuousThread" daemon [_thread_in_native, id=10568, stack(0x000000003fa60000,0x000000003fb60000)]
  0x000000002e645000 JavaThread "anInnocuousThread" daemon [_thread_in_native, id=8372, stack(0x000000003f960000,0x000000003fa60000)]
  0x000000002e646000 JavaThread "anInnocuousThread" daemon [_thread_in_native, id=10980, stack(0x000000003f860000,0x000000003f960000)]
  0x000000002e63a000 JavaThread "anInnocuousThread" daemon [_thread_in_native, id=10380, stack(0x000000003f760000,0x000000003f860000)]
  0x000000002e638800 JavaThread "anInnocuousThread" daemon [_thread_in_native, id=11232, stack(0x000000003f660000,0x000000003f760000)]
  0x000000002e63d000 JavaThread "anInnocuousThread" daemon [_thread_in_native, id=5492, stack(0x000000003f560000,0x000000003f660000)]
  0x000000002e639000 JavaThread "Essential Thread 3" [_thread_blocked, id=11176, stack(0x000000003f460000,0x000000003f560000)]
  0x000000002e63e800 JavaThread "Timer-0" daemon [_thread_blocked, id=11172, stack(0x000000003f360000,0x000000003f460000)]
  0x000000002e63b800 JavaThread "Thread-15" daemon [_thread_in_native, id=11012, stack(0x000000003f160000,0x000000003f260000)]
  0x000000002e63f000 JavaThread "Essential Thread 2" [_thread_blocked, id=11096, stack(0x000000003afc0000,0x000000003b0c0000)]
  0x000000002e63d800 JavaThread "DefaultDispatcher-worker-3" daemon [_thread_in_native, id=10964, stack(0x000000003d850000,0x000000003d950000)]
  0x0000000032d90000 JavaThread "DefaultDispatcher-worker-1" daemon [_thread_blocked, id=10352, stack(0x000000003ba80000,0x000000003bb80000)]
  0x0000000032d8e800 JavaThread "Essential Thread 1" [_thread_blocked, id=8368, stack(0x000000002fd40000,0x000000002fe40000)]
  0x0000000032d8f800 JavaThread "Snooper Timer" daemon [_thread_blocked, id=9336, stack(0x000000003d550000,0x000000003d650000)]
  0x0000000032d94800 JavaThread "Snooper Timer" daemon [_thread_blocked, id=17456, stack(0x000000003b580000,0x000000003b680000)]
  0x0000000032d91800 JavaThread "AWT-EventQueue-0" [_thread_blocked, id=7224, stack(0x000000003b880000,0x000000003b980000)]
  0x0000000032d91000 JavaThread "TimerQueue" daemon [_thread_blocked, id=17656, stack(0x000000003b3b0000,0x000000003b4b0000)]
  0x0000000032d92800 JavaThread "AWT-Windows" daemon [_thread_in_native, id=14780, stack(0x0000000033870000,0x0000000033970000)]
  0x0000000032d8e000 JavaThread "AWT-Shutdown" [_thread_blocked, id=18928, stack(0x0000000033770000,0x0000000033870000)]
  0x000000002dd73800 JavaThread "Java2D Disposer" daemon [_thread_blocked, id=2064, stack(0x0000000033d70000,0x0000000033e70000)]
  0x000000002c6de000 JavaThread "Service Thread" daemon [_thread_blocked, id=18828, stack(0x000000002d4e0000,0x000000002d5e0000)]
  0x000000002c6cd800 JavaThread "C1 CompilerThread3" daemon [_thread_blocked, id=15292, stack(0x000000002cfe0000,0x000000002d0e0000)]
  0x000000002c6bc800 JavaThread "C2 CompilerThread2" daemon [_thread_blocked, id=18900, stack(0x000000002cee0000,0x000000002cfe0000)]
  0x000000002c6b4800 JavaThread "C2 CompilerThread1" daemon [_thread_blocked, id=9668, stack(0x000000002cde0000,0x000000002cee0000)]
=>0x000000002c6b1800 JavaThread "C2 CompilerThread0" daemon [_thread_in_native, id=15200, stack(0x000000002cce0000,0x000000002cde0000)]
  0x000000002c6ad800 JavaThread "Attach Listener" daemon [_thread_blocked, id=15288, stack(0x000000002cbe0000,0x000000002cce0000)]
  0x000000002c6ad000 JavaThread "Signal Dispatcher" daemon [_thread_blocked, id=15172, stack(0x000000002cae0000,0x000000002cbe0000)]
  0x000000002c6ac000 JavaThread "Surrogate Locker Thread (Concurrent GC)" daemon [_thread_blocked, id=17004, stack(0x000000002c9e0000,0x000000002cae0000)]
  0x000000002c651000 JavaThread "Finalizer" daemon [_thread_blocked, id=6112, stack(0x000000002c8e0000,0x000000002c9e0000)]
  0x000000002c64a800 JavaThread "Reference Handler" daemon [_thread_blocked, id=15184, stack(0x000000002c7e0000,0x000000002c8e0000)]
  0x0000000003324800 JavaThread "Client thread" [_thread_in_native, id=8088, stack(0x00000000031c0000,0x00000000032c0000)]

Other Threads:
  0x000000002c645000 VMThread [stack: 0x000000002c6e0000,0x000000002c7e0000] [id=10120]
  0x000000002d152000 WatcherThread [stack: 0x000000002d5e0000,0x000000002d6e0000] [id=19084]

VM state:not at safepoint (normal execution)

VM Mutex/Monitor currently owned by a thread: None

Heap:
 garbage-first heap   total 2392064K, used 2005565K [0x00000005c0000000, 0x00000005c2000248, 0x00000007c0000000)
  region size 32768K, 12 young (393216K), 2 survivors (65536K)
 Metaspace       used 190944K, capacity 213097K, committed 213344K, reserved 1230848K
  class space    used 21153K, capacity 31030K, committed 31176K, reserved 1048576K

Heap Regions: (Y=young(eden), SU=young(survivor), HS=humongous(starts), HC=humongous(continues), CS=collection set, F=free, TS=gc time stamp, PTAMS=previous top-at-mark-start, NTAMS=next top-at-mark-start)
AC   0  O    TS     0 PTAMS 0x00000005c2000000 NTAMS 0x00000005c2000000 space 32768K, 100% used [0x00000005c0000000, 0x00000005c2000000)
AC   0  O    TS     0 PTAMS 0x00000005c4000000 NTAMS 0x00000005c4000000 space 32768K, 100% used [0x00000005c2000000, 0x00000005c4000000)
AC   0  O    TS     0 PTAMS 0x00000005c6000000 NTAMS 0x00000005c6000000 space 32768K, 100% used [0x00000005c4000000, 0x00000005c6000000)
AC   0  O    TS     0 PTAMS 0x00000005c8000000 NTAMS 0x00000005c8000000 space 32768K, 100% used [0x00000005c6000000, 0x00000005c8000000)
AC   0  O    TS     0 PTAMS 0x00000005ca000000 NTAMS 0x00000005ca000000 space 32768K, 100% used [0x00000005c8000000, 0x00000005ca000000)
AC   0  O    TS     0 PTAMS 0x00000005cc000000 NTAMS 0x00000005cc000000 space 32768K, 100% used [0x00000005ca000000, 0x00000005cc000000)
AC   0  O    TS     0 PTAMS 0x00000005ce000000 NTAMS 0x00000005ce000000 space 32768K, 100% used [0x00000005cc000000, 0x00000005ce000000)
AC   0  O    TS     0 PTAMS 0x00000005d0000000 NTAMS 0x00000005d0000000 space 32768K, 100% used [0x00000005ce000000, 0x00000005d0000000)
AC   0  O    TS     0 PTAMS 0x00000005d2000000 NTAMS 0x00000005d2000000 space 32768K, 100% used [0x00000005d0000000, 0x00000005d2000000)
AC   0  O    TS     0 PTAMS 0x00000005d4000000 NTAMS 0x00000005d4000000 space 32768K, 100% used [0x00000005d2000000, 0x00000005d4000000)
AC   0 HS    TS     0 PTAMS 0x00000005d5000010 NTAMS 0x00000005d5000010 space 32768K,  50% used [0x00000005d4000000, 0x00000005d6000000)
AC   0  O    TS     0 PTAMS 0x00000005d8000000 NTAMS 0x00000005d8000000 space 32768K, 100% used [0x00000005d6000000, 0x00000005d8000000)
AC   0  O    TS     0 PTAMS 0x00000005da000000 NTAMS 0x00000005da000000 space 32768K, 100% used [0x00000005d8000000, 0x00000005da000000)
AC   0  O    TS     0 PTAMS 0x00000005dc000000 NTAMS 0x00000005dc000000 space 32768K, 100% used [0x00000005da000000, 0x00000005dc000000)
AC   0  O    TS     0 PTAMS 0x00000005de000000 NTAMS 0x00000005de000000 space 32768K, 100% used [0x00000005dc000000, 0x00000005de000000)
AC   0  O    TS     0 PTAMS 0x00000005e0000000 NTAMS 0x00000005e0000000 space 32768K, 100% used [0x00000005de000000, 0x00000005e0000000)
AC   0  O    TS     0 PTAMS 0x00000005e2000000 NTAMS 0x00000005e2000000 space 32768K, 100% used [0x00000005e0000000, 0x00000005e2000000)
AC   0  O    TS     0 PTAMS 0x00000005e4000000 NTAMS 0x00000005e4000000 space 32768K, 100% used [0x00000005e2000000, 0x00000005e4000000)
AC   0  O    TS     0 PTAMS 0x00000005e6000000 NTAMS 0x00000005e6000000 space 32768K, 100% used [0x00000005e4000000, 0x00000005e6000000)
AC   0  O    TS     0 PTAMS 0x00000005e8000000 NTAMS 0x00000005e8000000 space 32768K, 100% used [0x00000005e6000000, 0x00000005e8000000)
AC   0  O    TS     0 PTAMS 0x00000005ea000000 NTAMS 0x00000005ea000000 space 32768K, 100% used [0x00000005e8000000, 0x00000005ea000000)
AC   0  O    TS     0 PTAMS 0x00000005ec000000 NTAMS 0x00000005ec000000 space 32768K, 100% used [0x00000005ea000000, 0x00000005ec000000)
AC   0  O    TS     0 PTAMS 0x00000005ee000000 NTAMS 0x00000005ee000000 space 32768K, 100% used [0x00000005ec000000, 0x00000005ee000000)
AC   0  O    TS     0 PTAMS 0x00000005f0000000 NTAMS 0x00000005f0000000 space 32768K, 100% used [0x00000005ee000000, 0x00000005f0000000)
AC   0  O    TS     0 PTAMS 0x00000005f2000000 NTAMS 0x00000005f2000000 space 32768K, 100% used [0x00000005f0000000, 0x00000005f2000000)
AC   0  O    TS     0 PTAMS 0x00000005f4000000 NTAMS 0x00000005f4000000 space 32768K, 100% used [0x00000005f2000000, 0x00000005f4000000)
AC   0  O    TS     0 PTAMS 0x00000005f6000000 NTAMS 0x00000005f6000000 space 32768K, 100% used [0x00000005f4000000, 0x00000005f6000000)
AC   0  O    TS     0 PTAMS 0x00000005f8000000 NTAMS 0x00000005f8000000 space 32768K, 100% used [0x00000005f6000000, 0x00000005f8000000)
AC   0  O    TS     0 PTAMS 0x00000005fa000000 NTAMS 0x00000005fa000000 space 32768K, 100% used [0x00000005f8000000, 0x00000005fa000000)
AC   0  O    TS     0 PTAMS 0x00000005fc000000 NTAMS 0x00000005fc000000 space 32768K, 100% used [0x00000005fa000000, 0x00000005fc000000)
AC   0  O    TS     0 PTAMS 0x00000005fe000000 NTAMS 0x00000005fe000000 space 32768K, 100% used [0x00000005fc000000, 0x00000005fe000000)
AC   0  O    TS     0 PTAMS 0x0000000600000000 NTAMS 0x0000000600000000 space 32768K, 100% used [0x00000005fe000000, 0x0000000600000000)
AC   0 HS    TS     0 PTAMS 0x0000000608000010 NTAMS 0x0000000608000010 space 163840K,  80% used [0x0000000600000000, 0x000000060a000000)
AC   0 HC    TS     0 PTAMS 0x0000000602000000 NTAMS 0x0000000602000000 space 32768K, 100% used [0x0000000602000000, 0x0000000604000000)
AC   0 HC    TS     0 PTAMS 0x0000000604000000 NTAMS 0x0000000604000000 space 32768K, 100% used [0x0000000604000000, 0x0000000606000000)
AC   0 HC    TS     0 PTAMS 0x0000000606000000 NTAMS 0x0000000606000000 space 32768K, 100% used [0x0000000606000000, 0x0000000608000000)
AC   0 HC    TS     0 PTAMS 0x0000000608000000 NTAMS 0x0000000608000000 space 32768K,   0% used [0x0000000608000000, 0x000000060a000000)
AC   0  O    TS     0 PTAMS 0x000000060c000000 NTAMS 0x000000060c000000 space 32768K, 100% used [0x000000060a000000, 0x000000060c000000)
AC   0  O    TS     0 PTAMS 0x000000060e000000 NTAMS 0x000000060e000000 space 32768K, 100% used [0x000000060c000000, 0x000000060e000000)
AC   0  O    TS     0 PTAMS 0x0000000610000000 NTAMS 0x0000000610000000 space 32768K, 100% used [0x000000060e000000, 0x0000000610000000)
AC   0  O    TS     0 PTAMS 0x0000000612000000 NTAMS 0x0000000612000000 space 32768K, 100% used [0x0000000610000000, 0x0000000612000000)
AC   0  O    TS     0 PTAMS 0x0000000614000000 NTAMS 0x0000000614000000 space 32768K, 100% used [0x0000000612000000, 0x0000000614000000)
AC   0  O    TS     0 PTAMS 0x0000000616000000 NTAMS 0x0000000616000000 space 32768K, 100% used [0x0000000614000000, 0x0000000616000000)
AC   0  O    TS     0 PTAMS 0x0000000618000000 NTAMS 0x0000000618000000 space 32768K, 100% used [0x0000000616000000, 0x0000000618000000)
AC   0  O    TS     0 PTAMS 0x000000061a000000 NTAMS 0x000000061a000000 space 32768K, 100% used [0x0000000618000000, 0x000000061a000000)
AC   0  O    TS     3 PTAMS 0x000000061ae84a00 NTAMS 0x000000061ae84a00 space 32768K,  45% used [0x000000061a000000, 0x000000061c000000)
AC   0  O    TS     0 PTAMS 0x000000061e000000 NTAMS 0x000000061e000000 space 32768K, 100% used [0x000000061c000000, 0x000000061e000000)
AC   0  O    TS     0 PTAMS 0x0000000620000000 NTAMS 0x0000000620000000 space 32768K, 100% used [0x000000061e000000, 0x0000000620000000)
AC   0  O    TS     0 PTAMS 0x0000000622000000 NTAMS 0x0000000622000000 space 32768K, 100% used [0x0000000620000000, 0x0000000622000000)
AC   0  O    TS     0 PTAMS 0x0000000624000000 NTAMS 0x0000000624000000 space 32768K, 100% used [0x0000000622000000, 0x0000000624000000)
AC   0  O    TS     0 PTAMS 0x0000000626000000 NTAMS 0x0000000626000000 space 32768K, 100% used [0x0000000624000000, 0x0000000626000000)
AC   0  F    TS     0 PTAMS 0x0000000626000000 NTAMS 0x0000000626000000 space 32768K,   0% used [0x0000000626000000, 0x0000000628000000)
AC   0  F    TS     0 PTAMS 0x0000000628000000 NTAMS 0x0000000628000000 space 32768K,   0% used [0x0000000628000000, 0x000000062a000000)
AC   0  O    TS     0 PTAMS 0x000000062c000000 NTAMS 0x000000062c000000 space 32768K, 100% used [0x000000062a000000, 0x000000062c000000)
AC   0  O    TS     0 PTAMS 0x000000062e000000 NTAMS 0x000000062e000000 space 32768K, 100% used [0x000000062c000000, 0x000000062e000000)
AC   0  F    TS     0 PTAMS 0x000000062e000000 NTAMS 0x000000062e000000 space 32768K,   0% used [0x000000062e000000, 0x0000000630000000)
AC   0  F    TS     0 PTAMS 0x0000000630000000 NTAMS 0x0000000630000000 space 32768K,   0% used [0x0000000630000000, 0x0000000632000000)
AC   0  S CS TS     3 PTAMS 0x0000000632000000 NTAMS 0x0000000632000000 space 32768K,  25% used [0x0000000632000000, 0x0000000634000000)
AC   0  F    TS     1 PTAMS 0x0000000634000000 NTAMS 0x0000000634000000 space 32768K,   0% used [0x0000000634000000, 0x0000000636000000)
AC   0  S CS TS     3 PTAMS 0x0000000636000000 NTAMS 0x0000000636000000 space 32768K, 100% used [0x0000000636000000, 0x0000000638000000)
AC   0  F    TS     1 PTAMS 0x0000000638000000 NTAMS 0x0000000638000000 space 32768K,   0% used [0x0000000638000000, 0x000000063a000000)
AC   0  F    TS     0 PTAMS 0x000000063a000000 NTAMS 0x000000063a000000 space 32768K,   0% used [0x000000063a000000, 0x000000063c000000)
AC   0  F    TS     0 PTAMS 0x000000063c000000 NTAMS 0x000000063c000000 space 32768K,   0% used [0x000000063c000000, 0x000000063e000000)
AC   0  E    TS     0 PTAMS 0x000000063e000000 NTAMS 0x000000063e000000 space 32768K,  67% used [0x000000063e000000, 0x0000000640000000)
AC   0  E CS TS     0 PTAMS 0x0000000640000000 NTAMS 0x0000000640000000 space 32768K, 100% used [0x0000000640000000, 0x0000000642000000)
AC   0  E CS TS     0 PTAMS 0x0000000642000000 NTAMS 0x0000000642000000 space 32768K, 100% used [0x0000000642000000, 0x0000000644000000)
AC   0  E CS TS     0 PTAMS 0x0000000644000000 NTAMS 0x0000000644000000 space 32768K, 100% used [0x0000000644000000, 0x0000000646000000)
AC   0  E CS TS     0 PTAMS 0x0000000646000000 NTAMS 0x0000000646000000 space 32768K, 100% used [0x0000000646000000, 0x0000000648000000)
AC   0  E CS TS     0 PTAMS 0x0000000648000000 NTAMS 0x0000000648000000 space 32768K, 100% used [0x0000000648000000, 0x000000064a000000)
AC   0  E CS TS     0 PTAMS 0x000000064a000000 NTAMS 0x000000064a000000 space 32768K, 100% used [0x000000064a000000, 0x000000064c000000)
AC   0  E CS TS     0 PTAMS 0x000000064c000000 NTAMS 0x000000064c000000 space 32768K, 100% used [0x000000064c000000, 0x000000064e000000)
AC   0  E CS TS     0 PTAMS 0x000000064e000000 NTAMS 0x000000064e000000 space 32768K, 100% used [0x000000064e000000, 0x0000000650000000)
AC   0  E CS TS     0 PTAMS 0x0000000650000000 NTAMS 0x0000000650000000 space 32768K, 100% used [0x0000000650000000, 0x0000000652000000)

Card table byte_map: [0x0000000015780000,0x0000000016780000] byte_map_base: 0x0000000012980000

Marking Bits (Prev, Next): (CMBitMap*) 0x00000000033b1a40, (CMBitMap*) 0x00000000033b19e8
 Prev Bits: [0x000000001f780000, 0x0000000027780000)
 Next Bits: [0x0000000017780000, 0x000000001f780000)

Polling page: 0x00000000018e0000

CodeCache: size=245760Kb used=170366Kb max_used=170804Kb free=75393Kb
 bounds [0x0000000003420000, 0x000000000dc60000, 0x0000000012420000]
 total_blobs=39059 nmethods=37036 adapters=1930
 compilation: enabled

Compilation events (10 events):
Event: 10884.478 Thread 0x000000002c6cd800 nmethod 58674 0x000000000b697490 code [0x000000000b697600, 0x000000000b697828]
Event: 10884.781 Thread 0x000000002c6bc800 58675       4       kotlin.collections.MapsKt__MapsKt::putAll (65 bytes)
Event: 10884.820 Thread 0x000000002c6bc800 nmethod 58675 0x0000000009b09a50 code [0x0000000009b09ca0, 0x0000000009b0c710]
Event: 10885.533 Thread 0x000000002c6b4800 58676       4       net.minecraftforge.fml.common.eventhandler.ASMEventHandler_1530_BetterSignEditing_onTick_LorenzTickEvent::invoke (15 bytes)
Event: 10885.543 Thread 0x000000002c6b4800 nmethod 58676 0x000000000c79d710 code [0x000000000c79d980, 0x000000000c79f1a8]
Event: 10887.328 Thread 0x000000002c6cd800 58677       3       io.github.moulberry.notenoughupdates.util.PetLeveling$PetLevel::setExpTotal (6 bytes)
Event: 10887.329 Thread 0x000000002c6cd800 nmethod 58677 0x0000000009596350 code [0x00000000095964a0, 0x00000000095965f0]
Event: 10888.370 Thread 0x000000002c6cd800 58678       1       io.github.moulberry.notenoughupdates.util.PetLeveling$PetLevel::getExpTotal (5 bytes)
Event: 10888.371 Thread 0x000000002c6cd800 nmethod 58678 0x000000000480b010 code [0x000000000480b160, 0x000000000480b270]
Event: 10889.423 Thread 0x000000002c6b1800 58679   !   4       io.github.moulberry.notenoughupdates.miscfeatures.PetInfoOverlay::updatePetLevels (753 bytes)

GC Heap History (10 events):
Event: 10877.667 GC heap before
{Heap before GC invocations=3077 (full 0):
 garbage-first heap   total 2392064K, used 2112990K [0x00000005c0000000, 0x00000005c2000248, 0x00000007c0000000)
  region size 32768K, 14 young (458752K), 2 survivors (65536K)
 Metaspace       used 190942K, capacity 213097K, committed 213344K, reserved 1230848K
  class space    used 21153K, capacity 31030K, committed 31176K, reserved 1048576K
Event: 10877.674 GC heap after
Heap after GC invocations=3078 (full 0):
 garbage-first heap   total 2392064K, used 1707435K [0x00000005c0000000, 0x00000005c2000248, 0x00000007c0000000)
  region size 32768K, 2 young (65536K), 2 survivors (65536K)
 Metaspace       used 190942K, capacity 213097K, committed 213344K, reserved 1230848K
  class space    used 21153K, capacity 31030K, committed 31176K, reserved 1048576K
}
Event: 10879.911 GC heap before
{Heap before GC invocations=3078 (full 0):
 garbage-first heap   total 2392064K, used 2100651K [0x00000005c0000000, 0x00000005c2000248, 0x00000007c0000000)
  region size 32768K, 14 young (458752K), 2 survivors (65536K)
 Metaspace       used 190942K, capacity 213097K, committed 213344K, reserved 1230848K
  class space    used 21153K, capacity 31030K, committed 31176K, reserved 1048576K
Event: 10879.918 GC heap after
Heap after GC invocations=3079 (full 0):
 garbage-first heap   total 2392064K, used 1716923K [0x00000005c0000000, 0x00000005c2000248, 0x00000007c0000000)
  region size 32768K, 2 young (65536K), 2 survivors (65536K)
 Metaspace       used 190942K, capacity 213097K, committed 213344K, reserved 1230848K
  class space    used 21153K, capacity 31030K, committed 31176K, reserved 1048576K
}
Event: 10881.684 GC heap before
{Heap before GC invocations=3079 (full 0):
 garbage-first heap   total 2392064K, used 2110139K [0x00000005c0000000, 0x00000005c2000248, 0x00000007c0000000)
  region size 32768K, 14 young (458752K), 2 survivors (65536K)
 Metaspace       used 190943K, capacity 213097K, committed 213344K, reserved 1230848K
  class space    used 21153K, capacity 31030K, committed 31176K, reserved 1048576K
Event: 10881.694 GC heap after
Heap after GC invocations=3080 (full 0):
 garbage-first heap   total 2392064K, used 1708816K [0x00000005c0000000, 0x00000005c2000248, 0x00000007c0000000)
  region size 32768K, 2 young (65536K), 2 survivors (65536K)
 Metaspace       used 190943K, capacity 213097K, committed 213344K, reserved 1230848K
  class space    used 21153K, capacity 31030K, committed 31176K, reserved 1048576K
}
Event: 10884.180 GC heap before
{Heap before GC invocations=3081 (full 0):
 garbage-first heap   total 2392064K, used 2102032K [0x00000005c0000000, 0x00000005c2000248, 0x00000007c0000000)
  region size 32768K, 14 young (458752K), 2 survivors (65536K)
 Metaspace       used 190944K, capacity 213097K, committed 213344K, reserved 1230848K
  class space    used 21153K, capacity 31030K, committed 31176K, reserved 1048576K
Event: 10884.187 GC heap after
Heap after GC invocations=3082 (full 0):
 garbage-first heap   total 2392064K, used 1717086K [0x00000005c0000000, 0x00000005c2000248, 0x00000007c0000000)
  region size 32768K, 2 young (65536K), 2 survivors (65536K)
 Metaspace       used 190944K, capacity 213097K, committed 213344K, reserved 1230848K
  class space    used 21153K, capacity 31030K, committed 31176K, reserved 1048576K
}
Event: 10886.373 GC heap before
{Heap before GC invocations=3082 (full 0):
 garbage-first heap   total 2392064K, used 2110302K [0x00000005c0000000, 0x00000005c2000248, 0x00000007c0000000)
  region size 32768K, 14 young (458752K), 2 survivors (65536K)
 Metaspace       used 190944K, capacity 213097K, committed 213344K, reserved 1230848K
  class space    used 21153K, capacity 31030K, committed 31176K, reserved 1048576K
Event: 10886.381 GC heap after
Heap after GC invocations=3083 (full 0):
 garbage-first heap   total 2392064K, used 1710653K [0x00000005c0000000, 0x00000005c2000248, 0x00000007c0000000)
  region size 32768K, 2 young (65536K), 2 survivors (65536K)
 Metaspace       used 190944K, capacity 213097K, committed 213344K, reserved 1230848K
  class space    used 21153K, capacity 31030K, committed 31176K, reserved 1048576K
}

Deoptimization events (10 events):
Event: 10849.952 Thread 0x00000000a47b9800 Uncommon trap: reason=bimorphic action=maybe_recompile pc=0x0000000004a22940 method=kotlin.collections.MapsKt__MapsKt.toMap(Ljava/lang/Iterable;)Ljava/util/Map; @ 17
Event: 10849.952 Thread 0x00000000a47b9800 Uncommon trap: reason=class_check action=maybe_recompile pc=0x0000000007d529fc method=kotlin.collections.MapsKt__MapsKt.putAll(Ljava/util/Map;Ljava/lang/Iterable;)V @ 13
Event: 10867.752 Thread 0x0000000003324800 Uncommon trap: reason=bimorphic action=maybe_recompile pc=0x00000000041ba024 method=java.util.HashMap.putVal(ILjava/lang/Object;Ljava/lang/Object;ZZ)Ljava/lang/Object; @ 253
Event: 10872.255 Thread 0x0000000003324800 Uncommon trap: reason=bimorphic action=maybe_recompile pc=0x00000000041ba024 method=java.util.HashMap.putVal(ILjava/lang/Object;Ljava/lang/Object;ZZ)Ljava/lang/Object; @ 253
Event: 10874.184 Thread 0x0000000003324800 Uncommon trap: reason=class_check action=maybe_recompile pc=0x000000000dc2b878 method=gg.essential.cosmetics.CosmeticsState.<init>(Lgg/essential/mod/Model;Ljava/util/Map;Ljava/util/Map;Ljava/util/Set;)V @ 1349
Event: 10876.748 Thread 0x0000000003324800 Uncommon trap: reason=class_check action=maybe_recompile pc=0x000000000d5d6890 method=gg.essential.cosmetics.CosmeticsState.getPositionAdjustment(Lgg/essential/network/cosmetics/Cosmetic;)Lgg/essential/model/Vector3; @ 15
Event: 10876.748 Thread 0x0000000003324800 Uncommon trap: reason=class_check action=maybe_recompile pc=0x000000000d5d6890 method=gg.essential.cosmetics.CosmeticsState.getPositionAdjustment(Lgg/essential/network/cosmetics/Cosmetic;)Lgg/essential/model/Vector3; @ 15
Event: 10876.764 Thread 0x0000000003324800 Uncommon trap: reason=class_check action=maybe_recompile pc=0x000000000d5d6890 method=gg.essential.cosmetics.CosmeticsState.getPositionAdjustment(Lgg/essential/network/cosmetics/Cosmetic;)Lgg/essential/model/Vector3; @ 15
Event: 10876.764 Thread 0x0000000003324800 Uncommon trap: reason=class_check action=maybe_recompile pc=0x000000000d5d6890 method=gg.essential.cosmetics.CosmeticsState.getPositionAdjustment(Lgg/essential/network/cosmetics/Cosmetic;)Lgg/essential/model/Vector3; @ 15
Event: 10876.774 Thread 0x0000000003324800 Uncommon trap: reason=class_check action=maybe_recompile pc=0x000000000dc2b878 method=gg.essential.cosmetics.CosmeticsState.<init>(Lgg/essential/mod/Model;Ljava/util/Map;Ljava/util/Map;Ljava/util/Set;)V @ 1349

Internal exceptions (10 events):
Event: 10889.337 Thread 0x00000000a4c6d000 Exception <a 'java/lang/InterruptedException': sleep interrupted> (0x000000063e73cd78) thrown at [C:\re\workspace\8-2-build-windows-amd64-cygwin\jdk8u51\3951\hotspot\src\share\vm\prims\jvm.cpp, line 3211]
Event: 10889.347 Thread 0x00000000a4c6d000 Exception <a 'java/lang/InterruptedException': sleep interrupted> (0x000000063e73cf78) thrown at [C:\re\workspace\8-2-build-windows-amd64-cygwin\jdk8u51\3951\hotspot\src\share\vm\prims\jvm.cpp, line 3211]
Event: 10889.355 Thread 0x00000000a4c6d000 Exception <a 'java/lang/InterruptedException': sleep interrupted> (0x000000063ee2aa38) thrown at [C:\re\workspace\8-2-build-windows-amd64-cygwin\jdk8u51\3951\hotspot\src\share\vm\prims\jvm.cpp, line 3211]
Event: 10889.374 Thread 0x00000000a4c6d000 Exception <a 'java/lang/InterruptedException': sleep interrupted> (0x000000063ee2ac38) thrown at [C:\re\workspace\8-2-build-windows-amd64-cygwin\jdk8u51\3951\hotspot\src\share\vm\prims\jvm.cpp, line 3211]
Event: 10889.386 Thread 0x00000000a4c6d000 Exception <a 'java/lang/InterruptedException': sleep interrupted> (0x000000063ee2ae38) thrown at [C:\re\workspace\8-2-build-windows-amd64-cygwin\jdk8u51\3951\hotspot\src\share\vm\prims\jvm.cpp, line 3211]
Event: 10889.397 Thread 0x00000000a4c6d000 Exception <a 'java/lang/InterruptedException': sleep interrupted> (0x000000063ee2b038) thrown at [C:\re\workspace\8-2-build-windows-amd64-cygwin\jdk8u51\3951\hotspot\src\share\vm\prims\jvm.cpp, line 3211]
Event: 10889.409 Thread 0x00000000a4c6d000 Exception <a 'java/lang/InterruptedException': sleep interrupted> (0x000000063ee78a08) thrown at [C:\re\workspace\8-2-build-windows-amd64-cygwin\jdk8u51\3951\hotspot\src\share\vm\prims\jvm.cpp, line 3211]
Event: 10889.428 Thread 0x00000000a4c6d000 Exception <a 'java/lang/InterruptedException': sleep interrupted> (0x000000063ee78c08) thrown at [C:\re\workspace\8-2-build-windows-amd64-cygwin\jdk8u51\3951\hotspot\src\share\vm\prims\jvm.cpp, line 3211]
Event: 10889.441 Thread 0x00000000a4c6d000 Exception <a 'java/lang/InterruptedException': sleep interrupted> (0x000000063ee78e08) thrown at [C:\re\workspace\8-2-build-windows-amd64-cygwin\jdk8u51\3951\hotspot\src\share\vm\prims\jvm.cpp, line 3211]
Event: 10889.450 Thread 0x00000000a4c6d000 Exception <a 'java/lang/InterruptedException': sleep interrupted> (0x000000063ee79008) thrown at [C:\re\workspace\8-2-build-windows-amd64-cygwin\jdk8u51\3951\hotspot\src\share\vm\prims\jvm.cpp, line 3211]

Events (10 events):
Event: 10886.033 Executing VM operation: RevokeBias done
Event: 10886.372 Executing VM operation: G1IncCollectionPause
Event: 10886.381 Executing VM operation: G1IncCollectionPause done
Event: 10886.462 Executing VM operation: RevokeBias
Event: 10886.463 Executing VM operation: RevokeBias done
Event: 10886.463 Executing VM operation: RevokeBias
Event: 10886.463 Executing VM operation: RevokeBias done
Event: 10887.033 Executing VM operation: RevokeBias
Event: 10887.034 Executing VM operation: RevokeBias done
Event: 10887.034 Thread 0x0000000034a56000 Thread exited: 0x0000000034a56000


Dynamic libraries:
0x00007ff633000000 - 0x00007ff633037000 	\AppData\Local\Packages\Microsoft.4297127D64EC6_8wekyb3d8bbwe\LocalCache\Local\runtime\jre-legacy\windows-x64\jre-legacy\bin\javaw.exe
0x00007ffe50250000 - 0x00007ffe50467000 	C:\WINDOWS\SYSTEM32\ntdll.dll
0x00007ffe4f5f0000 - 0x00007ffe4f6b4000 	C:\WINDOWS\System32\KERNEL32.DLL
0x00007ffe4d570000 - 0x00007ffe4d91d000 	C:\WINDOWS\System32\KERNELBASE.dll
0x00007ffe4f530000 - 0x00007ffe4f5e2000 	C:\WINDOWS\System32\ADVAPI32.dll
0x00007ffe4f2e0000 - 0x00007ffe4f387000 	C:\WINDOWS\System32\msvcrt.dll
0x00007ffe4df80000 - 0x00007ffe4e029000 	C:\WINDOWS\System32\sechost.dll
0x00007ffe4db80000 - 0x00007ffe4dba8000 	C:\WINDOWS\System32\bcrypt.dll
0x00007ffe4e2f0000 - 0x00007ffe4e404000 	C:\WINDOWS\System32\RPCRT4.dll
0x00007ffe50040000 - 0x00007ffe501ee000 	C:\WINDOWS\System32\USER32.dll
0x00007ffe4dbb0000 - 0x00007ffe4dbd6000 	C:\WINDOWS\System32\win32u.dll
0x00007ffe4fce0000 - 0x00007ffe4fd09000 	C:\WINDOWS\System32\GDI32.dll
0x00007ffe4dd50000 - 0x00007ffe4de69000 	C:\WINDOWS\System32\gdi32full.dll
0x00007ffe4dee0000 - 0x00007ffe4df7a000 	C:\WINDOWS\System32\msvcp_win.dll
0x00007ffe4d920000 - 0x00007ffe4da31000 	C:\WINDOWS\System32\ucrtbase.dll
0x00007ffe31530000 - 0x00007ffe317c3000 	C:\WINDOWS\WinSxS\amd64_microsoft.windows.common-controls_6595b64144ccf1df_6.0.22621.3672_none_2713b9d173822955\COMCTL32.dll
0x00007ffe4f4f0000 - 0x00007ffe4f521000 	C:\WINDOWS\System32\IMM32.DLL
0x0000000050510000 - 0x00000000505e2000 	\AppData\Local\Packages\Microsoft.4297127D64EC6_8wekyb3d8bbwe\LocalCache\Local\runtime\jre-legacy\windows-x64\jre-legacy\bin\msvcr100.dll
0x0000000077770000 - 0x0000000077ff3000 	\AppData\Local\Packages\Microsoft.4297127D64EC6_8wekyb3d8bbwe\LocalCache\Local\runtime\jre-legacy\windows-x64\jre-legacy\bin\server\jvm.dll
0x00007ffe50030000 - 0x00007ffe50038000 	C:\WINDOWS\System32\PSAPI.DLL
0x00007ffe479a0000 - 0x00007ffe479d4000 	C:\WINDOWS\SYSTEM32\WINMM.dll
0x00007ffe43690000 - 0x00007ffe4369a000 	C:\WINDOWS\SYSTEM32\VERSION.dll
0x00007ffe1be30000 - 0x00007ffe1be39000 	C:\WINDOWS\SYSTEM32\WSOCK32.dll
0x00007ffe4f730000 - 0x00007ffe4f7a1000 	C:\WINDOWS\System32\WS2_32.dll
0x0000000050500000 - 0x000000005050f000 	\AppData\Local\Packages\Microsoft.4297127D64EC6_8wekyb3d8bbwe\LocalCache\Local\runtime\jre-legacy\windows-x64\jre-legacy\bin\verify.dll
0x00000000504d0000 - 0x00000000504f9000 	\AppData\Local\Packages\Microsoft.4297127D64EC6_8wekyb3d8bbwe\LocalCache\Local\runtime\jre-legacy\windows-x64\jre-legacy\bin\java.dll
0x00000000504b0000 - 0x00000000504c6000 	\AppData\Local\Packages\Microsoft.4297127D64EC6_8wekyb3d8bbwe\LocalCache\Local\runtime\jre-legacy\windows-x64\jre-legacy\bin\zip.dll
0x00007ffe4e490000 - 0x00007ffe4ecf7000 	C:\WINDOWS\System32\SHELL32.dll
0x00007ffe4b4b0000 - 0x00007ffe4bdaf000 	C:\WINDOWS\SYSTEM32\windows.storage.dll
0x00007ffe4f940000 - 0x00007ffe4fcce000 	C:\WINDOWS\System32\combase.dll
0x00007ffe4b370000 - 0x00007ffe4b4af000 	C:\WINDOWS\SYSTEM32\wintypes.dll
0x00007ffe4f3f0000 - 0x00007ffe4f4e9000 	C:\WINDOWS\System32\SHCORE.dll
0x00007ffe4f6d0000 - 0x00007ffe4f72e000 	C:\WINDOWS\System32\shlwapi.dll
0x00007ffe4d4a0000 - 0x00007ffe4d4c7000 	C:\WINDOWS\SYSTEM32\profapi.dll
0x00000000504a0000 - 0x00000000504ad000 	\AppData\Local\Packages\Microsoft.4297127D64EC6_8wekyb3d8bbwe\LocalCache\Local\runtime\jre-legacy\windows-x64\jre-legacy\bin\management.dll
0x0000000050480000 - 0x000000005049a000 	\AppData\Local\Packages\Microsoft.4297127D64EC6_8wekyb3d8bbwe\LocalCache\Local\runtime\jre-legacy\windows-x64\jre-legacy\bin\net.dll
0x00007ffe4cad0000 - 0x00007ffe4cb39000 	C:\WINDOWS\system32\mswsock.dll
0x0000000050460000 - 0x0000000050471000 	\AppData\Local\Packages\Microsoft.4297127D64EC6_8wekyb3d8bbwe\LocalCache\Local\runtime\jre-legacy\windows-x64\jre-legacy\bin\nio.dll
0x00007ffe4ce20000 - 0x00007ffe4ce3b000 	C:\WINDOWS\SYSTEM32\CRYPTSP.dll
0x00007ffe4c5d0000 - 0x00007ffe4c605000 	C:\WINDOWS\system32\rsaenh.dll
0x00007ffe4cb70000 - 0x00007ffe4cb98000 	C:\WINDOWS\SYSTEM32\USERENV.dll
0x00007ffe4da40000 - 0x00007ffe4dabb000 	C:\WINDOWS\System32\bcryptprimitives.dll
0x00007ffe4ce00000 - 0x00007ffe4ce0c000 	C:\WINDOWS\SYSTEM32\CRYPTBASE.dll
0x00007ffe4c0c0000 - 0x00007ffe4c0ed000 	C:\WINDOWS\SYSTEM32\IPHLPAPI.DLL
0x00007ffe4f6c0000 - 0x00007ffe4f6c9000 	C:\WINDOWS\System32\NSI.dll
0x00007ffe488b0000 - 0x00007ffe488c9000 	C:\WINDOWS\SYSTEM32\dhcpcsvc6.DLL
0x00007ffe48890000 - 0x00007ffe488af000 	C:\WINDOWS\SYSTEM32\dhcpcsvc.DLL
0x00007ffe4c0f0000 - 0x00007ffe4c1e8000 	C:\WINDOWS\SYSTEM32\DNSAPI.dll
0x00007ffe32e70000 - 0x00007ffe32e7a000 	\AppData\Local\Temp\jansi-64-2881038202755890816.dll
0x00007ffe477f0000 - 0x00007ffe47807000 	C:\WINDOWS\system32\napinsp.dll
0x00007ffe477d0000 - 0x00007ffe477eb000 	C:\WINDOWS\system32\pnrpnsp.dll
0x00007ffe477b0000 - 0x00007ffe477c1000 	C:\WINDOWS\System32\winrnr.dll
0x00007ffe48270000 - 0x00007ffe48285000 	C:\WINDOWS\system32\wshbth.dll
0x00007ffe47780000 - 0x00007ffe477a7000 	C:\WINDOWS\system32\nlansp_c.dll
0x00007ffe48c00000 - 0x00007ffe48c0a000 	C:\Windows\System32\rasadhlp.dll
0x00007ffe48110000 - 0x00007ffe48193000 	C:\WINDOWS\System32\fwpuclnt.dll
0x00000000502c0000 - 0x0000000050458000 	\AppData\Local\Packages\Microsoft.4297127D64EC6_8wekyb3d8bbwe\LocalCache\Local\runtime\jre-legacy\windows-x64\jre-legacy\bin\awt.dll
0x00007ffe4f7b0000 - 0x00007ffe4f887000 	C:\WINDOWS\System32\OLEAUT32.dll
0x00007ffe47c30000 - 0x00007ffe47cc7000 	C:\WINDOWS\SYSTEM32\apphelp.dll
0x0000000050290000 - 0x00000000502b4000 	\AppData\Local\Packages\Microsoft.4297127D64EC6_8wekyb3d8bbwe\LocalCache\Local\runtime\jre-legacy\windows-x64\jre-legacy\bin\sunec.dll
0x00007ffe063d0000 - 0x00007ffe0672e000 	\AppData\Local\Temp\com_aayushatharva_brotli4j_17566819966600\brotli.dll
0x00007ffe34710000 - 0x00007ffe3472e000 	C:\WINDOWS\SYSTEM32\VCRUNTIME140.dll
0x00007ffe342e0000 - 0x00007ffe342ec000 	C:\WINDOWS\SYSTEM32\VCRUNTIME140_1.dll
0x0000000050280000 - 0x000000005028b000 	\AppData\Local\Packages\Microsoft.4297127D64EC6_8wekyb3d8bbwe\LocalCache\Local\runtime\jre-legacy\windows-x64\jre-legacy\bin\sunmscapi.dll
0x00007ffe4dbe0000 - 0x00007ffe4dd46000 	C:\WINDOWS\System32\CRYPT32.dll
0x0000000050260000 - 0x0000000050277000 	\AppData\Local\Packages\Microsoft.4297127D64EC6_8wekyb3d8bbwe\LocalCache\Local\runtime\jre-legacy\windows-x64\jre-legacy\bin\unpack.dll
0x0000000050210000 - 0x0000000050257000 	\AppData\Local\Packages\Microsoft.4297127D64EC6_8wekyb3d8bbwe\LocalCache\Local\runtime\jre-legacy\windows-x64\jre-legacy\bin\fontmanager.dll
0x00007ffe4ac50000 - 0x00007ffe4ac7b000 	C:\WINDOWS\system32\DWMAPI.DLL
0x00007ffe4a9c0000 - 0x00007ffe4aa71000 	C:\WINDOWS\system32\uxtheme.dll
0x00007ffe4ed00000 - 0x00007ffe4ee5e000 	C:\WINDOWS\System32\MSCTF.dll
0x00007ffe4e130000 - 0x00007ffe4e2d5000 	C:\WINDOWS\System32\ole32.dll
0x00007ffe4c670000 - 0x00007ffe4c688000 	C:\WINDOWS\SYSTEM32\kernel.appcore.dll
0x00007ffe47a80000 - 0x00007ffe47c28000 	C:\WINDOWS\system32\d3d9.dll
0x00007ffe4acc0000 - 0x00007ffe4acf7000 	C:\WINDOWS\SYSTEM32\dxcore.dll
0x00007ffe41890000 - 0x00007ffe41a4b000 	C:\WINDOWS\System32\DriverStore\FileRepository\u0400376.inf_amd64_fdce69582fa3a6b8\B400781\aticfx64.dll
0x00007ffdfa6c0000 - 0x00007ffdfa6f4000 	C:\WINDOWS\System32\DriverStore\FileRepository\u0400376.inf_amd64_fdce69582fa3a6b8\B400781\atiu9p64.dll
0x00007ffdf9970000 - 0x00007ffdfa6b7000 	C:\WINDOWS\System32\DriverStore\FileRepository\u0400376.inf_amd64_fdce69582fa3a6b8\B400781\atiumd64.dll
0x00007ffe421d0000 - 0x00007ffe42402000 	C:\WINDOWS\SYSTEM32\dbghelp.dll
0x00007ffe3c3f0000 - 0x00007ffe3c422000 	C:\WINDOWS\SYSTEM32\dbgcore.DLL
0x0000000050620000 - 0x0000000051533000 	C:\WINDOWS\System32\DriverStore\FileRepository\u0400376.inf_amd64_fdce69582fa3a6b8\B400781\atiumd6a.dll
0x00007ffe4ee60000 - 0x00007ffe4f2d4000 	C:\WINDOWS\System32\SETUPAPI.dll
0x00007ffe4c3e0000 - 0x00007ffe4c42d000 	C:\WINDOWS\SYSTEM32\POWRPROF.dll
0x00007ffe4c3c0000 - 0x00007ffe4c3d3000 	C:\WINDOWS\SYSTEM32\UMPDC.dll
0x00007ffe3e830000 - 0x00007ffe3e865000 	C:\WINDOWS\SYSTEM32\amdihk64.dll
0x00007ffe45010000 - 0x00007ffe45059000 	C:\WINDOWS\SYSTEM32\directxdatabasehelper.dll
0x00000000501c0000 - 0x0000000050202000 	\AppData\Local\Packages\Microsoft.4297127D64EC6_8wekyb3d8bbwe\LocalCache\Local\runtime\jre-legacy\windows-x64\jre-legacy\bin\t2k.dll
0x00007ffe4e080000 - 0x00007ffe4e130000 	C:\WINDOWS\System32\clbcatq.dll
0x00007ffe4a7c0000 - 0x00007ffe4a971000 	C:\WINDOWS\SYSTEM32\WindowsCodecs.dll
0x00007ffe49900000 - 0x00007ffe4995e000 	C:\WINDOWS\system32\dataexchange.dll
0x00007ffe41bb0000 - 0x00007ffe41e3a000 	C:\WINDOWS\system32\twinapi.appcore.dll
0x0000000180000000 - 0x0000000180053000 	\AppData\Roaming\.minecraft\bin\a0ab3dab4e2fd7870214f639430bda9dc492f493\lwjgl64.dll
0x00007ffdfc5e0000 - 0x00007ffdfc6e0000 	C:\WINDOWS\SYSTEM32\OPENGL32.dll
0x00007ffdfc0b0000 - 0x00007ffdfc0dd000 	C:\WINDOWS\SYSTEM32\GLU32.dll
0x00007ffe42500000 - 0x00007ffe425bd000 	C:\WINDOWS\SYSTEM32\mscms.dll
0x00007ffddb040000 - 0x00007ffddb08e000 	C:\Windows\System32\Windows.Internal.Graphics.Display.DisplayColorManagement.dll
0x00007ffe4d260000 - 0x00007ffe4d2ae000 	C:\WINDOWS\SYSTEM32\cfgmgr32.dll
0x00007ffe39040000 - 0x00007ffe39183000 	C:\WINDOWS\SYSTEM32\textinputframework.dll
0x00007ffe35bc0000 - 0x00007ffe35c29000 	C:\WINDOWS\system32\Oleacc.dll
0x00007ffe473c0000 - 0x00007ffe474f3000 	C:\WINDOWS\System32\CoreMessaging.dll
0x00007ffe48620000 - 0x00007ffe48762000 	C:\Windows\System32\AppXDeploymentClient.dll
0x00007ffe264b0000 - 0x00007ffe264de000 	C:\WINDOWS\System32\DriverStore\FileRepository\u0400376.inf_amd64_fdce69582fa3a6b8\B400781\atig6pxx.dll
0x00007ffda62e0000 - 0x00007ffdaa7bf000 	C:\WINDOWS\System32\DriverStore\FileRepository\u0400376.inf_amd64_fdce69582fa3a6b8\B400781\atio6axx.dll
0x00007ffe4d230000 - 0x00007ffe4d25c000 	C:\WINDOWS\SYSTEM32\DEVOBJ.dll
0x00007ffe4de70000 - 0x00007ffe4dedb000 	C:\WINDOWS\System32\WINTRUST.dll
0x00007ffe4ce70000 - 0x00007ffe4ce82000 	C:\WINDOWS\SYSTEM32\MSASN1.dll
0x00007ffe264e0000 - 0x00007ffe2652a000 	C:\WINDOWS\SYSTEM32\icm32.dll
0x00007ffe2f2b0000 - 0x00007ffe2f2fb000 	C:\WINDOWS\system32\ApplicationTargetedFeatureDatabase.dll
0x000000003b4c0000 - 0x000000003b4f8000 	\AppData\Local\Temp\jna\jna3601500972984961698.dll
0x0000000070a40000 - 0x0000000070adc000 	\AppData\Roaming\.minecraft\bin\a0ab3dab4e2fd7870214f639430bda9dc492f493\avutil-ttv-51.dll
0x0000000065980000 - 0x00000000659d6000 	\AppData\Roaming\.minecraft\bin\a0ab3dab4e2fd7870214f639430bda9dc492f493\swresample-ttv-0.dll
0x000000006eb80000 - 0x000000006ec50000 	\AppData\Roaming\.minecraft\bin\a0ab3dab4e2fd7870214f639430bda9dc492f493\libmp3lame-ttv.dll
0x00007ffda4110000 - 0x00007ffda54b4000 	\AppData\Roaming\.minecraft\bin\a0ab3dab4e2fd7870214f639430bda9dc492f493\libmfxsw64.dll
0x00007ffe06260000 - 0x00007ffe063cd000 	\AppData\Roaming\.minecraft\bin\a0ab3dab4e2fd7870214f639430bda9dc492f493\twitchsdk.dll
0x00007ffe33de0000 - 0x00007ffe342de000 	C:\WINDOWS\SYSTEM32\WININET.dll
0x000000004aaa0000 - 0x000000004ab04000 	\AppData\Roaming\.minecraft\bin\a0ab3dab4e2fd7870214f639430bda9dc492f493\OpenAL64.dll
0x00007ffe3e6e0000 - 0x00007ffe3e77e000 	C:\WINDOWS\System32\MMDevApi.dll
0x00007ffddac20000 - 0x00007ffddacc2000 	C:\WINDOWS\SYSTEM32\dsound.dll
0x00007ffda4050000 - 0x00007ffda4101000 	C:\WINDOWS\SYSTEM32\ResampleDmo.DLL
0x00007ffe35de0000 - 0x00007ffe35e09000 	C:\WINDOWS\SYSTEM32\winmmbase.dll
0x00007ffe0b790000 - 0x00007ffe0b79b000 	C:\WINDOWS\SYSTEM32\msdmo.dll
0x00007ffe3d230000 - 0x00007ffe3d41d000 	C:\WINDOWS\SYSTEM32\AUDIOSES.DLL
0x00007ffe4af70000 - 0x00007ffe4af85000 	C:\WINDOWS\SYSTEM32\resourcepolicyclient.dll
0x00007ffde0740000 - 0x00007ffde0af8000 	\AppData\Roaming\.minecraft\skyclient\discord_game_sdk.dll
0x00007ffe37a70000 - 0x00007ffe37a7b000 	C:\WINDOWS\SYSTEM32\ktmw32.dll
0x00007ffe35540000 - 0x00007ffe3556b000 	\AppData\Local\Temp\java-discord-game-sdk-17619754000900\discord_game_sdk_jni.dll
0x0000000050180000 - 0x00000000501b1000 	\AppData\Local\Packages\Microsoft.4297127D64EC6_8wekyb3d8bbwe\LocalCache\Local\runtime\jre-legacy\windows-x64\jre-legacy\bin\jpeg.dll
0x00007ffe1b870000 - 0x00007ffe1b8e5000 	\AppData\Roaming\.minecraft\skyclient\OneConfig\temp\3.3.1-SNAPSHOT\lwjgl.dll
0x00007ffe1b7d0000 - 0x00007ffe1b862000 	\AppData\Roaming\.minecraft\skyclient\OneConfig\temp\3.3.1-SNAPSHOT\lwjgl_nanovg.dll

VM Arguments:
jvm_args: -Dos.name=Windows 10 -Dos.version=10.0 -XX:HeapDumpPath=MojangTricksIntelDriversForPerformance_javaw.exe_minecraft.exe.heapdump -Djava.library.path=\AppData\Roaming\.minecraft\bin\a0ab3dab4e2fd7870214f639430bda9dc492f493 -Dminecraft.launcher.brand=minecraft-launcher -Dminecraft.launcher.version=3.0.13 -Dminecraft.client.jar=\AppData\Roaming\.minecraft\versions\1.8.9-forge1.8.9-11.15.1.2318-1.8.9\1.8.9-forge1.8.9-11.15.1.2318-1.8.9.jar -Xmx8G -Ddg.safe=true -XX:+UnlockExperimentalVMOptions -XX:+UseG1GC -XX:G1NewSizePercent=20 -XX:G1ReservePercent=20 -XX:MaxGCPauseMillis=50 -XX:G1HeapRegionSize=32M -Dlog4j.configurationFile=\AppData\Roaming\.minecraft\assets\log_configs\client-1.7.xml 
java_command: net.minecraft.launchwrapper.Launch --username HotBaconWasTaken --version 1.8.9-forge1.8.9-11.15.1.2318-1.8.9 --gameDir \AppData\Roaming\.minecraft\skyclient --assetsDir \AppData\Roaming\.minecraft\assets --assetIndex 1.8 --uuid e35e1563c0a746969908dc57289a69c1 --userProperties {} --userType msa --tweakClass net.minecraftforge.fml.common.launcher.FMLTweaker
java_class_path (initial): \AppData\Roaming\.minecraft\libraries\net\minecraftforge\forge\1.8.9-11.15.1.2318-1.8.9\forge-1.8.9-11.15.1.2318-1.8.9.jar;\AppData\Roaming\.minecraft\libraries\net\minecraft\launchwrapper\1.12\launchwrapper-1.12.jar;\AppData\Roaming\.minecraft\libraries\org\ow2\asm\asm-all\5.0.3\asm-all-5.0.3.jar;\AppData\Roaming\.minecraft\libraries\jline\jline\2.13\jline-2.13.jar;\AppData\Roaming\.minecraft\libraries\com\typesafe\akka\akka-actor_2.11\2.3.3\akka-actor_2.11-2.3.3.jar;\AppData\Roaming\.minecraft\libraries\com\typesafe\config\1.2.1\config-1.2.1.jar;\AppData\Roaming\.minecraft\libraries\org\scala-lang\scala-actors-migration_2.11\1.1.0\scala-actors-migration_2.11-1.1.0.jar;\AppData\Roaming\.minecraft\libraries\org\scala-lang\scala-compiler\2.11.1\scala-compiler-2.11.1.jar;\AppData\Roaming\.minecraft\libraries\org\scala-lang\plugins\scala-continuations-library_2.11\1.0.2\scala-continuations-library_2.11-1.0.2.jar;\AppData\Roaming\.minecraft\libraries\org\scala-lang\plugins\scala-continuations-plugin_2.11.1\1.0.2\scala-continuations-plugin_2.11.1-1.0.2.jar;\AppData\Roaming\.minecraft\libraries\org\scala-lang\scala-library\2.11.1\scala-library-2.11.1.jar;\AppData\Roaming\.minecraft\libraries\org\scala-lang\scala-parser-combinators_2.11\1.0.1\scala-parser-combinators_2.11-1.0.1.jar;\AppData\Roaming\.minecraft\libraries\org\scala-lang\scala-reflect\2.11.1\scala-reflect-2.11.1.jar;\AppData\Roaming\.minecraft\libraries\org\scala-lang\scala-swing_2.11\1.0.1\scala-swing_2.11-1.0.1.jar;\AppData\Roaming\.minecraft\libraries\org\scala-lang\scala-xml_2.11\1.0.2\scala-xml_2.11-1.0.2.jar;\AppData\Roaming\.minecraft\libraries\lzma\lzma\0.0.1\lzma-0.0.1.jar;\AppData\Roaming\.minecraft\libraries\net\sf\jopt-
Launcher Type: SUN_STANDARD

Environment Variables:
PATH=C:\Program Files\Common Files\Oracle\Java\javapath;C:\Program Files (x86)\Common Files\Oracle\Java\java8path;C:\Program Files (x86)\Common Files\Oracle\Java\javapath;C:\Program Files\Microsoft\jdk-11.0.16.101-hotspot\bin;C:\WINDOWS\system32;C:\WINDOWS;C:\WINDOWS\System32\Wbem;C:\WINDOWS\System32\WindowsPowerShell\v1.0\;C:\WINDOWS\System32\OpenSSH\;C:\Strawberry\c\bin;C:\Strawberry\perl\site\bin;C:\Strawberry\perl\bin;C:\Program Files\dotnet\;C:\Program Files\Git\cmd;C:\ProgramData\chocolatey\bin;C:\Program Files\nodejs\;C:\Ninja\ninja.exe;C:\Program Files\Microsoft Visual Studio\2022\Community\VC\Tools\MSVC\14.36.32532\bin\Hostx64\x64\cl.exe;\AppData\Local\Programs\Python\Python310\Scripts\;\AppData\Local\Programs\Python\Python310\;\AppData\Local\Microsoft\WindowsApps;\AppData\Local\Programs\MiKTeX\miktex\bin\x64\;\AppData\Local\Programs\Microsoft VS Code\bin;\AppData\Local\GitHubDesktop\bin;\.dotnet\tools;C:\Program Files\Java\jdk-19\bin;C:\Gradle\gradle-8.0.2\bin;\AppData\Roaming\npm;\AppData\Local\spicetify
USERNAME=%USERPROFILE%
OS=Windows_NT
PROCESSOR_IDENTIFIER=AMD64 Family 25 Model 80 Stepping 0, AuthenticAMD



---------------  S Y S T E M  ---------------

OS: Windows 10.0 , 64 bit Build 22621 (10.0.22621.3958)

CPU:total 12 (12 cores per cpu, 1 threads per core) family 25 model 80 stepping 0, cmov, cx8, fxsr, mmx, sse, sse2, sse3, ssse3, sse4.1, sse4.2, popcnt, avx, avx2, aes, clmul, erms, mmxext, 3dnowpref, lzcnt, sse4a, tsc, tscinvbit, tscinv, bmi1

Memory: 4k page, physical 16560596k(254996k free), swap 44050408k(4124k free)

vm_info: Java HotSpot(TM) 64-Bit Server VM (25.51-b03) for windows-amd64 JRE (1.8.0_51-b16), built on Jun  8 2015 18:03:07 by "java_re" with MS VC++ 10.0 (VS2010)

time: Mon Sep 16 19:48:44 2024
elapsed time: 10889 seconds (0d 3h 1m 29s)

