00:17:20 Trying to load config from config\skyhanni\config.json
00:17:20 load-config-now
00:17:20 Loaded config from file
00:17:20 Trying to load sacks from config\skyhanni\sacks.json
00:17:20 load-sacks-now
00:17:20 Loaded sacks from file
00:17:20 Trying to load friends from config\skyhanni\friends.json
00:17:20 load-friends-now
00:17:20 Loaded friends from file
00:17:20 Trying to load known_features from config\skyhanni\known_features.json
00:17:20 load-known_features-now
00:17:20 Loaded known_features from file
00:17:20 Trying to load jacob_contests from config\skyhanni\jacob_contests.json
00:17:20 load-jacob_contests-now
00:17:20 Loaded jacob_contests from file
00:17:20 Trying to load visual_words from config\skyhanni\visual_words.json
00:17:20 Setting visual_words to be blank as it did not exist. It will be saved once something is written to it
00:18:20 saveConfig: auto-save-60s
00:18:20 Saving config file
00:18:53 saveConfig: Updated known feature flags
00:18:53 Saving known_features file
00:19:20 saveConfig: auto-save-60s
00:19:20 Saving config file
00:20:20 saveConfig: auto-save-60s
00:20:20 Saving config file
00:21:20 saveConfig: auto-save-60s
00:21:20 Saving config file
00:22:20 saveConfig: auto-save-60s
00:22:20 Saving config file
00:23:20 saveConfig: auto-save-60s
00:23:20 Saving config file
00:24:20 saveConfig: auto-save-60s
00:24:20 Saving config file
00:25:20 saveConfig: auto-save-60s
00:25:20 Saving config file
00:26:20 saveConfig: saving-data
00:26:20 Saving sacks file
00:26:20 saveConfig: auto-save-60s
00:26:20 Saving config file
00:26:22 saveConfig: saving-data
00:26:22 Saving sacks file
00:26:24 saveConfig: saving-data
00:26:24 Saving sacks file
00:26:36 saveConfig: saving-data
00:26:36 Saving sacks file
00:27:20 saveConfig: auto-save-60s
00:27:20 Saving config file
00:28:20 saveConfig: auto-save-60s
00:28:20 Saving config file
00:29:20 saveConfig: auto-save-60s
00:29:20 Saving config file
00:29:25 saveConfig: saving-data
00:29:25 Saving sacks file
00:29:31 saveConfig: saving-data
00:29:31 Saving sacks file
00:29:47 saveConfig: saving-data
00:29:47 Saving sacks file
00:30:20 saveConfig: auto-save-60s
00:30:20 Saving config file
00:30:27 saveConfig: saving-data
00:30:27 Saving sacks file
00:30:49 saveConfig: saving-data
00:30:49 Saving sacks file
00:31:06 saveConfig: saving-data
00:31:06 Saving sacks file
00:31:20 saveConfig: saving-data
00:31:20 Saving sacks file
00:31:20 saveConfig: auto-save-60s
00:31:20 Saving config file
00:31:32 saveConfig: saving-data
00:31:32 Saving sacks file
00:31:40 saveConfig: saving-data
00:31:40 Saving sacks file
00:32:20 saveConfig: auto-save-60s
00:32:20 Saving config file
00:33:20 saveConfig: auto-save-60s
00:33:20 Saving config file
00:34:20 saveConfig: auto-save-60s
00:34:20 Saving config file
00:35:20 saveConfig: auto-save-60s
00:35:20 Saving config file
00:36:20 saveConfig: auto-save-60s
00:36:20 Saving config file
00:36:20 saveConfig: saving-data
00:36:20 Saving sacks file
00:37:20 saveConfig: auto-save-60s
00:37:20 Saving config file
00:38:20 saveConfig: auto-save-60s
00:38:20 Saving config file
00:39:20 saveConfig: auto-save-60s
00:39:20 Saving config file
00:40:20 saveConfig: auto-save-60s
00:40:20 Saving config file
00:41:20 saveConfig: auto-save-60s
00:41:20 Saving config file
00:42:20 saveConfig: auto-save-60s
00:42:20 Saving config file
00:43:20 saveConfig: auto-save-60s
00:43:20 Saving config file
00:44:20 saveConfig: auto-save-60s
00:44:20 Saving config file
00:45:20 saveConfig: auto-save-60s
00:45:20 Saving config file
00:46:20 saveConfig: auto-save-60s
00:46:20 Saving config file
00:47:20 saveConfig: auto-save-60s
00:47:20 Saving config file
00:48:20 saveConfig: auto-save-60s
00:48:20 Saving config file
00:48:24 saveConfig: saving-data
00:48:24 Saving sacks file
00:49:20 saveConfig: auto-save-60s
00:49:20 Saving config file
00:50:20 saveConfig: auto-save-60s
00:50:20 Saving config file
00:51:20 saveConfig: auto-save-60s
00:51:20 Saving config file
00:52:20 saveConfig: auto-save-60s
00:52:20 Saving config file
00:53:06 saveConfig: saving-data
00:53:06 Saving sacks file
00:53:20 saveConfig: auto-save-60s
00:53:20 Saving config file
00:54:20 saveConfig: auto-save-60s
00:54:20 Saving config file
00:55:20 saveConfig: auto-save-60s
00:55:20 Saving config file
00:56:20 saveConfig: auto-save-60s
00:56:20 Saving config file
00:57:20 saveConfig: auto-save-60s
00:57:20 Saving config file
00:58:20 saveConfig: auto-save-60s
00:58:20 Saving config file
00:59:20 saveConfig: auto-save-60s
00:59:20 Saving config file
01:00:20 saveConfig: auto-save-60s
01:00:20 Saving config file
01:01:20 saveConfig: auto-save-60s
01:01:20 Saving config file
01:01:24 saveConfig: saving-data
01:01:24 Saving sacks file
01:01:25 saveConfig: saving-data
01:01:25 Saving sacks file
01:01:32 saveConfig: saving-data
01:01:32 Saving sacks file
01:02:20 saveConfig: auto-save-60s
01:02:20 Saving config file
01:03:20 saveConfig: auto-save-60s
01:03:20 Saving config file
01:04:20 saveConfig: auto-save-60s
01:04:20 Saving config file
01:05:20 saveConfig: auto-save-60s
01:05:20 Saving config file
01:06:20 saveConfig: auto-save-60s
01:06:20 Saving config file
01:07:20 saveConfig: auto-save-60s
01:07:20 Saving config file
01:08:20 saveConfig: auto-save-60s
01:08:20 Saving config file
01:09:20 saveConfig: auto-save-60s
01:09:20 Saving config file
01:10:20 saveConfig: auto-save-60s
01:10:20 Saving config file
01:11:20 saveConfig: auto-save-60s
01:11:20 Saving config file
01:12:20 saveConfig: auto-save-60s
01:12:20 Saving config file
01:13:20 saveConfig: auto-save-60s
01:13:20 Saving config file
01:14:20 saveConfig: auto-save-60s
01:14:20 Saving config file
01:15:20 saveConfig: auto-save-60s
01:15:20 Saving config file
01:16:20 saveConfig: auto-save-60s
01:16:20 Saving config file
01:17:20 saveConfig: auto-save-60s
01:17:20 Saving config file
01:18:20 saveConfig: auto-save-60s
01:18:20 Saving config file
01:19:20 saveConfig: auto-save-60s
01:19:20 Saving config file
01:20:20 saveConfig: auto-save-60s
01:20:20 Saving config file
01:20:48 saveConfig: shutdown-hook
01:20:48 Saving config file
