11:58:42 Visitor status change for '§aAnita': NEW -> WAITING (tooltipMissingItems)
11:58:45 Visitor status change for '§aAnita': WAITING -> REFUSED (refused)
11:58:46 Visitor status change for '§aOdawa': NEW -> WAITING (tooltipMissingItems)
11:59:10 Visitor status change for '§dMaeve': NEW -> WAITING (tooltipMissingItems)
11:59:15 Visitor status change for '§aFisherman': NEW -> WAITING (tooltipMissingItems)
11:59:18 Visitor status change for '§aFisherman': WAITING -> REFUSED (refused)
11:59:20 Visitor status change for '§aStella': NEW -> WAITING (tooltipMissingItems)
11:59:24 Visitor status change for '§aStella': WAITING -> REFUSED (refused)
12:00:24 Visitor status change for '§aOdawa': WAITING -> READY (hasItems)
12:00:33 Visitor status change for '§dMaeve': WAITING -> READY (hasItems)
12:00:36 Visitor status change for '§dMaeve': READY -> ACCEPTED (accepted)
12:00:40 Visitor status change for '§aOdawa': READY -> ACCEPTED (accepted)
12:54:00 Visitor status change for '§9Tia the Fairy': NEW -> READY (tooltipClickToGive)
12:54:05 Visitor status change for '§9Tia the Fairy': READY -> ACCEPTED (accepted)
12:54:06 Visitor status change for '§aTom': NEW -> WAITING (tooltipMissingItems)
12:54:13 Visitor status change for '§aTom': WAITING -> REFUSED (refused)
12:54:15 Visitor status change for '§aWizard': NEW -> WAITING (tooltipMissingItems)
12:54:19 Visitor status change for '§aWizard': WAITING -> REFUSED (refused)
12:54:20 Visitor status change for '§aLumber Jack': NEW -> READY (tooltipClickToGive)
12:54:24 Visitor status change for '§aLumber Jack': READY -> ACCEPTED (accepted)
12:54:25 Visitor status change for '§aRhys': NEW -> WAITING (tooltipMissingItems)
12:54:27 Visitor status change for '§aRhys': WAITING -> REFUSED (refused)
13:15:51 Visitor status change for '§aPest Wrangler': NEW -> WAITING (tooltipMissingItems)
13:16:19 Visitor status change for '§aPest Wrangler': WAITING -> READY (hasItems)
13:16:20 Visitor status change for '§aPest Wrangler': READY -> ACCEPTED (accepted)
