11:01:57 §bNew day! §r§eYour §r§2Sky Mall §r§ebuff changed!
11:01:57 §eNew buff§r§r§r: §r§fGain §r§a+15% §r§fmore Powder while mining.
11:01:57 §8§oYou can disable this messaging by toggling Sky Mall in your /hotm!
11:14:56 §bNew day! §r§eYour §r§2Sky Mall §r§ebuff changed!
11:14:56 §eNew buff§r§r§r: §r§fReduce Pickaxe Ability cooldown by §r§a20%§r§f.
11:14:56 §8§oYou can disable this messaging by toggling Sky Mall in your /hotm!
11:34:57 §bNew day! §r§eYour §r§2Sky Mall §r§ebuff changed!
11:34:57 §eNew buff§r§r§r: §r§fGain §r§a+15% §r§fmore Powder while mining.
11:34:57 §8§oYou can disable this messaging by toggling Sky Mall in your /hotm!
11:54:57 §bNew day! §r§eYour §r§2Sky Mall §r§ebuff changed!
11:54:57 §eNew buff§r§r§r: §r§fGain §r§a+50 §r§6☘ Mining Fortune§r§f.
11:54:57 §8§oYou can disable this messaging by toggling Sky Mall in your /hotm!
12:14:58 §bNew day! §r§eYour §r§2Sky Mall §r§ebuff changed!
12:14:58 §eNew buff§r§r§r: §r§fGain §r§a+15% §r§fmore Powder while mining.
12:14:58 §8§oYou can disable this messaging by toggling Sky Mall in your /hotm!
15:49:08 §bNew day! §r§eYour §r§2Sky Mall §r§ebuff changed!
15:49:08 §eNew buff§r§r§r: §r§fReduce Pickaxe Ability cooldown by §r§a20%§r§f.
15:49:08 §8§oYou can disable this messaging by toggling Sky Mall in your /hotm!
15:54:57 §bNew day! §r§eYour §r§2Sky Mall §r§ebuff changed!
15:54:57 §eNew buff§r§r§r: §r§fReduce Pickaxe Ability cooldown by §r§a20%§r§f.
15:54:57 §8§oYou can disable this messaging by toggling Sky Mall in your /hotm!
16:14:57 §bNew day! §r§eYour §r§2Sky Mall §r§ebuff changed!
16:14:57 §eNew buff§r§r§r: §r§fGain §r§a+15% §r§fmore Powder while mining.
16:14:57 §8§oYou can disable this messaging by toggling Sky Mall in your /hotm!
16:34:57 §bNew day! §r§eYour §r§2Sky Mall §r§ebuff changed!
16:34:57 §eNew buff§r§r§r: §r§fGain §r§a+50 §r§6☘ Mining Fortune§r§f.
16:34:57 §8§oYou can disable this messaging by toggling Sky Mall in your /hotm!
16:54:57 §bNew day! §r§eYour §r§2Sky Mall §r§ebuff changed!
16:54:57 §eNew buff§r§r§r: §r§fGain §r§a+15% §r§fmore Powder while mining.
16:54:57 §8§oYou can disable this messaging by toggling Sky Mall in your /hotm!
