11:01:57 [SKYMALL] §bNew day! §r§eYour §r§2Sky Mall §r§ebuff changed!
11:01:57 [SKYMALL] §eNew buff§r§r§r: §r§fGain §r§a+15% §r§fmore Powder while mining.
11:01:57 [SKYMALL] §8§oYou can disable this messaging by toggling Sky Mall in your /hotm!
11:14:56 [SKYMALL] §bNew day! §r§eYour §r§2Sky Mall §r§ebuff changed!
11:14:56 [SKYMALL] §eNew buff§r§r§r: §r§fReduce Pickaxe Ability cooldown by §r§a20%§r§f.
11:14:56 [SKYMALL] §8§oYou can disable this messaging by toggling Sky Mall in your /hotm!
11:23:09 [GARDEN_VISITOR_MESSAGE] §e[NPC] §aLumber Jack§f: §r§fMy assistant is feeling off, and I think we could do with a hearty meal. Do you think you can help us out?
11:23:11 [GARDEN_VISITOR_MESSAGE] §e[NPC] §aLumber Jack§f: §r§fI thought you'd be more thankful for the sweet axe my assistant gave you.
11:23:12 [GARDEN_VISITOR_MESSAGE] §e[NPC] §aFisherman§f: §r§fA Carrot King has been scaring off all the good fish, I need to deal with it before I lose more fish.
11:23:15 [GARDEN_VISITOR_MESSAGE] §e[NPC] §aFisherman§f: §r§fS'alright, we are all busy some days.
11:23:15 [GARDEN_VISITOR_MESSAGE] §e[NPC] §aAlchemist§f: §r§fBeen running low on my brewing supplies, Nether Warts are quite hard to come by these days.
11:23:17 [GARDEN_VISITOR_MESSAGE] §e[NPC] §aAlchemist§f: §r§fUnfortunate, I'll see if I can find some Nether Warts from someone else.
11:23:18 [GARDEN_VISITOR_MESSAGE] §e[NPC] §9Gwendolyn§f: §r§fI don't really have a sweet tooth, but chocolate is probably my favorite thing in this world. But the supply is really poor mostly because of the mines' lack of accessibility.
11:23:22 [GARDEN_VISITOR_MESSAGE] §e[NPC] §9Gwendolyn§f: §r§fI helped you enter the Crystal Hollows so many times! Why won't you return the favor?
11:23:22 [GARDEN_VISITOR_MESSAGE] §e[NPC] §9Tammy§f: §r§fI've been planning to build a trap for unaware animals so I can hunt them more efficiently. I really need some cactus, preferably the ones with the biggest spikes!
11:23:26 [GARDEN_VISITOR_MESSAGE] §e[NPC] §9Tammy§f: §r§fYou can't tell me that you couldn't find a single cactus...
11:34:57 [SKYMALL] §bNew day! §r§eYour §r§2Sky Mall §r§ebuff changed!
11:34:57 [SKYMALL] §eNew buff§r§r§r: §r§fGain §r§a+15% §r§fmore Powder while mining.
11:34:57 [SKYMALL] §8§oYou can disable this messaging by toggling Sky Mall in your /hotm!
11:54:57 [SKYMALL] §bNew day! §r§eYour §r§2Sky Mall §r§ebuff changed!
11:54:57 [SKYMALL] §eNew buff§r§r§r: §r§fGain §r§a+50 §r§6☘ Mining Fortune§r§f.
11:54:57 [SKYMALL] §8§oYou can disable this messaging by toggling Sky Mall in your /hotm!
11:59:40 [BESTIARY] §f                                  §6§lBESTIARY
11:59:41 [BESTIARY] §f                              §b§lTaurus §7§8IV §8➡§b §bV
11:59:41 [BESTIARY] 
11:59:41 [BESTIARY] §f                                  §r§6§lREWARDS
11:59:41 [BESTIARY] §f                         §r§8+§r§a2 Taurus §r§b✯ Magic Find
11:59:41 [BESTIARY] §f                          §r§8+§r§a2 Taurus §r§c❁ Strength
11:59:41 [BESTIARY] §f                             §r§8+§r§62% §r§aTaurus §r§7coins
11:59:41 [BESTIARY] §f                    §r§8+§r§a50% §r§7chance for extra XP orbs
11:59:41 [BESTIARY] §f                               §r§8+§r§b1 SkyBlock XP
11:59:41 [BESTIARY] 
11:59:41 [BESTIARY]   §r§f                         §6§lBESTIARY MILESTONE
11:59:41 [BESTIARY]   §r§f                                 §8CCXIV➡§eCCXV
11:59:41 [BESTIARY] 
11:59:41 [BESTIARY] §3§l▬▬▬▬▬▬▬▬▬▬▬▬▬▬▬▬▬▬▬▬▬▬▬▬▬▬▬▬▬▬▬▬▬▬▬▬▬▬▬▬▬▬▬▬▬▬▬▬▬▬▬▬▬▬▬▬▬▬▬▬▬▬▬▬
12:05:10 [DOUBLE_HOOK] §eIt's a §r§aDouble Hook§r§e! Woot woot!
12:09:18 [DOUBLE_HOOK] §eIt's a §r§aDouble Hook§r§e! Woot woot!
12:14:58 [SKYMALL] §bNew day! §r§eYour §r§2Sky Mall §r§ebuff changed!
12:14:58 [SKYMALL] §eNew buff§r§r§r: §r§fGain §r§a+15% §r§fmore Powder while mining.
12:14:58 [SKYMALL] §8§oYou can disable this messaging by toggling Sky Mall in your /hotm!
15:49:08 [SKYMALL] §bNew day! §r§eYour §r§2Sky Mall §r§ebuff changed!
15:49:08 [SKYMALL] §eNew buff§r§r§r: §r§fReduce Pickaxe Ability cooldown by §r§a20%§r§f.
15:49:08 [SKYMALL] §8§oYou can disable this messaging by toggling Sky Mall in your /hotm!
15:54:57 [SKYMALL] §bNew day! §r§eYour §r§2Sky Mall §r§ebuff changed!
15:54:57 [SKYMALL] §eNew buff§r§r§r: §r§fReduce Pickaxe Ability cooldown by §r§a20%§r§f.
15:54:57 [SKYMALL] §8§oYou can disable this messaging by toggling Sky Mall in your /hotm!
16:14:57 [SKYMALL] §bNew day! §r§eYour §r§2Sky Mall §r§ebuff changed!
16:14:57 [SKYMALL] §eNew buff§r§r§r: §r§fGain §r§a+15% §r§fmore Powder while mining.
16:14:57 [SKYMALL] §8§oYou can disable this messaging by toggling Sky Mall in your /hotm!
16:34:57 [SKYMALL] §bNew day! §r§eYour §r§2Sky Mall §r§ebuff changed!
16:34:57 [SKYMALL] §eNew buff§r§r§r: §r§fGain §r§a+50 §r§6☘ Mining Fortune§r§f.
16:34:57 [SKYMALL] §8§oYou can disable this messaging by toggling Sky Mall in your /hotm!
16:54:57 [SKYMALL] §bNew day! §r§eYour §r§2Sky Mall §r§ebuff changed!
16:54:57 [SKYMALL] §eNew buff§r§r§r: §r§fGain §r§a+15% §r§fmore Powder while mining.
16:54:57 [SKYMALL] §8§oYou can disable this messaging by toggling Sky Mall in your /hotm!
