23:37:26 [allowed] §f §r§r§r§f §r§r§r§1 §r§r§r§0 §r§r§r§2 §r§r§r§f §r§r§r§f §r§r§r§2 §r§r§r§0 §r§r§r§4 §r§r§r§3 §r§r§r§9 §r§r§r§2 §r§r§r§0 §r§r§r§0 §r§r§r§3 §r§r§r§9 §r§r§r§2 §r§r§r§0 §r§r§r§0 §r§r§r§3 §r§r§r§9 §r§r§r§2 §r§r§r§0 §r§r§r§0 
23:37:26 [allowed] §b[MVP§6+§b] RayRayBoii§f §6joined the lobby!
23:37:26 [allowed] §b[MVP§f+§b] Caaaaaaaaaaaaats§f §6joined the lobby!
23:37:26 [allowed]   §r§f§l➤ §r§6You have reached your Hype limit! Add Hype to Prototype Lobby minigames by right-clicking with the Hype Diamond!
23:37:30 [allowed] §b[MVP§f+§b] dye_hunter§f §6joined the lobby!
23:37:32 [allowed] §b[MVP§f+§b] shmu_§f §6joined the lobby!
23:37:33 [allowed] §b[MVP§d+§b] Miraakuruu§f §6joined the lobby!
23:37:33 [allowed] §b[MVP§2+§b] TacoSako§f §6joined the lobby!
23:37:35 [allowed]  §b>§c>§a>§r §r§b[MVP§d++§b] Caasi42§f §6joined the lobby!§r §a<§c<§b<
23:37:35 [allowed] §b[MVP§c+§b] stormw1ng§f §6joined the lobby!
23:37:36 [allowed] §7Sending to server mini98BS...
23:37:36 [allowed] §8 §r§8 §r§1 §r§3 §r§3 §r§7 §r§8 
23:37:37 [allowed] §eYou haven't claimed your §r§6Summer Rewards §r§eyet!
23:37:37 [allowed] §eTalk to the §r§bSummer Sloth §r§ein the §r§aHub!
23:37:38 [allowed] 
23:37:38 [allowed] §eWelcome to §r§aHypixel SkyBlock§r§e!
23:37:38 [allowed] §6§lBONUS! §r§bTemporarily earn §r§a5% §r§bmore skill experience!
23:37:38 [allowed] 
23:37:38 [allowed] §9§n§eLatest update: §bSkyBlock v0.20.5 §e§lCLICK
23:37:39 [allowed] §aYou are playing on profile: §ePineapple
23:37:39 [allowed] §8Profile ID: cbcbcaaa-4182-4d77-bab6-b1345770fa92
23:37:55 [allowed] §eYou received §a9x Enchanted Sugar §efor killing a §6Mosquito§e!
23:38:01 [allowed] §6[Sacks] §r§a+9§r§e items§r§e.§r§8 (Last 5s.)
23:38:08 [allowed] §cThis ability is on cooldown for 1s.
23:38:09 [allowed] §cThis ability is on cooldown for 1s.
23:38:11 [allowed] §cThis ability is on cooldown for 1s.
23:38:12 [allowed] §cThis ability is on cooldown for 1s.
23:38:18 [allowed] §eYou received §a9x Enchanted Hay Bale §efor killing a §6Fly§e!
23:38:23 [allowed] §6[Sacks] §r§a+9§r§e items§r§e.§r§8 (Last 5s.)
23:38:25 [allowed] §eYou received §a9x Enchanted Hay Bale §efor killing a §6Fly§e!
23:38:30 [allowed] §6[Sacks] §r§a+9§r§e items§r§e.§r§8 (Last 5s.)
23:38:36 [allowed] §a§r§6Mining Speed Boost §r§ais now available!
23:41:04 [allowed] §6§lOFFER ACCEPTED §r§8with §r§aJacob §r§8(§r§a§lUNCOMMON§r§8)
23:41:04 [allowed] 
23:41:04 [allowed]   §r§a§lREWARDS
23:41:04 [allowed]     §r§8+§r§215 §r§7Garden Experience
23:41:04 [allowed]     §r§8+§r§35.6k §r§7Farming XP
23:41:04 [allowed]     §r§8+§r§c20 Copper
23:41:04 [allowed]     §r§7§aJacob's Ticket
23:41:04 [allowed]     §r§7§aFine Flour
23:41:04 [allowed] 
23:41:09 [allowed] §6[Sacks] §r§c-22§r§e items§r§e.§r§8 (Last 5s.)
23:42:30 [allowed] §cThere are blocks in the way!
23:42:30 [allowed] §cThere are blocks in the way!
23:42:33 [allowed] §cThere are blocks in the way!
23:42:33 [allowed] §cThere are blocks in the way!
23:42:33 [allowed] §cThere are blocks in the way!
23:42:35 [allowed] §cThere are blocks in the way!
23:42:35 [allowed] §cThere are blocks in the way!
23:42:35 [allowed] §cThere are blocks in the way!
23:42:35 [allowed] §cThere are blocks in the way!
23:42:36 [allowed] §cThere are blocks in the way!
23:42:36 [allowed] §cThere are blocks in the way!
23:42:36 [allowed] §cThere are blocks in the way!
23:42:36 [allowed] §cThere are blocks in the way!
23:42:36 [allowed] §cThere are blocks in the way!
23:42:37 [allowed] §cThere are blocks in the way!
23:42:37 [allowed] §cThere are blocks in the way!
23:42:37 [allowed] §aYou earned §r§e590 Event EXP §r§afrom playing SkyBlock!
23:42:37 [allowed] §cThere are blocks in the way!
23:42:37 [allowed] §cThere are blocks in the way!
23:42:37 [allowed] §cThere are blocks in the way!
23:42:38 [allowed] §cThere are blocks in the way!
23:42:38 [allowed] §cThere are blocks in the way!
23:42:38 [allowed] §cThere are blocks in the way!
23:42:38 [allowed] §cThere are blocks in the way!
23:42:59 [allowed] §7Warping...
23:42:59 [allowed] §7Sending to server mini19DA...
23:43:00 [allowed] §8 §r§8 §r§1 §r§3 §r§3 §r§7 §r§8 
23:43:00 [allowed] §eYou haven't claimed your §r§6Summer Rewards §r§eyet!
23:43:00 [allowed] §eTalk to the §r§bSummer Sloth §r§ein the §r§aHub!
23:43:03 [allowed] §aYou are playing on profile: §ePineapple
23:43:03 [allowed] §8Profile ID: cbcbcaaa-4182-4d77-bab6-b1345770fa92
23:43:04 [allowed] §dWarped to Election Room§r§d!
23:43:24 [allowed] §a-----------------------------------------------------
23:43:24 [allowed] §eYou voted for §r§aCole §r§ein the §r§bYear 371 Elections§r§e!
23:43:24 [allowed] §eAs a §bPhilanthropist§e, your vote counts for §a5§e.
23:43:24 [allowed] §a-----------------------------------------------------
23:43:34 [allowed] §dWarped to Community Center§r§d!
23:44:00 [allowed] §a§r§6Mining Speed Boost §r§ais now available!
23:45:07 [allowed] §cThere are blocks in the way!
23:45:13 [allowed] §e[NPC] §bVincent§f: §rThis piece is really starting to shape up.
23:46:52 [allowed] §cThere are blocks in the way!
23:46:52 [allowed] §cThere are blocks in the way!
23:46:52 [allowed] §cThere are blocks in the way!
23:46:53 [allowed] §cThere are blocks in the way!
23:46:53 [allowed] §cThere are blocks in the way!
23:46:53 [allowed] §cThere are blocks in the way!
23:46:53 [allowed] §cThere are blocks in the way!
23:46:53 [allowed] §cThere are blocks in the way!
23:46:53 [allowed] §cThere are blocks in the way!
23:47:08 [allowed] §8[§r§f56§r§8] §r§7⎊ §r§b[MVP§a+§b] skyblocks_§f§r§f: hwat bgemstones reforge sa amour
23:47:16 [allowed] §8[§r§f56§r§8] §r§7⎊ §r§b[MVP§a+§b] skyblocks_§f§r§f: what gemstones
23:47:24 [allowed] §8[§r§f75§r§8] §r§b[MVP§c+§b] Noompty§f§r§f: FIRST PERSON TO COME To map has to give me 7,119,858 coins
23:47:36 [allowed] §aYou earned §r§e766 Event EXP §r§afrom playing SkyBlock!
23:47:37 [allowed] §cThere are blocks in the way!
23:47:41 [allowed] §8[§r§77§r§8] §r§7KingCheese17§7§r§7: lol wut
23:47:43 [allowed] §cThere are blocks in the way!
23:47:46 [allowed] §cThere are blocks in the way!
23:47:46 [allowed] §cThere are blocks in the way!
23:47:47 [allowed] §cThere are blocks in the way!
23:47:47 [allowed] §cThere are blocks in the way!
23:47:47 [allowed] §cThere are blocks in the way!
23:47:47 [allowed] §cThere are blocks in the way!
23:47:47 [allowed] §cThere are blocks in the way!
23:47:48 [allowed] §cThere are blocks in the way!
23:47:48 [allowed] §cThere are blocks in the way!
23:47:48 [allowed] §cThere are blocks in the way!
23:47:48 [allowed] §cThere are blocks in the way!
23:47:48 [allowed] §cThere are blocks in the way!
23:47:48 [allowed] §cThere are blocks in the way!
23:47:49 [allowed] §cThere are blocks in the way!
23:47:49 [allowed] §cThere are blocks in the way!
23:47:49 [allowed] §cThere are blocks in the way!
23:47:49 [allowed] §cThere are blocks in the way!
23:47:49 [allowed] §cThere are blocks in the way!
23:47:49 [allowed] §cThere are blocks in the way!
23:47:50 [allowed] §cThere are blocks in the way!
23:47:50 [allowed] §cThere are blocks in the way!
23:47:50 [allowed] §cThere are blocks in the way!
23:47:50 [allowed] §cThere are blocks in the way!
23:47:50 [allowed] §cThere are blocks in the way!
23:47:50 [allowed] §cThere are blocks in the way!
23:47:50 [allowed] §cThere are blocks in the way!
23:47:51 [allowed] §cThere are blocks in the way!
23:47:57 [allowed] §cThere are blocks in the way!
23:47:58 [allowed] §cThere are blocks in the way!
23:48:00 [allowed] §8[§r§77§r§8] §r§7KingCheese17§7§r§7: just buy and sell gold
23:48:01 [allowed] §cThere are blocks in the way!
23:48:04 [allowed] §7Warping you to your SkyBlock island...
23:48:06 [allowed] §7Sending to server mini14T...
23:48:07 [allowed] §8 §r§8 §r§1 §r§3 §r§3 §r§7 §r§8 
23:48:07 [allowed] §eYou haven't claimed your §r§6Summer Rewards §r§eyet!
23:48:07 [allowed] §eTalk to the §r§bSummer Sloth §r§ein the §r§aHub!
23:48:10 [allowed] §aYou are playing on profile: §ePineapple
23:48:10 [allowed] §8Profile ID: cbcbcaaa-4182-4d77-bab6-b1345770fa92
23:48:52 [allowed] §6[Bazaar] §r§7Claiming order...
23:48:52 [allowed] §6[Bazaar] §r§7§r§7Claimed §r§63,781,434 coins §r§7from selling §r§a1§r§7x §r§5Glacite Amalgamation §r§7at §r§63,824,459 §r§7each!
23:48:52 [allowed] §6[Bazaar] §r§7Claiming order...
23:48:53 [allowed] §6[Bazaar] §r§7§r§7Claimed §r§6647,808 coins §r§7from selling §r§a36§r§7x §r§aCompost §r§7at §r§618,199 §r§7each!
23:49:07 [allowed] §a§r§6Mining Speed Boost §r§ais now available!
23:53:07 [allowed] §aYou earned §r§e216 Event EXP §r§afrom playing SkyBlock!
23:54:32 [allowed] §8Depositing coins...
23:54:32 [allowed] §aYou have deposited §r§64.4M coins§r§a! You now have §r§639M coins §r§ain your account!
23:58:08 [allowed] §aYou earned §r§e632 Event EXP §r§afrom playing SkyBlock!
00:00:20 [allowed] §e[NPC] Marco§r§f: hablame de lo sburo
00:00:21 [allowed] §e[NPC] Marco§r§f: hablame de lo sburo
00:00:50 [allowed] §f
00:00:50 [allowed] §4[WATCHDOG ANNOUNCEMENT]
00:00:50 [allowed] §fWatchdog has banned §r§c§l17,024§r§f players in the last 7 days.
00:00:50 [allowed] §fStaff have banned an additional §r§c§l15,746§r§f in the last 7 days.
00:00:50 [allowed] §cBlacklisted modifications are a bannable offense!
00:00:50 [allowed] §c
00:00:55 [allowed] §dYou placed a crystal!
00:02:39 [allowed] §aYou sold §r§fMelon§r§8 x11 §r§afor §r§622 Coins§r§a!
00:02:40 [allowed] §aYou sold §r§aEnchanted Melon§r§8 x13 §r§afor §r§64,160 Coins§r§a!
00:02:53 [allowed] §7Warping...
00:02:53 [allowed] §7Sending to server mini65DT...
00:02:54 [allowed] §8 §r§8 §r§1 §r§3 §r§3 §r§7 §r§8 
00:02:54 [allowed] §eYou haven't claimed your §r§6Summer Rewards §r§eyet!
00:02:54 [allowed] §eTalk to the §r§bSummer Sloth §r§ein the §r§aHub!
00:02:57 [allowed] §aYou are playing on profile: §ePineapple
00:02:57 [allowed] §8Profile ID: cbcbcaaa-4182-4d77-bab6-b1345770fa92
00:03:15 [allowed] §8Withdrawing coins...
00:03:15 [allowed] §aYou have withdrawn §r§61M coins§r§a! You now have §r§638M coins §r§ain your account!
00:03:23 [allowed] §6[Bazaar] §r§c§r§cYou cannot afford this!
00:03:28 [allowed] §6[Bazaar] §r§7Putting goods in escrow...
00:03:28 [allowed] §6[Bazaar] §r§7Submitting buy order...
00:03:28 [allowed] §6[Bazaar] §r§7§r§eBuy Order Setup! §r§a9§r§7x §r§9Enchanted Sugar Cane §r§7for §r§6935,966 coins§r§7.
00:03:46 [allowed] §6[Bazaar] §r§7Cancelling order...
00:03:46 [allowed] §6[Bazaar] §r§7§r§cCancelled! §r§7Refunded §r§6935,966 coins §r§7from cancelling Buy Order!
00:03:53 [allowed] §a§r§6Mining Speed Boost §r§ais now available!
00:03:55 [allowed] §8Withdrawing coins...
00:03:55 [allowed] §aYou have withdrawn §r§67.7M coins§r§a! You now have §r§630M coins §r§ain your account!
00:04:01 [allowed] §6[Bazaar] §r§7Executing instant buy...
00:04:01 [allowed] §6[Bazaar] §r§7Bought §r§a9§r§7x §r§9Enchanted Sugar Cane §r§7for §r§6980,998 coins§r§7!
00:04:03 [allowed] §6§lOFFER ACCEPTED §r§8with §r§6Clerk Seraphine §r§8(§r§6§lLEGENDARY§r§8)
00:04:03 [allowed] 
00:04:03 [allowed]   §r§a§lREWARDS
00:04:03 [allowed]     §r§8+§r§275 §r§7Garden Experience
00:04:03 [allowed]     §r§8+§r§334k §r§7Farming XP
00:04:03 [allowed]     §r§8+§r§c409 Copper
00:04:03 [allowed]     §r§7§aFine Flour §8x5
00:04:03 [allowed] 
00:04:07 [allowed] §8Depositing coins...
00:04:07 [allowed] §aYou have deposited §r§67.7M coins§r§a! You now have §r§638M coins §r§ain your account!
00:05:08 [allowed] §7Warping...
00:05:25 [allowed] §a§lUNCOMMON DROP! §r§eDicer dropped §r§a4x §r§aEnchanted Melon§r§e!
00:05:47 [allowed] §6[Sacks] §r§a+1§r§e item§r§e.§r§8 (Last 5s.)
00:06:08 [allowed] §6[Sacks] §r§a+1§r§e item§r§e.§r§8 (Last 5s.)
00:06:24 [allowed] §6§lGROSS! §7A §6Pest §7has appeared in §aPlot §7- §b19§7!
00:06:24 [allowed]   §r§e§lCLICK HERE §eto teleport to the plot!
00:06:28 [allowed] §6[Sacks] §r§a+1§r§e item§r§e.§r§8 (Last 5s.)
00:06:46 [allowed] §a§lUNCOMMON DROP! §r§eDicer dropped §r§a4x §r§aEnchanted Melon§r§e!
00:06:50 [allowed] §6[Sacks] §r§a+1§r§e item§r§e.§r§8 (Last 5s.)
00:07:10 [allowed] §6[Sacks] §r§a+1§r§e item§r§e.§r§8 (Last 5s.)
00:07:31 [allowed] §6[Sacks] §r§a+1§r§e item§r§e.§r§8 (Last 5s.)
00:07:53 [allowed] §6[Sacks] §r§a+1§r§e item§r§e.§r§8 (Last 5s.)
00:07:54 [allowed] §aYou earned §r§e1,180 Event EXP §r§afrom playing SkyBlock!
00:08:14 [allowed] §6[Sacks] §r§a+1§r§e item§r§e.§r§8 (Last 5s.)
00:08:15 [allowed] §a§lUNCOMMON DROP! §r§eDicer dropped §r§a4x §r§aEnchanted Melon§r§e!
00:08:24 [allowed] §9§lRARE DROP! §r§eDicer dropped §r§a16x §r§aEnchanted Melon§r§e!
00:08:32 [allowed] §6[Sacks] §r§a+1§r§e item§r§e.§r§8 (Last 5s.)
00:08:36 [allowed] §a§lUNCOMMON DROP! §r§eDicer dropped §r§a4x §r§aEnchanted Melon§r§e!
00:08:52 [allowed] §d§lCRAZY RARE DROP! §r§eDicer dropped §r§92x §r§9Enchanted Melon Block§r§e!
00:09:00 [allowed] §6[Sacks] §r§a+3§r§e items§r§e.§r§8 (Last 7s.)
00:09:12 [allowed] §d§lCRAZY RARE DROP! §r§eDicer dropped §r§92x §r§9Enchanted Melon Block§r§e!
00:09:21 [allowed] §6[Sacks] §r§a+3§r§e items§r§e.§r§8 (Last 8s.)
00:09:42 [allowed] §6[Sacks] §r§a+1§r§e item§r§e.§r§8 (Last 5s.)
00:09:47 [allowed] §a§lUNCOMMON DROP! §r§eDicer dropped §r§a4x §r§aEnchanted Melon§r§e!
00:10:02 [allowed] §6[Sacks] §r§a+1§r§e item§r§e.§r§8 (Last 5s.)
00:10:23 [allowed] §6[Sacks] §r§a+1§r§e item§r§e.§r§8 (Last 5s.)
00:10:45 [allowed] §6[Sacks] §r§a+1§r§e item§r§e.§r§8 (Last 5s.)
00:10:48 [allowed] §a§lUNCOMMON DROP! §r§eDicer dropped §r§a4x §r§aEnchanted Melon§r§e!
00:11:05 [allowed] §6[Sacks] §r§a+1§r§e item§r§e.§r§8 (Last 5s.)
00:11:07 [allowed] §d§lCRAZY RARE DROP! §r§eDicer dropped §r§92x §r§9Enchanted Melon Block§r§e!
00:11:13 [allowed] §6[Sacks] §r§a+2§r§e items§r§e.§r§8 (Last 5s.)
00:11:14 [allowed] §9§lRARE DROP! §r§eDicer dropped §r§a16x §r§aEnchanted Melon§r§e!
00:11:23 [allowed] §6[Sacks] §r§a+1§r§e item§r§e.§r§8 (Last 5s.)
00:12:54 [allowed] §aYou earned §r§e1,460 Event EXP §r§afrom playing SkyBlock!
00:14:53 [allowed] §e[NPC] Jacob§f: §rMy contest has started!
00:14:55 [allowed] §e[NPC] Jacob§f: §r§eFinnegan §fis forcing me to be more lenient with rankings...
00:14:59 [allowed] §e[NPC] Jacob§f: §rYour §9Anita's Artifact §fis giving you §6+25☘ Carrot Fortune §fduring the contest!
00:17:18 [allowed] §8Withdrawing coins...
00:17:18 [allowed] §aYou have withdrawn §r§61M coins§r§a! You now have §r§637M coins §r§ain your account!
00:17:31 [allowed] §6[Bazaar] §r§7Putting goods in escrow...
00:17:31 [allowed] §6[Bazaar] §r§7Submitting buy order...
00:17:31 [allowed] §6[Bazaar] §r§7§r§eBuy Order Setup! §r§a1,408§r§7x §r§aEnchanted Carrot §r§7for §r§6932,237 coins§r§7.
00:17:33 [allowed] §6[Bazaar] §eYour §aBuy Order §efor §a1,408§7x §aEnchanted Carrot §ewas filled!
00:17:36 [allowed] §6[Bazaar] §r§7Claiming order...
00:17:36 [allowed] §6[Bazaar] §r§7§r§7Claimed §r§a1,408§r§7x §r§aEnchanted Carrot §r§7worth §r§6932,237 coins §r§7bought for §r§6662.1 §r§7each!
00:17:43 [allowed] §eMaxed the Supercraft to §r§b11x crafts§r§e!
00:17:43 [allowed] §eYou Supercrafted §r§r§r§aEnchanted Golden Carrot §r§8x11§r§e!
00:17:45 [allowed] §6§lOFFER ACCEPTED §r§8with §r§6Madame Eleanor Q. Goldsworth III §r§8(§r§6§lLEGENDARY§r§8)
00:17:45 [allowed] 
00:17:45 [allowed]   §r§a§lREWARDS
00:17:45 [allowed]     §r§8+§r§275 §r§7Garden Experience
00:17:45 [allowed]     §r§8+§r§365k §r§7Farming XP
00:17:45 [allowed]     §r§8+§r§c224 Copper
00:17:45 [allowed]     §r§7§aFine Flour §8x5
00:17:45 [allowed] 
00:17:50 [allowed] §6[Sacks] §r§a+11§r§e items§r§e, §r§c-11§r§e items§r§e.§r§8 (Last 7s.)
00:17:54 [allowed] §aYou sold §r§aEnchanted Melon§r§8 x2 §r§afor §r§6640 Coins§r§a!
00:18:01 [allowed] §7Warping...
00:18:01 [allowed] §7Sending to server mini209W...
00:18:01 [allowed] §8 §r§8 §r§1 §r§3 §r§3 §r§7 §r§8 
00:18:01 [allowed] §eYou haven't claimed your §r§6Summer Rewards §r§eyet!
00:18:01 [allowed] §eTalk to the §r§bSummer Sloth §r§ein the §r§aHub!
00:18:05 [allowed] §aYou are playing on profile: §ePineapple
00:18:05 [allowed] §8Profile ID: cbcbcaaa-4182-4d77-bab6-b1345770fa92
00:18:26 [allowed] §cThere are blocks in the way!
00:18:28 [allowed] §cThere are blocks in the way!
00:19:02 [allowed] §a§r§6Mining Speed Boost §r§ais now available!
00:19:19 [allowed] §c ☠ §r§7§r§7NobodyWithAMouth§r§7 was killed by Glacite Walker§r§7§r§7.
00:19:48 [allowed] §cThere are blocks in the way!
00:19:58 [allowed] §cThere are blocks in the way!
00:19:59 [allowed] §cThere are blocks in the way!
00:20:00 [allowed] §cThere are blocks in the way!
00:20:00 [allowed] §cThere are blocks in the way!
00:20:00 [allowed] §cThere are blocks in the way!
00:20:00 [allowed] §cThere are blocks in the way!
00:20:00 [allowed] §cThere are blocks in the way!
00:20:01 [allowed] §cThere are blocks in the way!
00:20:01 [allowed] §cThere are blocks in the way!
00:20:01 [allowed] §cThere are blocks in the way!
00:20:01 [allowed] §cThere are blocks in the way!
00:20:01 [allowed] §cThere are blocks in the way!
00:20:02 [allowed] §cThere are blocks in the way!
00:20:15 [allowed] §cThere are blocks in the way!
00:20:17 [allowed] §cThere are blocks in the way!
00:20:19 [allowed] §cThere are blocks in the way!
00:20:19 [allowed] §cThere are blocks in the way!
00:20:21 [allowed] §cThere are blocks in the way!
00:20:34 [allowed] §aYou earned §r§e282 Event EXP §r§afrom playing SkyBlock!
00:20:44 [allowed] §cThere are blocks in the way!
00:20:46 [allowed] §cThere are blocks in the way!
00:21:39 [allowed] §c ☠ §r§7§r§bLiamRocks2334§r§7 was killed by §r§5Star Sentry§r§7§r§7.
00:21:51 [allowed] §cThis process is still running!
00:21:52 [allowed] §cThis process is still running!
00:21:53 [allowed] §cThis process is still running!
00:21:54 [allowed] §cThis process is still running!
00:21:55 [allowed] §cThis process is still running!
00:22:04 [allowed] §cThis process is still running!
00:22:23 [allowed] §c ☠ §r§7§r§7NobodyWithAMouth§r§7 was killed by Glacite Walker§r§7§r§7.
00:22:27 [allowed] §c ☠ §r§7§r§7Kolzy_Dalusty§r§7 was killed by Glacite Walker§r§7§r§7.
00:22:33 [allowed] §5§l✯ §r§eA §r§5Fallen Star §r§ehas crashed at §r§bRampart's Quarry§r§e! Nearby ore and Powder drops are amplified!
00:23:45 [allowed] §c ☠ §r§7§r§7NobodyWithAMouth§r§7 was killed by Glacite Walker§r§7§r§7.
00:24:11 [allowed] §7Warping...
00:24:11 [allowed] §7Sending to server mini15CS...
00:24:12 [allowed] §8 §r§8 §r§1 §r§3 §r§3 §r§7 §r§8 
00:24:12 [allowed] §eYou haven't claimed your §r§6Summer Rewards §r§eyet!
00:24:12 [allowed] §eTalk to the §r§bSummer Sloth §r§ein the §r§aHub!
00:24:15 [allowed] §aYou are playing on profile: §ePineapple
00:24:15 [allowed] §8Profile ID: cbcbcaaa-4182-4d77-bab6-b1345770fa92
00:24:22 [allowed] §e[NPC] §6Beth§f: §rI followed him today to where he brings all the animals he catches. He goes down some weird cave...
00:24:30 [allowed] §6§lOFFER ACCEPTED §r§8with §r§6Beth §r§8(§r§6§lLEGENDARY§r§8)
00:24:30 [allowed] 
00:24:30 [allowed]   §r§a§lREWARDS
00:24:30 [allowed]     §r§8+§r§275 §r§7Garden Experience
00:24:30 [allowed]     §r§8+§r§311k §r§7Farming XP
00:24:30 [allowed]     §r§8+§r§c308 Copper
00:24:30 [allowed]     §r§7§aFine Flour §8x5
00:24:30 [allowed] 
00:24:30 [allowed] §e[NPC] §6Beth§f: §rUnfortunately, I couldn't follow him any further as he almost noticed me, so I backed off for now.
00:24:36 [allowed] §6[Sacks] §r§c-13§r§e items§r§e.§r§8 (Last 5s.)
00:24:41 [allowed] §aYou sold §r§fMelon§r§8 x44 §r§afor §r§688 Coins§r§a!
00:24:59 [allowed] §aPicked up 1 Compost!
00:25:09 [allowed] §6[Sacks] §r§c-30§r§e items§r§e.§r§8 (Last 5s.)
00:25:12 [allowed] §a§r§6Mining Speed Boost §r§ais now available!
00:25:17 [allowed] §aAdded §r§2128,000 §r§aorganic matter to the composter!
00:25:17 [allowed] §aAdded §r§2158,290.5 §r§afuel to the composter!
00:25:24 [allowed] §6[Bazaar] §r§7Executing instant sell...
00:25:24 [allowed] §6[Bazaar] §r§7Sold §r§a1§r§7x §r§aCompost §r§7for §r§618,150 coins§r§7!
00:25:33 [allowed] §6[Sacks] §r§a+25§r§e items§r§e.§r§8 (Last 5s.)
