10:56:57 [SKYMALL] §bNew day! §r§eYour §r§2Sky Mall §r§ebuff changed!
10:56:57 [SKYMALL] §eNew buff§r§r§r: §r§fGain §r§a+50 §r§6☘ Mining Fortune§r§f.
10:56:57 [SKYMALL] §8§oYou can disable this messaging by toggling Sky Mall in your /hotm!
11:14:59 [SKYMALL] §bNew day! §r§eYour §r§2Sky Mall §r§ebuff changed!
11:14:59 [SKYMALL] §eNew buff§r§r§r: §r§fGain §r§a+100 §r§6⸕ Mining Speed§r§f.
11:14:59 [SKYMALL] §8§oYou can disable this messaging by toggling Sky Mall in your /hotm!
11:34:59 [SKYMALL] §bNew day! §r§eYour §r§2Sky Mall §r§ebuff changed!
11:34:59 [SKYMALL] §eNew buff§r§r§r: §r§fReduce Pickaxe Ability cooldown by §r§a20%§r§f.
11:34:59 [SKYMALL] §8§oYou can disable this messaging by toggling Sky Mall in your /hotm!
11:53:08 [GARDEN_VISITOR_MESSAGE] §e[NPC] §aLumber Jack§f: §r§fMy assistant is feeling off, and I think we could do with a hearty meal. Do you think you can help us out?
11:53:16 [GARDEN_VISITOR_MESSAGE] §e[NPC] §aLumber Jack§f: §r§fI thought you'd be more thankful for the sweet axe my assistant gave you.
11:53:17 [GARDEN_VISITOR_MESSAGE] §e[NPC] §9Gwendolyn§f: §r§fI don't really have a sweet tooth, but chocolate is probably my favorite thing in this world. But the supply is really poor mostly because of the mines' lack of accessibility.
11:53:19 [GARDEN_VISITOR_MESSAGE] §e[NPC] §9Gwendolyn§f: §r§fI helped you enter the Crystal Hollows so many times! Why won't you return the favor?
11:53:20 [GARDEN_VISITOR_MESSAGE] §e[NPC] §aJacob§f: §r§fHowdy! Fine barn ye got there eh? Good lad, you think ye could get me some wheat, eh?
11:53:23 [GARDEN_VISITOR_MESSAGE] §e[NPC] §aJacob§f: §r§fGosh darn it matey, can't believe ya do me like that, eh?
11:53:24 [GARDEN_VISITOR_MESSAGE] §e[NPC] §aFarmhand§f: §r§fI took a break from work for too long! Now I need your help to meet my quota!
11:53:26 [GARDEN_VISITOR_MESSAGE] §e[NPC] §aFarmhand§f: §r§fYou condemn me to doing my own work? How can you do this to me!
11:54:59 [SKYMALL] §bNew day! §r§eYour §r§2Sky Mall §r§ebuff changed!
11:54:59 [SKYMALL] §eNew buff§r§r§r: §r§fGain §r§a+100 §r§6⸕ Mining Speed§r§f.
11:54:59 [SKYMALL] §8§oYou can disable this messaging by toggling Sky Mall in your /hotm!
12:04:58 [NEW_VISITOR_ARRIVED] §a§r§aTerry §r§ehas arrived on your §r§bGarden§r§e!
12:14:59 [SKYMALL] §bNew day! §r§eYour §r§2Sky Mall §r§ebuff changed!
12:14:59 [SKYMALL] §eNew buff§r§r§r: §r§fGain §r§a+100 §r§6⸕ Mining Speed§r§f.
12:14:59 [SKYMALL] §8§oYou can disable this messaging by toggling Sky Mall in your /hotm!
12:15:39 [NEW_VISITOR_ARRIVED] §a§r§aFear Mongerer §r§ehas arrived on your §r§bGarden§r§e!
12:16:55 [GARDEN_VISITOR_MESSAGE] §e[NPC] §aTerry§f: §r§fAhoy, §aHotBaconWasTaken§f! People always tell me they like ice cream, but ice never really tastes like anything for me!
12:16:57 [GARDEN_VISITOR_MESSAGE] §e[NPC] §aTerry§f: §r§fI'll keep crunching on those ice cubes, maybe I am missing something.
12:16:57 [GARDEN_VISITOR_MESSAGE] §e[NPC] §aFear Mongerer§f: §r§fMortal, the time of reckoning is near. The Past will light the future.
12:16:59 [GARDEN_VISITOR_MESSAGE] §e[NPC] §aFear Mongerer§f: §r§fSoon.
12:34:36 [BESTIARY] §f                                  §6§lBESTIARY
12:34:36 [BESTIARY] §f                              §b§lFire Eel §7§8IV §8➡§b §bV
12:34:36 [BESTIARY] 
12:34:36 [BESTIARY] §f                                  §r§6§lREWARDS
12:34:36 [BESTIARY] §f                         §r§8+§r§a2 Fire Eel §r§b✯ Magic Find
12:34:36 [BESTIARY] §f                          §r§8+§r§a2 Fire Eel §r§c❁ Strength
12:34:36 [BESTIARY] §f                             §r§8+§r§62% §r§aFire Eel §r§7coins
12:34:36 [BESTIARY] §f                    §r§8+§r§a50% §r§7chance for extra XP orbs
12:34:36 [BESTIARY] §f                               §r§8+§r§b1 SkyBlock XP
12:34:36 [BESTIARY] 
12:34:36 [BESTIARY] §3§l▬▬▬▬▬▬▬▬▬▬▬▬▬▬▬▬▬▬▬▬▬▬▬▬▬▬▬▬▬▬▬▬▬▬▬▬▬▬▬▬▬▬▬▬▬▬▬▬▬▬▬▬▬▬▬▬▬▬▬▬▬▬▬▬
12:34:59 [SKYMALL] §bNew day! §r§eYour §r§2Sky Mall §r§ebuff changed!
12:34:59 [SKYMALL] §eNew buff§r§r§r: §r§fGain §r§a+50 §r§6☘ Mining Fortune§r§f.
12:34:59 [SKYMALL] §8§oYou can disable this messaging by toggling Sky Mall in your /hotm!
12:39:15 [DOUBLE_HOOK] §eIt's a §r§aDouble Hook§r§e!
12:42:30 [BESTIARY] §f                                  §6§lBESTIARY
12:42:30 [BESTIARY] §f                     §b§lPyroclastic Worm §7§8VII §8➡§b §bVIII
12:42:30 [BESTIARY] 
12:42:30 [BESTIARY] §f                                  §r§6§lREWARDS
12:42:30 [BESTIARY] §f                   §r§8+§r§a3 Pyroclastic Worm §r§b✯ Magic Find
12:42:30 [BESTIARY] §f                    §r§8+§r§a3 Pyroclastic Worm §r§c❁ Strength
12:42:30 [BESTIARY] §f                       §r§8+§r§62% §r§aPyroclastic Worm §r§7coins
12:42:30 [BESTIARY] §f                    §r§8+§r§a50% §r§7chance for extra XP orbs
12:42:30 [BESTIARY] §f                               §r§8+§r§b1 SkyBlock XP
12:42:30 [BESTIARY] 
12:42:30 [BESTIARY] §3§l▬▬▬▬▬▬▬▬▬▬▬▬▬▬▬▬▬▬▬▬▬▬▬▬▬▬▬▬▬▬▬▬▬▬▬▬▬▬▬▬▬▬▬▬▬▬▬▬▬▬▬▬▬▬▬▬▬▬▬▬▬▬▬▬
12:43:36 [DOUBLE_HOOK] §eIt's a §r§aDouble Hook§r§e!
12:46:13 [DOUBLE_HOOK] §eIt's a §r§aDouble Hook§r§e!
12:47:28 [DOUBLE_HOOK] §eIt's a §r§aDouble Hook§r§e! Woot woot!
12:47:53 [DOUBLE_HOOK] §eIt's a §r§aDouble Hook§r§e!
12:54:59 [SKYMALL] §bNew day! §r§eYour §r§2Sky Mall §r§ebuff changed!
12:54:59 [SKYMALL] §eNew buff§r§r§r: §r§fGain §r§a+15% §r§fmore Powder while mining.
12:54:59 [SKYMALL] §8§oYou can disable this messaging by toggling Sky Mall in your /hotm!
12:57:04 [BESTIARY] §f                                  §6§lBESTIARY
12:57:04 [BESTIARY] §f                              §b§lFire Eel §7§8V §8➡§b §bVI
12:57:04 [BESTIARY] 
12:57:04 [BESTIARY] §f                                  §r§6§lREWARDS
12:57:04 [BESTIARY] §f                         §r§8+§r§a3 Fire Eel §r§b✯ Magic Find
12:57:04 [BESTIARY] §f                          §r§8+§r§a3 Fire Eel §r§c❁ Strength
12:57:04 [BESTIARY] §f                             §r§8+§r§62% §r§aFire Eel §r§7coins
12:57:04 [BESTIARY] §f                    §r§8+§r§a50% §r§7chance for extra XP orbs
12:57:04 [BESTIARY] §f                               §r§8+§r§b1 SkyBlock XP
12:57:04 [BESTIARY] 
12:57:04 [BESTIARY] §3§l▬▬▬▬▬▬▬▬▬▬▬▬▬▬▬▬▬▬▬▬▬▬▬▬▬▬▬▬▬▬▬▬▬▬▬▬▬▬▬▬▬▬▬▬▬▬▬▬▬▬▬▬▬▬▬▬▬▬▬▬▬▬▬▬
13:00:18 [BESTIARY] §f                                  §6§lBESTIARY
13:00:18 [BESTIARY] §f                          §b§lLava Leech §7§8VIII §8➡§b §bIX
13:00:18 [BESTIARY] 
13:00:18 [BESTIARY] §f                                  §r§6§lREWARDS
13:00:18 [BESTIARY] §f                       §r§8+§r§a3 Lava Leech §r§b✯ Magic Find
13:00:18 [BESTIARY] §f                       §r§8+§r§a3 Lava Leech §r§c❁ Strength
13:00:18 [BESTIARY] §f                           §r§8+§r§62% §r§aLava Leech §r§7coins
13:00:18 [BESTIARY] §f                    §r§8+§r§a50% §r§7chance for extra XP orbs
13:00:18 [BESTIARY] §f                               §r§8+§r§b1 SkyBlock XP
13:00:18 [BESTIARY] 
13:00:18 [BESTIARY] §3§l▬▬▬▬▬▬▬▬▬▬▬▬▬▬▬▬▬▬▬▬▬▬▬▬▬▬▬▬▬▬▬▬▬▬▬▬▬▬▬▬▬▬▬▬▬▬▬▬▬▬▬▬▬▬▬▬▬▬▬▬▬▬▬▬
13:11:53 [DOUBLE_HOOK] §eIt's a §r§aDouble Hook§r§e!
13:14:59 [SKYMALL] §bNew day! §r§eYour §r§2Sky Mall §r§ebuff changed!
13:14:59 [SKYMALL] §eNew buff§r§r§r: §r§fGain §r§a+15% §r§fmore Powder while mining.
13:14:59 [SKYMALL] §8§oYou can disable this messaging by toggling Sky Mall in your /hotm!
13:15:46 [DOUBLE_HOOK] §eIt's a §r§aDouble Hook§r§e!
13:22:18 [DOUBLE_HOOK] §eIt's a §r§aDouble Hook§r§e!
13:26:42 [BESTIARY] §f                                  §6§lBESTIARY
13:26:42 [BESTIARY] §f                             §b§lFire Eel §7§8VI §8➡§b §bVII
13:26:42 [BESTIARY] 
13:26:42 [BESTIARY] §f                                  §r§6§lREWARDS
13:26:42 [BESTIARY] §f                         §r§8+§r§a3 Fire Eel §r§b✯ Magic Find
13:26:42 [BESTIARY] §f                          §r§8+§r§a3 Fire Eel §r§c❁ Strength
13:26:42 [BESTIARY] §f                             §r§8+§r§62% §r§aFire Eel §r§7coins
13:26:42 [BESTIARY] §f                    §r§8+§r§a50% §r§7chance for extra XP orbs
13:26:42 [BESTIARY] §f                               §r§8+§r§b1 SkyBlock XP
13:26:42 [BESTIARY] 
13:26:42 [BESTIARY] §3§l▬▬▬▬▬▬▬▬▬▬▬▬▬▬▬▬▬▬▬▬▬▬▬▬▬▬▬▬▬▬▬▬▬▬▬▬▬▬▬▬▬▬▬▬▬▬▬▬▬▬▬▬▬▬▬▬▬▬▬▬▬▬▬▬
13:28:59 [DOUBLE_HOOK] §eIt's a §r§aDouble Hook§r§e!
13:29:15 [DOUBLE_HOOK] §eIt's a §r§aDouble Hook§r§e!
13:31:57 [DOUBLE_HOOK] §eIt's a §r§aDouble Hook§r§e! Woot woot!
13:35:00 [SKYMALL] §bNew day! §r§eYour §r§2Sky Mall §r§ebuff changed!
13:35:00 [SKYMALL] §eNew buff§r§r§r: §r§fGain §r§a+50 §r§6☘ Mining Fortune§r§f.
13:35:00 [SKYMALL] §8§oYou can disable this messaging by toggling Sky Mall in your /hotm!
13:35:43 [DOUBLE_HOOK] §eIt's a §r§aDouble Hook§r§e! Woot woot!
13:36:13 [DOUBLE_HOOK] §eIt's a §r§aDouble Hook§r§e!
13:37:26 [DOUBLE_HOOK] §eIt's a §r§aDouble Hook§r§e!
13:55:00 [SKYMALL] §bNew day! §r§eYour §r§2Sky Mall §r§ebuff changed!
13:55:00 [SKYMALL] §eNew buff§r§r§r: §r§fGain §r§a+100 §r§6⸕ Mining Speed§r§f.
13:55:00 [SKYMALL] §8§oYou can disable this messaging by toggling Sky Mall in your /hotm!
14:15:00 [SKYMALL] §bNew day! §r§eYour §r§2Sky Mall §r§ebuff changed!
14:15:00 [SKYMALL] §eNew buff§r§r§r: §r§fGain §r§a+100 §r§6⸕ Mining Speed§r§f.
14:15:00 [SKYMALL] §8§oYou can disable this messaging by toggling Sky Mall in your /hotm!
14:18:21 [DOUBLE_HOOK] §eIt's a §r§aDouble Hook§r§e!
14:21:26 [DOUBLE_HOOK] §eIt's a §r§aDouble Hook§r§e!
14:22:22 [DOUBLE_HOOK] §eIt's a §r§aDouble Hook§r§e!
14:22:29 [DOUBLE_HOOK] §eIt's a §r§aDouble Hook§r§e!
14:24:31 [DOUBLE_HOOK] §eIt's a §r§aDouble Hook§r§e!
14:24:39 [DOUBLE_HOOK] §eIt's a §r§aDouble Hook§r§e! Woot woot!
14:24:52 [BESTIARY] §f                                  §6§lBESTIARY
14:24:52 [BESTIARY] §f                            §b§lFire Eel §7§8VII §8➡§b §bVIII
14:24:52 [BESTIARY] 
14:24:52 [BESTIARY] §f                                  §r§6§lREWARDS
14:24:52 [BESTIARY] §f                         §r§8+§r§a3 Fire Eel §r§b✯ Magic Find
14:24:52 [BESTIARY] §f                          §r§8+§r§a3 Fire Eel §r§c❁ Strength
14:24:52 [BESTIARY] §f                             §r§8+§r§62% §r§aFire Eel §r§7coins
14:24:52 [BESTIARY] §f                    §r§8+§r§a50% §r§7chance for extra XP orbs
14:24:52 [BESTIARY] §f                               §r§8+§r§b1 SkyBlock XP
14:24:52 [BESTIARY] 
14:24:52 [BESTIARY]   §r§f                         §6§lBESTIARY MILESTONE
14:24:52 [BESTIARY]   §r§f                                §8CCXIII➡§eCCXIV
14:24:52 [BESTIARY] 
14:24:52 [BESTIARY] §3§l▬▬▬▬▬▬▬▬▬▬▬▬▬▬▬▬▬▬▬▬▬▬▬▬▬▬▬▬▬▬▬▬▬▬▬▬▬▬▬▬▬▬▬▬▬▬▬▬▬▬▬▬▬▬▬▬▬▬▬▬▬▬▬▬
14:26:51 [DOUBLE_HOOK] §eIt's a §r§aDouble Hook§r§e!
14:34:59 [SKYMALL] §bNew day! §r§eYour §r§2Sky Mall §r§ebuff changed!
14:34:59 [SKYMALL] §eNew buff§r§r§r: §r§fReduce Pickaxe Ability cooldown by §r§a20%§r§f.
14:34:59 [SKYMALL] §8§oYou can disable this messaging by toggling Sky Mall in your /hotm!
14:54:05 [GARDEN_VISITOR_MESSAGE] §e[NPC] §9Old Man Garry§f: §r§fPeople have no manners these days. They come up to me, and disappear instantly! They don't even greet me! Back in my day, we were raised better than that.
14:54:08 [GARDEN_VISITOR_MESSAGE] §e[NPC] §9Old Man Garry§f: §r§fOf course. What else did I expect from this generation.
14:54:09 [GARDEN_VISITOR_MESSAGE] §e[NPC] §9Iron Forger§f: §r§fI've recently got into cooking, yesterday I made pasta carbonara, today I'm planning on baking a carrot cake.
14:54:14 [GARDEN_VISITOR_MESSAGE] §e[NPC] §9Iron Forger§f: §r§fWill have to order some food today then.
14:54:15 [GARDEN_VISITOR_MESSAGE] §e[NPC] §aGeonathan Greatforge§f: §r§fI usually only work with Oil Barrels, but I'd like to try making some Biofuel from compost.
14:54:17 [GARDEN_VISITOR_MESSAGE] §e[NPC] §aGeonathan Greatforge§f: §r§fNot a problem. I hear that Biofuel is worse anyways.
14:54:18 [GARDEN_VISITOR_MESSAGE] §e[NPC] §aFisherman§f: §r§fA Carrot King has been scaring off all the good fish, I need to deal with it before I lose more fish.
14:54:20 [GARDEN_VISITOR_MESSAGE] §e[NPC] §aFisherman§f: §r§fS'alright, we are all busy some days.
14:54:21 [GARDEN_VISITOR_MESSAGE] §e[NPC] §aTrevor§f: §r§fI've been tracking an animal for the past few days. Got anything I could use as bait?
14:54:25 [GARDEN_VISITOR_MESSAGE] §e[NPC] §aTrevor§f: §r§fLooks like I'll have to catch it the old fashioned way.
14:54:59 [SKYMALL] §bNew day! §r§eYour §r§2Sky Mall §r§ebuff changed!
14:54:59 [SKYMALL] §eNew buff§r§r§r: §r§fReduce Pickaxe Ability cooldown by §r§a20%§r§f.
14:54:59 [SKYMALL] §8§oYou can disable this messaging by toggling Sky Mall in your /hotm!
15:14:59 [SKYMALL] §bNew day! §r§eYour §r§2Sky Mall §r§ebuff changed!
15:14:59 [SKYMALL] §eNew buff§r§r§r: §r§fReduce Pickaxe Ability cooldown by §r§a20%§r§f.
15:14:59 [SKYMALL] §8§oYou can disable this messaging by toggling Sky Mall in your /hotm!
15:34:59 [SKYMALL] §bNew day! §r§eYour §r§2Sky Mall §r§ebuff changed!
15:34:59 [SKYMALL] §eNew buff§r§r§r: §r§fGain §r§a+100 §r§6⸕ Mining Speed§r§f.
15:34:59 [SKYMALL] §8§oYou can disable this messaging by toggling Sky Mall in your /hotm!
15:54:59 [SKYMALL] §bNew day! §r§eYour §r§2Sky Mall §r§ebuff changed!
15:54:59 [SKYMALL] §eNew buff§r§r§r: §r§fGain §r§a+50 §r§6☘ Mining Fortune§r§f.
15:54:59 [SKYMALL] §8§oYou can disable this messaging by toggling Sky Mall in your /hotm!
16:09:19 [GARDEN_VISITOR_MESSAGE] §e[NPC] §aJacob§f: §r§fHowdy! Fine barn ye got there eh? Good lad, you think ye could get me some wheat, eh?
16:09:21 [GARDEN_VISITOR_MESSAGE] §e[NPC] §aJacob§f: §r§fGosh darn it matey, can't believe ya do me like that, eh?
16:09:22 [GARDEN_VISITOR_MESSAGE] §e[NPC] §9Bartender§f: §r§fI want to make some new brews, do you think you can give me some ingredients to work with?
16:09:28 [GARDEN_VISITOR_MESSAGE] §e[NPC] §9Bartender§f: §r§fHard times we are in. Take care!
16:09:29 [GARDEN_VISITOR_MESSAGE] §e[NPC] §aShaggy§f: §r§fHey kid, I haven't seen you in a while. Arachne's powers are growing day by day. Soon she'll take over the §cSpider's Den§f.
16:09:31 [GARDEN_VISITOR_MESSAGE] §e[NPC] §aShaggy§f: §r§fI wish peace upon you.
16:09:32 [GARDEN_VISITOR_MESSAGE] §e[NPC] §6Jerry§f: §rHello §aHotBaconWasTaken§f. Glad to meet you here. I need some §9Enchanted Cookie§f.
16:09:50 [GARDEN_VISITOR_MESSAGE] §e[NPC] §6Jerry§f: §r§fThis is not my realm. I must return. Thank you.
16:09:51 [GARDEN_VISITOR_MESSAGE] §e[NPC] §6Clerk Seraphine§f: §r§fHey §aHotBaconWasTaken§f, the mayor elections are coming up and I've ran out of ballot paper! Could you help me out?
16:10:00 [GARDEN_VISITOR_MESSAGE] §e[NPC] §6Clerk Seraphine§f: §r§fThank you very much! I'll make sure to give these extra ballots to only the elites!
