11:16:40 §e[SkyHanni] Mark NEU Heavy Pearls as done.§r
11:52:59 §e[SkyHanni] §cYour Organic Matter is low!§r
11:52:59 §e[SkyHanni] §aLumber Jack §eis visiting your garden!§r
11:52:59 §e[SkyHanni] §9Gwendolyn §eis visiting your garden!§r
11:52:59 §e[SkyHanni] §aJacob §eis visiting your garden!§r
11:52:59 §e[SkyHanni] §dMaeve §eis visiting your garden!§r
11:52:59 §e[SkyHanni] §aFarmhand §eis visiting your garden!§r
11:53:29 §e[SkyHanni] §aFarmhand §eis visiting your garden!§r
12:05:00 §e[SkyHanni] §aTerry §eis visiting your garden!§r
12:15:42 §e[SkyHanni] §aFear Mongerer §eis visiting your garden!§r
12:15:50 §e[SkyHanni] Started tracking your Jacob Contest Blocks Per Second!§r
12:31:07 §e[SkyHanni] Wrong slayer selected! You have Voidgloom Seraph selected and you are in an Inferno Demonlord area!§r
12:33:21 §c[SkyHanni-0.27.Beta.4]: Caught an NoSuchElementException in FishingTimer at SeaCreatureFishEvent: null§c. Click here to copy the error into the clipboard.§r
12:34:36 §6§lBESTIARY §r§b§lFire Eel §7§8IV §8➡§b §bV§r
12:37:20 §e[SkyHanni] Wrong slayer selected! You have Voidgloom Seraph selected and you are in an Inferno Demonlord area!§r
12:38:50 §e[SkyHanni] Wrong slayer selected! You have Voidgloom Seraph selected and you are in an Inferno Demonlord area!§r
12:39:42 §e[SkyHanni] Wrong slayer selected! You have Voidgloom Seraph selected and you are in an Inferno Demonlord area!§r
12:42:30 §6§lBESTIARY §r§b§lPyroclastic Worm §7§8VII §8➡§b §bVIII§r
12:43:01 §e[SkyHanni] Wrong slayer selected! You have Voidgloom Seraph selected and you are in an Inferno Demonlord area!§r
12:43:26 §c[SkyHanni-0.27.Beta.4]: Caught an NoSuchElementException in FishingTimer at SeaCreatureFishEvent: null§c. Click here to copy the error into the clipboard.§r
12:46:20 §e[SkyHanni] Wrong slayer selected! You have Voidgloom Seraph selected and you are in an Inferno Demonlord area!§r
12:49:05 §e[SkyHanni] Wrong slayer selected! You have Voidgloom Seraph selected and you are in an Inferno Demonlord area!§r
12:49:40 §e[SkyHanni] Wrong slayer selected! You have Voidgloom Seraph selected and you are in an Inferno Demonlord area!§r
12:53:20 §e[SkyHanni] Wrong slayer selected! You have Voidgloom Seraph selected and you are in an Inferno Demonlord area!§r
12:54:21 §e[SkyHanni] Wrong slayer selected! You have Voidgloom Seraph selected and you are in an Inferno Demonlord area!§r
12:54:46 §c[SkyHanni-0.27.Beta.4]: Caught an NoSuchElementException in FishingTimer at SeaCreatureFishEvent: null§c. Click here to copy the error into the clipboard.§r
12:57:04 §6§lBESTIARY §r§b§lFire Eel §7§8V §8➡§b §bVI§r
12:57:52 §e[SkyHanni] Wrong slayer selected! You have Voidgloom Seraph selected and you are in an Inferno Demonlord area!§r
12:58:25 §e[SkyHanni] Wrong slayer selected! You have Voidgloom Seraph selected and you are in an Inferno Demonlord area!§r
12:59:33 §e[SkyHanni] §lCLICK HERE§r§e to grab §ax32 §9§5Silver Magmafish§e from sacks!§r
13:00:18 §6§lBESTIARY §r§b§lLava Leech §7§8VIII §8➡§b §bIX§r
13:04:45 §e[SkyHanni] Wrong slayer selected! You have Voidgloom Seraph selected and you are in an Inferno Demonlord area!§r
13:07:10 §e[SkyHanni] Wrong slayer selected! You have Voidgloom Seraph selected and you are in an Inferno Demonlord area!§r
13:09:40 §e[SkyHanni] Wrong slayer selected! You have Voidgloom Seraph selected and you are in an Inferno Demonlord area!§r
13:16:31 §e[SkyHanni] Wrong slayer selected! You have Voidgloom Seraph selected and you are in an Inferno Demonlord area!§r
13:22:28 §c[SkyHanni-0.27.Beta.4]: Caught an NoSuchElementException in FishingTimer at SeaCreatureFishEvent: null§c. Click here to copy the error into the clipboard.§r
13:26:42 §6§lBESTIARY §r§b§lFire Eel §7§8VI §8➡§b §bVII§r
13:31:05 §e[SkyHanni] §lCLICK HERE§r§e to grab §ax28 §9§5Silver Magmafish§e from sacks!§r
13:31:57 §e[SkyHanni] Wrong slayer selected! You have Voidgloom Seraph selected and you are in an Inferno Demonlord area!§r
13:32:07 §e[SkyHanni] Wrong slayer selected! You have Voidgloom Seraph selected and you are in an Inferno Demonlord area!§r
13:32:34 §e[SkyHanni] Wrong slayer selected! You have Voidgloom Seraph selected and you are in an Inferno Demonlord area!§r
13:34:00 §e[SkyHanni] Wrong slayer selected! You have Voidgloom Seraph selected and you are in an Inferno Demonlord area!§r
13:34:42 §c[SkyHanni-0.27.Beta.4]: Caught an NoSuchElementException in FishingTimer at SeaCreatureFishEvent: null§c. Click here to copy the error into the clipboard.§r
13:38:44 §e[SkyHanni] Wrong slayer selected! You have Voidgloom Seraph selected and you are in an Inferno Demonlord area!§r
13:39:40 §e[SkyHanni] Wrong slayer selected! You have Voidgloom Seraph selected and you are in an Inferno Demonlord area!§r
13:40:05 §e[SkyHanni] §eTo edit hidden GUI elements:
 §7- §e1. Set a key in /sh edit.
 §7- §e2. Click that key while the GUI element is visible.§r
13:42:23 §e[SkyHanni] Wrong slayer selected! You have Voidgloom Seraph selected and you are in an Inferno Demonlord area!§r
13:42:46 §e[SkyHanni] Wrong slayer selected! You have Voidgloom Seraph selected and you are in an Inferno Demonlord area!§r
13:43:28 §e[SkyHanni] Click here to load Trophy Fishing data from NEU PV!§r
13:44:47 §e[SkyHanni] Wrong slayer selected! You have Voidgloom Seraph selected and you are in an Inferno Demonlord area!§r
13:49:18 §e[SkyHanni] Wrong slayer selected! You have Voidgloom Seraph selected and you are in an Inferno Demonlord area!§r
13:50:42 §e[SkyHanni] Wrong slayer selected! You have Voidgloom Seraph selected and you are in an Inferno Demonlord area!§r
13:51:13 §e[SkyHanni] Wrong slayer selected! You have Voidgloom Seraph selected and you are in an Inferno Demonlord area!§r
13:55:01 §e[SkyHanni] §lCLICK HERE§r§e to grab §ax30 §9§5Silver Magmafish§e from sacks!§r
14:06:41 §e[SkyHanni] §lCLICK HERE§r§e to grab §ax3 §9§5Silver Magmafish§e from sacks!§r
14:23:57 §e[SkyHanni] Wrong slayer selected! You have Voidgloom Seraph selected and you are in an Inferno Demonlord area!§r
14:24:52 §6§lBESTIARY §r§b§lFire Eel §7§8VII §8➡§b §bVIII§r
14:26:08 §e[SkyHanni] Wrong slayer selected! You have Voidgloom Seraph selected and you are in an Inferno Demonlord area!§r
14:29:37 §e[SkyHanni] Wrong slayer selected! You have Voidgloom Seraph selected and you are in an Inferno Demonlord area!§r
14:30:20 §c[SkyHanni-0.27.Beta.4]: Caught an NoSuchElementException in FishingTimer at SeaCreatureFishEvent: null§c. Click here to copy the error into the clipboard.§r
14:30:57 §e[SkyHanni] Wrong slayer selected! You have Voidgloom Seraph selected and you are in an Inferno Demonlord area!§r
14:35:18 §e[SkyHanni] Wrong slayer selected! You have Voidgloom Seraph selected and you are in an Inferno Demonlord area!§r
14:47:23 §e[SkyHanni] Wrong slayer selected! You have Voidgloom Seraph selected and you are in an Inferno Demonlord area!§r
14:47:46 §e[SkyHanni] Wrong slayer selected! You have Voidgloom Seraph selected and you are in an Inferno Demonlord area!§r
14:47:56 §e[SkyHanni] §lCLICK HERE§r§e to grab §ax33 §9§5Silver Magmafish§e from sacks!§r
14:48:10 §e[SkyHanni] Wrong slayer selected! You have Voidgloom Seraph selected and you are in an Inferno Demonlord area!§r
14:51:19 §e[SkyHanni] §lCLICK HERE§r§e to grab §ax6 §9§5Silver Magmafish§e from sacks!§r
14:53:58 §e[SkyHanni] §9Old Man Garry §eis visiting your garden!§r
14:53:58 §e[SkyHanni] §9Iron Forger §eis visiting your garden!§r
14:53:58 §e[SkyHanni] §aGeonathan Greatforge §eis visiting your garden!§r
14:53:58 §e[SkyHanni] §aFisherman §eis visiting your garden!§r
14:53:58 §e[SkyHanni] §aTrevor §eis visiting your garden!§r
15:23:56 §e[SkyHanni] §b+4 SkyBlock XP §7(Collections§7)§b (90/100)§r
15:24:00 §e[SkyHanni] Gained §d4,875 motes §ethis Rift session! (§d14k/h§e)§r
16:09:09 §e[SkyHanni] §cYour Organic Matter is low!§r
16:09:09 §e[SkyHanni] §6Clerk Seraphine §eis visiting your garden!§r
16:09:09 §e[SkyHanni] §aJacob §eis visiting your garden!§r
16:09:09 §e[SkyHanni] §6Jerry §eis visiting your garden!§r
16:09:09 §e[SkyHanni] §9Bartender §eis visiting your garden!§r
16:09:09 §e[SkyHanni] §aShaggy §eis visiting your garden!§r
16:09:26 §e[SkyHanni] §aShaggy §eis visiting your garden!§r
