12:39:15  
12:39:15 [original] §r§aYou hear a faint Moo from the lava... A Moogma appears.§r
12:39:15 [modified] §e§lDOUBLE HOOK! §r§aYou hear a faint Moo from the lava... A Moogma appears.§r§r
12:43:36  
12:43:36 [original] §r§aFrom beneath the lava appears a Magma Slug.§r
12:43:36 [modified] §e§lDOUBLE HOOK! §r§aFrom beneath the lava appears a Magma Slug.§r§r
12:46:13  
12:46:13 [original] §r§aFrom beneath the lava appears a Magma Slug.§r
12:46:13 [modified] §e§lDOUBLE HOOK! §r§aFrom beneath the lava appears a Magma Slug.§r§r
12:47:28  
12:47:28 [original] §r§aYou hear a faint Moo from the lava... A Moogma appears.§r
12:47:28 [modified] §e§lDOUBLE HOOK! §r§aYou hear a faint Moo from the lava... A Moogma appears.§r§r
12:47:53  
12:47:53 [original] §r§aYou hear a faint Moo from the lava... A Moogma appears.§r
12:47:53 [modified] §e§lDOUBLE HOOK! §r§aYou hear a faint Moo from the lava... A Moogma appears.§r§r
13:11:53  
13:11:53 [original] §r§aA small but fearsome Lava Leech emerges.§r
13:11:53 [modified] §e§lDOUBLE HOOK! §r§aA small but fearsome Lava Leech emerges.§r§r
13:15:46  
13:15:46 [original] §r§aFrom beneath the lava appears a Magma Slug.§r
13:15:46 [modified] §e§lDOUBLE HOOK! §r§aFrom beneath the lava appears a Magma Slug.§r§r
13:22:18  
13:22:18 [original] §r§aA Lava Flame flies out from beneath the lava.§r
13:22:18 [modified] §e§lDOUBLE HOOK! §r§aA Lava Flame flies out from beneath the lava.§r§r
13:28:59  
13:28:59 [original] §r§aFrom beneath the lava appears a Magma Slug.§r
13:28:59 [modified] §e§lDOUBLE HOOK! §r§aFrom beneath the lava appears a Magma Slug.§r§r
13:29:15  
13:29:15 [original] §r§aFrom beneath the lava appears a Magma Slug.§r
13:29:15 [modified] §e§lDOUBLE HOOK! §r§aFrom beneath the lava appears a Magma Slug.§r§r
13:31:57  
13:31:57 [original] §r§aA Lava Flame flies out from beneath the lava.§r
13:31:57 [modified] §e§lDOUBLE HOOK! §r§aA Lava Flame flies out from beneath the lava.§r§r
13:35:43  
13:35:43 [original] §r§aA small but fearsome Lava Leech emerges.§r
13:35:43 [modified] §e§lDOUBLE HOOK! §r§aA small but fearsome Lava Leech emerges.§r§r
13:36:13  
13:36:13 [original] §r§aFrom beneath the lava appears a Magma Slug.§r
13:36:13 [modified] §e§lDOUBLE HOOK! §r§aFrom beneath the lava appears a Magma Slug.§r§r
13:37:26  
13:37:26 [original] §r§aA small but fearsome Lava Leech emerges.§r
13:37:26 [modified] §e§lDOUBLE HOOK! §r§aA small but fearsome Lava Leech emerges.§r§r
14:18:21  
14:18:21 [original] §r§aA small but fearsome Lava Leech emerges.§r
14:18:21 [modified] §e§lDOUBLE HOOK! §r§aA small but fearsome Lava Leech emerges.§r§r
14:21:26  
14:21:26 [original] §r§aFrom beneath the lava appears a Magma Slug.§r
14:21:26 [modified] §e§lDOUBLE HOOK! §r§aFrom beneath the lava appears a Magma Slug.§r§r
14:22:22  
14:22:22 [original] §r§aA small but fearsome Lava Leech emerges.§r
14:22:22 [modified] §e§lDOUBLE HOOK! §r§aA small but fearsome Lava Leech emerges.§r§r
14:22:29  
14:22:29 [original] §r§aYou feel the heat radiating as a Pyroclastic Worm surfaces.§r
14:22:29 [modified] §e§lDOUBLE HOOK! §r§aYou feel the heat radiating as a Pyroclastic Worm surfaces.§r§r
14:24:31  
14:24:31 [original] §r§aA Fire Eel slithers out from the depths.§r
14:24:31 [modified] §e§lDOUBLE HOOK! §r§aA Fire Eel slithers out from the depths.§r§r
14:24:39  
14:24:39 [original] §r§aFrom beneath the lava appears a Magma Slug.§r
14:24:39 [modified] §e§lDOUBLE HOOK! §r§aFrom beneath the lava appears a Magma Slug.§r§r
14:26:51  
14:26:51 [original] §r§aYou hear a faint Moo from the lava... A Moogma appears.§r
14:26:51 [modified] §e§lDOUBLE HOOK! §r§aYou hear a faint Moo from the lava... A Moogma appears.§r§r
