11:39:09 [allowed] §f §r§r§r§f §r§r§r§1 §r§r§r§0 §r§r§r§2 §r§r§r§f §r§r§r§f §r§r§r§2 §r§r§r§0 §r§r§r§4 §r§r§r§3 §r§r§r§9 §r§r§r§2 §r§r§r§0 §r§r§r§0 §r§r§r§3 §r§r§r§9 §r§r§r§2 §r§r§r§0 §r§r§r§0 §r§r§r§3 §r§r§r§9 §r§r§r§2 §r§r§r§0 §r§r§r§0 
11:39:09 [allowed] §aYou have §b2 §aunclaimed leveling rewards!
11:39:09 [allowed] §eClick here to view them!
11:39:09 [allowed] §b[MVP§5+§b] A_SimpleName§f §6joined the lobby!
11:39:09 [allowed] §b[MVP§a+§b] phiwijo§f §6joined the lobby!
11:39:10 [allowed] §b[MVP§d+§b] mickeycrafter§f §6joined the lobby!
11:39:10 [allowed]   §r§f§l➤ §r§6You have reached your Hype limit! Add Hype to Prototype Lobby minigames by right-clicking with the Hype Diamond!
11:39:24 [allowed] §b[MVP§6+§b] DC91§f §6joined the lobby!
11:39:38 [allowed] §b[MVP§2+§b] NotArcticc§f §6joined the lobby!
11:39:38 [allowed] §b[MVP§2+§b] GrayishGoose§f §6joined the lobby!
11:39:38 [allowed] §b[MVP§c+§b] JustDummy§f §6joined the lobby!
11:39:39 [allowed] §b[MVP§c+§b] Violetex§f §6joined the lobby!
11:39:39 [allowed] §b[MVP§0+§b] Sidite§f §6joined the lobby!
11:39:39 [allowed] §b[MVP§9+§b] MafiaGame_§f §6joined the lobby!
11:39:40 [allowed] §b[MVP§0+§b] Frqgy§f §6joined the lobby!
11:39:46 [allowed] §b[MVP§6+§b] JayKay3§f §6joined the lobby!
11:39:48 [allowed] §b[MVP§f+§b] SHAKEN7§f §6joined the lobby!
11:39:49 [allowed] §b[MVP§d+§b] Clexxer_463§f §6joined the lobby!
11:39:52 [allowed] §b[MVP§8+§b] SurvivorSlime§f §6joined the lobby!
11:39:56 [allowed] §a[VIP] Mc_deirtak§f§r§f: 356 pump, 7
11:39:58 [allowed] §b[MVP§d+§b] KennarPL§f §6joined the lobby!
11:40:05 [allowed] §b[MVP§f+§b] kirigokan§f §6joined the lobby!
11:40:06 [allowed] §b[MVP§c+§b] almightysage§f §6joined the lobby!
11:40:06 [allowed] §b[MVP§c+§b] _CGS§f §6joined the lobby!
11:40:08 [allowed] §b[MVP§a+§b] Kipaxo§f §6joined the lobby!
11:40:14 [allowed] §b[MVP§c+§b] JC_71§f §6joined the lobby!
11:40:16 [allowed] §b[MVP§3+§b] Levi_2301_§f §6joined the lobby!
11:40:21 [allowed] §b[MVP§9+§b] nsfwabhi§f §6joined the lobby!
11:40:22 [allowed] §b[MVP§d+§b] chokot7§f §6joined the lobby!
11:40:26 [allowed] §b[MVP§2+§b] Too_Noob§f §6joined the lobby!
11:40:29 [allowed] §7Sending to server mini18DC...
11:40:30 [allowed] §8 §r§8 §r§1 §r§3 §r§3 §r§7 §r§8 
11:40:32 [allowed] 
11:40:32 [allowed] §eWelcome to §r§aHypixel SkyBlock§r§e!
11:40:32 [allowed] 
11:40:32 [allowed] §eLatest update: §bSkyBlock v0.20.5 §e§lCLICK
11:40:33 [allowed] §aYou are playing on profile: §ePineapple
11:40:33 [allowed] §8Profile ID: cbcbcaaa-4182-4d77-bab6-b1345770fa92
11:40:34 [allowed] §6§lALLOWANCE! §r§eYou earned §r§650,000 coins§r§e!
11:40:49 [allowed] §d§lHOPPITY'S HUNT §r§dA §r§6Chocolate Breakfast Egg §r§dhas appeared!
11:41:13 [allowed] §f §r§r§r§f §r§r§r§1 §r§r§r§0 §r§r§r§2 §r§r§r§f §r§r§r§f §r§r§r§2 §r§r§r§0 §r§r§r§4 §r§r§r§3 §r§r§r§9 §r§r§r§2 §r§r§r§0 §r§r§r§0 §r§r§r§3 §r§r§r§9 §r§r§r§2 §r§r§r§0 §r§r§r§0 §r§r§r§3 §r§r§r§9 §r§r§r§2 §r§r§r§0 §r§r§r§0 
11:41:13 [allowed] §aYou have §b2 §aunclaimed leveling rewards!
11:41:13 [allowed] §eClick here to view them!
11:41:15 [allowed]   §r§f§l➤ §r§6You have reached your Hype limit! Add Hype to Prototype Lobby minigames by right-clicking with the Hype Diamond!
11:41:16 [allowed] §b[MVP§c+§b] O_R_T§f §6joined the lobby!
11:41:17 [allowed] §7Sending to server mini18DC...
11:41:17 [allowed] §8 §r§8 §r§1 §r§3 §r§3 §r§7 §r§8 
11:41:20 [allowed] 
11:41:20 [allowed] §eWelcome to §r§aHypixel SkyBlock§r§e!
11:41:20 [allowed] 
11:41:20 [allowed] §eLatest update: §bSkyBlock v0.20.5 §e§lCLICK
11:41:21 [allowed] §aYou are playing on profile: §ePineapple
11:41:21 [allowed] §8Profile ID: cbcbcaaa-4182-4d77-bab6-b1345770fa92
11:41:30 [allowed] §a§r§6Mining Speed Boost §r§ais now available!
11:42:18 [allowed] §a§r§6Mining Speed Boost §r§ais now available!
11:45:47 [allowed] §7Warping...
11:45:47 [allowed] §7Sending to server mini69N...
11:45:48 [allowed] §8 §r§8 §r§1 §r§3 §r§3 §r§7 §r§8 
11:45:49 [allowed] §8[§r§2179§r§8] §r§7❤ §r§a[VIP] Nushabe§f§r§f: like even with best items u have to farm months for skills for example
11:45:51 [allowed] §aYou are playing on profile: §ePineapple
11:45:51 [allowed] §8Profile ID: cbcbcaaa-4182-4d77-bab6-b1345770fa92
11:45:51 [allowed] §d§lHOPPITY'S HUNT §r§dYou found a §r§9Chocolate Lunch Egg §r§dnear lava in §r§bThe Forge§r§d!
11:45:54 [allowed] §D§LHOPPITY'S HUNT §7You found §fHarley §7(§F§LCOMMON§7)!
11:45:54 [allowed] §d§lNEW RABBIT! §6+1 Chocolate §7and §6+0.002x Chocolate §7per second!
11:45:57 [allowed] §8[§r§e118§r§8] §r§7✧ §r§7Idorhamster§7§r§7: taming
11:46:05 [allowed] §8[§r§e118§r§8] §r§7✧ §r§7Idorhamster§7§r§7: thats hell
11:46:11 [allowed] §8[§r§718§r§8] §r§7Pratyaksh0508§7§r§7: see for farming and mining i need money to make money
11:46:16 [allowed] §8[§r§718§r§8] §r§7Pratyaksh0508§7§r§7: what acan i do
11:46:26 [allowed] §8[§r§e95§r§8] §r§7AngeloSC§7§r§7: go make 18 chum talisman and u will reach 7m
11:46:29 [allowed] §8[§r§2179§r§8] §r§7❤ §r§a[VIP] Nushabe§f§r§f: nah with achivemnt having 1mil is rightful
11:46:40 [allowed] §d§lHOPPITY'S HUNT §r§dA §r§9Chocolate Lunch Egg §r§dhas appeared!
11:46:46 [allowed] §8[§r§718§r§8] §r§7Pratyaksh0508§7§r§7: i am only hotm 3
11:46:49 [allowed] §a§r§6Mining Speed Boost §r§ais now available!
11:46:50 [allowed] §8[§r§2179§r§8] §r§7❤ §r§a[VIP] Nushabe§f§r§f: its easier these rea
11:46:50 [allowed] §8[§r§f68§r§8] §r§b[MVP§6+§b] AlphaZ1968§f§r§f: ??
11:46:56 [allowed] §8[§r§e118§r§8] §r§7✧ §r§7Idorhamster§7§r§7: ok pra
11:47:03 [allowed] §8[§r§f68§r§8] §r§b[MVP§6+§b] AlphaZ1968§f§r§f: macro checker?
11:47:03 [allowed] §8[§r§e118§r§8] §r§7✧ §r§7Idorhamster§7§r§7: go get hotm 6 first
11:47:17 [allowed] §8[§r§e118§r§8] §r§7✧ §r§7Idorhamster§7§r§7: alpha ?
11:47:41 [allowed] §8[§r§2179§r§8] §r§7❤ §r§a[VIP] Nushabe§f§r§f: i just noticed mining gives a lot of skill xp
11:47:48 [allowed] §8[§r§2179§r§8] §r§7❤ §r§a[VIP] Nushabe§f§r§f: pet xp*
11:47:50 [allowed] §8[§r§e118§r§8] §r§7✧ §r§7Idorhamster§7§r§7: who ever has hotm 0 is a fucking legned
11:47:53 [allowed] §8[§r§e95§r§8] §r§7AngeloSC§7§r§7: commision even mre
11:47:54 [allowed] §8Withdrawing coins...
11:47:54 [allowed] §aYou have withdrawn §r§62M coins§r§a! You now have §r§614M coins §r§ain your account!
11:47:55 [allowed] §8[§r§e118§r§8] §r§7✧ §r§7Idorhamster§7§r§7: god
11:48:59 [allowed] §6[Bazaar] §r§7Putting goods in escrow...
11:48:59 [allowed] §6[Bazaar] §r§7Submitting buy order...
11:48:59 [allowed] §6[Bazaar] §r§7§r§eBuy Order Setup! §r§a10§r§7x §r§9Enchanted Diamond Block §r§7for §r§62,023,009 coins§r§7.
11:49:07 [allowed] §6[Bazaar] §eYour §aBuy Order §efor §a10§7x §9Enchanted Diamond Block §ewas filled!
11:49:20 [allowed] §6[Bazaar] §r§7Claiming order...
11:49:20 [allowed] §6[Bazaar] §r§7§r§7Claimed §r§a10§r§7x §r§9Enchanted Diamond Block §r§7worth §r§62,023,009 coins §r§7bought for §r§6202,301 §r§7each!
11:49:22 [allowed] §6[Bazaar] §r§7Cancelling order...
11:49:22 [allowed] §6[Bazaar] §r§7§r§cCancelled! §r§7Refunded §r§a1§r§7x §r§5Beady Eyes §r§7from cancelling Sell Offer!
11:49:25 [allowed] §c ☠ §r§7§r§7mi_guel1o§r§7 was killed by Ghost§r§7§r§7.
11:49:25 [allowed] §6[Bazaar] §r§7Cancelling order...
11:49:25 [allowed] §6[Bazaar] §r§7§r§cCancelled! §r§7Refunded §r§a1§r§7x §r§fCharm I §r§7from cancelling Sell Offer!
11:49:29 [allowed] §6[Bazaar] §r§7Putting goods in escrow...
11:49:29 [allowed] §6[Bazaar] §r§7Submitting sell offer...
11:49:29 [allowed] §6[Bazaar] §r§7§r§eSell Offer Setup! §r§a1§r§7x §r§fCharm I §r§7for §r§6113,123 coins§r§7.
11:50:01 [allowed] §7Warping you to your SkyBlock island...
11:50:01 [allowed] §7Sending to server mini100AJ...
11:50:02 [allowed] §8 §r§8 §r§1 §r§3 §r§3 §r§7 §r§8 
11:50:04 [allowed] §aYou are playing on profile: §ePineapple
11:50:04 [allowed] §8Profile ID: cbcbcaaa-4182-4d77-bab6-b1345770fa92
11:50:09 [allowed] §cAutopet §eequipped your §7[Lvl 100] §6Ammonite§e! §a§lVIEW RULE
11:50:14 [allowed] §cMissing arguments! Usage: /trade <player name>
11:50:18 [allowed] §aYou sold §r§5Beady Eyes§r§8 x1 §r§afor §r§61 Coin§r§a!
11:50:45 [allowed] §7Warping...
11:50:45 [allowed] §7Sending to server mini18DC...
11:50:45 [allowed] §8 §r§8 §r§1 §r§3 §r§3 §r§7 §r§8 
11:50:48 [allowed] §aYou are playing on profile: §ePineapple
11:50:48 [allowed] §8Profile ID: cbcbcaaa-4182-4d77-bab6-b1345770fa92
11:50:52 [allowed] §e[NPC] §aHoppity§f: §r§fHello!!!
11:50:53 [allowed] §e[NPC] §aHoppity§f: §r§fI'm the proud owner of the §6Chocolate Factory§f!
11:50:58 [allowed] §e[NPC] §aHoppity§f: §r§fMy §6Chocolate §fis the finest chocolate in the entire §9world§f.
11:51:01 [allowed] §e[NPC] §aHoppity§f: §r§fI have a brand new §dmarketing strategy§f, and every §aSpring §fseason I will spread various §aRabbit Eggs §facross the islands.
11:51:08 [allowed] §e[NPC] §aHoppity§f: §r§fCollect all the Rabbits I left in those eggs and I will let you use my factory!
11:51:13 [allowed] §e[NPC] §aHoppity§f: §r§fHappy egg hunting!
11:51:31 [allowed] §8Withdrawing coins...
11:51:31 [allowed] §aYou have withdrawn §r§62M coins§r§a! You now have §r§612M coins §r§ain your account!
11:51:36 [allowed] §D§LHOPPITY'S HUNT §7You found §fBagel §7(§F§LCOMMON§7)!
11:51:36 [allowed] §d§lNEW RABBIT! §6+1 Chocolate §7and §6+0.002x Chocolate §7per second!
11:51:36 [allowed] §aYou bought §r§fBagel §r§afor §r§6198,000 Coins§r§a!
11:51:37 [allowed] §D§LHOPPITY'S HUNT §7You found §fJonah §7(§F§LCOMMON§7)!
11:51:37 [allowed] §d§lNEW RABBIT! §6+1 Chocolate §7and §6+0.002x Chocolate §7per second!
11:51:37 [allowed] §aYou bought §r§fJonah §r§afor §r§6198,000 Coins§r§a!
11:51:38 [allowed] §D§LHOPPITY'S HUNT §7You found §fSnoppy §7(§F§LCOMMON§7)!
11:51:38 [allowed] §d§lNEW RABBIT! §6+1 Chocolate §7and §6+0.002x Chocolate §7per second!
11:51:38 [allowed] §aYou bought §r§fSnoppy §r§afor §r§6198,000 Coins§r§a!
11:51:39 [allowed] §D§LHOPPITY'S HUNT §7You found §fStanley §7(§F§LCOMMON§7)!
11:51:39 [allowed] §d§lNEW RABBIT! §6+1 Chocolate §7and §6+0.002x Chocolate §7per second!
11:51:39 [allowed] §aYou bought §r§fStanley §r§afor §r§6198,000 Coins§r§a!
11:51:40 [allowed] §D§LHOPPITY'S HUNT §7You found §fTeddy §7(§F§LCOMMON§7)!
11:51:40 [allowed] §d§lNEW RABBIT! §6+1 Chocolate §7and §6+0.002x Chocolate §7per second!
11:51:40 [allowed] §aYou bought §r§fTeddy §r§afor §r§6198,000 Coins§r§a!
11:51:41 [allowed] §D§LHOPPITY'S HUNT §7You found §aBrutus §7(§A§LUNCOMMON§7)!
11:51:41 [allowed] §d§lNEW RABBIT! §6+2 Chocolate §7and §6+0.003x Chocolate §7per second!
11:51:41 [allowed] §aYou bought §r§aBrutus §r§afor §r§6495,000 Coins§r§a!
11:51:43 [allowed] §cYou don't have enough Coins!
11:51:47 [allowed] §a§r§6Mining Speed Boost §r§ais now available!
11:51:50 [allowed] §8Withdrawing coins...
11:51:50 [allowed] §aYou have withdrawn §r§6100k coins§r§a! You now have §r§612M coins §r§ain your account!
11:51:51 [allowed] §D§LHOPPITY'S HUNT §7You found §9Phantom §7(§9§LRARE§7)!
11:51:51 [allowed] §d§lNEW RABBIT! §6+4 Chocolate §7and §6+0.004x Chocolate §7per second!
11:51:51 [allowed] §aYou bought §r§9Phantom §r§afor §r§6990,000 Coins§r§a!
11:52:30 [allowed] §d§lHOPPITY'S HUNT §r§dA §r§aChocolate Dinner Egg §r§dhas appeared!
11:52:49 [allowed] §d§lTIME TOWER! §r§7Your §r§6Chocolate Factory §r§7production has increased by §r§6+0.1x §r§7for §r§a1h§r§7!
11:52:51 [allowed] §9Rabbit Uncle §r§7has been promoted to §r§7[105§r§7] §r§9Assistant§r§7!
11:52:52 [allowed] §9Rabbit Dog §r§7has been promoted to §r§7[102§r§7] §r§9Assistant§r§7!
11:52:52 [allowed] §9Rabbit Granny §r§7has been promoted to §r§7[109§r§7] §r§9Assistant§r§7!
11:52:53 [allowed] §8[§r§2186§r§8] §r§7☃ §r§a[VIP] thekozaks§f§r§f: [SkyHanni] Breakfast Chocolate Egg located at x: -127, y: 73, z: -126 (on the emerald altar)
11:52:53 [allowed] §5Rabbit Bro §r§7has been promoted to §r§7[142§r§7] §r§5Manager§r§7!
11:52:54 [allowed] §9Rabbit Daddy §r§7has been promoted to §r§7[114§r§7] §r§9Assistant§r§7!
11:52:55 [allowed] §5Rabbit Cousin §r§7has been promoted to §r§7[129§r§7] §r§5Manager§r§7!
11:52:55 [allowed] §9Rabbit Sis §r§7has been promoted to §r§7[120§r§7] §r§9Assistant§r§7!
11:52:56 [allowed] §9Rabbit Uncle §r§7has been promoted to §r§7[106§r§7] §r§9Assistant§r§7!
11:52:57 [allowed] §9Rabbit Dog §r§7has been promoted to §r§7[103§r§7] §r§9Assistant§r§7!
11:52:57 [allowed] §9Rabbit Granny §r§7has been promoted to §r§7[110§r§7] §r§9Assistant§r§7!
11:52:58 [allowed] §5Rabbit Bro §r§7has been promoted to §r§7[143§r§7] §r§5Manager§r§7!
11:52:59 [allowed] §7You upgraded to §r§dCoach Jackrabbit VI§r§7!
11:53:00 [allowed] §9Rabbit Daddy §r§7has been promoted to §r§7[115§r§7] §r§9Assistant§r§7!
11:53:01 [allowed] §9Rabbit Sis §r§7has been promoted to §r§7[121§r§7] §r§9Assistant§r§7!
11:53:01 [allowed] §9Rabbit Uncle §r§7has been promoted to §r§7[107§r§7] §r§9Assistant§r§7!
11:53:02 [allowed] §9Rabbit Dog §r§7has been promoted to §r§7[104§r§7] §r§9Assistant§r§7!
11:53:03 [allowed] §5Rabbit Bro §r§7has been promoted to §r§7[144§r§7] §r§5Manager§r§7!
11:53:03 [allowed] §9Rabbit Granny §r§7has been promoted to §r§7[111§r§7] §r§9Assistant§r§7!
11:53:04 [allowed] §5Rabbit Cousin §r§7has been promoted to §r§7[130§r§7] §r§5Manager§r§7!
11:53:07 [allowed] §9Rabbit Sis §r§7has been promoted to §r§7[122§r§7] §r§9Assistant§r§7!
11:53:08 [allowed] §9Rabbit Daddy §r§7has been promoted to §r§7[116§r§7] §r§9Assistant§r§7!
11:53:08 [allowed] §9Rabbit Uncle §r§7has been promoted to §r§7[108§r§7] §r§9Assistant§r§7!
11:53:12 [allowed] §9Rabbit Dog §r§7has been promoted to §r§7[105§r§7] §r§9Assistant§r§7!
11:53:13 [allowed] §9Rabbit Granny §r§7has been promoted to §r§7[112§r§7] §r§9Assistant§r§7!
11:53:13 [allowed] §7You upgraded to §r§dRabbit Shrine I§r§7!
11:53:14 [allowed] §5Rabbit Bro §r§7has been promoted to §r§7[145§r§7] §r§5Manager§r§7!
11:53:15 [allowed] §5Rabbit Cousin §r§7has been promoted to §r§7[131§r§7] §r§5Manager§r§7!
11:53:16 [allowed] §9Rabbit Daddy §r§7has been promoted to §r§7[117§r§7] §r§9Assistant§r§7!
11:53:27 [allowed] §9Rabbit Sis §r§7has been promoted to §r§7[123§r§7] §r§9Assistant§r§7!
11:53:28 [allowed] §9Rabbit Uncle §r§7has been promoted to §r§7[109§r§7] §r§9Assistant§r§7!
11:53:29 [allowed] §9Rabbit Dog §r§7has been promoted to §r§7[106§r§7] §r§9Assistant§r§7!
11:53:30 [allowed] §9Rabbit Granny §r§7has been promoted to §r§7[113§r§7] §r§9Assistant§r§7!
11:53:30 [allowed] §5Rabbit Cousin §r§7has been promoted to §r§7[132§r§7] §r§5Manager§r§7!
11:53:31 [allowed] §5Rabbit Bro §r§7has been promoted to §r§7[146§r§7] §r§5Manager§r§7!
11:53:31 [allowed] §9Rabbit Daddy §r§7has been promoted to §r§7[118§r§7] §r§9Assistant§r§7!
11:53:32 [allowed] §9Rabbit Sis §r§7has been promoted to §r§7[124§r§7] §r§9Assistant§r§7!
11:53:33 [allowed] §9Rabbit Uncle §r§7has been promoted to §r§7[110§r§7] §r§9Assistant§r§7!
11:53:33 [allowed] §9Rabbit Dog §r§7has been promoted to §r§7[107§r§7] §r§9Assistant§r§7!
11:53:34 [allowed] §9Rabbit Granny §r§7has been promoted to §r§7[114§r§7] §r§9Assistant§r§7!
11:53:36 [allowed] §5Rabbit Bro §r§7has been promoted to §r§7[147§r§7] §r§5Manager§r§7!
11:53:43 [allowed] §5Rabbit Cousin §r§7has been promoted to §r§7[133§r§7] §r§5Manager§r§7!
11:53:43 [allowed] §9Rabbit Daddy §r§7has been promoted to §r§7[119§r§7] §r§9Assistant§r§7!
11:53:44 [allowed] §5Rabbit Sis §r§7has been promoted to §r§7[125§r§7] §r§5Manager§r§7!
11:53:45 [allowed] §9Rabbit Uncle §r§7has been promoted to §r§7[111§r§7] §r§9Assistant§r§7!
11:53:46 [allowed] §9Rabbit Dog §r§7has been promoted to §r§7[108§r§7] §r§9Assistant§r§7!
11:53:47 [allowed] §9Rabbit Granny §r§7has been promoted to §r§7[115§r§7] §r§9Assistant§r§7!
11:53:47 [allowed] §5Rabbit Bro §r§7has been promoted to §r§7[148§r§7] §r§5Manager§r§7!
11:53:48 [allowed] §5Rabbit Cousin §r§7has been promoted to §r§7[134§r§7] §r§5Manager§r§7!
11:53:49 [allowed] §9Rabbit Daddy §r§7has been promoted to §r§7[120§r§7] §r§9Assistant§r§7!
11:53:50 [allowed] §5Rabbit Sis §r§7has been promoted to §r§7[126§r§7] §r§5Manager§r§7!
11:53:50 [allowed] §9Rabbit Uncle §r§7has been promoted to §r§7[112§r§7] §r§9Assistant§r§7!
11:54:09 [allowed] §9Rabbit Uncle §r§7has been promoted to §r§7[113§r§7] §r§9Assistant§r§7!
11:54:09 [allowed] §9Rabbit Dog §r§7has been promoted to §r§7[109§r§7] §r§9Assistant§r§7!
11:54:10 [allowed] §7You upgraded to §r§dCoach Jackrabbit VII§r§7!
11:54:10 [allowed] §9Rabbit Granny §r§7has been promoted to §r§7[116§r§7] §r§9Assistant§r§7!
11:54:11 [allowed] §5Rabbit Bro §r§7has been promoted to §r§7[149§r§7] §r§5Manager§r§7!
11:54:13 [allowed] §5Rabbit Cousin §r§7has been promoted to §r§7[135§r§7] §r§5Manager§r§7!
11:54:13 [allowed] §9Rabbit Daddy §r§7has been promoted to §r§7[121§r§7] §r§9Assistant§r§7!
11:54:14 [allowed] §5Rabbit Sis §r§7has been promoted to §r§7[127§r§7] §r§5Manager§r§7!
11:54:15 [allowed] §9Rabbit Dog §r§7has been promoted to §r§7[110§r§7] §r§9Assistant§r§7!
11:54:16 [allowed] §5Rabbit Bro §r§7has been promoted to §r§7[150§r§7] §r§5Manager§r§7!
11:54:17 [allowed] §9Rabbit Granny §r§7has been promoted to §r§7[117§r§7] §r§9Assistant§r§7!
11:54:18 [allowed] §5Rabbit Cousin §r§7has been promoted to §r§7[136§r§7] §r§5Manager§r§7!
11:54:19 [allowed] §9Rabbit Daddy §r§7has been promoted to §r§7[122§r§7] §r§9Assistant§r§7!
11:54:20 [allowed] §5Rabbit Sis §r§7has been promoted to §r§7[128§r§7] §r§5Manager§r§7!
11:54:35 [allowed] §cThere are blocks in the way!
11:54:35 [allowed] §cThere are blocks in the way!
11:54:38 [allowed] §d§lHOPPITY'S HUNT §r§dYou found a §r§6Chocolate Breakfast Egg §r§don the emerald altar§r§d!
11:54:39 [allowed] §D§LHOPPITY'S HUNT §7You found §aBubbles §7(§A§LUNCOMMON§7)!
11:54:39 [allowed] §d§lNEW RABBIT! §6+2 Chocolate §7and §6+0.003x Chocolate §7per second!
11:55:33 [allowed] §8[§r§2160§r§8] §r§7§lꈔ §r§a[VIP§6+§a] AgentLodomir§f§r§f: LOWBALLING 750M PURSE!!!!!!!!!! 40M+ ITEMS /visit me
11:58:26 [allowed] §8[§r§79§r§8] §r§7Dk_x_ff§7§r§7: someone who can sell me good talismans for 1m (atlest 6 good talisman)
11:59:33 [allowed] §c ☠ §r§7§r§7skibidi_png§r§7 was killed by Revenant Horror§r§7§r§7.
12:00:49 [allowed] §d§lHOPPITY'S HUNT §r§dA §r§6Chocolate Breakfast Egg §r§dhas appeared!
12:01:22 [allowed] §f
12:01:22 [allowed] §4[WATCHDOG ANNOUNCEMENT]
12:01:22 [allowed] §fWatchdog has banned §r§c§l13,249§r§f players in the last 7 days.
12:01:22 [allowed] §fStaff have banned an additional §r§c§l12,343§r§f in the last 7 days.
12:01:22 [allowed] §cBlacklisted modifications are a bannable offense!
12:01:22 [allowed] §c
12:05:43 [allowed] §cThere are blocks in the way!
12:05:48 [allowed] §cThere are blocks in the way!
12:05:53 [allowed] §cThere are blocks in the way!
12:06:23 [allowed] §cThere are blocks in the way!
12:06:39 [allowed] §d§lHOPPITY'S HUNT §r§dA §r§9Chocolate Lunch Egg §r§dhas appeared!
12:07:05 [allowed] §e[NPC] §bVincent§f: §rI'm working on a masterpiece currently. Want to take a look?
12:07:20 [allowed] §7Warping...
12:07:21 [allowed] §7Sending to server mini263A...
12:07:21 [allowed] §8 §r§8 §r§1 §r§3 §r§3 §r§7 §r§8 
12:07:23 [allowed] §6§lGROSS! §7While you were offline, §6Pests §7spawned in §aPlots §r§b14§r§7, §r§b13§r§7, §r§b3§r§7, §r§b7§r§7, §r§b19§r§7 and §r§b6§r§r§7!
12:07:23 [allowed] §7Your §r§6☘ Farming Fortune §r§7has been reduced by §r§475%§r§7!
12:07:23 [allowed] §7Click on a plots name in chat to teleport to it!
12:07:24 [allowed] §aYou are playing on profile: §ePineapple
12:07:24 [allowed] §8Profile ID: cbcbcaaa-4182-4d77-bab6-b1345770fa92
12:08:21 [allowed] §a§r§6Mining Speed Boost §r§ais now available!
12:08:26 [allowed] §cThere are blocks in the way!
12:08:27 [allowed] §cThere are blocks in the way!
12:15:03 [allowed] §e[NPC] Jacob§f: §rMy contest has started!
12:15:05 [allowed] §e[NPC] Jacob§f: §rYour §9Anita's Artifact §fis giving you §6+25☘ Nether Wart Fortune §fduring the contest!
12:16:08 [allowed] §cThis ability is on cooldown for 1s.
12:16:08 [allowed] §cThis ability is on cooldown for 1s.
12:16:12 [allowed] §cThis ability is on cooldown for 1s.
12:16:18 [allowed] §cThis ability is on cooldown for 1s.
12:16:18 [allowed] §cThis ability is on cooldown for 1s.
12:16:19 [allowed] §6[Sacks] §r§a+3§r§e items§r§e.§r§8 (Last 5s.)
12:16:21 [allowed] §cThis ability is on cooldown for 1s.
12:16:29 [allowed] §6[Sacks] §r§a+4§r§e items§r§e.§r§8 (Last 5s.)
12:16:34 [allowed] §cThis ability is on cooldown for 1s.
12:16:37 [allowed] §cThis ability is on cooldown for 1s.
12:16:43 [allowed] §cThis ability is on cooldown for 1s.
12:16:45 [allowed] §6[Sacks] §r§a+5§r§e items§r§e.§r§8 (Last 5s.)
12:16:53 [allowed] §cThis ability is on cooldown for 1s.
12:16:53 [allowed] §cThis ability is on cooldown for 1s.
12:16:53 [allowed] §6[Sacks] §r§a+6§r§e items§r§e.§r§8 (Last 5s.)
12:16:55 [allowed] §cThis ability is on cooldown for 1s.
12:17:00 [allowed] §aYour Garden is no longer infested and your §r§6☘ Farming Fortune §r§ahas returned to normal!
12:17:03 [allowed] §cThis ability is on cooldown for 1s.
12:17:03 [allowed] §cThis ability is on cooldown for 1s.
12:17:05 [allowed] §6[Sacks] §r§a+6§r§e items§r§e.§r§8 (Last 5s.)
12:17:05 [allowed] §cThis ability is on cooldown for 1s.
12:17:07 [allowed] §cThis ability is on cooldown for 1s.
12:17:13 [allowed] §cThis ability is on cooldown for 1s.
12:17:15 [allowed] §6[Sacks] §r§a+6§r§e items§r§e.§r§8 (Last 5s.)
12:17:15 [allowed] §cThis ability is on cooldown for 1s.
12:17:15 [allowed] §cThis ability is on cooldown for 1s.
12:17:17 [allowed] §cThis ability is on cooldown for 1s.
12:17:23 [allowed] §cThis ability is on cooldown for 1s.
12:17:25 [allowed] §6[Sacks] §r§a+6§r§e items§r§e.§r§8 (Last 5s.)
12:17:32 [allowed] §6[Sacks] §r§a+6§r§e items§r§e.§r§8 (Last 5s.)
12:45:35 [allowed] §f §r§r§r§f §r§r§r§1 §r§r§r§0 §r§r§r§2 §r§r§r§f §r§r§r§f §r§r§r§2 §r§r§r§0 §r§r§r§4 §r§r§r§3 §r§r§r§9 §r§r§r§2 §r§r§r§0 §r§r§r§0 §r§r§r§3 §r§r§r§9 §r§r§r§2 §r§r§r§0 §r§r§r§0 §r§r§r§3 §r§r§r§9 §r§r§r§2 §r§r§r§0 §r§r§r§0 
12:45:35 [allowed] §b[MVP§c+§b] PythonXYZ§f §6joined the lobby!
12:45:35 [allowed] §aYou have §b2 §aunclaimed leveling rewards!
12:45:35 [allowed] §eClick here to view them!
12:45:36 [allowed]  §b>§c>§a>§r §r§6[MVP§0++§6] uvvr§f §6joined the lobby!§r §a<§c<§b<
12:45:36 [allowed] §b[MVP§5+§b] omersho§f §6joined the lobby!
12:45:36 [allowed] §b[MVP§c+§b] 6TMXM9§f §6joined the lobby!
12:45:37 [allowed]   §r§f§l➤ §r§6You have reached your Hype limit! Add Hype to Prototype Lobby minigames by right-clicking with the Hype Diamond!
12:45:38 [allowed] §b[MVP§3+§b] Levi_2301_§f §6joined the lobby!
12:45:39 [allowed] §7Sending to server mini26DF...
12:45:39 [allowed] §8 §r§8 §r§1 §r§3 §r§3 §r§7 §r§8 
12:45:42 [allowed] 
12:45:42 [allowed] §eWelcome to §r§aHypixel SkyBlock§r§e!
12:45:42 [allowed] 
12:45:42 [allowed] §eLatest update: §bSkyBlock v0.20.5 §e§lCLICK
12:45:43 [allowed] §aYou are playing on profile: §ePineapple
12:45:43 [allowed] §8Profile ID: cbcbcaaa-4182-4d77-bab6-b1345770fa92
12:46:39 [allowed] §a§r§6Mining Speed Boost §r§ais now available!
