11:55:00 [SKYMALL] §bNew day! §r§eYour §r§2Sky Mall §r§ebuff changed!
11:55:00 [SKYMALL] §eNew buff§r§r§r: §r§fReduce Pickaxe Ability cooldown by §r§a20%§r§f.
11:55:00 [SKYMALL] §8§oYou can disable this messaging by toggling Sky Mall in your /hotm!
12:11:33 [GARDEN_VISITOR_MESSAGE] §e[NPC] §9Zog§f: §r§fI have a big problem. I lost my sense of taste, now I can't tell the difference between a melon and a cactus...
12:11:38 [GARDEN_VISITOR_MESSAGE] §e[NPC] §9Zog§f: §r§fMy tongue is hurting for some reason...
12:11:39 [GARDEN_VISITOR_MESSAGE] §e[NPC] §aMason§f: §r§fI paid for one of Treasure Hunter's tips today and again, it only led me to a dirty shoelace. His tips are just not worth it...
12:11:41 [GARDEN_VISITOR_MESSAGE] §e[NPC] §aMason§f: §r§fYou're no better than the Treasure Hunter...
12:11:42 [GARDEN_VISITOR_MESSAGE] §e[NPC] §aAlchemist§f: §r§fBeen running low on my brewing supplies, Nether Warts are quite hard to come by these days.
12:11:47 [GARDEN_VISITOR_MESSAGE] §e[NPC] §aAlchemist§f: §r§fUnfortunate, I'll see if I can find some Nether Warts from someone else.
12:11:47 [GARDEN_VISITOR_MESSAGE] §e[NPC] §aWeaponsmith§f: §r§fHey! I am looking to make some Hot Potato Books to enhance some of my weapons, do you have any potatoes to spare?
12:11:49 [GARDEN_VISITOR_MESSAGE] §e[NPC] §aWeaponsmith§f: §r§fToo bad, I guess I'll have to look for actual metal next time...
12:11:50 [GARDEN_VISITOR_MESSAGE] §e[NPC] §aWizard§f: §rWhere am I? Oh, it's you §aHotBaconWasTaken§f.
12:11:51 [GARDEN_VISITOR_MESSAGE] §e[NPC] §aWizard§f: §r§fI suppose that was expected. Not many people have enough potatoes to power a magical portal.
12:14:59 [SKYMALL] §bNew day! §r§eYour §r§2Sky Mall §r§ebuff changed!
12:14:59 [SKYMALL] §eNew buff§r§r§r: §r§fGain §r§a+15% §r§fmore Powder while mining.
12:14:59 [SKYMALL] §8§oYou can disable this messaging by toggling Sky Mall in your /hotm!
12:16:14 [PEST_DROP] §eYou received §a3x Enchanted Hay Bale §efor killing a §6Fly§e!
12:16:24 [PEST_DROP] §eYou received §a4x Enchanted Hay Bale §efor killing a §6Fly§e!
12:16:40 [PEST_DROP] §eYou received §a5x Enchanted Hay Bale §efor killing a §6Fly§e!
12:16:47 [PEST_DROP] §eYou received §a6x Enchanted Hay Bale §efor killing a §6Fly§e!
12:17:00 [PEST_DROP] §eYou received §a6x Enchanted Hay Bale §efor killing a §6Fly§e!
12:17:00 [NEW_VISITOR_ARRIVED] §a§r§aLynn §r§ehas arrived on your §r§bGarden§r§e!
12:17:09 [PEST_DROP] §eYou received §a6x Enchanted Hay Bale §efor killing a §6Fly§e!
12:17:20 [PEST_DROP] §eYou received §a6x Enchanted Brown Mushroom §efor killing a §6Slug§e!
12:17:26 [PEST_DROP] §eYou received §a6x Enchanted Hay Bale §efor killing a §6Fly§e!
12:17:33 [GARDEN_VISITOR_MESSAGE] §e[NPC] §aLynn§f: §r§fIf you ever get lost, you should check on the Desk on what to do next.
12:17:35 [GARDEN_VISITOR_MESSAGE] §e[NPC] §aLynn§f: §r§fMaybe next time.
12:45:44 [SKYMALL] §bNew day! §r§eYour §r§2Sky Mall §r§ebuff changed!
12:45:44 [SKYMALL] §eNew buff§r§r§r: §r§fGain §r§a+50 §r§6☘ Mining Fortune§r§f.
12:45:44 [SKYMALL] §8§oYou can disable this messaging by toggling Sky Mall in your /hotm!
12:45:49 [GARDEN_VISITOR_MESSAGE] §e[NPC] §aLibrarian§f: §r§fGreetings! I've been running low on paper recently for my Enchanted Books, could you bring me some Sugar Cane?
12:45:52 [GARDEN_VISITOR_MESSAGE] §e[NPC] §aLibrarian§f: §r§fVery unfortunate, I really needed that paper...
12:45:53 [GARDEN_VISITOR_MESSAGE] §e[NPC] §9Seymour§f: §r§fWanting to buy something from me? I got some pretty fancy tuxedos for sale, for a price of a small fortune.
