12:29:37 §a§r§aOdawa §r§ehas arrived on your §r§bGarden§r§e!
12:41:37 §6§r§6Madame Eleanor Q. Goldsworth III §r§ehas arrived on your §r§bGarden§r§e!
13:38:36 §6§r§6Jerry §r§ehas arrived on your §r§bGarden§r§e!
13:47:37 §a§r§aGuy §r§ehas arrived on your §r§bGarden§r§e!
13:56:37 §a§r§aMason §r§ehas arrived on your §r§bGarden§r§e!
14:05:38 §a§r§aJamie §r§ehas arrived on your §r§bGarden§r§e!
14:14:38 §9§r§9Puzzler §r§ehas arrived on your §r§bGarden§r§e!
14:23:39 §a§r§aStella §r§ehas arrived on your §r§bGarden§r§e!
15:02:08 §6§r§6Pest Wrangler? §r§ehas arrived on your §r§bGarden§r§e!
15:11:09 §9§r§9Lumina §r§ehas arrived on your §r§bGarden§r§e!
15:17:09 §a§r§aGeonathan Greatforge §r§ehas arrived on your §r§bGarden§r§e!
15:20:10 §a§r§aVex §r§ehas arrived on your §r§bGarden§r§e!
15:23:11 §a§r§aOdawa §r§ehas arrived on your §r§bGarden§r§e!
15:26:15 §a§r§aLeo §r§ehas arrived on your §r§bGarden§r§e!
15:36:53 §a§r§aFelix §r§ehas arrived on your §r§bGarden§r§e!
15:41:44 §a§r§aFelix §r§ehas arrived on your §r§bGarden§r§e!
15:44:51 §a§r§aMason §r§ehas arrived on your §r§bGarden§r§e!
15:48:03 §6§r§6Pest Wrangler? §r§ehas arrived on your §r§bGarden§r§e!
15:51:30 §9§r§9Seymour §r§ehas arrived on your §r§bGarden§r§e!
15:54:34 §a§r§aFriendly Hiker §r§ehas arrived on your §r§bGarden§r§e!
16:04:45 §a§r§aLibrarian §r§ehas arrived on your §r§bGarden§r§e!
16:11:34 §a§r§aOringo §r§ehas arrived on your §r§bGarden§r§e!
16:15:08 §a§r§aAlchemist §r§ehas arrived on your §r§bGarden§r§e!
16:18:14 §9§r§9Tammy §r§ehas arrived on your §r§bGarden§r§e!
16:21:19 §a§r§aPest Wrangler §r§ehas arrived on your §r§bGarden§r§e!
16:24:26 §a§r§aOdawa §r§ehas arrived on your §r§bGarden§r§e!
16:35:24 §a§r§aFriendly Hiker §r§ehas arrived on your §r§bGarden§r§e!
16:42:24 §a§r§aLynn §r§ehas arrived on your §r§bGarden§r§e!
