10:58:02 §e[SkyHanni] Reminding you to grab the free New Year Cake. Click here to open the baker menu!
§e[CLICK to open the baker menu or disable this feature]§r
10:58:33 §e[SkyHanni] Reminding you to grab the free New Year Cake. Click here to open the baker menu!
§e[CLICK to open the baker menu or disable this feature]§r
11:05:56 §e[SkyHanni] §cYour Organic Matter is low!§r
11:05:56 §e[SkyHanni] §aFear Mongerer §eis visiting your garden!§r
11:05:56 §e[SkyHanni] §aDuke §eis visiting your garden!§r
11:05:56 §e[SkyHanni] §aTom §eis visiting your garden!§r
11:05:56 §e[SkyHanni] §aLynn §eis visiting your garden!§r
11:05:56 §e[SkyHanni] §aJack §eis visiting your garden!§r
11:10:57 §e[SkyHanni] §aLumber Jack §eis visiting your garden!§r
11:11:31 §e[SkyHanni] §lCLICK HERE§r§e to grab §ax1 §9§aEnchanted Golden Carrot§e from sacks!§r
11:11:31 §e[SkyHanni] §lCLICK HERE§r§e to grab §ax1 §9§aEnchanted Golden Carrot§e from sacks!§r
11:11:32 §e[SkyHanni] §lCLICK HERE§r§e to grab §ax1 §9§aEnchanted Golden Carrot§e from sacks!§r
11:11:32 §e[SkyHanni] §lCLICK HERE§r§e to grab §ax1 §9§aEnchanted Golden Carrot§e from sacks!§r
11:34:23 §e[SkyHanni] Mark NEU Heavy Pearls as done.§r
11:34:44 §c[SkyHanni] Usage: /shmarkplayer <name>§r
11:35:01 §e[SkyHanni] Successfully loaded this year's contests from elitebot.dev automatically!§r
12:15:00 §e[SkyHanni] This year's contests aren't available to fetch automatically yet, please load them from your calendar or wait 10 minutes.§r
12:15:00 §e[SkyHanni] Click here to open your calendar!§r
12:22:40 §e[SkyHanni] §b+6 SkyBlock XP §7(Museum Donations§7)§b (35/100)§r
12:22:42 §e[SkyHanni] §b+14 SkyBlock XP §7(Museum Donations§7)§b (49/100)§r
12:25:01 §e[SkyHanni] This year's contests aren't available to fetch automatically yet, please load them from your calendar or wait 10 minutes.§r
12:25:01 §e[SkyHanni] Click here to open your calendar!§r
12:35:02 §e[SkyHanni] Successfully loaded this year's contests from elitebot.dev automatically!§r
12:57:28 §e[SkyHanni] §cYour Time Tower just expired and has 2 charges remaining. Click here to use one.§r
13:04:43 §e[SkyHanni] §9Lazy Miner §eis visiting your garden!§r
13:04:43 §e[SkyHanni] §aAdventurer §eis visiting your garden!§r
13:04:43 §e[SkyHanni] §9Gwendolyn §eis visiting your garden!§r
13:04:43 §e[SkyHanni] §aOdawa §eis visiting your garden!§r
13:04:43 §e[SkyHanni] §aLumber Jack §eis visiting your garden!§r
13:06:55 §e[SkyHanni] §lCLICK HERE§r§e to grab §ax5 §9§aEnchanted Golden Carrot§e from sacks!§r
13:10:59 §e[SkyHanni] §lCLICK HERE§r§e to grab §ax13 §9§aEnchanted Golden Carrot§e from sacks!§r
13:11:08 §e[SkyHanni] §lCLICK HERE§r§e to grab §ax3 §9§aEnchanted Golden Carrot§e from sacks!§r
13:13:15 §e[SkyHanni] §6Clerk Seraphine §eis visiting your garden!§r
13:21:27 §e[SkyHanni] §b+2 SkyBlock XP §7(Composter Upgrades§7)§b (51/100)§r
13:21:41 §e[SkyHanni] §b+1 SkyBlock XP §7(Composter Upgrades§7)§b (52/100)§r
13:21:59 §e[SkyHanni] §b+1 SkyBlock XP §7(Composter Upgrades§7)§b (53/100)§r
13:22:16 §e[SkyHanni] §9Bartender §eis visiting your garden!§r
13:22:21 §e[SkyHanni] §b+1 SkyBlock XP §7(Composter Upgrades§7)§b (54/100)§r
13:22:31 §e[SkyHanni] §b+1 SkyBlock XP §7(Composter Upgrades§7)§b (55/100)§r
13:22:44 §e[SkyHanni] §b+1 SkyBlock XP §7(Composter Upgrades§7)§b (56/100)§r
13:23:12 §e[SkyHanni] §b+1 SkyBlock XP §7(Composter Upgrades§7)§b (57/100)§r
13:25:57 §e[SkyHanni] §b+2 SkyBlock XP §7(Composter Upgrades§7)§b (64/100)§r
13:26:32 §e[SkyHanni] §b+2 SkyBlock XP §7(Composter Upgrades§7)§b (66/100)§r
13:27:18 §e[SkyHanni] §b+2 SkyBlock XP §7(Composter Upgrades§7)§b (68/100)§r
13:28:25 §e[SkyHanni] §lCLICK HERE§r§e to grab §ax11 §9§aEnchanted Golden Carrot§e from sacks!§r
13:29:17 §e[SkyHanni] §lCLICK HERE§r§e to grab §ax11 §9§aEnchanted Golden Carrot§e from sacks!§r
13:30:07 §e[SkyHanni] §lCLICK HERE§r§e to grab §ax10 §9§aEnchanted Golden Carrot§e from sacks!§r
13:32:34 §e[SkyHanni] §aPlumber Joe §eis visiting your garden!§r
13:41:33 §e[SkyHanni] §aWizard §eis visiting your garden!§r
14:38:21 §e[SkyHanni] §cYour Time Tower just expired and has 1 charge remaining. Click here to use one.§r
14:39:57 §e[SkyHanni] §cYour Organic Matter is low!§r
14:39:57 §e[SkyHanni] §aOdawa §eis visiting your garden!§r
14:39:57 §e[SkyHanni] §9Gold Forger §eis visiting your garden!§r
14:39:57 §e[SkyHanni] §aShaggy §eis visiting your garden!§r
14:39:57 §e[SkyHanni] §aHungry Hiker §eis visiting your garden!§r
14:48:58 §e[SkyHanni] §aEmissary Fraiser §eis visiting your garden!§r
14:57:59 §e[SkyHanni] §6Jerry §eis visiting your garden!§r
15:07:01 §e[SkyHanni] §9Lazy Miner §eis visiting your garden!§r
15:13:23 §e[SkyHanni] Wrong slayer selected! You have Voidgloom Seraph selected and you are in an Revenant Horror area!§r
15:39:40 §e[SkyHanni] §fYou were in Limbo for §e40s§f.§r
15:39:47 §e[SkyHanni] You have gained §b350 §eBits.§r
16:09:56 §e[SkyHanni] You have gained §b350 §eBits.§r
16:36:24 §e[SkyHanni] §eTo edit hidden GUI elements:
 §7- §e1. Set a key in /sh edit.
 §7- §e2. Click that key while the GUI element is visible.§r
16:40:05 §e[SkyHanni] You have gained §b350 §eBits.§r
16:50:33 §e[SkyHanni] §fYou were in Limbo for §e8m 45s§f.§r
17:10:23 §e[SkyHanni] You have gained §b350 §eBits.§r
17:30:30 §e[SkyHanni] §aRhys §eis visiting your garden!§r
17:30:30 §e[SkyHanni] §aAndrew §eis visiting your garden!§r
17:30:30 §e[SkyHanni] §aFear Mongerer §eis visiting your garden!§r
17:30:30 §e[SkyHanni] §aFelix §eis visiting your garden!§r
17:30:30 §e[SkyHanni] §aWizard §eis visiting your garden!§r
17:31:13 §e[SkyHanni] You have gained §b7 §eBits.§r
17:31:14 §e[SkyHanni] Started tracking your Jacob Contest Blocks Per Second!§r
17:31:24 §e[SkyHanni] You have gained §b7 §eBits.§r
17:40:55 §e[SkyHanni] You have gained §b700 §eBits.§r
18:11:00 §e[SkyHanni] You have gained §b350 §eBits.§r
18:41:03 §e[SkyHanni] You have gained §b350 §eBits.§r
19:11:06 §e[SkyHanni] You have gained §b350 §eBits.§r
19:41:12 §e[SkyHanni] You have gained §b350 §eBits.§r
20:11:49 §e[SkyHanni] You have gained §b350 §eBits.§r
20:20:35 §e[SkyHanni] §cYour Organic Matter is low!§r
20:20:35 §e[SkyHanni] §aRyu §eis visiting your garden!§r
20:20:35 §e[SkyHanni] §9Grandma Wolf §eis visiting your garden!§r
20:20:35 §e[SkyHanni] §aEmissary Fraiser §eis visiting your garden!§r
20:20:35 §e[SkyHanni] §aPlumber Joe §eis visiting your garden!§r
20:20:35 §e[SkyHanni] §aJotraeline Greatforge §eis visiting your garden!§r
20:20:49 §e[SkyHanni] You have gained §b7 §eBits.§r
20:20:59 §e[SkyHanni] You have gained §b7 §eBits.§r
20:21:48 §e[SkyHanni] You have gained §b7 §eBits.§r
20:42:18 §e[SkyHanni] You have gained §b350 §eBits.§r
21:12:34 §e[SkyHanni] You have gained §b350 §eBits.§r
21:13:08 §e[SkyHanni] §9Lumina §eis visiting your garden!§r
21:13:08 §e[SkyHanni] §aLumber Jack §eis visiting your garden!§r
21:13:08 §e[SkyHanni] §aTrevor §eis visiting your garden!§r
21:13:08 §e[SkyHanni] §aVex §eis visiting your garden!§r
21:13:08 §e[SkyHanni] §aFarmhand §eis visiting your garden!§r
21:14:13 §e[SkyHanni] You have gained §b7 §eBits.§r
21:43:12 §e[SkyHanni] You have gained §b700 §eBits.§r
22:13:15 §e[SkyHanni] You have gained §b350 §eBits.§r
22:22:52 §c[SkyHanni-0.27.Beta.4]: Caught an NullPointerException in ReforgeHelper at BackgroundDrawnEvent: null§c. Click here to copy the error into the clipboard.§r
22:23:00 §c[SkyHanni-0.27.Beta.4]: Caught an NullPointerException in ReforgeHelper at BackgroundDrawnEvent: null§c. Click here to copy the error into the clipboard.§r
22:43:46 §e[SkyHanni] You have gained §b350 §eBits.§r
23:14:01 §e[SkyHanni] You have gained §b350 §eBits.§r
23:44:05 §e[SkyHanni] You have gained §b350 §eBits.§r
00:14:08 §e[SkyHanni] You have gained §b350 §eBits.§r
00:44:28 §e[SkyHanni] You have gained §b350 §eBits.§r
01:00:43 §e[SkyHanni] §b+1 SkyBlock XP §7(HOTM Progression§7)§b (72/100)§r
01:14:30 §e[SkyHanni] You have gained §b350 §eBits.§r
