18:19:52 §f                                  §6§lBESTIARY
18:19:52 §f                             §b§lTaurus §7§8VI §8➡§b §bVII
18:19:52 
18:19:52 §f                                  §r§6§lREWARDS
18:19:52 §f                         §r§8+§r§a3 Taurus §r§b✯ Magic Find
18:19:52 §f                          §r§8+§r§a3 Taurus §r§c❁ Strength
18:19:52 §f                             §r§8+§r§62% §r§aTaurus §r§7coins
18:19:52 §f                    §r§8+§r§a50% §r§7chance for extra XP orbs
18:19:52 §f                               §r§8+§r§b1 SkyBlock XP
18:19:52 
18:19:52 §3§l▬▬▬▬▬▬▬▬▬▬▬▬▬▬▬▬▬▬▬▬▬▬▬▬▬▬▬▬▬▬▬▬▬▬▬▬▬▬▬▬▬▬▬▬▬▬▬▬▬▬▬▬▬▬▬▬▬▬▬▬▬▬▬▬
18:48:58 §f                                  §6§lBESTIARY
18:48:58 §f                              §b§lThunder §7§8I §8➡§b §bII
18:48:58 
18:48:58 §f                                  §r§6§lREWARDS
18:48:58 §f                         §r§8+§r§a2 Thunder §r§b✯ Magic Find
18:48:58 §f                         §r§8+§r§a2 Thunder §r§c❁ Strength
18:48:58 §f                             §r§8+§r§62% §r§aThunder §r§7coins
18:48:58 §f                    §r§8+§r§a50% §r§7chance for extra XP orbs
18:48:58 §f                               §r§8+§r§b1 SkyBlock XP
18:48:58 
18:48:58 §3§l▬▬▬▬▬▬▬▬▬▬▬▬▬▬▬▬▬▬▬▬▬▬▬▬▬▬▬▬▬▬▬▬▬▬▬▬▬▬▬▬▬▬▬▬▬▬▬▬▬▬▬▬▬▬▬▬▬▬▬▬▬▬▬▬
19:03:46 §f                                  §6§lBESTIARY
19:03:46 §f                            §b§lTaurus §7§8VII §8➡§b §bVIII
19:03:46 
19:03:46 §f                                  §r§6§lREWARDS
19:03:46 §f                         §r§8+§r§a3 Taurus §r§b✯ Magic Find
19:03:46 §f                          §r§8+§r§a3 Taurus §r§c❁ Strength
19:03:46 §f                             §r§8+§r§62% §r§aTaurus §r§7coins
19:03:46 §f                    §r§8+§r§a50% §r§7chance for extra XP orbs
19:03:46 §f                               §r§8+§r§b1 SkyBlock XP
19:03:46 
19:03:46 §3§l▬▬▬▬▬▬▬▬▬▬▬▬▬▬▬▬▬▬▬▬▬▬▬▬▬▬▬▬▬▬▬▬▬▬▬▬▬▬▬▬▬▬▬▬▬▬▬▬▬▬▬▬▬▬▬▬▬▬▬▬▬▬▬▬
19:06:30 §f                                  §6§lBESTIARY
19:06:30 §f                             §b§lThunder §7§8II §8➡§b §bIII
19:06:30 
19:06:30 §f                                  §r§6§lREWARDS
19:06:30 §f                         §r§8+§r§a2 Thunder §r§b✯ Magic Find
19:06:30 §f                         §r§8+§r§a2 Thunder §r§c❁ Strength
19:06:30 §f                             §r§8+§r§62% §r§aThunder §r§7coins
19:06:30 §f                    §r§8+§r§a50% §r§7chance for extra XP orbs
19:06:30 §f                               §r§8+§r§b1 SkyBlock XP
19:06:30 
19:06:30 §3§l▬▬▬▬▬▬▬▬▬▬▬▬▬▬▬▬▬▬▬▬▬▬▬▬▬▬▬▬▬▬▬▬▬▬▬▬▬▬▬▬▬▬▬▬▬▬▬▬▬▬▬▬▬▬▬▬▬▬▬▬▬▬▬▬
