16:43:08 §e[NPC] §9Seymour§f: §r§fWanting to buy something from me? I got some pretty fancy tuxedos for sale, for a price of a small fortune.
16:43:17 §e[NPC] §9Seymour§f: §r§f*sigh* You're missing out on some awfully fancy gear.
16:43:19 §e[NPC] §aOdawa§f: §r§fI'm supposed to collect some food for the village, the Kalhuiki people have been through a tough time recently.
16:43:22 §e[NPC] §aOdawa§f: §r§fI guess I'll have to turn up empty-handed.
16:43:23 §e[NPC] §9Lazy Miner§f: §rIt's Friday, my resting day! I earned myself a little treat, maybe you could bring me some chocolate?
16:43:24 §e[NPC] §9Lazy Miner§f: §r§fThat's really unfortunate, I'll just come back again on my next resting day!
16:43:25 §e[NPC] §aGuy§f: §r§fHeard you may got some mushrooms...I've been looking for some...
16:43:28 §e[NPC] §aGuy§f: §r§fOh man gee, that's awful man, call me when you got 'em alright?
16:43:28 §e[NPC] §9Bartender§f: §r§fI want to make some new brews, do you think you can give me some ingredients to work with?
16:43:31 §e[NPC] §9Bartender§f: §r§fHard times we are in. Take care!
20:53:26 §e[NPC] §aAnita§f: §r§fHey hey hey again! I'll trade you some copper for some carrots!
20:53:27 §e[NPC] §aAnita§f: §r§fOh, darn it :(
20:53:28 §e[NPC] §9Grandma Wolf§f: §r§fMy little child, you don't look so good. You should eat something. I have an idea, give me some ingredients and I'll make you a nice soup.
20:53:29 §e[NPC] §9Grandma Wolf§f: §r§fYou denied Grandma Wolf's request. How dare you treat your granny like that.
20:53:30 §e[NPC] §aEmissary Ceanna§f: §r§fThe King's favorite emissary is here to request potatoes for the King's great feast! 
20:53:33 §e[NPC] §aEmissary Ceanna§f: §r§fI will inform the King about this disgrace!
20:53:33 §e[NPC] §aJamie§f: §r§fYou might have noticed that you can purchase additional plots within your Desk in the Barn!
20:53:35 §e[NPC] §aJamie§f: §r§fNo worries.
20:53:36 §e[NPC] §aDuke§f: §rYou seem new here. You should probably try to get some §aEnchanted Hay Bale §ffor me.
20:53:38 §e[NPC] §aDuke§f: §r§fSee ya next time!
21:01:52 §e[NPC] §9Iron Forger§f: §r§fI've recently got into cooking, yesterday I made pasta carbonara, today I'm planning on baking a carrot cake.
21:01:57 §e[NPC] §9Iron Forger§f: §r§fWill have to order some food today then.
21:13:57 §e[NPC] §9Old Man Garry§f: §r§fPeople have no manners these days. They come up to me, and disappear instantly! They don't even greet me! Back in my day, we were raised better than that.
21:14:02 §e[NPC] §9Old Man Garry§f: §r§fOf course. What else did I expect from this generation.
