16:42:59 §bNew day! §r§eYour §r§2Sky Mall §r§ebuff changed!
16:42:59 §eNew buff§r§r§r: §r§fGain §r§a+50 §r§6☘ Mining Fortune§r§f.
16:42:59 §8§oYou can disable this messaging by toggling Sky Mall in your /hotm!
16:54:59 §bNew day! §r§eYour §r§2Sky Mall §r§ebuff changed!
16:54:59 §eNew buff§r§r§r: §r§fReduce Pickaxe Ability cooldown by §r§a20%§r§f.
16:54:59 §8§oYou can disable this messaging by toggling Sky Mall in your /hotm!
17:14:59 §bNew day! §r§eYour §r§2Sky Mall §r§ebuff changed!
17:14:59 §eNew buff§r§r§r: §r§fGain §r§a+50 §r§6☘ Mining Fortune§r§f.
17:14:59 §8§oYou can disable this messaging by toggling Sky Mall in your /hotm!
17:35:00 §bNew day! §r§eYour §r§2Sky Mall §r§ebuff changed!
17:35:00 §eNew buff§r§r§r: §r§fGain §r§a5x §r§9Titanium §r§fdrops
17:35:00 §8§oYou can disable this messaging by toggling Sky Mall in your /hotm!
18:15:00 §bNew day! §r§eYour §r§2Sky Mall §r§ebuff changed!
18:15:00 §eNew buff§r§r§r: §r§fGain §r§a+50 §r§6☘ Mining Fortune§r§f.
18:15:00 §8§oYou can disable this messaging by toggling Sky Mall in your /hotm!
18:35:00 §bNew day! §r§eYour §r§2Sky Mall §r§ebuff changed!
18:35:00 §eNew buff§r§r§r: §r§fReduce Pickaxe Ability cooldown by §r§a20%§r§f.
18:35:00 §8§oYou can disable this messaging by toggling Sky Mall in your /hotm!
18:55:00 §bNew day! §r§eYour §r§2Sky Mall §r§ebuff changed!
18:55:00 §eNew buff§r§r§r: §r§fReduce Pickaxe Ability cooldown by §r§a20%§r§f.
18:55:00 §8§oYou can disable this messaging by toggling Sky Mall in your /hotm!
19:15:01 §bNew day! §r§eYour §r§2Sky Mall §r§ebuff changed!
19:15:01 §eNew buff§r§r§r: §r§fGain §r§a+50 §r§6☘ Mining Fortune§r§f.
19:15:01 §8§oYou can disable this messaging by toggling Sky Mall in your /hotm!
19:35:01 §bNew day! §r§eYour §r§2Sky Mall §r§ebuff changed!
19:35:01 §eNew buff§r§r§r: §r§fGain §r§a+15% §r§fmore Powder while mining.
19:35:01 §8§oYou can disable this messaging by toggling Sky Mall in your /hotm!
19:55:00 §bNew day! §r§eYour §r§2Sky Mall §r§ebuff changed!
19:55:00 §eNew buff§r§r§r: §r§fGain §r§a5x §r§9Titanium §r§fdrops
19:55:00 §8§oYou can disable this messaging by toggling Sky Mall in your /hotm!
20:15:00 §bNew day! §r§eYour §r§2Sky Mall §r§ebuff changed!
20:15:00 §eNew buff§r§r§r: §r§fReduce Pickaxe Ability cooldown by §r§a20%§r§f.
20:15:00 §8§oYou can disable this messaging by toggling Sky Mall in your /hotm!
20:45:04 §bNew day! §r§eYour §r§2Sky Mall §r§ebuff changed!
20:45:04 §eNew buff§r§r§r: §r§fGain §r§a+15% §r§fmore Powder while mining.
20:45:04 §8§oYou can disable this messaging by toggling Sky Mall in your /hotm!
20:55:00 §bNew day! §r§eYour §r§2Sky Mall §r§ebuff changed!
20:55:00 §eNew buff§r§r§r: §r§fGain §r§a+50 §r§6☘ Mining Fortune§r§f.
20:55:00 §8§oYou can disable this messaging by toggling Sky Mall in your /hotm!
21:35:00 §bNew day! §r§eYour §r§2Sky Mall §r§ebuff changed!
21:35:00 §eNew buff§r§r§r: §r§fGain §r§a+15% §r§fmore Powder while mining.
21:35:00 §8§oYou can disable this messaging by toggling Sky Mall in your /hotm!
22:15:00 §bNew day! §r§eYour §r§2Sky Mall §r§ebuff changed!
22:15:00 §eNew buff§r§r§r: §r§fGain §r§a+15% §r§fmore Powder while mining.
22:15:00 §8§oYou can disable this messaging by toggling Sky Mall in your /hotm!
22:35:00 §bNew day! §r§eYour §r§2Sky Mall §r§ebuff changed!
22:35:00 §eNew buff§r§r§r: §r§fGain §r§a+50 §r§6☘ Mining Fortune§r§f.
22:35:00 §8§oYou can disable this messaging by toggling Sky Mall in your /hotm!
