11:27:01 [SKYMALL] §bNew day! §r§eYour §r§2Sky Mall §r§ebuff changed!
11:27:01 [SKYMALL] §eNew buff§r§r§r: §r§fGain §r§a+100 §r§6⸕ Mining Speed§r§f.
11:27:01 [SKYMALL] §8§oYou can disable this messaging by toggling Sky Mall in your /hotm!
11:34:54 [SKYMALL] §bNew day! §r§eYour §r§2Sky Mall §r§ebuff changed!
11:34:54 [SKYMALL] §eNew buff§r§r§r: §r§fGain §r§a+100 §r§6⸕ Mining Speed§r§f.
11:34:54 [SKYMALL] §8§oYou can disable this messaging by toggling Sky Mall in your /hotm!
11:54:53 [SKYMALL] §bNew day! §r§eYour §r§2Sky Mall §r§ebuff changed!
11:54:53 [SKYMALL] §eNew buff§r§r§r: §r§fGain §r§a+50 §r§6☘ Mining Fortune§r§f.
11:54:53 [SKYMALL] §8§oYou can disable this messaging by toggling Sky Mall in your /hotm!
12:14:54 [SKYMALL] §bNew day! §r§eYour §r§2Sky Mall §r§ebuff changed!
12:14:54 [SKYMALL] §eNew buff§r§r§r: §r§fGain §r§a+50 §r§6☘ Mining Fortune§r§f.
12:14:54 [SKYMALL] §8§oYou can disable this messaging by toggling Sky Mall in your /hotm!
12:34:54 [SKYMALL] §bNew day! §r§eYour §r§2Sky Mall §r§ebuff changed!
12:34:54 [SKYMALL] §eNew buff§r§r§r: §r§f§r§a10x §r§fchance to find Golden and Diamond Goblins.
12:34:54 [SKYMALL] §8§oYou can disable this messaging by toggling Sky Mall in your /hotm!
12:54:53 [SKYMALL] §bNew day! §r§eYour §r§2Sky Mall §r§ebuff changed!
12:54:53 [SKYMALL] §eNew buff§r§r§r: §r§fReduce Pickaxe Ability cooldown by §r§a20%§r§f.
12:54:53 [SKYMALL] §8§oYou can disable this messaging by toggling Sky Mall in your /hotm!
13:14:53 [SKYMALL] §bNew day! §r§eYour §r§2Sky Mall §r§ebuff changed!
13:14:53 [SKYMALL] §eNew buff§r§r§r: §r§fGain §r§a+100 §r§6⸕ Mining Speed§r§f.
13:14:53 [SKYMALL] §8§oYou can disable this messaging by toggling Sky Mall in your /hotm!
13:34:53 [SKYMALL] §bNew day! §r§eYour §r§2Sky Mall §r§ebuff changed!
13:34:53 [SKYMALL] §eNew buff§r§r§r: §r§fGain §r§a+15% §r§fmore Powder while mining.
13:34:53 [SKYMALL] §8§oYou can disable this messaging by toggling Sky Mall in your /hotm!
14:45:29 [SKYMALL] §bNew day! §r§eYour §r§2Sky Mall §r§ebuff changed!
14:45:29 [SKYMALL] §eNew buff§r§r§r: §r§fGain §r§a+100 §r§6⸕ Mining Speed§r§f.
14:45:29 [SKYMALL] §8§oYou can disable this messaging by toggling Sky Mall in your /hotm!
14:54:54 [SKYMALL] §bNew day! §r§eYour §r§2Sky Mall §r§ebuff changed!
14:54:54 [SKYMALL] §eNew buff§r§r§r: §r§fReduce Pickaxe Ability cooldown by §r§a20%§r§f.
14:54:54 [SKYMALL] §8§oYou can disable this messaging by toggling Sky Mall in your /hotm!
15:08:14 [BESTIARY] §f                                  §6§lBESTIARY
15:08:14 [BESTIARY] §f                     §b§lThe Sea Emperor §7§8VIII §8➡§b §bIX
15:08:14 [BESTIARY] 
15:08:14 [BESTIARY] §f                                  §r§6§lREWARDS
15:08:14 [BESTIARY] §f                   §r§8+§r§a3 The Sea Emperor §r§b✯ Magic Find
15:08:14 [BESTIARY] §f                    §r§8+§r§a3 The Sea Emperor §r§c❁ Strength
15:08:14 [BESTIARY] §f                       §r§8+§r§62% §r§aThe Sea Emperor §r§7coins
15:08:14 [BESTIARY] §f                    §r§8+§r§a50% §r§7chance for extra XP orbs
15:08:14 [BESTIARY] §f                               §r§8+§r§b1 SkyBlock XP
15:08:14 [BESTIARY] 
15:08:14 [BESTIARY] §3§l▬▬▬▬▬▬▬▬▬▬▬▬▬▬▬▬▬▬▬▬▬▬▬▬▬▬▬▬▬▬▬▬▬▬▬▬▬▬▬▬▬▬▬▬▬▬▬▬▬▬▬▬▬▬▬▬▬▬▬▬▬▬▬▬
15:14:53 [SKYMALL] §bNew day! §r§eYour §r§2Sky Mall §r§ebuff changed!
15:14:53 [SKYMALL] §eNew buff§r§r§r: §r§fGain §r§a+100 §r§6⸕ Mining Speed§r§f.
15:14:53 [SKYMALL] §8§oYou can disable this messaging by toggling Sky Mall in your /hotm!
15:21:33 [GARDEN_VISITOR_MESSAGE] §e[NPC] §aWizard§f: §rWhere am I? Oh, it's you §aHotBaconWasTaken§f.
15:21:34 [GARDEN_VISITOR_MESSAGE] §e[NPC] §aWizard§f: §r§fI suppose that was expected. Not many people have enough potatoes to power a magical portal.
15:21:35 [GARDEN_VISITOR_MESSAGE] §e[NPC] §aFisherman§f: §r§fA Carrot King has been scaring off all the good fish, I need to deal with it before I lose more fish.
15:21:37 [GARDEN_VISITOR_MESSAGE] §e[NPC] §aFisherman§f: §r§fS'alright, we are all busy some days.
15:21:38 [GARDEN_VISITOR_MESSAGE] §e[NPC] §aStella§f: §r§fThe amount of plots you can unlock here is perfect for a Co-op. So much space!
15:21:39 [GARDEN_VISITOR_MESSAGE] §e[NPC] §aStella§f: §r§fDon't worry, I'll come back later.
15:21:40 [GARDEN_VISITOR_MESSAGE] §e[NPC] §aLynn§f: §r§fIf you ever get lost, you should check on the Desk on what to do next.
15:21:42 [GARDEN_VISITOR_MESSAGE] §e[NPC] §aLynn§f: §r§fMaybe next time.
15:21:42 [GARDEN_VISITOR_MESSAGE] §e[NPC] §aFarmhand§f: §r§fI took a break from work for too long! Now I need your help to meet my quota!
15:21:44 [GARDEN_VISITOR_MESSAGE] §e[NPC] §aFarmhand§f: §r§fYou condemn me to doing my own work? How can you do this to me!
15:24:10 [BESTIARY] §f                                  §6§lBESTIARY
15:24:10 [BESTIARY] §f                                 §b§lMite §7§8X §8➡§b §bXI
15:24:10 [BESTIARY] 
15:24:10 [BESTIARY] §f                                  §r§6§lREWARDS
15:24:10 [BESTIARY] §f                          §r§6+0.4☘ Farming Fortune
15:24:10 [BESTIARY] §f                                §r§8+§r§62% §r§aMite §r§7coins
15:24:10 [BESTIARY] §f                    §r§8+§r§a50% §r§7chance for extra XP orbs
15:24:10 [BESTIARY] §f                               §r§8+§r§b1 SkyBlock XP
15:24:10 [BESTIARY] 
15:24:10 [BESTIARY] §3§l▬▬▬▬▬▬▬▬▬▬▬▬▬▬▬▬▬▬▬▬▬▬▬▬▬▬▬▬▬▬▬▬▬▬▬▬▬▬▬▬▬▬▬▬▬▬▬▬▬▬▬▬▬▬▬▬▬▬▬▬▬▬▬▬
15:24:20 [BESTIARY] §f                                  §6§lBESTIARY
15:24:20 [BESTIARY] §f                               §b§lBeetle §7§8X §8➡§b §bXI
15:24:20 [BESTIARY] 
15:24:20 [BESTIARY] §f                                  §r§6§lREWARDS
15:24:20 [BESTIARY] §f                          §r§6+0.4☘ Farming Fortune
15:24:20 [BESTIARY] §f                              §r§8+§r§62% §r§aBeetle §r§7coins
15:24:20 [BESTIARY] §f                    §r§8+§r§a50% §r§7chance for extra XP orbs
15:24:20 [BESTIARY] §f                               §r§8+§r§b1 SkyBlock XP
15:24:20 [BESTIARY] 
15:24:20 [BESTIARY] §3§l▬▬▬▬▬▬▬▬▬▬▬▬▬▬▬▬▬▬▬▬▬▬▬▬▬▬▬▬▬▬▬▬▬▬▬▬▬▬▬▬▬▬▬▬▬▬▬▬▬▬▬▬▬▬▬▬▬▬▬▬▬▬▬▬
15:34:54 [SKYMALL] §bNew day! §r§eYour §r§2Sky Mall §r§ebuff changed!
15:34:54 [SKYMALL] §eNew buff§r§r§r: §r§fGain §r§a5x §r§9Titanium §r§fdrops
15:34:54 [SKYMALL] §8§oYou can disable this messaging by toggling Sky Mall in your /hotm!
15:54:54 [SKYMALL] §bNew day! §r§eYour §r§2Sky Mall §r§ebuff changed!
15:54:54 [SKYMALL] §eNew buff§r§r§r: §r§fGain §r§a+100 §r§6⸕ Mining Speed§r§f.
15:54:54 [SKYMALL] §8§oYou can disable this messaging by toggling Sky Mall in your /hotm!
16:14:54 [SKYMALL] §bNew day! §r§eYour §r§2Sky Mall §r§ebuff changed!
16:14:54 [SKYMALL] §eNew buff§r§r§r: §r§fReduce Pickaxe Ability cooldown by §r§a20%§r§f.
16:14:54 [SKYMALL] §8§oYou can disable this messaging by toggling Sky Mall in your /hotm!
16:34:54 [SKYMALL] §bNew day! §r§eYour §r§2Sky Mall §r§ebuff changed!
16:34:54 [SKYMALL] §eNew buff§r§r§r: §r§fGain §r§a+50 §r§6☘ Mining Fortune§r§f.
16:34:54 [SKYMALL] §8§oYou can disable this messaging by toggling Sky Mall in your /hotm!
16:54:54 [SKYMALL] §bNew day! §r§eYour §r§2Sky Mall §r§ebuff changed!
16:54:54 [SKYMALL] §eNew buff§r§r§r: §r§fReduce Pickaxe Ability cooldown by §r§a20%§r§f.
16:54:54 [SKYMALL] §8§oYou can disable this messaging by toggling Sky Mall in your /hotm!
17:14:54 [SKYMALL] §bNew day! §r§eYour §r§2Sky Mall §r§ebuff changed!
17:14:54 [SKYMALL] §eNew buff§r§r§r: §r§fGain §r§a+100 §r§6⸕ Mining Speed§r§f.
17:14:54 [SKYMALL] §8§oYou can disable this messaging by toggling Sky Mall in your /hotm!
17:34:54 [SKYMALL] §bNew day! §r§eYour §r§2Sky Mall §r§ebuff changed!
17:34:54 [SKYMALL] §eNew buff§r§r§r: §r§fGain §r§a+50 §r§6☘ Mining Fortune§r§f.
17:34:54 [SKYMALL] §8§oYou can disable this messaging by toggling Sky Mall in your /hotm!
17:54:55 [SKYMALL] §bNew day! §r§eYour §r§2Sky Mall §r§ebuff changed!
17:54:55 [SKYMALL] §eNew buff§r§r§r: §r§fGain §r§a+100 §r§6⸕ Mining Speed§r§f.
17:54:55 [SKYMALL] §8§oYou can disable this messaging by toggling Sky Mall in your /hotm!
18:14:54 [SKYMALL] §bNew day! §r§eYour §r§2Sky Mall §r§ebuff changed!
18:14:54 [SKYMALL] §eNew buff§r§r§r: §r§fGain §r§a5x §r§9Titanium §r§fdrops
18:14:54 [SKYMALL] §8§oYou can disable this messaging by toggling Sky Mall in your /hotm!
18:34:54 [SKYMALL] §bNew day! §r§eYour §r§2Sky Mall §r§ebuff changed!
18:34:54 [SKYMALL] §eNew buff§r§r§r: §r§fReduce Pickaxe Ability cooldown by §r§a20%§r§f.
18:34:54 [SKYMALL] §8§oYou can disable this messaging by toggling Sky Mall in your /hotm!
18:54:54 [SKYMALL] §bNew day! §r§eYour §r§2Sky Mall §r§ebuff changed!
18:54:54 [SKYMALL] §eNew buff§r§r§r: §r§f§r§a10x §r§fchance to find Golden and Diamond Goblins.
18:54:54 [SKYMALL] §8§oYou can disable this messaging by toggling Sky Mall in your /hotm!
19:14:54 [SKYMALL] §bNew day! §r§eYour §r§2Sky Mall §r§ebuff changed!
19:14:54 [SKYMALL] §eNew buff§r§r§r: §r§fReduce Pickaxe Ability cooldown by §r§a20%§r§f.
19:14:54 [SKYMALL] §8§oYou can disable this messaging by toggling Sky Mall in your /hotm!
19:24:26 [GARDEN_VISITOR_MESSAGE] §e[NPC] §aEmissary Fraiser§f: §r§fI know what all the others say, but I am the King's true favorite emissary.
19:24:30 [GARDEN_VISITOR_MESSAGE] §e[NPC] §aEmissary Fraiser§f: §r§fThe King will surely punish you for this disrespect!
19:24:31 [GARDEN_VISITOR_MESSAGE] §e[NPC] §aAdventurer§f: §r§fExploring the whole wide world makes me hungry, I could take some fresh potatoes.
19:24:32 [GARDEN_VISITOR_MESSAGE] §e[NPC] §aAdventurer§f: §r§fDarn it, I'll have to find another farmer then.
19:24:33 [GARDEN_VISITOR_MESSAGE] §e[NPC] §9Grandma Wolf§f: §r§fMy little child, you don't look so good. You should eat something. I have an idea, give me some ingredients and I'll make you a nice soup.
19:24:35 [GARDEN_VISITOR_MESSAGE] §e[NPC] §9Grandma Wolf§f: §r§fYou denied Grandma Wolf's request. How dare you treat your granny like that.
19:24:36 [GARDEN_VISITOR_MESSAGE] §e[NPC] §aFelix§f: §r§fYou won't be able to store any items in the Garden, you should keep them on your Private Island!
19:24:38 [GARDEN_VISITOR_MESSAGE] §e[NPC] §aFelix§f: §r§fMaybe next time.
19:24:38 [GARDEN_VISITOR_MESSAGE] §e[NPC] §9Tia the Fairy§f: §rYou are currently missing §d10 §fFairy Souls. Better get to work!
19:24:42 [GARDEN_VISITOR_MESSAGE] §e[NPC] §9Tia the Fairy§f: §r§fAlright, I won't bother you anymore.
19:26:28 [HOPPITY_EGG] §cYou have already collected this Chocolate Lunch Egg§r§c! Try again when it respawns!
19:26:29 [HOPPITY_EGG] §cYou have already collected this Chocolate Lunch Egg§r§c! Try again when it respawns!
19:26:29 [HOPPITY_EGG] §cYou have already collected this Chocolate Lunch Egg§r§c! Try again when it respawns!
19:29:20 [DOUBLE_HOOK] §eIt's a §r§aDouble Hook§r§e!
19:30:40 [DOUBLE_HOOK] §eIt's a §r§aDouble Hook§r§e! Woot woot!
19:32:33 [DOUBLE_HOOK] §eIt's a §r§aDouble Hook§r§e! Woot woot!
19:33:35 [DOUBLE_HOOK] §eIt's a §r§aDouble Hook§r§e!
19:34:17 [BESTIARY] §f                                  §6§lBESTIARY
19:34:17 [BESTIARY] §f                              §b§lTaurus §7§8V §8➡§b §bVI
19:34:17 [BESTIARY] 
19:34:17 [BESTIARY] §f                                  §r§6§lREWARDS
19:34:17 [BESTIARY] §f                         §r§8+§r§a3 Taurus §r§b✯ Magic Find
19:34:17 [BESTIARY] §f                          §r§8+§r§a3 Taurus §r§c❁ Strength
19:34:17 [BESTIARY] §f                             §r§8+§r§62% §r§aTaurus §r§7coins
19:34:17 [BESTIARY] §f                    §r§8+§r§a50% §r§7chance for extra XP orbs
19:34:17 [BESTIARY] §f                               §r§8+§r§b1 SkyBlock XP
19:34:17 [BESTIARY] 
19:34:17 [BESTIARY] §3§l▬▬▬▬▬▬▬▬▬▬▬▬▬▬▬▬▬▬▬▬▬▬▬▬▬▬▬▬▬▬▬▬▬▬▬▬▬▬▬▬▬▬▬▬▬▬▬▬▬▬▬▬▬▬▬▬▬▬▬▬▬▬▬▬
19:34:55 [SKYMALL] §bNew day! §r§eYour §r§2Sky Mall §r§ebuff changed!
19:34:55 [SKYMALL] §eNew buff§r§r§r: §r§fGain §r§a+50 §r§6☘ Mining Fortune§r§f.
19:34:55 [SKYMALL] §8§oYou can disable this messaging by toggling Sky Mall in your /hotm!
19:36:22 [DOUBLE_HOOK] §eIt's a §r§aDouble Hook§r§e!
19:36:45 [DOUBLE_HOOK] §eIt's a §r§aDouble Hook§r§e!
19:37:38 [DOUBLE_HOOK] §eIt's a §r§aDouble Hook§r§e!
20:49:27 [SKYMALL] §bNew day! §r§eYour §r§2Sky Mall §r§ebuff changed!
20:49:27 [SKYMALL] §eNew buff§r§r§r: §r§fGain §r§a+50 §r§6☘ Mining Fortune§r§f.
20:49:27 [SKYMALL] §8§oYou can disable this messaging by toggling Sky Mall in your /hotm!
22:20:29 [SKYMALL] §bNew day! §r§eYour §r§2Sky Mall §r§ebuff changed!
22:20:29 [SKYMALL] §eNew buff§r§r§r: §r§fReduce Pickaxe Ability cooldown by §r§a20%§r§f.
22:20:29 [SKYMALL] §8§oYou can disable this messaging by toggling Sky Mall in your /hotm!
00:01:02 [GARDEN_VISITOR_MESSAGE] §e[NPC] §aStella§f: §r§fThe amount of plots you can unlock here is perfect for a Co-op. So much space!
00:01:03 [GARDEN_VISITOR_MESSAGE] §e[NPC] §aStella§f: §r§fDon't worry, I'll come back later.
00:01:04 [GARDEN_VISITOR_MESSAGE] §e[NPC] §aRhys§f: §r§fI found an unexplored cave while mining for titanium. But it's too dark to see in there, even for me! Can you spare any glowing pumpkins?
00:01:05 [GARDEN_VISITOR_MESSAGE] §e[NPC] §aRhys§f: §r§fWell then, I will even mine in total darkness if I must!
00:01:06 [GARDEN_VISITOR_MESSAGE] §e[NPC] §aHungry Hiker§f: §r§fHello there, I seem to be stuck here with no good food to eat, could you bring me some square orange fruits?
00:01:07 [GARDEN_VISITOR_MESSAGE] §e[NPC] §aHungry Hiker§f: §r§fI guess I'll just go hungry then...
00:01:08 [GARDEN_VISITOR_MESSAGE] §e[NPC] §aEmissary Ceanna§f: §r§fThe King's favorite emissary is here to request potatoes for the King's great feast! 
00:01:14 [GARDEN_VISITOR_MESSAGE] §e[NPC] §aEmissary Ceanna§f: §r§fI will inform the King about this disgrace!
00:01:15 [GARDEN_VISITOR_MESSAGE] §e[NPC] §aLumber Jack§f: §r§fMy assistant is feeling off, and I think we could do with a hearty meal. Do you think you can help us out?
00:01:44 [GARDEN_VISITOR_MESSAGE] §e[NPC] §aLumber Jack§f: §r§fI thought you'd be more thankful for the sweet axe my assistant gave you.
00:09:24 [NEW_VISITOR_ARRIVED] §9§r§9Zog §r§ehas arrived on your §r§bGarden§r§e!
00:09:30 [GARDEN_VISITOR_MESSAGE] §e[NPC] §9Zog§f: §r§fI have a big problem. I lost my sense of taste, now I can't tell the difference between a melon and a cactus...
00:09:33 [GARDEN_VISITOR_MESSAGE] §e[NPC] §9Zog§f: §r§fMy tongue is hurting for some reason...
00:15:00 [SKYMALL] §bNew day! §r§eYour §r§2Sky Mall §r§ebuff changed!
00:15:00 [SKYMALL] §eNew buff§r§r§r: §r§fGain §r§a+50 §r§6☘ Mining Fortune§r§f.
00:15:00 [SKYMALL] §8§oYou can disable this messaging by toggling Sky Mall in your /hotm!
00:29:16 [HOPPITY_EGG] §cYou have already collected this Chocolate Breakfast Egg§r§c! Try again when it respawns!
00:35:00 [SKYMALL] §bNew day! §r§eYour §r§2Sky Mall §r§ebuff changed!
00:35:00 [SKYMALL] §eNew buff§r§r§r: §r§fGain §r§a+50 §r§6☘ Mining Fortune§r§f.
00:35:00 [SKYMALL] §8§oYou can disable this messaging by toggling Sky Mall in your /hotm!
00:49:06 [COMPACT_POTION_EFFECT] §a§lBUFF! §fYou were splashed by §aBlueTigerDW §fwith §r§9Speed VIII§r§f! Press TAB or type /effects to view your active effects!
01:15:02 [SKYMALL] §bNew day! §r§eYour §r§2Sky Mall §r§ebuff changed!
01:15:02 [SKYMALL] §eNew buff§r§r§r: §r§fGain §r§a+15% §r§fmore Powder while mining.
01:15:02 [SKYMALL] §8§oYou can disable this messaging by toggling Sky Mall in your /hotm!
