11:26:50 §e[SkyHanni] §aSkyHanni found a new update: 0.27 Beta 5. Check §b/sh download update §afor more info.§r
11:37:03 §e[SkyHanni] Mark NEU Heavy Pearls as done.§r
11:39:52 §c[SkyHanni-0.27.Beta.4]: Caught an NoSuchElementException in FishingTimer at SeaCreatureFishEvent: null§c. Click here to copy the error into the clipboard.§r
11:49:55 §c[SkyHanni-0.27.Beta.4]: Caught an NoSuchElementException in FishingTimer at SeaCreatureFishEvent: null§c. Click here to copy the error into the clipboard.§r
12:00:29 §c[SkyHanni-0.27.Beta.4]: Caught an NoSuchElementException in FishingTimer at SeaCreatureFishEvent: null§c. Click here to copy the error into the clipboard.§r
12:10:47 §c[SkyHanni-0.27.Beta.4]: Caught an NoSuchElementException in FishingTimer at SeaCreatureFishEvent: null§c. Click here to copy the error into the clipboard.§r
12:22:47 §c[SkyHanni-0.27.Beta.4]: Caught an NoSuchElementException in FishingTimer at SeaCreatureFishEvent: null§c. Click here to copy the error into the clipboard.§r
13:30:22 §e[SkyHanni] §cYour Time Tower just expired and has 2 charges remaining. Click here to use one.§r
14:54:54 §e[SkyHanni] Reminding you to grab the free New Year Cake. Click here to open the baker menu!
§e[CLICK to open the baker menu or disable this feature]§r
14:58:22 §c[SkyHanni-0.27.Beta.4]: Caught an NoSuchElementException in FishingTimer at SeaCreatureFishEvent: null§c. Click here to copy the error into the clipboard.§r
15:08:14 §6§lBESTIARY §r§b§lThe Sea Emperor §7§8VIII §8➡§b §bIX§r
15:09:19 §c[SkyHanni-0.27.Beta.4]: Caught an NoSuchElementException in FishingTimer at SeaCreatureFishEvent: null§c. Click here to copy the error into the clipboard.§r
15:21:24 §e[SkyHanni] §cYour Organic Matter is low!§r
15:21:24 §e[SkyHanni] §aWizard §eis visiting your garden!§r
15:21:24 §e[SkyHanni] §aFisherman §eis visiting your garden!§r
15:21:24 §e[SkyHanni] §aStella §eis visiting your garden!§r
15:21:24 §e[SkyHanni] §aLynn §eis visiting your garden!§r
15:21:24 §e[SkyHanni] §aFarmhand §eis visiting your garden!§r
15:23:45 §e[SkyHanni] Loaded Wheat milestone data from tab list!§r
15:24:10 §6§lBESTIARY §r§b§lMite §7§8X §8➡§b §bXI§r
15:24:18 §e[SkyHanni] Loaded Cactus milestone data from tab list!§r
15:24:20 §6§lBESTIARY §r§b§lBeetle §7§8X §8➡§b §bXI§r
15:35:02 §e[SkyHanni] Successfully loaded this year's contests from elitebot.dev automatically!§r
16:15:01 §e[SkyHanni] This year's contests aren't available to fetch automatically yet, please load them from your calendar or wait 10 minutes.§r
16:15:01 §e[SkyHanni] Click here to open your calendar!§r
16:25:02 §e[SkyHanni] This year's contests aren't available to fetch automatically yet, please load them from your calendar or wait 10 minutes.§r
16:25:02 §e[SkyHanni] Click here to open your calendar!§r
16:35:03 §e[SkyHanni] Successfully loaded this year's contests from elitebot.dev automatically!§r
19:17:50 §e[SkyHanni] Wrong slayer selected! You have Voidgloom Seraph selected and you are in an Revenant Horror area!§r
19:19:10 §e[SkyHanni] Wrong slayer selected! You have Voidgloom Seraph selected and you are in an Revenant Horror area!§r
19:23:51 §e[SkyHanni] Click here to share the location of this chocolate egg with the server!§r
19:24:18 §e[SkyHanni] §cYour Organic Matter is low!§r
19:24:18 §e[SkyHanni] §aEmissary Fraiser §eis visiting your garden!§r
19:24:18 §e[SkyHanni] §aAdventurer §eis visiting your garden!§r
19:24:18 §e[SkyHanni] §9Grandma Wolf §eis visiting your garden!§r
19:24:18 §e[SkyHanni] §aFelix §eis visiting your garden!§r
19:24:18 §e[SkyHanni] §9Tia the Fairy §eis visiting your garden!§r
19:26:28 §e[SkyHanni] §eNext egg available in §b11s§e.§r
19:26:29 §e[SkyHanni] §eNext egg available in §b10s§e.§r
19:26:29 §e[SkyHanni] §eNext egg available in §b10s§e.§r
19:26:49 §e[SkyHanni] Click here to share the location of this chocolate egg with the server!§r
19:29:20 §e[SkyHanni] Wrong slayer selected! You have Voidgloom Seraph selected and you are in an Inferno Demonlord area!§r
19:34:17 §6§lBESTIARY §r§b§lTaurus §7§8V §8➡§b §bVI§r
19:37:08 §e[SkyHanni] Wrong slayer selected! You have Voidgloom Seraph selected and you are in an Inferno Demonlord area!§r
00:00:54 §e[SkyHanni] §cYour Organic Matter is low!§r
00:00:54 §e[SkyHanni] §aStella §eis visiting your garden!§r
00:00:54 §e[SkyHanni] §aRhys §eis visiting your garden!§r
00:00:54 §e[SkyHanni] §aHungry Hiker §eis visiting your garden!§r
00:00:54 §e[SkyHanni] §aEmissary Ceanna §eis visiting your garden!§r
00:00:54 §e[SkyHanni] §aLumber Jack §eis visiting your garden!§r
00:01:13 §e[SkyHanni] §aLumber Jack §eis visiting your garden!§r
00:09:25 §e[SkyHanni] §9Zog §eis visiting your garden!§r
00:25:34 §e[SkyHanni] Click here to share the location of this chocolate egg with the server!§r
00:29:16 §e[SkyHanni] §eNext egg available in §b3m 13s§e.§r
00:30:17 §e[SkyHanni] §b+10 SkyBlock XP §7(§dTia the Fairy§7)§b (86/100)§r
00:33:08 §c[SkyHanni] Tia Relay Helper error: Too much background noise! Try turning off the music and then try again.§r
00:33:08 §e[SkyHanni] Click here to run /togglemusic§r
00:33:12 §c[SkyHanni] Tia Relay Helper error: Too much background noise! Try turning off the music and then try again.§r
00:33:12 §e[SkyHanni] Click here to run /togglemusic§r
00:33:31 §c[SkyHanni] Tia Relay Helper error: Too much background noise! Try turning off the music and then try again.§r
00:33:31 §e[SkyHanni] Click here to run /togglemusic§r
00:35:02 §e[SkyHanni] Wrong slayer selected! You have Voidgloom Seraph selected and you are in an Sven Packmaster area!§r
00:35:15 §c[SkyHanni] Tia Relay Helper error: Too much background noise! Try turning off the music and then try again.§r
00:35:15 §e[SkyHanni] Click here to run /togglemusic§r
00:36:14 §e[SkyHanni] Click here to share the location of this chocolate egg with the server!§r
00:46:23 §e[SkyHanni] §b+10 SkyBlock XP §7(Wool Weaver§7)§b (6/100)§r
00:49:06 §a§lPotion Effect! §r§9Speed VIII §aby §aBlueTigerDW§r
00:50:34 §e[SkyHanni] §b+10 SkyBlock XP §7(§bKat§7)§b (16/100)§r
00:51:24 §c[SkyHanni] Tia Relay Helper error: Too much background noise! Try turning off the music and then try again.§r
00:51:24 §e[SkyHanni] Click here to run /togglemusic§r
00:51:31 §c[SkyHanni] Tia Relay Helper error: Too much background noise! Try turning off the music and then try again.§r
00:51:31 §e[SkyHanni] Click here to run /togglemusic§r
00:56:04 §e[SkyHanni] Click here to share the location of this chocolate egg with the server!§r
01:20:07 §e[SkyHanni] Wrong slayer selected! You have Voidgloom Seraph selected and you are in an Revenant Horror area!§r
01:20:19 §e[SkyHanni] Wrong slayer selected! You have Voidgloom Seraph selected and you are in an Revenant Horror area!§r
01:21:00 §e[SkyHanni] Click here to share the location of this chocolate egg with the server!§r
