19:29:20  
19:29:20 [original] §r§aA Lava Flame flies out from beneath the lava.§r
19:29:20 [modified] §e§lDOUBLE HOOK! §r§aA Lava Flame flies out from beneath the lava.§r§r
19:30:40  
19:30:40 [original] §r§aYou hear a faint Moo from the lava... A Moogma appears.§r
19:30:40 [modified] §e§lDOUBLE HOOK! §r§aYou hear a faint Moo from the lava... A Moogma appears.§r§r
19:32:33  
19:32:33 [original] §r§aA Fire Eel slithers out from the depths.§r
19:32:33 [modified] §e§lDOUBLE HOOK! §r§aA Fire Eel slithers out from the depths.§r§r
19:33:35  
19:33:35 [original] §r§aYou feel the heat radiating as a Pyroclastic Worm surfaces.§r
19:33:35 [modified] §e§lDOUBLE HOOK! §r§aYou feel the heat radiating as a Pyroclastic Worm surfaces.§r§r
19:36:22  
19:36:22 [original] §r§aTaurus and his steed emerge.§r
19:36:22 [modified] §e§lDOUBLE HOOK! §r§aTaurus and his steed emerge.§r§r
19:36:45  
19:36:45 [original] §r§aA Lava Flame flies out from beneath the lava.§r
19:36:45 [modified] §e§lDOUBLE HOOK! §r§aA Lava Flame flies out from beneath the lava.§r§r
19:37:38  
19:37:38 [original] §r§aYou hear a faint Moo from the lava... A Moogma appears.§r
19:37:38 [modified] §e§lDOUBLE HOOK! §r§aYou hear a faint Moo from the lava... A Moogma appears.§r§r
