11:18:30 `qady8fr7wb`244 missed {
 is already Found: false).
 Position: LorenzVec{x=-24.5, y=71.0, z=-58.5}
 DistanceC: 23.18544742089073
Relative Position: LorenzVec{x=-23.18544742089073, y=1.0, z=16.66054373365344}
 }
11:18:31 `Villager`356 missed {
 is already Found: false).
 Position: LorenzVec{x=17.5, y=70.0, z=-99.0}
 DistanceC: 23.83945626634656
Relative Position: LorenzVec{x=18.81455257910927, y=0.0, z=-23.83945626634656}
 }
11:21:37 `Villager`553 missed {
 is already Found: false).
 Position: LorenzVec{x=56.5, y=69.0, z=-39.5}
 DistanceC: 23.117403312152923
Relative Position: LorenzVec{x=6.91485770109972, y=-19.0, z=-23.117403312152923}
 }
11:21:37 `lefmix4rpu`549 missed {
 is already Found: false).
 Position: LorenzVec{x=46.5, y=69.0, z=-34.5}
 DistanceC: 18.117403312152923
Relative Position: LorenzVec{x=-3.08514229890028, y=-19.0, z=-18.117403312152923}
 }
11:21:37 `8631t9072v`551 missed {
 is already Found: false).
 Position: LorenzVec{x=41.5, y=70.0, z=-39.5}
 DistanceC: 23.117403312152923
Relative Position: LorenzVec{x=-8.08514229890028, y=-18.0, z=-23.117403312152923}
 }
11:24:27 `Villager`346 missed {
 is already Found: false).
 Position: LorenzVec{x=28.5, y=69.0, z=-57.5}
 DistanceC: 21.670180192782027
Relative Position: LorenzVec{x=-21.670180192782027, y=-18.0, z=-20.95721788959039}
 }
11:25:55 `Villager`346 missed {
 is already Found: false).
 Position: LorenzVec{x=28.5, y=69.0, z=-57.5}
 DistanceC: 22.29009824409213
Relative Position: LorenzVec{x=-13.192580990780414, y=-10.0, z=-22.29009824409213}
 }
