11:02:15 Visitor status change for '§aDusk': NEW -> WAITING (tooltipMissingItems)
11:03:00 Visitor status change for '§aDusk': WAITING -> READY (hasItems)
11:03:02 Visitor status change for '§aDusk': READY -> ACCEPTED (accepted)
11:03:08 Visitor status change for '§aTerry': NEW -> WAITING (tooltipMissingItems)
11:03:13 Visitor status change for '§aTerry': WAITING -> REFUSED (refused)
11:03:14 Visitor status change for '§aVex': NEW -> WAITING (tooltipMissingItems)
11:03:16 Visitor status change for '§aVex': WAITING -> REFUSED (refused)
11:03:18 Visitor status change for '§aOdawa': NEW -> WAITING (tooltipMissingItems)
11:03:21 Visitor status change for '§aOdawa': WAITING -> REFUSED (refused)
11:03:22 Visitor status change for '§aStella': NEW -> WAITING (tooltipMissingItems)
11:03:24 Visitor status change for '§aStella': WAITING -> REFUSED (refused)
16:05:27 Visitor status change for '§aGuy': NEW -> WAITING (tooltipMissingItems)
16:05:29 Visitor status change for '§aGuy': WAITING -> REFUSED (refused)
16:05:30 Visitor status change for '§9Seymour': NEW -> WAITING (tooltipMissingItems)
16:05:32 Visitor status change for '§9Seymour': WAITING -> REFUSED (refused)
16:05:34 Visitor status change for '§aJamie': NEW -> WAITING (tooltipMissingItems)
16:05:35 Visitor status change for '§aJamie': WAITING -> REFUSED (refused)
16:05:36 Visitor status change for '§9Gwendolyn': NEW -> WAITING (tooltipMissingItems)
16:05:38 Visitor status change for '§9Gwendolyn': WAITING -> REFUSED (refused)
16:05:39 Visitor status change for '§9Iron Forger': NEW -> WAITING (tooltipMissingItems)
16:05:41 Visitor status change for '§9Iron Forger': WAITING -> REFUSED (refused)
22:43:21 Visitor status change for '§9Bartender': NEW -> WAITING (tooltipMissingItems)
22:43:25 Visitor status change for '§aOdawa': NEW -> WAITING (tooltipMissingItems)
22:43:28 Visitor status change for '§6Clerk Seraphine': NEW -> WAITING (tooltipMissingItems)
22:43:30 Visitor status change for '§aOringo': NEW -> WAITING (tooltipMissingItems)
22:43:33 Visitor status change for '§aFarmhand': NEW -> WAITING (tooltipMissingItems)
22:44:30 Visitor status change for '§6Clerk Seraphine': WAITING -> READY (hasItems)
22:44:31 Visitor status change for '§6Clerk Seraphine': READY -> ACCEPTED (accepted)
22:44:40 Visitor status change for '§aFarmhand': WAITING -> REFUSED (refused)
22:44:42 Visitor status change for '§aOringo': WAITING -> REFUSED (refused)
22:44:44 Visitor status change for '§aOdawa': WAITING -> REFUSED (refused)
22:44:47 Visitor status change for '§9Bartender': WAITING -> REFUSED (refused)
22:53:57 Visitor status change for '§9Lumina': NEW -> WAITING (tooltipMissingItems)
22:54:05 Visitor status change for '§9Lumina': WAITING -> REFUSED (refused)
