20:36:02 New visitor detected: '§aFisherman'
20:36:02 New visitor detected: '§9Tia the Fairy'
20:36:02 New visitor detected: '§9Seymour'
20:36:02 New visitor detected: '§aFear Mongerer'
20:36:02 New visitor detected: '§aVex'
20:36:20 New visitor detected: '§aVex'
20:36:38 New visitor detected: '§aVex'
20:42:02 New visitor detected: '§aEmissary Ceanna'
20:51:02 New visitor detected: '§9Iron Forger'
21:00:04 New visitor detected: '§9Puzzler'
21:09:05 New visitor detected: '§9Bartender'
21:15:03 New visitor detected: '§aLeo'
21:18:06 New visitor detected: '§9Vinyl Collector'
21:21:09 New visitor detected: '§6Beth'
21:24:12 New visitor detected: '§aMason'
21:44:37 New visitor detected: '§aHungry Hiker'
21:53:38 New visitor detected: '§aAdventurer'
22:02:38 New visitor detected: '§dMaeve'
22:11:38 New visitor detected: '§aAlchemist'
22:47:34 New visitor detected: '§aLumber Jack'
22:47:34 New visitor detected: '§9Old Man Garry'
22:47:34 New visitor detected: '§aStella'
22:51:13 New visitor detected: '§9Grandma Wolf'
23:00:15 New visitor detected: '§aJacob'
23:05:13 New visitor detected: '§aFisherman'
23:08:28 New visitor detected: '§aLibrarian'
23:11:34 New visitor detected: '§aWizard'
23:15:22 New visitor detected: '§aTerry'
23:24:21 New visitor detected: '§aGeonathan Greatforge'
23:33:21 New visitor detected: '§aJacob'
