00:18:55 [allowed] §f §r§r§r§f §r§r§r§1 §r§r§r§0 §r§r§r§2 §r§r§r§f §r§r§r§f §r§r§r§2 §r§r§r§0 §r§r§r§4 §r§r§r§3 §r§r§r§9 §r§r§r§2 §r§r§r§0 §r§r§r§0 §r§r§r§3 §r§r§r§9 §r§r§r§2 §r§r§r§0 §r§r§r§0 §r§r§r§3 §r§r§r§9 §r§r§r§2 §r§r§r§0 §r§r§r§0 
00:18:56 [allowed]   §r§f§l➤ §r§6You have reached your Hype limit! Add Hype to Prototype Lobby minigames by right-clicking with the Hype Diamond!
00:18:56 [allowed] §b[MVP§4+§b] Bloodaxe§f §6joined the lobby!
00:18:58 [allowed] §b[MVP§f+§b] Nita_Fandal_§f §6joined the lobby!
00:18:58 [allowed] §b[MVP§c+§b] Nyrava§f §6joined the lobby!
00:19:01 [allowed] §b[MVP§d+§b] Parrallel§f §6joined the lobby!
00:19:06 [allowed] §b[MVP§6+§b] Strummerdapooch§f §6joined the lobby!
00:19:08 [allowed] §b[MVP§c+§b] MasterM614§f §6joined the lobby!
00:19:10 [allowed] §b[MVP§c+§b] MrPickles3811§f §6joined the lobby!
00:19:11 [allowed] §b[MVP§2+§b] QuandalePringle_§f §6joined the lobby!
00:19:14 [allowed] §b[MVP§6+§b] SJVtv_§f §6joined the lobby!
00:19:16 [allowed] §b[MVP§c+§b] Kurudu§f §6joined the lobby!
00:19:17 [allowed] §b[MVP§c+§b] WhereIsMyWolf§f §6joined the lobby!
00:19:20 [allowed] §b[MVP§c+§b] D0GG0L0RD§f §6joined the lobby!
00:19:23 [allowed] §b[MVP§4+§b] TangoFizz§f §6joined the lobby!
00:19:27 [allowed] §b[MVP§c+§b] RexWB§f §6joined the lobby!
00:19:30 [allowed] §b[MVP§c+§b] TenPro246§f §6joined the lobby!
00:19:30 [allowed] §7Sending to server mini144CK...
00:19:31 [allowed] §8 §r§8 §r§1 §r§3 §r§3 §r§7 §r§8 
00:19:31 [allowed] §eYou haven't claimed your §r§6Summer Rewards §r§eyet!
00:19:31 [allowed] §eTalk to the §r§bSummer Sloth §r§ein the §r§aHub!
00:19:33 [allowed] 
00:19:33 [allowed] §eWelcome to §r§aHypixel SkyBlock§r§e!
00:19:33 [allowed] §6§lBONUS! §r§bTemporarily earn §r§a5% §r§bmore skill experience!
00:19:33 [allowed] 
00:19:33 [allowed] §9§n§eLatest update: §bSkyBlock v0.20.5 §e§lCLICK
00:19:34 [allowed] §aYou are playing on profile: §ePineapple
00:19:34 [allowed] §8Profile ID: cbcbcaaa-4182-4d77-bab6-b1345770fa92
00:19:34 [allowed] §8[§r§73§r§8] §r§a[VIP§6+§a] BDBplayz§f§r§f: i need eggs
00:19:45 [allowed] §cThere are blocks in the way!
00:19:56 [allowed] §cThere are blocks in the way!
00:20:07 [allowed] §e✆ RING... 
00:20:08 [allowed] §e✆ RING... RING... 
00:20:09 [allowed] §e✆ RING... RING... RING... 
00:20:10 [allowed] §e[NPC] Trevor§f: §rYou will have 10 minutes to find the mob from when you accept the task.
00:20:12 [allowed] §e[NPC] Trevor§f: §rAny longer than that and the animal will run away!
00:20:12 [allowed] 
§r§b§lAccept the trapper's task to hunt the animal?§r
§r§7Click an option: §r§a§l[YES]§r§7 - §r§c§l[NO]
00:20:13 [allowed] §e[NPC] Trevor§f: §rYou can find your §f§lTRACKABLE §fanimal near the §2Overgrown Mushroom Cave§f.
00:20:15 [allowed] §aThe target is around §r§e45 blocks below§r§a, at a §r§b55 degrees §r§aangle!
00:20:19 [allowed] §cThere are blocks in the way!
00:20:23 [allowed] §cThere are blocks in the way!
00:20:31 [allowed] §aKilling the animal rewarded you §r§55 pelts§r§a.
00:20:31 [allowed] §aReturn to the Trapper soon to get a new animal to hunt!
00:20:31 [allowed] §7Your Implosion hit §r§c1 §r§7enemy for §r§c750,068 §r§7damage.
00:20:31 [allowed] §a§r§6Mining Speed Boost §r§ais now available!
00:20:33 [allowed] §e✆ RING... 
00:20:34 [allowed] §e✆ RING... RING... 
00:20:35 [allowed] §e✆ RING... RING... RING... 
00:20:36 [allowed] §e[NPC] Trevor§f: §rYou will have 10 minutes to find the mob from when you accept the task.
00:20:38 [allowed] §e[NPC] Trevor§f: §rAny longer than that and the animal will run away!
00:20:38 [allowed] 
§r§b§lAccept the trapper's task to hunt the animal?§r
§r§7Click an option: §r§a§l[YES]§r§7 - §r§c§l[NO]
00:20:39 [allowed] §e[NPC] Trevor§f: §rYou can find your §f§lTRACKABLE §fanimal near the §2Overgrown Mushroom Cave§f.
00:20:41 [allowed] §aYou are at the exact height!
00:20:42 [allowed] §cThere are blocks in the way!
00:20:42 [allowed] §aKilling the animal rewarded you §r§55 pelts§r§a.
00:20:42 [allowed] §aReturn to the Trapper soon to get a new animal to hunt!
00:20:42 [allowed] §7Your Implosion hit §r§c1 §r§7enemy for §r§c830,984.6 §r§7damage.
00:20:45 [allowed] §e✆ RING... 
00:20:46 [allowed] §e✆ RING... RING... 
00:20:47 [allowed] §e✆ RING... RING... RING... 
00:20:48 [allowed] §e[NPC] Trevor§f: §rSorry, I don't have any animals for you to hunt.
00:20:49 [allowed] §e[NPC] Trevor§f: §rTry coming back in §a7s§r!
00:20:49 [allowed] §cUnknown destination! Check the Fast Travel menu to view options!
00:21:36 [allowed] §cUnknown destination! Check the Fast Travel menu to view options!
00:21:39 [allowed] §e✆ RING... 
00:21:40 [allowed] §e✆ RING... RING... 
00:21:41 [allowed] §e✆ RING... RING... RING... 
00:21:42 [allowed] §e[NPC] Trevor§f: §rYou will have 10 minutes to find the mob from when you accept the task.
00:21:44 [allowed] §e[NPC] Trevor§f: §rAny longer than that and the animal will run away!
00:21:44 [allowed] 
§r§b§lAccept the trapper's task to hunt the animal?§r
§r§7Click an option: §r§a§l[YES]§r§7 - §r§c§l[NO]
00:21:44 [allowed] §e[NPC] Trevor§f: §rYou can find your §f§lTRACKABLE §fanimal near the §eDesert Mountain§f.
00:21:49 [allowed] §7Warping...
00:22:00 [allowed] §cThere are blocks in the way!
00:22:00 [allowed] §aKilling the animal rewarded you §r§55 pelts§r§a.
00:22:00 [allowed] §aReturn to the Trapper soon to get a new animal to hunt!
00:22:00 [allowed] §7Your Implosion hit §r§c1 §r§7enemy for §r§c758,397.4 §r§7damage.
00:22:03 [allowed] §e✆ RING... 
00:22:04 [allowed] §e✆ RING... RING... 
00:22:05 [allowed] §e✆ RING... RING... RING... 
00:22:06 [allowed] §e[NPC] Trevor§f: §rYou will have 10 minutes to find the mob from when you accept the task.
00:22:08 [allowed] §e[NPC] Trevor§f: §rAny longer than that and the animal will run away!
00:22:08 [allowed] 
§r§b§lAccept the trapper's task to hunt the animal?§r
§r§7Click an option: §r§a§l[YES]§r§7 - §r§c§l[NO]
00:22:10 [allowed] §e[NPC] Trevor§f: §rYou can find your §f§lTRACKABLE §fanimal near the §bOasis§f.
00:22:13 [allowed] §aThe target is around §r§e75 blocks below§r§a, at a §r§b25 degrees §r§aangle!
00:22:17 [allowed] §cThere are blocks in the way!
00:22:18 [allowed] §aKilling the animal rewarded you §r§55 pelts§r§a.
00:22:18 [allowed] §aReturn to the Trapper soon to get a new animal to hunt!
00:22:18 [allowed] §7Your Implosion hit §r§c4 §r§7enemies for §r§c2,708,526.2 §r§7damage.
00:22:21 [allowed] §e✆ RING... 
00:22:22 [allowed] §e✆ RING... RING... 
00:22:24 [allowed] §e✆ RING... RING... RING... 
00:22:24 [allowed] §e[NPC] Trevor§f: §rSorry, I don't have any animals for you to hunt.
00:22:25 [allowed] §e[NPC] Trevor§f: §rTry coming back in §a2s§r!
00:22:31 [allowed] §7Warping you to your SkyBlock island...
00:22:32 [allowed] §7Sending to server mini81DV...
00:22:32 [allowed] §8 §r§8 §r§1 §r§3 §r§3 §r§7 §r§8 
00:22:32 [allowed] §eYou haven't claimed your §r§6Summer Rewards §r§eyet!
00:22:32 [allowed] §eTalk to the §r§bSummer Sloth §r§ein the §r§aHub!
00:22:35 [allowed] §aYou are playing on profile: §ePineapple
00:22:35 [allowed] §8Profile ID: cbcbcaaa-4182-4d77-bab6-b1345770fa92
00:22:41 [allowed] §7Warping...
00:22:41 [allowed] §7Sending to server mini64K...
00:22:42 [allowed] §8 §r§8 §r§1 §r§3 §r§3 §r§7 §r§8 
00:22:42 [allowed] §eYou haven't claimed your §r§6Summer Rewards §r§eyet!
00:22:42 [allowed] §eTalk to the §r§bSummer Sloth §r§ein the §r§aHub!
00:22:43 [allowed] §cYou may only use this command after 4s on the server!
00:22:44 [allowed] §cYou may only use this command after 4s on the server!
00:22:45 [allowed] §aYou are playing on profile: §ePineapple
00:22:45 [allowed] §8Profile ID: cbcbcaaa-4182-4d77-bab6-b1345770fa92
00:23:14 [allowed] §8Withdrawing coins...
00:23:14 [allowed] §aYou have withdrawn §r§618M coins§r§a! You now have §r§60 coins §r§ain your account!
00:23:19 [allowed] §6[Bazaar] §r§7Claiming order...
00:23:20 [allowed] §6[Bazaar] §r§7§r§7Claimed §r§619,050 coins §r§7from selling §r§a1§r§7x §r§9Flowering Bouquet §r§7at §r§619,267 §r§7each!
00:23:20 [allowed] §6[Bazaar] §r§7Claiming order...
00:23:20 [allowed] §6[Bazaar] §r§7§r§7Claimed §r§638,446 coins §r§7from selling §r§a1§r§7x §r§fPet Cake §r§7at §r§638,884 §r§7each!
00:23:23 [allowed] §6[Bazaar] §r§7Cancelling order...
00:23:23 [allowed] §6[Bazaar] §r§7§r§cCancelled! §r§7Refunded §r§a1§r§7x §r§fTurbo-Cocoa I §r§7from cancelling Sell Offer!
00:23:31 [allowed] §6[Bazaar] §r§7Executing instant sell...
00:23:31 [allowed] §6[Bazaar] §r§7Sold §r§a1§r§7x §r§fTurbo-Cocoa I §r§7for §r§630,002 coins§r§7!
00:23:36 [allowed] §aYou sold §r§fMutton§r§8 x4 §r§afor §r§620 Coins§r§a!
00:23:36 [allowed] §aYou sold §r§fWhite Wool§r§8 x3 §r§afor §r§66 Coins§r§a!
00:23:36 [allowed] §aYou sold §r§fRaw Rabbit§r§8 x1 §r§afor §r§64 Coins§r§a!
00:23:37 [allowed] §aYou sold §r§fRabbit's Foot§r§8 x1 §r§afor §r§65 Coins§r§a!
00:23:42 [allowed] §a§r§6Mining Speed Boost §r§ais now available!
00:26:13 [allowed] §eMaxed the Supercraft to §r§b126x crafts§r§e!
00:26:14 [allowed] §eYou Supercrafted §r§r§r§9Enchanted Melon Block §r§8x126§r§e!
00:26:20 [allowed] §6[Sacks] §r§a+126§r§e items§r§e, §r§c-20,160§r§e items§r§e.§r§8 (Last 5s.)
00:26:29 [allowed] §aYou earned §r§e662 Event EXP §r§afrom playing SkyBlock!
00:26:36 [allowed] §6[Sacks] §r§c-304§r§e items§r§e.§r§8 (Last 10s.)
00:26:43 [allowed] §aYou sold §r§9Enchanted Melon Block§r§8 x64 §r§afor §r§63,276,800 Coins§r§a!
00:26:44 [allowed] §aYou sold §r§9Enchanted Melon Block§r§8 x64 §r§afor §r§63,276,800 Coins§r§a!
00:26:45 [allowed] §aYou sold §r§9Enchanted Melon Block§r§8 x9 §r§afor §r§6460,800 Coins§r§a!
00:26:48 [allowed] §6[Bazaar] §r§7Putting goods in escrow...
00:26:48 [allowed] §6[Bazaar] §r§7Submitting sell offer...
00:26:48 [allowed] §6[Bazaar] §r§7§r§eSell Offer Setup! §r§a167§r§7x §r§aEnchanted Hay Bale §r§7for §r§61,359,608 coins§r§7.
00:27:05 [allowed] §6[Bazaar] §r§7Putting goods in escrow...
00:27:05 [allowed] §6[Bazaar] §r§7Submitting buy order...
00:27:05 [allowed] §6[Bazaar] §r§7§r§eBuy Order Setup! §r§a3,968§r§7x §r§aEnchanted Mutton §r§7for §r§623,814,349 coins§r§7.
00:27:31 [allowed] §7Warping...
00:27:32 [allowed] §7Sending to server mini200AE...
00:27:32 [allowed] §8 §r§8 §r§1 §r§3 §r§3 §r§7 §r§8 
00:27:32 [allowed] §eYou haven't claimed your §r§6Summer Rewards §r§eyet!
00:27:32 [allowed] §eTalk to the §r§bSummer Sloth §r§ein the §r§aHub!
00:27:34 [allowed] §6§lGROSS! §7While you were offline, §6Pests §7spawned in §aPlots §r§b3§r§7, §r§b4§r§7, §r§b14§r§7, §r§b19§r§7 and §r§b13§r§r§7!
00:27:34 [allowed] §7Your §r§6☘ Farming Fortune §r§7has been reduced by §r§450%§r§7!
00:27:34 [allowed] §7Click on a plots name in chat to teleport to it!
00:27:36 [allowed] §aYou are playing on profile: §ePineapple
00:27:36 [allowed] §8Profile ID: cbcbcaaa-4182-4d77-bab6-b1345770fa92
00:28:08 [allowed] §6[Bazaar] §r§7Claiming order...
00:28:08 [allowed] §6[Bazaar] §r§7§r§7Claimed §r§6309,372 coins §r§7from selling §r§a38§r§7x §r§aEnchanted Hay Bale §r§7at §r§68,234 §r§7each!
00:28:09 [allowed] §6[Bazaar] §r§7Cancelling order...
00:28:09 [allowed] §6[Bazaar] §r§c§r§cYou have goods to claim on this order!
00:28:10 [allowed] §6[Bazaar] §r§7Claiming order...
00:28:10 [allowed] §6[Bazaar] §r§7§r§7Claimed §r§6504,765 coins §r§7from selling §r§a62§r§7x §r§aEnchanted Hay Bale §r§7at §r§68,234 §r§7each!
00:28:12 [allowed] §6[Bazaar] §eYour §6Sell Offer §efor §a167§7x §aEnchanted Hay Bale §ewas filled!
00:28:19 [allowed] §6[Bazaar] §r§7Executing instant buy...
00:28:19 [allowed] §6[Bazaar] §r§7Bought §r§a8§r§7x §r§9Enchanted Cookie §r§7for §r§6727,958 coins§r§7!
00:28:21 [allowed] §aYour §r§6Golden Dragon §r§aleveled up to level §r§9154§r§a!
00:28:21 [allowed] §6§lOFFER ACCEPTED §r§8with §r§9Lazy Miner §r§8(§r§9§lRARE§r§8)
00:28:21 [allowed] 
00:28:21 [allowed]   §r§a§lREWARDS
00:28:21 [allowed]     §r§8+§r§230 §r§7Garden Experience
00:28:21 [allowed]     §r§8+§r§325k §r§7Farming XP
00:28:21 [allowed]     §r§8+§r§c77 Copper
00:28:21 [allowed]     §r§8+§r§b14 Bits
00:28:21 [allowed]     §r§7§aFine Flour §8x3
00:28:21 [allowed] 
00:28:23 [allowed] §6§lOFFER ACCEPTED §r§8with §r§9Gwendolyn §r§8(§r§9§lRARE§r§8)
00:28:23 [allowed] 
00:28:23 [allowed]   §r§a§lREWARDS
00:28:23 [allowed]     §r§8+§r§230 §r§7Garden Experience
00:28:23 [allowed]     §r§8+§r§315k §r§7Farming XP
00:28:23 [allowed]     §r§8+§r§c45 Copper
00:28:23 [allowed]     §r§8+§r§b7 Bits
00:28:23 [allowed]     §r§7§8+§2Crystal Hollows Pass
00:28:23 [allowed]     §r§7§aFine Flour §8x3
00:28:23 [allowed] 
00:28:32 [allowed] §a§r§6Mining Speed Boost §r§ais now available!
00:28:53 [allowed] §6[Bazaar] §r§7Executing instant buy...
00:28:53 [allowed] §6[Bazaar] §r§7Bought §r§a1§r§7x §r§9Enchanted Melon Block §r§7for §r§650,623 coins§r§7!
00:28:54 [allowed] §6[Bazaar] §r§7Executing instant buy...
00:28:54 [allowed] §6[Bazaar] §r§7Bought §r§a1§r§7x §r§9Enchanted Melon Block §r§7for §r§650,623 coins§r§7!
00:28:58 [allowed] §6[Bazaar] §r§7Executing instant buy...
00:28:58 [allowed] §6[Bazaar] §r§7Bought §r§a1§r§7x §r§9Enchanted Melon Block §r§7for §r§650,623 coins§r§7!
00:28:58 [allowed] §6[Bazaar] §r§7Executing instant buy...
00:28:59 [allowed] §6[Bazaar] §r§7Bought §r§a1§r§7x §r§9Enchanted Melon Block §r§7for §r§650,623 coins§r§7!
00:29:01 [allowed] §6§lOFFER ACCEPTED §r§8with §r§aTrevor §r§8(§r§a§lUNCOMMON§r§8)
00:29:01 [allowed] 
00:29:01 [allowed]   §r§a§lREWARDS
00:29:01 [allowed]     §r§8+§r§215 §r§7Garden Experience
00:29:01 [allowed]     §r§8+§r§32.2k §r§7Farming XP
00:29:01 [allowed]     §r§8+§r§c18 Copper
00:29:01 [allowed]     §r§8+§r§b7 Bits
00:29:01 [allowed]     §r§7§8+§52 Pelts
00:29:01 [allowed]     §r§7§aFine Flour
00:29:01 [allowed] 
00:29:19 [allowed] §6[Bazaar] §r§7Claiming order...
00:29:19 [allowed] §6[Bazaar] §r§7§r§7Claimed §r§6545,472 coins §r§7from selling §r§a67§r§7x §r§aEnchanted Hay Bale §r§7at §r§68,234 §r§7each!
00:29:31 [allowed] §aAdded §r§2204,800 §r§aorganic matter to the composter!
00:29:31 [allowed] §6[Sacks] §r§c-54§r§e items§r§e.§r§8 (Last 5s.)
00:29:35 [allowed] §aAdded §r§299,267 §r§afuel to the composter!
00:29:47 [allowed] §6[Sacks] §r§a+46§r§e items§r§e.§r§8 (Last 5s.)
00:30:22 [allowed] §eYou received §a4x Enchanted Brown Mushroom §efor killing a §6Slug§e!
00:30:27 [allowed] §6[Sacks] §r§a+4§r§e items§r§e.§r§8 (Last 5s.)
00:30:33 [allowed] §cThis ability is on cooldown for 1s.
00:30:36 [allowed] §cThis ability is on cooldown for 1s.
00:30:41 [allowed] §eYou received §a6x Enchanted Hay Bale §efor killing a §6Fly§e!
00:30:44 [allowed] §eYou received §a6x Enchanted Hay Bale §efor killing a §6Fly§e!
00:30:49 [allowed] §6[Sacks] §r§a+12§r§e items§r§e.§r§8 (Last 8s.)
00:30:53 [allowed] §cThis ability is on cooldown for 1s.
00:30:57 [allowed] §cThis ability is on cooldown for 1s.
00:31:01 [allowed] §aYour Garden is no longer infested and your §r§6☘ Farming Fortune §r§ahas returned to normal!
00:31:01 [allowed] §eYou received §a6x Enchanted Hay Bale §efor killing a §6Fly§e!
00:31:06 [allowed] §6[Sacks] §r§a+6§r§e items§r§e.§r§8 (Last 5s.)
00:31:12 [allowed] §cThis ability is on cooldown for 1s.
00:31:14 [allowed] §eYou received §a6x Enchanted Cocoa Beans §efor killing a §6Moth§e!
00:31:20 [allowed] §6[Sacks] §r§a+6§r§e items§r§e.§r§8 (Last 5s.)
00:31:21 [allowed] §cThis ability is on cooldown for 1s.
00:31:26 [allowed] §eYou received §a7x Enchanted Hay Bale §efor killing a §6Fly§e!
00:31:30 [allowed] §cThis ability is on cooldown for 1s.
00:31:32 [allowed] §6[Sacks] §r§a+7§r§e items§r§e.§r§8 (Last 5s.)
00:31:34 [allowed] §eYou received §a6x Enchanted Brown Mushroom §efor killing a §6Slug§e!
00:31:40 [allowed] §6[Sacks] §r§a+6§r§e items§r§e.§r§8 (Last 5s.)
00:31:49 [allowed] §7Warping...
00:31:49 [allowed] §7Sending to server mini64K...
00:31:50 [allowed] §8 §r§8 §r§1 §r§3 §r§3 §r§7 §r§8 
00:31:50 [allowed] §eYou haven't claimed your §r§6Summer Rewards §r§eyet!
00:31:50 [allowed] §eTalk to the §r§bSummer Sloth §r§ein the §r§aHub!
00:31:51 [allowed] §cYou do not have a trapper's task assigned!
00:31:52 [allowed] §cYou do not have a trapper's task assigned!
00:31:53 [allowed] §aYou are playing on profile: §ePineapple
00:31:53 [allowed] §8Profile ID: cbcbcaaa-4182-4d77-bab6-b1345770fa92
00:31:55 [allowed] §e✆ RING... 
00:31:56 [allowed] §e✆ RING... RING... 
00:31:57 [allowed] §e✆ RING... RING... RING... 
00:31:58 [allowed] §e[NPC] Trevor§f: §rYou will have 10 minutes to find the mob from when you accept the task.
00:32:00 [allowed] §e[NPC] Trevor§f: §rAny longer than that and the animal will run away!
00:32:00 [allowed] 
§r§b§lAccept the trapper's task to hunt the animal?§r
§r§7Click an option: §r§a§l[YES]§r§7 - §r§c§l[NO]
00:32:00 [allowed] §e[NPC] Trevor§f: §rYou can find your §a§lUNTRACKABLE §fanimal near the §eDesert Settlement§f.
00:32:04 [allowed] §aYou are at the exact height!
00:32:06 [allowed] §cThere are blocks in the way!
00:32:06 [allowed] §aKilling the animal rewarded you §r§58 pelts§r§a.
00:32:06 [allowed] §aReturn to the Trapper soon to get a new animal to hunt!
00:32:06 [allowed] §7Your Implosion hit §r§c1 §r§7enemy for §r§c750,068 §r§7damage.
00:32:06 [allowed] §cThere are blocks in the way!
00:32:09 [allowed] §e✆ RING... 
00:32:10 [allowed] §e✆ RING... RING... 
00:32:11 [allowed] §e✆ RING... RING... RING... 
00:32:12 [allowed] §e[NPC] Trevor§f: §rSorry, I don't have any animals for you to hunt.
00:32:13 [allowed] §e[NPC] Trevor§f: §rTry coming back in §a4s§r!
00:32:16 [allowed] §e✆ RING... 
00:32:17 [allowed] §e✆ RING... RING... 
00:32:18 [allowed] §e✆ RING... RING... RING... 
00:32:19 [allowed] §e[NPC] Trevor§f: §rYou will have 10 minutes to find the mob from when you accept the task.
00:32:21 [allowed] §e[NPC] Trevor§f: §rAny longer than that and the animal will run away!
00:32:21 [allowed] 
§r§b§lAccept the trapper's task to hunt the animal?§r
§r§7Click an option: §r§a§l[YES]§r§7 - §r§c§l[NO]
00:32:22 [allowed] §e[NPC] Trevor§f: §rYou can find your §9§lUNDETECTED §fanimal near the §2Overgrown Mushroom Cave§f.
00:32:26 [allowed] §aThe target is around §r§e15 blocks below§r§a, at a §r§b15 degrees §r§aangle!
00:32:32 [allowed] §cThere are blocks in the way!
00:32:32 [allowed] §aYour mob died randomly, you are rewarded §r§511 pelts§r§a.
00:32:32 [allowed] §aReturn to the Trapper soon to get a new animal to hunt!
00:32:37 [allowed] §e✆ RING... 
00:32:38 [allowed] §e✆ RING... RING... 
00:32:39 [allowed] §e✆ RING... RING... RING... 
00:32:40 [allowed] §e[NPC] Trevor§f: §rYou will have 10 minutes to find the mob from when you accept the task.
00:32:42 [allowed] §e[NPC] Trevor§f: §rAny longer than that and the animal will run away!
00:32:42 [allowed] 
§r§b§lAccept the trapper's task to hunt the animal?§r
§r§7Click an option: §r§a§l[YES]§r§7 - §r§c§l[NO]
00:32:42 [allowed] §e[NPC] Trevor§f: §rYou can find your §9§lUNDETECTED §fanimal near the §bOasis§f.
00:32:44 [allowed] §aThe target is around §r§e15 blocks above§r§a, at a §r§b5 degrees §r§aangle!
00:32:49 [allowed] §cThere are blocks in the way!
00:32:50 [allowed] §a§r§6Mining Speed Boost §r§ais now available!
00:32:52 [allowed] §cThere are blocks in the way!
00:32:53 [allowed] §cThere are blocks in the way!
00:32:53 [allowed] §cThere are blocks in the way!
00:32:55 [allowed] §aKilling the animal rewarded you §r§511 pelts§r§a.
00:32:55 [allowed] §aReturn to the Trapper soon to get a new animal to hunt!
00:32:55 [allowed] §7Your Implosion hit §r§c3 §r§7enemies for §r§c2,262,301.8 §r§7damage.
00:32:55 [allowed] §cThere are blocks in the way!
00:32:58 [allowed] §e✆ RING... 
00:32:59 [allowed] §e✆ RING... RING... 
00:33:00 [allowed] §e✆ RING... RING... RING... 
00:33:01 [allowed] §e[NPC] Trevor§f: §rYou will have 10 minutes to find the mob from when you accept the task.
00:33:03 [allowed] §e[NPC] Trevor§f: §rAny longer than that and the animal will run away!
00:33:03 [allowed] 
§r§b§lAccept the trapper's task to hunt the animal?§r
§r§7Click an option: §r§a§l[YES]§r§7 - §r§c§l[NO]
00:33:07 [allowed] §e[NPC] Trevor§f: §rYou can find your §a§lUNTRACKABLE §fanimal near the §bMushroom Gorge§f.
00:33:09 [allowed] §aThe target is around §r§e25 blocks below§r§a, at a §r§b10 degrees §r§aangle!
00:33:14 [allowed] §cThere are blocks in the way!
00:33:16 [allowed] §cThere are blocks in the way!
00:33:16 [allowed] §cThere are blocks in the way!
00:33:16 [allowed] §cThere are blocks in the way!
00:33:16 [allowed] §cThere are blocks in the way!
00:33:17 [allowed] §cThere are blocks in the way!
00:33:23 [allowed] §cThere are blocks in the way!
00:33:27 [allowed] §cThere are blocks in the way!
00:33:30 [allowed] §cThere are blocks in the way!
00:33:30 [allowed] §aKilling the animal rewarded you §r§58 pelts§r§a.
00:33:30 [allowed] §aReturn to the Trapper soon to get a new animal to hunt!
00:33:30 [allowed] §7Your Implosion hit §r§c1 §r§7enemy for §r§c750,068 §r§7damage.
00:33:33 [allowed] §e✆ RING... 
00:33:34 [allowed] §e✆ RING... RING... 
00:33:35 [allowed] §e✆ RING... RING... RING... 
00:33:36 [allowed] §e[NPC] Trevor§f: §rYou will have 10 minutes to find the mob from when you accept the task.
00:33:38 [allowed] §e[NPC] Trevor§f: §rAny longer than that and the animal will run away!
00:33:38 [allowed] 
§r§b§lAccept the trapper's task to hunt the animal?§r
§r§7Click an option: §r§a§l[YES]§r§7 - §r§c§l[NO]
00:33:38 [allowed] §e[NPC] Trevor§f: §rYou can find your §f§lTRACKABLE §fanimal near the §eDesert Settlement§f.
00:33:40 [allowed] §7Warping...
00:33:43 [allowed] §cThere are blocks in the way!
00:33:43 [allowed] §aKilling the animal rewarded you §r§55 pelts§r§a.
00:33:43 [allowed] §aReturn to the Trapper soon to get a new animal to hunt!
00:33:43 [allowed] §7Your Implosion hit §r§c1 §r§7enemy for §r§c750,068 §r§7damage.
00:33:43 [allowed] §cThere are blocks in the way!
00:33:45 [allowed] §e✆ RING... 
00:33:46 [allowed] §e✆ RING... RING... 
00:33:47 [allowed] §e✆ RING... RING... RING... 
00:33:48 [allowed] §e[NPC] Trevor§f: §rSorry, I don't have any animals for you to hunt.
00:33:49 [allowed] §e[NPC] Trevor§f: §rTry coming back in §a5s§r!
00:33:52 [allowed] §e✆ RING... 
00:33:53 [allowed] §e✆ RING... RING... 
00:33:54 [allowed] §e✆ RING... RING... RING... 
00:33:55 [allowed] §e[NPC] Trevor§f: §rYou will have 10 minutes to find the mob from when you accept the task.
00:33:57 [allowed] §e[NPC] Trevor§f: §rAny longer than that and the animal will run away!
00:33:57 [allowed] 
§r§b§lAccept the trapper's task to hunt the animal?§r
§r§7Click an option: §r§a§l[YES]§r§7 - §r§c§l[NO]
00:33:58 [allowed] §e[NPC] Trevor§f: §rYou can find your §a§lUNTRACKABLE §fanimal near the §eDesert Mountain§f.
00:33:59 [allowed] §aThe target is around §r§e45 blocks above§r§a, at a §r§b50 degrees §r§aangle!
00:34:06 [allowed] §aKilling the animal rewarded you §r§58 pelts§r§a.
00:34:06 [allowed] §aReturn to the Trapper soon to get a new animal to hunt!
00:34:06 [allowed] §7Your Implosion hit §r§c1 §r§7enemy for §r§c750,068 §r§7damage.
00:34:07 [allowed] §cThis ability is on cooldown for 2s.
00:34:09 [allowed] §e✆ RING... 
00:34:10 [allowed] §e✆ RING... RING... 
00:34:11 [allowed] §e✆ RING... RING... RING... 
00:34:12 [allowed] §e[NPC] Trevor§f: §rSorry, I don't have any animals for you to hunt.
00:34:13 [allowed] §e[NPC] Trevor§f: §rTry coming back in §a1s§r!
00:34:17 [allowed] §e✆ RING... 
00:34:18 [allowed] §e✆ RING... RING... 
00:34:19 [allowed] §e✆ RING... RING... RING... 
00:34:20 [allowed] §e[NPC] Trevor§f: §rYou will have 10 minutes to find the mob from when you accept the task.
00:34:22 [allowed] §e[NPC] Trevor§f: §rAny longer than that and the animal will run away!
00:34:22 [allowed] 
§r§b§lAccept the trapper's task to hunt the animal?§r
§r§7Click an option: §r§a§l[YES]§r§7 - §r§c§l[NO]
00:34:24 [allowed] §e[NPC] Trevor§f: §rYou can find your §f§lTRACKABLE §fanimal near the §2Overgrown Mushroom Cave§f.
00:34:34 [allowed] §cThere are blocks in the way!
00:34:35 [allowed] §aYour mob died randomly, you are rewarded §r§55 pelts§r§a.
00:34:35 [allowed] §aReturn to the Trapper soon to get a new animal to hunt!
00:34:40 [allowed] §e✆ RING... 
00:34:41 [allowed] §e✆ RING... RING... 
00:34:42 [allowed] §e✆ RING... RING... RING... 
00:34:43 [allowed] §e[NPC] Trevor§f: §rYou will have 10 minutes to find the mob from when you accept the task.
00:34:45 [allowed] §e[NPC] Trevor§f: §rAny longer than that and the animal will run away!
00:34:45 [allowed] 
§r§b§lAccept the trapper's task to hunt the animal?§r
§r§7Click an option: §r§a§l[YES]§r§7 - §r§c§l[NO]
00:34:48 [allowed] §e[NPC] Trevor§f: §rYou can find your §9§lUNDETECTED §fanimal near the §2Glowing Mushroom Cave§f.
00:34:53 [allowed] §aThe target is around §r§e5 blocks above§r§a, at a §r§b0 degrees §r§aangle!
00:34:56 [allowed] §cThis ability is on cooldown for 8s.
00:35:00 [allowed] §aYour mob died randomly, you are rewarded §r§511 pelts§r§a.
00:35:00 [allowed] §aReturn to the Trapper soon to get a new animal to hunt!
00:35:04 [allowed] §e✆ RING... 
00:35:05 [allowed] §e✆ RING... RING... 
00:35:06 [allowed] §e✆ RING... RING... RING... 
00:35:07 [allowed] §e[NPC] Trevor§f: §rYou will have 10 minutes to find the mob from when you accept the task.
00:35:09 [allowed] §e[NPC] Trevor§f: §rAny longer than that and the animal will run away!
00:35:09 [allowed] 
§r§b§lAccept the trapper's task to hunt the animal?§r
§r§7Click an option: §r§a§l[YES]§r§7 - §r§c§l[NO]
00:35:10 [allowed] §e[NPC] Trevor§f: §rI couldn't locate any animals. Come back in a little bit!
00:35:13 [allowed] §e✆ RING... 
00:35:14 [allowed] §e✆ RING... RING... 
00:35:15 [allowed] §e✆ RING... RING... RING... 
00:35:16 [allowed] §e[NPC] Trevor§f: §rYou will have 10 minutes to find the mob from when you accept the task.
00:35:18 [allowed] §e[NPC] Trevor§f: §rAny longer than that and the animal will run away!
00:35:18 [allowed] 
§r§b§lAccept the trapper's task to hunt the animal?§r
§r§7Click an option: §r§a§l[YES]§r§7 - §r§c§l[NO]
00:35:21 [allowed] §e[NPC] Trevor§f: §rYou can find your §f§lTRACKABLE §fanimal near the §bOasis§f.
00:35:26 [allowed] §aThe target is around §r§e15 blocks above§r§a, at a §r§b10 degrees §r§aangle!
00:35:30 [allowed] §7Warping...
00:35:34 [allowed] §7Your Implosion hit §r§c1 §r§7enemy for §r§c750,068 §r§7damage.
00:35:34 [allowed] §aKilling the animal rewarded you §r§55 pelts§r§a.
00:35:34 [allowed] §aReturn to the Trapper soon to get a new animal to hunt!
00:35:34 [allowed] §7Your Implosion hit §r§c1 §r§7enemy for §r§c750,068 §r§7damage.
00:35:36 [allowed] §e✆ RING... 
00:35:37 [allowed] §e✆ RING... RING... 
00:35:39 [allowed] §e✆ RING... RING... RING... 
00:35:39 [allowed] §e[NPC] Trevor§f: §rYou will have 10 minutes to find the mob from when you accept the task.
00:35:41 [allowed] §e[NPC] Trevor§f: §rAny longer than that and the animal will run away!
00:35:41 [allowed] 
§r§b§lAccept the trapper's task to hunt the animal?§r
§r§7Click an option: §r§a§l[YES]§r§7 - §r§c§l[NO]
00:35:47 [allowed] §e[NPC] Trevor§f: §rYou can find your §f§lTRACKABLE §fanimal near the §2Glowing Mushroom Cave§f.
00:35:55 [allowed] §cThere are blocks in the way!
00:35:57 [allowed] §cThere are blocks in the way!
00:35:59 [allowed] §cThere are blocks in the way!
00:36:04 [allowed] §aThe target is around §r§e5 blocks below§r§a, at a §r§b0 degrees §r§aangle!
00:36:15 [allowed] §aKilling the animal rewarded you §r§55 pelts§r§a.
00:36:15 [allowed] §aReturn to the Trapper soon to get a new animal to hunt!
00:36:15 [allowed] §7Your Implosion hit §r§c1 §r§7enemy for §r§c641,002.7 §r§7damage.
00:36:15 [allowed] §cThere are blocks in the way!
00:36:15 [allowed] §7Your Implosion hit §r§c1 §r§7enemy for §r§c750,068 §r§7damage.
00:36:20 [allowed] §6[Sacks] §r§a+8§r§e items§r§e.§r§8 (Last 5s.)
00:36:23 [allowed] §e✆ RING... 
00:36:24 [allowed] §e✆ RING... RING... 
00:36:25 [allowed] §e✆ RING... RING... RING... 
00:36:26 [allowed] §e[NPC] Trevor§f: §rYou will have 10 minutes to find the mob from when you accept the task.
00:36:28 [allowed] §e[NPC] Trevor§f: §rAny longer than that and the animal will run away!
00:36:28 [allowed] 
§r§b§lAccept the trapper's task to hunt the animal?§r
§r§7Click an option: §r§a§l[YES]§r§7 - §r§c§l[NO]
00:36:29 [allowed] §e[NPC] Trevor§f: §rYou can find your §a§lUNTRACKABLE §fanimal near the §eDesert Settlement§f.
00:36:32 [allowed] §7Warping...
00:36:33 [allowed] §aYou earned §r§e1,106 Event EXP §r§afrom playing SkyBlock!
00:36:33 [allowed] §cThere are blocks in the way!
00:36:33 [allowed] §aKilling the animal rewarded you §r§58 pelts§r§a.
00:36:33 [allowed] §aReturn to the Trapper soon to get a new animal to hunt!
00:36:33 [allowed] §7Your Implosion hit §r§c1 §r§7enemy for §r§c750,068 §r§7damage.
00:36:34 [allowed] §cThere are blocks in the way!
00:36:38 [allowed] §e✆ RING... 
00:36:39 [allowed] §e✆ RING... RING... 
00:36:40 [allowed] §e✆ RING... RING... RING... 
00:36:41 [allowed] §e[NPC] Trevor§f: §rSorry, I don't have any animals for you to hunt.
00:36:42 [allowed] §e[NPC] Trevor§f: §rTry coming back in §a4s§r!
00:36:44 [allowed] §e✆ RING... 
00:36:45 [allowed] §e✆ RING... RING... 
00:36:47 [allowed] §e✆ RING... RING... RING... 
00:36:47 [allowed] §e[NPC] Trevor§f: §rYou will have 10 minutes to find the mob from when you accept the task.
00:36:49 [allowed] §e[NPC] Trevor§f: §rAny longer than that and the animal will run away!
00:36:49 [allowed] 
§r§b§lAccept the trapper's task to hunt the animal?§r
§r§7Click an option: §r§a§l[YES]§r§7 - §r§c§l[NO]
00:36:51 [allowed] §e[NPC] Trevor§f: §rYou can find your §a§lUNTRACKABLE §fanimal near the §eDesert Settlement§f.
00:36:55 [allowed] §aThe target is around §r§e5 blocks below§r§a, at a §r§b10 degrees §r§aangle!
00:36:56 [allowed] §aFriend > §r§a5kit §r§ejoined.
00:37:03 [allowed] §cThere are blocks in the way!
00:37:10 [allowed] §cThere are blocks in the way!
00:37:18 [allowed] §aThe target is around §r§e5 blocks below§r§a, at a §r§b0 degrees §r§aangle!
00:37:30 [allowed] §cThere are blocks in the way!
00:37:30 [allowed] §cThere are blocks in the way!
00:37:30 [allowed] §aKilling the animal rewarded you §r§58 pelts§r§a.
00:37:30 [allowed] §aReturn to the Trapper soon to get a new animal to hunt!
00:37:30 [allowed] §7Your Implosion hit §r§c1 §r§7enemy for §r§c750,068 §r§7damage.
00:37:32 [allowed] §e✆ RING... 
00:37:33 [allowed] §e✆ RING... RING... 
00:37:35 [allowed] §e✆ RING... RING... RING... 
00:37:35 [allowed] §e[NPC] Trevor§f: §rYou will have 10 minutes to find the mob from when you accept the task.
00:37:37 [allowed] §e[NPC] Trevor§f: §rAny longer than that and the animal will run away!
00:37:37 [allowed] 
§r§b§lAccept the trapper's task to hunt the animal?§r
§r§7Click an option: §r§a§l[YES]§r§7 - §r§c§l[NO]
00:37:38 [allowed] §e[NPC] Trevor§f: §rYou can find your §f§lTRACKABLE §fanimal near the §2Overgrown Mushroom Cave§f.
00:37:40 [allowed] §aThe target is around §r§e25 blocks below§r§a, at a §r§b25 degrees §r§aangle!
00:37:41 [allowed] §cThere are blocks in the way!
00:37:41 [allowed] §cThere are blocks in the way!
00:37:44 [allowed] §cThere are blocks in the way!
00:37:54 [allowed] §aKilling the animal rewarded you §r§55 pelts§r§a.
00:37:54 [allowed] §aReturn to the Trapper soon to get a new animal to hunt!
00:37:54 [allowed] §7Your Implosion hit §r§c1 §r§7enemy for §r§c750,068 §r§7damage.
00:37:54 [allowed] §cThere are blocks in the way!
00:37:56 [allowed] §e✆ RING... 
00:37:58 [allowed] §e✆ RING... RING... 
00:37:59 [allowed] §e✆ RING... RING... RING... 
00:38:00 [allowed] §e[NPC] Trevor§f: §rYou will have 10 minutes to find the mob from when you accept the task.
00:38:02 [allowed] §e[NPC] Trevor§f: §rAny longer than that and the animal will run away!
00:38:02 [allowed] 
§r§b§lAccept the trapper's task to hunt the animal?§r
§r§7Click an option: §r§a§l[YES]§r§7 - §r§c§l[NO]
00:38:02 [allowed] §e[NPC] Trevor§f: §rYou can find your §9§lUNDETECTED §fanimal near the §bOasis§f.
00:38:05 [allowed] §7Warping...
00:38:07 [allowed] §aThe target is around §r§e5 blocks above§r§a, at a §r§b0 degrees §r§aangle!
00:38:12 [allowed] §cThere are blocks in the way!
00:38:12 [allowed] §aKilling the animal rewarded you §r§511 pelts§r§a.
00:38:12 [allowed] §aReturn to the Trapper soon to get a new animal to hunt!
00:38:12 [allowed] §7Your Implosion hit §r§c1 §r§7enemy for §r§c750,068 §r§7damage.
00:38:12 [allowed] §cThere are blocks in the way!
00:38:14 [allowed] §e✆ RING... 
00:38:15 [allowed] §e✆ RING... RING... 
00:38:16 [allowed] §e✆ RING... RING... RING... 
00:38:17 [allowed] §e[NPC] Trevor§f: §rSorry, I don't have any animals for you to hunt.
00:38:18 [allowed] §e[NPC] Trevor§f: §rTry coming back in §a1s§r!
00:38:20 [allowed] §e✆ RING... 
00:38:22 [allowed] §e✆ RING... RING... 
00:38:23 [allowed] §e✆ RING... RING... RING... 
00:38:23 [allowed] §e[NPC] Trevor§f: §rYou will have 10 minutes to find the mob from when you accept the task.
00:38:25 [allowed] §e[NPC] Trevor§f: §rAny longer than that and the animal will run away!
00:38:25 [allowed] 
§r§b§lAccept the trapper's task to hunt the animal?§r
§r§7Click an option: §r§a§l[YES]§r§7 - §r§c§l[NO]
00:38:27 [allowed] §e[NPC] Trevor§f: §rYou can find your §f§lTRACKABLE §fanimal near the §bMushroom Gorge§f.
00:38:35 [allowed] §aThe target is around §r§e15 blocks below§r§a, at a §r§b30 degrees §r§aangle!
00:38:37 [allowed] §aYour mob died randomly, you are rewarded §r§55 pelts§r§a.
00:38:37 [allowed] §aReturn to the Trapper soon to get a new animal to hunt!
00:38:39 [allowed] §e✆ RING... 
00:38:40 [allowed] §e✆ RING... RING... 
00:38:41 [allowed] §e✆ RING... RING... RING... 
00:38:42 [allowed] §e[NPC] Trevor§f: §rYou will have 10 minutes to find the mob from when you accept the task.
00:38:44 [allowed] §e[NPC] Trevor§f: §rAny longer than that and the animal will run away!
00:38:44 [allowed] 
§r§b§lAccept the trapper's task to hunt the animal?§r
§r§7Click an option: §r§a§l[YES]§r§7 - §r§c§l[NO]
00:38:45 [allowed] §e[NPC] Trevor§f: §rYou can find your §f§lTRACKABLE §fanimal near the §eDesert Mountain§f.
00:38:51 [allowed] §aThe target is around §r§e75 blocks above§r§a, at a §r§b50 degrees §r§aangle!
00:38:54 [allowed] §cThere are blocks in the way!
00:38:54 [allowed] §cThere are blocks in the way!
00:38:54 [allowed] §cThere are blocks in the way!
00:38:55 [allowed] §aYour mob died randomly, you are rewarded §r§55 pelts§r§a.
00:38:55 [allowed] §aReturn to the Trapper soon to get a new animal to hunt!
00:38:59 [allowed] §e✆ RING... 
00:39:00 [allowed] §e✆ RING... RING... 
00:39:01 [allowed] §e✆ RING... RING... RING... 
00:39:02 [allowed] §e[NPC] Trevor§f: §rYou will have 10 minutes to find the mob from when you accept the task.
00:39:04 [allowed] §e[NPC] Trevor§f: §rAny longer than that and the animal will run away!
00:39:04 [allowed] 
§r§b§lAccept the trapper's task to hunt the animal?§r
§r§7Click an option: §r§a§l[YES]§r§7 - §r§c§l[NO]
00:39:05 [allowed] §e[NPC] Trevor§f: §rYou can find your §f§lTRACKABLE §fanimal near the §eDesert Settlement§f.
00:39:11 [allowed] §aThe target is around §r§e90 blocks below§r§a, at a §r§b30 degrees §r§aangle!
00:39:16 [allowed] §cThere are blocks in the way!
00:39:16 [allowed] §aYour mob died randomly, you are rewarded §r§55 pelts§r§a.
00:39:16 [allowed] §aReturn to the Trapper soon to get a new animal to hunt!
00:39:19 [allowed] §e✆ RING... 
00:39:20 [allowed] §e✆ RING... RING... 
00:39:21 [allowed] §e✆ RING... RING... RING... 
00:39:22 [allowed] §e[NPC] Trevor§f: §rYou will have 10 minutes to find the mob from when you accept the task.
00:39:24 [allowed] §e[NPC] Trevor§f: §rAny longer than that and the animal will run away!
00:39:24 [allowed] 
§r§b§lAccept the trapper's task to hunt the animal?§r
§r§7Click an option: §r§a§l[YES]§r§7 - §r§c§l[NO]
00:39:25 [allowed] §e[NPC] Trevor§f: §rYou can find your §5§lENDANGERED §fanimal near the §bMushroom Gorge§f.
00:39:27 [allowed] §aThe target is around §r§e5 blocks above§r§a, at a §r§b0 degrees §r§aangle!
00:39:30 [allowed] §cThere are blocks in the way!
00:39:36 [allowed] §cThis ability is on cooldown for 2s.
00:39:37 [allowed] §cThis ability is on cooldown for 1s.
00:39:39 [allowed] §aThe target is around §r§e5 blocks below§r§a, at a §r§b0 degrees §r§aangle!
00:39:47 [allowed] §cThere are blocks in the way!
00:39:56 [allowed] §aThe target is around §r§e5 blocks above§r§a, at a §r§b0 degrees §r§aangle!
00:40:03 [allowed] §cThere are blocks in the way!
00:40:03 [allowed] §cThere are blocks in the way!
00:40:06 [allowed] §cThere are blocks in the way!
00:40:07 [allowed] §cThere are blocks in the way!
00:40:07 [allowed] §cThere are blocks in the way!
00:40:09 [allowed] §aThe target is around §r§e30 blocks above§r§a, at a §r§b10 degrees §r§aangle!
00:40:19 [allowed] §cThere are blocks in the way!
00:40:26 [allowed] §cThere are blocks in the way!
00:40:26 [allowed] §cThere are blocks in the way!
00:40:26 [allowed] §cThere are blocks in the way!
00:40:43 [allowed] §cThere are blocks in the way!
00:40:44 [allowed] §cThere are blocks in the way!
00:40:45 [allowed] §cThere are blocks in the way!
00:40:49 [allowed] §aKilling the animal rewarded you §r§514 pelts§r§a.
00:40:49 [allowed] §aReturn to the Trapper soon to get a new animal to hunt!
00:40:49 [allowed] §7Your Implosion hit §r§c1 §r§7enemy for §r§c670,511.4 §r§7damage.
00:40:49 [allowed] §cThere are blocks in the way!
00:40:49 [allowed] §cThere are blocks in the way!
00:41:18 [allowed] §e✆ RING... 
00:41:19 [allowed] §e✆ RING... RING... 
00:41:20 [allowed] §e✆ RING... RING... RING... 
00:41:21 [allowed] §e[NPC] Trevor§f: §rYou will have 10 minutes to find the mob from when you accept the task.
00:41:23 [allowed] §e[NPC] Trevor§f: §rAny longer than that and the animal will run away!
00:41:23 [allowed] 
§r§b§lAccept the trapper's task to hunt the animal?§r
§r§7Click an option: §r§a§l[YES]§r§7 - §r§c§l[NO]
00:41:24 [allowed] §e[NPC] Trevor§f: §rYou can find your §a§lUNTRACKABLE §fanimal near the §eDesert Mountain§f.
00:41:26 [allowed] §7Warping...
00:41:28 [allowed] §aThe target is around §r§e45 blocks above§r§a, at a §r§b10 degrees §r§aangle!
00:41:34 [allowed] §aYour mob died randomly, you are rewarded §r§58 pelts§r§a.
00:41:34 [allowed] §aReturn to the Trapper soon to get a new animal to hunt!
00:41:35 [allowed] §aYou earned §r§e1,500 Event EXP §r§afrom playing SkyBlock!
00:41:38 [allowed] §cThere are blocks in the way!
00:41:42 [allowed] §e✆ RING... 
00:41:43 [allowed] §e✆ RING... RING... 
00:41:44 [allowed] §e✆ RING... RING... RING... 
00:41:45 [allowed] §e[NPC] Trevor§f: §rYou will have 10 minutes to find the mob from when you accept the task.
00:41:47 [allowed] §e[NPC] Trevor§f: §rAny longer than that and the animal will run away!
00:41:47 [allowed] 
§r§b§lAccept the trapper's task to hunt the animal?§r
§r§7Click an option: §r§a§l[YES]§r§7 - §r§c§l[NO]
00:41:48 [allowed] §e[NPC] Trevor§f: §rYou can find your §f§lTRACKABLE §fanimal near the §bOasis§f.
00:41:55 [allowed] §aThe target is around §r§e70 blocks below§r§a, at a §r§b35 degrees §r§aangle!
00:42:00 [allowed] §cThere are blocks in the way!
00:42:00 [allowed] §cThere are blocks in the way!
00:42:00 [allowed] §cThere are blocks in the way!
00:42:01 [allowed] §cThere are blocks in the way!
00:42:01 [allowed] §aKilling the animal rewarded you §r§55 pelts§r§a.
00:42:01 [allowed] §aReturn to the Trapper soon to get a new animal to hunt!
00:42:01 [allowed] §7Your Implosion hit §r§c1 §r§7enemy for §r§c750,068 §r§7damage.
00:42:01 [allowed] §cThere are blocks in the way!
00:42:05 [allowed] §e✆ RING... 
00:42:06 [allowed] §e✆ RING... RING... 
00:42:07 [allowed] §e✆ RING... RING... RING... 
00:42:08 [allowed] §e[NPC] Trevor§f: §rYou will have 10 minutes to find the mob from when you accept the task.
00:42:10 [allowed] §e[NPC] Trevor§f: §rAny longer than that and the animal will run away!
00:42:10 [allowed] 
§r§b§lAccept the trapper's task to hunt the animal?§r
§r§7Click an option: §r§a§l[YES]§r§7 - §r§c§l[NO]
00:42:13 [allowed] §e[NPC] Trevor§f: §rYou can find your §9§lUNDETECTED §fanimal near the §bOasis§f.
00:42:16 [allowed] §aThe target is around §r§e25 blocks above§r§a, at a §r§b15 degrees §r§aangle!
00:42:22 [allowed] §aYour mob died randomly, you are rewarded §r§511 pelts§r§a.
00:42:22 [allowed] §aReturn to the Trapper soon to get a new animal to hunt!
00:42:26 [allowed] §e✆ RING... 
00:42:27 [allowed] §e✆ RING... RING... 
00:42:28 [allowed] §e✆ RING... RING... RING... 
00:42:29 [allowed] §e[NPC] Trevor§f: §rYou will have 10 minutes to find the mob from when you accept the task.
00:42:31 [allowed] §e[NPC] Trevor§f: §rAny longer than that and the animal will run away!
00:42:31 [allowed] 
§r§b§lAccept the trapper's task to hunt the animal?§r
§r§7Click an option: §r§a§l[YES]§r§7 - §r§c§l[NO]
00:42:33 [allowed] §e[NPC] Trevor§f: §rYou can find your §9§lUNDETECTED §fanimal near the §bOasis§f.
00:42:35 [allowed] §aThe target is around §r§e20 blocks below§r§a, at a §r§b15 degrees §r§aangle!
00:42:38 [allowed] §cThere are blocks in the way!
00:42:40 [allowed] §aKilling the animal rewarded you §r§511 pelts§r§a.
00:42:40 [allowed] §aReturn to the Trapper soon to get a new animal to hunt!
00:42:40 [allowed] §7Your Implosion hit §r§c1 §r§7enemy for §r§c750,068 §r§7damage.
00:42:44 [allowed] §e✆ RING... 
00:42:45 [allowed] §e✆ RING... RING... 
00:42:46 [allowed] §e✆ RING... RING... RING... 
00:42:47 [allowed] §e[NPC] Trevor§f: §rSorry, I don't have any animals for you to hunt.
00:42:48 [allowed] §e[NPC] Trevor§f: §rTry coming back in §a1s§r!
00:42:50 [allowed] §e✆ RING... 
00:42:51 [allowed] §e✆ RING... RING... 
00:42:52 [allowed] §e✆ RING... RING... RING... 
00:42:53 [allowed] §e[NPC] Trevor§f: §rYou will have 10 minutes to find the mob from when you accept the task.
00:42:55 [allowed] §e[NPC] Trevor§f: §rAny longer than that and the animal will run away!
00:42:55 [allowed] 
§r§b§lAccept the trapper's task to hunt the animal?§r
§r§7Click an option: §r§a§l[YES]§r§7 - §r§c§l[NO]
00:42:58 [allowed] §e[NPC] Trevor§f: §rYou can find your §9§lUNDETECTED §fanimal near the §bMushroom Gorge§f.
00:43:01 [allowed] §aThe target is around §r§e25 blocks below§r§a, at a §r§b10 degrees §r§aangle!
00:43:04 [allowed] §cThere are blocks in the way!
00:43:20 [allowed] §aThe target is around §r§e5 blocks below§r§a, at a §r§b5 degrees §r§aangle!
00:43:32 [allowed] §aKilling the animal rewarded you §r§511 pelts§r§a.
00:43:32 [allowed] §aReturn to the Trapper soon to get a new animal to hunt!
00:43:32 [allowed] §7Your Implosion hit §r§c1 §r§7enemy for §r§c750,068 §r§7damage.
00:43:35 [allowed] §e✆ RING... 
00:43:36 [allowed] §e✆ RING... RING... 
00:43:37 [allowed] §e✆ RING... RING... RING... 
00:43:38 [allowed] §e[NPC] Trevor§f: §rYou will have 10 minutes to find the mob from when you accept the task.
00:43:40 [allowed] §e[NPC] Trevor§f: §rAny longer than that and the animal will run away!
00:43:40 [allowed] 
§r§b§lAccept the trapper's task to hunt the animal?§r
§r§7Click an option: §r§a§l[YES]§r§7 - §r§c§l[NO]
00:43:43 [allowed] §e[NPC] Trevor§f: §rYou can find your §f§lTRACKABLE §fanimal near the §2Glowing Mushroom Cave§f.
00:43:45 [allowed] §aThe target is around §r§e15 blocks below§r§a, at a §r§b5 degrees §r§aangle!
00:43:52 [allowed] §cThere are blocks in the way!
00:43:53 [allowed] §cThere are blocks in the way!
00:43:55 [allowed] §cThere are blocks in the way!
00:43:55 [allowed] §aKilling the animal rewarded you §r§55 pelts§r§a.
00:43:55 [allowed] §aReturn to the Trapper soon to get a new animal to hunt!
00:43:55 [allowed] §7Your Implosion hit §r§c1 §r§7enemy for §r§c750,068 §r§7damage.
00:43:58 [allowed] §e✆ RING... 
00:43:59 [allowed] §e✆ RING... RING... 
00:44:00 [allowed] §e✆ RING... RING... RING... 
00:44:01 [allowed] §e[NPC] Trevor§f: §rYou will have 10 minutes to find the mob from when you accept the task.
00:44:03 [allowed] §e[NPC] Trevor§f: §rAny longer than that and the animal will run away!
00:44:03 [allowed] 
§r§b§lAccept the trapper's task to hunt the animal?§r
§r§7Click an option: §r§a§l[YES]§r§7 - §r§c§l[NO]
00:44:04 [allowed] §e[NPC] Trevor§f: §rYou can find your §f§lTRACKABLE §fanimal near the §eDesert Mountain§f.
00:44:06 [allowed] §aThe target is around §r§e80 blocks above§r§a, at a §r§b40 degrees §r§aangle!
00:44:07 [allowed] §7Warping...
00:44:12 [allowed] §aKilling the animal rewarded you §r§55 pelts§r§a.
00:44:12 [allowed] §aReturn to the Trapper soon to get a new animal to hunt!
00:44:12 [allowed] §7Your Implosion hit §r§c1 §r§7enemy for §r§c750,068 §r§7damage.
00:44:12 [allowed] §cThere are blocks in the way!
00:44:14 [allowed] §e✆ RING... 
00:44:15 [allowed] §e✆ RING... RING... 
00:44:16 [allowed] §e✆ RING... RING... RING... 
00:44:17 [allowed] §e[NPC] Trevor§f: §rSorry, I don't have any animals for you to hunt.
00:44:18 [allowed] §e[NPC] Trevor§f: §rTry coming back in §a2s§r!
00:44:20 [allowed] §e✆ RING... 
00:44:21 [allowed] §e✆ RING... RING... 
00:44:22 [allowed] §e✆ RING... RING... RING... 
00:44:23 [allowed] §e[NPC] Trevor§f: §rYou will have 10 minutes to find the mob from when you accept the task.
00:44:25 [allowed] §e[NPC] Trevor§f: §rAny longer than that and the animal will run away!
00:44:25 [allowed] 
§r§b§lAccept the trapper's task to hunt the animal?§r
§r§7Click an option: §r§a§l[YES]§r§7 - §r§c§l[NO]
00:44:26 [allowed] §e[NPC] Trevor§f: §rYou can find your §f§lTRACKABLE §fanimal near the §bMushroom Gorge§f.
00:44:33 [allowed] §cThere are blocks in the way!
00:44:34 [allowed] §cThere are blocks in the way!
00:44:42 [allowed] §aThe target is around §r§e20 blocks above§r§a, at a §r§b5 degrees §r§aangle!
00:44:43 [allowed] §cThere are blocks in the way!
00:44:46 [allowed] §cThere are blocks in the way!
00:44:51 [allowed] §cThere are blocks in the way!
00:44:51 [allowed] §aKilling the animal rewarded you §r§55 pelts§r§a.
00:44:51 [allowed] §aReturn to the Trapper soon to get a new animal to hunt!
00:44:51 [allowed] §7Your Implosion hit §r§c1 §r§7enemy for §r§c919,438.2 §r§7damage.
00:44:53 [allowed] §e✆ RING... 
00:44:54 [allowed] §e✆ RING... RING... 
00:44:55 [allowed] §e✆ RING... RING... RING... 
00:44:56 [allowed] §e[NPC] Trevor§f: §rYou will have 10 minutes to find the mob from when you accept the task.
00:44:58 [allowed] §e[NPC] Trevor§f: §rAny longer than that and the animal will run away!
00:44:58 [allowed] 
§r§b§lAccept the trapper's task to hunt the animal?§r
§r§7Click an option: §r§a§l[YES]§r§7 - §r§c§l[NO]
00:44:59 [allowed] §e[NPC] Trevor§f: §rYou can find your §a§lUNTRACKABLE §fanimal near the §eDesert Settlement§f.
00:45:03 [allowed] §aThe target is around §r§e25 blocks above§r§a, at a §r§b10 degrees §r§aangle!
00:45:05 [allowed] §cThere are blocks in the way!
00:45:05 [allowed] §cThere are blocks in the way!
00:45:05 [allowed] §cThere are blocks in the way!
00:45:05 [allowed] §cThere are blocks in the way!
00:45:13 [allowed] §8[§r§738§r§8] §r§b[MVP§c+§b] AlmightyCow1167 §7♲§f§r§f: like 32 grand exp bottles or bits
00:45:14 [allowed] §aThe target is around §r§e5 blocks below§r§a, at a §r§b10 degrees §r§aangle!
00:45:16 [allowed] §cThis ability is on cooldown for 9s.
00:45:17 [allowed] §8[§r§738§r§8] §r§b[MVP§c+§b] AlmightyCow1167 §7♲§f§r§f: wc
00:45:19 [allowed] §cThere are blocks in the way!
00:45:19 [allowed] §aKilling the animal rewarded you §r§58 pelts§r§a.
00:45:19 [allowed] §aReturn to the Trapper soon to get a new animal to hunt!
00:45:19 [allowed] §7Your Implosion hit §r§c1 §r§7enemy for §r§c750,068 §r§7damage.
00:45:19 [allowed] §cThere are blocks in the way!
00:45:22 [allowed] §e✆ RING... 
00:45:23 [allowed] §e✆ RING... RING... 
00:45:24 [allowed] §e✆ RING... RING... RING... 
00:45:25 [allowed] §e[NPC] Trevor§f: §rYou will have 10 minutes to find the mob from when you accept the task.
00:45:27 [allowed] §e[NPC] Trevor§f: §rAny longer than that and the animal will run away!
00:45:27 [allowed] 
§r§b§lAccept the trapper's task to hunt the animal?§r
§r§7Click an option: §r§a§l[YES]§r§7 - §r§c§l[NO]
00:45:28 [allowed] §c ☠ §r§7§r§aMiagis§r§7 was killed by §r§aMiagis§r§7§r§7.
00:45:29 [allowed] §e[NPC] Trevor§f: §rYou can find your §6§lELUSIVE §fanimal near the §eDesert Mountain§f.
00:45:32 [allowed] §aThe target is around §r§e65 blocks above§r§a, at a §r§b45 degrees §r§aangle!
00:45:34 [allowed] §cThe rabbit blinded you!
00:45:36 [allowed] §cThere are blocks in the way!
00:45:37 [allowed] §cThe rabbit blinded you!
00:45:39 [allowed] §cThe rabbit blinded you!
00:45:41 [allowed] §c The animal saw you and disappeared!
00:45:41 [allowed] §aYour mob died randomly, you are rewarded §r§526 pelts§r§a.
00:45:41 [allowed] §aReturn to the Trapper soon to get a new animal to hunt!
00:45:46 [allowed] §e✆ RING... 
00:45:47 [allowed] §e✆ RING... RING... 
00:45:48 [allowed] §e✆ RING... RING... RING... 
00:45:49 [allowed] §e[NPC] Trevor§f: §rYou will have 10 minutes to find the mob from when you accept the task.
00:45:51 [allowed] §c ☠ §r§7§r§aMiagis§r§7 was killed by §r§aMiagis§r§7§r§7.
00:45:51 [allowed] §e[NPC] Trevor§f: §rAny longer than that and the animal will run away!
00:45:51 [allowed] 
§r§b§lAccept the trapper's task to hunt the animal?§r
§r§7Click an option: §r§a§l[YES]§r§7 - §r§c§l[NO]
00:45:52 [allowed] §cYou do not have a trapper's task assigned!
00:45:53 [allowed] §e[NPC] Trevor§f: §rYou can find your §a§lUNTRACKABLE §fanimal near the §eDesert Settlement§f.
00:45:54 [allowed] §aThe target is around §r§e80 blocks below§r§a, at a §r§b40 degrees §r§aangle!
00:45:58 [allowed] §aKilling the animal rewarded you §r§58 pelts§r§a.
00:45:58 [allowed] §aReturn to the Trapper soon to get a new animal to hunt!
00:45:58 [allowed] §7Your Implosion hit §r§c1 §r§7enemy for §r§c750,068 §r§7damage.
00:46:00 [allowed] §e✆ RING... 
00:46:01 [allowed] §e✆ RING... RING... 
00:46:02 [allowed] §e✆ RING... RING... RING... 
00:46:03 [allowed] §e[NPC] Trevor§f: §rSorry, I don't have any animals for you to hunt.
00:46:04 [allowed] §e[NPC] Trevor§f: §rTry coming back in §a5s§r!
00:46:08 [allowed] §e✆ RING... 
00:46:09 [allowed] §e✆ RING... RING... 
00:46:10 [allowed] §e✆ RING... RING... RING... 
00:46:11 [allowed] §e[NPC] Trevor§f: §rYou will have 10 minutes to find the mob from when you accept the task.
00:46:13 [allowed] §e[NPC] Trevor§f: §rAny longer than that and the animal will run away!
00:46:13 [allowed] 
§r§b§lAccept the trapper's task to hunt the animal?§r
§r§7Click an option: §r§a§l[YES]§r§7 - §r§c§l[NO]
00:46:27 [allowed] §e[NPC] Trevor§f: §rYou can find your §f§lTRACKABLE §fanimal near the §2Glowing Mushroom Cave§f.
00:46:29 [allowed] §aThe target is around §r§e30 blocks below§r§a, at a §r§b10 degrees §r§aangle!
00:46:33 [allowed] §cThere are blocks in the way!
00:46:35 [allowed] §cThere are blocks in the way!
00:46:35 [allowed] §cThere are blocks in the way!
00:46:36 [allowed] §aYou earned §r§e1,480 Event EXP §r§afrom playing SkyBlock!
00:46:38 [allowed] §aKilling the animal rewarded you §r§55 pelts§r§a.
00:46:38 [allowed] §aReturn to the Trapper soon to get a new animal to hunt!
00:46:38 [allowed] §7Your Implosion hit §r§c1 §r§7enemy for §r§c750,068 §r§7damage.
00:46:40 [allowed] §e✆ RING... 
00:46:41 [allowed] §e✆ RING... RING... 
00:46:42 [allowed] §e✆ RING... RING... RING... 
00:46:43 [allowed] §e[NPC] Trevor§f: §rYou will have 10 minutes to find the mob from when you accept the task.
00:46:45 [allowed] §e[NPC] Trevor§f: §rAny longer than that and the animal will run away!
00:46:45 [allowed] 
§r§b§lAccept the trapper's task to hunt the animal?§r
§r§7Click an option: §r§a§l[YES]§r§7 - §r§c§l[NO]
00:46:46 [allowed] §e[NPC] Trevor§f: §rYou can find your §f§lTRACKABLE §fanimal near the §eDesert Mountain§f.
00:46:51 [allowed] §aThe target is around §r§e120 blocks above§r§a, at a §r§b60 degrees §r§aangle!
00:46:54 [allowed] §7Warping...
00:46:56 [allowed] §aYour mob died randomly, you are rewarded §r§55 pelts§r§a.
00:46:56 [allowed] §aReturn to the Trapper soon to get a new animal to hunt!
00:46:59 [allowed] §e✆ RING... 
00:47:00 [allowed] §e✆ RING... RING... 
00:47:01 [allowed] §e✆ RING... RING... RING... 
00:47:02 [allowed] §e[NPC] Trevor§f: §rYou will have 10 minutes to find the mob from when you accept the task.
00:47:04 [allowed] §e[NPC] Trevor§f: §rAny longer than that and the animal will run away!
00:47:04 [allowed] 
§r§b§lAccept the trapper's task to hunt the animal?§r
§r§7Click an option: §r§a§l[YES]§r§7 - §r§c§l[NO]
00:47:06 [allowed] §e[NPC] Trevor§f: §rYou can find your §a§lUNTRACKABLE §fanimal near the §2Glowing Mushroom Cave§f.
00:47:20 [allowed] §e✆ RING... 
00:47:21 [allowed] §e✆ RING... RING... 
00:47:22 [allowed] §e✆ RING... RING... RING... 
00:47:23 [allowed] §e[NPC] Trevor§f: §rYou already have a mob spawned! Hunt that mob first!
00:47:23 [allowed] §aThe target is around §r§e110 blocks below§r§a, at a §r§b60 degrees §r§aangle!
00:47:25 [allowed] §cThere are blocks in the way!
00:47:26 [allowed] §cThere are blocks in the way!
00:47:27 [allowed] §cThere are blocks in the way!
00:47:31 [allowed] §cThere are blocks in the way!
00:47:31 [allowed] §cThere are blocks in the way!
00:47:32 [allowed] §cThere are blocks in the way!
00:47:41 [allowed] §aKilling the animal rewarded you §r§58 pelts§r§a.
00:47:41 [allowed] §aReturn to the Trapper soon to get a new animal to hunt!
00:47:41 [allowed] §7Your Implosion hit §r§c1 §r§7enemy for §r§c750,068 §r§7damage.
00:47:41 [allowed] §cThere are blocks in the way!
00:47:43 [allowed] §e✆ RING... 
00:47:44 [allowed] §e✆ RING... RING... 
00:47:45 [allowed] §e✆ RING... RING... RING... 
00:47:46 [allowed] §e[NPC] Trevor§f: §rYou will have 10 minutes to find the mob from when you accept the task.
00:47:48 [allowed] §e[NPC] Trevor§f: §rAny longer than that and the animal will run away!
00:47:48 [allowed] 
§r§b§lAccept the trapper's task to hunt the animal?§r
§r§7Click an option: §r§a§l[YES]§r§7 - §r§c§l[NO]
00:48:11 [allowed] §cYou do not have a trapper's task assigned!
00:48:11 [allowed] §e[NPC] Trevor§f: §rYou can find your §5§lENDANGERED §fanimal near the §2Glowing Mushroom Cave§f.
00:48:12 [allowed] §aThe target is around §r§e5 blocks below§r§a, at a §r§b0 degrees §r§aangle!
00:48:18 [allowed] §cThis ability is on cooldown for 5s.
00:48:19 [allowed] §7Your Implosion hit §r§c1 §r§7enemy for §r§c750,068 §r§7damage.
00:48:19 [allowed] §cThe animal went invisible because you got too close!
00:48:19 [allowed] §cThe cow blinded you!
00:48:19 [allowed] §aKilling the animal rewarded you §r§514 pelts§r§a.
00:48:19 [allowed] §aReturn to the Trapper soon to get a new animal to hunt!
00:48:19 [allowed] §7Your Implosion hit §r§c2 §r§7enemies for §r§c1,501,050.7 §r§7damage.
00:48:19 [allowed] §cThere are blocks in the way!
00:48:23 [allowed] §e✆ RING... 
00:48:24 [allowed] §e✆ RING... RING... 
00:48:24 [allowed] §6[Sacks] §r§a+16§r§e items§r§e.§r§8 (Last 5s.)
00:48:25 [allowed] §e✆ RING... RING... RING... 
00:48:26 [allowed] §e[NPC] Trevor§f: §rSorry, I don't have any animals for you to hunt.
00:48:27 [allowed] §e[NPC] Trevor§f: §rTry coming back in §a1s§r!
00:48:32 [allowed] §e✆ RING... 
00:48:33 [allowed] §e✆ RING... RING... 
00:48:34 [allowed] §e✆ RING... RING... RING... 
00:48:35 [allowed] §e[NPC] Trevor§f: §rYou will have 10 minutes to find the mob from when you accept the task.
00:48:37 [allowed] §e[NPC] Trevor§f: §rAny longer than that and the animal will run away!
00:48:37 [allowed] 
§r§b§lAccept the trapper's task to hunt the animal?§r
§r§7Click an option: §r§a§l[YES]§r§7 - §r§c§l[NO]
00:48:38 [allowed] §e[NPC] Trevor§f: §rYou can find your §9§lUNDETECTED §fanimal near the §bMushroom Gorge§f.
00:48:39 [allowed] §7Warping...
00:48:46 [allowed] §cThere are blocks in the way!
00:48:47 [allowed] §aThe target is around §r§e15 blocks below§r§a, at a §r§b15 degrees §r§aangle!
00:49:02 [allowed] §cThere are blocks in the way!
00:49:02 [allowed] §aKilling the animal rewarded you §r§511 pelts§r§a.
00:49:02 [allowed] §aReturn to the Trapper soon to get a new animal to hunt!
00:49:02 [allowed] §7Your Implosion hit §r§c1 §r§7enemy for §r§c786,361.6 §r§7damage.
00:49:04 [allowed] §e✆ RING... 
00:49:05 [allowed] §e✆ RING... RING... 
00:49:06 [allowed] §e✆ RING... RING... RING... 
00:49:07 [allowed] §e[NPC] Trevor§f: §rYou will have 10 minutes to find the mob from when you accept the task.
00:49:09 [allowed] §e[NPC] Trevor§f: §rAny longer than that and the animal will run away!
00:49:09 [allowed] 
§r§b§lAccept the trapper's task to hunt the animal?§r
§r§7Click an option: §r§a§l[YES]§r§7 - §r§c§l[NO]
00:49:10 [allowed] §e[NPC] Trevor§f: §rYou can find your §9§lUNDETECTED §fanimal near the §eDesert Settlement§f.
00:49:11 [allowed] §aThe target is around §r§e10 blocks above§r§a, at a §r§b5 degrees §r§aangle!
00:49:18 [allowed] §7Warping...
00:49:22 [allowed] §cThe animal went invisible because you got too close!
00:49:22 [allowed] §cThere are blocks in the way!
00:49:22 [allowed] §aKilling the animal rewarded you §r§511 pelts§r§a.
00:49:22 [allowed] §aReturn to the Trapper soon to get a new animal to hunt!
00:49:22 [allowed] §7Your Implosion hit §r§c1 §r§7enemy for §r§c750,068 §r§7damage.
00:49:25 [allowed] §e✆ RING... 
00:49:26 [allowed] §e✆ RING... RING... 
00:49:27 [allowed] §e✆ RING... RING... RING... 
00:49:28 [allowed] §e[NPC] Trevor§f: §rYou will have 10 minutes to find the mob from when you accept the task.
00:49:30 [allowed] §e[NPC] Trevor§f: §rAny longer than that and the animal will run away!
00:49:30 [allowed] 
§r§b§lAccept the trapper's task to hunt the animal?§r
§r§7Click an option: §r§a§l[YES]§r§7 - §r§c§l[NO]
00:49:33 [allowed] §e[NPC] Trevor§f: §rYou can find your §f§lTRACKABLE §fanimal near the §eDesert Settlement§f.
00:49:35 [allowed] §aThe target is around §r§e5 blocks below§r§a, at a §r§b10 degrees §r§aangle!
00:49:36 [allowed] §cThis ability is on cooldown for 10s.
00:49:40 [allowed] §aKilling the animal rewarded you §r§55 pelts§r§a.
00:49:40 [allowed] §aReturn to the Trapper soon to get a new animal to hunt!
00:49:40 [allowed] §7Your Implosion hit §r§c1 §r§7enemy for §r§c669,694.7 §r§7damage.
00:49:40 [allowed] §cThere are blocks in the way!
00:49:43 [allowed] §e✆ RING... 
00:49:44 [allowed] §e✆ RING... RING... 
00:49:45 [allowed] §e✆ RING... RING... RING... 
00:49:46 [allowed] §e[NPC] Trevor§f: §rSorry, I don't have any animals for you to hunt.
00:49:47 [allowed] §e[NPC] Trevor§f: §rTry coming back in §a2s§r!
00:49:53 [allowed] §e✆ RING... 
00:49:54 [allowed] §e✆ RING... RING... 
00:49:55 [allowed] §e✆ RING... RING... RING... 
00:49:56 [allowed] §e[NPC] Trevor§f: §rYou will have 10 minutes to find the mob from when you accept the task.
00:49:58 [allowed] §e[NPC] Trevor§f: §rAny longer than that and the animal will run away!
00:49:58 [allowed] 
§r§b§lAccept the trapper's task to hunt the animal?§r
§r§7Click an option: §r§a§l[YES]§r§7 - §r§c§l[NO]
00:49:58 [allowed] §e[NPC] Trevor§f: §rYou can find your §a§lUNTRACKABLE §fanimal near the §eDesert Mountain§f.
00:50:00 [allowed] §aThe target is around §r§e75 blocks above§r§a, at a §r§b30 degrees §r§aangle!
00:50:03 [allowed] §cThere are blocks in the way!
00:50:05 [allowed] §cThere are blocks in the way!
00:50:06 [allowed] §aKilling the animal rewarded you §r§58 pelts§r§a.
00:50:06 [allowed] §aReturn to the Trapper soon to get a new animal to hunt!
00:50:06 [allowed] §7Your Implosion hit §r§c1 §r§7enemy for §r§c883,144.6 §r§7damage.
00:50:09 [allowed] §e✆ RING... 
00:50:10 [allowed] §e✆ RING... RING... 
00:50:11 [allowed] §e✆ RING... RING... RING... 
00:50:12 [allowed] §e[NPC] Trevor§f: §rSorry, I don't have any animals for you to hunt.
00:50:13 [allowed] §e[NPC] Trevor§f: §rTry coming back in §a2s§r!
00:50:14 [allowed] §e✆ RING... 
00:50:15 [allowed] §e✆ RING... RING... 
00:50:17 [allowed] §e✆ RING... RING... RING... 
00:50:17 [allowed] §e[NPC] Trevor§f: §rYou will have 10 minutes to find the mob from when you accept the task.
00:50:19 [allowed] §e[NPC] Trevor§f: §rAny longer than that and the animal will run away!
00:50:19 [allowed] 
§r§b§lAccept the trapper's task to hunt the animal?§r
§r§7Click an option: §r§a§l[YES]§r§7 - §r§c§l[NO]
00:50:20 [allowed] §e[NPC] Trevor§f: §rYou can find your §f§lTRACKABLE §fanimal near the §eDesert Settlement§f.
00:50:21 [allowed] §aThe target is around §r§e90 blocks below§r§a, at a §r§b35 degrees §r§aangle!
00:50:26 [allowed] §cThere are blocks in the way!
00:50:26 [allowed] §aKilling the animal rewarded you §r§55 pelts§r§a.
00:50:26 [allowed] §aReturn to the Trapper soon to get a new animal to hunt!
00:50:26 [allowed] §7Your Implosion hit §r§c1 §r§7enemy for §r§c750,068 §r§7damage.
00:50:29 [allowed] §e✆ RING... 
00:50:30 [allowed] §e✆ RING... RING... 
00:50:31 [allowed] §e✆ RING... RING... RING... 
00:50:32 [allowed] §e[NPC] Trevor§f: §rSorry, I don't have any animals for you to hunt.
00:50:33 [allowed] §e[NPC] Trevor§f: §rTry coming back in §a4s§r!
00:50:35 [allowed] §e✆ RING... 
00:50:36 [allowed] §e✆ RING... RING... 
00:50:37 [allowed] §e✆ RING... RING... RING... 
00:50:38 [allowed] §e[NPC] Trevor§f: §rYou will have 10 minutes to find the mob from when you accept the task.
00:50:40 [allowed] §e[NPC] Trevor§f: §rAny longer than that and the animal will run away!
00:50:40 [allowed] 
§r§b§lAccept the trapper's task to hunt the animal?§r
§r§7Click an option: §r§a§l[YES]§r§7 - §r§c§l[NO]
00:50:42 [allowed] §e✆ RING... 
00:50:43 [allowed] §e✆ RING... RING... 
00:50:43 [allowed] §e[NPC] Trevor§f: §rYou can find your §9§lUNDETECTED §fanimal near the §2Overgrown Mushroom Cave§f.
00:50:44 [allowed] §aThe target is around §r§e35 blocks below§r§a, at a §r§b35 degrees §r§aangle!
00:50:44 [allowed] §e✆ RING... RING... RING... 
00:50:45 [allowed] §e[NPC] Trevor§f: §rYou already have a mob spawned! Hunt that mob first!
00:50:45 [allowed] §cThere are blocks in the way!
00:50:45 [allowed] §cThere are blocks in the way!
00:50:50 [allowed] §cThere are blocks in the way!
00:50:50 [allowed] §cThere are blocks in the way!
00:50:52 [allowed] §cThere are blocks in the way!
00:50:53 [allowed] §cThere are blocks in the way!
00:50:53 [allowed] §cThere are blocks in the way!
00:50:53 [allowed] §cThere are blocks in the way!
00:50:55 [allowed] §cThere are blocks in the way!
00:51:00 [allowed] §aKilling the animal rewarded you §r§511 pelts§r§a.
00:51:00 [allowed] §aReturn to the Trapper soon to get a new animal to hunt!
00:51:00 [allowed] §7Your Implosion hit §r§c1 §r§7enemy for §r§c750,068 §r§7damage.
00:51:00 [allowed] §cThere are blocks in the way!
00:51:06 [allowed] §e✆ RING... 
00:51:08 [allowed] §e✆ RING... RING... 
00:51:09 [allowed] §e✆ RING... RING... RING... 
00:51:09 [allowed] §e[NPC] Trevor§f: §rYou will have 10 minutes to find the mob from when you accept the task.
00:51:11 [allowed] §e[NPC] Trevor§f: §rAny longer than that and the animal will run away!
00:51:11 [allowed] 
§r§b§lAccept the trapper's task to hunt the animal?§r
§r§7Click an option: §r§a§l[YES]§r§7 - §r§c§l[NO]
00:51:12 [allowed] §e[NPC] Trevor§f: §rYou can find your §a§lUNTRACKABLE §fanimal near the §eDesert Mountain§f.
00:51:13 [allowed] §aThe target is around §r§e75 blocks above§r§a, at a §r§b60 degrees §r§aangle!
00:51:16 [allowed] §7Warping...
00:51:23 [allowed] §cThere are blocks in the way!
00:51:24 [allowed] §aKilling the animal rewarded you §r§58 pelts§r§a.
00:51:24 [allowed] §aReturn to the Trapper soon to get a new animal to hunt!
00:51:24 [allowed] §7Your Implosion hit §r§c1 §r§7enemy for §r§c919,438.2 §r§7damage.
00:51:26 [allowed] §cThere are blocks in the way!
00:51:27 [allowed] §e✆ RING... 
00:51:28 [allowed] §e✆ RING... RING... 
00:51:30 [allowed] §e✆ RING... RING... RING... 
00:51:30 [allowed] §e[NPC] Trevor§f: §rYou will have 10 minutes to find the mob from when you accept the task.
00:51:32 [allowed] §e[NPC] Trevor§f: §rAny longer than that and the animal will run away!
00:51:32 [allowed] 
§r§b§lAccept the trapper's task to hunt the animal?§r
§r§7Click an option: §r§a§l[YES]§r§7 - §r§c§l[NO]
00:51:33 [allowed] §e[NPC] Trevor§f: §rYou can find your §f§lTRACKABLE §fanimal near the §bMushroom Gorge§f.
00:51:35 [allowed] §aThe target is around §r§e90 blocks below§r§a, at a §r§b35 degrees §r§aangle!
00:51:36 [allowed] §aYou earned §r§e1,496 Event EXP §r§afrom playing SkyBlock!
00:51:46 [allowed] §aYou are at the exact height!
00:51:48 [allowed] §cThere are blocks in the way!
00:51:48 [allowed] §cThere are blocks in the way!
00:51:48 [allowed] §aKilling the animal rewarded you §r§55 pelts§r§a.
00:51:48 [allowed] §aReturn to the Trapper soon to get a new animal to hunt!
00:51:48 [allowed] §7Your Implosion hit §r§c1 §r§7enemy for §r§c750,068 §r§7damage.
00:51:51 [allowed] §e✆ RING... 
00:51:53 [allowed] §e✆ RING... RING... 
00:51:54 [allowed] §e✆ RING... RING... RING... 
00:51:54 [allowed] §e[NPC] Trevor§f: §rYou will have 10 minutes to find the mob from when you accept the task.
00:51:56 [allowed] §e[NPC] Trevor§f: §rAny longer than that and the animal will run away!
00:51:56 [allowed] 
§r§b§lAccept the trapper's task to hunt the animal?§r
§r§7Click an option: §r§a§l[YES]§r§7 - §r§c§l[NO]
00:51:57 [allowed] §e[NPC] Trevor§f: §rYou can find your §f§lTRACKABLE §fanimal near the §2Overgrown Mushroom Cave§f.
00:51:58 [allowed] §aThe target is around §r§e15 blocks above§r§a, at a §r§b5 degrees §r§aangle!
00:52:12 [allowed] §cThere are blocks in the way!
00:52:13 [allowed] §aKilling the animal rewarded you §r§55 pelts§r§a.
00:52:13 [allowed] §aReturn to the Trapper soon to get a new animal to hunt!
00:52:13 [allowed] §7Your Implosion hit §r§c1 §r§7enemy for §r§c750,068 §r§7damage.
00:52:17 [allowed] §e✆ RING... 
00:52:18 [allowed] §e✆ RING... RING... 
00:52:20 [allowed] §e✆ RING... RING... RING... 
00:52:20 [allowed] §e[NPC] Trevor§f: §rYou will have 10 minutes to find the mob from when you accept the task.
00:52:22 [allowed] §e[NPC] Trevor§f: §rAny longer than that and the animal will run away!
00:52:22 [allowed] 
§r§b§lAccept the trapper's task to hunt the animal?§r
§r§7Click an option: §r§a§l[YES]§r§7 - §r§c§l[NO]
00:52:43 [allowed] §e[NPC] Trevor§f: §rYou can find your §f§lTRACKABLE §fanimal near the §2Glowing Mushroom Cave§f.
00:52:44 [allowed] §aThe target is around §r§e15 blocks below§r§a, at a §r§b5 degrees §r§aangle!
00:52:52 [allowed] §cThere are blocks in the way!
00:52:52 [allowed] §cThere are blocks in the way!
00:52:52 [allowed] §cThere are blocks in the way!
00:52:52 [allowed] §cThere are blocks in the way!
00:52:59 [allowed] §cThere are blocks in the way!
00:53:00 [allowed] §cThere are blocks in the way!
00:53:00 [allowed] §7Your Implosion hit §r§c1 §r§7enemy for §r§c750,068 §r§7damage.
00:53:02 [allowed] §aKilling the animal rewarded you §r§55 pelts§r§a.
00:53:02 [allowed] §aReturn to the Trapper soon to get a new animal to hunt!
00:53:03 [allowed] §7Your Implosion hit §r§c1 §r§7enemy for §r§c750,068 §r§7damage.
00:53:05 [allowed] §e✆ RING... 
00:53:06 [allowed] §6[Sacks] §r§a+4§r§e items§r§e.§r§8 (Last 5s.)
00:53:06 [allowed] §e✆ RING... RING... 
00:53:07 [allowed] §e✆ RING... RING... RING... 
00:53:08 [allowed] §e[NPC] Trevor§f: §rYou will have 10 minutes to find the mob from when you accept the task.
00:53:10 [allowed] §e[NPC] Trevor§f: §rAny longer than that and the animal will run away!
00:53:10 [allowed] 
§r§b§lAccept the trapper's task to hunt the animal?§r
§r§7Click an option: §r§a§l[YES]§r§7 - §r§c§l[NO]
00:53:12 [allowed] §e[NPC] Trevor§f: §rYou can find your §a§lUNTRACKABLE §fanimal near the §bOasis§f.
00:53:14 [allowed] §aThe target is around §r§e40 blocks above§r§a, at a §r§b40 degrees §r§aangle!
00:53:15 [allowed] §7Warping...
00:53:19 [allowed] §cThis ability is on cooldown for 5s.
00:53:22 [allowed] §aYour mob died randomly, you are rewarded §r§58 pelts§r§a.
00:53:22 [allowed] §aReturn to the Trapper soon to get a new animal to hunt!
00:53:23 [allowed] §c ☠ §r§7§r§b_BloodyGod_§r§7 fell into the void§r§7.
00:53:24 [allowed] §cThis ability is on cooldown for 1s.
00:53:25 [allowed] §e✆ RING... 
00:53:26 [allowed] §e✆ RING... RING... 
00:53:27 [allowed] §e✆ RING... RING... RING... 
00:53:28 [allowed] §e[NPC] Trevor§f: §rYou will have 10 minutes to find the mob from when you accept the task.
00:53:30 [allowed] §e[NPC] Trevor§f: §rAny longer than that and the animal will run away!
00:53:30 [allowed] 
§r§b§lAccept the trapper's task to hunt the animal?§r
§r§7Click an option: §r§a§l[YES]§r§7 - §r§c§l[NO]
00:53:31 [allowed] §e[NPC] Trevor§f: §rYou can find your §f§lTRACKABLE §fanimal near the §2Overgrown Mushroom Cave§f.
00:53:33 [allowed] §aThe target is around §r§e20 blocks below§r§a, at a §r§b5 degrees §r§aangle!
00:53:38 [allowed] §cThere are blocks in the way!
00:53:38 [allowed] §cThere are blocks in the way!
00:53:39 [allowed] §cThere are blocks in the way!
00:53:40 [allowed] §cThere are blocks in the way!
00:53:40 [allowed] §cThere are blocks in the way!
00:53:40 [allowed] §cThere are blocks in the way!
00:53:43 [allowed] §cThere are blocks in the way!
00:53:44 [allowed] §cThere are blocks in the way!
00:53:49 [allowed] §aKilling the animal rewarded you §r§55 pelts§r§a.
00:53:49 [allowed] §aReturn to the Trapper soon to get a new animal to hunt!
00:53:49 [allowed] §7Your Implosion hit §r§c1 §r§7enemy for §r§c750,068 §r§7damage.
00:54:33 [allowed] §7Warping you to your SkyBlock island...
00:54:33 [allowed] §7Sending to server mini74BJ...
00:54:34 [allowed] §8 §r§8 §r§1 §r§3 §r§3 §r§7 §r§8 
00:54:34 [allowed] §eYou haven't claimed your §r§6Summer Rewards §r§eyet!
00:54:34 [allowed] §eTalk to the §r§bSummer Sloth §r§ein the §r§aHub!
00:54:37 [allowed] §aYou are playing on profile: §ePineapple
00:54:37 [allowed] §8Profile ID: cbcbcaaa-4182-4d77-bab6-b1345770fa92
00:54:54 [allowed] §aYou sold §r§fLeather§r§8 x6 §r§afor §r§618 Coins§r§a!
00:54:54 [allowed] §aYou sold §r§fMutton§r§8 x4 §r§afor §r§620 Coins§r§a!
00:54:54 [allowed] §aYou sold §r§fWhite Wool§r§8 x5 §r§afor §r§610 Coins§r§a!
00:54:55 [allowed] §aYou sold §r§fRaw Beef§r§8 x6 §r§afor §r§624 Coins§r§a!
00:55:01 [allowed] §6[Bazaar] §r§7Claiming order...
00:55:01 [allowed] §6[Bazaar] §r§7§r§7Claimed §r§a310§r§7x §r§aEnchanted Mutton §r§7worth §r§61,860,496 coins §r§7bought for §r§66,001.6 §r§7each!
00:55:03 [allowed] §6[Bazaar] §r§7Cancelling order...
00:55:03 [allowed] §6[Bazaar] §r§7§r§cCancelled! §r§7Refunded §r§621,953,853 coins §r§7from cancelling Buy Order!
00:55:09 [allowed] §6[Bazaar] §r§7Putting goods in escrow...
00:55:09 [allowed] §6[Bazaar] §r§7Submitting buy order...
00:55:09 [allowed] §6[Bazaar] §r§7§r§eBuy Order Setup! §r§a3,658§r§7x §r§aEnchanted Mutton §r§7for §r§621,960,803 coins§r§7.
00:55:34 [allowed] §a§r§6Mining Speed Boost §r§ais now available!
00:56:18 [allowed] §6[Bazaar] §r§7Claiming order...
00:56:18 [allowed] §6[Bazaar] §r§7§r§7Claimed §r§a624§r§7x §r§aEnchanted Mutton §r§7worth §r§63,746,184 coins §r§7bought for §r§66,003.5 §r§7each!
00:56:40 [allowed] §6[Bazaar] §r§7Cancelling order...
00:56:40 [allowed] §6[Bazaar] §r§7§r§cCancelled! §r§7Refunded §r§618,214,619 coins §r§7from cancelling Buy Order!
00:56:45 [allowed] §6[Bazaar] §r§7Putting goods in escrow...
00:56:45 [allowed] §6[Bazaar] §r§7Submitting buy order...
00:56:45 [allowed] §6[Bazaar] §r§7§r§eBuy Order Setup! §r§a3,034§r§7x §r§aEnchanted Mutton §r§7for §r§618,267,411 coins§r§7.
00:57:08 [allowed] §6[Bazaar] §r§7Claiming order...
00:57:08 [allowed] §6[Bazaar] §r§7§r§7Claimed §r§a224§r§7x §r§aEnchanted Mutton §r§7worth §r§61,348,682 coins §r§7bought for §r§66,020.9 §r§7each!
00:58:24 [allowed] §6[Bazaar] §r§7Cancelling order...
00:58:24 [allowed] §6[Bazaar] §r§7§r§cCancelled! §r§7Refunded §r§616,918,729 coins §r§7from cancelling Buy Order!
00:58:29 [allowed] §6[Bazaar] §r§7Putting goods in escrow...
00:58:29 [allowed] §6[Bazaar] §r§7Submitting buy order...
00:58:29 [allowed] §6[Bazaar] §r§7§r§eBuy Order Setup! §r§a2,810§r§7x §r§aEnchanted Mutton §r§7for §r§616,919,291 coins§r§7.
00:58:58 [allowed] §6[Bazaar] §r§7Claiming order...
00:58:58 [allowed] §6[Bazaar] §r§7§r§7Claimed §r§a19§r§7x §r§aEnchanted Mutton §r§7worth §r§6114,401 coins §r§7bought for §r§66,021.1 §r§7each!
00:59:28 [allowed] §6[Bazaar] §r§7Cancelling order...
00:59:28 [allowed] §6[Bazaar] §r§7§r§cCancelled! §r§7Refunded §r§616,804,890 coins §r§7from cancelling Buy Order!
00:59:34 [allowed] §6[Bazaar] §r§7Putting goods in escrow...
00:59:34 [allowed] §6[Bazaar] §r§7Submitting buy order...
00:59:34 [allowed] §6[Bazaar] §r§7§r§eBuy Order Setup! §r§a2,791§r§7x §r§aEnchanted Mutton §r§7for §r§616,805,169 coins§r§7.
00:59:35 [allowed] §aYou earned §r§e972 Event EXP §r§afrom playing SkyBlock!
01:01:16 [allowed] §eMaxed the Supercraft to §r§b140x crafts§r§e!
01:01:17 [allowed] §eYou Supercrafted §r§r§r§aEnchanted Hay Bale §r§8x140§r§e!
01:01:20 [allowed] §eYou Supercrafted §r§r§r§9Tightly-Tied Hay Bale§r§e!
01:01:25 [allowed] §6[Sacks] §r§a+141§r§e items§r§e, §r§c-20,304§r§e items§r§e.§r§8 (Last 8s.)
01:01:31 [allowed] §6[Bazaar] §r§7Executing instant sell...
01:01:31 [allowed] §6[Bazaar] §r§7Sold §r§a1§r§7x §r§9Tightly-Tied Hay Bale §r§7for §r§61,100,001 coins§r§7!
01:01:32 [allowed] §6[Sacks] §r§c-22§r§e items§r§e.§r§8 (Last 6s.)
01:01:34 [allowed] §6[Bazaar] §r§7Executing instant sell...
01:01:34 [allowed] §6[Bazaar] §r§7Sold §r§a21§r§7x §r§aEnchanted Hay Bale §r§7for §r§6163,296 coins§r§7!
01:01:40 [allowed] §6[Bazaar] §r§7Putting goods in escrow...
01:01:40 [allowed] §6[Bazaar] §r§7Submitting buy order...
01:01:40 [allowed] §6[Bazaar] §r§7§r§eBuy Order Setup! §r§a32§r§7x §r§9Enchanted Cooked Mutton §r§7for §r§65,760,253 coins§r§7.
01:03:18 [allowed] §aFriend > §r§bSm5rtSam §r§ejoined.
01:04:35 [allowed] §aYou earned §r§e1,006 Event EXP §r§afrom playing SkyBlock!
01:05:06 [allowed] §aFriend > §r§bSm5rtSam §r§eleft.
01:05:20 [allowed] §aFriend > §r§a5kit §r§eleft.
01:20:15 [allowed] §6[Bazaar] §r§7Claiming order...
01:20:15 [allowed] §6[Bazaar] §r§7§r§7Claimed §r§a1§r§7x §r§9Enchanted Cooked Mutton §r§7worth §r§6180,008 coins §r§7bought for §r§6180,008 §r§7each!
01:20:16 [allowed] §6[Bazaar] §r§7Cancelling order...
01:20:16 [allowed] §6[Bazaar] §r§7§r§cCancelled! §r§7Refunded §r§65,580,245 coins §r§7from cancelling Buy Order!
01:20:23 [allowed] §6[Bazaar] §r§7Putting goods in escrow...
01:20:23 [allowed] §6[Bazaar] §r§7Submitting buy order...
01:20:23 [allowed] §6[Bazaar] §r§7§r§eBuy Order Setup! §r§a21§r§7x §r§9Enchanted Cooked Mutton §r§7for §r§63,780,214 coins§r§7.
01:20:35 [allowed] §6[Bazaar] §r§7Cancelling order...
01:20:35 [allowed] §6[Bazaar] §r§7§r§cCancelled! §r§7Refunded §r§63,780,214 coins §r§7from cancelling Buy Order!
01:20:38 [allowed] §6[Bazaar] §r§7Putting goods in escrow...
01:20:38 [allowed] §6[Bazaar] §r§7Submitting buy order...
01:20:38 [allowed] §6[Bazaar] §r§7§r§eBuy Order Setup! §r§a31§r§7x §r§9Enchanted Cooked Mutton §r§7for §r§65,580,319 coins§r§7.
01:20:42 [allowed] §8Depositing coins...
01:20:42 [allowed] §aYou have deposited §r§61.1M coins§r§a! You now have §r§61.1M coins §r§ain your account!
