00:18:55 §e[SkyHanni] §aSkyHanni found a new update: 0.27 Beta 3. Check §b/sh download update §afor more info.§r
00:20:01 §e[SkyHanni] You have gained §b350 §eBits.§r
00:26:14 §e[SkyHanni] §lCLICK HERE§r§e to grab §ax126 §9§9Enchanted Melon Block§e from sacks!§r
00:27:33 §e[SkyHanni] §cYour Organic Matter is low!§r
00:27:33 §e[SkyHanni] §9Lazy Miner §eis visiting your garden!§r
00:27:33 §e[SkyHanni] §9Gwendolyn §eis visiting your garden!§r
00:27:33 §e[SkyHanni] §aFear Mongerer §eis visiting your garden!§r
00:27:33 §e[SkyHanni] §9Emissary Sisko §eis visiting your garden!§r
00:27:33 §e[SkyHanni] §aTrevor §eis visiting your garden!§r
00:28:22 §e[SkyHanni] You have gained §b14 §eBits.§r
00:28:24 §e[SkyHanni] You have gained §b7 §eBits.§r
00:29:01 §e[SkyHanni] You have gained §b7 §eBits.§r
00:30:23 §e[SkyHanni] You have gained §b7 §eBits.§r
00:30:42 §e[SkyHanni] You have gained §b7 §eBits.§r
00:30:45 §e[SkyHanni] You have gained §b14 §eBits.§r
00:30:45 §e[SkyHanni] Loaded Wheat milestone data from tab list!§r
00:31:01 §e[SkyHanni] You have gained §b7 §eBits.§r
00:31:15 §e[SkyHanni] You have gained §b7 §eBits.§r
00:31:26 §e[SkyHanni] You have gained §b7 §eBits.§r
00:31:34 §e[SkyHanni] You have gained §b7 §eBits.§r
00:50:22 §e[SkyHanni] You have gained §b350 §eBits.§r
01:01:17 §e[SkyHanni] §lCLICK HERE§r§e to grab §ax140 §9§aEnchanted Hay Bale§e from sacks!§r
01:01:20 §e[SkyHanni] §lCLICK HERE§r§e to grab §ax1 §9§9Tightly-Tied Hay Bale§e from sacks!§r
01:20:42 §e[SkyHanni] You have gained §b350 §eBits.§r
