13:22:11 HUB
13:22:18 NONE
13:22:19 DWARVEN_MINES
13:24:29 NONE
13:24:29 HUB
13:33:45 NONE
13:33:45 CRIMSON_ISLE
13:35:40 NONE
13:35:40 PRIVATE_ISLAND
13:41:30 NONE
13:41:30 HUB
13:41:38 NONE
13:41:39 GARDEN
13:43:37 NONE
13:43:38 HUB
13:43:41 NONE
13:43:41 GARDEN
13:45:28 NONE
13:45:28 PRIVATE_ISLAND
13:45:48 NONE
13:45:49 HUB
13:51:14 NONE
13:51:15 CRIMSON_ISLE
13:53:41 NONE
13:53:41 HUB
13:53:44 NONE
13:53:44 CRIMSON_ISLE
13:54:09 NONE
13:54:09 HUB
13:54:14 NONE
13:54:14 CRIMSON_ISLE
13:54:21 NONE
13:54:22 PRIVATE_ISLAND
13:54:25 NONE
13:54:25 CRIMSON_ISLE
13:56:43 NONE
13:56:43 HUB
13:59:38 NONE
13:59:39 PRIVATE_ISLAND
18:43:55 NONE
18:43:56 HUB
18:44:14 NONE
18:44:14 CRIMSON_ISLE
18:44:42 NONE
18:44:42 PRIVATE_ISLAND
18:44:52 NONE
18:44:53 CRIMSON_ISLE
18:45:50 NONE
18:45:50 PRIVATE_ISLAND
18:47:09 NONE
18:47:09 HUB
18:49:14 NONE
18:49:15 GARDEN
18:51:12 NONE
18:51:12 GOLD_MINES
18:52:06 NONE
18:52:06 PRIVATE_ISLAND
