13:56:25 §f                                  §6§lBESTIARY
13:56:25 §f                                §b§lFlare §7§8IV §8➡§b §bV
13:56:25 
13:56:25 §f                                  §r§6§lREWARDS
13:56:25 §f                           §r§8+§r§a2 Flare §r§b✯ Magic Find
13:56:25 §f                           §r§8+§r§a2 Flare §r§c❁ Strength
13:56:25 §f                               §r§8+§r§62% §r§aFlare §r§7coins
13:56:25 §f                    §r§8+§r§a50% §r§7chance for extra XP orbs
13:56:25 §f                               §r§8+§r§b1 SkyBlock XP
13:56:25 
13:56:25 §3§l▬▬▬▬▬▬▬▬▬▬▬▬▬▬▬▬▬▬▬▬▬▬▬▬▬▬▬▬▬▬▬▬▬▬▬▬▬▬▬▬▬▬▬▬▬▬▬▬▬▬▬▬▬▬▬▬▬▬▬▬▬▬▬▬
18:50:23 §f                                  §6§lBESTIARY
18:50:23 §f                                 §b§lRat §7§8X §8➡§b §bXI
18:50:23 
18:50:23 §f                                  §r§6§lREWARDS
18:50:23 §f                          §r§6+0.4☘ Farming Fortune
18:50:23 §f                                §r§8+§r§62% §r§aRat §r§7coins
18:50:23 §f                    §r§8+§r§a50% §r§7chance for extra XP orbs
18:50:23 §f                               §r§8+§r§b1 SkyBlock XP
18:50:23 
18:50:23 §3§l▬▬▬▬▬▬▬▬▬▬▬▬▬▬▬▬▬▬▬▬▬▬▬▬▬▬▬▬▬▬▬▬▬▬▬▬▬▬▬▬▬▬▬▬▬▬▬▬▬▬▬▬▬▬▬▬▬▬▬▬▬▬▬▬
