13:22:15 §bNew day! §r§eYour §r§2Sky Mall §r§ebuff changed!
13:22:15 §eNew buff§r§r§r: §r§fReduce Pickaxe Ability cooldown by §r§a20%§r§f.
13:22:15 §8§oYou can disable this messaging by toggling Sky Mall in your /hotm!
13:34:55 §bNew day! §r§eYour §r§2Sky Mall §r§ebuff changed!
13:34:55 §eNew buff§r§r§r: §r§fGain §r§a+50 §r§6☘ Mining Fortune§r§f.
13:34:55 §8§oYou can disable this messaging by toggling Sky Mall in your /hotm!
13:54:55 §bNew day! §r§eYour §r§2Sky Mall §r§ebuff changed!
13:54:55 §eNew buff§r§r§r: §r§fGain §r§a+100 §r§6⸕ Mining Speed§r§f.
13:54:55 §8§oYou can disable this messaging by toggling Sky Mall in your /hotm!
14:14:54 §bNew day! §r§eYour §r§2Sky Mall §r§ebuff changed!
14:14:54 §eNew buff§r§r§r: §r§fGain §r§a5x §r§9Titanium §r§fdrops
14:14:54 §8§oYou can disable this messaging by toggling Sky Mall in your /hotm!
14:34:54 §bNew day! §r§eYour §r§2Sky Mall §r§ebuff changed!
14:34:54 §eNew buff§r§r§r: §r§fReduce Pickaxe Ability cooldown by §r§a20%§r§f.
14:34:54 §8§oYou can disable this messaging by toggling Sky Mall in your /hotm!
14:54:54 §bNew day! §r§eYour §r§2Sky Mall §r§ebuff changed!
14:54:54 §eNew buff§r§r§r: §r§fGain §r§a+100 §r§6⸕ Mining Speed§r§f.
14:54:54 §8§oYou can disable this messaging by toggling Sky Mall in your /hotm!
15:14:54 §bNew day! §r§eYour §r§2Sky Mall §r§ebuff changed!
15:14:54 §eNew buff§r§r§r: §r§fGain §r§a+100 §r§6⸕ Mining Speed§r§f.
15:14:54 §8§oYou can disable this messaging by toggling Sky Mall in your /hotm!
15:34:55 §bNew day! §r§eYour §r§2Sky Mall §r§ebuff changed!
15:34:55 §eNew buff§r§r§r: §r§fGain §r§a+15% §r§fmore Powder while mining.
15:34:55 §8§oYou can disable this messaging by toggling Sky Mall in your /hotm!
15:54:54 §bNew day! §r§eYour §r§2Sky Mall §r§ebuff changed!
15:54:54 §eNew buff§r§r§r: §r§fGain §r§a+15% §r§fmore Powder while mining.
15:54:54 §8§oYou can disable this messaging by toggling Sky Mall in your /hotm!
16:14:55 §bNew day! §r§eYour §r§2Sky Mall §r§ebuff changed!
16:14:55 §eNew buff§r§r§r: §r§fReduce Pickaxe Ability cooldown by §r§a20%§r§f.
16:14:55 §8§oYou can disable this messaging by toggling Sky Mall in your /hotm!
16:34:54 §bNew day! §r§eYour §r§2Sky Mall §r§ebuff changed!
16:34:54 §eNew buff§r§r§r: §r§fGain §r§a+100 §r§6⸕ Mining Speed§r§f.
16:34:54 §8§oYou can disable this messaging by toggling Sky Mall in your /hotm!
16:54:54 §bNew day! §r§eYour §r§2Sky Mall §r§ebuff changed!
16:54:54 §eNew buff§r§r§r: §r§fGain §r§a+100 §r§6⸕ Mining Speed§r§f.
16:54:54 §8§oYou can disable this messaging by toggling Sky Mall in your /hotm!
17:14:55 §bNew day! §r§eYour §r§2Sky Mall §r§ebuff changed!
17:14:55 §eNew buff§r§r§r: §r§fGain §r§a+100 §r§6⸕ Mining Speed§r§f.
17:14:55 §8§oYou can disable this messaging by toggling Sky Mall in your /hotm!
17:34:55 §bNew day! §r§eYour §r§2Sky Mall §r§ebuff changed!
17:34:55 §eNew buff§r§r§r: §r§fGain §r§a+100 §r§6⸕ Mining Speed§r§f.
17:34:55 §8§oYou can disable this messaging by toggling Sky Mall in your /hotm!
17:54:55 §bNew day! §r§eYour §r§2Sky Mall §r§ebuff changed!
17:54:55 §eNew buff§r§r§r: §r§fGain §r§a+100 §r§6⸕ Mining Speed§r§f.
17:54:55 §8§oYou can disable this messaging by toggling Sky Mall in your /hotm!
18:14:54 §bNew day! §r§eYour §r§2Sky Mall §r§ebuff changed!
18:14:54 §eNew buff§r§r§r: §r§fGain §r§a+50 §r§6☘ Mining Fortune§r§f.
18:14:54 §8§oYou can disable this messaging by toggling Sky Mall in your /hotm!
18:34:54 §bNew day! §r§eYour §r§2Sky Mall §r§ebuff changed!
18:34:54 §eNew buff§r§r§r: §r§fGain §r§a+15% §r§fmore Powder while mining.
18:34:54 §8§oYou can disable this messaging by toggling Sky Mall in your /hotm!
18:54:54 §bNew day! §r§eYour §r§2Sky Mall §r§ebuff changed!
18:54:54 §eNew buff§r§r§r: §r§fGain §r§a+15% §r§fmore Powder while mining.
18:54:54 §8§oYou can disable this messaging by toggling Sky Mall in your /hotm!
