11:05:54 §f                                  §6§lBESTIARY
11:05:54 §f                              §b§lCricket §7§8X §8➡§b §bXI
11:05:54 
11:05:55 §f                                  §r§6§lREWARDS
11:05:55 §f                          §r§6+0.4☘ Farming Fortune
11:05:55 §f                              §r§8+§r§62% §r§aCricket §r§7coins
11:05:55 §f                    §r§8+§r§a50% §r§7chance for extra XP orbs
11:05:55 §f                               §r§8+§r§b1 SkyBlock XP
11:05:55 
11:05:55   §r§f                         §6§lBESTIARY MILESTONE
11:05:55   §r§f                                 §8CCXV➡§eCCXVI
11:05:55 
11:05:55 §3§l▬▬▬▬▬▬▬▬▬▬▬▬▬▬▬▬▬▬▬▬▬▬▬▬▬▬▬▬▬▬▬▬▬▬▬▬▬▬▬▬▬▬▬▬▬▬▬▬▬▬▬▬▬▬▬▬▬▬▬▬▬▬▬▬
00:10:55 §f                                  §6§lBESTIARY
00:10:55 §f                        §b§lDiamond Goblin §7§8III §8➡§b §bIV
00:10:55 
00:10:55 §f                                  §r§6§lREWARDS
00:10:55 §f                     §r§8+§r§a2 Diamond Goblin §r§b✯ Magic Find
00:10:55 §f                      §r§8+§r§a2 Diamond Goblin §r§c❁ Strength
00:10:55 §f                         §r§8+§r§62% §r§aDiamond Goblin §r§7coins
00:10:55 §f                    §r§8+§r§a50% §r§7chance for extra XP orbs
00:10:55 §f                               §r§8+§r§b1 SkyBlock XP
00:10:55 
00:10:55 §3§l▬▬▬▬▬▬▬▬▬▬▬▬▬▬▬▬▬▬▬▬▬▬▬▬▬▬▬▬▬▬▬▬▬▬▬▬▬▬▬▬▬▬▬▬▬▬▬▬▬▬▬▬▬▬▬▬▬▬▬▬▬▬▬▬
