11:55:00 §bNew day! §r§eYour §r§2Sky Mall §r§ebuff changed!
11:55:00 §eNew buff§r§r§r: §r§fGain §r§a+50 §r§6☘ Mining Fortune§r§f.
11:55:00 §8§oYou can disable this messaging by toggling Sky Mall in your /hotm!
12:14:59 §bNew day! §r§eYour §r§2Sky Mall §r§ebuff changed!
12:14:59 §eNew buff§r§r§r: §r§fGain §r§a5x §r§9Titanium §r§fdrops
12:14:59 §8§oYou can disable this messaging by toggling Sky Mall in your /hotm!
12:35:00 §bNew day! §r§eYour §r§2Sky Mall §r§ebuff changed!
12:35:00 §eNew buff§r§r§r: §r§fGain §r§a+15% §r§fmore Powder while mining.
12:35:00 §8§oYou can disable this messaging by toggling Sky Mall in your /hotm!
12:55:01 §bNew day! §r§eYour §r§2Sky Mall §r§ebuff changed!
12:55:01 §eNew buff§r§r§r: §r§fReduce Pickaxe Ability cooldown by §r§a20%§r§f.
12:55:01 §8§oYou can disable this messaging by toggling Sky Mall in your /hotm!
13:15:01 §bNew day! §r§eYour §r§2Sky Mall §r§ebuff changed!
13:15:01 §eNew buff§r§r§r: §r§fReduce Pickaxe Ability cooldown by §r§a20%§r§f.
13:15:01 §8§oYou can disable this messaging by toggling Sky Mall in your /hotm!
13:35:00 §bNew day! §r§eYour §r§2Sky Mall §r§ebuff changed!
13:35:00 §eNew buff§r§r§r: §r§fGain §r§a+100 §r§6⸕ Mining Speed§r§f.
13:35:00 §8§oYou can disable this messaging by toggling Sky Mall in your /hotm!
13:55:00 §bNew day! §r§eYour §r§2Sky Mall §r§ebuff changed!
13:55:00 §eNew buff§r§r§r: §r§fGain §r§a+15% §r§fmore Powder while mining.
13:55:00 §8§oYou can disable this messaging by toggling Sky Mall in your /hotm!
14:15:00 §bNew day! §r§eYour §r§2Sky Mall §r§ebuff changed!
14:15:00 §eNew buff§r§r§r: §r§fGain §r§a+100 §r§6⸕ Mining Speed§r§f.
14:15:00 §8§oYou can disable this messaging by toggling Sky Mall in your /hotm!
14:35:00 §bNew day! §r§eYour §r§2Sky Mall §r§ebuff changed!
14:35:00 §eNew buff§r§r§r: §r§fReduce Pickaxe Ability cooldown by §r§a20%§r§f.
14:35:00 §8§oYou can disable this messaging by toggling Sky Mall in your /hotm!
14:55:00 §bNew day! §r§eYour §r§2Sky Mall §r§ebuff changed!
14:55:00 §eNew buff§r§r§r: §r§fGain §r§a+15% §r§fmore Powder while mining.
14:55:00 §8§oYou can disable this messaging by toggling Sky Mall in your /hotm!
15:15:00 §bNew day! §r§eYour §r§2Sky Mall §r§ebuff changed!
15:15:00 §eNew buff§r§r§r: §r§fGain §r§a+50 §r§6☘ Mining Fortune§r§f.
15:15:00 §8§oYou can disable this messaging by toggling Sky Mall in your /hotm!
15:35:00 §bNew day! §r§eYour §r§2Sky Mall §r§ebuff changed!
15:35:00 §eNew buff§r§r§r: §r§fGain §r§a+15% §r§fmore Powder while mining.
15:35:00 §8§oYou can disable this messaging by toggling Sky Mall in your /hotm!
15:55:01 §bNew day! §r§eYour §r§2Sky Mall §r§ebuff changed!
15:55:01 §eNew buff§r§r§r: §r§fGain §r§a+50 §r§6☘ Mining Fortune§r§f.
15:55:01 §8§oYou can disable this messaging by toggling Sky Mall in your /hotm!
20:35:01 §bNew day! §r§eYour §r§2Sky Mall §r§ebuff changed!
20:35:01 §eNew buff§r§r§r: §r§fReduce Pickaxe Ability cooldown by §r§a20%§r§f.
20:35:01 §8§oYou can disable this messaging by toggling Sky Mall in your /hotm!
20:55:02 §bNew day! §r§eYour §r§2Sky Mall §r§ebuff changed!
20:55:02 §eNew buff§r§r§r: §r§fGain §r§a+50 §r§6☘ Mining Fortune§r§f.
20:55:02 §8§oYou can disable this messaging by toggling Sky Mall in your /hotm!
21:15:01 §bNew day! §r§eYour §r§2Sky Mall §r§ebuff changed!
21:15:01 §eNew buff§r§r§r: §r§fGain §r§a+50 §r§6☘ Mining Fortune§r§f.
21:15:01 §8§oYou can disable this messaging by toggling Sky Mall in your /hotm!
22:10:44 §bNew day! §r§eYour §r§2Sky Mall §r§ebuff changed!
22:10:44 §eNew buff§r§r§r: §r§fGain §r§a5x §r§9Titanium §r§fdrops
22:10:44 §8§oYou can disable this messaging by toggling Sky Mall in your /hotm!
22:15:01 §bNew day! §r§eYour §r§2Sky Mall §r§ebuff changed!
22:15:01 §eNew buff§r§r§r: §r§fGain §r§a+50 §r§6☘ Mining Fortune§r§f.
22:15:01 §8§oYou can disable this messaging by toggling Sky Mall in your /hotm!
22:35:02 §bNew day! §r§eYour §r§2Sky Mall §r§ebuff changed!
22:35:02 §eNew buff§r§r§r: §r§fReduce Pickaxe Ability cooldown by §r§a20%§r§f.
22:35:02 §8§oYou can disable this messaging by toggling Sky Mall in your /hotm!
22:55:01 §bNew day! §r§eYour §r§2Sky Mall §r§ebuff changed!
22:55:01 §eNew buff§r§r§r: §r§fGain §r§a+15% §r§fmore Powder while mining.
22:55:01 §8§oYou can disable this messaging by toggling Sky Mall in your /hotm!
23:15:03 §bNew day! §r§eYour §r§2Sky Mall §r§ebuff changed!
23:15:03 §eNew buff§r§r§r: §r§fReduce Pickaxe Ability cooldown by §r§a20%§r§f.
23:15:03 §8§oYou can disable this messaging by toggling Sky Mall in your /hotm!
23:35:03 §bNew day! §r§eYour §r§2Sky Mall §r§ebuff changed!
23:35:03 §eNew buff§r§r§r: §r§fGain §r§a+50 §r§6☘ Mining Fortune§r§f.
23:35:03 §8§oYou can disable this messaging by toggling Sky Mall in your /hotm!
