11:05:56 New visitor detected: '§aFear Mongerer'
11:05:56 New visitor detected: '§aDuke'
11:05:56 New visitor detected: '§aTom'
11:05:56 New visitor detected: '§aLynn'
11:05:56 New visitor detected: '§aJack'
11:10:57 New visitor detected: '§aLumber Jack'
13:04:43 New visitor detected: '§9Lazy Miner'
13:04:43 New visitor detected: '§aAdventurer'
13:04:43 New visitor detected: '§9Gwendolyn'
13:04:43 New visitor detected: '§aOdawa'
13:04:43 New visitor detected: '§aLumber Jack'
13:13:15 New visitor detected: '§6Clerk Seraphine'
13:22:16 New visitor detected: '§9Bartender'
13:32:34 New visitor detected: '§aPlumber Joe'
13:41:33 New visitor detected: '§aWizard'
14:39:57 New visitor detected: '§aOdawa'
14:39:57 New visitor detected: '§9Gold Forger'
14:39:57 New visitor detected: '§aShaggy'
14:39:57 New visitor detected: '§aHungry Hiker'
14:48:58 New visitor detected: '§aEmissary Fraiser'
14:57:59 New visitor detected: '§6Jerry'
14:57:59 Jerry!
15:07:01 New visitor detected: '§9Lazy Miner'
17:30:30 New visitor detected: '§aRhys'
17:30:30 New visitor detected: '§aAndrew'
17:30:30 New visitor detected: '§aFear Mongerer'
17:30:30 New visitor detected: '§aFelix'
17:30:30 New visitor detected: '§aWizard'
20:20:35 New visitor detected: '§aRyu'
20:20:35 New visitor detected: '§9Grandma Wolf'
20:20:35 New visitor detected: '§aEmissary Fraiser'
20:20:35 New visitor detected: '§aPlumber Joe'
20:20:35 New visitor detected: '§aJotraeline Greatforge'
21:13:08 New visitor detected: '§9Lumina'
21:13:08 New visitor detected: '§aLumber Jack'
21:13:08 New visitor detected: '§aTrevor'
21:13:08 New visitor detected: '§aVex'
21:13:08 New visitor detected: '§aFarmhand'
