22:31:36 [SKYMALL] §bNew day! §r§eYour §r§2Sky Mall §r§ebuff changed!
22:31:36 [SKYMALL] §eNew buff§r§r§r: §r§fGain §r§a+15% §r§fmore Powder while mining.
22:31:36 [SKYMALL] §8§oYou can disable this messaging by toggling Sky Mall in your /hotm!
22:31:42 [GARDEN_VISITOR_MESSAGE] §e[NPC] §aRyu§f: §r§fDid you know that there is a Garden Level? Increase it by hitting milestones or selling to customers like me!
22:31:43 [GARDEN_VISITOR_MESSAGE] §e[NPC] §aRyu§f: §r§fThat's alright.
22:31:44 [GARDEN_VISITOR_MESSAGE] §e[NPC] §9Grandma Wolf§f: §r§fMy little child, you don't look so good. You should eat something. I have an idea, give me some ingredients and I'll make you a nice soup.
22:31:46 [GARDEN_VISITOR_MESSAGE] §e[NPC] §9Grandma Wolf§f: §r§fYou denied Grandma Wolf's request. How dare you treat your granny like that.
22:31:47 [GARDEN_VISITOR_MESSAGE] §e[NPC] §aGuy§f: §r§fHeard you may got some mushrooms...I've been looking for some...
22:31:48 [GARDEN_VISITOR_MESSAGE] §e[NPC] §aGuy§f: §r§fOh man gee, that's awful man, call me when you got 'em alright?
22:31:49 [GARDEN_VISITOR_MESSAGE] §e[NPC] §aHungry Hiker§f: §r§fHello there, I seem to be stuck here with no good food to eat, could you bring me some square orange fruits?
22:31:51 [GARDEN_VISITOR_MESSAGE] §e[NPC] §aHungry Hiker§f: §r§fI guess I'll just go hungry then...
22:31:51 [GARDEN_VISITOR_MESSAGE] §e[NPC] §aMason§f: §r§fI paid for one of Treasure Hunter's tips today and again, it only led me to a dirty shoelace. His tips are just not worth it...
22:31:53 [GARDEN_VISITOR_MESSAGE] §e[NPC] §aMason§f: §r§fYou're no better than the Treasure Hunter...
22:59:52 [SKYMALL] §bNew day! §r§eYour §r§2Sky Mall §r§ebuff changed!
22:59:52 [SKYMALL] §eNew buff§r§r§r: §r§fReduce Pickaxe Ability cooldown by §r§a20%§r§f.
22:59:52 [SKYMALL] §8§oYou can disable this messaging by toggling Sky Mall in your /hotm!
23:08:27 [GARDEN_VISITOR_MESSAGE] §e[NPC] §aEmissary Carlton§f: §r§fThe King has sent me to go shopping for I am his favorite emissary!
23:08:31 [GARDEN_VISITOR_MESSAGE] §e[NPC] §aEmissary Carlton§f: §r§fHow dare you reject me, the King's favorite emissary?!
23:08:32 [GARDEN_VISITOR_MESSAGE] §e[NPC] §9Zog§f: §r§fI have a big problem. I lost my sense of taste, now I can't tell the difference between a melon and a cactus...
23:08:36 [GARDEN_VISITOR_MESSAGE] §e[NPC] §9Zog§f: §r§fMy tongue is hurting for some reason...
23:14:58 [SKYMALL] §bNew day! §r§eYour §r§2Sky Mall §r§ebuff changed!
23:14:58 [SKYMALL] §eNew buff§r§r§r: §r§fReduce Pickaxe Ability cooldown by §r§a20%§r§f.
23:14:58 [SKYMALL] §8§oYou can disable this messaging by toggling Sky Mall in your /hotm!
23:34:58 [SKYMALL] §bNew day! §r§eYour §r§2Sky Mall §r§ebuff changed!
23:34:58 [SKYMALL] §eNew buff§r§r§r: §r§fGain §r§a+50 §r§6☘ Mining Fortune§r§f.
23:34:58 [SKYMALL] §8§oYou can disable this messaging by toggling Sky Mall in your /hotm!
23:54:58 [SKYMALL] §bNew day! §r§eYour §r§2Sky Mall §r§ebuff changed!
23:54:58 [SKYMALL] §eNew buff§r§r§r: §r§fGain §r§a+100 §r§6⸕ Mining Speed§r§f.
23:54:58 [SKYMALL] §8§oYou can disable this messaging by toggling Sky Mall in your /hotm!
23:59:40 [BESTIARY] §f                                  §6§lBESTIARY
23:59:40 [BESTIARY] §f                           §b§lLava Flame §7§8X §8➡§b §bXI
23:59:40 [BESTIARY] 
23:59:40 [BESTIARY] §f                                  §r§6§lREWARDS
23:59:40 [BESTIARY] §f                       §r§8+§r§a4 Lava Flame §r§b✯ Magic Find
23:59:40 [BESTIARY] §f                        §r§8+§r§a4 Lava Flame §r§c❁ Strength
23:59:40 [BESTIARY] §f                           §r§8+§r§62% §r§aLava Flame §r§7coins
23:59:40 [BESTIARY] §f                    §r§8+§r§a50% §r§7chance for extra XP orbs
23:59:40 [BESTIARY] §f                               §r§8+§r§b1 SkyBlock XP
23:59:40 [BESTIARY] 
23:59:40 [BESTIARY] §3§l▬▬▬▬▬▬▬▬▬▬▬▬▬▬▬▬▬▬▬▬▬▬▬▬▬▬▬▬▬▬▬▬▬▬▬▬▬▬▬▬▬▬▬▬▬▬▬▬▬▬▬▬▬▬▬▬▬▬▬▬▬▬▬▬
00:00:04 [BESTIARY] §f                                  §6§lBESTIARY
00:00:04 [BESTIARY] §f                               §b§lTaurus §7§8I §8➡§b §bII
00:00:04 [BESTIARY] 
00:00:04 [BESTIARY] §f                                  §r§6§lREWARDS
00:00:04 [BESTIARY] §f                         §r§8+§r§a2 Taurus §r§b✯ Magic Find
00:00:04 [BESTIARY] §f                          §r§8+§r§a2 Taurus §r§c❁ Strength
00:00:04 [BESTIARY] §f                             §r§8+§r§62% §r§aTaurus §r§7coins
00:00:04 [BESTIARY] §f                    §r§8+§r§a50% §r§7chance for extra XP orbs
00:00:04 [BESTIARY] §f                               §r§8+§r§b1 SkyBlock XP
00:00:04 [BESTIARY] 
00:00:04 [BESTIARY] §3§l▬▬▬▬▬▬▬▬▬▬▬▬▬▬▬▬▬▬▬▬▬▬▬▬▬▬▬▬▬▬▬▬▬▬▬▬▬▬▬▬▬▬▬▬▬▬▬▬▬▬▬▬▬▬▬▬▬▬▬▬▬▬▬▬
00:06:46 [BESTIARY] §f                                  §6§lBESTIARY
00:06:46 [BESTIARY] §f                              §b§lTaurus §7§8II §8➡§b §bIII
00:06:46 [BESTIARY] 
00:06:46 [BESTIARY] §f                                  §r§6§lREWARDS
00:06:46 [BESTIARY] §f                         §r§8+§r§a2 Taurus §r§b✯ Magic Find
00:06:46 [BESTIARY] §f                          §r§8+§r§a2 Taurus §r§c❁ Strength
00:06:46 [BESTIARY] §f                             §r§8+§r§62% §r§aTaurus §r§7coins
00:06:46 [BESTIARY] §f                    §r§8+§r§a50% §r§7chance for extra XP orbs
00:06:46 [BESTIARY] §f                               §r§8+§r§b1 SkyBlock XP
00:06:46 [BESTIARY] 
00:06:46 [BESTIARY] §3§l▬▬▬▬▬▬▬▬▬▬▬▬▬▬▬▬▬▬▬▬▬▬▬▬▬▬▬▬▬▬▬▬▬▬▬▬▬▬▬▬▬▬▬▬▬▬▬▬▬▬▬▬▬▬▬▬▬▬▬▬▬▬▬▬
00:12:47 [DOUBLE_HOOK] §eIt's a §r§aDouble Hook§r§e! Woot woot!
00:14:59 [SKYMALL] §bNew day! §r§eYour §r§2Sky Mall §r§ebuff changed!
00:14:59 [SKYMALL] §eNew buff§r§r§r: §r§fReduce Pickaxe Ability cooldown by §r§a20%§r§f.
00:14:59 [SKYMALL] §8§oYou can disable this messaging by toggling Sky Mall in your /hotm!
00:15:06 [DOUBLE_HOOK] §eIt's a §r§aDouble Hook§r§e!
00:16:05 [DOUBLE_HOOK] §eIt's a §r§aDouble Hook§r§e!
00:17:05 [DOUBLE_HOOK] §eIt's a §r§aDouble Hook§r§e!
00:34:59 [SKYMALL] §bNew day! §r§eYour §r§2Sky Mall §r§ebuff changed!
00:34:59 [SKYMALL] §eNew buff§r§r§r: §r§fGain §r§a+50 §r§6☘ Mining Fortune§r§f.
00:34:59 [SKYMALL] §8§oYou can disable this messaging by toggling Sky Mall in your /hotm!
00:45:06 [DOUBLE_HOOK] §eIt's a §r§aDouble Hook§r§e! Woot woot!
00:46:09 [DOUBLE_HOOK] §eIt's a §r§aDouble Hook§r§e! Woot woot!
00:50:25 [BESTIARY] §f                                  §6§lBESTIARY
00:50:25 [BESTIARY] §f                     §b§lPyroclastic Worm §7§8VIII §8➡§b §bIX
00:50:25 [BESTIARY] 
00:50:25 [BESTIARY] §f                                  §r§6§lREWARDS
00:50:25 [BESTIARY] §f                   §r§8+§r§a3 Pyroclastic Worm §r§b✯ Magic Find
00:50:25 [BESTIARY] §f                    §r§8+§r§a3 Pyroclastic Worm §r§c❁ Strength
00:50:25 [BESTIARY] §f                       §r§8+§r§62% §r§aPyroclastic Worm §r§7coins
00:50:25 [BESTIARY] §f                    §r§8+§r§a50% §r§7chance for extra XP orbs
00:50:25 [BESTIARY] §f                               §r§8+§r§b1 SkyBlock XP
00:50:25 [BESTIARY] 
00:50:25 [BESTIARY] §3§l▬▬▬▬▬▬▬▬▬▬▬▬▬▬▬▬▬▬▬▬▬▬▬▬▬▬▬▬▬▬▬▬▬▬▬▬▬▬▬▬▬▬▬▬▬▬▬▬▬▬▬▬▬▬▬▬▬▬▬▬▬▬▬▬
00:54:58 [SKYMALL] §bNew day! §r§eYour §r§2Sky Mall §r§ebuff changed!
00:54:58 [SKYMALL] §eNew buff§r§r§r: §r§fReduce Pickaxe Ability cooldown by §r§a20%§r§f.
00:54:58 [SKYMALL] §8§oYou can disable this messaging by toggling Sky Mall in your /hotm!
00:56:06 [DOUBLE_HOOK] §eIt's a §r§aDouble Hook§r§e! Woot woot!
00:59:18 [DOUBLE_HOOK] §eIt's a §r§aDouble Hook§r§e!
00:59:35 [BESTIARY] §f                                  §6§lBESTIARY
00:59:35 [BESTIARY] §f                           §b§lMagma Slug §7§8IX §8➡§b §bX
00:59:35 [BESTIARY] 
00:59:35 [BESTIARY] §f                                  §r§6§lREWARDS
00:59:35 [BESTIARY] §f                       §r§8+§r§a3 Magma Slug §r§b✯ Magic Find
00:59:35 [BESTIARY] §f                        §r§8+§r§a3 Magma Slug §r§c❁ Strength
00:59:35 [BESTIARY] §f                           §r§8+§r§62% §r§aMagma Slug §r§7coins
00:59:35 [BESTIARY] §f                    §r§8+§r§a50% §r§7chance for extra XP orbs
00:59:35 [BESTIARY] §f                               §r§8+§r§b1 SkyBlock XP
00:59:35 [BESTIARY] 
00:59:35 [BESTIARY] §3§l▬▬▬▬▬▬▬▬▬▬▬▬▬▬▬▬▬▬▬▬▬▬▬▬▬▬▬▬▬▬▬▬▬▬▬▬▬▬▬▬▬▬▬▬▬▬▬▬▬▬▬▬▬▬▬▬▬▬▬▬▬▬▬▬
01:01:18 [DOUBLE_HOOK] §eIt's a §r§aDouble Hook§r§e!
01:01:26 [BESTIARY] §f                                  §6§lBESTIARY
01:01:26 [BESTIARY] §f                            §b§lFire Eel §7§8VIII §8➡§b §bIX
01:01:26 [BESTIARY] 
01:01:26 [BESTIARY] §f                                  §r§6§lREWARDS
01:01:26 [BESTIARY] §f                         §r§8+§r§a3 Fire Eel §r§b✯ Magic Find
01:01:26 [BESTIARY] §f                          §r§8+§r§a3 Fire Eel §r§c❁ Strength
01:01:26 [BESTIARY] §f                             §r§8+§r§62% §r§aFire Eel §r§7coins
01:01:26 [BESTIARY] §f                    §r§8+§r§a50% §r§7chance for extra XP orbs
01:01:26 [BESTIARY] §f                               §r§8+§r§b1 SkyBlock XP
01:01:26 [BESTIARY] 
01:01:26 [BESTIARY] §3§l▬▬▬▬▬▬▬▬▬▬▬▬▬▬▬▬▬▬▬▬▬▬▬▬▬▬▬▬▬▬▬▬▬▬▬▬▬▬▬▬▬▬▬▬▬▬▬▬▬▬▬▬▬▬▬▬▬▬▬▬▬▬▬▬
01:08:09 [DOUBLE_HOOK] §eIt's a §r§aDouble Hook§r§e!
01:08:17 [BESTIARY] §f                                  §6§lBESTIARY
01:08:17 [BESTIARY] §f                           §b§lLava Leech §7§8IX §8➡§b §bX
01:08:17 [BESTIARY] 
01:08:17 [BESTIARY] §f                                  §r§6§lREWARDS
01:08:17 [BESTIARY] §f                       §r§8+§r§a3 Lava Leech §r§b✯ Magic Find
01:08:17 [BESTIARY] §f                       §r§8+§r§a3 Lava Leech §r§c❁ Strength
01:08:17 [BESTIARY] §f                           §r§8+§r§62% §r§aLava Leech §r§7coins
01:08:17 [BESTIARY] §f                    §r§8+§r§a50% §r§7chance for extra XP orbs
01:08:17 [BESTIARY] §f                               §r§8+§r§b1 SkyBlock XP
01:08:17 [BESTIARY] 
01:08:17 [BESTIARY] §3§l▬▬▬▬▬▬▬▬▬▬▬▬▬▬▬▬▬▬▬▬▬▬▬▬▬▬▬▬▬▬▬▬▬▬▬▬▬▬▬▬▬▬▬▬▬▬▬▬▬▬▬▬▬▬▬▬▬▬▬▬▬▬▬▬
01:12:07 [DOUBLE_HOOK] §eIt's a §r§aDouble Hook§r§e!
01:13:44 [BESTIARY] §f                                  §6§lBESTIARY
01:13:44 [BESTIARY] §f                              §b§lTaurus §7§8III §8➡§b §bIV
01:13:44 [BESTIARY] 
01:13:44 [BESTIARY] §f                                  §r§6§lREWARDS
01:13:44 [BESTIARY] §f                         §r§8+§r§a2 Taurus §r§b✯ Magic Find
01:13:44 [BESTIARY] §f                          §r§8+§r§a2 Taurus §r§c❁ Strength
01:13:44 [BESTIARY] §f                             §r§8+§r§62% §r§aTaurus §r§7coins
01:13:44 [BESTIARY] §f                    §r§8+§r§a50% §r§7chance for extra XP orbs
01:13:44 [BESTIARY] §f                               §r§8+§r§b1 SkyBlock XP
01:13:44 [BESTIARY] 
01:13:44 [BESTIARY] §3§l▬▬▬▬▬▬▬▬▬▬▬▬▬▬▬▬▬▬▬▬▬▬▬▬▬▬▬▬▬▬▬▬▬▬▬▬▬▬▬▬▬▬▬▬▬▬▬▬▬▬▬▬▬▬▬▬▬▬▬▬▬▬▬▬
01:14:58 [SKYMALL] §bNew day! §r§eYour §r§2Sky Mall §r§ebuff changed!
01:14:58 [SKYMALL] §eNew buff§r§r§r: §r§fGain §r§a5x §r§9Titanium §r§fdrops
01:14:58 [SKYMALL] §8§oYou can disable this messaging by toggling Sky Mall in your /hotm!
01:24:05 [DOUBLE_HOOK] §eIt's a §r§aDouble Hook§r§e!
01:27:08 [DOUBLE_HOOK] §eIt's a §r§aDouble Hook§r§e!
01:33:09 [DOUBLE_HOOK] §eIt's a §r§aDouble Hook§r§e! Woot woot!
01:35:00 [SKYMALL] §bNew day! §r§eYour §r§2Sky Mall §r§ebuff changed!
01:35:00 [SKYMALL] §eNew buff§r§r§r: §r§fGain §r§a+15% §r§fmore Powder while mining.
01:35:00 [SKYMALL] §8§oYou can disable this messaging by toggling Sky Mall in your /hotm!
01:43:54 [BESTIARY] §f                                  §6§lBESTIARY
01:43:54 [BESTIARY] §f                              §b§lMoogma §7§8X §8➡§b §bXI
01:43:54 [BESTIARY] 
01:43:54 [BESTIARY] §f                                  §r§6§lREWARDS
01:43:54 [BESTIARY] §f                         §r§8+§r§a4 Moogma §r§b✯ Magic Find
01:43:54 [BESTIARY] §f                          §r§8+§r§a4 Moogma §r§c❁ Strength
01:43:54 [BESTIARY] §f                             §r§8+§r§62% §r§aMoogma §r§7coins
01:43:54 [BESTIARY] §f                    §r§8+§r§a50% §r§7chance for extra XP orbs
01:43:54 [BESTIARY] §f                               §r§8+§r§b1 SkyBlock XP
01:43:54 [BESTIARY] 
01:43:54 [BESTIARY] §3§l▬▬▬▬▬▬▬▬▬▬▬▬▬▬▬▬▬▬▬▬▬▬▬▬▬▬▬▬▬▬▬▬▬▬▬▬▬▬▬▬▬▬▬▬▬▬▬▬▬▬▬▬▬▬▬▬▬▬▬▬▬▬▬▬
