22:31:23 §e[SkyHanni] §aSkyHanni found a new update: 0.27 Beta 5. Check §b/sh download update §afor more info.§r
22:31:32 §e[SkyHanni] §cYour Organic Matter is low!§r
22:31:32 §e[SkyHanni] §aMason §eis visiting your garden!§r
22:31:32 §e[SkyHanni] §aHungry Hiker §eis visiting your garden!§r
22:31:32 §e[SkyHanni] §aGuy §eis visiting your garden!§r
22:31:32 §e[SkyHanni] §9Grandma Wolf §eis visiting your garden!§r
22:31:32 §e[SkyHanni] §aRyu §eis visiting your garden!§r
23:07:17 §e[SkyHanni] §cYour Organic Matter is low!§r
23:07:17 §e[SkyHanni] §aEmissary Carlton §eis visiting your garden!§r
23:07:17 §e[SkyHanni] §9Zog §eis visiting your garden!§r
23:27:08 §e[SkyHanni] §b+4 SkyBlock XP §7(Collections§7)§b (94/100)§r
23:32:08 §e[SkyHanni] Gained §d225 motes §ethis Rift session! (§d591/h§e)§r
23:58:48 §e[SkyHanni] Wrong slayer selected! You have Voidgloom Seraph selected and you are in an Inferno Demonlord area!§r
23:59:13 §e[SkyHanni] Wrong slayer selected! You have Voidgloom Seraph selected and you are in an Inferno Demonlord area!§r
23:59:38 §e[SkyHanni] Wrong slayer selected! You have Voidgloom Seraph selected and you are in an Inferno Demonlord area!§r
23:59:40 §6§lBESTIARY §r§b§lLava Flame §7§8X §8➡§b §bXI§r
00:00:04 §6§lBESTIARY §r§b§lTaurus §7§8I §8➡§b §bII§r
00:03:13 §e[SkyHanni] Wrong slayer selected! You have Voidgloom Seraph selected and you are in an Inferno Demonlord area!§r
00:04:43 §e[SkyHanni] Wrong slayer selected! You have Voidgloom Seraph selected and you are in an Inferno Demonlord area!§r
00:06:46 §6§lBESTIARY §r§b§lTaurus §7§8II §8➡§b §bIII§r
00:13:17 §c[SkyHanni-0.27.Beta.4]: Caught an NoSuchElementException in FishingTimer at SeaCreatureFishEvent: null§c. Click here to copy the error into the clipboard.§r
00:14:15 §e[SkyHanni] Wrong slayer selected! You have Voidgloom Seraph selected and you are in an Inferno Demonlord area!§r
00:14:58 §e[SkyHanni] Wrong slayer selected! You have Voidgloom Seraph selected and you are in an Inferno Demonlord area!§r
00:17:30 §e[SkyHanni] Wrong slayer selected! You have Voidgloom Seraph selected and you are in an Inferno Demonlord area!§r
00:18:14 §e[SkyHanni] Wrong slayer selected! You have Voidgloom Seraph selected and you are in an Inferno Demonlord area!§r
00:19:12 §e[SkyHanni] Wrong slayer selected! You have Voidgloom Seraph selected and you are in an Inferno Demonlord area!§r
00:35:00 §e[SkyHanni] §lCLICK HERE§r§e to grab §ax30 §9§5Silver Magmafish§e from sacks!§r
00:35:15 §e[SkyHanni] Wrong slayer selected! You have Voidgloom Seraph selected and you are in an Inferno Demonlord area!§r
00:35:34 §e[SkyHanni] Wrong slayer selected! You have Voidgloom Seraph selected and you are in an Inferno Demonlord area!§r
00:43:37 §e[SkyHanni] Wrong slayer selected! You have Voidgloom Seraph selected and you are in an Inferno Demonlord area!§r
00:44:33 §e[SkyHanni] Wrong slayer selected! You have Voidgloom Seraph selected and you are in an Inferno Demonlord area!§r
00:44:48 §e[SkyHanni] Wrong slayer selected! You have Voidgloom Seraph selected and you are in an Inferno Demonlord area!§r
00:50:25 §6§lBESTIARY §r§b§lPyroclastic Worm §7§8VIII §8➡§b §bIX§r
00:51:07 §e[SkyHanni] Wrong slayer selected! You have Voidgloom Seraph selected and you are in an Inferno Demonlord area!§r
00:53:17 §e[SkyHanni] Wrong slayer selected! You have Voidgloom Seraph selected and you are in an Inferno Demonlord area!§r
00:58:03 §e[SkyHanni] Wrong slayer selected! You have Voidgloom Seraph selected and you are in an Inferno Demonlord area!§r
00:59:35 §6§lBESTIARY §r§b§lMagma Slug §7§8IX §8➡§b §bX§r
01:01:26 §6§lBESTIARY §r§b§lFire Eel §7§8VIII §8➡§b §bIX§r
01:03:48 §e[SkyHanni] Wrong slayer selected! You have Voidgloom Seraph selected and you are in an Inferno Demonlord area!§r
01:05:51 §e[SkyHanni] Wrong slayer selected! You have Voidgloom Seraph selected and you are in an Inferno Demonlord area!§r
01:06:00 §e[SkyHanni] §lCLICK HERE§r§e to grab §ax29 §9§5Silver Magmafish§e from sacks!§r
01:08:17 §6§lBESTIARY §r§b§lLava Leech §7§8IX §8➡§b §bX§r
01:08:44 §e[SkyHanni] Wrong slayer selected! You have Voidgloom Seraph selected and you are in an Inferno Demonlord area!§r
01:11:37 §e[SkyHanni] Wrong slayer selected! You have Voidgloom Seraph selected and you are in an Inferno Demonlord area!§r
01:13:44 §6§lBESTIARY §r§b§lTaurus §7§8III §8➡§b §bIV§r
01:17:26 §e[SkyHanni] Wrong slayer selected! You have Voidgloom Seraph selected and you are in an Inferno Demonlord area!§r
01:19:43 §e[SkyHanni] Wrong slayer selected! You have Voidgloom Seraph selected and you are in an Inferno Demonlord area!§r
01:20:49 §e[SkyHanni] Wrong slayer selected! You have Voidgloom Seraph selected and you are in an Inferno Demonlord area!§r
01:22:24 §e[SkyHanni] Wrong slayer selected! You have Voidgloom Seraph selected and you are in an Inferno Demonlord area!§r
01:24:58 §e[SkyHanni] Wrong slayer selected! You have Voidgloom Seraph selected and you are in an Inferno Demonlord area!§r
01:27:02 §e[SkyHanni] §eTo edit hidden GUI elements:
 §7- §e1. Set a key in /sh edit.
 §7- §e2. Click that key while the GUI element is visible.§r
01:27:08 §e[SkyHanni] Wrong slayer selected! You have Voidgloom Seraph selected and you are in an Inferno Demonlord area!§r
01:33:26 §e[SkyHanni] §lCLICK HERE§r§e to grab §ax36 §9§5Silver Magmafish§e from sacks!§r
01:36:01 §e[SkyHanni] Wrong slayer selected! You have Voidgloom Seraph selected and you are in an Inferno Demonlord area!§r
01:37:43 §e[SkyHanni] §lCLICK HERE§r§e to grab §ax6 §9§5Silver Magmafish§e from sacks!§r
01:39:02 §e[SkyHanni] Wrong slayer selected! You have Voidgloom Seraph selected and you are in an Inferno Demonlord area!§r
01:43:54 §6§lBESTIARY §r§b§lMoogma §7§8X §8➡§b §bXI§r
01:48:38 §e[SkyHanni] Wrong slayer selected! You have Voidgloom Seraph selected and you are in an Inferno Demonlord area!§r
01:49:08 §e[SkyHanni] Wrong slayer selected! You have Voidgloom Seraph selected and you are in an Inferno Demonlord area!§r
01:49:36 §e[SkyHanni] §b+26 SkyBlock XP §7(Chocolate Factory Prestige§7)§b (40/100)§r
