00:12:47  
00:12:47 [original] §r§aFrom beneath the lava appears a Magma Slug.§r
00:12:47 [modified] §e§lDOUBLE HOOK! §r§aFrom beneath the lava appears a Magma Slug.§r§r
00:15:06  
00:15:06 [original] §r§aFrom beneath the lava appears a Magma Slug.§r
00:15:06 [modified] §e§lDOUBLE HOOK! §r§aFrom beneath the lava appears a Magma Slug.§r§r
00:16:05  
00:16:05 [original] §r§aYou hear a faint Moo from the lava... A Moogma appears.§r
00:16:05 [modified] §e§lDOUBLE HOOK! §r§aYou hear a faint Moo from the lava... A Moogma appears.§r§r
00:17:05  
00:17:05 [original] §r§aFrom beneath the lava appears a Magma Slug.§r
00:17:05 [modified] §e§lDOUBLE HOOK! §r§aFrom beneath the lava appears a Magma Slug.§r§r
00:45:06  
00:45:06 [original] §r§aFrom beneath the lava appears a Magma Slug.§r
00:45:06 [modified] §e§lDOUBLE HOOK! §r§aFrom beneath the lava appears a Magma Slug.§r§r
00:46:09  
00:46:09 [original] §r§aYou hear a faint Moo from the lava... A Moogma appears.§r
00:46:09 [modified] §e§lDOUBLE HOOK! §r§aYou hear a faint Moo from the lava... A Moogma appears.§r§r
00:56:06  
00:56:06 [original] §r§aA Fire Eel slithers out from the depths.§r
00:56:06 [modified] §e§lDOUBLE HOOK! §r§aA Fire Eel slithers out from the depths.§r§r
00:59:18  
00:59:18 [original] §r§aFrom beneath the lava appears a Magma Slug.§r
00:59:18 [modified] §e§lDOUBLE HOOK! §r§aFrom beneath the lava appears a Magma Slug.§r§r
01:01:18  
01:01:18 [original] §r§aYou hear a faint Moo from the lava... A Moogma appears.§r
01:01:18 [modified] §e§lDOUBLE HOOK! §r§aYou hear a faint Moo from the lava... A Moogma appears.§r§r
01:08:09  
01:08:09 [original] §r§aA small but fearsome Lava Leech emerges.§r
01:08:09 [modified] §e§lDOUBLE HOOK! §r§aA small but fearsome Lava Leech emerges.§r§r
01:12:07  
01:12:07 [original] §r§aA small but fearsome Lava Leech emerges.§r
01:12:07 [modified] §e§lDOUBLE HOOK! §r§aA small but fearsome Lava Leech emerges.§r§r
01:24:05  
01:24:05 [original] §r§aYou hear a faint Moo from the lava... A Moogma appears.§r
01:24:05 [modified] §e§lDOUBLE HOOK! §r§aYou hear a faint Moo from the lava... A Moogma appears.§r§r
01:27:08  
01:27:08 [original] §r§aA Lava Flame flies out from beneath the lava.§r
01:27:08 [modified] §e§lDOUBLE HOOK! §r§aA Lava Flame flies out from beneath the lava.§r§r
01:33:09  
01:33:09 [original] §r§aYou feel the heat radiating as a Pyroclastic Worm surfaces.§r
01:33:09 [modified] §e§lDOUBLE HOOK! §r§aYou feel the heat radiating as a Pyroclastic Worm surfaces.§r§r
