11:53:08 Visitor status change for '§aLumber Jack': NEW -> WAITING (tooltipMissingItems)
11:53:15 Visitor status change for '§aLumber Jack': WAITING -> REFUSED (refused)
11:53:17 Visitor status change for '§9Gwendolyn': NEW -> WAITING (tooltipMissingItems)
11:53:19 Visitor status change for '§9Gwendolyn': WAITING -> REFUSED (refused)
11:53:21 Visitor status change for '§aJacob': NEW -> WAITING (tooltipMissingItems)
11:53:21 Visitor status change for '§aJacob': WAITING -> READY (hasItems)
11:53:23 Visitor status change for '§aJacob': READY -> REFUSED (refused)
11:53:24 Visitor status change for '§aFarmhand': NEW -> WAITING (tooltipMissingItems)
11:53:26 Visitor status change for '§aFarmhand': WAITING -> REFUSED (refused)
11:53:35 Visitor status change for '§dMaeve': NEW -> WAITING (tooltipMissingItems)
11:53:46 Visitor status change for '§dMaeve': WAITING -> READY (hasItems)
11:53:49 Visitor status change for '§dMaeve': READY -> ACCEPTED (accepted)
12:16:55 Visitor status change for '§aTerry': NEW -> WAITING (tooltipMissingItems)
12:16:56 Visitor status change for '§aTerry': WAITING -> REFUSED (refused)
12:16:57 Visitor status change for '§aFear Mongerer': NEW -> WAITING (tooltipMissingItems)
12:16:59 Visitor status change for '§aFear Mongerer': WAITING -> REFUSED (refused)
14:54:05 Visitor status change for '§9Old Man Garry': NEW -> WAITING (tooltipMissingItems)
14:54:08 Visitor status change for '§9Old Man Garry': WAITING -> REFUSED (refused)
14:54:09 Visitor status change for '§9Iron Forger': NEW -> WAITING (tooltipMissingItems)
14:54:14 Visitor status change for '§9Iron Forger': WAITING -> REFUSED (refused)
14:54:15 Visitor status change for '§aGeonathan Greatforge': NEW -> WAITING (tooltipMissingItems)
14:54:15 Visitor status change for '§aGeonathan Greatforge': WAITING -> READY (hasItems)
14:54:17 Visitor status change for '§aGeonathan Greatforge': READY -> REFUSED (refused)
14:54:18 Visitor status change for '§aFisherman': NEW -> WAITING (tooltipMissingItems)
14:54:20 Visitor status change for '§aFisherman': WAITING -> REFUSED (refused)
14:54:21 Visitor status change for '§aTrevor': NEW -> WAITING (tooltipMissingItems)
14:54:25 Visitor status change for '§aTrevor': WAITING -> REFUSED (refused)
16:09:19 Visitor status change for '§aJacob': NEW -> WAITING (tooltipMissingItems)
16:09:19 Visitor status change for '§aJacob': WAITING -> READY (hasItems)
16:09:20 Visitor status change for '§aJacob': READY -> REFUSED (refused)
16:09:22 Visitor status change for '§9Bartender': NEW -> WAITING (tooltipMissingItems)
16:09:28 Visitor status change for '§9Bartender': WAITING -> REFUSED (refused)
16:09:29 Visitor status change for '§aShaggy': NEW -> WAITING (tooltipMissingItems)
16:09:29 Visitor status change for '§aShaggy': WAITING -> READY (hasItems)
16:09:31 Visitor status change for '§aShaggy': READY -> REFUSED (refused)
16:09:32 Visitor status change for '§6Jerry': NEW -> WAITING (tooltipMissingItems)
16:09:48 Visitor status change for '§6Jerry': WAITING -> READY (hasItems)
16:09:49 Visitor status change for '§6Jerry': READY -> ACCEPTED (accepted)
16:09:51 Visitor status change for '§6Clerk Seraphine': NEW -> WAITING (tooltipMissingItems)
16:09:59 Visitor status change for '§6Clerk Seraphine': WAITING -> READY (hasItems)
16:10:00 Visitor status change for '§6Clerk Seraphine': READY -> ACCEPTED (accepted)
