11:07:34 Visitor status change for '§aFear Mongerer': NEW -> WAITING (tooltipMissingItems)
11:07:35 Visitor status change for '§aDuke': NEW -> WAITING (tooltipMissingItems)
11:07:38 Visitor status change for '§aTom': NEW -> WAITING (tooltipMissingItems)
11:07:40 Visitor status change for '§aLynn': NEW -> WAITING (tooltipMissingItems)
11:07:43 Visitor status change for '§aJack': NEW -> WAITING (tooltipMissingItems)
11:08:18 Visitor status change for '§aFear Mongerer': WAITING -> READY (hasItems)
11:08:28 Visitor status change for '§aTom': WAITING -> READY (hasItems)
11:08:33 Visitor status change for '§aLynn': WAITING -> READY (hasItems)
11:08:41 Visitor status change for '§aJack': WAITING -> READY (hasItems)
11:09:09 Visitor status change for '§aDuke': WAITING -> READY (hasItems)
11:09:12 Visitor status change for '§aDuke': READY -> ACCEPTED (accepted)
11:09:15 Visitor status change for '§aFear Mongerer': READY -> ACCEPTED (accepted)
11:09:17 Visitor status change for '§aTom': READY -> ACCEPTED (accepted)
11:09:20 Visitor status change for '§aLynn': READY -> ACCEPTED (accepted)
11:09:21 Visitor status change for '§aJack': READY -> ACCEPTED (accepted)
11:11:00 Visitor status change for '§aLumber Jack': NEW -> WAITING (tooltipMissingItems)
11:11:33 Visitor status change for '§aLumber Jack': WAITING -> READY (tooltipClickToGive)
11:11:33 Visitor status change for '§aLumber Jack': READY -> WAITING (noLongerHasItems)
11:11:34 Visitor status change for '§aLumber Jack': WAITING -> ACCEPTED (accepted)
13:04:56 Visitor status change for '§9Lazy Miner': NEW -> WAITING (tooltipMissingItems)
13:04:59 Visitor status change for '§aAdventurer': NEW -> WAITING (tooltipMissingItems)
13:05:03 Visitor status change for '§9Gwendolyn': NEW -> WAITING (tooltipMissingItems)
13:05:12 Visitor status change for '§aOdawa': NEW -> WAITING (tooltipMissingItems)
13:05:16 Visitor status change for '§aLumber Jack': NEW -> WAITING (tooltipMissingItems)
13:05:52 Visitor status change for '§9Lazy Miner': WAITING -> READY (hasItems)
13:05:52 Visitor status change for '§9Gwendolyn': WAITING -> READY (hasItems)
13:05:59 Visitor status change for '§aAdventurer': WAITING -> READY (hasItems)
13:06:22 Visitor status change for '§aLumber Jack': WAITING -> READY (hasItems)
13:06:47 Visitor status change for '§9Gwendolyn': READY -> ACCEPTED (accepted)
13:06:57 Visitor status change for '§aOdawa': WAITING -> READY (tooltipClickToGive)
13:06:57 Visitor status change for '§aOdawa': READY -> WAITING (noLongerHasItems)
13:06:58 Visitor status change for '§aOdawa': WAITING -> ACCEPTED (accepted)
13:06:59 Visitor status change for '§aLumber Jack': READY -> ACCEPTED (accepted)
13:07:01 Visitor status change for '§aAdventurer': READY -> ACCEPTED (accepted)
13:07:02 Visitor status change for '§9Lazy Miner': READY -> ACCEPTED (accepted)
13:23:46 Visitor status change for '§6Clerk Seraphine': NEW -> WAITING (tooltipMissingItems)
13:23:54 Visitor status change for '§9Bartender': NEW -> WAITING (tooltipMissingItems)
13:24:09 Visitor status change for '§6Clerk Seraphine': WAITING -> READY (hasItems)
13:24:21 Visitor status change for '§9Bartender': WAITING -> READY (hasItems)
13:24:23 Visitor status change for '§6Clerk Seraphine': READY -> ACCEPTED (accepted)
13:24:25 Visitor status change for '§9Bartender': READY -> ACCEPTED (accepted)
13:35:54 Visitor status change for '§aPlumber Joe': NEW -> WAITING (tooltipMissingItems)
13:35:58 Visitor status change for '§aPlumber Joe': WAITING -> REFUSED (refused)
14:40:06 Visitor status change for '§aWizard': NEW -> WAITING (tooltipMissingItems)
14:40:11 Visitor status change for '§aWizard': WAITING -> REFUSED (refused)
14:40:13 Visitor status change for '§aOdawa': NEW -> WAITING (tooltipMissingItems)
14:40:34 Visitor status change for '§aOdawa': WAITING -> READY (hasItems)
14:40:36 Visitor status change for '§aOdawa': READY -> ACCEPTED (accepted)
14:40:39 Visitor status change for '§9Gold Forger': NEW -> READY (tooltipClickToGive)
14:40:59 Visitor status change for '§9Gold Forger': READY -> ACCEPTED (accepted)
14:41:01 Visitor status change for '§aShaggy': NEW -> WAITING (tooltipMissingItems)
14:41:05 Visitor status change for '§aShaggy': WAITING -> REFUSED (refused)
14:41:07 Visitor status change for '§aHungry Hiker': NEW -> WAITING (tooltipMissingItems)
14:41:11 Visitor status change for '§aHungry Hiker': WAITING -> REFUSED (refused)
14:58:08 Visitor status change for '§aEmissary Fraiser': NEW -> WAITING (tooltipMissingItems)
14:58:10 Visitor status change for '§6Jerry': NEW -> WAITING (tooltipMissingItems)
14:58:23 Visitor status change for '§6Jerry': WAITING -> READY (hasItems)
14:58:24 Visitor status change for '§6Jerry': READY -> ACCEPTED (accepted)
14:58:28 Visitor status change for '§aEmissary Fraiser': WAITING -> REFUSED (refused)
15:07:23 Visitor status change for '§9Lazy Miner': NEW -> WAITING (tooltipMissingItems)
15:07:38 Visitor status change for '§9Lazy Miner': WAITING -> READY (hasItems)
15:07:40 Visitor status change for '§9Lazy Miner': READY -> ACCEPTED (accepted)
17:30:38 Visitor status change for '§aRhys': NEW -> WAITING (tooltipMissingItems)
17:30:41 Visitor status change for '§aRhys': WAITING -> REFUSED (refused)
17:30:42 Visitor status change for '§aAndrew': NEW -> WAITING (tooltipMissingItems)
17:30:46 Visitor status change for '§aAndrew': WAITING -> REFUSED (refused)
17:30:47 Visitor status change for '§aFear Mongerer': NEW -> WAITING (tooltipMissingItems)
17:30:53 Visitor status change for '§aFear Mongerer': WAITING -> REFUSED (refused)
17:30:54 Visitor status change for '§aFelix': NEW -> WAITING (tooltipMissingItems)
17:30:57 Visitor status change for '§aFelix': WAITING -> REFUSED (refused)
17:30:58 Visitor status change for '§aWizard': NEW -> WAITING (tooltipMissingItems)
17:31:01 Visitor status change for '§aWizard': WAITING -> REFUSED (refused)
20:21:07 Visitor status change for '§aJotraeline Greatforge': NEW -> WAITING (tooltipMissingItems)
20:21:07 Visitor status change for '§aJotraeline Greatforge': WAITING -> READY (hasItems)
20:21:15 Visitor status change for '§aPlumber Joe': NEW -> WAITING (tooltipMissingItems)
20:21:18 Visitor status change for '§aJotraeline Greatforge': READY -> WAITING (tooltipMissingItems)
20:21:18 Visitor status change for '§aJotraeline Greatforge': WAITING -> READY (hasItems)
20:21:21 Visitor status change for '§aEmissary Fraiser': NEW -> WAITING (tooltipMissingItems)
20:21:23 Visitor status change for '§9Grandma Wolf': NEW -> WAITING (tooltipMissingItems)
20:21:25 Visitor status change for '§aRyu': NEW -> WAITING (tooltipMissingItems)
20:21:47 Visitor status change for '§aJotraeline Greatforge': READY -> ACCEPTED (accepted)
20:24:37 Visitor status change for '§aRyu': WAITING -> REFUSED (refused)
20:24:39 Visitor status change for '§9Grandma Wolf': WAITING -> REFUSED (refused)
20:24:41 Visitor status change for '§aEmissary Fraiser': WAITING -> REFUSED (refused)
20:24:43 Visitor status change for '§aPlumber Joe': WAITING -> REFUSED (refused)
21:13:17 Visitor status change for '§9Lumina': NEW -> WAITING (tooltipMissingItems)
21:13:20 Visitor status change for '§aLumber Jack': NEW -> WAITING (tooltipMissingItems)
21:13:23 Visitor status change for '§aTrevor': NEW -> WAITING (tooltipMissingItems)
21:13:30 Visitor status change for '§aVex': NEW -> WAITING (tooltipMissingItems)
21:13:33 Visitor status change for '§aFarmhand': NEW -> WAITING (tooltipMissingItems)
21:13:38 Visitor status change for '§aFarmhand': WAITING -> REFUSED (refused)
21:13:40 Visitor status change for '§aVex': WAITING -> REFUSED (refused)
21:13:42 Visitor status change for '§aTrevor': WAITING -> REFUSED (refused)
21:13:43 Visitor status change for '§aLumber Jack': WAITING -> REFUSED (refused)
21:14:09 Visitor status change for '§9Lumina': WAITING -> READY (hasItems)
21:14:12 Visitor status change for '§9Lumina': READY -> ACCEPTED (accepted)
