11:09:18 Removed old visitor: '§aDuke'
11:09:20 Removed old visitor: '§aFear Mongerer'
11:09:24 Removed old visitor: '§aTom'
11:09:24 Removed old visitor: '§aLynn'
11:09:27 Removed old visitor: '§aJack'
11:11:39 Removed old visitor: '§aLumber Jack'
13:06:50 Removed old visitor: '§9Gwendolyn'
13:07:02 Removed old visitor: '§aOdawa'
13:07:05 Removed old visitor: '§aAdventurer'
13:07:05 Removed old visitor: '§aLumber Jack'
13:07:08 Removed old visitor: '§9Lazy Miner'
13:24:29 Removed old visitor: '§6Clerk Seraphine'
13:24:29 Removed old visitor: '§9Bartender'
13:36:02 Removed old visitor: '§aPlumber Joe'
14:40:15 Removed old visitor: '§aWizard'
14:40:39 Removed old visitor: '§aOdawa'
14:41:03 Removed old visitor: '§9Gold Forger'
14:41:09 Removed old visitor: '§aShaggy'
14:41:15 Removed old visitor: '§aHungry Hiker'
14:58:29 Removed old visitor: '§6Jerry'
14:58:33 Removed old visitor: '§aEmissary Fraiser'
15:07:46 Removed old visitor: '§9Lazy Miner'
17:30:45 Removed old visitor: '§aRhys'
17:30:51 Removed old visitor: '§aAndrew'
17:30:57 Removed old visitor: '§aFear Mongerer'
17:31:00 Removed old visitor: '§aFelix'
17:31:06 Removed old visitor: '§aWizard'
20:21:53 Removed old visitor: '§aJotraeline Greatforge'
20:24:41 Removed old visitor: '§aRyu'
20:24:44 Removed old visitor: '§9Grandma Wolf'
21:13:44 Removed old visitor: '§aVex'
21:13:44 Removed old visitor: '§aFarmhand'
21:13:47 Removed old visitor: '§aLumber Jack'
21:13:47 Removed old visitor: '§aTrevor'
21:14:17 Removed old visitor: '§9Lumina'
