21:15:13 [allowed] §f §r§r§r§f §r§r§r§1 §r§r§r§0 §r§r§r§2 §r§r§r§f §r§r§r§f §r§r§r§2 §r§r§r§0 §r§r§r§4 §r§r§r§3 §r§r§r§9 §r§r§r§2 §r§r§r§0 §r§r§r§0 §r§r§r§3 §r§r§r§9 §r§r§r§2 §r§r§r§0 §r§r§r§0 §r§r§r§3 §r§r§r§9 §r§r§r§2 §r§r§r§0 §r§r§r§0 
21:15:13 [allowed] §aYou have §b2 §aunclaimed leveling rewards!
21:15:13 [allowed] §eClick here to view them!
21:15:14 [allowed] §b[MVP§c+§b] katlehoYT§f §6joined the lobby!
21:15:15 [allowed]   §r§f§l➤ §r§6You have reached your Hype limit! Add Hype to Prototype Lobby minigames by right-clicking with the Hype Diamond!
21:15:16 [allowed] §b[MVP§4+§b] smolForg§f §6joined the lobby!
21:15:17 [allowed] §b[MVP§c+§b] Cheeseperson2§f §6joined the lobby!
21:15:17 [allowed] §b[MVP§9+§b] LeKology§f §6joined the lobby!
21:15:17 [allowed] §b[MVP§f+§b] DaniDFT§f §6joined the lobby!
21:15:20 [allowed] §b[MVP§9+§b] iChills§f §6joined the lobby!
21:15:21 [allowed]  §b>§c>§a>§r §r§6[MVP§d++§6] _ILeoI_§f §6joined the lobby!§r §a<§c<§b<
21:15:22 [allowed] §b[MVP§2+§b] Hochlukas§f §6joined the lobby!
21:15:22 [allowed] §b[MVP§8+§b] depthstridaa§f §6joined the lobby!
21:15:22 [allowed] §7Sending to server mini151BM...
21:15:23 [allowed] §8 §r§8 §r§1 §r§3 §r§3 §r§7 §r§8 
21:15:25 [allowed] 
21:15:25 [allowed] §eWelcome to §r§aHypixel SkyBlock§r§e!
21:15:25 [allowed] 
21:15:25 [allowed] §9§n§eLatest update: §bSkyBlock v0.20.5 §e§lCLICK
21:15:26 [allowed] §aYou are playing on profile: §ePineapple
21:15:26 [allowed] §8Profile ID: cbcbcaaa-4182-4d77-bab6-b1345770fa92
21:15:27 [SKYMALL] §bNew day! §r§eYour §r§2Sky Mall §r§ebuff changed!
21:15:27 [SKYMALL] §eNew buff§r§r§r: §r§fGain §r§a+50 §r§6☘ Mining Fortune§r§f.
21:15:27 [SKYMALL] §8§oYou can disable this messaging by toggling Sky Mall in your /hotm!
21:15:29 [allowed] §7Warping...
21:15:29 [allowed] §7Sending to server mini25CH...
21:15:30 [allowed] §8 §r§8 §r§1 §r§3 §r§3 §r§7 §r§8 
21:15:33 [allowed] §aYou are playing on profile: §ePineapple
21:15:33 [allowed] §8Profile ID: cbcbcaaa-4182-4d77-bab6-b1345770fa92
21:15:43 [allowed] §aThe wind has changed direction!
21:16:18 [allowed] §aThe wind has changed direction!
21:16:30 [allowed] §a§r§6Mining Speed Boost §r§ais now available!
21:16:31 [allowed] §8Withdrawing coins...
21:16:31 [allowed] §aYou have withdrawn §r§61.7M coins§r§a! You now have §r§612M coins §r§ain your account!
21:16:44 [allowed] §c ☠ §r§7§r§7GRIFFY90§r§7 was killed by Glacite Walker§r§7§r§7.
21:16:49 [allowed] §aThe wind has changed direction!
21:16:55 [allowed] §8Withdrawing coins...
21:16:55 [allowed] §aYou have withdrawn §r§6200k coins§r§a! You now have §r§612M coins §r§ain your account!
21:17:05 [allowed] §8[§r§e109§r§8] §r§a[VIP] NotToxicPanda §7♲§f§r§f: Oh no! Your Pickonimbus 2000 broke! :(
21:17:06 [allowed] §6[Bazaar] §r§7Putting goods in escrow...
21:17:06 [allowed] §6[Bazaar] §r§7Submitting buy order...
21:17:06 [allowed] §6[Bazaar] §r§7§r§eBuy Order Setup! §r§a800§r§7x §r§9Enchanted Mithril §r§7for §r§61,860,880 coins§r§7.
21:17:21 [allowed] §7Warping...
21:17:22 [allowed] §7Sending to server mini1003G...
21:17:23 [allowed] §8 §r§8 §r§1 §r§3 §r§3 §r§7 §r§8 
21:17:24 [allowed] §6§lGROSS! §7While you were offline, §6Pests §7spawned in §aPlots §r§b5§r§7, §r§b7§r§7, §r§b4§r§7, §r§b8§r§7, §r§b3§r§7 and §r§b2§r§r§7!
21:17:24 [allowed] §7Your §r§6☘ Farming Fortune §r§7has been reduced by §r§475%§r§7!
21:17:24 [allowed] §7Click on a plots name in chat to teleport to it!
21:17:26 [allowed] §aYou are playing on profile: §ePineapple
21:17:26 [allowed] §8Profile ID: cbcbcaaa-4182-4d77-bab6-b1345770fa92
21:17:42 [allowed] §aYou summoned your §r§6Elephant§r§a!
21:18:07 [GARDEN_VISITOR_MESSAGE] §e[NPC] §aAlchemist§f: §r§fBeen running low on my brewing supplies, Nether Warts are quite hard to come by these days.
21:18:10 [GARDEN_VISITOR_MESSAGE] §e[NPC] §aAlchemist§f: §r§fUnfortunate, I'll see if I can find some Nether Warts from someone else.
21:18:11 [GARDEN_VISITOR_MESSAGE] §e[NPC] §9Zog§f: §r§fI have a big problem. I lost my sense of taste, now I can't tell the difference between a melon and a cactus...
21:18:13 [GARDEN_VISITOR_MESSAGE] §e[NPC] §9Zog§f: §r§fMy tongue is hurting for some reason...
21:18:14 [GARDEN_VISITOR_MESSAGE] §e[NPC] §aEmissary Ceanna§f: §r§fThe King's favorite emissary is here to request potatoes for the King's great feast! 
21:18:17 [GARDEN_VISITOR_MESSAGE] §e[NPC] §aEmissary Ceanna§f: §r§fI will inform the King about this disgrace!
21:18:18 [allowed] §cThis ability is on cooldown for 1s.
21:18:18 [GARDEN_VISITOR_MESSAGE] §e[NPC] §aWizard§f: §rWhere am I? Oh, it's you §aHotBaconWasTaken§f.
21:18:20 [GARDEN_VISITOR_MESSAGE] §e[NPC] §aWizard§f: §r§fI suppose that was expected. Not many people have enough potatoes to power a magical portal.
21:18:21 [GARDEN_VISITOR_MESSAGE] §e[NPC] §aOdawa§f: §r§fI'm supposed to collect some food for the village, the Kalhuiki people have been through a tough time recently.
21:18:21 [allowed] §cThis ability is on cooldown for 1s.
21:18:23 [allowed] §a§r§6Mining Speed Boost §r§ais now available!
21:18:24 [GARDEN_VISITOR_MESSAGE] §e[NPC] §aOdawa§f: §r§fI guess I'll have to turn up empty-handed.
21:18:29 [allowed] §aPicked up 64 Compost!
21:18:29 [allowed] §aPicked up 11 Compost!
21:18:31 [allowed] §6[Bazaar] §r§7Executing instant sell...
21:18:31 [allowed] §6[Bazaar] §r§7Sold §r§a75§r§7x §r§aCompost §r§7for §r§61,312,932 coins§r§7!
21:19:04 [allowed] §6[Bazaar] §r§7Executing instant buy...
21:19:04 [allowed] §6[Bazaar] §r§7Bought §r§a8§r§7x §r§9Box of Seeds §r§7for §r§6617,614 coins§r§7!
21:19:06 [allowed] §aAdded §r§2204,800 §r§aorganic matter to the composter!
21:19:15 [allowed] §cThis ability is on cooldown for 1s.
21:19:17 [allowed] §cThis ability is on cooldown for 1s.
21:19:17 [allowed] §cThis ability is on cooldown for 1s.
21:19:18 [allowed] §cThis ability is on cooldown for 1s.
21:19:22 [allowed] §eYou received §a6x Enchanted Pumpkin §efor killing a §6Rat§e!
21:19:26 [allowed] §cThis ability is on cooldown for 1s.
21:19:26 [allowed] §cThis ability is on cooldown for 1s.
21:19:28 [allowed] §6[Sacks] §r§a+6§r§e items§r§e.§r§8 (Last 5s.)
21:19:32 [allowed] §cThis ability is on cooldown for 1s.
21:19:32 [allowed] §eYou received §a8x Enchanted Potato §efor killing a §6Locust§e!
21:19:38 [allowed] §6[Sacks] §r§a+8§r§e items§r§e.§r§8 (Last 5s.)
21:19:38 [allowed] §cThis ability is on cooldown for 1s.
21:19:38 [allowed] §cThis ability is on cooldown for 1s.
21:19:42 [allowed] §eYou received §a9x Enchanted Hay Bale §efor killing a §6Fly§e!
21:19:48 [allowed] §6[Sacks] §r§a+9§r§e items§r§e.§r§8 (Last 5s.)
21:19:48 [allowed] §cThis ability is on cooldown for 1s.
21:19:48 [allowed] §cThis ability is on cooldown for 1s.
21:19:48 [allowed] §cThis ability is on cooldown for 1s.
21:19:53 [allowed] §eYou received §a11x Enchanted Red Mushroom §efor killing a §6Slug§e!
21:19:53 [allowed] §6§lRARE DROP! §9Enchanted Red Mushroom Block §6(§6+918☘)
21:19:57 [allowed] §aYour Garden is no longer infested and your §r§6☘ Farming Fortune §r§ahas returned to normal!
21:19:57 [allowed] §eYou received §a11x Enchanted Hay Bale §efor killing a §6Fly§e!
21:20:00 [allowed] §cThis ability is on cooldown for 1s.
21:20:01 [allowed] §cThis ability is on cooldown for 1s.
21:20:03 [allowed] §6[Sacks] §r§a+23§r§e items§r§e.§r§8 (Last 9s.)
21:20:08 [allowed] §eYou received §a11x Enchanted Hay Bale §efor killing a §6Fly§e!
21:20:12 [allowed] §cThis ability is on cooldown for 1s.
21:20:12 [allowed] §cThis ability is on cooldown for 1s.
21:20:12 [allowed] §cThis ability is on cooldown for 1s.
21:20:14 [allowed] §6[Sacks] §r§a+11§r§e items§r§e.§r§8 (Last 5s.)
21:20:14 [allowed] §cThis ability is on cooldown for 1s.
21:20:14 [allowed] §cThis ability is on cooldown for 1s.
21:20:15 [allowed] §cThis ability is on cooldown for 1s.
21:20:16 [allowed] §cThis ability is on cooldown for 1s.
21:20:17 [allowed] §eYou received §a10x Enchanted Cocoa Beans §efor killing a §6Moth§e!
21:20:20 [allowed] §cThis ability is on cooldown for 1s.
21:20:20 [allowed] §cThis ability is on cooldown for 1s.
21:20:23 [allowed] §6[Sacks] §r§a+10§r§e items§r§e.§r§8 (Last 5s.)
21:20:24 [allowed] §eYou received §a11x Enchanted Cactus Green §efor killing a §6Mite§e!
21:20:29 [allowed] §6[Sacks] §r§a+11§r§e items§r§e.§r§8 (Last 5s.)
21:20:37 [allowed] §cThere are blocks in the way!
21:20:51 [allowed] §6[Bazaar] §r§7Putting goods in escrow...
21:20:51 [allowed] §6[Bazaar] §r§7Submitting sell offer...
21:20:51 [allowed] §6[Bazaar] §r§7§r§eSell Offer Setup! §r§a3§r§7x §r§aHoney Jar §r§7for §r§66,847.6 coins§r§7.
21:21:29 [allowed] §6[Bazaar] §r§7Claiming order...
21:21:30 [allowed] §6[Bazaar] §r§7§r§7Claimed §r§a359§r§7x §r§9Enchanted Mithril §r§7worth §r§6835,070 coins §r§7bought for §r§62,326.1 §r§7each!
21:21:31 [allowed] §6[Bazaar] §r§7Cancelling order...
21:21:31 [allowed] §6[Bazaar] §r§7§r§cCancelled! §r§7Refunded §r§61,025,810 coins §r§7from cancelling Buy Order!
21:21:35 [allowed] §6[Bazaar] §r§7Putting goods in escrow...
21:21:35 [allowed] §6[Bazaar] §r§7Submitting buy order...
21:21:35 [allowed] §6[Bazaar] §r§7§r§eBuy Order Setup! §r§a441§r§7x §r§9Enchanted Mithril §r§7for §r§61,030,617 coins§r§7.
21:21:35 [allowed] §6[Bazaar] §eYour §aBuy Order §efor §a441§7x §9Enchanted Mithril §ewas filled!
21:21:40 [allowed] §6[Bazaar] §r§7Claiming order...
21:21:40 [allowed] §6[Bazaar] §r§7§r§7Claimed §r§a441§r§7x §r§9Enchanted Mithril §r§7worth §r§61,030,617 coins §r§7bought for §r§62,337 §r§7each!
21:21:41 [allowed] §6[Bazaar] §r§7Cancelling order...
21:21:41 [allowed] §6[Bazaar] §r§7§r§cCancelled! §r§7Refunded §r§a3§r§7x §r§aHoney Jar §r§7from cancelling Sell Offer!
21:21:54 [allowed] §6[Bazaar] §r§7Executing instant sell...
21:21:54 [allowed] §6[Bazaar] §r§7Sold §r§a3§r§7x §r§aHoney Jar §r§7for §r§61,985.4 coins§r§7!
21:21:59 [allowed] §7Warping...
21:21:59 [allowed] §7Sending to server mini92CU...
21:21:59 [allowed] §8 §r§8 §r§1 §r§3 §r§3 §r§7 §r§8 
21:22:00 [allowed] §aThe wind has changed direction!
21:22:03 [allowed] §aYou are playing on profile: §ePineapple
21:22:03 [allowed] §8Profile ID: cbcbcaaa-4182-4d77-bab6-b1345770fa92
21:22:31 [allowed] §aThe wind has changed direction!
21:22:56 [allowed] §cThere are blocks in the way!
21:23:00 [allowed] §a§r§6Mining Speed Boost §r§ais now available!
21:23:09 [allowed] §cThere are blocks in the way!
21:24:02 [allowed] §aThe wind has changed direction!
21:24:04 [allowed] §cThere are blocks in the way!
21:24:06 [allowed] §cThere are blocks in the way!
21:24:08 [allowed] §cThere are blocks in the way!
21:24:33 [allowed] §aThe wind has changed direction!
