11:14:57 [allowed] §f §r§r§r§f §r§r§r§1 §r§r§r§0 §r§r§r§2 §r§r§r§f §r§r§r§f §r§r§r§2 §r§r§r§0 §r§r§r§4 §r§r§r§3 §r§r§r§9 §r§r§r§2 §r§r§r§0 §r§r§r§0 §r§r§r§3 §r§r§r§9 §r§r§r§2 §r§r§r§0 §r§r§r§0 §r§r§r§3 §r§r§r§9 §r§r§r§2 §r§r§r§0 §r§r§r§0 
11:14:57 [allowed] §aYou have §b1 §aunclaimed leveling reward!
11:14:57 [allowed] §eClick here to view it!
11:14:57 [allowed] §b[MVP§e+§b] Chop00tie§f §6joined the lobby!
11:15:06 [allowed] §7Sending to server mini3CN...
11:15:07 [allowed] §8 §r§8 §r§1 §r§3 §r§3 §r§7 §r§8 
11:15:07 [allowed] §eYou haven't claimed your §r§6Summer Rewards §r§eyet!
11:15:07 [allowed] §eTalk to the §r§bSummer Sloth §r§ein the §r§aHub!
11:15:09 [allowed] 
11:15:09 [allowed] §eWelcome to §r§aHypixel SkyBlock§r§e!
11:15:09 [allowed] §6§lBONUS! §r§bTemporarily earn §r§a5% §r§bmore skill experience!
11:15:09 [allowed] 
11:15:09 [allowed] §9§n§eLatest update: §bSkyBlock v0.20.5 §e§lCLICK
11:15:10 [allowed] §aYou are playing on profile: §ePineapple
11:15:10 [allowed] §8Profile ID: cbcbcaaa-4182-4d77-bab6-b1345770fa92
11:15:14 [allowed] §7Warping...
11:15:14 [allowed] §7Sending to server mini75M...
11:15:14 [allowed] §8 §r§8 §r§1 §r§3 §r§3 §r§7 §r§8 
11:15:14 [allowed] §eYou haven't claimed your §r§6Summer Rewards §r§eyet!
11:15:14 [allowed] §eTalk to the §r§bSummer Sloth §r§ein the §r§aHub!
11:15:16 [allowed] §c ☠ §r§7§r§7marten_nbl§r§7 was killed by Zombie Villager§r§7§r§7.
11:15:17 [allowed] §aYou are playing on profile: §ePineapple
11:15:17 [allowed] §8Profile ID: cbcbcaaa-4182-4d77-bab6-b1345770fa92
11:15:30 [allowed] §8[§r§a121§r§8] §r§7Jaiswal§7§r§7: your cata level?
11:15:51 [allowed] §c ☠ §r§7§r§7marten_nbl§r§7 was killed by Zombie Villager§r§7§r§7.
11:16:15 [allowed] §a§r§6Mining Speed Boost §r§ais now available!
11:16:27 [allowed] §c ☠ §r§7§r§7marten_nbl§r§7 was killed by Zombie Villager§r§7§r§7.
11:16:55 [allowed] §c ☠ §r§7§r§7marten_nbl§r§7 was killed by Zombie Villager§r§7§r§7.
11:17:00 [allowed] §8[§r§719§r§8] §r§7♦ §r§b[MVP§a+§b] Sluxxy §aⒷ§f§r§f: marten r u ok
11:17:30 [allowed] §cOut of sync, check your internet connection!
11:17:31 [allowed] §cYou were spawned in Limbo.
11:17:31 [allowed] §b/limbo for more information.
11:17:48 [allowed] §f §r§r§r§f §r§r§r§1 §r§r§r§0 §r§r§r§2 §r§r§r§f §r§r§r§f §r§r§r§2 §r§r§r§0 §r§r§r§4 §r§r§r§3 §r§r§r§9 §r§r§r§2 §r§r§r§0 §r§r§r§0 §r§r§r§3 §r§r§r§9 §r§r§r§2 §r§r§r§0 §r§r§r§0 §r§r§r§3 §r§r§r§9 §r§r§r§2 §r§r§r§0 §r§r§r§0 
11:17:48 [allowed] §aYou have §b1 §aunclaimed leveling reward!
11:17:48 [allowed] §eClick here to view it!
11:17:52 [allowed] §b[MVP§6+§b] hyuie§f §6joined the lobby!
11:17:55 [allowed] §7Sending to server mini4BB...
11:17:55 [allowed] §8 §r§8 §r§1 §r§3 §r§3 §r§7 §r§8 
11:17:55 [allowed] §eYou haven't claimed your §r§6Summer Rewards §r§eyet!
11:17:55 [allowed] §eTalk to the §r§bSummer Sloth §r§ein the §r§aHub!
11:17:58 [allowed] 
11:17:58 [allowed] §eWelcome to §r§aHypixel SkyBlock§r§e!
11:17:58 [allowed] §6§lBONUS! §r§bTemporarily earn §r§a5% §r§bmore skill experience!
11:17:58 [allowed] 
11:17:58 [allowed] §9§n§eLatest update: §bSkyBlock v0.20.5 §e§lCLICK
11:17:59 [allowed] §aYou are playing on profile: §ePineapple
11:17:59 [allowed] §8Profile ID: cbcbcaaa-4182-4d77-bab6-b1345770fa92
11:17:59 [allowed] §cThere are blocks in the way!
11:18:58 [allowed] §cOut of sync, check your internet connection!
11:18:59 [allowed] §cYou were spawned in Limbo.
11:18:59 [allowed] §b/limbo for more information.
11:20:24 [allowed] §f §r§r§r§f §r§r§r§1 §r§r§r§0 §r§r§r§2 §r§r§r§f §r§r§r§f §r§r§r§2 §r§r§r§0 §r§r§r§4 §r§r§r§3 §r§r§r§9 §r§r§r§2 §r§r§r§0 §r§r§r§0 §r§r§r§3 §r§r§r§9 §r§r§r§2 §r§r§r§0 §r§r§r§0 §r§r§r§3 §r§r§r§9 §r§r§r§2 §r§r§r§0 §r§r§r§0 
11:20:24 [allowed] §aYou have §b1 §aunclaimed leveling reward!
11:20:24 [allowed] §eClick here to view it!
11:20:27 [allowed] §b[MVP§9+§b] ImGanyu§f §6joined the lobby!
11:21:02 [allowed] §7nupnupich§7§r§7: hi
11:21:02 [allowed]  §b>§c>§a>§r §r§6[MVP§f++§6] AngelMizu§f §6joined the lobby!§r §a<§c<§b<
11:21:02 [allowed] §7Reoyx_§7§r§7: hiiiiii
11:21:07 [allowed] §b[MVP§c+§b] YakityPak§f §6joined the lobby!
11:21:08 [allowed] §b[MVP§c+§b] PhantomClone§f §6joined the lobby!
11:21:09 [allowed] §7Sending to server mini9BU...
11:21:10 [allowed] §8 §r§8 §r§1 §r§3 §r§3 §r§7 §r§8 
11:21:10 [allowed] §eYou haven't claimed your §r§6Summer Rewards §r§eyet!
11:21:10 [allowed] §eTalk to the §r§bSummer Sloth §r§ein the §r§aHub!
11:21:12 [allowed] 
11:21:12 [allowed] §eWelcome to §r§aHypixel SkyBlock§r§e!
11:21:12 [allowed] §6§lBONUS! §r§bTemporarily earn §r§a5% §r§bmore skill experience!
11:21:12 [allowed] 
11:21:12 [allowed] §9§n§eLatest update: §bSkyBlock v0.20.5 §e§lCLICK
11:21:13 [allowed] §aYou are playing on profile: §ePineapple
11:21:13 [allowed] §8Profile ID: cbcbcaaa-4182-4d77-bab6-b1345770fa92
11:21:26 [allowed] §cThere are blocks in the way!
11:21:57 [allowed] §cOut of sync, check your internet connection!
11:21:57 [allowed] §cYou were spawned in Limbo.
11:21:57 [allowed] §b/limbo for more information.
11:22:19 [allowed] §f §r§r§r§f §r§r§r§1 §r§r§r§0 §r§r§r§2 §r§r§r§f §r§r§r§f §r§r§r§2 §r§r§r§0 §r§r§r§4 §r§r§r§3 §r§r§r§9 §r§r§r§2 §r§r§r§0 §r§r§r§0 §r§r§r§3 §r§r§r§9 §r§r§r§2 §r§r§r§0 §r§r§r§0 §r§r§r§3 §r§r§r§9 §r§r§r§2 §r§r§r§0 §r§r§r§0 
11:22:20 [allowed] §aYou have §b1 §aunclaimed leveling reward!
11:22:20 [allowed] §eClick here to view it!
11:22:24 [allowed]  §b>§c>§a>§r §r§6[MVP§5++§6] Skycron§f §6joined the lobby!§r §a<§c<§b<
11:22:24 [allowed] §7Sending to server mini9BU...
11:22:25 [allowed] §8 §r§8 §r§1 §r§3 §r§3 §r§7 §r§8 
11:22:25 [allowed] §eYou haven't claimed your §r§6Summer Rewards §r§eyet!
11:22:25 [allowed] §eTalk to the §r§bSummer Sloth §r§ein the §r§aHub!
11:22:27 [allowed] 
11:22:27 [allowed] §eWelcome to §r§aHypixel SkyBlock§r§e!
11:22:27 [allowed] §6§lBONUS! §r§bTemporarily earn §r§a5% §r§bmore skill experience!
11:22:27 [allowed] 
11:22:27 [allowed] §9§n§eLatest update: §bSkyBlock v0.20.5 §e§lCLICK
11:22:28 [allowed] §aYou are playing on profile: §ePineapple
11:22:28 [allowed] §8Profile ID: cbcbcaaa-4182-4d77-bab6-b1345770fa92
11:23:44 [allowed] §cOut of sync, check your internet connection!
11:23:44 [allowed] §cYou were spawned in Limbo.
11:23:44 [allowed] §b/limbo for more information.
11:23:49 [allowed] §f §r§r§r§f §r§r§r§1 §r§r§r§0 §r§r§r§2 §r§r§r§f §r§r§r§f §r§r§r§2 §r§r§r§0 §r§r§r§4 §r§r§r§3 §r§r§r§9 §r§r§r§2 §r§r§r§0 §r§r§r§0 §r§r§r§3 §r§r§r§9 §r§r§r§2 §r§r§r§0 §r§r§r§0 §r§r§r§3 §r§r§r§9 §r§r§r§2 §r§r§r§0 §r§r§r§0 
11:23:50 [allowed] §aYou have §b1 §aunclaimed leveling reward!
11:23:50 [allowed] §eClick here to view it!
11:23:52 [allowed] §7Sending to server mini9BU...
11:23:52 [allowed] §8 §r§8 §r§1 §r§3 §r§3 §r§7 §r§8 
11:23:52 [allowed] §eYou haven't claimed your §r§6Summer Rewards §r§eyet!
11:23:52 [allowed] §eTalk to the §r§bSummer Sloth §r§ein the §r§aHub!
11:23:54 [allowed] 
11:23:54 [allowed] §eWelcome to §r§aHypixel SkyBlock§r§e!
11:23:54 [allowed] §6§lBONUS! §r§bTemporarily earn §r§a5% §r§bmore skill experience!
11:23:54 [allowed] 
11:23:54 [allowed] §9§n§eLatest update: §bSkyBlock v0.20.5 §e§lCLICK
11:23:55 [allowed] §aYou are playing on profile: §ePineapple
11:23:55 [allowed] §8Profile ID: cbcbcaaa-4182-4d77-bab6-b1345770fa92
11:24:19 [allowed] §cThere are blocks in the way!
11:24:51 [allowed] §c ☠ §r§7§r§7Cakes_are_nice§r§7 fell into the void§r§7.
11:24:53 [allowed] §a§r§6Mining Speed Boost §r§ais now available!
11:25:25 [allowed] §8[§r§e101§r§8] §r§b[MVP§c+§b] That_SmallKid§f§r§f: wait where is the carnival
11:25:31 [allowed] §8[§r§e81§r§8] §r§b[MVP] paraphernaliia§f§r§f: ur your moms stink hole
11:25:39 [allowed] §8[§r§9318§r§8] §r§6❂ §r§b[MVP§2+§b] TodayMoon8357§f§r§f: cringe joke
11:27:38 [allowed] §cOut of sync, check your internet connection!
11:27:39 [allowed] §cYou were spawned in Limbo.
11:27:39 [allowed] §b/limbo for more information.
11:28:16 [allowed] §f §r§r§r§f §r§r§r§1 §r§r§r§0 §r§r§r§2 §r§r§r§f §r§r§r§f §r§r§r§2 §r§r§r§0 §r§r§r§4 §r§r§r§3 §r§r§r§9 §r§r§r§2 §r§r§r§0 §r§r§r§0 §r§r§r§3 §r§r§r§9 §r§r§r§2 §r§r§r§0 §r§r§r§0 §r§r§r§3 §r§r§r§9 §r§r§r§2 §r§r§r§0 §r§r§r§0 
11:28:19 [allowed] §aYou have §b1 §aunclaimed leveling reward!
11:28:19 [allowed] §eClick here to view it!
11:28:19 [allowed] §b[MVP§2+§b] 1000000ms§f §6joined the lobby!
11:28:22 [allowed] §b[MVP§c+§b] Millenassang§f §6joined the lobby!
11:28:22 [allowed] §b[MVP§f+§b] Lynel_fr§f §6joined the lobby!
11:28:26 [allowed] §b[MVP§4+§b] Virite§f §6joined the lobby!
11:28:28 [allowed] §b[MVP§4+§b] stevekpw§f §6joined the lobby!
11:28:38 [allowed] §b[MVP§2+§b] Dy_sprosium§f §6joined the lobby!
11:29:15 [allowed] §b[MVP§2+§b] ruuruuru§f §6joined the lobby!
11:29:20 [allowed] §b[MVP§9+§b] drderd_§f §6joined the lobby!
11:29:22 [allowed] §b[MVP§2+§b] x123_§f §6joined the lobby!
11:29:28 [allowed] §b[MVP§e+§b] Mall_rue§f §6joined the lobby!
11:29:28 [allowed] §b[MVP§f+§b] SEIYAN03§f §6joined the lobby!
11:29:49 [allowed] §b[MVP§c+§b] chrrliee§f §6joined the lobby!
