16:43:08 Visitor status change for '§9Seymour': NEW -> WAITING (tooltipMissingItems)
16:43:17 Visitor status change for '§9Seymour': WAITING -> REFUSED (refused)
16:43:20 Visitor status change for '§aOdawa': NEW -> WAITING (tooltipMissingItems)
16:43:22 Visitor status change for '§aOdawa': WAITING -> REFUSED (refused)
16:43:23 Visitor status change for '§9Lazy Miner': NEW -> WAITING (tooltipMissingItems)
16:43:24 Visitor status change for '§9Lazy Miner': WAITING -> REFUSED (refused)
16:43:26 Visitor status change for '§aGuy': NEW -> WAITING (tooltipMissingItems)
16:43:28 Visitor status change for '§aGuy': WAITING -> REFUSED (refused)
16:43:29 Visitor status change for '§9Bartender': NEW -> WAITING (tooltipMissingItems)
16:43:31 Visitor status change for '§9Bartender': WAITING -> REFUSED (refused)
20:53:26 Visitor status change for '§aAnita': NEW -> WAITING (tooltipMissingItems)
20:53:27 Visitor status change for '§aAnita': WAITING -> REFUSED (refused)
20:53:28 Visitor status change for '§9Grandma Wolf': NEW -> WAITING (tooltipMissingItems)
20:53:29 Visitor status change for '§9Grandma Wolf': WAITING -> REFUSED (refused)
20:53:30 Visitor status change for '§aEmissary Ceanna': NEW -> WAITING (tooltipMissingItems)
20:53:32 Visitor status change for '§aEmissary Ceanna': WAITING -> REFUSED (refused)
20:53:33 Visitor status change for '§aJamie': NEW -> WAITING (tooltipMissingItems)
20:53:35 Visitor status change for '§aJamie': WAITING -> REFUSED (refused)
20:53:36 Visitor status change for '§aDuke': NEW -> READY (tooltipClickToGive)
20:53:38 Visitor status change for '§aDuke': READY -> ACCEPTED (accepted)
21:01:54 Visitor status change for '§9Iron Forger': NEW -> WAITING (tooltipMissingItems)
21:01:56 Visitor status change for '§9Iron Forger': WAITING -> REFUSED (refused)
21:13:58 Visitor status change for '§9Old Man Garry': NEW -> WAITING (tooltipMissingItems)
21:14:02 Visitor status change for '§9Old Man Garry': WAITING -> REFUSED (refused)
