20:48:15 Visitor status change for '§6Pest Wrangler?': NEW -> WAITING (tooltipMissingItems)
20:48:18 Visitor status change for '§aLibrarian': NEW -> WAITING (tooltipMissingItems)
20:48:20 Visitor status change for '§aGuy': NEW -> WAITING (tooltipMissingItems)
20:48:22 Visitor status change for '§aRyu': NEW -> WAITING (tooltipMissingItems)
20:48:37 Visitor status change for '§aRyu': WAITING -> REFUSED (refused)
20:48:40 Visitor status change for '§9Seymour': NEW -> WAITING (tooltipMissingItems)
20:48:47 Visitor status change for '§9Seymour': WAITING -> REFUSED (refused)
20:48:54 Visitor status change for '§aGuy': WAITING -> REFUSED (refused)
20:49:19 Visitor status change for '§aLibrarian': WAITING -> READY (hasItems)
20:49:31 Visitor status change for '§6Pest Wrangler?': WAITING -> READY (hasItems)
20:49:34 Visitor status change for '§6Pest Wrangler?': READY -> ACCEPTED (accepted)
20:49:37 Visitor status change for '§aLibrarian': READY -> ACCEPTED (accepted)
20:56:41 Visitor status change for '§9Gwendolyn': NEW -> WAITING (tooltipMissingItems)
20:57:05 Visitor status change for '§9Gwendolyn': WAITING -> READY (hasItems)
20:57:07 Visitor status change for '§9Gwendolyn': READY -> ACCEPTED (accepted)
21:32:04 Visitor status change for '§aTrevor': NEW -> WAITING (tooltipMissingItems)
21:32:18 Visitor status change for '§aGuy': NEW -> WAITING (tooltipMissingItems)
21:32:20 Visitor status change for '§aAdventurer': NEW -> WAITING (tooltipMissingItems)
21:32:21 Visitor status change for '§aWeaponsmith': NEW -> WAITING (tooltipMissingItems)
21:32:22 Visitor status change for '§aLibrarian': NEW -> WAITING (tooltipMissingItems)
21:32:43 Visitor status change for '§aLibrarian': WAITING -> REFUSED (refused)
21:32:44 Visitor status change for '§aWeaponsmith': WAITING -> REFUSED (refused)
21:32:46 Visitor status change for '§aAdventurer': WAITING -> REFUSED (refused)
21:32:48 Visitor status change for '§aGuy': WAITING -> REFUSED (refused)
21:32:49 Visitor status change for '§aTrevor': WAITING -> REFUSED (refused)
21:32:52 Visitor status change for '§aAlchemist': NEW -> WAITING (tooltipMissingItems)
21:32:56 Visitor status change for '§aAlchemist': WAITING -> REFUSED (refused)
21:50:03 Visitor status change for '§6Madame Eleanor Q. Goldsworth III': NEW -> WAITING (tooltipMissingItems)
21:50:14 Visitor status change for '§dMaeve': NEW -> WAITING (tooltipMissingItems)
21:50:50 Visitor status change for '§dMaeve': WAITING -> READY (hasItems)
21:50:52 Visitor status change for '§dMaeve': READY -> ACCEPTED (accepted)
21:50:54 Visitor status change for '§9Lumina': NEW -> WAITING (tooltipMissingItems)
21:50:58 Visitor status change for '§9Lumina': WAITING -> REFUSED (refused)
21:51:00 Visitor status change for '§aFear Mongerer': NEW -> WAITING (tooltipMissingItems)
21:51:03 Visitor status change for '§aFear Mongerer': WAITING -> REFUSED (refused)
21:51:04 Visitor status change for '§9Emissary Sisko': NEW -> WAITING (tooltipMissingItems)
21:52:01 Visitor status change for '§9Emissary Sisko': WAITING -> REFUSED (refused)
21:54:03 Visitor status change for '§6Madame Eleanor Q. Goldsworth III': WAITING -> READY (hasItems)
21:56:26 Visitor status change for '§6Madame Eleanor Q. Goldsworth III': READY -> ACCEPTED (accepted)
21:57:06 Visitor status change for '§aGuy': NEW -> WAITING (tooltipMissingItems)
21:57:08 Visitor status change for '§aGuy': WAITING -> REFUSED (refused)
22:12:18 Visitor status change for '§6Pest Wrangler?': NEW -> WAITING (tooltipMissingItems)
22:12:31 Visitor status change for '§6Pest Wrangler?': WAITING -> READY (hasItems)
22:12:32 Visitor status change for '§6Pest Wrangler?': READY -> ACCEPTED (accepted)
22:45:49 Visitor status change for '§aTerry': NEW -> READY (tooltipClickToGive)
22:45:53 Visitor status change for '§aTerry': READY -> ACCEPTED (accepted)
22:45:54 Visitor status change for '§9Tammy': NEW -> WAITING (tooltipMissingItems)
22:45:56 Visitor status change for '§9Tammy': WAITING -> REFUSED (refused)
22:45:57 Visitor status change for '§aShaggy': NEW -> READY (tooltipClickToGive)
22:45:59 Visitor status change for '§aShaggy': READY -> ACCEPTED (accepted)
22:46:00 Visitor status change for '§aStella': NEW -> WAITING (tooltipMissingItems)
22:46:04 Visitor status change for '§aStella': WAITING -> REFUSED (refused)
22:46:05 Visitor status change for '§9Zog': NEW -> WAITING (tooltipMissingItems)
22:46:09 Visitor status change for '§9Zog': WAITING -> REFUSED (refused)
22:46:10 Visitor status change for '§aFriendly Hiker': NEW -> WAITING (tooltipMissingItems)
22:46:14 Visitor status change for '§aFriendly Hiker': WAITING -> REFUSED (refused)
22:57:36 Visitor status change for '§aLeo': NEW -> WAITING (tooltipMissingItems)
22:57:41 Visitor status change for '§aLeo': WAITING -> REFUSED (refused)
23:08:41 Visitor status change for '§aGuy': NEW -> WAITING (tooltipMissingItems)
23:08:44 Visitor status change for '§aGuy': WAITING -> REFUSED (refused)
23:38:12 Visitor status change for '§aEmissary Fraiser': NEW -> WAITING (tooltipMissingItems)
23:38:13 Visitor status change for '§aDuke': NEW -> WAITING (tooltipMissingItems)
23:38:17 Visitor status change for '§aDuke': WAITING -> REFUSED (refused)
23:38:20 Visitor status change for '§aEmissary Fraiser': WAITING -> REFUSED (refused)
23:38:22 Visitor status change for '§9Grandma Wolf': NEW -> WAITING (tooltipMissingItems)
23:38:26 Visitor status change for '§9Grandma Wolf': WAITING -> REFUSED (refused)
23:38:29 Visitor status change for '§aJacob': NEW -> READY (tooltipClickToGive)
23:38:32 Visitor status change for '§aJacob': READY -> ACCEPTED (accepted)
23:38:42 Visitor status change for '§aStella': NEW -> WAITING (tooltipMissingItems)
23:38:48 Visitor status change for '§aStella': WAITING -> REFUSED (refused)
23:38:49 Visitor status change for '§aTerry': NEW -> WAITING (tooltipMissingItems)
23:38:57 Visitor status change for '§aTerry': WAITING -> REFUSED (refused)
