20:48:41 Removed old visitor: '§aRyu'
20:48:52 Removed old visitor: '§9Seymour'
20:48:58 Removed old visitor: '§aGuy'
20:49:40 Removed old visitor: '§6Pest Wrangler?'
20:49:40 Removed old visitor: '§aLibrarian'
20:57:10 Removed old visitor: '§9Gwendolyn'
21:32:46 Removed old visitor: '§aLibrarian'
21:32:49 Removed old visitor: '§aAdventurer'
21:32:49 Removed old visitor: '§aWeaponsmith'
21:32:52 Removed old visitor: '§aGuy'
21:32:55 Removed old visitor: '§aTrevor'
21:33:01 Removed old visitor: '§aAlchemist'
21:50:57 Removed old visitor: '§dMaeve'
21:51:03 Removed old visitor: '§9Lumina'
21:51:06 Removed old visitor: '§aFear Mongerer'
21:52:06 Removed old visitor: '§9Emissary Sisko'
21:56:30 Removed old visitor: '§6Madame Eleanor Q. Goldsworth III'
21:57:12 Removed old visitor: '§aGuy'
22:12:38 Removed old visitor: '§6Pest Wrangler?'
22:45:57 Removed old visitor: '§aTerry'
22:46:00 Removed old visitor: '§9Tammy'
22:46:03 Removed old visitor: '§aShaggy'
22:46:09 Removed old visitor: '§aStella'
22:46:12 Removed old visitor: '§9Zog'
22:46:18 Removed old visitor: '§aFriendly Hiker'
22:57:46 Removed old visitor: '§aLeo'
23:08:50 Removed old visitor: '§aGuy'
23:38:22 Removed old visitor: '§aDuke'
23:38:25 Removed old visitor: '§aEmissary Fraiser'
23:38:31 Removed old visitor: '§9Grandma Wolf'
23:38:37 Removed old visitor: '§aJacob'
23:38:52 Removed old visitor: '§aStella'
23:39:01 Removed old visitor: '§aTerry'
