07:02:20 Trying to load config from config\skyhanni\config.json
07:02:20 load-config-now
07:02:21 Loaded config from file
07:02:21 Trying to load sacks from config\skyhanni\sacks.json
07:02:21 load-sacks-now
07:02:21 Loaded sacks from file
07:02:21 Trying to load friends from config\skyhanni\friends.json
07:02:21 load-friends-now
07:02:21 Loaded friends from file
07:02:21 Trying to load known_features from config\skyhanni\known_features.json
07:02:21 load-known_features-now
07:02:21 Loaded known_features from file
07:02:21 Trying to load jacob_contests from config\skyhanni\jacob_contests.json
07:02:21 load-jacob_contests-now
07:02:21 Loaded jacob_contests from file
07:02:21 Trying to load visual_words from config\skyhanni\visual_words.json
07:02:21 Setting visual_words to be blank as it did not exist. It will be saved once something is written to it
07:03:21 saveConfig: auto-save-60s
07:03:21 Saving config file
07:04:00 saveConfig: Updated known feature flags
07:04:00 Saving known_features file
07:04:21 saveConfig: auto-save-60s
07:04:21 Saving config file
07:05:21 saveConfig: auto-save-60s
07:05:21 Saving config file
07:06:21 saveConfig: auto-save-60s
07:06:21 Saving config file
07:06:31 saveConfig: shutdown-hook
07:06:31 Saving config file
