11:02:55 
11:02:55 blocked link because:
11:02:55 isGuiScreen
11:02:55 isNotInSignAndOnSlot
11:02:55 
11:02:55 
11:02:55 blocked link because:
11:02:55 isGuiScreen
11:02:55 isNotInSignAndOnSlot
11:02:55 
11:02:55 
11:02:55 blocked link because:
11:02:55 isGuiScreen
11:02:55 isNotInSignAndOnSlot
11:02:55 
11:02:55 
11:02:55 blocked link because:
11:02:55 isGuiScreen
11:02:55 isNotInSignAndOnSlot
11:02:55 
11:02:55 
11:02:55 blocked link because:
11:02:55 isNotInSignAndOnSlot
11:02:55 
11:02:55 
11:02:55 blocked link because:
11:02:55 isNotInSignAndOnSlot
11:02:55 
11:02:55 
11:02:55 blocked link because:
11:02:55 isNotInSignAndOnSlot
11:02:55 
11:02:55 
11:02:55 blocked link because:
11:02:55 isNotInSignAndOnSlot
11:02:55 
11:02:55 allowed click
11:02:55 allowed click
11:02:55 allowed click
11:02:55 allowed click
11:02:55 allowed click
11:02:55 allowed click
11:02:55 allowed click
11:02:55 allowed click
11:02:55 allowed click
11:02:55 allowed click
11:02:55 allowed click
11:02:55 allowed click
11:02:55 allowed click
11:02:55 allowed click
11:02:55 allowed click
11:02:55 allowed click
11:02:55 allowed click
11:02:55 allowed click
11:02:55 allowed click
11:02:55 allowed click
11:02:55 allowed click
11:02:55 allowed click
11:02:55 allowed click
11:02:55 allowed click
11:02:55 allowed click
11:02:55 allowed click
11:02:55 allowed click
11:02:55 allowed click
11:02:55 allowed click
11:02:55 allowed click
11:02:55 allowed click
11:02:55 allowed click
11:02:55 allowed click
11:02:55 allowed click
11:02:55 allowed click
11:02:55 allowed click
11:02:55 allowed click
11:02:55 allowed click
11:02:55 allowed click
11:02:55 allowed click
11:02:55 allowed click
11:02:55 allowed click
11:02:55 allowed click
11:02:55 allowed click
11:02:55 allowed click
11:02:55 allowed click
11:02:55 allowed click
11:02:55 allowed click
11:02:55 allowed click
11:02:55 allowed click
11:02:55 allowed click
11:02:55 allowed click
11:02:55 allowed click
11:02:55 allowed click
11:02:56 allowed click
11:02:56 allowed click
11:02:56 allowed click
11:02:56 allowed click
11:02:56 allowed click
11:02:56 allowed click
11:02:56 allowed click
11:02:56 allowed click
11:02:56 allowed click
11:02:56 allowed click
11:02:56 allowed click
11:02:56 allowed click
11:02:56 allowed click
11:02:56 allowed click
11:02:56 allowed click
11:02:56 allowed click
11:02:56 allowed click
11:02:56 allowed click
11:02:56 allowed click
11:02:56 allowed click
11:02:56 allowed click
11:02:56 allowed click
11:02:56 allowed click
11:02:56 allowed click
11:02:56 allowed click
11:02:56 allowed click
11:02:56 allowed click
11:02:56 allowed click
11:02:56 allowed click
11:02:56 allowed click
11:02:56 allowed click
11:02:56 allowed click
11:02:56 allowed click
11:02:56 allowed click
11:02:56 allowed click
11:02:56 allowed click
11:02:56 allowed click
11:02:56 allowed click
11:02:56 allowed click
11:02:56 allowed click
11:02:56 allowed click
11:02:56 allowed click
11:02:56 allowed click
11:02:56 allowed click
11:02:56 allowed click
11:02:56 allowed click
11:02:56 allowed click
11:02:56 allowed click
11:02:56 allowed click
11:02:56 allowed click
11:02:56 allowed click
11:02:56 allowed click
11:02:56 allowed click
11:02:56 allowed click
11:02:56 allowed click
11:02:56 allowed click
11:02:56 allowed click
11:02:56 allowed click
11:02:56 allowed click
11:02:56 allowed click
11:02:56 allowed click
11:02:56 allowed click
11:02:56 allowed click
11:02:56 allowed click
11:02:56 allowed click
11:02:56 allowed click
11:02:56 allowed click
11:02:56 allowed click
11:02:56 allowed click
11:02:56 allowed click
11:02:56 allowed click
11:02:56 allowed click
11:02:56 allowed click
11:02:56 allowed click
13:25:04 
13:25:04 blocked link because:
13:25:04 isGuiScreen
13:25:04 isNotInSignAndOnSlot
13:25:04 
13:25:04 
13:25:04 blocked link because:
13:25:04 isGuiScreen
13:25:04 isNotInSignAndOnSlot
13:25:04 
13:45:28 
13:45:28 blocked link because:
13:45:28 isGuiScreen
13:45:28 isNotInSignAndOnSlot
13:45:28 
13:45:28 
13:45:28 blocked link because:
13:45:28 isGuiScreen
13:45:28 isNotInSignAndOnSlot
13:45:28 
13:51:20 
13:51:20 blocked link because:
13:51:20 isGuiScreen
13:51:20 isNotInSignAndOnSlot
13:51:20 
13:51:20 
13:51:20 blocked link because:
13:51:20 isGuiScreen
13:51:20 isNotInSignAndOnSlot
13:51:20 
14:03:22 
14:03:22 blocked link because:
14:03:22 isGuiScreen
14:03:22 isNotInSignAndOnSlot
14:03:22 
14:03:22 
14:03:22 blocked link because:
14:03:22 isGuiScreen
14:03:22 isNotInSignAndOnSlot
14:03:22 
14:03:22 
14:03:22 blocked link because:
14:03:22 isGuiScreen
14:03:22 isNotInSignAndOnSlot
14:03:22 
14:03:22 
14:03:22 blocked link because:
14:03:22 isGuiScreen
14:03:22 isNotInSignAndOnSlot
14:03:22 
14:03:22 
14:03:22 blocked link because:
14:03:22 isGuiScreen
14:03:22 isNotInSignAndOnSlot
14:03:22 
14:03:22 
14:03:22 blocked link because:
14:03:22 isGuiScreen
14:03:22 isNotInSignAndOnSlot
14:03:22 
14:03:22 
14:03:22 blocked link because:
14:03:22 isGuiScreen
14:03:22 isNotInSignAndOnSlot
14:03:22 
14:03:22 
14:03:22 blocked link because:
14:03:22 isGuiScreen
14:03:22 isNotInSignAndOnSlot
14:03:22 
14:03:50 
14:03:50 blocked link because:
14:03:50 isGuiScreen
14:03:50 isNotInSignAndOnSlot
14:03:50 
14:03:50 
14:03:50 blocked link because:
14:03:50 isGuiScreen
14:03:50 isNotInSignAndOnSlot
14:03:50 
14:03:51 
14:03:51 blocked link because:
14:03:51 isGuiScreen
14:03:51 isNotInSignAndOnSlot
14:03:51 
14:03:51 
14:03:51 blocked link because:
14:03:51 isGuiScreen
14:03:51 isNotInSignAndOnSlot
14:03:51 
16:09:42 allowed click
16:09:42 allowed click
16:09:42 allowed click
16:09:42 allowed click
16:09:43 allowed click
16:09:43 allowed click
16:09:43 allowed click
16:09:43 allowed click
16:09:43 allowed click
16:09:43 allowed click
16:09:43 allowed click
16:09:43 allowed click
16:09:43 allowed click
16:09:43 allowed click
16:09:43 allowed click
16:09:43 allowed click
16:09:43 allowed click
16:09:43 allowed click
16:09:43 allowed click
16:09:43 allowed click
16:09:43 allowed click
16:09:43 allowed click
16:09:43 allowed click
16:09:43 allowed click
16:09:43 allowed click
16:09:43 allowed click
16:09:43 allowed click
16:09:43 allowed click
16:09:43 allowed click
16:09:44 allowed click
16:09:44 allowed click
16:09:44 allowed click
16:09:44 allowed click
16:09:44 allowed click
16:09:44 allowed click
16:09:44 allowed click
16:09:44 allowed click
16:09:44 allowed click
16:09:44 allowed click
16:09:44 allowed click
16:09:44 allowed click
16:09:44 allowed click
16:09:44 allowed click
16:09:44 allowed click
16:09:44 allowed click
16:09:44 allowed click
16:09:44 allowed click
16:09:44 allowed click
16:09:44 allowed click
16:09:44 allowed click
16:09:44 allowed click
16:09:44 allowed click
16:09:44 allowed click
16:09:44 allowed click
16:09:44 allowed click
16:09:44 allowed click
16:09:44 allowed click
16:09:44 allowed click
22:43:49 allowed click
22:43:49 allowed click
22:43:49 allowed click
22:43:49 allowed click
22:43:49 allowed click
22:43:49 allowed click
22:43:49 allowed click
22:43:49 allowed click
22:43:49 allowed click
22:43:49 allowed click
22:43:49 allowed click
22:43:49 allowed click
22:43:49 allowed click
22:43:49 allowed click
22:43:49 allowed click
22:43:49 allowed click
22:43:49 allowed click
22:43:49 allowed click
22:43:49 allowed click
22:43:49 allowed click
22:43:49 allowed click
22:43:49 allowed click
22:43:49 allowed click
22:43:49 allowed click
22:43:49 allowed click
22:43:49 allowed click
22:43:49 allowed click
22:43:49 allowed click
22:43:49 allowed click
22:43:49 allowed click
22:43:49 allowed click
22:43:49 allowed click
22:43:49 allowed click
22:43:49 allowed click
22:43:50 allowed click
22:43:50 allowed click
22:43:50 allowed click
22:43:50 allowed click
22:43:50 allowed click
22:43:50 allowed click
22:43:50 allowed click
22:43:50 allowed click
22:43:50 allowed click
22:43:50 allowed click
22:43:50 allowed click
22:43:50 allowed click
22:43:50 allowed click
22:43:50 allowed click
22:43:50 allowed click
22:43:50 allowed click
22:43:50 allowed click
22:43:50 allowed click
22:43:50 allowed click
22:43:50 allowed click
22:43:50 allowed click
22:43:50 allowed click
22:43:50 allowed click
22:43:50 allowed click
22:43:50 allowed click
22:43:50 allowed click
22:43:50 allowed click
22:43:50 allowed click
22:43:50 allowed click
22:43:50 allowed click
22:43:50 allowed click
22:43:50 allowed click
22:43:50 allowed click
22:43:50 allowed click
22:43:50 allowed click
22:43:50 allowed click
22:43:50 allowed click
22:43:50 allowed click
22:43:50 allowed click
22:43:50 allowed click
22:43:50 allowed click
22:43:50 allowed click
22:43:50 allowed click
22:43:50 allowed click
22:43:50 allowed click
22:43:50 allowed click
22:43:50 allowed click
22:43:50 allowed click
22:43:50 allowed click
22:43:50 allowed click
22:43:50 allowed click
22:43:50 allowed click
22:43:50 allowed click
22:43:50 allowed click
22:43:50 allowed click
22:43:50 allowed click
22:43:50 allowed click
22:43:50 allowed click
22:43:50 allowed click
22:43:50 allowed click
22:43:50 allowed click
22:43:50 allowed click
22:43:50 allowed click
22:43:50 allowed click
22:43:50 allowed click
22:43:50 allowed click
22:43:50 allowed click
22:43:50 allowed click
22:43:50 allowed click
22:43:50 allowed click
22:43:50 allowed click
22:43:50 allowed click
22:43:50 allowed click
22:43:50 allowed click
22:43:50 allowed click
22:43:50 allowed click
22:43:50 allowed click
22:43:50 allowed click
22:43:50 allowed click
22:43:50 allowed click
22:43:50 allowed click
22:43:50 allowed click
22:43:50 allowed click
22:43:50 allowed click
22:43:50 allowed click
22:43:50 allowed click
22:43:50 allowed click
22:43:50 allowed click
22:43:50 allowed click
22:43:50 allowed click
22:43:50 allowed click
22:43:50 allowed click
22:43:50 allowed click
22:43:50 allowed click
22:43:50 allowed click
22:43:50 allowed click
22:43:50 allowed click
22:43:50 allowed click
22:43:50 allowed click
22:43:50 allowed click
22:43:50 allowed click
22:43:50 allowed click
22:43:50 allowed click
22:43:50 allowed click
22:43:50 allowed click
22:43:50 allowed click
22:43:50 allowed click
22:43:50 allowed click
22:43:50 allowed click
22:43:50 allowed click
22:43:50 allowed click
22:43:50 allowed click
22:43:50 allowed click
22:43:50 allowed click
22:43:50 allowed click
22:43:50 allowed click
22:43:50 allowed click
22:43:50 allowed click
22:43:50 allowed click
22:43:50 allowed click
22:43:50 allowed click
22:43:50 allowed click
22:43:50 
22:43:50 blocked link because:
22:43:50 isGuiScreen
22:43:50 
22:43:50 
22:43:50 blocked link because:
22:43:50 isGuiScreen
22:43:50 
22:43:51 
22:43:51 blocked link because:
22:43:51 isGuiScreen
22:43:51 
22:43:51 
22:43:51 blocked link because:
22:43:51 isGuiScreen
22:43:51 
22:43:51 
22:43:51 blocked link because:
22:43:51 isGuiScreen
22:43:51 
22:43:51 
22:43:51 blocked link because:
22:43:51 isGuiScreen
22:43:51 
00:05:30 allowed click
00:05:30 allowed click
00:05:30 allowed click
00:05:30 allowed click
00:05:30 allowed click
00:05:30 allowed click
00:05:30 allowed click
00:05:30 allowed click
00:05:30 allowed click
00:05:30 allowed click
00:05:30 allowed click
00:05:30 allowed click
00:05:30 allowed click
00:05:30 allowed click
00:05:30 allowed click
00:05:30 allowed click
00:05:30 allowed click
00:05:30 allowed click
00:05:30 allowed click
00:05:30 allowed click
00:05:30 allowed click
00:05:30 allowed click
00:05:30 allowed click
00:05:30 allowed click
00:05:30 allowed click
00:05:30 allowed click
00:05:30 allowed click
00:05:30 allowed click
00:05:30 allowed click
00:05:30 allowed click
00:05:30 allowed click
00:05:30 allowed click
00:05:30 allowed click
00:05:30 allowed click
00:05:30 allowed click
00:05:30 allowed click
00:08:15 allowed click
00:08:15 allowed click
00:08:15 allowed click
00:08:15 allowed click
00:08:15 allowed click
00:08:15 allowed click
00:08:15 allowed click
00:08:15 allowed click
00:08:15 allowed click
00:08:15 allowed click
00:08:15 allowed click
00:08:15 allowed click
00:08:15 allowed click
00:08:15 allowed click
00:08:15 allowed click
00:08:15 allowed click
00:08:15 allowed click
00:08:15 allowed click
00:08:15 allowed click
00:08:15 allowed click
00:08:15 allowed click
00:08:15 allowed click
00:08:15 allowed click
00:08:15 allowed click
00:08:15 allowed click
00:08:15 allowed click
00:08:15 allowed click
00:08:15 allowed click
00:08:15 allowed click
00:08:15 allowed click
00:08:15 allowed click
00:08:15 allowed click
00:08:15 allowed click
00:08:15 allowed click
