20:42:01 §a§r§aEmissary Ceanna §r§ehas arrived on your §r§bGarden§r§e!
20:51:02 §9§r§9Iron Forger §r§ehas arrived on your §r§bGarden§r§e!
21:00:02 §9§r§9Puzzler §r§ehas arrived on your §r§bGarden§r§e!
21:09:03 §9§r§9Bartender §r§ehas arrived on your §r§bGarden§r§e!
21:15:01 §a§r§aLeo §r§ehas arrived on your §r§bGarden§r§e!
21:18:03 §9§r§9Vinyl Collector §r§ehas arrived on your §r§bGarden§r§e!
21:21:07 §6§r§6Beth §r§ehas arrived on your §r§bGarden§r§e!
21:24:10 §a§r§aMason §r§ehas arrived on your §r§bGarden§r§e!
21:44:36 §a§r§aHungry Hiker §r§ehas arrived on your §r§bGarden§r§e!
21:53:37 §a§r§aAdventurer §r§ehas arrived on your §r§bGarden§r§e!
22:02:37 §d§r§dMaeve §r§ehas arrived on your §r§bGarden§r§e!
22:11:38 §a§r§aAlchemist §r§ehas arrived on your §r§bGarden§r§e!
22:51:12 §9§r§9Grandma Wolf §r§ehas arrived on your §r§bGarden§r§e!
23:00:12 §a§r§aJacob §r§ehas arrived on your §r§bGarden§r§e!
23:05:12 §a§r§aFisherman §r§ehas arrived on your §r§bGarden§r§e!
23:08:27 §a§r§aLibrarian §r§ehas arrived on your §r§bGarden§r§e!
23:11:31 §a§r§aWizard §r§ehas arrived on your §r§bGarden§r§e!
23:15:19 §a§r§aTerry §r§ehas arrived on your §r§bGarden§r§e!
23:24:20 §a§r§aGeonathan Greatforge §r§ehas arrived on your §r§bGarden§r§e!
23:33:21 §a§r§aJacob §r§ehas arrived on your §r§bGarden§r§e!
