09:18:00 Trying to load config from config\skyhanni\config.json
09:18:00 load-config-now
09:18:01 Loaded config from file
09:18:01 Trying to load sacks from config\skyhanni\sacks.json
09:18:01 load-sacks-now
09:18:01 Loaded sacks from file
09:18:01 Trying to load friends from config\skyhanni\friends.json
09:18:01 load-friends-now
09:18:01 Loaded friends from file
09:18:01 Trying to load known_features from config\skyhanni\known_features.json
09:18:01 load-known_features-now
09:18:01 Loaded known_features from file
09:18:01 Trying to load jacob_contests from config\skyhanni\jacob_contests.json
09:18:01 load-jacob_contests-now
09:18:01 Loaded jacob_contests from file
09:18:01 Trying to load visual_words from config\skyhanni\visual_words.json
09:18:01 Setting visual_words to be blank as it did not exist. It will be saved once something is written to it
09:19:01 saveConfig: auto-save-60s
09:19:01 Saving config file
09:19:39 saveConfig: Updated known feature flags
09:19:39 Saving known_features file
09:20:01 saveConfig: auto-save-60s
09:20:01 Saving config file
09:21:01 saveConfig: auto-save-60s
09:21:01 Saving config file
09:22:01 saveConfig: auto-save-60s
09:22:01 Saving config file
09:23:01 saveConfig: auto-save-60s
09:23:01 Saving config file
09:24:01 saveConfig: auto-save-60s
09:24:01 Saving config file
09:25:01 saveConfig: auto-save-60s
09:25:01 Saving config file
09:26:01 saveConfig: auto-save-60s
09:26:01 Saving config file
09:27:01 saveConfig: auto-save-60s
09:27:01 Saving config file
09:28:01 saveConfig: auto-save-60s
09:28:01 Saving config file
09:29:01 saveConfig: auto-save-60s
09:29:01 Saving config file
09:30:01 saveConfig: auto-save-60s
09:30:01 Saving config file
09:31:01 saveConfig: auto-save-60s
09:31:01 Saving config file
09:32:01 saveConfig: auto-save-60s
09:32:01 Saving config file
09:33:01 saveConfig: auto-save-60s
09:33:01 Saving config file
09:34:01 saveConfig: auto-save-60s
09:34:01 Saving config file
09:35:01 saveConfig: auto-save-60s
09:35:01 Saving config file
09:36:01 saveConfig: auto-save-60s
09:36:01 Saving config file
09:37:01 saveConfig: auto-save-60s
09:37:01 Saving config file
09:38:01 saveConfig: auto-save-60s
09:38:01 Saving config file
09:39:01 saveConfig: auto-save-60s
09:39:01 Saving config file
09:40:01 saveConfig: auto-save-60s
09:40:01 Saving config file
09:41:01 saveConfig: auto-save-60s
09:41:01 Saving config file
09:42:01 saveConfig: auto-save-60s
09:42:01 Saving config file
09:43:01 saveConfig: auto-save-60s
09:43:01 Saving config file
09:44:01 saveConfig: auto-save-60s
09:44:01 Saving config file
09:45:01 saveConfig: auto-save-60s
09:45:01 Saving config file
09:46:01 saveConfig: auto-save-60s
09:46:01 Saving config file
09:47:01 saveConfig: auto-save-60s
09:47:01 Saving config file
09:48:01 saveConfig: auto-save-60s
09:48:01 Saving config file
09:49:01 saveConfig: auto-save-60s
09:49:01 Saving config file
09:50:01 saveConfig: auto-save-60s
09:50:01 Saving config file
09:51:01 saveConfig: auto-save-60s
09:51:01 Saving config file
09:52:01 saveConfig: auto-save-60s
09:52:01 Saving config file
09:53:01 saveConfig: auto-save-60s
09:53:01 Saving config file
09:54:01 saveConfig: auto-save-60s
09:54:01 Saving config file
09:55:01 saveConfig: auto-save-60s
09:55:01 Saving config file
09:56:01 saveConfig: auto-save-60s
09:56:01 Saving config file
09:57:01 saveConfig: auto-save-60s
09:57:01 Saving config file
09:58:01 saveConfig: auto-save-60s
09:58:01 Saving config file
09:59:01 saveConfig: auto-save-60s
09:59:01 Saving config file
10:00:01 saveConfig: auto-save-60s
10:00:01 Saving config file
10:01:01 saveConfig: auto-save-60s
10:01:01 Saving config file
10:02:01 saveConfig: auto-save-60s
10:02:01 Saving config file
10:03:01 saveConfig: auto-save-60s
10:03:01 Saving config file
10:04:01 saveConfig: auto-save-60s
10:04:01 Saving config file
10:05:01 saveConfig: auto-save-60s
10:05:01 Saving config file
10:06:01 saveConfig: auto-save-60s
10:06:01 Saving config file
10:07:01 saveConfig: auto-save-60s
10:07:01 Saving config file
10:08:01 saveConfig: auto-save-60s
10:08:01 Saving config file
10:09:01 saveConfig: auto-save-60s
10:09:01 Saving config file
10:10:01 saveConfig: auto-save-60s
10:10:01 Saving config file
10:11:01 saveConfig: auto-save-60s
10:11:01 Saving config file
10:12:01 saveConfig: auto-save-60s
10:12:01 Saving config file
10:13:01 saveConfig: auto-save-60s
10:13:01 Saving config file
10:14:01 saveConfig: auto-save-60s
10:14:01 Saving config file
10:15:01 saveConfig: auto-save-60s
10:15:01 Saving config file
10:16:01 saveConfig: auto-save-60s
10:16:01 Saving config file
10:17:01 saveConfig: auto-save-60s
10:17:01 Saving config file
10:18:01 saveConfig: auto-save-60s
10:18:01 Saving config file
10:19:01 saveConfig: auto-save-60s
10:19:01 Saving config file
10:20:01 saveConfig: auto-save-60s
10:20:01 Saving config file
10:21:01 saveConfig: auto-save-60s
10:21:01 Saving config file
10:22:01 saveConfig: auto-save-60s
10:22:01 Saving config file
10:23:01 saveConfig: auto-save-60s
10:23:01 Saving config file
10:24:01 saveConfig: auto-save-60s
10:24:01 Saving config file
10:25:01 saveConfig: auto-save-60s
10:25:01 Saving config file
10:26:01 saveConfig: auto-save-60s
10:26:01 Saving config file
10:27:01 saveConfig: auto-save-60s
10:27:01 Saving config file
10:28:01 saveConfig: auto-save-60s
10:28:01 Saving config file
10:28:52 saveConfig: saving-data
10:28:52 Saving sacks file
10:29:01 saveConfig: auto-save-60s
10:29:01 Saving config file
10:29:12 saveConfig: saving-data
10:29:12 Saving sacks file
10:29:42 saveConfig: saving-data
10:29:42 Saving sacks file
10:30:00 saveConfig: saving-data
10:30:00 Saving sacks file
10:30:01 saveConfig: auto-save-60s
10:30:01 Saving config file
10:30:17 saveConfig: saving-data
10:30:17 Saving sacks file
10:30:26 saveConfig: saving-data
10:30:26 Saving sacks file
10:30:33 saveConfig: saving-data
10:30:33 Saving sacks file
10:30:41 saveConfig: saving-data
10:30:41 Saving sacks file
10:31:01 saveConfig: auto-save-60s
10:31:01 Saving config file
10:31:16 saveConfig: saving-data
10:31:16 Saving sacks file
10:31:47 saveConfig: saving-data
10:31:47 Saving sacks file
10:32:01 saveConfig: auto-save-60s
10:32:01 Saving config file
10:32:07 saveConfig: saving-data
10:32:07 Saving sacks file
10:33:01 saveConfig: auto-save-60s
10:33:01 Saving config file
10:34:01 saveConfig: auto-save-60s
10:34:01 Saving config file
10:35:01 saveConfig: auto-save-60s
10:35:01 Saving config file
10:36:01 saveConfig: auto-save-60s
10:36:01 Saving config file
10:37:01 saveConfig: auto-save-60s
10:37:01 Saving config file
10:38:01 saveConfig: auto-save-60s
10:38:01 Saving config file
10:38:55 saveConfig: saving-data
10:38:55 Saving sacks file
10:39:01 saveConfig: auto-save-60s
10:39:01 Saving config file
10:39:02 saveConfig: saving-data
10:39:02 Saving sacks file
10:39:41 saveConfig: saving-data
10:39:41 Saving sacks file
10:40:01 saveConfig: auto-save-60s
10:40:01 Saving config file
10:41:01 saveConfig: auto-save-60s
10:41:01 Saving config file
10:41:42 saveConfig: close-gui
10:41:42 Saving config file
10:41:42 saveConfig: close-gui
10:41:42 Saving config file
10:42:01 saveConfig: auto-save-60s
10:42:01 Saving config file
10:42:30 saveConfig: saving-data
10:42:30 Saving sacks file
10:43:01 saveConfig: auto-save-60s
10:43:01 Saving config file
10:43:04 saveConfig: saving-data
10:43:04 Saving sacks file
10:43:15 saveConfig: saving-data
10:43:15 Saving sacks file
10:43:40 saveConfig: saving-data
10:43:40 Saving sacks file
10:44:01 saveConfig: auto-save-60s
10:44:01 Saving config file
10:45:01 saveConfig: auto-save-60s
10:45:01 Saving config file
10:46:01 saveConfig: auto-save-60s
10:46:01 Saving config file
10:47:01 saveConfig: auto-save-60s
10:47:01 Saving config file
10:48:01 saveConfig: auto-save-60s
10:48:01 Saving config file
10:49:01 saveConfig: auto-save-60s
10:49:01 Saving config file
10:50:01 saveConfig: auto-save-60s
10:50:01 Saving config file
10:51:01 saveConfig: auto-save-60s
10:51:01 Saving config file
10:52:01 saveConfig: auto-save-60s
10:52:01 Saving config file
10:53:01 saveConfig: auto-save-60s
10:53:01 Saving config file
10:54:01 saveConfig: auto-save-60s
10:54:01 Saving config file
10:55:01 saveConfig: auto-save-60s
10:55:01 Saving config file
10:55:07 saveConfig: saving-data
10:55:07 Saving sacks file
10:55:51 saveConfig: saving-data
10:55:51 Saving sacks file
10:56:01 saveConfig: auto-save-60s
10:56:01 Saving config file
10:57:01 saveConfig: auto-save-60s
10:57:01 Saving config file
10:58:01 saveConfig: auto-save-60s
10:58:01 Saving config file
10:59:01 saveConfig: auto-save-60s
10:59:01 Saving config file
11:00:01 saveConfig: auto-save-60s
11:00:01 Saving config file
11:01:01 saveConfig: auto-save-60s
11:01:01 Saving config file
11:02:01 saveConfig: auto-save-60s
11:02:01 Saving config file
11:03:01 saveConfig: auto-save-60s
11:03:01 Saving config file
11:04:01 saveConfig: auto-save-60s
11:04:01 Saving config file
11:05:01 saveConfig: auto-save-60s
11:05:01 Saving config file
11:06:01 saveConfig: auto-save-60s
11:06:01 Saving config file
11:07:01 saveConfig: auto-save-60s
11:07:01 Saving config file
11:08:01 saveConfig: auto-save-60s
11:08:01 Saving config file
11:09:01 saveConfig: auto-save-60s
11:09:01 Saving config file
11:10:01 saveConfig: auto-save-60s
11:10:01 Saving config file
11:11:01 saveConfig: auto-save-60s
11:11:01 Saving config file
11:11:06 saveConfig: shutdown-hook
11:11:06 Saving config file
