22:49:11 [allowed] §f §r§r§r§f §r§r§r§1 §r§r§r§0 §r§r§r§2 §r§r§r§f §r§r§r§f §r§r§r§2 §r§r§r§0 §r§r§r§4 §r§r§r§3 §r§r§r§9 §r§r§r§2 §r§r§r§0 §r§r§r§0 §r§r§r§3 §r§r§r§9 §r§r§r§2 §r§r§r§0 §r§r§r§0 §r§r§r§3 §r§r§r§9 §r§r§r§2 §r§r§r§0 §r§r§r§0 
22:49:11 [allowed] §aYou have §b2 §aunclaimed leveling rewards!
22:49:11 [allowed] §eClick here to view them!
22:49:11 [allowed] §b[MVP§c+§b] RobMakesPlayz§f §6joined the lobby!
22:49:11 [allowed] §b[MVP§c+§b] jonny1996§f §6joined the lobby!
22:49:12 [allowed]   §r§f§l➤ §r§6You have reached your Hype limit! Add Hype to Prototype Lobby minigames by right-clicking with the Hype Diamond!
22:49:13 [allowed] §b[MVP§c+§b] WIKEVAGYOK§f §6joined the lobby!
22:49:19 [allowed] §b[MVP§6+§b] Shreklslife§f §6joined the lobby!
22:49:20 [allowed] §b[MVP§6+§b] Cazares§f §6joined the lobby!
22:49:20 [allowed] §7Sending to server mini190AB...
22:49:20 [allowed] §b[MVP§0+§b] Rcbi§f §6joined the lobby!
22:49:21 [allowed] §8 §r§8 §r§1 §r§3 §r§3 §r§7 §r§8 
22:49:23 [allowed] 
22:49:23 [allowed] §eWelcome to §r§aHypixel SkyBlock§r§e!
22:49:23 [allowed] 
22:49:23 [allowed] §eLatest update: §bSkyBlock v0.20.5 §e§lCLICK
22:49:24 [allowed] §aYou are playing on profile: §ePineapple
22:49:24 [allowed] §8Profile ID: cbcbcaaa-4182-4d77-bab6-b1345770fa92
22:50:21 [allowed] §a§r§6Mining Speed Boost §r§ais now available!
22:55:40 [allowed] §aYou have just received §r§6278,491 coins §r§aas interest in your personal bank account!
22:55:54 [allowed] §eThe §r§aTraveling Zoo §r§eis visiting the §r§bSkyBlock Hub§r§e!
22:55:54 [allowed] §e§lCLICK HERE §eto shop for §6exotic pets§e!
23:04:35 [allowed] §8[§r§9281§r§8] §r§b§lᛝ §r§a[VIP§r§6+§r§a] HotBaconWasTaken§r§f: a
23:05:35 [allowed] §7Warping...
23:05:35 [allowed] §7Sending to server mini67DW...
23:05:36 [allowed] §8 §r§8 §r§1 §r§3 §r§3 §r§7 §r§8 
23:05:37 [allowed] §8[§r§727§r§8] §r§7MisterCactus1900§7§r§7: click hear
23:05:39 [allowed] §aYou are playing on profile: §ePineapple
23:05:39 [allowed] §8Profile ID: cbcbcaaa-4182-4d77-bab6-b1345770fa92
23:05:42 [allowed] §aOringo §r§ebrought exotic pets for sale at the hub plaza, in front of the §r§dFlower House§r§e!
23:05:54 [allowed] §8[§r§727§r§8] §r§7MisterCactus1900§7§r§7: then +
23:06:12 [allowed] §8[§r§727§r§8] §r§7MisterCactus1900§7§r§7: click on your item
23:06:36 [allowed] §a§r§6Mining Speed Boost §r§ais now available!
23:07:01 [allowed] §8[§r§f46§r§8] §r§7✧ §r§a[VIP] WITHERERROR§f§r§f: i dont c +
23:07:16 [allowed] §8[§r§727§r§8] §r§7MisterCactus1900§7§r§7: sorry
23:07:20 [allowed] §8[§r§f46§r§8] §r§7✧ §r§a[VIP] WITHERERROR§f§r§f: ??
23:08:00 [allowed] §8[§r§f46§r§8] §r§7✧ §r§a[VIP] WITHERERROR§f§r§f: ?
23:08:21 [allowed] §8[§r§727§r§8] §r§7MisterCactus1900§7§r§7: um just click on your carecter then click on your item
23:08:50 [allowed] §8[§r§f46§r§8] §r§7✧ §r§a[VIP] WITHERERROR§f§r§f: figured it out
23:12:49 [allowed] §d§lTIME TOWER! §r§7Your §r§6Chocolate Factory §r§7production has increased by §r§6+0.1x §r§7for §r§a1h§r§7!
23:13:18 [allowed] §8Depositing coins...
23:13:18 [allowed] §aYou have deposited §r§63.9M coins§r§a! You now have §r§622M coins §r§ain your account!
23:13:40 [allowed] §cThere are blocks in the way!
23:13:41 [allowed] §7Sending to server mini225K...
23:13:42 [allowed] §8 §r§8 §r§1 §r§3 §r§3 §r§7 §r§8 
23:13:42 [allowed] §d§lINFUSED! §r§7Used your free dimensional infusion!
23:13:42 [allowed] §8If this was unintended, you can leave at no cost whatsoever.
23:13:42 [allowed] §c ☠ §r§7§r§bigotskill2497§r§7 fell into the void§r§7.
23:13:45 [allowed] §aYou are playing on profile: §ePineapple
23:13:45 [allowed] §8Profile ID: cbcbcaaa-4182-4d77-bab6-b1345770fa92
23:13:53 [allowed] §eYou used §r§a§r§a6m23s ф Rift Time §r§eto teleport to §r§eDreadfarm§r§e!
23:13:54 [allowed] §5§l▬▬▬▬▬▬▬▬▬▬▬▬▬▬▬▬▬▬▬▬▬▬▬▬▬▬▬▬▬▬▬▬▬▬▬▬▬▬▬▬▬▬▬▬▬▬▬▬▬▬▬▬▬▬▬▬▬▬▬▬▬▬▬▬
23:13:54 [allowed]   §r§d§lRIFT INSTABILITY WARNING
23:13:54 [allowed]     §r§7Venturing in the §r§dRift §r§7breaches spacetime.
23:13:54 [allowed]     §r§7You have §r§a34m27sф §r§7left before the rift collapses!
23:13:54 [allowed]     §r§8Your dimensional infusion has been consumed!
23:13:54 [allowed] §5§l▬▬▬▬▬▬▬▬▬▬▬▬▬▬▬▬▬▬▬▬▬▬▬▬▬▬▬▬▬▬▬▬▬▬▬▬▬▬▬▬▬▬▬▬▬▬▬▬▬▬▬▬▬▬▬▬▬▬▬▬▬▬▬▬
23:13:55 [allowed] §5§lORB! §r§dPicked up §r§5+25 Motes§r§d, recovered §r§a+2ф Rift Time§r§d!
23:14:03 [allowed] §7§oYou need a special wand to harvest this!
23:14:03 [allowed] §7§oYou need a special wand to harvest this!
23:14:07 [allowed] §5§lORB! §r§dPicked up §r§5+25 Motes§r§d, recovered §r§a+2ф Rift Time§r§d!
23:14:27 [allowed] §5§lORB! §r§dPicked up §r§5+25 Motes§r§d, recovered §r§a+2ф Rift Time§r§d!
23:14:48 [allowed] §c ☠ §r§7§r§bColegold§r§7 was killed by Riftstalker Bloodfiend§r§7§r§7.
23:15:28 [allowed] §5§lORB! §r§dPicked up §r§5+25 Motes§r§d, recovered §r§a+2ф Rift Time§r§d!
23:16:09 [allowed] §c ☠ §r§7§r§bDee2254§r§7 fell into the void§r§7.
23:17:00 [allowed] §c ☠ §r§7§r§anotchcraft360§r§7 was killed by Riftstalker Bloodfiend§r§7§r§7.
23:17:47 [allowed] §c ☠ §r§7§r§bDee2254§r§7 fell into the void§r§7.
23:18:15 [allowed] §c ☠ §r§7§r§bWalKinG_§r§7 was killed by Riftstalker Bloodfiend§r§7§r§7.
23:19:50 [allowed] §c ☠ §r§7§r§bDee2254§r§7 fell into the void§r§7.
23:20:14 [allowed] §c ☠ §r§7§r§aLilBakso§r§7 was killed by Riftstalker Bloodfiend§r§7§r§7.
23:20:46 [allowed] §c ☠ §r§7§r§bDee2254§r§7 fell into the void§r§7.
23:21:04 [allowed] §b[MVP§r§c+§r§b] xpetric§r§f §r§eclaimed the §r§fMirrorverse §r§ereward! §r§fgg§r§e!
23:21:26 [allowed] §c ☠ §r§7§r§aLilBakso§r§7 died§r§7.
23:21:41 [allowed] §5§lORB! §r§dPicked up §r§5+25 Motes§r§d, recovered §r§a+2ф Rift Time§r§d!
23:22:32 [allowed] §c ☠ §r§7§r§bZhertero_MP§r§7 fell into the void§r§7.
23:25:23 [allowed] §c ☠ §r§7§r§aLilBakso§r§7 died§r§7.
23:26:19 [allowed] §c ☠ §r§7§r§aLilBakso§r§7 was killed by §r§4Splatter§r§7§r§7.
23:26:48 [allowed] §d§lRIFTASTIC! §r§a[VIP§r§6+§r§a] burntbustybread§r§f §r§ehas secured §r§cmrahcemiT esrevrorriM §r§einto their gallery! §r§6gg§r§e!
23:27:28 [allowed] §d§lRIFTASTIC! §r§7mivoligo§r§7 §r§ehas secured §r§cmrahcemiT esrevrorriM §r§einto their gallery! §r§6gg§r§e!
23:27:35 [allowed] §d§lRIFTASTIC! §r§7mivoligo§r§7 §r§ehas secured §r§cChicken N Egg Timecharm §r§einto their gallery! §r§6gg§r§e!
23:28:53 [allowed] §8[§r§f75§r§8] §r§6▒ §r§7Dragantia42§7§r§7: bacte?
23:29:02 [allowed] §c ☠ §r§7§r§aLilBakso§r§7 was killed by Riftstalker Bloodfiend§r§7§r§7.
23:29:54 [allowed] §5§lORB! §r§dPicked up §r§5+25 Motes§r§d, recovered §r§a+2ф Rift Time§r§d!
23:32:06 [allowed] §5§lORB! §r§dPicked up §r§5+25 Motes§r§d, recovered §r§a+2ф Rift Time§r§d!
23:32:41 [allowed] §5§lORB! §r§dPicked up §r§5+25 Motes§r§d, recovered §r§a+2ф Rift Time§r§d!
23:33:19 [allowed] §5§lORB! §r§dPicked up §r§5+25 Motes§r§d, recovered §r§a+2ф Rift Time§r§d!
23:38:16 [allowed] §c ☠ §r§7§r§aFlamey88§r§7 fell into the void§r§7.
23:38:34 [allowed] §c ☠ §r§7§r§aFlamey88§r§7 fell into the void§r§7.
23:38:40 [allowed] §c ☠ §r§7§r§aFlamey88§r§7 fell into the void§r§7.
23:38:48 [allowed] §c ☠ §r§7§r§aFlamey88§r§7 fell into the void§r§7.
23:38:56 [allowed] §d§lRIFTASTIC! §r§b[MVP§r§6+§r§b] Maxvous§r§f §r§ehas secured §r§cSkyBlock Citizen Timecharm §r§einto their gallery! §r§6gg§r§e!
23:39:02 [allowed] §c ☠ §r§7§r§aFlamey88§r§7 fell into the void§r§7.
23:39:12 [allowed] §c ☠ §r§7§r§aFlamey88§r§7 fell into the void§r§7.
23:40:13 [allowed] §c ☠ §r§7§r§aHoodedSilence§r§7 was killed by Riftstalker Bloodfiend§r§7§r§7.
23:42:30 [allowed] §8[§r§2176§r§8] §r§7§lᛝ §r§b[MVP§2+§b] bow_and_arrow§f§r§f: hi
23:43:39 [allowed] §c ☠ §r§7§r§aFlamey88§r§7 died§r§7.
23:45:00 [allowed] §d§lRIFTASTIC! §r§b[MVP§r§f+§r§b] Briguy0313§r§f §r§ehas secured §r§cSupreme Timecharm §r§einto their gallery! §r§6gg§r§e!
23:46:48 [allowed] §c ☠ §r§7§r§bIccy306§r§7 died§r§7.
23:48:32 [allowed] §eYou used §r§a§r§a5s ф Rift Time §r§eto teleport to §r§dWizard Tower§r§e!
23:48:47 [allowed] §5§l▬▬▬▬▬▬▬▬▬▬▬▬▬▬▬▬▬▬▬▬▬▬▬▬▬▬▬▬▬▬▬▬▬▬▬▬▬▬▬▬▬▬▬▬▬▬▬▬▬▬▬▬▬▬▬▬▬▬▬▬▬▬▬▬
23:48:47 [allowed]   §r§d§lTHE RIFT IS COLLAPSING
23:48:47 [allowed]     §r§7You only have §r§a10ф seconds §r§7left before you are sent back
23:48:47 [allowed]     §r§7to the Wizard in the SkyBlock Hub!
23:48:47 [allowed] §5§l▬▬▬▬▬▬▬▬▬▬▬▬▬▬▬▬▬▬▬▬▬▬▬▬▬▬▬▬▬▬▬▬▬▬▬▬▬▬▬▬▬▬▬▬▬▬▬▬▬▬▬▬▬▬▬▬▬▬▬▬▬▬▬▬
23:48:58 [allowed] §d§lRIFTASTIC! §r§6[MVP§r§9++§r§6] G4nner§r§f §r§ehas secured §r§cLiving Timecharm §r§einto their gallery! §r§6gg§r§e!
23:48:58 [allowed] §7Sending back to hub...
23:48:59 [allowed] §7Sending to server mini89CR...
23:48:59 [allowed] §8 §r§8 §r§1 §r§3 §r§3 §r§7 §r§8 
23:49:02 [allowed] §aYou are playing on profile: §ePineapple
23:49:02 [allowed] §8Profile ID: cbcbcaaa-4182-4d77-bab6-b1345770fa92
23:49:05 [allowed] §aOringo §r§ebrought exotic pets for sale at the hub plaza, in front of the §r§dFlower House§r§e!
23:49:17 [allowed] §6[Bazaar] §r§7Putting goods in escrow...
23:49:17 [allowed] §6[Bazaar] §r§7Submitting sell offer...
23:49:17 [allowed] §6[Bazaar] §r§7§r§eSell Offer Setup! §r§a4§r§7x §r§9Berberis Fuel Injector §r§7for §r§612,114,578 coins§r§7.
23:49:24 [allowed] §7Warping...
23:49:24 [allowed] §7Sending to server mini98CB...
23:49:25 [allowed] §8 §r§8 §r§1 §r§3 §r§3 §r§7 §r§8 
23:49:28 [allowed] §aYou are playing on profile: §ePineapple
23:49:28 [allowed] §8Profile ID: cbcbcaaa-4182-4d77-bab6-b1345770fa92
23:49:36 [allowed] §8Withdrawing coins...
23:49:36 [allowed] §aYou have withdrawn §r§62M coins§r§a! You now have §r§620M coins §r§ain your account!
23:49:37 [allowed] §a§l▬▬▬▬▬▬▬▬▬▬▬▬▬▬▬▬▬▬▬▬▬▬▬▬▬▬▬▬▬▬▬▬▬▬▬▬▬▬▬▬▬▬▬▬▬▬▬▬▬▬▬▬▬▬▬▬▬▬▬▬▬▬▬▬
23:49:37 [allowed] §f                    §r§d§lBETTER TOGETHER STARTED!
23:49:37 [allowed] §f                           §r§7Passive Active Event
23:49:37 [allowed] §f                                        
23:49:37 [allowed] §f     The Better Together festival is underway! Dwarves love
23:49:37 [allowed] §f§r§f   working together, and this event celebrates friendship and
23:49:37 [allowed] §f§r§f                             jolly cooperation.
23:49:37 [allowed] §a§l▬▬▬▬▬▬▬▬▬▬▬▬▬▬▬▬▬▬▬▬▬▬▬▬▬▬▬▬▬▬▬▬▬▬▬▬▬▬▬▬▬▬▬▬▬▬▬▬▬▬▬▬▬▬▬▬▬▬▬▬▬▬▬▬
23:49:38 [allowed] §7§oYou can hear cooperative chattering coming from town…
23:49:38 [allowed] §7§oThe Better Together festival is active for 20 minutes!
23:49:45 [allowed] §6[Bazaar] §r§c§r§cYou cannot afford this!
23:49:54 [allowed] §6[Bazaar] §r§7Cancelling order...
23:49:54 [allowed] §6[Bazaar] §r§7§r§cCancelled! §r§7Refunded §r§a4§r§7x §r§9Berberis Fuel Injector §r§7from cancelling Sell Offer!
23:49:56 [allowed] §6[Bazaar] §r§7Putting goods in escrow...
23:49:56 [allowed] §6[Bazaar] §r§7Submitting sell offer...
23:49:56 [allowed] §6[Bazaar] §r§7§r§eSell Offer Setup! §r§a4§r§7x §r§9Berberis Fuel Injector §r§7for §r§612,114,578 coins§r§7.
23:50:00 [allowed] §8Withdrawing coins...
23:50:00 [allowed] §aYou have withdrawn §r§6200k coins§r§a! You now have §r§619M coins §r§ain your account!
23:50:08 [allowed] §6[Bazaar] §r§7Executing instant buy...
23:50:08 [allowed] §6[Bazaar] §r§7Bought §r§a10§r§7x §r§9Enchanted Diamond Block §r§7for §r§62,045,358 coins§r§7!
23:50:25 [allowed] §a§r§6Mining Speed Boost §r§ais now available!
23:50:46 [allowed] §cThis process is still running!
23:52:04 [allowed] §6[Bazaar] §r§7Cancelling order...
23:52:04 [allowed] §6[Bazaar] §r§7§r§cCancelled! §r§7Refunded §r§a4§r§7x §r§9Berberis Fuel Injector §r§7from cancelling Sell Offer!
23:52:06 [allowed] §6[Bazaar] §r§7Putting goods in escrow...
23:52:06 [allowed] §6[Bazaar] §r§7Submitting sell offer...
23:52:06 [allowed] §6[Bazaar] §r§7§r§eSell Offer Setup! §r§a4§r§7x §r§9Berberis Fuel Injector §r§7for §r§612,114,577 coins§r§7.
23:53:18 [allowed] §6[Bazaar] §r§7Cancelling order...
23:53:18 [allowed] §6[Bazaar] §r§7§r§cCancelled! §r§7Refunded §r§a4§r§7x §r§9Berberis Fuel Injector §r§7from cancelling Sell Offer!
23:53:20 [allowed] §6[Bazaar] §r§7Putting goods in escrow...
23:53:20 [allowed] §6[Bazaar] §r§7Submitting sell offer...
23:53:20 [allowed] §6[Bazaar] §r§7§r§eSell Offer Setup! §r§a4§r§7x §r§9Berberis Fuel Injector §r§7for §r§612,114,576 coins§r§7.
23:53:52 [allowed] §cThere are blocks in the way!
23:54:27 [allowed] §5§l✯ §r§eA §r§5Fallen Star §r§ehas crashed at §r§bFar Reserve§r§e! Nearby ore and Powder drops are amplified!
23:55:00 [allowed] §bNew day! §r§eYour §r§2Sky Mall §r§ebuff changed!
23:55:00 [allowed] §eNew buff§r§r§r: §r§fGain §r§a+100 §r§6⸕ Mining Speed§r§f.
23:58:15 [allowed] §cThere are blocks in the way!
23:58:15 [allowed] §cThere are blocks in the way!
23:58:16 [allowed] §cThere are blocks in the way!
23:58:20 [allowed] §cThere are blocks in the way!
23:58:20 [allowed] §cThere are blocks in the way!
23:58:47 [allowed] §6The sound of pickaxes clashing against the rock has attracted the attention of the §r§6§lPOWDER GHAST!
23:58:47 [allowed] §eFind the §r§6Powder Ghast§r§e near the §r§bCliffside Veins§r§e!
00:01:25 [allowed] §f
00:01:25 [allowed] §4[WATCHDOG ANNOUNCEMENT]
00:01:25 [allowed] §fWatchdog has banned §r§c§l12,842§r§f players in the last 7 days.
00:01:25 [allowed] §fStaff have banned an additional §r§c§l11,925§r§f in the last 7 days.
00:01:25 [allowed] §cBlacklisted modifications are a bannable offense!
00:01:25 [allowed] §c
00:02:30 [allowed] §7Warping...
00:02:30 [allowed] §7Sending to server mini78M...
00:02:31 [allowed] §8 §r§8 §r§1 §r§3 §r§3 §r§7 §r§8 
00:02:34 [allowed] §aYou are playing on profile: §ePineapple
00:02:34 [allowed] §8Profile ID: cbcbcaaa-4182-4d77-bab6-b1345770fa92
00:03:31 [allowed] §a§r§6Mining Speed Boost §r§ais now available!
00:06:06 [allowed] §cThere are blocks in the way!
00:07:04 [allowed] §cThere are blocks in the way!
00:08:32 [allowed] §c ☠ §r§7You fell into the void§r§7.
00:09:24 [allowed] §cThere are blocks in the way!
00:10:24 [allowed] §cAbilities can not be used in the Carnival area.
00:14:10 [allowed] §8[§r§f59§r§8] §r§7☃ §r§7Febro654§7§r§7: can anyone give me 2m
00:14:38 [allowed] §cThere are blocks in the way!
00:15:06 [allowed] §e[NPC] Jacob§f: §rMy contest has started!
00:15:06 [allowed] §cThere are blocks in the way!
00:15:37 [allowed] §e[NPC] Scoop§f: §r§fI love the snow!
00:15:38 [allowed] §e[NPC] Scoop§f: §r§fI've got the perfect tool to make your island a winter wonderland!
00:15:46 [allowed] §cThere are blocks in the way!
00:16:07 [allowed] §cThere are blocks in the way!
00:16:11 [allowed] §cThere are blocks in the way!
00:16:18 [allowed] §cThere are blocks in the way!
00:18:14 [allowed] §cThere are blocks in the way!
00:18:30 [allowed] §cThere are blocks in the way!
00:18:35 [allowed] §cThere are blocks in the way!
00:18:51 [allowed] §7Warping...
00:18:52 [allowed] §7Sending to server mini194K...
00:18:52 [allowed] §8 §r§8 §r§1 §r§3 §r§3 §r§7 §r§8 
00:18:54 [allowed] §6§lGROSS! §7While you were offline, §6Pests §7spawned in §aPlots §r§b4§r§7, §r§b2§r§7 and §r§b7§r§r§7!
00:18:54 [allowed] §7Click on a plots name in chat to teleport to it!
00:18:55 [allowed] §cThere are blocks in the way!
00:18:55 [allowed] §aYou are playing on profile: §ePineapple
00:18:55 [allowed] §8Profile ID: cbcbcaaa-4182-4d77-bab6-b1345770fa92
00:19:26 [allowed] §cThere are blocks in the way!
00:19:28 [allowed] §cThere are blocks in the way!
00:19:30 [allowed] §cThere are blocks in the way!
00:19:52 [allowed] §a§r§6Mining Speed Boost §r§ais now available!
00:20:36 [allowed] §cThere are blocks in the way!
00:20:41 [allowed] §cThere are blocks in the way!
00:20:51 [allowed] §cThere are blocks in the way!
00:26:16 [allowed] §8Withdrawing coins...
00:26:16 [allowed] §aYou have withdrawn §r§61M coins§r§a! You now have §r§618M coins §r§ain your account!
00:27:16 [allowed] §8Withdrawing coins...
00:27:16 [allowed] §aYou have withdrawn §r§67M coins§r§a! You now have §r§611M coins §r§ain your account!
00:27:27 [allowed] §6[Bazaar] §r§7Putting goods in escrow...
00:27:27 [allowed] §6[Bazaar] §r§7Submitting buy order...
00:27:27 [allowed] §6[Bazaar] §r§7§r§eBuy Order Setup! §r§a95§r§7x §r§9Glacite Jewel §r§7for §r§67,008,720 coins§r§7.
00:30:04 [allowed] §8Depositing coins...
00:30:04 [allowed] §aYou have deposited §r§61.1M coins§r§a! You now have §r§612M coins §r§ain your account!
00:30:45 [allowed] §eYou received §a5x Enchanted Hay Bale §efor killing a §6Fly§e!
00:30:50 [allowed] §6[Sacks] §r§a+5§r§e items§r§e.§r§8 (Last 5s.)
00:30:56 [allowed] §eYou received §a5x Enchanted Hay Bale §efor killing a §6Fly§e!
00:31:01 [allowed] §6[Sacks] §r§a+5§r§e items§r§e.§r§8 (Last 5s.)
00:31:20 [allowed] §cThis ability is on cooldown for 1s.
00:31:26 [allowed] §eYou received §a6x Enchanted Melon §efor killing an §6Earthworm§e!
00:31:26 [allowed] §6§lRARE DROP! §9Enchanted Melon Block §6(§6+478☘)
00:31:31 [allowed] §6[Sacks] §r§a+7§r§e items§r§e.§r§8 (Last 5s.)
00:31:41 [allowed] §6[Bazaar] §r§7Claiming order...
00:31:41 [allowed] §6[Bazaar] §r§7§r§7Claimed §r§a35§r§7x §r§9Glacite Jewel §r§7worth §r§62,582,160 coins §r§7bought for §r§673,776 §r§7each!
00:31:42 [allowed] §6[Bazaar] §r§7Cancelling order...
00:31:42 [allowed] §6[Bazaar] §r§7§r§cCancelled! §r§7Refunded §r§a4§r§7x §r§9Berberis Fuel Injector §r§7from cancelling Sell Offer!
00:31:44 [allowed] §6[Bazaar] §r§7Putting goods in escrow...
00:31:44 [allowed] §6[Bazaar] §r§7Submitting sell offer...
00:31:44 [allowed] §6[Bazaar] §r§7§r§eSell Offer Setup! §r§a4§r§7x §r§9Berberis Fuel Injector §r§7for §r§612,114,564 coins§r§7.
00:33:11 [allowed] §6§lGROSS! §7A §6Pest §7has appeared in §aPlot §7- §b14§7!
00:33:11 [allowed]   §r§e§lCLICK HERE §eto teleport to the plot!
00:33:37 [allowed] §6[Sacks] §r§a+12,322§r§e items§r§e, §r§c-575§r§e items§r§e.§r§8 (Last 30s.)
00:34:08 [allowed] §6[Sacks] §r§a+13,183§r§e items§r§e, §r§c-619§r§e items§r§e.§r§8 (Last 30s.)
00:34:38 [allowed] §6[Sacks] §r§a+7,644§r§e items§r§e, §r§c-391§r§e items§r§e.§r§8 (Last 30s.)
00:34:44 [allowed] §aYour §r§6Golden Dragon §r§aleveled up to level §r§9169§r§a!
00:34:55 [allowed] §c§lYour inventory is full!
00:35:00 [allowed] §e[NPC] Jacob§r§f: The Farming Contest is over!
00:35:00 [allowed] §e[NPC] Jacob§r§f: Let me count the final results eh?
00:35:02 [allowed] §6[Sacks] §r§a+5,015§r§e items§r§e, §r§c-333§r§e items§r§e.§r§8 (Last 24s.)
00:35:03 [allowed] §e[NPC] Jacob§f: §rYou placed in the §c§lBRONZE §fbracket in the §aWheat Contest§f!
00:35:05 [allowed] §6[Bazaar] §r§7Executing instant sell...
00:35:05 [allowed] §6[Bazaar] §r§cThe Buy Orders for this item changed too much!
00:35:05 [allowed] §6[Bazaar] §r§cSeems like a volatile market!
00:35:05 [allowed] §7Checking escrow for recent transaction...
00:35:05 [allowed]  
00:35:05 [allowed] §f               §7You have §314,806 §7materials stashed away!
00:35:05 [allowed] §f               §8(This totals 1 type of material stashed!)
00:35:05 [allowed] §f                §3§l>>> §3§lCLICK HERE§b to pick them up! §3§l<<<
00:35:05 [allowed]   
00:35:05 [allowed] §eEscrow refunded §r§716,086x §r§fWheat§r§e!
00:35:05 [allowed] §6[Bazaar] §r§7Sold §r§a154§r§7x §r§fGold Ingot §r§7for §r§6308.0 coins§r§7!
00:35:05 [allowed] §6[Bazaar] §r§7Sold §r§a247§r§7x §r§aRevenant Flesh §r§7for §r§68,990.8 coins§r§7!
00:35:05 [allowed] §6[Bazaar] §r§7Sold §r§a170§r§7x §r§fNetherrack §r§7for §r§634.0 coins§r§7!
00:35:05 [allowed] §6[Bazaar] §r§7Sold §r§a602§r§7x §r§fRotten Flesh §r§7for §r§61,565.2 coins§r§7!
00:35:05 [allowed] §6[Bazaar] §r§7Sold §r§a6§r§7x §r§fRaw Fish §r§7for §r§6116.4 coins§r§7!
00:35:05 [allowed] §6[Bazaar] §r§7Sold §r§a20,160§r§7x §r§fSeeds §r§7for §r§624,192 coins§r§7!
00:35:05 [allowed] §6[Bazaar] §r§7Sold §r§a78§r§7x §r§9Magmafish §r§7for §r§623,065 coins§r§7!
00:35:05 [allowed] §6[Bazaar] §r§7Sold §r§a1§r§7x §r§fBone §r§7for §r§65.6 coins§r§7!
00:35:05 [allowed] §6[Bazaar] §r§7Sold §r§a81§r§7x §r§aEnchanted Hay Bale §r§7for §r§6622,226 coins§r§7!
00:35:05 [allowed] §6[Bazaar] §r§7Sold §r§a1§r§7x §r§aCompost §r§7for §r§616,750 coins§r§7!
00:35:05 [allowed] §6[Bazaar] §r§7Sold §r§a25§r§7x §r§aGreen Candy §r§7for §r§658,517 coins§r§7!
00:35:05 [allowed] §6[Bazaar] §r§7Sold §r§a3§r§7x §r§fPotato §r§7for §r§64.2 coins§r§7!
00:35:05 [allowed] §6[Bazaar] §r§7Sold §r§a1§r§7x §r§9Ancient Claw §r§7for §r§6157.5 coins§r§7!
00:35:05 [allowed] §6[Bazaar] §r§7Sold §r§a11§r§7x §r§aEnchanted Cocoa Beans §r§7for §r§66,194.1 coins§r§7!
00:35:05 [allowed] §6[Bazaar] §r§7Sold §r§a1§r§7x §r§9Enchanted Melon Block §r§7for §r§650,366 coins§r§7!
00:35:05 [allowed] §6[Bazaar] §r§7Sold §r§a3§r§7x §r§fCarrot §r§7for §r§64.8 coins§r§7!
00:35:05 [allowed] §6[Bazaar] §r§7Sold §r§a6§r§7x §r§aEnchanted Melon §r§7for §r§61,850.4 coins§r§7!
00:35:05 [allowed] §6[Bazaar] §r§7Sold §r§a12§r§7x §r§fMagma Cream §r§7for §r§6207.6 coins§r§7!
00:35:05 [allowed] §6[Bazaar] §r§7Sold §r§a6§r§7x §r§aEnchanted Brown Mushroom §r§7for §r§69,187.2 coins§r§7!
00:35:05 [allowed] §6[Bazaar] §r§7Sold §r§a10§r§7x §r§aEnchanted Cactus Green §r§7for §r§68,577 coins§r§7!
00:35:05 [allowed] §6[Bazaar] §r§7Sold §r§a2§r§7x §r§fPoisonous Potato §r§7for §r§66.0 coins§r§7!
00:35:06 [allowed] §e[NPC] Jacob§f: §rYou collected §e29,046 §fitems!
00:35:11 [allowed] §6[Sacks] §r§c-37,666§r§e items§r§e.§r§8 (Last 5s.)
00:35:19 [allowed] Unknown command. Type "/help" for help. ('recippe hay')
00:35:53 [allowed] §6[Sacks] §r§a+405§r§e items§r§e.§r§8 (Last 5s.)
00:35:57 [allowed] §cYou don't have the ingredients required to craft even one of those!
00:35:58 [allowed] §cYou are missing some ingredients to execute this Supercraft!
00:35:58 [allowed]  
00:35:58 [allowed] §f               §7You have §314,806 §7materials stashed away!
00:35:58 [allowed] §f               §8(This totals 1 type of material stashed!)
00:35:58 [allowed] §f                §3§l>>> §3§lCLICK HERE§b to pick them up! §3§l<<<
00:35:58 [allowed]   
00:36:07 [allowed] §eFrom stash: §r§fWheat
00:36:07 [allowed] §eFrom stash: §r§fWheat
00:36:07 [allowed] §eFrom stash: §r§fWheat
00:36:07 [allowed] §eFrom stash: §r§fWheat
00:36:07 [allowed] §eFrom stash: §r§fWheat
00:36:07 [allowed] §eFrom stash: §r§fWheat
00:36:07 [allowed] §eFrom stash: §r§fWheat
00:36:07 [allowed] §eFrom stash: §r§fWheat
00:36:07 [allowed] §eFrom stash: §r§fWheat
00:36:07 [allowed] §eFrom stash: §r§fWheat
00:36:07 [allowed] §eFrom stash: §r§fWheat
00:36:07 [allowed] §eFrom stash: §r§fWheat
00:36:07 [allowed] §eFrom stash: §r§fWheat
00:36:07 [allowed] §eFrom stash: §r§fWheat
00:36:07 [allowed] §eFrom stash: §r§fWheat
00:36:07 [allowed] §eFrom stash: §r§fWheat
00:36:07 [allowed] §eFrom stash: §r§fWheat
00:36:07 [allowed] §eFrom stash: §r§fWheat
00:36:07 [allowed] §eFrom stash: §r§fWheat
00:36:07 [allowed] §eFrom stash: §r§fWheat
00:36:07 [allowed] §eFrom stash: §r§fWheat
00:36:07 [allowed] §eFrom stash: §r§fWheat
00:36:07 [allowed] §eFrom stash: §r§fWheat
00:36:07 [allowed] §eFrom stash: §r§fWheat
00:36:07 [allowed] §eYou picked up §r§a1536 §r§eitems from your material stash!
00:36:07 [allowed] §eYou still have §a13,270 materials §etotalling §b1 §etypes of materials in there!
00:36:09 [allowed] §cCommand Failed: This command is on cooldown! Try again in §r§6about a second§r§c!
00:36:10 [allowed] §eFrom stash: §r§fWheat
00:36:10 [allowed] §eFrom stash: §r§fWheat
00:36:10 [allowed] §eFrom stash: §r§fWheat
00:36:10 [allowed] §eFrom stash: §r§fWheat
00:36:10 [allowed] §eFrom stash: §r§fWheat
00:36:10 [allowed] §eFrom stash: §r§fWheat
00:36:10 [allowed] §eFrom stash: §r§fWheat
00:36:10 [allowed] §eFrom stash: §r§fWheat
00:36:10 [allowed] §eFrom stash: §r§fWheat
00:36:10 [allowed] §eFrom stash: §r§fWheat
00:36:10 [allowed] §eFrom stash: §r§fWheat
00:36:10 [allowed] §eFrom stash: §r§fWheat
00:36:10 [allowed] §eFrom stash: §r§fWheat
00:36:10 [allowed] §eFrom stash: §r§fWheat
00:36:10 [allowed] §eFrom stash: §r§fWheat
00:36:10 [allowed] §eFrom stash: §r§fWheat
00:36:10 [allowed] §eFrom stash: §r§fWheat
00:36:10 [allowed] §eFrom stash: §r§fWheat
00:36:10 [allowed] §eFrom stash: §r§fWheat
00:36:10 [allowed] §eFrom stash: §r§fWheat
00:36:10 [allowed] §eFrom stash: §r§fWheat
00:36:10 [allowed] §eFrom stash: §r§fWheat
00:36:10 [allowed] §eFrom stash: §r§fWheat
00:36:10 [allowed] §eYou picked up §r§a138 §r§eitems from your material stash!
00:36:10 [allowed] §eYou still have §a11,798 materials §etotalling §b1 §etypes of materials in there!
00:36:14 [allowed] §eFrom stash: §r§fWheat
00:36:14 [allowed] §eFrom stash: §r§fWheat
00:36:14 [allowed] §eFrom stash: §r§fWheat
00:36:14 [allowed] §eFrom stash: §r§fWheat
00:36:14 [allowed] §eFrom stash: §r§fWheat
00:36:14 [allowed] §eFrom stash: §r§fWheat
00:36:14 [allowed] §eFrom stash: §r§fWheat
00:36:14 [allowed] §eFrom stash: §r§fWheat
00:36:14 [allowed] §eFrom stash: §r§fWheat
00:36:14 [allowed] §eFrom stash: §r§fWheat
00:36:14 [allowed] §eFrom stash: §r§fWheat
00:36:14 [allowed] §eFrom stash: §r§fWheat
00:36:14 [allowed] §eFrom stash: §r§fWheat
00:36:14 [allowed] §eFrom stash: §r§fWheat
00:36:14 [allowed] §eFrom stash: §r§fWheat
00:36:14 [allowed] §eFrom stash: §r§fWheat
00:36:14 [allowed] §eFrom stash: §r§fWheat
00:36:14 [allowed] §eFrom stash: §r§fWheat
00:36:14 [allowed] §eFrom stash: §r§fWheat
00:36:14 [allowed] §eFrom stash: §r§fWheat
00:36:14 [allowed] §eFrom stash: §r§fWheat
00:36:14 [allowed] §eFrom stash: §r§fWheat
00:36:14 [allowed] §eFrom stash: §r§fWheat
00:36:14 [allowed] §eYou picked up §r§a46 §r§eitems from your material stash!
00:36:14 [allowed] §eYou still have §a10,326 materials §etotalling §b1 §etypes of materials in there!
00:36:16 [allowed] §eFrom stash: §r§fWheat
00:36:16 [allowed] §eFrom stash: §r§fWheat
00:36:16 [allowed] §eFrom stash: §r§fWheat
00:36:16 [allowed] §eFrom stash: §r§fWheat
00:36:16 [allowed] §eFrom stash: §r§fWheat
00:36:16 [allowed] §eFrom stash: §r§fWheat
00:36:16 [allowed] §eFrom stash: §r§fWheat
00:36:16 [allowed] §eFrom stash: §r§fWheat
00:36:16 [allowed] §eFrom stash: §r§fWheat
00:36:16 [allowed] §eFrom stash: §r§fWheat
00:36:16 [allowed] §eFrom stash: §r§fWheat
00:36:16 [allowed] §eFrom stash: §r§fWheat
00:36:16 [allowed] §eFrom stash: §r§fWheat
00:36:16 [allowed] §eFrom stash: §r§fWheat
00:36:16 [allowed] §eFrom stash: §r§fWheat
00:36:16 [allowed] §eFrom stash: §r§fWheat
00:36:16 [allowed] §eFrom stash: §r§fWheat
00:36:16 [allowed] §eFrom stash: §r§fWheat
00:36:16 [allowed] §eFrom stash: §r§fWheat
00:36:16 [allowed] §eFrom stash: §r§fWheat
00:36:16 [allowed] §eFrom stash: §r§fWheat
00:36:16 [allowed] §eFrom stash: §r§fWheat
00:36:16 [allowed] §eFrom stash: §r§fWheat
00:36:16 [allowed] §eYou picked up §r§a161 §r§eitems from your material stash!
00:36:16 [allowed] §eYou still have §a8,854 materials §etotalling §b1 §etypes of materials in there!
00:36:22 [allowed] §6[Sacks] §r§a+661§r§e items§r§e.§r§8 (Last 14s.)
00:36:58 [allowed]  
00:36:58 [allowed] §f                §7You have §38,854 §7materials stashed away!
00:36:58 [allowed] §f               §8(This totals 1 type of material stashed!)
00:36:58 [allowed] §f                §3§l>>> §3§lCLICK HERE§b to pick them up! §3§l<<<
00:36:58 [allowed]   
00:37:58 [allowed]  
00:37:58 [allowed] §f                §7You have §38,854 §7materials stashed away!
00:37:58 [allowed] §f               §8(This totals 1 type of material stashed!)
00:37:58 [allowed] §f                §3§l>>> §3§lCLICK HERE§b to pick them up! §3§l<<<
00:37:58 [allowed]   
00:38:43 [allowed] §cThere are blocks in the way!
00:38:43 [allowed] §cThere are blocks in the way!
00:38:58 [allowed]  
00:38:58 [allowed] §f                §7You have §38,854 §7materials stashed away!
00:38:58 [allowed] §f               §8(This totals 1 type of material stashed!)
00:38:58 [allowed] §f                §3§l>>> §3§lCLICK HERE§b to pick them up! §3§l<<<
00:38:58 [allowed]   
00:39:01 [allowed] §eFrom stash: §r§fWheat
00:39:01 [allowed] §eFrom stash: §r§fWheat
00:39:01 [allowed] §eFrom stash: §r§fWheat
00:39:01 [allowed] §eFrom stash: §r§fWheat
00:39:01 [allowed] §eFrom stash: §r§fWheat
00:39:01 [allowed] §eFrom stash: §r§fWheat
00:39:01 [allowed] §eFrom stash: §r§fWheat
00:39:01 [allowed] §eFrom stash: §r§fWheat
00:39:01 [allowed] §eFrom stash: §r§fWheat
00:39:01 [allowed] §eFrom stash: §r§fWheat
00:39:01 [allowed] §eFrom stash: §r§fWheat
00:39:01 [allowed] §eFrom stash: §r§fWheat
00:39:01 [allowed] §eFrom stash: §r§fWheat
00:39:01 [allowed] §eFrom stash: §r§fWheat
00:39:01 [allowed] §eFrom stash: §r§fWheat
00:39:01 [allowed] §eFrom stash: §r§fWheat
00:39:01 [allowed] §eFrom stash: §r§fWheat
00:39:01 [allowed] §eFrom stash: §r§fWheat
00:39:01 [allowed] §eFrom stash: §r§fWheat
00:39:01 [allowed] §eFrom stash: §r§fWheat
00:39:01 [allowed] §eFrom stash: §r§fWheat
00:39:01 [allowed] §eFrom stash: §r§fWheat
00:39:01 [allowed] §eFrom stash: §r§fWheat
00:39:01 [allowed] §eYou picked up §r§a69 §r§eitems from your material stash!
00:39:01 [allowed] §eYou still have §a7,382 materials §etotalling §b1 §etypes of materials in there!
00:39:02 [allowed] §cCommand Failed: This command is on cooldown! Try again in §r§6about a second§r§c!
00:39:03 [allowed] §eFrom stash: §r§fWheat
00:39:03 [allowed] §eFrom stash: §r§fWheat
00:39:03 [allowed] §eFrom stash: §r§fWheat
00:39:03 [allowed] §eFrom stash: §r§fWheat
00:39:03 [allowed] §eFrom stash: §r§fWheat
00:39:03 [allowed] §eFrom stash: §r§fWheat
00:39:03 [allowed] §eFrom stash: §r§fWheat
00:39:03 [allowed] §eFrom stash: §r§fWheat
00:39:03 [allowed] §eFrom stash: §r§fWheat
00:39:03 [allowed] §eFrom stash: §r§fWheat
00:39:03 [allowed] §eFrom stash: §r§fWheat
00:39:03 [allowed] §eFrom stash: §r§fWheat
00:39:03 [allowed] §eFrom stash: §r§fWheat
00:39:03 [allowed] §eFrom stash: §r§fWheat
00:39:03 [allowed] §eFrom stash: §r§fWheat
00:39:03 [allowed] §eFrom stash: §r§fWheat
00:39:03 [allowed] §eFrom stash: §r§fWheat
00:39:03 [allowed] §eFrom stash: §r§fWheat
00:39:03 [allowed] §eFrom stash: §r§fWheat
00:39:03 [allowed] §eFrom stash: §r§fWheat
00:39:03 [allowed] §eFrom stash: §r§fWheat
00:39:03 [allowed] §eFrom stash: §r§fWheat
00:39:03 [allowed] §eFrom stash: §r§fWheat
00:39:03 [allowed] §eYou picked up §r§a184 §r§eitems from your material stash!
00:39:03 [allowed] §eYou still have §a5,910 materials §etotalling §b1 §etypes of materials in there!
00:39:05 [allowed] §eFrom stash: §r§fWheat
00:39:05 [allowed] §eFrom stash: §r§fWheat
00:39:05 [allowed] §eFrom stash: §r§fWheat
00:39:05 [allowed] §eFrom stash: §r§fWheat
00:39:05 [allowed] §eFrom stash: §r§fWheat
00:39:05 [allowed] §eFrom stash: §r§fWheat
00:39:05 [allowed] §eFrom stash: §r§fWheat
00:39:05 [allowed] §eFrom stash: §r§fWheat
00:39:05 [allowed] §eFrom stash: §r§fWheat
00:39:05 [allowed] §eFrom stash: §r§fWheat
00:39:05 [allowed] §eFrom stash: §r§fWheat
00:39:05 [allowed] §eFrom stash: §r§fWheat
00:39:05 [allowed] §eFrom stash: §r§fWheat
00:39:05 [allowed] §eFrom stash: §r§fWheat
00:39:05 [allowed] §eFrom stash: §r§fWheat
00:39:05 [allowed] §eFrom stash: §r§fWheat
00:39:05 [allowed] §eFrom stash: §r§fWheat
00:39:05 [allowed] §eFrom stash: §r§fWheat
00:39:05 [allowed] §eFrom stash: §r§fWheat
00:39:05 [allowed] §eFrom stash: §r§fWheat
00:39:05 [allowed] §eFrom stash: §r§fWheat
00:39:05 [allowed] §eFrom stash: §r§fWheat
00:39:05 [allowed] §eFrom stash: §r§fWheat
00:39:05 [allowed] §eYou picked up §r§a92 §r§eitems from your material stash!
00:39:05 [allowed] §eYou still have §a4,438 materials §etotalling §b1 §etypes of materials in there!
00:39:07 [allowed] §cCommand Failed: This command is on cooldown! Try again in §r§6about a second§r§c!
00:39:08 [allowed] §eFrom stash: §r§fWheat
00:39:08 [allowed] §eFrom stash: §r§fWheat
00:39:08 [allowed] §eFrom stash: §r§fWheat
00:39:08 [allowed] §eFrom stash: §r§fWheat
00:39:08 [allowed] §eFrom stash: §r§fWheat
00:39:08 [allowed] §eFrom stash: §r§fWheat
00:39:08 [allowed] §eFrom stash: §r§fWheat
00:39:08 [allowed] §eFrom stash: §r§fWheat
00:39:08 [allowed] §eFrom stash: §r§fWheat
00:39:08 [allowed] §eFrom stash: §r§fWheat
00:39:08 [allowed] §eFrom stash: §r§fWheat
00:39:08 [allowed] §eFrom stash: §r§fWheat
00:39:08 [allowed] §eFrom stash: §r§fWheat
00:39:08 [allowed] §eFrom stash: §r§fWheat
00:39:08 [allowed] §eFrom stash: §r§fWheat
00:39:08 [allowed] §eFrom stash: §r§fWheat
00:39:08 [allowed] §eFrom stash: §r§fWheat
00:39:08 [allowed] §eFrom stash: §r§fWheat
00:39:08 [allowed] §eFrom stash: §r§fWheat
00:39:08 [allowed] §eFrom stash: §r§fWheat
00:39:08 [allowed] §eFrom stash: §r§fWheat
00:39:08 [allowed] §eFrom stash: §r§fWheat
00:39:08 [allowed] §eFrom stash: §r§fWheat
00:39:08 [allowed] §eFrom stash: §r§fWheat
00:39:08 [allowed] §eYou picked up §r§a1536 §r§eitems from your material stash!
00:39:08 [allowed] §eYou still have §a2,902 materials §etotalling §b1 §etypes of materials in there!
00:39:11 [allowed] §eFrom stash: §r§fWheat
00:39:11 [allowed] §eFrom stash: §r§fWheat
00:39:11 [allowed] §eFrom stash: §r§fWheat
00:39:11 [allowed] §eFrom stash: §r§fWheat
00:39:11 [allowed] §eFrom stash: §r§fWheat
00:39:11 [allowed] §eFrom stash: §r§fWheat
00:39:11 [allowed] §eFrom stash: §r§fWheat
00:39:11 [allowed] §eFrom stash: §r§fWheat
00:39:11 [allowed] §eFrom stash: §r§fWheat
00:39:11 [allowed] §eFrom stash: §r§fWheat
00:39:11 [allowed] §eFrom stash: §r§fWheat
00:39:11 [allowed] §eFrom stash: §r§fWheat
00:39:11 [allowed] §eFrom stash: §r§fWheat
00:39:11 [allowed] §eFrom stash: §r§fWheat
00:39:11 [allowed] §eFrom stash: §r§fWheat
00:39:11 [allowed] §eFrom stash: §r§fWheat
00:39:11 [allowed] §eFrom stash: §r§fWheat
00:39:12 [allowed] §eFrom stash: §r§fWheat
00:39:12 [allowed] §eFrom stash: §r§fWheat
00:39:12 [allowed] §eFrom stash: §r§fWheat
00:39:12 [allowed] §eFrom stash: §r§fWheat
00:39:12 [allowed] §eFrom stash: §r§fWheat
00:39:12 [allowed] §eFrom stash: §r§fWheat
00:39:12 [allowed] §eYou picked up §r§a138 §r§eitems from your material stash!
00:39:12 [allowed] §eYou still have §a1,430 materials §etotalling §b1 §etypes of materials in there!
00:39:12 [allowed] §c§lYour inventory is full!
00:39:12 [allowed] §eOpen the §a§lGAME SETTINGS §eto disable this notification!
00:39:17 [allowed] §6[Sacks] §r§a+825§r§e items§r§e.§r§8 (Last 16s.)
00:39:18 [allowed] §eFrom stash: §r§fWheat
00:39:18 [allowed] §eFrom stash: §r§fWheat
00:39:18 [allowed] §eFrom stash: §r§fWheat
00:39:18 [allowed] §eFrom stash: §r§fWheat
00:39:18 [allowed] §eFrom stash: §r§fWheat
00:39:18 [allowed] §eFrom stash: §r§fWheat
00:39:18 [allowed] §eFrom stash: §r§fWheat
00:39:18 [allowed] §eFrom stash: §r§fWheat
00:39:18 [allowed] §eFrom stash: §r§fWheat
00:39:18 [allowed] §eFrom stash: §r§fWheat
00:39:18 [allowed] §eFrom stash: §r§fWheat
00:39:18 [allowed] §eFrom stash: §r§fWheat
00:39:18 [allowed] §eFrom stash: §r§fWheat
00:39:18 [allowed] §eFrom stash: §r§fWheat
00:39:18 [allowed] §eFrom stash: §r§fWheat
00:39:18 [allowed] §eFrom stash: §r§fWheat
00:39:18 [allowed] §eFrom stash: §r§fWheat
00:39:18 [allowed] §eFrom stash: §r§fWheat
00:39:18 [allowed] §eFrom stash: §r§fWheat
00:39:18 [allowed] §eFrom stash: §r§fWheat
00:39:18 [allowed] §eFrom stash: §r§fWheat
00:39:18 [allowed] §eFrom stash: §r§fWheat
00:39:18 [allowed] §eFrom stash: §r§fWheat
00:39:18 [allowed] §eYou picked up §r§aall §r§eitems from your material stash!
00:39:21 [allowed] §cYour stash isn't holding any items or materials!
00:39:22 [allowed] §cCommand Failed: This command is on cooldown! Try again in §r§6about a second§r§c!
00:39:22 [allowed] §cCommand Failed: This command is on cooldown! Try again in §r§6about a second§r§c!
00:39:23 [allowed] §cCommand Failed: This command is on cooldown! Try again in §r§6about a second§r§c!
00:39:23 [allowed] §cYour stash isn't holding any items or materials!
00:39:24 [allowed] §cCommand Failed: This command is on cooldown! Try again in §r§6about a second§r§c!
00:39:24 [allowed] §6[Sacks] §r§a+159§r§e items§r§e.§r§8 (Last 5s.)
00:39:31 [allowed] §cYour stash isn't holding any items or materials!
00:39:40 [allowed] §6[Bazaar] §r§7Executing instant sell...
00:39:40 [allowed] §6[Bazaar] §r§7Sold §r§a10§r§7x §r§aEnchanted Seeds §r§7for §r§64,603 coins§r§7!
00:39:40 [allowed] §6[Bazaar] §r§7Sold §r§a3§r§7x §r§fWheat §r§7for §r§69.0 coins§r§7!
00:39:40 [allowed] §6[Bazaar] §r§7Sold §r§a251§r§7x §r§fSeeds §r§7for §r§6301.2 coins§r§7!
00:39:40 [allowed] §6[Bazaar] §r§7Sold §r§a1,787§r§7x §r§fHay Bale §r§7for §r§684,168 coins§r§7!
00:39:42 [allowed] §6[Bazaar] §r§7Claiming order...
00:39:43 [allowed] §6[Bazaar] §r§7§r§7Claimed §r§a23§r§7x §r§9Glacite Jewel §r§7worth §r§61,696,848 coins §r§7bought for §r§673,776 §r§7each!
00:39:44 [allowed] §6[Bazaar] §r§7Cancelling order...
00:39:44 [allowed] §6[Bazaar] §r§7§r§cCancelled! §r§7Refunded §r§a4§r§7x §r§9Berberis Fuel Injector §r§7from cancelling Sell Offer!
00:39:45 [allowed] §6[Sacks] §r§a+1§r§e item§r§e, §r§c-2,051§r§e items§r§e.§r§8 (Last 9s.)
00:39:47 [allowed] §6[Bazaar] §r§7Putting goods in escrow...
00:39:47 [allowed] §6[Bazaar] §r§7Submitting sell offer...
00:39:48 [allowed] §6[Bazaar] §r§7§r§eSell Offer Setup! §r§a4§r§7x §r§9Berberis Fuel Injector §r§7for §r§612,114,561 coins§r§7.
00:39:51 [allowed] §6[Bazaar] §r§7Cancelling order...
00:39:51 [allowed] §6[Bazaar] §r§7§r§cCancelled! §r§7Refunded §r§62,729,712 coins §r§7from cancelling Buy Order!
00:39:55 [allowed] §6[Bazaar] §r§7Putting goods in escrow...
00:39:55 [allowed] §6[Bazaar] §r§7Submitting buy order...
00:39:55 [allowed] §6[Bazaar] §r§7§r§eBuy Order Setup! §r§a37§r§7x §r§9Glacite Jewel §r§7for §r§62,729,716 coins§r§7.
00:40:10 [allowed] §6[Bazaar] §r§7Executing instant buy...
00:40:10 [allowed] §6[Bazaar] §r§7Bought §r§a6§r§7x §r§9Plasma §r§7for §r§6131,880 coins§r§7!
00:40:25 [allowed] §6[Bazaar] §r§7Executing instant sell...
00:40:25 [allowed] §6[Bazaar] §r§7Sold §r§a1§r§7x §r§9Plasma §r§7for §r§619,500 coins§r§7!
00:41:31 [allowed] §6[Bazaar] §eYour §aBuy Order §efor §a37§7x §9Glacite Jewel §ewas filled!
00:43:17 [allowed] §6[Bazaar] §eYour §6Sell Offer §efor §a4§7x §9Berberis Fuel Injector §ewas filled!
00:43:22 [allowed] §6[Bazaar] §r§7Claiming order...
00:43:22 [allowed] §6[Bazaar] §r§7§r§7Claimed §r§612,114,561 coins §r§7from selling §r§a4§r§7x §r§9Berberis Fuel Injector §r§7at §r§63,063,100 §r§7each!
00:43:23 [allowed] §6[Bazaar] §r§7Claiming order...
00:43:23 [allowed] §6[Bazaar] §r§7§r§7Claimed §r§a37§r§7x §r§9Glacite Jewel §r§7worth §r§62,729,716 coins §r§7bought for §r§673,776 §r§7each!
00:43:24 [allowed] §6[Bazaar] §r§7Cancelling order...
00:43:24 [allowed] §6[Bazaar] §r§7§r§cCancelled! §r§7Refunded §r§a2§r§7x §r§fCharm I §r§7from cancelling Sell Offer!
00:43:26 [allowed] §6[Bazaar] §r§7Putting goods in escrow...
00:43:26 [allowed] §6[Bazaar] §r§7Submitting sell offer...
00:43:26 [allowed] §6[Bazaar] §r§7§r§eSell Offer Setup! §r§a2§r§7x §r§fCharm I §r§7for §r§6199,772 coins§r§7.
00:44:21 [allowed] §6[Bazaar] §r§7Putting goods in escrow...
00:44:21 [allowed] §6[Bazaar] §r§7Submitting buy order...
00:44:21 [allowed] §6[Bazaar] §r§7§r§eBuy Order Setup! §r§a38§r§7x §r§9Enchanted Gold Block §r§7for §r§63,876,023 coins§r§7.
00:44:56 [allowed] §6[Bazaar] §r§7Executing instant buy...
00:44:56 [allowed] §6[Bazaar] §r§7Bought §r§a1§r§7x §r§9Electron Transmitter §r§7for §r§6175,245 coins§r§7!
00:44:56 [allowed] §6[Bazaar] §r§7Executing instant buy...
00:44:56 [allowed] §6[Bazaar] §r§7Bought §r§a1§r§7x §r§9Electron Transmitter §r§7for §r§6175,245 coins§r§7!
00:44:58 [allowed] §6[Bazaar] §r§7Executing instant buy...
00:44:58 [allowed] §6[Bazaar] §r§7Bought §r§a1§r§7x §r§9FTX 3070 §r§7for §r§6130,065 coins§r§7!
00:44:59 [allowed] §6[Bazaar] §r§7Executing instant buy...
00:44:59 [allowed] §6[Bazaar] §r§7Bought §r§a1§r§7x §r§9FTX 3070 §r§7for §r§6130,065 coins§r§7!
00:45:00 [allowed] §6[Bazaar] §r§7Executing instant buy...
00:45:00 [allowed] §6[Bazaar] §r§7Bought §r§a1§r§7x §r§9FTX 3070 §r§7for §r§6130,065 coins§r§7!
00:45:00 [allowed] §6[Bazaar] §r§7Executing instant buy...
00:45:00 [allowed] §6[Bazaar] §r§7Bought §r§a1§r§7x §r§9FTX 3070 §r§7for §r§6130,065 coins§r§7!
00:45:01 [allowed] §6[Bazaar] §r§7Executing instant buy...
00:45:01 [allowed] §6[Bazaar] §r§7Bought §r§a1§r§7x §r§9FTX 3070 §r§7for §r§6130,065 coins§r§7!
00:45:02 [allowed] §6[Bazaar] §r§7Executing instant buy...
00:45:02 [allowed] §6[Bazaar] §r§7Bought §r§a1§r§7x §r§9FTX 3070 §r§7for §r§6130,065 coins§r§7!
00:45:13 [allowed] §6[Bazaar] §r§7Claiming order...
00:45:14 [allowed] §6[Bazaar] §r§7§r§7Claimed §r§a4§r§7x §r§9Enchanted Gold Block §r§7worth §r§6408,002 coins §r§7bought for §r§6102,001 §r§7each!
00:45:16 [allowed] §6[Bazaar] §r§7Cancelling order...
00:45:16 [allowed] §6[Bazaar] §r§7§r§cCancelled! §r§7Refunded §r§63,468,020 coins §r§7from cancelling Buy Order!
00:45:21 [allowed] §6[Bazaar] §r§7Putting goods in escrow...
00:45:21 [allowed] §6[Bazaar] §r§7Submitting buy order...
00:45:21 [allowed] §6[Bazaar] §r§7§r§eBuy Order Setup! §r§a34§r§7x §r§9Enchanted Gold Block §r§7for §r§63,468,031 coins§r§7.
00:46:06 [allowed] §6[Bazaar] §r§7Putting goods in escrow...
00:46:06 [allowed] §6[Bazaar] §r§7Submitting buy order...
00:46:06 [allowed] §6[Bazaar] §r§7§r§eBuy Order Setup! §r§a120§r§7x §r§5Treasurite §r§7for §r§63,275,292 coins§r§7.
00:47:10 [allowed] §6[Bazaar] §eYour §aBuy Order §efor §a120§7x §5Treasurite §ewas filled!
00:48:10 [allowed] §6[Bazaar] §r§7Claiming order...
00:48:10 [allowed] §6[Bazaar] §r§7§r§7Claimed §r§a120§r§7x §r§5Treasurite §r§7worth §r§63,275,292 coins §r§7bought for §r§627,294 §r§7each!
00:48:10 [allowed] §6[Bazaar] §r§7Claiming order...
00:48:11 [allowed] §6[Bazaar] §r§7§r§7Claimed §r§a19§r§7x §r§9Enchanted Gold Block §r§7worth §r§61,938,017 coins §r§7bought for §r§6102,001 §r§7each!
00:48:12 [allowed] §6[Bazaar] §r§7Cancelling order...
00:48:12 [allowed] §6[Bazaar] §r§7§r§cCancelled! §r§7Refunded §r§61,530,014 coins §r§7from cancelling Buy Order!
00:48:22 [allowed] §6[Bazaar] §r§7Putting goods in escrow...
00:48:22 [allowed] §6[Bazaar] §r§7Submitting buy order...
00:48:23 [allowed] §6[Bazaar] §r§7§r§eBuy Order Setup! §r§a15§r§7x §r§9Enchanted Gold Block §r§7for §r§61,530,015 coins§r§7.
00:48:51 [allowed] §8Withdrawing coins...
00:48:51 [allowed] §aYou have withdrawn §r§63M coins§r§a! You now have §r§69.9M coins §r§ain your account!
00:48:57 [allowed] §6[Bazaar] §r§7Putting goods in escrow...
00:48:57 [allowed] §6[Bazaar] §r§7Submitting buy order...
00:48:57 [allowed] §6[Bazaar] §r§7§r§eBuy Order Setup! §r§a19§r§7x §r§9Enchanted Iron Block §r§7for §r§67,016,455 coins§r§7.
00:49:46 [allowed] §8Withdrawing coins...
00:49:46 [allowed] §aYou have withdrawn §r§67M coins§r§a! You now have §r§62.9M coins §r§ain your account!
00:49:56 [allowed] §6[Bazaar] §r§7Putting goods in escrow...
00:49:56 [allowed] §6[Bazaar] §r§7Submitting buy order...
00:49:56 [allowed] §6[Bazaar] §r§7§r§eBuy Order Setup! §r§a36§r§7x §r§9Enchanted Redstone Block §r§7for §r§6911,232 coins§r§7.
00:50:54 [allowed] §8Depositing coins...
00:50:54 [allowed] §aYou have deposited §r§66.7M coins§r§a! You now have §r§69.7M coins §r§ain your account!
