22:49:11 §e[SkyHanni] §aSkyHanni found a new update: 0.27 Beta 7. Check §b/sh download update §afor more info.§r
22:55:01 §d§l▬▬▬▬▬▬▬▬▬▬▬▬▬▬▬▬▬▬▬▬▬▬▬▬▬▬▬▬▬▬▬▬▬▬▬▬▬▬▬▬▬▬▬▬▬▬▬▬▬▬▬▬▬▬▬▬▬▬▬▬▬▬▬▬
                          §d§lHoppity's Hunt #27 Stats

    §7You found §b6§7/§a279 §6Chocolate Meal Eggs§7.

    §7Unique Rabbits: §f5
     §f2 §7- §a3 §7- §90 §7- §50 §7- §60 §7- §d0 §7- §b0

    §7Duplicate Rabbits: §f1
     §f0 §7- §a0 §7- §91 §7- §50 §7- §60 §7- §d0 §7- §b0
     §6+7,266,884 Chocolate
§d§l▬▬▬▬▬▬▬▬▬▬▬▬▬▬▬▬▬▬▬▬▬▬▬▬▬▬▬▬▬▬▬▬▬▬▬▬▬▬▬▬▬▬▬▬▬▬▬▬▬▬▬▬▬▬▬▬▬▬▬▬▬▬▬▬§r
23:12:44 §e[SkyHanni] §cYour Time Tower just expired and has 1 charge remaining. Click here to use one.§r
23:48:59 §e[SkyHanni] Gained §d225 motes §ethis Rift session! (§d382/h§e)§r
00:18:52 §e[SkyHanni] §cYour Organic Matter is low!§r
00:18:52 §e[SkyHanni] §9Iron Forger §eis visiting your garden!§r
00:18:52 §e[SkyHanni] §9Tammy §eis visiting your garden!§r
00:18:52 §e[SkyHanni] §aWeaponsmith §eis visiting your garden!§r
00:18:52 §e[SkyHanni] §aAlchemist §eis visiting your garden!§r
00:18:52 §e[SkyHanni] §aShaggy §eis visiting your garden!§r
00:30:46 §e[SkyHanni] Started tracking your Jacob Contest Blocks Per Second!§r
00:30:47 §e[SkyHanni] §9Gwendolyn §eis visiting your garden!§r
00:33:12 §e[SkyHanni] Loaded Wheat milestone data from tab list!§r
00:35:02 §e[SkyHanni] Stats for Wheat Contest:§r
00:35:02 §e[SkyHanni] §7Blocks Broken in total: §e1,910§r
00:35:02 §e[SkyHanni] §7Average Blocks Per Second: §a7.49§r
00:35:02 §e[SkyHanni] §7Participated for §b4m 15s§r
00:38:39 §e[SkyHanni] §aHungry Hiker §eis visiting your garden!§r
00:50:40 §e[SkyHanni] §aAnita §eis visiting your garden!§r
