20:30:45 Trying to load config from config\skyhanni\config.json
20:30:45 load-config-now
20:30:46 Loaded config from file
20:30:46 Trying to load sacks from config\skyhanni\sacks.json
20:30:46 load-sacks-now
20:30:46 Loaded sacks from file
20:30:46 Trying to load friends from config\skyhanni\friends.json
20:30:46 load-friends-now
20:30:46 Loaded friends from file
20:30:46 Trying to load known_features from config\skyhanni\known_features.json
20:30:46 load-known_features-now
20:30:46 Loaded known_features from file
20:30:46 Trying to load jacob_contests from config\skyhanni\jacob_contests.json
20:30:46 load-jacob_contests-now
20:30:46 Loaded jacob_contests from file
20:30:46 Trying to load visual_words from config\skyhanni\visual_words.json
20:30:46 Setting visual_words to be blank as it did not exist. It will be saved once something is written to it
20:31:46 saveConfig: auto-save-60s
20:31:46 Saving config file
20:32:46 saveConfig: auto-save-60s
20:32:46 Saving config file
20:33:46 saveConfig: auto-save-60s
20:33:46 Saving config file
20:34:24 saveConfig: Updated known feature flags
20:34:24 Saving known_features file
20:34:46 saveConfig: auto-save-60s
20:34:46 Saving config file
20:35:46 saveConfig: auto-save-60s
20:35:46 Saving config file
20:36:46 saveConfig: auto-save-60s
20:36:46 Saving config file
20:37:46 saveConfig: auto-save-60s
20:37:46 Saving config file
20:38:46 saveConfig: auto-save-60s
20:38:46 Saving config file
20:39:46 saveConfig: auto-save-60s
20:39:46 Saving config file
20:40:46 saveConfig: auto-save-60s
20:40:46 Saving config file
20:41:46 saveConfig: auto-save-60s
20:41:46 Saving config file
20:42:46 saveConfig: auto-save-60s
20:42:46 Saving config file
20:43:46 saveConfig: auto-save-60s
20:43:46 Saving config file
20:44:46 saveConfig: auto-save-60s
20:44:46 Saving config file
20:45:46 saveConfig: auto-save-60s
20:45:46 Saving config file
20:46:46 saveConfig: auto-save-60s
20:46:46 Saving config file
20:47:46 saveConfig: auto-save-60s
20:47:46 Saving config file
20:48:46 saveConfig: auto-save-60s
20:48:46 Saving config file
20:49:46 saveConfig: auto-save-60s
20:49:46 Saving config file
20:50:46 saveConfig: auto-save-60s
20:50:46 Saving config file
20:51:46 saveConfig: auto-save-60s
20:51:46 Saving config file
20:52:46 saveConfig: auto-save-60s
20:52:46 Saving config file
20:53:46 saveConfig: auto-save-60s
20:53:46 Saving config file
20:54:46 saveConfig: auto-save-60s
20:54:46 Saving config file
20:54:53 saveConfig: saving-data
20:54:53 Saving sacks file
20:55:03 saveConfig: saving-data
20:55:03 Saving sacks file
20:55:42 saveConfig: saving-data
20:55:42 Saving sacks file
20:55:46 saveConfig: auto-save-60s
20:55:46 Saving config file
20:55:59 saveConfig: saving-data
20:55:59 Saving sacks file
20:56:09 saveConfig: saving-data
20:56:09 Saving sacks file
20:56:46 saveConfig: auto-save-60s
20:56:46 Saving config file
20:57:46 saveConfig: auto-save-60s
20:57:46 Saving config file
20:58:46 saveConfig: auto-save-60s
20:58:46 Saving config file
20:59:46 saveConfig: auto-save-60s
20:59:46 Saving config file
21:00:46 saveConfig: auto-save-60s
21:00:46 Saving config file
21:01:46 saveConfig: auto-save-60s
21:01:46 Saving config file
21:02:01 saveConfig: saving-data
21:02:01 Saving sacks file
21:02:18 saveConfig: saving-data
21:02:18 Saving sacks file
21:02:35 saveConfig: saving-data
21:02:35 Saving sacks file
21:02:46 saveConfig: auto-save-60s
21:02:46 Saving config file
21:03:12 saveConfig: saving-data
21:03:12 Saving sacks file
21:03:32 saveConfig: saving-data
21:03:32 Saving sacks file
21:03:46 saveConfig: auto-save-60s
21:03:46 Saving config file
21:03:53 saveConfig: saving-data
21:03:53 Saving sacks file
21:04:13 saveConfig: saving-data
21:04:13 Saving sacks file
21:04:40 saveConfig: saving-data
21:04:40 Saving sacks file
21:04:46 saveConfig: auto-save-60s
21:04:46 Saving config file
21:04:59 saveConfig: saving-data
21:04:59 Saving sacks file
21:05:16 saveConfig: saving-data
21:05:16 Saving sacks file
21:05:42 saveConfig: saving-data
21:05:42 Saving sacks file
21:05:46 saveConfig: auto-save-60s
21:05:46 Saving config file
21:06:02 saveConfig: saving-data
21:06:02 Saving sacks file
21:06:22 saveConfig: saving-data
21:06:22 Saving sacks file
21:06:41 saveConfig: saving-data
21:06:41 Saving sacks file
21:06:46 saveConfig: auto-save-60s
21:06:46 Saving config file
21:07:03 saveConfig: saving-data
21:07:03 Saving sacks file
21:07:24 saveConfig: saving-data
21:07:24 Saving sacks file
21:07:44 saveConfig: saving-data
21:07:44 Saving sacks file
21:07:46 saveConfig: auto-save-60s
21:07:46 Saving config file
21:08:04 saveConfig: saving-data
21:08:04 Saving sacks file
21:08:25 saveConfig: saving-data
21:08:25 Saving sacks file
21:08:43 saveConfig: saving-data
21:08:43 Saving sacks file
21:08:46 saveConfig: auto-save-60s
21:08:46 Saving config file
21:09:03 saveConfig: saving-data
21:09:03 Saving sacks file
21:09:22 saveConfig: saving-data
21:09:22 Saving sacks file
21:09:42 saveConfig: saving-data
21:09:42 Saving sacks file
21:09:46 saveConfig: auto-save-60s
21:09:46 Saving config file
21:10:03 saveConfig: saving-data
21:10:03 Saving sacks file
21:10:23 saveConfig: saving-data
21:10:23 Saving sacks file
21:10:34 saveConfig: saving-data
21:10:34 Saving sacks file
21:10:45 saveConfig: saving-data
21:10:45 Saving sacks file
21:10:46 saveConfig: auto-save-60s
21:10:46 Saving config file
21:11:05 saveConfig: saving-data
21:11:05 Saving sacks file
21:11:25 saveConfig: saving-data
21:11:25 Saving sacks file
21:11:46 saveConfig: auto-save-60s
21:11:46 Saving config file
21:11:52 saveConfig: saving-data
21:11:52 Saving sacks file
21:12:13 saveConfig: saving-data
21:12:13 Saving sacks file
21:12:34 saveConfig: saving-data
21:12:34 Saving sacks file
21:12:46 saveConfig: auto-save-60s
21:12:46 Saving config file
21:12:54 saveConfig: saving-data
21:12:54 Saving sacks file
21:13:17 saveConfig: saving-data
21:13:17 Saving sacks file
21:13:36 saveConfig: saving-data
21:13:36 Saving sacks file
21:13:46 saveConfig: auto-save-60s
21:13:46 Saving config file
21:13:55 saveConfig: saving-data
21:13:55 Saving sacks file
21:14:15 saveConfig: saving-data
21:14:15 Saving sacks file
21:14:37 saveConfig: saving-data
21:14:37 Saving sacks file
21:14:46 saveConfig: auto-save-60s
21:14:46 Saving config file
21:14:57 saveConfig: saving-data
21:14:57 Saving sacks file
21:15:18 saveConfig: saving-data
21:15:18 Saving sacks file
21:15:46 saveConfig: auto-save-60s
21:15:46 Saving config file
21:15:59 saveConfig: saving-data
21:15:59 Saving sacks file
21:16:20 saveConfig: saving-data
21:16:20 Saving sacks file
21:16:41 saveConfig: saving-data
21:16:41 Saving sacks file
21:16:46 saveConfig: auto-save-60s
21:16:46 Saving config file
21:16:59 saveConfig: saving-data
21:16:59 Saving sacks file
21:17:21 saveConfig: saving-data
21:17:21 Saving sacks file
21:17:41 saveConfig: saving-data
21:17:41 Saving sacks file
21:17:46 saveConfig: auto-save-60s
21:17:46 Saving config file
21:17:59 saveConfig: saving-data
21:17:59 Saving sacks file
21:18:21 saveConfig: saving-data
21:18:21 Saving sacks file
21:18:43 saveConfig: saving-data
21:18:43 Saving sacks file
21:18:46 saveConfig: auto-save-60s
21:18:46 Saving config file
21:19:01 saveConfig: saving-data
21:19:01 Saving sacks file
21:19:22 saveConfig: saving-data
21:19:22 Saving sacks file
21:19:45 saveConfig: saving-data
21:19:45 Saving sacks file
21:19:46 saveConfig: auto-save-60s
21:19:46 Saving config file
21:20:06 saveConfig: saving-data
21:20:06 Saving sacks file
21:20:13 saveConfig: saving-data
21:20:13 Saving sacks file
21:20:28 saveConfig: saving-data
21:20:28 Saving sacks file
21:20:46 saveConfig: auto-save-60s
21:20:46 Saving config file
21:20:50 saveConfig: saving-data
21:20:50 Saving sacks file
21:21:14 saveConfig: saving-data
21:21:14 Saving sacks file
21:21:46 saveConfig: auto-save-60s
21:21:46 Saving config file
21:22:20 saveConfig: saving-data
21:22:20 Saving sacks file
21:22:42 saveConfig: saving-data
21:22:42 Saving sacks file
21:22:46 saveConfig: auto-save-60s
21:22:46 Saving config file
21:23:05 saveConfig: saving-data
21:23:05 Saving sacks file
21:23:27 saveConfig: saving-data
21:23:27 Saving sacks file
21:23:46 saveConfig: auto-save-60s
21:23:46 Saving config file
21:23:48 saveConfig: saving-data
21:23:48 Saving sacks file
21:24:12 saveConfig: saving-data
21:24:12 Saving sacks file
21:24:24 saveConfig: saving-data
21:24:24 Saving sacks file
21:24:33 saveConfig: saving-data
21:24:33 Saving sacks file
21:24:46 saveConfig: auto-save-60s
21:24:46 Saving config file
21:24:55 saveConfig: saving-data
21:24:55 Saving sacks file
21:25:21 saveConfig: saving-data
21:25:21 Saving sacks file
21:25:40 saveConfig: saving-data
21:25:40 Saving sacks file
21:25:46 saveConfig: auto-save-60s
21:25:46 Saving config file
21:26:04 saveConfig: saving-data
21:26:04 Saving sacks file
21:26:29 saveConfig: saving-data
21:26:29 Saving sacks file
21:26:46 saveConfig: auto-save-60s
21:26:46 Saving config file
21:27:11 saveConfig: saving-data
21:27:11 Saving sacks file
21:27:34 saveConfig: saving-data
21:27:34 Saving sacks file
21:27:46 saveConfig: auto-save-60s
21:27:46 Saving config file
21:27:58 saveConfig: saving-data
21:27:58 Saving sacks file
21:28:27 saveConfig: saving-data
21:28:27 Saving sacks file
21:28:46 saveConfig: auto-save-60s
21:28:46 Saving config file
21:28:51 saveConfig: saving-data
21:28:51 Saving sacks file
21:29:14 saveConfig: saving-data
21:29:14 Saving sacks file
21:29:40 saveConfig: saving-data
21:29:40 Saving sacks file
21:29:46 saveConfig: auto-save-60s
21:29:46 Saving config file
21:30:02 saveConfig: saving-data
21:30:02 Saving sacks file
21:30:28 saveConfig: saving-data
21:30:28 Saving sacks file
21:30:46 saveConfig: auto-save-60s
21:30:46 Saving config file
21:30:52 saveConfig: saving-data
21:30:52 Saving sacks file
21:31:16 saveConfig: saving-data
21:31:16 Saving sacks file
21:31:27 saveConfig: saving-data
21:31:27 Saving sacks file
21:31:36 saveConfig: saving-data
21:31:36 Saving sacks file
21:31:46 saveConfig: auto-save-60s
21:31:46 Saving config file
21:31:58 saveConfig: saving-data
21:31:58 Saving sacks file
21:32:46 saveConfig: auto-save-60s
21:32:46 Saving config file
21:33:46 saveConfig: auto-save-60s
21:33:46 Saving config file
21:34:46 saveConfig: auto-save-60s
21:34:46 Saving config file
21:35:23 saveConfig: saving-data
21:35:23 Saving sacks file
21:35:42 saveConfig: saving-data
21:35:42 Saving sacks file
21:35:46 saveConfig: auto-save-60s
21:35:46 Saving config file
21:36:01 saveConfig: saving-data
21:36:01 Saving sacks file
21:36:21 saveConfig: saving-data
21:36:21 Saving sacks file
21:36:42 saveConfig: saving-data
21:36:42 Saving sacks file
21:36:46 saveConfig: auto-save-60s
21:36:46 Saving config file
21:37:02 saveConfig: saving-data
21:37:02 Saving sacks file
21:37:22 saveConfig: saving-data
21:37:22 Saving sacks file
21:37:43 saveConfig: saving-data
21:37:43 Saving sacks file
21:37:46 saveConfig: auto-save-60s
21:37:46 Saving config file
21:38:04 saveConfig: saving-data
21:38:04 Saving sacks file
21:38:24 saveConfig: saving-data
21:38:24 Saving sacks file
21:38:44 saveConfig: saving-data
21:38:44 Saving sacks file
21:38:46 saveConfig: auto-save-60s
21:38:46 Saving config file
21:39:06 saveConfig: saving-data
21:39:06 Saving sacks file
21:39:25 saveConfig: saving-data
21:39:25 Saving sacks file
21:39:45 saveConfig: saving-data
21:39:45 Saving sacks file
21:39:46 saveConfig: auto-save-60s
21:39:46 Saving config file
21:40:09 saveConfig: saving-data
21:40:09 Saving sacks file
21:40:30 saveConfig: saving-data
21:40:30 Saving sacks file
21:40:46 saveConfig: auto-save-60s
21:40:46 Saving config file
21:40:51 saveConfig: saving-data
21:40:51 Saving sacks file
21:41:12 saveConfig: saving-data
21:41:12 Saving sacks file
21:41:33 saveConfig: saving-data
21:41:33 Saving sacks file
21:41:46 saveConfig: auto-save-60s
21:41:46 Saving config file
21:41:54 saveConfig: saving-data
21:41:54 Saving sacks file
21:42:12 saveConfig: saving-data
21:42:12 Saving sacks file
21:42:32 saveConfig: saving-data
21:42:32 Saving sacks file
21:42:46 saveConfig: auto-save-60s
21:42:46 Saving config file
21:42:52 saveConfig: saving-data
21:42:52 Saving sacks file
21:43:13 saveConfig: saving-data
21:43:13 Saving sacks file
21:43:32 saveConfig: saving-data
21:43:32 Saving sacks file
21:43:46 saveConfig: auto-save-60s
21:43:46 Saving config file
21:43:53 saveConfig: saving-data
21:43:53 Saving sacks file
21:44:11 saveConfig: saving-data
21:44:11 Saving sacks file
21:44:32 saveConfig: saving-data
21:44:32 Saving sacks file
21:44:46 saveConfig: auto-save-60s
21:44:46 Saving config file
21:44:55 saveConfig: saving-data
21:44:55 Saving sacks file
21:45:14 saveConfig: saving-data
21:45:14 Saving sacks file
21:45:34 saveConfig: saving-data
21:45:34 Saving sacks file
21:45:46 saveConfig: auto-save-60s
21:45:46 Saving config file
21:45:55 saveConfig: saving-data
21:45:55 Saving sacks file
21:46:20 saveConfig: saving-data
21:46:20 Saving sacks file
21:46:40 saveConfig: saving-data
21:46:40 Saving sacks file
21:46:46 saveConfig: auto-save-60s
21:46:46 Saving config file
21:47:01 saveConfig: saving-data
21:47:01 Saving sacks file
21:47:21 saveConfig: saving-data
21:47:21 Saving sacks file
21:47:39 saveConfig: saving-data
21:47:39 Saving sacks file
21:47:46 saveConfig: auto-save-60s
21:47:46 Saving config file
21:48:01 saveConfig: saving-data
21:48:01 Saving sacks file
21:48:21 saveConfig: saving-data
21:48:21 Saving sacks file
21:48:46 saveConfig: auto-save-60s
21:48:46 Saving config file
21:48:54 saveConfig: saving-data
21:48:54 Saving sacks file
21:49:14 saveConfig: saving-data
21:49:14 Saving sacks file
21:49:35 saveConfig: saving-data
21:49:35 Saving sacks file
21:49:46 saveConfig: auto-save-60s
21:49:46 Saving config file
21:49:52 saveConfig: saving-data
21:49:52 Saving sacks file
21:50:46 saveConfig: auto-save-60s
21:50:46 Saving config file
21:51:46 saveConfig: auto-save-60s
21:51:46 Saving config file
21:52:21 saveConfig: saving-data
21:52:21 Saving sacks file
21:52:46 saveConfig: auto-save-60s
21:52:46 Saving config file
21:53:46 saveConfig: auto-save-60s
21:53:46 Saving config file
21:54:03 saveConfig: saving-data
21:54:03 Saving sacks file
21:54:46 saveConfig: auto-save-60s
21:54:46 Saving config file
21:54:58 saveConfig: saving-data
21:54:58 Saving sacks file
21:55:10 saveConfig: saving-data
21:55:10 Saving sacks file
21:55:21 saveConfig: saving-data
21:55:21 Saving sacks file
21:55:46 saveConfig: auto-save-60s
21:55:46 Saving config file
21:56:31 saveConfig: saving-data
21:56:31 Saving sacks file
21:56:46 saveConfig: auto-save-60s
21:56:46 Saving config file
21:57:46 saveConfig: auto-save-60s
21:57:46 Saving config file
21:58:46 saveConfig: auto-save-60s
21:58:46 Saving config file
21:59:46 saveConfig: auto-save-60s
21:59:46 Saving config file
22:00:46 saveConfig: auto-save-60s
22:00:46 Saving config file
22:01:46 saveConfig: auto-save-60s
22:01:46 Saving config file
22:02:46 saveConfig: auto-save-60s
22:02:46 Saving config file
22:03:46 saveConfig: auto-save-60s
22:03:46 Saving config file
22:04:46 saveConfig: auto-save-60s
22:04:46 Saving config file
22:05:46 saveConfig: auto-save-60s
22:05:46 Saving config file
22:06:46 saveConfig: auto-save-60s
22:06:46 Saving config file
22:07:46 saveConfig: auto-save-60s
22:07:46 Saving config file
22:08:46 saveConfig: auto-save-60s
22:08:46 Saving config file
22:09:17 saveConfig: saving-data
22:09:17 Saving sacks file
22:09:33 saveConfig: saving-data
22:09:33 Saving sacks file
22:09:46 saveConfig: auto-save-60s
22:09:46 Saving config file
22:09:49 saveConfig: saving-data
22:09:49 Saving sacks file
22:10:06 saveConfig: saving-data
22:10:06 Saving sacks file
22:10:22 saveConfig: saving-data
22:10:22 Saving sacks file
22:10:38 saveConfig: saving-data
22:10:38 Saving sacks file
22:10:46 saveConfig: auto-save-60s
22:10:46 Saving config file
22:10:55 saveConfig: saving-data
22:10:55 Saving sacks file
22:11:13 saveConfig: saving-data
22:11:13 Saving sacks file
22:11:42 saveConfig: saving-data
22:11:42 Saving sacks file
22:11:56 saveConfig: auto-save-60s
22:11:56 Saving config file
22:11:57 saveConfig: saving-data
22:11:57 Saving sacks file
22:12:46 saveConfig: auto-save-60s
22:12:46 Saving config file
22:13:46 saveConfig: auto-save-60s
22:13:46 Saving config file
22:14:28 saveConfig: saving-data
22:14:28 Saving sacks file
22:14:45 saveConfig: saving-data
22:14:45 Saving sacks file
22:14:46 saveConfig: auto-save-60s
22:14:46 Saving config file
22:15:00 saveConfig: saving-data
22:15:00 Saving sacks file
22:15:17 saveConfig: saving-data
22:15:17 Saving sacks file
22:15:34 saveConfig: saving-data
22:15:34 Saving sacks file
22:15:46 saveConfig: auto-save-60s
22:15:46 Saving config file
22:15:51 saveConfig: saving-data
22:15:51 Saving sacks file
22:16:07 saveConfig: saving-data
22:16:07 Saving sacks file
22:16:23 saveConfig: saving-data
22:16:23 Saving sacks file
22:16:41 saveConfig: saving-data
22:16:41 Saving sacks file
22:16:46 saveConfig: auto-save-60s
22:16:46 Saving config file
22:16:57 saveConfig: saving-data
22:16:57 Saving sacks file
22:17:14 saveConfig: saving-data
22:17:14 Saving sacks file
22:17:30 saveConfig: saving-data
22:17:30 Saving sacks file
22:17:46 saveConfig: auto-save-60s
22:17:46 Saving config file
22:17:47 saveConfig: saving-data
22:17:47 Saving sacks file
22:18:04 saveConfig: saving-data
22:18:04 Saving sacks file
22:18:20 saveConfig: saving-data
22:18:20 Saving sacks file
22:18:37 saveConfig: saving-data
22:18:37 Saving sacks file
22:18:46 saveConfig: auto-save-60s
22:18:46 Saving config file
22:18:53 saveConfig: saving-data
22:18:53 Saving sacks file
22:19:10 saveConfig: saving-data
22:19:10 Saving sacks file
22:19:25 saveConfig: saving-data
22:19:25 Saving sacks file
22:19:41 saveConfig: saving-data
22:19:41 Saving sacks file
22:19:46 saveConfig: auto-save-60s
22:19:46 Saving config file
22:19:58 saveConfig: saving-data
22:19:58 Saving sacks file
22:20:15 saveConfig: saving-data
22:20:15 Saving sacks file
22:20:32 saveConfig: saving-data
22:20:32 Saving sacks file
22:20:46 saveConfig: auto-save-60s
22:20:46 Saving config file
22:20:49 saveConfig: saving-data
22:20:49 Saving sacks file
22:21:05 saveConfig: saving-data
22:21:05 Saving sacks file
22:21:23 saveConfig: saving-data
22:21:23 Saving sacks file
22:21:39 saveConfig: saving-data
22:21:39 Saving sacks file
22:21:46 saveConfig: auto-save-60s
22:21:46 Saving config file
22:21:55 saveConfig: saving-data
22:21:55 Saving sacks file
22:22:12 saveConfig: saving-data
22:22:12 Saving sacks file
22:22:28 saveConfig: saving-data
22:22:28 Saving sacks file
22:22:46 saveConfig: auto-save-60s
22:22:46 Saving config file
22:22:48 saveConfig: saving-data
22:22:48 Saving sacks file
22:23:04 saveConfig: saving-data
22:23:04 Saving sacks file
22:23:21 saveConfig: saving-data
22:23:21 Saving sacks file
22:23:37 saveConfig: saving-data
22:23:37 Saving sacks file
22:23:46 saveConfig: auto-save-60s
22:23:46 Saving config file
22:23:53 saveConfig: saving-data
22:23:53 Saving sacks file
22:24:10 saveConfig: saving-data
22:24:10 Saving sacks file
22:24:27 saveConfig: saving-data
22:24:27 Saving sacks file
22:24:42 saveConfig: saving-data
22:24:42 Saving sacks file
22:24:46 saveConfig: auto-save-60s
22:24:46 Saving config file
22:24:58 saveConfig: saving-data
22:24:58 Saving sacks file
22:25:16 saveConfig: saving-data
22:25:16 Saving sacks file
22:25:32 saveConfig: saving-data
22:25:32 Saving sacks file
22:25:46 saveConfig: auto-save-60s
22:25:46 Saving config file
22:25:48 saveConfig: saving-data
22:25:48 Saving sacks file
22:26:05 saveConfig: saving-data
22:26:05 Saving sacks file
22:26:25 saveConfig: saving-data
22:26:25 Saving sacks file
22:26:40 saveConfig: saving-data
22:26:40 Saving sacks file
22:26:46 saveConfig: auto-save-60s
22:26:46 Saving config file
22:26:56 saveConfig: saving-data
22:26:56 Saving sacks file
22:27:12 saveConfig: saving-data
22:27:12 Saving sacks file
22:27:28 saveConfig: saving-data
22:27:28 Saving sacks file
22:27:46 saveConfig: auto-save-60s
22:27:46 Saving config file
22:27:46 saveConfig: saving-data
22:27:46 Saving sacks file
22:28:03 saveConfig: saving-data
22:28:03 Saving sacks file
22:28:19 saveConfig: saving-data
22:28:19 Saving sacks file
22:28:35 saveConfig: saving-data
22:28:35 Saving sacks file
22:28:46 saveConfig: auto-save-60s
22:28:46 Saving config file
22:28:52 saveConfig: saving-data
22:28:52 Saving sacks file
22:29:10 saveConfig: saving-data
22:29:10 Saving sacks file
22:29:27 saveConfig: saving-data
22:29:27 Saving sacks file
22:29:43 saveConfig: saving-data
22:29:43 Saving sacks file
22:29:46 saveConfig: auto-save-60s
22:29:46 Saving config file
22:30:00 saveConfig: saving-data
22:30:00 Saving sacks file
22:30:17 saveConfig: saving-data
22:30:17 Saving sacks file
22:30:33 saveConfig: saving-data
22:30:33 Saving sacks file
22:30:46 saveConfig: auto-save-60s
22:30:46 Saving config file
22:30:55 saveConfig: saving-data
22:30:55 Saving sacks file
22:31:06 saveConfig: saving-data
22:31:06 Saving sacks file
22:31:23 saveConfig: saving-data
22:31:23 Saving sacks file
22:31:39 saveConfig: saving-data
22:31:39 Saving sacks file
22:31:46 saveConfig: auto-save-60s
22:31:46 Saving config file
22:31:54 saveConfig: saving-data
22:31:54 Saving sacks file
22:32:11 saveConfig: saving-data
22:32:11 Saving sacks file
22:32:28 saveConfig: saving-data
22:32:28 Saving sacks file
22:32:45 saveConfig: saving-data
22:32:45 Saving sacks file
22:32:46 saveConfig: auto-save-60s
22:32:46 Saving config file
22:33:01 saveConfig: saving-data
22:33:01 Saving sacks file
22:33:18 saveConfig: saving-data
22:33:18 Saving sacks file
22:33:37 saveConfig: saving-data
22:33:37 Saving sacks file
22:33:46 saveConfig: auto-save-60s
22:33:46 Saving config file
22:33:54 saveConfig: saving-data
22:33:54 Saving sacks file
22:34:11 saveConfig: saving-data
22:34:11 Saving sacks file
22:34:27 saveConfig: saving-data
22:34:27 Saving sacks file
22:34:44 saveConfig: saving-data
22:34:44 Saving sacks file
22:34:46 saveConfig: auto-save-60s
22:34:46 Saving config file
22:35:00 saveConfig: saving-data
22:35:00 Saving sacks file
22:35:30 saveConfig: saving-data
22:35:30 Saving sacks file
22:35:46 saveConfig: auto-save-60s
22:35:46 Saving config file
22:36:35 saveConfig: saving-data
22:36:35 Saving sacks file
22:36:44 saveConfig: saving-data
22:36:44 Saving sacks file
22:36:46 saveConfig: auto-save-60s
22:36:46 Saving config file
22:37:46 saveConfig: auto-save-60s
22:37:46 Saving config file
22:38:46 saveConfig: auto-save-60s
22:38:46 Saving config file
22:39:27 saveConfig: saving-data
22:39:27 Saving sacks file
22:39:46 saveConfig: auto-save-60s
22:39:46 Saving config file
22:39:49 saveConfig: saving-data
22:39:49 Saving sacks file
22:40:08 saveConfig: saving-data
22:40:08 Saving sacks file
22:40:20 saveConfig: saving-data
22:40:20 Saving sacks file
22:40:32 saveConfig: saving-data
22:40:32 Saving sacks file
22:40:46 saveConfig: auto-save-60s
22:40:46 Saving config file
22:41:01 saveConfig: saving-data
22:41:01 Saving sacks file
22:41:38 saveConfig: saving-data
22:41:38 Saving sacks file
22:41:46 saveConfig: auto-save-60s
22:41:46 Saving config file
22:42:03 saveConfig: saving-data
22:42:03 Saving sacks file
22:42:15 saveConfig: saving-data
22:42:15 Saving sacks file
22:42:31 saveConfig: saving-data
22:42:31 Saving sacks file
22:42:46 saveConfig: auto-save-60s
22:42:46 Saving config file
22:42:46 saveConfig: saving-data
22:42:46 Saving sacks file
22:43:02 saveConfig: saving-data
22:43:02 Saving sacks file
22:43:24 saveConfig: saving-data
22:43:24 Saving sacks file
22:43:46 saveConfig: auto-save-60s
22:43:46 Saving config file
22:44:29 saveConfig: saving-data
22:44:29 Saving sacks file
22:44:46 saveConfig: auto-save-60s
22:44:46 Saving config file
22:45:46 saveConfig: auto-save-60s
22:45:46 Saving config file
22:45:58 saveConfig: saving-data
22:45:58 Saving sacks file
22:46:04 saveConfig: saving-data
22:46:04 Saving sacks file
22:46:46 saveConfig: auto-save-60s
22:46:46 Saving config file
22:47:46 saveConfig: auto-save-60s
22:47:46 Saving config file
22:48:28 saveConfig: saving-data
22:48:28 Saving sacks file
22:48:34 saveConfig: saving-data
22:48:34 Saving sacks file
22:48:40 saveConfig: saving-data
22:48:40 Saving sacks file
22:48:46 saveConfig: auto-save-60s
22:48:46 Saving config file
22:49:46 saveConfig: auto-save-60s
22:49:46 Saving config file
22:50:21 saveConfig: saving-data
22:50:21 Saving sacks file
22:50:27 saveConfig: saving-data
22:50:27 Saving sacks file
22:50:46 saveConfig: auto-save-60s
22:50:46 Saving config file
22:51:46 saveConfig: auto-save-60s
22:51:46 Saving config file
22:52:46 saveConfig: auto-save-60s
22:52:46 Saving config file
22:53:46 saveConfig: auto-save-60s
22:53:46 Saving config file
22:54:46 saveConfig: auto-save-60s
22:54:46 Saving config file
22:55:46 saveConfig: auto-save-60s
22:55:46 Saving config file
22:56:46 saveConfig: auto-save-60s
22:56:46 Saving config file
22:57:46 saveConfig: auto-save-60s
22:57:46 Saving config file
22:58:46 saveConfig: auto-save-60s
22:58:46 Saving config file
22:59:46 saveConfig: auto-save-60s
22:59:46 Saving config file
23:00:46 saveConfig: auto-save-60s
23:00:46 Saving config file
23:01:46 saveConfig: auto-save-60s
23:01:46 Saving config file
23:02:46 saveConfig: auto-save-60s
23:02:46 Saving config file
23:03:24 saveConfig: saving-data
23:03:24 Saving sacks file
23:03:46 saveConfig: auto-save-60s
23:03:46 Saving config file
23:04:46 saveConfig: auto-save-60s
23:04:46 Saving config file
23:05:46 saveConfig: auto-save-60s
23:05:46 Saving config file
23:06:46 saveConfig: auto-save-60s
23:06:46 Saving config file
23:07:46 saveConfig: auto-save-60s
23:07:46 Saving config file
23:08:46 saveConfig: auto-save-60s
23:08:46 Saving config file
23:09:46 saveConfig: auto-save-60s
23:09:46 Saving config file
23:10:46 saveConfig: auto-save-60s
23:10:46 Saving config file
23:11:30 saveConfig: saving-data
23:11:30 Saving sacks file
23:11:46 saveConfig: auto-save-60s
23:11:46 Saving config file
23:12:01 saveConfig: saving-data
23:12:01 Saving sacks file
23:12:32 saveConfig: saving-data
23:12:32 Saving sacks file
23:12:46 saveConfig: auto-save-60s
23:12:46 Saving config file
23:13:03 saveConfig: saving-data
23:13:03 Saving sacks file
23:13:34 saveConfig: saving-data
23:13:34 Saving sacks file
23:13:46 saveConfig: auto-save-60s
23:13:46 Saving config file
23:14:05 saveConfig: saving-data
23:14:05 Saving sacks file
23:14:29 saveConfig: saving-data
23:14:29 Saving sacks file
23:14:46 saveConfig: auto-save-60s
23:14:46 Saving config file
23:15:01 saveConfig: saving-data
23:15:01 Saving sacks file
23:15:32 saveConfig: saving-data
23:15:32 Saving sacks file
23:15:46 saveConfig: auto-save-60s
23:15:46 Saving config file
23:16:03 saveConfig: saving-data
23:16:03 Saving sacks file
23:16:34 saveConfig: saving-data
23:16:34 Saving sacks file
23:16:46 saveConfig: auto-save-60s
23:16:46 Saving config file
23:17:05 saveConfig: saving-data
23:17:05 Saving sacks file
23:17:36 saveConfig: saving-data
23:17:36 Saving sacks file
23:17:46 saveConfig: auto-save-60s
23:17:46 Saving config file
23:18:07 saveConfig: saving-data
23:18:07 Saving sacks file
23:18:38 saveConfig: saving-data
23:18:38 Saving sacks file
23:18:46 saveConfig: auto-save-60s
23:18:46 Saving config file
23:18:51 saveConfig: saving-data
23:18:51 Saving sacks file
23:19:26 saveConfig: saving-data
23:19:26 Saving sacks file
23:19:46 saveConfig: auto-save-60s
23:19:46 Saving config file
23:19:57 saveConfig: saving-data
23:19:57 Saving sacks file
23:20:28 saveConfig: saving-data
23:20:28 Saving sacks file
23:20:46 saveConfig: auto-save-60s
23:20:46 Saving config file
23:20:59 saveConfig: saving-data
23:20:59 Saving sacks file
23:21:30 saveConfig: saving-data
23:21:30 Saving sacks file
23:21:46 saveConfig: auto-save-60s
23:21:46 Saving config file
23:22:02 saveConfig: saving-data
23:22:02 Saving sacks file
23:22:33 saveConfig: saving-data
23:22:33 Saving sacks file
23:22:46 saveConfig: auto-save-60s
23:22:46 Saving config file
23:23:04 saveConfig: saving-data
23:23:04 Saving sacks file
23:23:35 saveConfig: saving-data
23:23:35 Saving sacks file
23:23:46 saveConfig: auto-save-60s
23:23:46 Saving config file
23:24:06 saveConfig: saving-data
23:24:06 Saving sacks file
23:24:36 saveConfig: saving-data
23:24:36 Saving sacks file
23:24:46 saveConfig: auto-save-60s
23:24:46 Saving config file
23:25:06 saveConfig: saving-data
23:25:06 Saving sacks file
23:25:37 saveConfig: saving-data
23:25:37 Saving sacks file
23:25:46 saveConfig: auto-save-60s
23:25:46 Saving config file
23:26:08 saveConfig: saving-data
23:26:08 Saving sacks file
23:26:39 saveConfig: saving-data
23:26:39 Saving sacks file
23:26:46 saveConfig: auto-save-60s
23:26:46 Saving config file
23:27:10 saveConfig: saving-data
23:27:10 Saving sacks file
23:27:23 saveConfig: saving-data
23:27:23 Saving sacks file
23:27:46 saveConfig: auto-save-60s
23:27:46 Saving config file
23:28:01 saveConfig: saving-data
23:28:01 Saving sacks file
23:28:31 saveConfig: saving-data
23:28:31 Saving sacks file
23:28:46 saveConfig: auto-save-60s
23:28:46 Saving config file
23:29:03 saveConfig: saving-data
23:29:03 Saving sacks file
23:29:34 saveConfig: saving-data
23:29:34 Saving sacks file
23:29:46 saveConfig: auto-save-60s
23:29:46 Saving config file
23:30:05 saveConfig: saving-data
23:30:05 Saving sacks file
23:30:36 saveConfig: saving-data
23:30:36 Saving sacks file
23:30:46 saveConfig: auto-save-60s
23:30:46 Saving config file
23:31:07 saveConfig: saving-data
23:31:07 Saving sacks file
23:31:38 saveConfig: saving-data
23:31:38 Saving sacks file
23:31:46 saveConfig: auto-save-60s
23:31:46 Saving config file
23:32:09 saveConfig: saving-data
23:32:09 Saving sacks file
23:32:40 saveConfig: saving-data
23:32:40 Saving sacks file
23:32:46 saveConfig: auto-save-60s
23:32:46 Saving config file
23:33:11 saveConfig: saving-data
23:33:11 Saving sacks file
23:33:42 saveConfig: saving-data
23:33:42 Saving sacks file
23:33:46 saveConfig: auto-save-60s
23:33:46 Saving config file
23:34:13 saveConfig: saving-data
23:34:13 Saving sacks file
23:34:44 saveConfig: saving-data
23:34:44 Saving sacks file
23:34:46 saveConfig: auto-save-60s
23:34:46 Saving config file
23:35:15 saveConfig: saving-data
23:35:15 Saving sacks file
23:35:37 saveConfig: saving-data
23:35:37 Saving sacks file
23:35:46 saveConfig: auto-save-60s
23:35:46 Saving config file
23:35:54 saveConfig: saving-data
23:35:54 Saving sacks file
23:36:10 saveConfig: saving-data
23:36:10 Saving sacks file
23:36:23 saveConfig: saving-data
23:36:23 Saving sacks file
23:36:46 saveConfig: auto-save-60s
23:36:46 Saving config file
23:36:46 saveConfig: saving-data
23:36:46 Saving sacks file
23:37:46 saveConfig: auto-save-60s
23:37:46 Saving config file
23:38:38 saveConfig: saving-data
23:38:38 Saving sacks file
23:38:46 saveConfig: auto-save-60s
23:38:46 Saving config file
23:39:46 saveConfig: auto-save-60s
23:39:46 Saving config file
23:40:46 saveConfig: auto-save-60s
23:40:46 Saving config file
23:41:46 saveConfig: auto-save-60s
23:41:46 Saving config file
23:42:46 saveConfig: auto-save-60s
23:42:46 Saving config file
23:43:46 saveConfig: auto-save-60s
23:43:46 Saving config file
23:43:57 saveConfig: saving-data
23:43:57 Saving sacks file
23:44:46 saveConfig: auto-save-60s
23:44:46 Saving config file
23:45:07 saveConfig: saving-data
23:45:07 Saving sacks file
23:45:14 saveConfig: saving-data
23:45:14 Saving sacks file
23:45:46 saveConfig: auto-save-60s
23:45:46 Saving config file
23:46:46 saveConfig: auto-save-60s
23:46:46 Saving config file
23:47:46 saveConfig: auto-save-60s
23:47:46 Saving config file
23:48:25 saveConfig: saving-data
23:48:25 Saving sacks file
23:48:46 saveConfig: auto-save-60s
23:48:46 Saving config file
23:49:46 saveConfig: auto-save-60s
23:49:46 Saving config file
23:50:33 saveConfig: saving-data
23:50:33 Saving sacks file
23:50:46 saveConfig: auto-save-60s
23:50:46 Saving config file
23:51:46 saveConfig: auto-save-60s
23:51:46 Saving config file
23:52:31 saveConfig: saving-data
23:52:31 Saving sacks file
23:52:46 saveConfig: auto-save-60s
23:52:46 Saving config file
23:53:46 saveConfig: auto-save-60s
23:53:46 Saving config file
23:54:46 saveConfig: auto-save-60s
23:54:46 Saving config file
23:55:17 saveConfig: saving-data
23:55:17 Saving sacks file
23:55:46 saveConfig: auto-save-60s
23:55:46 Saving config file
23:56:46 saveConfig: auto-save-60s
23:56:46 Saving config file
23:57:23 saveConfig: saving-data
23:57:23 Saving sacks file
23:57:46 saveConfig: auto-save-60s
23:57:46 Saving config file
23:58:46 saveConfig: auto-save-60s
23:58:46 Saving config file
23:59:33 saveConfig: saving-data
23:59:33 Saving sacks file
23:59:46 saveConfig: auto-save-60s
23:59:46 Saving config file
00:00:17 saveConfig: close-gui
00:00:17 Saving config file
00:00:17 saveConfig: close-gui
00:00:17 Saving config file
00:00:46 saveConfig: auto-save-60s
00:00:46 Saving config file
00:01:25 saveConfig: saving-data
00:01:25 Saving sacks file
00:01:46 saveConfig: auto-save-60s
00:01:46 Saving config file
00:02:21 saveConfig: saving-data
00:02:21 Saving sacks file
00:02:43 saveConfig: saving-data
00:02:43 Saving sacks file
00:02:46 saveConfig: auto-save-60s
00:02:46 Saving config file
00:03:43 saveConfig: saving-data
00:03:43 Saving sacks file
00:03:46 saveConfig: auto-save-60s
00:03:46 Saving config file
00:03:55 saveConfig: saving-data
00:03:55 Saving sacks file
00:04:46 saveConfig: auto-save-60s
00:04:46 Saving config file
00:05:40 saveConfig: saving-data
00:05:40 Saving sacks file
00:05:46 saveConfig: auto-save-60s
00:05:46 Saving config file
00:06:46 saveConfig: auto-save-60s
00:06:46 Saving config file
00:07:46 saveConfig: auto-save-60s
00:07:46 Saving config file
00:08:46 saveConfig: auto-save-60s
00:08:46 Saving config file
00:09:46 saveConfig: auto-save-60s
00:09:46 Saving config file
00:10:46 saveConfig: auto-save-60s
00:10:46 Saving config file
00:11:46 saveConfig: auto-save-60s
00:11:46 Saving config file
00:11:48 saveConfig: saving-data
00:11:48 Saving sacks file
00:12:31 saveConfig: saving-data
00:12:31 Saving sacks file
00:12:46 saveConfig: auto-save-60s
00:12:46 Saving config file
00:13:46 saveConfig: auto-save-60s
00:13:46 Saving config file
00:14:27 saveConfig: saving-data
00:14:27 Saving sacks file
00:14:46 saveConfig: auto-save-60s
00:14:46 Saving config file
00:15:46 saveConfig: auto-save-60s
00:15:46 Saving config file
00:16:40 saveConfig: saving-data
00:16:40 Saving sacks file
00:16:46 saveConfig: auto-save-60s
00:16:46 Saving config file
00:17:46 saveConfig: auto-save-60s
00:17:46 Saving config file
00:18:36 saveConfig: saving-data
00:18:36 Saving sacks file
00:18:46 saveConfig: auto-save-60s
00:18:46 Saving config file
00:19:46 saveConfig: auto-save-60s
00:19:46 Saving config file
00:20:46 saveConfig: auto-save-60s
00:20:46 Saving config file
00:21:30 saveConfig: saving-data
00:21:30 Saving sacks file
00:21:46 saveConfig: auto-save-60s
00:21:46 Saving config file
00:22:46 saveConfig: auto-save-60s
00:22:46 Saving config file
00:23:26 saveConfig: saving-data
00:23:26 Saving sacks file
00:23:46 saveConfig: auto-save-60s
00:23:46 Saving config file
00:24:46 saveConfig: auto-save-60s
00:24:46 Saving config file
00:25:42 saveConfig: saving-data
00:25:42 Saving sacks file
00:25:46 saveConfig: auto-save-60s
00:25:46 Saving config file
00:26:46 saveConfig: auto-save-60s
00:26:46 Saving config file
00:27:18 saveConfig: saving-data
00:27:18 Saving sacks file
00:27:46 saveConfig: auto-save-60s
00:27:46 Saving config file
00:28:39 saveConfig: saving-data
00:28:39 Saving sacks file
00:28:46 saveConfig: auto-save-60s
00:28:46 Saving config file
00:29:46 saveConfig: auto-save-60s
00:29:46 Saving config file
00:30:01 saveConfig: saving-data
00:30:01 Saving sacks file
00:30:46 saveConfig: auto-save-60s
00:30:46 Saving config file
00:31:04 saveConfig: saving-data
00:31:04 Saving sacks file
00:31:46 saveConfig: auto-save-60s
00:31:46 Saving config file
00:32:07 saveConfig: saving-data
00:32:07 Saving sacks file
00:32:46 saveConfig: auto-save-60s
00:32:46 Saving config file
00:33:00 saveConfig: saving-data
00:33:00 Saving sacks file
00:33:46 saveConfig: auto-save-60s
00:33:46 Saving config file
00:34:46 saveConfig: auto-save-60s
00:34:46 Saving config file
00:35:46 saveConfig: auto-save-60s
00:35:46 Saving config file
00:36:46 saveConfig: auto-save-60s
00:36:46 Saving config file
00:37:46 saveConfig: auto-save-60s
00:37:46 Saving config file
00:38:46 saveConfig: auto-save-60s
00:38:46 Saving config file
00:39:46 saveConfig: auto-save-60s
00:39:46 Saving config file
00:40:46 saveConfig: auto-save-60s
00:40:46 Saving config file
00:41:46 saveConfig: auto-save-60s
00:41:46 Saving config file
00:42:46 saveConfig: auto-save-60s
00:42:46 Saving config file
00:43:46 saveConfig: auto-save-60s
00:43:46 Saving config file
00:44:46 saveConfig: auto-save-60s
00:44:46 Saving config file
00:45:46 saveConfig: auto-save-60s
00:45:46 Saving config file
00:46:46 saveConfig: auto-save-60s
00:46:46 Saving config file
00:47:46 saveConfig: auto-save-60s
00:47:46 Saving config file
00:48:46 saveConfig: auto-save-60s
00:48:46 Saving config file
00:49:46 saveConfig: auto-save-60s
00:49:46 Saving config file
00:50:46 saveConfig: auto-save-60s
00:50:46 Saving config file
00:51:46 saveConfig: auto-save-60s
00:51:46 Saving config file
00:52:46 saveConfig: auto-save-60s
00:52:46 Saving config file
00:53:46 saveConfig: auto-save-60s
00:53:46 Saving config file
00:54:46 saveConfig: auto-save-60s
00:54:46 Saving config file
00:55:46 saveConfig: auto-save-60s
00:55:46 Saving config file
00:56:03 saveConfig: shutdown-hook
00:56:03 Saving config file
