11:55:31 [GARDEN_VISITOR_MESSAGE] §e[NPC] §aAdventurer§f: §r§fExploring the whole wide world makes me hungry, I could take some fresh potatoes.
11:55:34 [GARDEN_VISITOR_MESSAGE] §e[NPC] §aEmissary Wilson§f: §r§fThe King's least favorite vegetable is carrot, so he sent me, his favorite emissary, to make it better!
11:55:36 [GARDEN_VISITOR_MESSAGE] §e[NPC] §aJacob§f: §r§fHowdy! Fine barn ye got there eh? Good lad, you think ye could get me some wheat, eh?
11:55:39 [GARDEN_VISITOR_MESSAGE] §e[NPC] §aJotraeline Greatforge§f: §r§fI heard you have a composter in your barn, it happens to run on the same fuel drills run on! Could I check it out?
11:55:41 [GARDEN_VISITOR_MESSAGE] §e[NPC] §aPlumber Joe§f: §r§fI once dumped a magical water bucket into the toilet. It won't stop overflowing. Anyway, you got something for me?
11:56:46 [GARDEN_VISITOR_MESSAGE] §e[NPC] §aJotraeline Greatforge§f: §r§fQuite fascinating technology you have there, I'm sure with this machinery we could create even better appliances in the future!
11:57:00 [GARDEN_VISITOR_MESSAGE] §e[NPC] §aAdventurer§f: §r§fDarn it, I'll have to find another farmer then.
11:57:10 [GARDEN_VISITOR_MESSAGE] §e[NPC] §aEmissary Wilson§f: §r§fI'm not sure if the carrots would have worked anyways...
11:57:16 [GARDEN_VISITOR_MESSAGE] §e[NPC] §aJacob§f: §r§fGosh darn it matey, can't believe ya do me like that, eh?
11:57:22 [GARDEN_VISITOR_MESSAGE] §e[NPC] §aPlumber Joe§f: §r§fI guess I'll just try to fix it myself.
12:25:35 [GARDEN_VISITOR_MESSAGE] §e[NPC] §aJamie§f: §r§fYou might have noticed that you can purchase additional plots within your Desk in the Barn!
12:25:39 [GARDEN_VISITOR_MESSAGE] §e[NPC] §aJamie§f: §r§fNo worries.
12:25:40 [GARDEN_VISITOR_MESSAGE] §e[NPC] §aFelix§f: §r§fYou won't be able to store any items in the Garden, you should keep them on your Private Island!
12:25:43 [GARDEN_VISITOR_MESSAGE] §e[NPC] §aFelix§f: §r§fMaybe next time.
12:25:44 [GARDEN_VISITOR_MESSAGE] §e[NPC] §9Seymour§f: §r§fWanting to buy something from me? I got some pretty fancy tuxedos for sale, for a price of a small fortune.
12:25:51 [GARDEN_VISITOR_MESSAGE] §e[NPC] §9Seymour§f: §r§f*sigh* You're missing out on some awfully fancy gear.
12:26:42 [BESTIARY] §f                                  §6§lBESTIARY
12:26:42 [BESTIARY] §f                               §b§lFly §7§8XII §8➡§b §bXIII
12:26:42 [BESTIARY] 
12:26:42 [BESTIARY] §f                                  §r§6§lREWARDS
12:26:42 [BESTIARY] §f                          §r§6+0.4☘ Farming Fortune
12:26:42 [BESTIARY] §f                                §r§8+§r§62% §r§aFly §r§7coins
12:26:42 [BESTIARY] §f                    §r§8+§r§a50% §r§7chance for extra XP orbs
12:26:42 [BESTIARY] §f                               §r§8+§r§b1 SkyBlock XP
12:26:42 [BESTIARY] 
12:26:42 [BESTIARY] §3§l▬▬▬▬▬▬▬▬▬▬▬▬▬▬▬▬▬▬▬▬▬▬▬▬▬▬▬▬▬▬▬▬▬▬▬▬▬▬▬▬▬▬▬▬▬▬▬▬▬▬▬▬▬▬▬▬▬▬▬▬▬▬▬▬
12:30:28 [NEW_VISITOR_ARRIVED] §a§r§aShaggy §r§ehas arrived on your §r§bGarden§r§e!
12:30:33 [GARDEN_VISITOR_MESSAGE] §e[NPC] §aShaggy§f: §r§fHey kid, I haven't seen you in a while. Arachne's powers are growing day by day. Soon she'll take over the §cSpider's Den§f.
12:30:38 [GARDEN_VISITOR_MESSAGE] §e[NPC] §aShaggy§f: §r§fI wish peace upon you.
12:35:27 [NEW_VISITOR_ARRIVED] §9§r§9Gwendolyn §r§ehas arrived on your §r§bGarden§r§e!
12:38:36 [NEW_VISITOR_ARRIVED] §9§r§9Grandma Wolf §r§ehas arrived on your §r§bGarden§r§e!
12:41:44 [NEW_VISITOR_ARRIVED] §a§r§aEmissary Fraiser §r§ehas arrived on your §r§bGarden§r§e!
12:45:04 [NEW_VISITOR_ARRIVED] §a§r§aShaggy §r§ehas arrived on your §r§bGarden§r§e!
12:54:05 [NEW_VISITOR_ARRIVED] §a§r§aEmissary Wilson §r§ehas arrived on your §r§bGarden§r§e!
13:21:20 [GARDEN_VISITOR_MESSAGE] §e[NPC] §9Gwendolyn§f: §r§fI don't really have a sweet tooth, but chocolate is probably my favorite thing in this world. But the supply is really poor mostly because of the mines' lack of accessibility.
13:21:24 [GARDEN_VISITOR_MESSAGE] §e[NPC] §9Gwendolyn§f: §r§fI helped you enter the Crystal Hollows so many times! Why won't you return the favor?
13:21:26 [GARDEN_VISITOR_MESSAGE] §e[NPC] §9Grandma Wolf§f: §r§fMy little child, you don't look so good. You should eat something. I have an idea, give me some ingredients and I'll make you a nice soup.
13:21:28 [NEW_VISITOR_ARRIVED] §a§r§aGeonathan Greatforge §r§ehas arrived on your §r§bGarden§r§e!
13:21:31 [GARDEN_VISITOR_MESSAGE] §e[NPC] §9Grandma Wolf§f: §r§fYou denied Grandma Wolf's request. How dare you treat your granny like that.
13:21:38 [GARDEN_VISITOR_MESSAGE] §e[NPC] §aEmissary Fraiser§f: §r§fI know what all the others say, but I am the King's true favorite emissary.
13:21:58 [GARDEN_VISITOR_MESSAGE] §e[NPC] §aEmissary Fraiser§f: §r§fAs the King's true favorite only I know he secretly loves melon.
13:22:00 [GARDEN_VISITOR_MESSAGE] §e[NPC] §aShaggy§f: §r§fHey kid, I haven't seen you in a while. Arachne's powers are growing day by day. Soon she'll take over the §cSpider's Den§f.
13:22:04 [GARDEN_VISITOR_MESSAGE] §e[NPC] §aShaggy§f: §r§fI wish peace upon you.
13:22:05 [GARDEN_VISITOR_MESSAGE] §e[NPC] §aEmissary Wilson§f: §r§fThe King's least favorite vegetable is carrot, so he sent me, his favorite emissary, to make it better!
13:22:10 [GARDEN_VISITOR_MESSAGE] §e[NPC] §aEmissary Wilson§f: §r§fI'm not sure if the carrots would have worked anyways...
13:22:10 [GARDEN_VISITOR_MESSAGE] §e[NPC] §aGeonathan Greatforge§f: §r§fI usually only work with Oil Barrels, but I'd like to try making some Biofuel from compost.
13:22:25 [GARDEN_VISITOR_MESSAGE] §e[NPC] §aGeonathan Greatforge§f: §r§fOil Barrels are far superior, but at least this is 100% renewable. Pretty neat!
13:44:17 [NEW_VISITOR_ARRIVED] §a§r§aJack §r§ehas arrived on your §r§bGarden§r§e!
13:47:42 [NEW_VISITOR_ARRIVED] §a§r§aFisherman §r§ehas arrived on your §r§bGarden§r§e!
13:51:55 [NEW_VISITOR_ARRIVED] §a§r§aLumber Jack §r§ehas arrived on your §r§bGarden§r§e!
13:55:39 [NEW_VISITOR_ARRIVED] §9§r§9Emissary Sisko §r§ehas arrived on your §r§bGarden§r§e!
13:57:53 [GARDEN_VISITOR_MESSAGE] §e[NPC] §aFear Mongerer§f: §r§fMortal, the time of reckoning is near. The Past will light the future.
13:57:59 [GARDEN_VISITOR_MESSAGE] §e[NPC] §aFear Mongerer§f: §r§fSoon.
13:58:00 [GARDEN_VISITOR_MESSAGE] §e[NPC] §aJack§f: §r§fDid you know that you gain additional §6☘ Farming Fortune §fwhile on the §bGarden§f? You can check it in your SkyBlock Profile!
13:58:18 [GARDEN_VISITOR_MESSAGE] §e[NPC] §aJack§f: §r§fI'll come by later.
13:58:19 [GARDEN_VISITOR_MESSAGE] §e[NPC] §aLumber Jack§f: §r§fMy assistant is feeling off, and I think we could do with a hearty meal. Do you think you can help us out?
13:58:26 [GARDEN_VISITOR_MESSAGE] §e[NPC] §aLumber Jack§f: §r§fI thought you'd be more thankful for the sweet axe my assistant gave you.
13:58:27 [GARDEN_VISITOR_MESSAGE] §e[NPC] §9Emissary Sisko§f: §r§fI've heard I can find the best mushrooms here, and as the King's favorite emissary I will bring them to him!
13:58:36 [GARDEN_VISITOR_MESSAGE] §e[NPC] §9Emissary Sisko§f: §r§fYou are going to regret this!
13:58:38 [GARDEN_VISITOR_MESSAGE] §e[NPC] §aFisherman§f: §r§fA Carrot King has been scaring off all the good fish, I need to deal with it before I lose more fish.
13:58:44 [GARDEN_VISITOR_MESSAGE] §e[NPC] §aFisherman§f: §r§fS'alright, we are all busy some days.
14:01:05 [NEW_VISITOR_ARRIVED] §a§r§aFisherman §r§ehas arrived on your §r§bGarden§r§e!
14:10:06 [NEW_VISITOR_ARRIVED] §9§r§9Tia the Fairy §r§ehas arrived on your §r§bGarden§r§e!
14:19:06 [NEW_VISITOR_ARRIVED] §9§r§9Seymour §r§ehas arrived on your §r§bGarden§r§e!
