11:36:54 §e[SkyHanni] §aSkyHanni found a new update: 0.27 Beta 4. Check §b/sh download update §afor more info.§r
11:37:28 §e[SkyHanni] You have gained §b350 §eBits.§r
11:52:11 §e[SkyHanni] You have gained §b7 §eBits.§r
11:52:46 §e[SkyHanni] You have gained §b7 §eBits.§r
11:53:15 §e[SkyHanni] You have gained §b7 §eBits.§r
11:53:46 §e[SkyHanni] You have gained §b7 §eBits.§r
11:54:16 §e[SkyHanni] You have gained §b7 §eBits.§r
11:55:18 §e[SkyHanni] §cYour Organic Matter is low!§r
11:55:18 §e[SkyHanni] §aAdventurer §eis visiting your garden!§r
11:55:18 §e[SkyHanni] §aEmissary Wilson §eis visiting your garden!§r
11:55:18 §e[SkyHanni] §aJacob §eis visiting your garden!§r
11:55:18 §e[SkyHanni] §aJotraeline Greatforge §eis visiting your garden!§r
11:55:18 §e[SkyHanni] §aPlumber Joe §eis visiting your garden!§r
11:56:47 §e[SkyHanni] You have gained §b7 §eBits.§r
12:07:37 §e[SkyHanni] Mark NEU Heavy Pearls as done.§r
12:08:02 §e[SkyHanni] You have gained §b350 §eBits.§r
12:25:28 §e[SkyHanni] §9Seymour §eis visiting your garden!§r
12:25:28 §e[SkyHanni] §aFelix §eis visiting your garden!§r
12:25:28 §e[SkyHanni] §aJamie §eis visiting your garden!§r
12:26:20 §e[SkyHanni] You have gained §b14 §eBits.§r
12:26:31 §e[SkyHanni] You have gained §b7 §eBits.§r
12:26:42 §6§lBESTIARY §r§b§lFly §7§8XII §8➡§b §bXIII§r
12:26:42 §e[SkyHanni] You have gained §b7 §eBits.§r
12:27:33 §e[SkyHanni] You have gained §b7 §eBits.§r
12:27:47 §e[SkyHanni] You have gained §b7 §eBits.§r
12:28:11 §e[SkyHanni] You have gained §b7 §eBits.§r
12:28:18 §e[SkyHanni] You have gained §b7 §eBits.§r
12:28:29 §e[SkyHanni] You have gained §b7 §eBits.§r
12:30:29 §e[SkyHanni] §aShaggy §eis visiting your garden!§r
12:30:50 §e[SkyHanni] §b+2 SkyBlock XP §7(Crop Upgrades§7)§b (49/100)§r
12:33:26 §e[SkyHanni] Loaded Melon milestone data from tab list!§r
12:35:29 §e[SkyHanni] §9Gwendolyn §eis visiting your garden!§r
12:38:13 §e[SkyHanni] You have gained §b350 §eBits.§r
12:38:38 §e[SkyHanni] §9Grandma Wolf §eis visiting your garden!§r
12:41:44 §e[SkyHanni] §aEmissary Fraiser §eis visiting your garden!§r
12:45:06 §e[SkyHanni] §aShaggy §eis visiting your garden!§r
12:54:07 §e[SkyHanni] §aEmissary Wilson §eis visiting your garden!§r
12:54:33 §e[SkyHanni] §cCan not read Crop Fortune from tab list! Open /widget, enable the Stats Widget and show latest Crop Fortune, also give the widget enough priority.§r
13:08:40 §e[SkyHanni] You have gained §b350 §eBits.§r
13:21:30 §e[SkyHanni] §aGeonathan Greatforge §eis visiting your garden!§r
13:21:56 §e[SkyHanni] §lCLICK HERE§r§e to grab §ax1 §9§9Enchanted Melon Block§e from sacks!§r
13:21:58 §e[SkyHanni] You have gained §b14 §eBits.§r
13:22:26 §e[SkyHanni] You have gained §b7 §eBits.§r
13:39:58 §e[SkyHanni] §aFear Mongerer §eis visiting your garden!§r
13:40:03 §e[SkyHanni] You have gained §b350 §eBits.§r
13:44:19 §e[SkyHanni] §aJack §eis visiting your garden!§r
13:47:44 §e[SkyHanni] §aFisherman §eis visiting your garden!§r
13:51:58 §e[SkyHanni] §aLumber Jack §eis visiting your garden!§r
13:55:42 §e[SkyHanni] §9Emissary Sisko §eis visiting your garden!§r
13:56:34 §e[SkyHanni] You have gained §b7 §eBits.§r
13:56:43 §e[SkyHanni] §b+1 SkyBlock XP §7(Crop Milestones§7)§b (50/100)§r
13:56:45 §e[SkyHanni] You have gained §b14 §eBits.§r
13:56:53 §e[SkyHanni] You have gained §b21 §eBits.§r
13:57:06 §e[SkyHanni] You have gained §b7 §eBits.§r
14:01:07 §e[SkyHanni] §aFisherman §eis visiting your garden!§r
14:10:08 §e[SkyHanni] §9Tia the Fairy §eis visiting your garden!§r
14:10:11 §e[SkyHanni] You have gained §b350 §eBits.§r
14:19:07 §e[SkyHanni] §9Seymour §eis visiting your garden!§r
14:29:18 §e[SkyHanni] §lCLICK HERE§r§e to grab §ax126 §9§aEnchanted Melon§e from sacks!§r
14:29:23 §e[SkyHanni] §lCLICK HERE§r§e to grab §ax63 §9§9Enchanted Melon Block§e from sacks!§r
14:40:24 §e[SkyHanni] You have gained §b350 §eBits.§r
15:10:43 §e[SkyHanni] §bNo Bits Available! §eClick to buy booster cookies on the bazaar.§r
15:10:43 §e[SkyHanni] You have gained §b266 §eBits.§r
