09:19:38 [allowed] §f §r§r§r§f §r§r§r§1 §r§r§r§0 §r§r§r§2 §r§r§r§f §r§r§r§f §r§r§r§2 §r§r§r§0 §r§r§r§4 §r§r§r§3 §r§r§r§9 §r§r§r§2 §r§r§r§0 §r§r§r§0 §r§r§r§3 §r§r§r§9 §r§r§r§2 §r§r§r§0 §r§r§r§0 §r§r§r§3 §r§r§r§9 §r§r§r§2 §r§r§r§0 §r§r§r§0 
09:19:38 [allowed] §aYou have §b1 §aunclaimed leveling reward!
09:19:38 [allowed] §eClick here to view it!
09:19:39 [allowed]   §r§f§l➤ §r§6You have reached your Hype limit! Add Hype to Prototype Lobby minigames by right-clicking with the Hype Diamond!
09:19:40 [allowed] §b[MVP§9+§b] lokisolos§f §6joined the lobby!
09:19:40 [allowed] §b[MVP§c+§b] Beefducky§f §6joined the lobby!
09:19:42 [allowed] §7Sending to server mini90AJ...
09:19:42 [allowed] §8 §r§8 §r§1 §r§3 §r§3 §r§7 §r§8 
09:19:42 [allowed] §eYou haven't claimed your §r§6Summer Rewards §r§eyet!
09:19:42 [allowed] §eTalk to the §r§bSummer Sloth §r§ein the §r§aHub!
09:19:42 [allowed] §aSince you've been away you earned §r§6351,764 coins §r§aas interest in your personal bank account!
09:19:44 [allowed] 
09:19:44 [allowed] §eWelcome to §r§aHypixel SkyBlock§r§e!
09:19:44 [allowed] §6§lBONUS! §r§bTemporarily earn §r§a5% §r§bmore skill experience!
09:19:44 [allowed] 
09:19:44 [allowed] §9§n§eLatest update: §bSkyBlock v0.20.5 §e§lCLICK
09:19:45 [allowed] §c ☠ §r§7§r§bJxnnoo§r§7 was killed by Glacite Walker§r§7§r§7.
09:19:45 [allowed] §aYou are playing on profile: §ePineapple
09:19:45 [allowed] §8Profile ID: cbcbcaaa-4182-4d77-bab6-b1345770fa92
09:19:46 [allowed] §6§lALLOWANCE! §r§eYou earned §r§650,000 coins§r§e!
09:19:50 [allowed] §7Warping...
09:19:53 [allowed] §c ☠ §r§7§r§binfernoslayer621§r§7 was killed by Goblin§r§7§r§7.
09:19:53 [allowed] §7Warping...
09:20:37 [allowed] §7Warping you to your SkyBlock island...
09:20:38 [allowed] §7Sending to server mini25F...
09:20:38 [allowed] §8 §r§8 §r§1 §r§3 §r§3 §r§7 §r§8 
09:20:38 [allowed] §eYou haven't claimed your §r§6Summer Rewards §r§eyet!
09:20:38 [allowed] §eTalk to the §r§bSummer Sloth §r§ein the §r§aHub!
09:20:41 [allowed] §aYou are playing on profile: §ePineapple
09:20:41 [allowed] §8Profile ID: cbcbcaaa-4182-4d77-bab6-b1345770fa92
09:21:38 [allowed] §a§r§6Mining Speed Boost §r§ais now available!
10:01:04 [allowed] §f
10:01:04 [allowed] §4[WATCHDOG ANNOUNCEMENT]
10:01:04 [allowed] §fWatchdog has banned §r§c§l16,742§r§f players in the last 7 days.
10:01:04 [allowed] §fStaff have banned an additional §r§c§l15,605§r§f in the last 7 days.
10:01:04 [allowed] §cBlacklisted modifications are a bannable offense!
10:01:04 [allowed] §c
10:08:11 [allowed] §eYou claimed the §r§dChronomatron §r§erewards!
10:08:11 [allowed]  §r§8+§r§354,000 Enchanting Exp
10:08:11 [allowed] §8 +§r§d3 Superpairs clicks
10:09:39 [allowed] §eYou claimed the §r§dUltrasequencer §r§erewards!
10:09:39 [allowed]  §r§8+§r§342,000 Enchanting Exp
10:09:39 [allowed] §8 +§r§d3 Superpairs clicks
10:10:46 [allowed] §aYou earned §r§e290 Event EXP §r§afrom playing SkyBlock!
10:12:24 [allowed] §6[Bazaar] §r§7Claiming order...
10:12:24 [allowed] §6[Bazaar] §r§7§r§7Claimed §r§61,563,167 coins §r§7from selling §r§a6§r§7x §r§6Fermento §r§7at §r§6263,492 §r§7each!
10:12:34 [allowed] §6[Bazaar] §r§7Executing instant buy...
10:12:34 [allowed] §6[Bazaar] §r§7Bought §r§a1§r§7x §r§9Titanic Experience Bottle §r§7for §r§6539,989 coins§r§7!
10:12:37 [allowed] §cAutopet §eequipped your §7[Lvl 100] §6Scatha§e! §a§lVIEW RULE
10:12:37 [allowed] §cAutopet §eequipped your §7[Lvl 155] §6Golden Dragon§e! §a§lVIEW RULE
10:13:27 [allowed] §eYou claimed the §r§dSuperpairs §r§erewards!
10:13:27 [allowed] §8 +§r§3600k Enchanting Exp
10:13:27 [allowed]  §r§8+§r§aCaster V
10:13:27 [allowed]  §r§8+§r§3143k Enchanting Exp
10:13:27 [allowed]  §r§8+§r§3150k Enchanting Exp
10:13:27 [allowed]  §r§8+§r§9Titanic Experience Bottle
10:13:27 [allowed]  §r§8+§r§3142k Enchanting Exp
10:13:27 [allowed]  §r§8+§r§3140k Enchanting Exp
10:13:32 [allowed] §7[§bSkyblockAddons§7] §cDrop this item again to confirm!
10:13:37 [allowed] §6[Bazaar] §r§7Putting goods in escrow...
10:13:37 [allowed] §6[Bazaar] §r§7Submitting sell offer...
10:13:37 [allowed] §6[Bazaar] §r§7§r§eSell Offer Setup! §r§a2§r§7x §r§9Titanic Experience Bottle §r§7for §r§61,067,828 coins§r§7.
10:13:49 [allowed] §6[Bazaar] §eYour §6Sell Offer §efor §a2§7x §9Titanic Experience Bottle §ewas filled!
10:13:58 [allowed] §6[Bazaar] §r§7Claiming order...
10:13:58 [allowed] §6[Bazaar] §r§7§r§7Claimed §r§61,067,828 coins §r§7from selling §r§a2§r§7x §r§9Titanic Experience Bottle §r§7at §r§6539,989 §r§7each!
10:14:01 [allowed] §8Depositing coins...
10:14:01 [allowed] §aYou have deposited §r§62.1M coins§r§a! You now have §r§633M coins §r§ain your account!
10:14:41 [allowed] §aYou summoned your §r§6Rabbit§r§a!
10:15:47 [allowed] §aYou earned §r§e622 Event EXP §r§afrom playing SkyBlock!
10:16:40 [allowed] §8Withdrawing coins...
10:16:40 [allowed] §aYou have withdrawn §r§65M coins§r§a! You now have §r§628M coins §r§ain your account!
10:18:12 [allowed] §6[Bazaar] §r§7Putting goods in escrow...
10:18:12 [allowed] §6[Bazaar] §r§7Submitting buy order...
10:18:13 [allowed] §6[Bazaar] §r§7§r§eBuy Order Setup! §r§a5§r§7x §r§5Power Crystal §r§7for §r§63,644,180 coins§r§7.
10:18:23 [allowed] §8Depositing coins...
10:18:23 [allowed] §aYou have deposited §r§61.3M coins§r§a! You now have §r§629M coins §r§ain your account!
10:19:38 [allowed] §7Warping...
10:19:38 [allowed] §7Sending to server mini6CR...
10:19:38 [allowed] §8 §r§8 §r§1 §r§3 §r§3 §r§7 §r§8 
10:19:38 [allowed] §eYou haven't claimed your §r§6Summer Rewards §r§eyet!
10:19:38 [allowed] §eTalk to the §r§bSummer Sloth §r§ein the §r§aHub!
10:19:40 [allowed] §cThere are blocks in the way!
10:19:40 [allowed] §cThere are blocks in the way!
10:19:41 [allowed] §aYou are playing on profile: §ePineapple
10:19:41 [allowed] §8Profile ID: cbcbcaaa-4182-4d77-bab6-b1345770fa92
10:19:55 [allowed] §cThere are blocks in the way!
10:20:27 [allowed] §cFind a way to reach the top of the stomach!
10:20:38 [allowed] §a§r§6Mining Speed Boost §r§ais now available!
10:20:42 [allowed] §7Warping you to your SkyBlock island...
10:20:42 [allowed] §7Sending to server mini4AU...
10:20:43 [allowed] §8 §r§8 §r§1 §r§3 §r§3 §r§7 §r§8 
10:20:43 [allowed] §eYou haven't claimed your §r§6Summer Rewards §r§eyet!
10:20:43 [allowed] §eTalk to the §r§bSummer Sloth §r§ein the §r§aHub!
10:20:46 [allowed] §aYou are playing on profile: §ePineapple
10:20:46 [allowed] §8Profile ID: cbcbcaaa-4182-4d77-bab6-b1345770fa92
10:20:58 [allowed] §7Warping...
10:20:58 [allowed] §7Sending to server mini145CP...
10:20:58 [allowed] §8 §r§8 §r§1 §r§3 §r§3 §r§7 §r§8 
10:20:58 [allowed] §eYou haven't claimed your §r§6Summer Rewards §r§eyet!
10:20:58 [allowed] §eTalk to the §r§bSummer Sloth §r§ein the §r§aHub!
10:21:00 [allowed] §cThere are blocks in the way!
10:21:00 [allowed] §cThere are blocks in the way!
10:21:01 [allowed] §cThere are blocks in the way!
10:21:01 [allowed] §aYou are playing on profile: §ePineapple
10:21:01 [allowed] §8Profile ID: cbcbcaaa-4182-4d77-bab6-b1345770fa92
10:21:57 [allowed] §cThere are blocks in the way!
10:21:58 [allowed] §cAbilities are disabled in this area!
10:21:59 [allowed] §a§r§6Mining Speed Boost §r§ais now available!
10:22:08 [allowed] §7Warping...
10:22:08 [allowed] §7Sending to server mini6AP...
10:22:08 [allowed] §8 §r§8 §r§1 §r§3 §r§3 §r§7 §r§8 
10:22:08 [allowed] §eYou haven't claimed your §r§6Summer Rewards §r§eyet!
10:22:08 [allowed] §eTalk to the §r§bSummer Sloth §r§ein the §r§aHub!
10:22:11 [allowed] §aYou are playing on profile: §ePineapple
10:22:11 [allowed] §8Profile ID: cbcbcaaa-4182-4d77-bab6-b1345770fa92
10:22:20 [allowed] §e[NPC] §aCarnival Leader§f: §rNice to see you here again, §aHotBaconWasTaken§f!
10:22:21 [allowed] §e[NPC] §aCarnival Leader§f: §rIt's a new §bday§f, which means you get more §aCarnival Tickets§f!
10:22:26 [allowed] §aYou claimed §r§aCarnival Ticket §r§8x25§r§a!
10:22:26 [allowed] §e[NPC] §aCarnival Leader§f: §rRemember, if you have any questions, I'll be right here.
10:22:29 [allowed] §e[NPC] §aCarnival Leader§f: §rGood luck, and have §eA Carnivalot of Fun™§f!
10:22:29 [allowed] §e[NPC] Carnival Pirateman§f: §rAhoy there, matey!
10:22:29 [allowed] §e[NPC] Carnival Pirateman§f: §rWould ye like to do some §6Fruit Digging§f?
10:22:30 [allowed] §eSelect an option: §r
 §e ➜ §a[Aye sure do!] §r
 §e ➜ §b[Could ye tell me the rules again, Captain?] §r
 §e ➜ §c[I'll set me sights elsewhere.] 
10:22:32 [allowed] §e[NPC] Carnival Pirateman§f: §rHere's yer §ashovel§f, then.
10:22:33 [allowed] §e[NPC] Carnival Pirateman§f: §rGood luck, matey!
10:23:04 [allowed] §c§lMINES! §r§fThere are §r§60 §r§fbombs hidden nearby.
10:23:09 [allowed] §a§r§6Mining Speed Boost §r§ais now available!
10:23:12 [allowed] §6§lTREASURE! §r§fThere is a §r§5Cherry §r§fnearby.
10:23:15 [allowed] §6§lTREASURE! §r§fThere is a §r§aMango §r§fnearby.
10:23:17 [allowed] §8[§r§2193§r§8] §r§b[MVP§c+§b] JayKAY_Flxn§f§r§f: how does people ger 67k points in zombie shootout?
10:23:18 [allowed] §6§lTREASURE! §r§fThere is a §r§5Cherry §r§fnearby.
10:23:21 [allowed] §6§lTREASURE! §r§fThere is a §r§5Coconut §r§fnearby.
10:23:23 [allowed] §6§lTREASURE! §r§fThere is a §r§5Durian §r§fnearby.
10:23:26 [allowed] §6§lTREASURE! §r§fThere is a §r§5Durian §r§fnearby.
10:23:29 [allowed] §8[§r§a131§r§8] §r§7ᛃ §r§a[VIP§6+§a] Yusef_7§f§r§f: idk tbh
10:23:33 [allowed] §a§l▬▬▬▬▬▬▬▬▬▬▬▬▬▬▬▬▬▬▬▬▬▬▬▬▬▬▬▬▬▬▬▬▬▬▬▬▬▬▬▬▬▬▬▬▬▬▬▬▬▬▬▬▬▬▬▬▬▬▬▬▬▬▬▬
10:23:33 [allowed] §f                               §r§6§lFruit Digging
10:23:33 [allowed] 
10:23:33 [allowed] §f                                 §r§fYour Score
10:23:33 [allowed] §f                                     §a3,300
10:23:33 [allowed] 
10:23:33 [allowed] §f                              §r§fFruits Collected
10:23:33 [allowed] §f      §r§f1x §r§aApple§r§f, §r§f2x §r§aMango§r§f, §r§f4x §r§9Pomegranate§r§f, §r§f2x §r§9Watermelon§r§f, §r§f1x
§r§f           §r§5Cherry§r§f, §r§f3x §r§5Coconut§r§f, §r§f1x §r§5Durian§r§f, §r§f2x §r§cBomb§r§f, §r§f1x §r§eRum
10:23:33 [allowed] 
10:23:33 [allowed] §f                    You earned §r§e33 Carnival Tokens§r§7!
10:23:33 [allowed] §a§l▬▬▬▬▬▬▬▬▬▬▬▬▬▬▬▬▬▬▬▬▬▬▬▬▬▬▬▬▬▬▬▬▬▬▬▬▬▬▬▬▬▬▬▬▬▬▬▬▬▬▬▬▬▬▬▬▬▬▬▬▬▬▬▬
10:23:34 [allowed] §e[NPC] Carnival Pirateman§f: §rAhoy there, matey!
10:23:35 [allowed] §e[NPC] Carnival Pirateman§f: §rWould ye like to do some §6Fruit Digging§f?
10:23:35 [allowed] §eSelect an option: §r
 §e ➜ §a[Aye sure do!] §r
 §e ➜ §b[Could ye tell me the rules again, Captain?] §r
 §e ➜ §c[I'll set me sights elsewhere.] 
10:23:36 [allowed] §8[§r§2193§r§8] §r§b[MVP§c+§b] JayKAY_Flxn§f§r§f: its all rigged
10:23:36 [allowed] §e[NPC] Carnival Pirateman§f: §rHere's yer §ashovel§f, then.
10:23:37 [allowed] §e[NPC] Carnival Pirateman§f: §rGood luck, matey!
10:23:39 [allowed] §8[§r§a131§r§8] §r§7ᛃ §r§a[VIP§6+§a] Yusef_7§f§r§f: probably glitching or macro's
10:23:54 [allowed] §c§lMINES! §r§fThere is §r§61 §r§fbomb hidden nearby.
10:23:58 [allowed] §c§lMINES! §r§fThere are §r§60 §r§fbombs hidden nearby.
10:24:25 [allowed] §a§l▬▬▬▬▬▬▬▬▬▬▬▬▬▬▬▬▬▬▬▬▬▬▬▬▬▬▬▬▬▬▬▬▬▬▬▬▬▬▬▬▬▬▬▬▬▬▬▬▬▬▬▬▬▬▬▬▬▬▬▬▬▬▬▬
10:24:25 [allowed] §f                               §r§6§lFruit Digging
10:24:25 [allowed] 
10:24:25 [allowed] §f                                 §r§fYour Score
10:24:25 [allowed] §f                                     §a4,550
10:24:25 [allowed] 
10:24:25 [allowed] §f                              §r§fFruits Collected
10:24:25 [allowed] §f      §r§f3x §r§aApple§r§f, §r§f2x §r§aMango§r§f, §r§f2x §r§9Pomegranate§r§f, §r§f3x §r§9Watermelon§r§f, §r§f2x
§r§f                §r§5Cherry§r§f, §r§f3x §r§5Coconut§r§f, §r§f2x §r§5Durian§r§f, §r§f1x §r§eRum
10:24:25 [allowed] 
10:24:25 [allowed] §f                    You earned §r§e45 Carnival Tokens§r§7!
10:24:25 [allowed] §a§l▬▬▬▬▬▬▬▬▬▬▬▬▬▬▬▬▬▬▬▬▬▬▬▬▬▬▬▬▬▬▬▬▬▬▬▬▬▬▬▬▬▬▬▬▬▬▬▬▬▬▬▬▬▬▬▬▬▬▬▬▬▬▬▬
10:24:28 [allowed] §e[NPC] Carnival Pirateman§f: §rAhoy there, matey!
10:24:28 [allowed] §e[NPC] Carnival Pirateman§f: §rWould ye like to do some §6Fruit Digging§f?
10:24:29 [allowed] §eSelect an option: §r
 §e ➜ §a[Aye sure do!] §r
 §e ➜ §b[Could ye tell me the rules again, Captain?] §r
 §e ➜ §c[I'll set me sights elsewhere.] 
10:24:30 [allowed] §e[NPC] Carnival Pirateman§f: §rHere's yer §ashovel§f, then.
10:24:31 [allowed] §e[NPC] Carnival Pirateman§f: §rGood luck, matey!
10:24:32 [allowed] §c ☠ §r§7§r§7Chris_vs_Games§r§7 was killed by Crypt Ghoul§r§7§r§7.
10:24:42 [allowed] §c§lMINES! §r§fThere is §r§61 §r§fbomb hidden nearby.
10:24:48 [allowed] §8[§r§a131§r§8] §r§7ᛃ §r§a[VIP§6+§a] Yusef_7§f§r§f: Yea Fish411 with the highest score is a lvl 441 or smth so I don't think bruh is cheating tbh
10:25:00 [allowed] §c§lMINES! §r§fThere are §r§60 §r§fbombs hidden nearby.
10:25:24 [allowed] §a§l▬▬▬▬▬▬▬▬▬▬▬▬▬▬▬▬▬▬▬▬▬▬▬▬▬▬▬▬▬▬▬▬▬▬▬▬▬▬▬▬▬▬▬▬▬▬▬▬▬▬▬▬▬▬▬▬▬▬▬▬▬▬▬▬
10:25:24 [allowed] §f                               §r§6§lFruit Digging
10:25:24 [allowed] 
10:25:24 [allowed] §f                                 §r§fYour Score
10:25:24 [allowed] §f                                     §a3,950
10:25:24 [allowed] 
10:25:24 [allowed] §f                              §r§fFruits Collected
10:25:24 [allowed] §f      §r§f3x §r§aApple§r§f, §r§f3x §r§aMango§r§f, §r§f3x §r§9Pomegranate§r§f, §r§f3x §r§9Watermelon§r§f, §r§f3x
§r§f               §r§5Coconut§r§f, §r§f1x §r§dDragonfruit§r§f, §r§f1x §r§cBomb§r§f, §r§f1x §r§eRum
10:25:24 [allowed] 
10:25:24 [allowed] §f                    You earned §r§e39 Carnival Tokens§r§7!
10:25:24 [allowed] §a§l▬▬▬▬▬▬▬▬▬▬▬▬▬▬▬▬▬▬▬▬▬▬▬▬▬▬▬▬▬▬▬▬▬▬▬▬▬▬▬▬▬▬▬▬▬▬▬▬▬▬▬▬▬▬▬▬▬▬▬▬▬▬▬▬
10:25:27 [allowed] §e[NPC] Carnival Pirateman§f: §rAhoy there, matey!
10:25:28 [allowed] §e[NPC] Carnival Pirateman§f: §rWould ye like to do some §6Fruit Digging§f?
10:25:28 [allowed] §eSelect an option: §r
 §e ➜ §a[Aye sure do!] §r
 §e ➜ §b[Could ye tell me the rules again, Captain?] §r
 §e ➜ §c[I'll set me sights elsewhere.] 
10:25:30 [allowed] §e[NPC] Carnival Pirateman§f: §rHere's yer §ashovel§f, then.
10:25:31 [allowed] §e[NPC] Carnival Pirateman§f: §rGood luck, matey!
10:26:07 [allowed] §a§l▬▬▬▬▬▬▬▬▬▬▬▬▬▬▬▬▬▬▬▬▬▬▬▬▬▬▬▬▬▬▬▬▬▬▬▬▬▬▬▬▬▬▬▬▬▬▬▬▬▬▬▬▬▬▬▬▬▬▬▬▬▬▬▬
10:26:07 [allowed] §f                               §r§6§lFruit Digging
10:26:07 [allowed] 
10:26:07 [allowed] §f                                 §r§fYour Score
10:26:07 [allowed] §f                                     §a4,050
10:26:07 [allowed] 
10:26:07 [allowed] §f                              §r§fFruits Collected
10:26:07 [allowed] §f      §r§f4x §r§aApple§r§f, §r§f7x §r§aMango§r§f, §r§f1x §r§9Pomegranate§r§f, §r§f3x §r§9Watermelon§r§f, §r§f3x
§r§f                                   §r§5Coconut
10:26:07 [allowed] 
10:26:07 [allowed] §f                    You earned §r§e40 Carnival Tokens§r§7!
10:26:07 [allowed] §a§l▬▬▬▬▬▬▬▬▬▬▬▬▬▬▬▬▬▬▬▬▬▬▬▬▬▬▬▬▬▬▬▬▬▬▬▬▬▬▬▬▬▬▬▬▬▬▬▬▬▬▬▬▬▬▬▬▬▬▬▬▬▬▬▬
10:26:08 [allowed] §e[NPC] Carnival Pirateman§f: §rAhoy there, matey!
10:26:09 [allowed] §e[NPC] Carnival Pirateman§f: §rWould ye like to do some §6Fruit Digging§f?
10:26:09 [allowed] §eSelect an option: §r
 §e ➜ §a[Aye sure do!] §r
 §e ➜ §b[Could ye tell me the rules again, Captain?] §r
 §e ➜ §c[I'll set me sights elsewhere.] 
10:26:11 [allowed] §e[NPC] Carnival Pirateman§f: §rHere's yer §ashovel§f, then.
10:26:12 [allowed] §e[NPC] Carnival Pirateman§f: §rGood luck, matey!
10:26:29 [allowed] §aYou earned §r§e906 Event EXP §r§afrom playing SkyBlock!
10:26:52 [allowed] §a§l▬▬▬▬▬▬▬▬▬▬▬▬▬▬▬▬▬▬▬▬▬▬▬▬▬▬▬▬▬▬▬▬▬▬▬▬▬▬▬▬▬▬▬▬▬▬▬▬▬▬▬▬▬▬▬▬▬▬▬▬▬▬▬▬
10:26:52 [allowed] §f                               §r§6§lFruit Digging
10:26:52 [allowed] 
10:26:52 [allowed] §f                                 §r§fYour Score
10:26:52 [allowed] §f                                     §a3,300
10:26:52 [allowed] 
10:26:52 [allowed] §f                              §r§fFruits Collected
10:26:52 [allowed] §f  §r§f3x §r§aApple§r§f, §r§f6x §r§aMango§r§f, §r§f3x §r§9Pomegranate§r§f, §r§f3x §r§9Watermelon§r§f, §r§f1x §r§cBomb§r§f,
§r§f                                    §r§f2x §r§eRum
10:26:52 [allowed] 
10:26:52 [allowed] §f                    You earned §r§e33 Carnival Tokens§r§7!
10:26:52 [allowed] §a§l▬▬▬▬▬▬▬▬▬▬▬▬▬▬▬▬▬▬▬▬▬▬▬▬▬▬▬▬▬▬▬▬▬▬▬▬▬▬▬▬▬▬▬▬▬▬▬▬▬▬▬▬▬▬▬▬▬▬▬▬▬▬▬▬
10:26:57 [allowed] §e[NPC] Carnival Pirateman§f: §rAhoy there, matey!
10:26:57 [allowed] §e[NPC] Carnival Pirateman§f: §rWould ye like to do some §6Fruit Digging§f?
10:26:58 [allowed] §eSelect an option: §r
 §e ➜ §a[Aye sure do!] §r
 §e ➜ §b[Could ye tell me the rules again, Captain?] §r
 §e ➜ §c[I'll set me sights elsewhere.] 
10:26:59 [allowed] §e[NPC] Carnival Pirateman§f: §rSorry lad, but ye don't have §85x §aCarnival Tickets§f. Ye gotta pay to play!
10:27:01 [allowed] §e[NPC] Carnival Pirateman§f: §rYe'll have to get yer nutrients elsewhere.
10:27:29 [allowed] §cYou don't have enough Carnival Tokens!
10:27:41 [allowed] §8Withdrawing coins...
10:27:41 [allowed] §aYou have withdrawn §r§61.7M coins§r§a! You now have §r§628M coins §r§ain your account!
10:27:54 [allowed] §7Putting coins in escrow...
10:27:54 [allowed] §7Processing purchase...
10:27:54 [allowed] §eYou purchased §r§f§r§f§r§fCarnival Mask Bag §r§efor §r§61,500,000 coins§r§e!
10:27:54 [allowed] §7Claiming BIN auction...
10:27:54 [allowed] §eYou claimed §r§f§r§fCarnival Mask Bag §r§efrom §r§b[MVP§r§f+§r§b] KarateMasterOne§r§e's auction!
10:28:25 [allowed] §7Warping...
10:28:25 [allowed] §7Sending to server mini37DG...
10:28:26 [allowed] §8 §r§8 §r§1 §r§3 §r§3 §r§7 §r§8 
10:28:26 [allowed] §eYou haven't claimed your §r§6Summer Rewards §r§eyet!
10:28:26 [allowed] §eTalk to the §r§bSummer Sloth §r§ein the §r§aHub!
10:28:29 [allowed] §aYou are playing on profile: §ePineapple
10:28:29 [allowed] §8Profile ID: cbcbcaaa-4182-4d77-bab6-b1345770fa92
10:28:32 [allowed] §cAutopet §eequipped your §7[Lvl 100] §6Scatha§e! §a§lVIEW RULE
10:28:32 [allowed] §cAutopet §eequipped your §7[Lvl 155] §6Golden Dragon§e! §a§lVIEW RULE
10:28:34 [allowed] §cAutopet §eequipped your §7[Lvl 100] §6Scatha§e! §a§lVIEW RULE
10:28:39 [allowed] §9᠅ §r§fYou've earned §r§b5,232 Glacite Powder §r§ffrom mining your first Glacite of the day!
10:28:43 [allowed] §9᠅ §r§fYou've earned §r§d6,025 Gemstone Powder §r§ffrom mining your first Gemstone of the day!
10:28:43 [allowed] §d§lPRISTINE! §r§fYou found §r§a✎ Flawed Sapphire Gemstone §r§8x18§r§f!
10:28:45 [allowed] §9᠅ §r§fYou've earned §r§25,232 Mithril Powder §r§ffrom mining your first Mithril Ore of the day!
10:28:52 [allowed] §6[Sacks] §r§a+330§r§e items§r§e.§r§8 (Last 12s.)
10:28:52 [allowed] §d§lPRISTINE! §r§fYou found §r§aα Flawed Aquamarine Gemstone §r§8x18§r§f!
10:28:53 [allowed] §d§lPRISTINE! §r§fYou found §r§aα Flawed Aquamarine Gemstone §r§8x19§r§f!
10:28:55 [allowed] §d§lPRISTINE! §r§fYou found §r§aα Flawed Aquamarine Gemstone §r§8x38§r§f!
10:28:59 [allowed] §d§lPRISTINE! §r§fYou found §r§aα Flawed Aquamarine Gemstone §r§8x18§r§f!
10:29:02 [allowed] §d§lPRISTINE! §r§fYou found §r§aα Flawed Aquamarine Gemstone §r§8x18§r§f!
10:29:05 [allowed] §a§lAQUAMARINE GEMSTONE COLLECTOR §r§eCommission Complete! Visit the King §r§eto claim your rewards!
10:29:06 [allowed] §d§lPRISTINE! §r§fYou found §r§aα Flawed Aquamarine Gemstone §r§8x18§r§f!
10:29:07 [allowed] §cAutopet §eequipped your §7[Lvl 155] §6Golden Dragon§e! §a§lVIEW RULE
10:29:11 [allowed] §cAutopet §eequipped your §7[Lvl 100] §6Scatha§e! §a§lVIEW RULE
10:29:12 [allowed] §6[Sacks] §r§a+1,645§r§e items§r§e.§r§8 (Last 19s.)
10:29:14 [allowed] §cThere are blocks in the way!
10:29:19 [allowed] §c ☠ §r§7§r§7P13DR0§r§7 was killed by Glacite Walker§r§7§r§7.
10:29:20 [allowed] §d§lPRISTINE! §r§fYou found §r§a☘ Flawed Citrine Gemstone §r§8x19§r§f!
10:29:22 [allowed] §d§lPRISTINE! §r§fYou found §r§a☘ Flawed Citrine Gemstone §r§8x18§r§f!
10:29:23 [allowed] §d§lPRISTINE! §r§fYou found §r§a☘ Flawed Citrine Gemstone §r§8x38§r§f!
10:29:25 [allowed] §c ☠ §r§7§r§aMaster_lollare§r§7 was killed by Glacite Walker§r§7§r§7.
10:29:26 [allowed] §a§r§6Mining Speed Boost §r§ais now available!
10:29:26 [allowed] §d§lPRISTINE! §r§fYou found §r§a☘ Flawed Citrine Gemstone §r§8x18§r§f!
10:29:29 [allowed] §d§lPRISTINE! §r§fYou found §r§a☘ Flawed Citrine Gemstone §r§8x18§r§f!
10:29:31 [allowed] §d§lPRISTINE! §r§fYou found §r§a☘ Flawed Citrine Gemstone §r§8x18§r§f!
10:29:33 [allowed] §a§lCITRINE GEMSTONE COLLECTOR §r§eCommission Complete! Visit the King §r§eto claim your rewards!
10:29:34 [allowed] §d§lPRISTINE! §r§fYou found §r§a☘ Flawed Citrine Gemstone §r§8x19§r§f!
10:29:35 [allowed] §c ☠ §r§7§r§aMaster_lollare§r§7 burned to death§r§7.
10:29:36 [allowed] §d§lPRISTINE! §r§fYou found §r§a☘ Flawed Citrine Gemstone §r§8x18§r§f!
10:29:37 [allowed] §cAutopet §eequipped your §7[Lvl 155] §6Golden Dragon§e! §a§lVIEW RULE
10:29:38 [allowed] §aYou used your §r§6Mining Speed Boost §r§aPickaxe Ability!
10:29:41 [allowed] §cAutopet §eequipped your §7[Lvl 100] §6Scatha§e! §a§lVIEW RULE
10:29:42 [allowed] §6[Sacks] §r§a+1,936§r§e items§r§e.§r§8 (Last 21s.)
10:29:43 [allowed] §cThere are blocks in the way!
10:29:46 [allowed] §cThere are blocks in the way!
10:29:49 [allowed] §d§lPRISTINE! §r§fYou found §r§a☘ Flawed Peridot Gemstone §r§8x19§r§f!
10:29:49 [allowed] §d§lPRISTINE! §r§fYou found §r§a☘ Flawed Peridot Gemstone §r§8x19§r§f!
10:29:50 [allowed] §d§lPRISTINE! §r§fYou found §r§a☘ Flawed Peridot Gemstone §r§8x18§r§f!
10:29:53 [allowed] §a§lPERIDOT GEMSTONE COLLECTOR §r§eCommission Complete! Visit the King §r§eto claim your rewards!
10:29:53 [allowed] §d§lPRISTINE! §r§fYou found §r§a☘ Flawed Peridot Gemstone §r§8x19§r§f!
10:29:54 [allowed] §d§lPRISTINE! §r§fYou found §r§a☘ Flawed Peridot Gemstone §r§8x38§r§f!
10:29:56 [allowed] §cAutopet §eequipped your §7[Lvl 155] §6Golden Dragon§e! §a§lVIEW RULE
10:29:57 [allowed] §cThis ability is on cooldown for 4s.
10:29:57 [allowed] §cThis ability is on cooldown for 101s.
10:29:58 [allowed] §cYour Mining Speed Boost has expired!
10:29:58 [allowed] §cThis ability is on cooldown for 3s.
10:29:58 [allowed] §cThis ability is on cooldown for 100s.
10:29:59 [allowed] §cThis ability is on cooldown for 2s.
10:29:59 [allowed] §cThis ability is on cooldown for 99s.
10:30:00 [allowed] §cThis ability is on cooldown for 1s.
10:30:00 [allowed] §6[Sacks] §r§a+2,060§r§e items§r§e.§r§8 (Last 11s.)
10:30:00 [allowed] §cThis ability is on cooldown for 98s.
10:30:01 [allowed] §cThis ability is on cooldown for 97s.
10:30:04 [allowed] §cAutopet §eequipped your §7[Lvl 100] §6Scatha§e! §a§lVIEW RULE
10:30:17 [allowed] §6[Sacks] §r§a+336§r§e items§r§e.§r§8 (Last 7s.)
10:30:26 [allowed] §6[Sacks] §r§a+286§r§e items§r§e.§r§8 (Last 8s.)
10:30:33 [allowed] §6[Sacks] §r§a+163§r§e items§r§e.§r§8 (Last 6s.)
10:30:39 [allowed] §9§lBRRR! §r§bIt's getting really cold in here! But you've got to keep moving...
10:30:41 [allowed] §6[Sacks] §r§a+269§r§e items§r§e.§r§8 (Last 7s.)
10:30:44 [allowed] §6The sound of pickaxes clashing against the rock has attracted the attention of the §r§6§lPOWDER GHAST!
10:30:44 [allowed] §eFind the §r§6Powder Ghast§r§e near the §r§bForge Basin§r§e!
10:31:02 [allowed] §c ☠ §r§7§r§aMaster_lollare§r§7 was killed by Glacite Walker§r§7§r§7.
10:31:10 [allowed] §b§lCOMPACT! §r§fYou found an §r§9Enchanted Glacite§r§f!
10:31:12 [allowed] §aYou earned §r§e506 Event EXP §r§afrom playing SkyBlock!
10:31:13 [allowed] §c ☠ §r§7§r§aMaster_lollare§r§7 burned to death§r§7.
10:31:16 [allowed] §6[Sacks] §r§a+1,180§r§e items§r§e.§r§8 (Last 30s.)
10:31:19 [allowed] §c ☠ §r§7§r§7P13DR0§r§7 was killed by §r§5Star Sentry§r§7§r§7.
10:31:38 [allowed] §aYou used your §r§6Mining Speed Boost §r§aPickaxe Ability!
10:31:39 [allowed] §a§lGLACITE COLLECTOR §r§eCommission Complete! Visit the King §r§eto claim your rewards!
10:31:39 [allowed] §a§r§6Mining Speed Boost §r§ais now available!
10:31:46 [allowed] §cAutopet §eequipped your §7[Lvl 155] §6Golden Dragon§e! §a§lVIEW RULE
10:31:47 [allowed] §6[Sacks] §r§a+589§r§e items§r§e.§r§8 (Last 30s.)
10:31:58 [allowed] §cYour Mining Speed Boost has expired!
10:31:59 [allowed] §cThere are blocks in the way!
10:32:02 [allowed] §a§lUMBER COLLECTOR §r§eCommission Complete! Visit the King §r§eto claim your rewards!
10:32:07 [allowed] §6[Sacks] §r§a+250§r§e items§r§e.§r§8 (Last 5s.)
10:32:17 [allowed] §c ☠ §r§7§r§7Polidon675§r§7 was killed by §r§5Star Sentry§r§7§r§7.
10:32:37 [allowed] §7Warping you to your SkyBlock island...
10:32:37 [allowed] §7Sending to server mini194AC...
10:32:37 [allowed] §8 §r§8 §r§1 §r§3 §r§3 §r§7 §r§8 
10:32:37 [allowed] §eYou haven't claimed your §r§6Summer Rewards §r§eyet!
10:32:37 [allowed] §eTalk to the §r§bSummer Sloth §r§ein the §r§aHub!
10:32:40 [allowed] §aYou are playing on profile: §ePineapple
10:32:40 [allowed] §8Profile ID: cbcbcaaa-4182-4d77-bab6-b1345770fa92
10:33:37 [allowed] §a§r§6Mining Speed Boost §r§ais now available!
10:35:01 [allowed] §7Warping...
10:35:01 [allowed] §7Sending to server mini148DS...
10:35:01 [allowed] §8 §r§8 §r§1 §r§3 §r§3 §r§7 §r§8 
10:35:01 [allowed] §eYou haven't claimed your §r§6Summer Rewards §r§eyet!
10:35:01 [allowed] §eTalk to the §r§bSummer Sloth §r§ein the §r§aHub!
10:35:04 [allowed] §aYou are playing on profile: §ePineapple
10:35:04 [allowed] §8Profile ID: cbcbcaaa-4182-4d77-bab6-b1345770fa92
10:35:05 [allowed] §7Warping you to your SkyBlock island...
10:35:05 [allowed] §7Sending to server mini194AC...
10:35:06 [allowed] §8 §r§8 §r§1 §r§3 §r§3 §r§7 §r§8 
10:35:06 [allowed] §eYou haven't claimed your §r§6Summer Rewards §r§eyet!
10:35:06 [allowed] §eTalk to the §r§bSummer Sloth §r§ein the §r§aHub!
10:35:09 [allowed] §aYou are playing on profile: §ePineapple
10:35:09 [allowed] §8Profile ID: cbcbcaaa-4182-4d77-bab6-b1345770fa92
10:35:09 [allowed] §cYou may only use this command after 4s on the server!
10:35:13 [allowed] §6[Bazaar] §r§7Cancelling order...
10:35:13 [allowed] §6[Bazaar] §r§7§r§cCancelled! §r§7Refunded §r§63,644,180 coins §r§7from cancelling Buy Order!
10:35:36 [allowed] §6[Bazaar] §r§7Executing instant buy...
10:35:36 [allowed] §6[Bazaar] §r§7Bought §r§a1§r§7x §r§5Power Crystal §r§7for §r§6779,256 coins§r§7!
10:35:37 [allowed] §6[Bazaar] §r§7Executing instant buy...
10:35:37 [allowed] §6[Bazaar] §r§7Bought §r§a1§r§7x §r§5Power Crystal §r§7for §r§6779,256 coins§r§7!
10:35:37 [allowed] §6[Bazaar] §r§7Executing instant buy...
10:35:37 [allowed] §6[Bazaar] §r§7Bought §r§a1§r§7x §r§5Power Crystal §r§7for §r§6779,256 coins§r§7!
10:35:38 [allowed] §6[Bazaar] §r§7Executing instant buy...
10:35:38 [allowed] §6[Bazaar] §r§7Bought §r§a1§r§7x §r§5Power Crystal §r§7for §r§6779,256 coins§r§7!
10:35:46 [allowed] §cThere are blocks in the way!
10:36:06 [allowed] §a§r§6Mining Speed Boost §r§ais now available!
10:37:38 [allowed] §aYou earned §r§e786 Event EXP §r§afrom playing SkyBlock!
10:38:24 [allowed] §aYou summoned your §r§6Sheep§r§a!
10:38:32 [allowed] §7Warping...
10:38:32 [allowed] §7Sending to server mini70BW...
10:38:32 [allowed] §8 §r§8 §r§1 §r§3 §r§3 §r§7 §r§8 
10:38:32 [allowed] §eYou haven't claimed your §r§6Summer Rewards §r§eyet!
10:38:32 [allowed] §eTalk to the §r§bSummer Sloth §r§ein the §r§aHub!
10:38:35 [allowed] §aYou are playing on profile: §ePineapple
10:38:35 [allowed] §8Profile ID: cbcbcaaa-4182-4d77-bab6-b1345770fa92
10:38:47 [allowed] §cThere are blocks in the way!
10:38:47 [allowed] §7Your Implosion hit §r§c1 §r§7enemy for §r§c1,126,427.7 §r§7damage.
10:38:49 [allowed] §cThere are blocks in the way!
10:38:49 [allowed] §7Your Implosion hit §r§c1 §r§7enemy for §r§c1,126,427.7 §r§7damage.
10:38:55 [allowed] §6[Sacks] §r§a+2§r§e items§r§e.§r§8 (Last 7s.)
10:38:57 [allowed] §cThere are blocks in the way!
10:38:57 [allowed] §a§l+5 Kill Combo §r§8§r§b+3✯ Magic Find
10:38:57 [allowed] §7Your Implosion hit §r§c4 §r§7enemies for §r§c4,505,710.8 §r§7damage.
10:39:02 [allowed] §6[Sacks] §r§a+11§r§e items§r§e.§r§8 (Last 5s.)
10:39:05 [allowed] §cYour Kill Combo has expired! You reached a 6 Kill Combo!
10:39:09 [allowed] Unknown command. Type "/help" for help. ('1,126,427')
10:39:14 [allowed] §7Warping you to your SkyBlock island...
10:39:15 [allowed] §7Sending to server mini99AK...
10:39:15 [allowed] §8 §r§8 §r§1 §r§3 §r§3 §r§7 §r§8 
10:39:15 [allowed] §eYou haven't claimed your §r§6Summer Rewards §r§eyet!
10:39:15 [allowed] §eTalk to the §r§bSummer Sloth §r§ein the §r§aHub!
10:39:18 [allowed] §aYou are playing on profile: §ePineapple
10:39:18 [allowed] §8Profile ID: cbcbcaaa-4182-4d77-bab6-b1345770fa92
10:39:19 [allowed] §cThere are blocks in the way!
10:39:22 [allowed] §aYou have set the beacon profile stat to §r§c+5๑ Ability Damage§r§a.
10:39:25 [allowed] §7Warping...
10:39:25 [allowed] §7Sending to server mini27CH...
10:39:25 [allowed] §8 §r§8 §r§1 §r§3 §r§3 §r§7 §r§8 
10:39:25 [allowed] §eYou haven't claimed your §r§6Summer Rewards §r§eyet!
10:39:25 [allowed] §eTalk to the §r§bSummer Sloth §r§ein the §r§aHub!
10:39:28 [allowed] §8[§r§a158§r§8] §r§7§lꈔ §r§a[VIP§6+§a] JBH2§f§r§f: no
10:39:29 [allowed] §aYou are playing on profile: §ePineapple
10:39:29 [allowed] §8Profile ID: cbcbcaaa-4182-4d77-bab6-b1345770fa92
10:39:35 [allowed] §cThere are blocks in the way!
10:39:35 [allowed] §7Your Implosion hit §r§c1 §r§7enemy for §r§c1,163,239.1 §r§7damage.
10:39:39 [allowed] §7Warping...
10:39:41 [allowed] §6[Sacks] §r§a+2§r§e items§r§e.§r§8 (Last 5s.)
10:39:42 [allowed] §7Warping you to your SkyBlock island...
10:39:42 [allowed] §7Sending to server mini18BR...
10:39:43 [allowed] §8 §r§8 §r§1 §r§3 §r§3 §r§7 §r§8 
10:39:43 [allowed] §eYou haven't claimed your §r§6Summer Rewards §r§eyet!
10:39:43 [allowed] §eTalk to the §r§bSummer Sloth §r§ein the §r§aHub!
10:39:46 [allowed] §aYou are playing on profile: §ePineapple
10:39:46 [allowed] §8Profile ID: cbcbcaaa-4182-4d77-bab6-b1345770fa92
10:39:46 [allowed] §cThere are blocks in the way!
10:39:51 [allowed] §aYou have set the beacon profile stat to §r§b+5✯ Magic Find§r§a.
10:39:57 [allowed] §7Warping...
10:39:57 [allowed] §7Sending to server mini10AF...
10:39:57 [allowed] §8 §r§8 §r§1 §r§3 §r§3 §r§7 §r§8 
10:39:57 [allowed] §eYou haven't claimed your §r§6Summer Rewards §r§eyet!
10:39:57 [allowed] §eTalk to the §r§bSummer Sloth §r§ein the §r§aHub!
10:40:01 [allowed] §aYou are playing on profile: §ePineapple
10:40:01 [allowed] §8Profile ID: cbcbcaaa-4182-4d77-bab6-b1345770fa92
10:40:02 [allowed] Unknown command. Type "/help" for help. ('shj')
10:40:31 [allowed] §8[§r§f65§r§8] §r§a[VIP] newbogaming76§f§r§f: looking for a carrie to eman 5 willing to give 10m
10:40:58 [allowed] §a§r§6Mining Speed Boost §r§ais now available!
10:41:01 [allowed] §c ☠ §r§7§r§7thomas1230§r§7 was killed by Watcher§r§7§r§7.
10:41:39 [allowed] §c ☠ §r§7§r§7thomas1230§r§7 was killed by Watcher§r§7§r§7.
10:42:07 [allowed] §dWarped to Void Sepulture§r§d!
10:42:09 [allowed] §cThere are blocks in the way!
10:42:09 [allowed] §7Your Implosion hit §r§c1 §r§7enemy for §r§c1,286,096.8 §r§7damage.
10:42:11 [allowed] §cThere are blocks in the way!
10:42:11 [allowed] §7Your Implosion hit §r§c3 §r§7enemies for §r§c3,858,290.5 §r§7damage.
10:42:12 [allowed] §cThere are blocks in the way!
10:42:12 [allowed] §7Your Implosion hit §r§c2 §r§7enemies for §r§c2,544,137 §r§7damage.
10:42:12 [allowed] §cThere are blocks in the way!
10:42:12 [allowed] §7Your Implosion hit §r§c1 §r§7enemy for §r§c1,814,690.9 §r§7damage.
10:42:13 [allowed] §cThere are blocks in the way!
10:42:13 [allowed] §7Your Implosion hit §r§c1 §r§7enemy for §r§c1,766,884.7 §r§7damage.
10:42:13 [allowed] §cThere are blocks in the way!
10:42:13 [allowed] §7Your Implosion hit §r§c1 §r§7enemy for §r§c1,720,337.9 §r§7damage.
10:42:14 [allowed] §cThere are blocks in the way!
10:42:14 [allowed] §a§l+5 Kill Combo §r§8§r§b+3✯ Magic Find
10:42:14 [allowed] §7Your Implosion hit §r§c1 §r§7enemy for §r§c1,675,017.3 §r§7damage.
10:42:17 [allowed] §cThere are blocks in the way!
10:42:17 [allowed] §7Your Implosion hit §r§c1 §r§7enemy for §r§c1,286,096.8 §r§7damage.
10:42:18 [allowed] §cThere are blocks in the way!
10:42:18 [allowed] §6§lRARE DROP! §r§aEnchanted Ender Pearl §r§b(+§r§b225% §r§b✯ Magic Find§r§b)
10:42:18 [allowed] §7Your Implosion hit §r§c1 §r§7enemy for §r§c1,290,841 §r§7damage.
10:42:21 [allowed] §cThere are blocks in the way!
10:42:21 [allowed] §7Your Implosion hit §r§c1 §r§7enemy for §r§c1,290,841 §r§7damage.
10:42:23 [allowed] §cThere are blocks in the way!
10:42:23 [allowed] §a§l+10 Kill Combo §r§8+§r§610 §r§7coins per kill
10:42:23 [allowed] §7Your Implosion hit §r§c2 §r§7enemies for §r§c2,449,654.5 §r§7damage.
10:42:23 [allowed] §cThere are blocks in the way!
10:42:23 [allowed] §7Your Implosion hit §r§c1 §r§7enemy for §r§c1,290,841 §r§7damage.
10:42:24 [allowed] §cThere are blocks in the way!
10:42:24 [allowed] §7Your Implosion hit §r§c2 §r§7enemies for §r§c2,449,654.5 §r§7damage.
10:42:30 [allowed] §6[Sacks] §r§a+156§r§e items§r§e.§r§8 (Last 20s.)
10:42:30 [allowed] §cYour Kill Combo has expired! You reached a 13 Kill Combo!
10:42:33 [allowed] §cThere are blocks in the way!
10:42:33 [allowed] §7Your Implosion hit §r§c1 §r§7enemy for §r§c1,290,841 §r§7damage.
10:42:35 [allowed] §cThere are blocks in the way!
10:42:35 [allowed] §7Your Implosion hit §r§c1 §r§7enemy for §r§c1,290,841 §r§7damage.
10:42:39 [allowed] §cThere are blocks in the way!
10:42:39 [allowed] §a§l+5 Kill Combo §r§8§r§b+3✯ Magic Find
10:42:39 [allowed] §7Your Implosion hit §r§c3 §r§7enemies for §r§c3,872,523.1 §r§7damage.
10:42:40 [allowed] §cThere are blocks in the way!
10:42:40 [allowed] §7Your Implosion hit §r§c1 §r§7enemy for §r§c1,290,841 §r§7damage.
10:42:41 [allowed] §cThere are blocks in the way!
10:42:41 [allowed] §7Your Implosion hit §r§c2 §r§7enemies for §r§c3,743,913.3 §r§7damage.
10:42:42 [allowed] §cThere are blocks in the way!
10:42:42 [allowed] §7Your Implosion hit §r§c1 §r§7enemy for §r§c1,805,598 §r§7damage.
10:42:53 [allowed] §cThere are blocks in the way!
10:42:53 [allowed] §7Your Implosion hit §r§c1 §r§7enemy for §r§c1,889,273.4 §r§7damage.
10:42:53 [allowed] §a§l+10 Kill Combo §r§8+§r§610 §r§7coins per kill
10:42:53 [allowed] §cThere are blocks in the way!
10:42:54 [allowed] §cThere are blocks in the way!
10:42:54 [allowed] §7Your Implosion hit §r§c1 §r§7enemy for §r§c1,889,273.4 §r§7damage.
10:42:55 [allowed] §cThere are blocks in the way!
10:42:55 [allowed] §7Your Implosion hit §r§c1 §r§7enemy for §r§c1,896,333.2 §r§7damage.
10:42:56 [allowed] §cThere are blocks in the way!
10:42:56 [allowed] §7Your Implosion hit §r§c1 §r§7enemy for §r§c1,295,585.2 §r§7damage.
10:42:58 [allowed] §cThere are blocks in the way!
10:42:58 [allowed] §7Your Implosion hit §r§c2 §r§7enemies for §r§c2,591,170.5 §r§7damage.
10:43:00 [allowed] §9§l+15 Kill Combo §r§8§r§b+3✯ Magic Find
10:43:00 [allowed] §7Your Implosion hit §r§c1 §r§7enemy for §r§c1,295,585.2 §r§7damage.
10:43:04 [allowed] §6[Sacks] §r§a+171§r§e items§r§e.§r§8 (Last 30s.)
10:43:05 [allowed] §cYour Kill Combo has expired! You reached a 15 Kill Combo!
10:43:06 [allowed] §c ☠ §r§7§r§bpon_DJ§r§7 was killed by Voidgloom Seraph§r§7§r§7.
10:43:06 [allowed] §cThere are blocks in the way!
10:43:06 [allowed] §7Your Implosion hit §r§c1 §r§7enemy for §r§c1,295,585.2 §r§7damage.
10:43:07 [allowed] §cThere are blocks in the way!
10:43:07 [allowed] §7Your Implosion hit §r§c2 §r§7enemies for §r§c2,591,170.5 §r§7damage.
10:43:08 [allowed] §cThere are blocks in the way!
10:43:08 [allowed] §a§l+5 Kill Combo §r§8§r§b+3✯ Magic Find
10:43:08 [allowed] §6§lRARE DROP! §r§aEnchanted Ender Pearl §r§b(+§r§b225% §r§b✯ Magic Find§r§b)
10:43:08 [allowed] §7Your Implosion hit §r§c2 §r§7enemies for §r§c2,591,170.5 §r§7damage.
10:43:10 [allowed] §cThere are blocks in the way!
10:43:10 [allowed] §7Your Implosion hit §r§c1 §r§7enemy for §r§c1,542,268.1 §r§7damage.
10:43:14 [allowed] §dWarped to The End§r§d!
10:43:15 [allowed] §6[Sacks] §r§a+45§r§e items§r§e.§r§8 (Last 9s.)
10:43:18 [allowed] §cYour Kill Combo has expired! You reached a 6 Kill Combo!
10:43:18 [allowed] §c ☠ §r§7§r§bning9119§r§7 was killed by Voidgloom Seraph§r§7§r§7.
10:43:24 [allowed] §cThere are blocks in the way!
10:43:24 [allowed] §7Your Implosion hit §r§c2 §r§7enemies for §r§c2,020,466.6 §r§7damage.
10:43:26 [allowed] §7Your Implosion hit §r§c2 §r§7enemies for §r§c2,020,466.6 §r§7damage.
10:43:26 [allowed] §a§l+5 Kill Combo §r§8§r§b+3✯ Magic Find
10:43:26 [allowed] §7Your Implosion hit §r§c1 §r§7enemy for §r§c1,187,667 §r§7damage.
10:43:26 [allowed] §cThere are blocks in the way!
10:43:26 [allowed] §7Your Implosion hit §r§c1 §r§7enemy for §r§c1,187,667 §r§7damage.
10:43:27 [allowed] §cThere are blocks in the way!
10:43:27 [allowed] §7Your Implosion hit §r§c1 §r§7enemy for §r§c1,187,667 §r§7damage.
10:43:28 [allowed] §7Your Implosion hit §r§c1 §r§7enemy for §r§c1,187,667 §r§7damage.
10:43:28 [allowed] §cThere are blocks in the way!
10:43:29 [allowed] §cThere are blocks in the way!
10:43:29 [allowed] §a§l+10 Kill Combo §r§8+§r§610 §r§7coins per kill
10:43:29 [allowed] §7Your Implosion hit §r§c2 §r§7enemies for §r§c2,375,334 §r§7damage.
10:43:30 [allowed] §7Your Implosion hit §r§c2 §r§7enemies for §r§c2,375,334 §r§7damage.
10:43:31 [allowed] §cThere are blocks in the way!
10:43:31 [allowed] §9§l+15 Kill Combo §r§8§r§b+3✯ Magic Find
10:43:31 [allowed] §7Your Implosion hit §r§c4 §r§7enemies for §r§c4,750,668.1 §r§7damage.
10:43:33 [allowed] §7Your Implosion hit §r§c1 §r§7enemy for §r§c1,187,667 §r§7damage.
10:43:34 [allowed] §7Your Implosion hit §r§c1 §r§7enemy for §r§c1,192,015.9 §r§7damage.
10:43:34 [allowed] §eYou received kill credit for assisting on a slayer miniboss!
10:43:34 [allowed] §cThere are blocks in the way!
10:43:39 [allowed] §cYour Kill Combo has expired! You reached a 18 Kill Combo!
10:43:40 [allowed] §6[Sacks] §r§a+78§r§e items§r§e.§r§8 (Last 15s.)
10:43:41 [allowed] §7Warping you to your SkyBlock island...
10:43:41 [allowed] §7Sending to server mini227K...
10:43:42 [allowed] §8 §r§8 §r§1 §r§3 §r§3 §r§7 §r§8 
10:43:42 [allowed] §eYou haven't claimed your §r§6Summer Rewards §r§eyet!
10:43:42 [allowed] §eTalk to the §r§bSummer Sloth §r§ein the §r§aHub!
10:43:45 [allowed] §aYou are playing on profile: §ePineapple
10:43:45 [allowed] §8Profile ID: cbcbcaaa-4182-4d77-bab6-b1345770fa92
10:44:12 [allowed] §8Depositing coins...
10:44:12 [allowed] §aYou have deposited §r§6741k coins§r§a! You now have §r§628M coins §r§ain your account!
10:44:15 [allowed] §aYou received §r§6210,288.6 coins§r§a!
10:44:41 [allowed] §a§r§6Mining Speed Boost §r§ais now available!
10:45:03 [allowed] §aYou sold §r§aEnchanted Wool§r§8 x64 §r§afor §r§620,480 Coins§r§a!
10:45:03 [allowed] §aYou sold §r§aEnchanted Wool§r§8 x64 §r§afor §r§620,480 Coins§r§a!
10:45:04 [allowed] §aYou sold §r§aEnchanted Wool§r§8 x64 §r§afor §r§620,480 Coins§r§a!
10:45:04 [allowed] §aYou sold §r§aEnchanted Wool§r§8 x64 §r§afor §r§620,480 Coins§r§a!
10:45:05 [allowed] §aYou sold §r§aEnchanted Wool§r§8 x64 §r§afor §r§620,480 Coins§r§a!
10:45:05 [allowed] §aYou sold §r§aEnchanted Wool§r§8 x23 §r§afor §r§67,360 Coins§r§a!
10:45:06 [allowed] §aYou sold §r§aEnchanted Wool§r§8 x64 §r§afor §r§620,480 Coins§r§a!
10:45:06 [allowed] §aYou sold §r§aEnchanted Wool§r§8 x64 §r§afor §r§620,480 Coins§r§a!
10:45:07 [allowed] §aYou sold §r§fWhite Wool§r§8 x7 §r§afor §r§614 Coins§r§a!
10:45:27 [allowed] §cThere are blocks in the way!
10:45:28 [allowed] §7Your Implosion hit §r§c32 §r§7enemies for §r§c30,106,525.3 §r§7damage.
10:45:40 [allowed] §aYou sold §r§aEnchanted Wool§r§8 x64 §r§afor §r§620,480 Coins§r§a!
10:45:40 [allowed] §aYou sold §r§fMutton§r§8 x60 §r§afor §r§6300 Coins§r§a!
10:45:40 [allowed] §aYou sold §r§aEnchanted Wool§r§8 x64 §r§afor §r§620,480 Coins§r§a!
10:45:41 [allowed] §aYou sold §r§fWhite Wool§r§8 x51 §r§afor §r§6102 Coins§r§a!
10:45:42 [allowed] §aYou sold §r§aEnchanted Wool§r§8 x64 §r§afor §r§620,480 Coins§r§a!
10:45:43 [allowed] §aYou sold §r§aEnchanted Wool§r§8 x19 §r§afor §r§66,080 Coins§r§a!
10:45:43 [allowed] §aYou sold §r§aEnchanted Wool§r§8 x64 §r§afor §r§620,480 Coins§r§a!
10:46:04 [allowed] §6[Bazaar] §r§7Putting goods in escrow...
10:46:04 [allowed] §6[Bazaar] §r§7Submitting sell offer...
10:46:04 [allowed] §6[Bazaar] §r§7§r§eSell Offer Setup! §r§a64§r§7x §r§aLush Berberis §r§7for §r§618,604 coins§r§7.
10:46:18 [allowed] §aYou sold §r§aEnchanted Wool§r§8 x64 §r§afor §r§620,480 Coins§r§a!
10:46:19 [allowed] §aYou sold §r§fWhite Wool§r§8 x3 §r§afor §r§66 Coins§r§a!
10:46:19 [allowed] §aYou sold §r§aEnchanted Wool§r§8 x28 §r§afor §r§68,960 Coins§r§a!
10:46:20 [allowed] §aYou sold §r§aEnchanted Wool§r§8 x64 §r§afor §r§620,480 Coins§r§a!
10:46:39 [allowed] §aYou sold §r§fMutton§r§8 x5 §r§afor §r§625 Coins§r§a!
10:46:39 [allowed] §aYou sold §r§fWhite Wool§r§8 x2 §r§afor §r§64 Coins§r§a!
10:46:48 [allowed] §aYou sold §r§aEnchanted Wool§r§8 x64 §r§afor §r§620,480 Coins§r§a!
10:46:48 [allowed] §aYou sold §r§aEnchanted Wool§r§8 x32 §r§afor §r§610,240 Coins§r§a!
10:46:49 [allowed] §aYou sold §r§aEnchanted Wool§r§8 x64 §r§afor §r§620,480 Coins§r§a!
10:46:52 [allowed] §6[Bazaar] §r§7Putting goods in escrow...
10:46:52 [allowed] §6[Bazaar] §r§7Submitting sell offer...
10:46:52 [allowed] §6[Bazaar] §r§7§r§eSell Offer Setup! §r§a1,063§r§7x §r§aEnchanted Mutton §r§7for §r§66,537,266 coins§r§7.
10:47:04 [allowed] §6[Bazaar] §r§7Putting goods in escrow...
10:47:04 [allowed] §6[Bazaar] §r§7Submitting sell offer...
10:47:04 [allowed] §6[Bazaar] §r§7§r§eSell Offer Setup! §r§a39§r§7x §r§9Enchanted Lush Berberis §r§7for §r§6908,839 coins§r§7.
10:47:20 [allowed] §7Warping...
10:47:21 [allowed] §7Sending to server mini33AB...
10:47:21 [allowed] §8 §r§8 §r§1 §r§3 §r§3 §r§7 §r§8 
10:47:21 [allowed] §eYou haven't claimed your §r§6Summer Rewards §r§eyet!
10:47:21 [allowed] §eTalk to the §r§bSummer Sloth §r§ein the §r§aHub!
10:47:24 [allowed] §aYou are playing on profile: §ePineapple
10:47:24 [allowed] §8Profile ID: cbcbcaaa-4182-4d77-bab6-b1345770fa92
10:48:17 [allowed] §c ☠ §r§7§r§7EliaBarBuhbut§r§7 was killed by Crypt Ghoul§r§7§r§7.
10:48:21 [allowed] §a§r§6Mining Speed Boost §r§ais now available!
10:48:32 [allowed] §cThere are blocks in the way!
10:48:35 [allowed] §cThere are blocks in the way!
10:48:52 [allowed] §cThere are blocks in the way!
10:48:52 [allowed] §cThere are blocks in the way!
10:48:53 [allowed] §cThere are blocks in the way!
10:48:58 [allowed] §6[Bazaar] §r§7Claiming order...
10:48:58 [allowed] §6[Bazaar] §r§7§r§7Claimed §r§66,119,078 coins §r§7from selling §r§a995§r§7x §r§aEnchanted Mutton §r§7at §r§66,219.8 §r§7each!
10:49:01 [allowed] §6[Bazaar] §r§7Cancelling order...
10:49:01 [allowed] §6[Bazaar] §r§7§r§cCancelled! §r§7Refunded §r§a68§r§7x §r§aEnchanted Mutton §r§7from cancelling Sell Offer!
10:49:03 [allowed] §6[Bazaar] §r§7Putting goods in escrow...
10:49:03 [allowed] §6[Bazaar] §r§7Submitting sell offer...
10:49:03 [allowed] §6[Bazaar] §r§7§r§eSell Offer Setup! §r§a68§r§7x §r§aEnchanted Mutton §r§7for §r§6418,168 coins§r§7.
10:49:07 [allowed] §6[Bazaar] §r§7Cancelling order...
10:49:07 [allowed] §6[Bazaar] §r§7§r§cCancelled! §r§7Refunded §r§a39§r§7x §r§9Enchanted Lush Berberis §r§7from cancelling Sell Offer!
10:49:09 [allowed] §6[Bazaar] §r§7Putting goods in escrow...
10:49:09 [allowed] §6[Bazaar] §r§7Submitting sell offer...
10:49:09 [allowed] §6[Bazaar] §r§7§r§eSell Offer Setup! §r§a39§r§7x §r§9Enchanted Lush Berberis §r§7for §r§6908,839 coins§r§7.
10:49:12 [allowed] §6[Bazaar] §r§7Cancelling order...
10:49:12 [allowed] §6[Bazaar] §r§7§r§cCancelled! §r§7Refunded §r§a64§r§7x §r§aLush Berberis §r§7from cancelling Sell Offer!
10:49:17 [allowed] §aYou sold §r§aLush Berberis§r§8 x64 §r§afor §r§6192 Coins§r§a!
10:49:33 [allowed] §8[§r§f59§r§8] §r§a[VIP] Pigking2000§f§r§f: Ev0lve
10:50:14 [allowed] §6[Bazaar] §eYour §6Sell Offer §efor §a39§7x §9Enchanted Lush Berberis §ewas filled!
10:50:33 [allowed] §6[Bazaar] §r§7Claiming order...
10:50:33 [allowed] §6[Bazaar] §r§7§r§7Claimed §r§6908,839 coins §r§7from selling §r§a39§r§7x §r§9Enchanted Lush Berberis §r§7at §r§623,569 §r§7each!
10:50:34 [allowed] §6[Bazaar] §r§7Cancelling order...
10:50:35 [allowed] §6[Bazaar] §r§7§r§cCancelled! §r§7Refunded §r§a68§r§7x §r§aEnchanted Mutton §r§7from cancelling Sell Offer!
10:50:38 [allowed] §6[Bazaar] §r§7Putting goods in escrow...
10:50:38 [allowed] §6[Bazaar] §r§7Submitting sell offer...
10:50:38 [allowed] §6[Bazaar] §r§7§r§eSell Offer Setup! §r§a68§r§7x §r§aEnchanted Mutton §r§7for §r§6418,155 coins§r§7.
10:51:03 [allowed] §cThere are blocks in the way!
10:51:03 [allowed] §cThere are blocks in the way!
10:51:07 [allowed] §cThere are blocks in the way!
10:51:07 [allowed] §cThere are blocks in the way!
10:52:20 [allowed] §c ☠ §r§7§r§aTRexAap§r§7 was killed by Revenant Horror§r§7§r§7.
10:52:53 [allowed] §aYou earned §r§e1,166 Event EXP §r§afrom playing SkyBlock!
10:53:40 [allowed] §8[§r§73§r§8] §r§7100GBs§7§r§7: all i need grappling hook who can sel it for 32k
10:53:49 [allowed] §8[§r§73§r§8] §r§7100GBs§7§r§7: 29k im sry
10:53:59 [allowed] §8[§r§2164§r§8] §r§6▒ §r§a[VIP§6+§a] TRexAap§f§r§f: where ya at?
10:54:10 [allowed] §8[§r§73§r§8] §r§7100GBs§7§r§7: TRexAap what ?
10:54:25 [allowed] §8[§r§2164§r§8] §r§6▒ §r§a[VIP§6+§a] TRexAap§f§r§f: where asre you?
10:54:36 [allowed] §7Warping...
10:54:42 [allowed] §8Depositing coins...
10:54:42 [allowed] §aYou have deposited §r§67.5M coins§r§a! You now have §r§636M coins §r§ain your account!
10:54:43 [allowed] §8[§r§73§r§8] §r§7100GBs§7§r§7: TRexAap im in spawn
10:54:56 [allowed] §8[§r§73§r§8] §r§7100GBs§7§r§7: please wait
10:54:57 [allowed] §cThere are blocks in the way!
10:54:57 [allowed] §cThere are blocks in the way!
10:55:01 [allowed] §cThere are blocks in the way!
10:55:01 [allowed] §7Your Implosion hit §r§c1 §r§7enemy for §r§c1,701,024.1 §r§7damage.
10:55:02 [allowed] §8[§r§2164§r§8] §r§6▒ §r§a[VIP§6+§a] TRexAap§f§r§f: free
10:55:07 [allowed] §6[Sacks] §r§a+2§r§e items§r§e.§r§8 (Last 5s.)
10:55:07 [allowed] §7Warping...
10:55:08 [allowed] §7Sending to server mini62DH...
10:55:08 [allowed] §8[§r§73§r§8] §r§7100GBs§7§r§7: ok ok
10:55:08 [allowed] §8 §r§8 §r§1 §r§3 §r§3 §r§7 §r§8 
10:55:08 [allowed] §eYou haven't claimed your §r§6Summer Rewards §r§eyet!
10:55:08 [allowed] §eTalk to the §r§bSummer Sloth §r§ein the §r§aHub!
10:55:11 [allowed] §cThere are blocks in the way!
10:55:11 [allowed] §cThere are blocks in the way!
10:55:11 [allowed] §cThere are blocks in the way!
10:55:12 [allowed] §aYou are playing on profile: §ePineapple
10:55:12 [allowed] §8Profile ID: cbcbcaaa-4182-4d77-bab6-b1345770fa92
10:55:39 [allowed] §cThere are blocks in the way!
10:55:40 [allowed] §cThere are blocks in the way!
10:55:42 [allowed] §cThere are blocks in the way!
10:55:42 [allowed] §7Your Implosion hit §r§c3 §r§7enemies for §r§c4,303,178.4 §r§7damage.
10:55:43 [allowed] §cThere are blocks in the way!
10:55:44 [allowed] §7Your Implosion hit §r§c3 §r§7enemies for §r§c4,184,527.5 §r§7damage.
10:55:45 [allowed] §7Your Implosion hit §r§c3 §r§7enemies for §r§c4,060,479.3 §r§7damage.
10:55:46 [allowed] §cThere are blocks in the way!
10:55:46 [allowed] §7Your Implosion hit §r§c4 §r§7enemies for §r§c5,836,306.8 §r§7damage.
10:55:49 [allowed] §cThere are blocks in the way!
10:55:49 [allowed] §7Your Implosion hit §r§c3 §r§7enemies for §r§c4,474,920.7 §r§7damage.
10:55:50 [allowed] §cThere are blocks in the way!
10:55:51 [allowed] §cThere are blocks in the way!
10:55:51 [allowed] §c ☠ §r§7You were killed by Flare§r§7§r§7.
10:55:51 [allowed] §6[Sacks] §r§a+8§r§e items§r§e.§r§8 (Last 9s.)
10:55:59 [allowed] §7Warping...
10:55:59 [allowed] §7Sending to server mini94DA...
10:56:00 [allowed] §8 §r§8 §r§1 §r§3 §r§3 §r§7 §r§8 
10:56:00 [allowed] §eYou haven't claimed your §r§6Summer Rewards §r§eyet!
10:56:00 [allowed] §eTalk to the §r§bSummer Sloth §r§ein the §r§aHub!
10:56:03 [allowed] §aYou are playing on profile: §ePineapple
10:56:03 [allowed] §8Profile ID: cbcbcaaa-4182-4d77-bab6-b1345770fa92
10:56:31 [allowed] §c ☠ §r§7§r§7Themiei§r§7 was killed by Graveyard Zombie§r§7§r§7.
10:57:00 [allowed] §a§r§6Mining Speed Boost §r§ais now available!
10:57:16 [allowed] §8[§r§e98§r§8] §r§7§l⚝ §r§b[MVP§d+§b] Merchar2§f§r§f: Selling RARE bat artifact with old hurtful accessory reforge. /p me if intreste
10:57:52 [allowed] §cThere are blocks in the way!
10:57:54 [allowed] §cThere are blocks in the way!
10:57:54 [allowed] §cThere are blocks in the way!
10:57:56 [allowed] §cThere are blocks in the way!
10:58:15 [allowed] §aYou earned §r§e296 Event EXP §r§afrom playing SkyBlock!
10:58:30 [allowed] §8[§r§e105§r§8] §r§7sLairr_§7§r§7: p carra125
10:58:36 [allowed] §cThere are blocks in the way!
10:58:38 [allowed] §cThere are blocks in the way!
10:59:59 [allowed] §cThere are blocks in the way!
11:02:17 [allowed] §cOut of sync, check your internet connection!
11:02:18 [allowed] §cYou were spawned in Limbo.
11:02:18 [allowed] §b/limbo for more information.
11:03:04 [allowed] §f §r§r§r§f §r§r§r§1 §r§r§r§0 §r§r§r§2 §r§r§r§f §r§r§r§f §r§r§r§2 §r§r§r§0 §r§r§r§4 §r§r§r§3 §r§r§r§9 §r§r§r§2 §r§r§r§0 §r§r§r§0 §r§r§r§3 §r§r§r§9 §r§r§r§2 §r§r§r§0 §r§r§r§0 §r§r§r§3 §r§r§r§9 §r§r§r§2 §r§r§r§0 §r§r§r§0 
11:03:04 [allowed] §aYou have §b1 §aunclaimed leveling reward!
11:03:04 [allowed] §eClick here to view it!
11:03:06 [allowed] §7Sending to server mini153BD...
11:03:06 [allowed] §8 §r§8 §r§1 §r§3 §r§3 §r§7 §r§8 
11:03:06 [allowed] §eYou haven't claimed your §r§6Summer Rewards §r§eyet!
11:03:06 [allowed] §eTalk to the §r§bSummer Sloth §r§ein the §r§aHub!
11:03:08 [allowed] §cYou are sending commands too fast! Please slow down.
11:03:09 [allowed] 
11:03:09 [allowed] §eWelcome to §r§aHypixel SkyBlock§r§e!
11:03:09 [allowed] §6§lBONUS! §r§bTemporarily earn §r§a5% §r§bmore skill experience!
11:03:09 [allowed] 
11:03:09 [allowed] §9§n§eLatest update: §bSkyBlock v0.20.5 §e§lCLICK
11:03:09 [allowed] §aYou are playing on profile: §ePineapple
11:03:09 [allowed] §8Profile ID: cbcbcaaa-4182-4d77-bab6-b1345770fa92
11:04:07 [allowed] §a§r§6Mining Speed Boost §r§ais now available!
11:04:42 [allowed] §aYou earned §r§e76 Event EXP §r§afrom playing SkyBlock!
11:05:49 [allowed] §cOut of sync, check your internet connection!
11:05:49 [allowed] §cYou were spawned in Limbo.
11:05:49 [allowed] §b/limbo for more information.
11:05:55 [allowed] §f §r§r§r§f §r§r§r§1 §r§r§r§0 §r§r§r§2 §r§r§r§f §r§r§r§f §r§r§r§2 §r§r§r§0 §r§r§r§4 §r§r§r§3 §r§r§r§9 §r§r§r§2 §r§r§r§0 §r§r§r§0 §r§r§r§3 §r§r§r§9 §r§r§r§2 §r§r§r§0 §r§r§r§0 §r§r§r§3 §r§r§r§9 §r§r§r§2 §r§r§r§0 §r§r§r§0 
11:05:55 [allowed] §aYou have §b1 §aunclaimed leveling reward!
11:05:55 [allowed] §eClick here to view it!
11:05:57 [allowed] §b[MVP§d+§b] AmNotGood_§f §6joined the lobby!
11:05:58 [allowed] §b[MVP§2+§b] DevilEmblem§f §6joined the lobby!
11:06:03 [allowed] §7Sending to server mini23AP...
11:06:04 [allowed] §8 §r§8 §r§1 §r§3 §r§3 §r§7 §r§8 
11:06:04 [allowed] §eYou haven't claimed your §r§6Summer Rewards §r§eyet!
11:06:04 [allowed] §eTalk to the §r§bSummer Sloth §r§ein the §r§aHub!
11:06:06 [allowed] 
11:06:06 [allowed] §eWelcome to §r§aHypixel SkyBlock§r§e!
11:06:06 [allowed] §6§lBONUS! §r§bTemporarily earn §r§a5% §r§bmore skill experience!
11:06:06 [allowed] 
11:06:06 [allowed] §9§n§eLatest update: §bSkyBlock v0.20.5 §e§lCLICK
11:06:07 [allowed] §aYou are playing on profile: §ePineapple
11:06:07 [allowed] §8Profile ID: cbcbcaaa-4182-4d77-bab6-b1345770fa92
11:06:12 [allowed] §cThere are blocks in the way!
11:06:13 [allowed] §cThere are blocks in the way!
11:06:18 [allowed] §f §r§r§r§f §r§r§r§1 §r§r§r§0 §r§r§r§2 §r§r§r§f §r§r§r§f §r§r§r§2 §r§r§r§0 §r§r§r§4 §r§r§r§3 §r§r§r§9 §r§r§r§2 §r§r§r§0 §r§r§r§0 §r§r§r§3 §r§r§r§9 §r§r§r§2 §r§r§r§0 §r§r§r§0 §r§r§r§3 §r§r§r§9 §r§r§r§2 §r§r§r§0 §r§r§r§0 
11:06:18 [allowed] §aYou have §b1 §aunclaimed leveling reward!
11:06:18 [allowed] §eClick here to view it!
11:06:20 [allowed] §7Sending to server mini8DD...
11:06:20 [allowed] §8 §r§8 §r§1 §r§3 §r§3 §r§7 §r§8 
11:06:20 [allowed] §eYou haven't claimed your §r§6Summer Rewards §r§eyet!
11:06:20 [allowed] §eTalk to the §r§bSummer Sloth §r§ein the §r§aHub!
11:06:23 [allowed] 
11:06:23 [allowed] §eWelcome to §r§aHypixel SkyBlock§r§e!
11:06:23 [allowed] §6§lBONUS! §r§bTemporarily earn §r§a5% §r§bmore skill experience!
11:06:23 [allowed] 
11:06:23 [allowed] §9§n§eLatest update: §bSkyBlock v0.20.5 §e§lCLICK
11:06:23 [allowed] §7Warping you to your SkyBlock island...
11:06:23 [allowed] §aYou are playing on profile: §ePineapple
11:06:23 [allowed] §8Profile ID: cbcbcaaa-4182-4d77-bab6-b1345770fa92
11:06:26 [allowed] §7Sending to server mini157AA...
11:06:27 [allowed] §8 §r§8 §r§1 §r§3 §r§3 §r§7 §r§8 
11:06:27 [allowed] §eYou haven't claimed your §r§6Summer Rewards §r§eyet!
11:06:27 [allowed] §eTalk to the §r§bSummer Sloth §r§ein the §r§aHub!
11:06:30 [allowed] §aYou are playing on profile: §ePineapple
11:06:30 [allowed] §8Profile ID: cbcbcaaa-4182-4d77-bab6-b1345770fa92
11:07:24 [allowed] §cOut of sync, check your internet connection!
11:07:25 [allowed] §cYou were spawned in Limbo.
11:07:25 [allowed] §b/limbo for more information.
11:07:30 [allowed] §f §r§r§r§f §r§r§r§1 §r§r§r§0 §r§r§r§2 §r§r§r§f §r§r§r§f §r§r§r§2 §r§r§r§0 §r§r§r§4 §r§r§r§3 §r§r§r§9 §r§r§r§2 §r§r§r§0 §r§r§r§0 §r§r§r§3 §r§r§r§9 §r§r§r§2 §r§r§r§0 §r§r§r§0 §r§r§r§3 §r§r§r§9 §r§r§r§2 §r§r§r§0 §r§r§r§0 
11:07:31 [allowed] §b[MVP§c+§b] Nebular01§f §6joined the lobby!
11:07:31 [allowed] §aYou have §b1 §aunclaimed leveling reward!
11:07:31 [allowed] §eClick here to view it!
11:07:33 [allowed] §7Sending to server mini25DS...
11:07:34 [allowed] §8 §r§8 §r§1 §r§3 §r§3 §r§7 §r§8 
11:07:34 [allowed] §eYou haven't claimed your §r§6Summer Rewards §r§eyet!
11:07:34 [allowed] §eTalk to the §r§bSummer Sloth §r§ein the §r§aHub!
11:07:36 [allowed] 
11:07:36 [allowed] §eWelcome to §r§aHypixel SkyBlock§r§e!
11:07:36 [allowed] §6§lBONUS! §r§bTemporarily earn §r§a5% §r§bmore skill experience!
11:07:36 [allowed] 
11:07:36 [allowed] §9§n§eLatest update: §bSkyBlock v0.20.5 §e§lCLICK
11:07:37 [allowed] §aYou are playing on profile: §ePineapple
11:07:37 [allowed] §8Profile ID: cbcbcaaa-4182-4d77-bab6-b1345770fa92
11:08:33 [allowed] §a§r§6Mining Speed Boost §r§ais now available!
