07:04:15 `Sheep`22962039 missed {
 is already Found: false).
 Position: LorenzVec{x=27.46875, y=112.25, z=31.46875}
 DistanceC: 21.56783702776072
Relative Position: LorenzVec{x=21.56783702776072, y=14.75, z=19.882164915574727}
 }
07:04:15 `Sheep`22962040 missed {
 is already Found: false).
 Position: LorenzVec{x=27.46875, y=112.375, z=31.53125}
 DistanceC: 21.56783702776072
Relative Position: LorenzVec{x=21.56783702776072, y=14.875, z=19.944664915574727}
 }
07:04:15 `Sheep`22962041 missed {
 is already Found: false).
 Position: LorenzVec{x=27.53125, y=112.46875, z=31.5}
 DistanceC: 21.63033702776072
Relative Position: LorenzVec{x=21.63033702776072, y=14.96875, z=19.913414915574727}
 }
07:04:15 `Sheep`22962042 missed {
 is already Found: false).
 Position: LorenzVec{x=27.53125, y=112.34375, z=31.5}
 DistanceC: 21.63033702776072
Relative Position: LorenzVec{x=21.63033702776072, y=14.84375, z=19.913414915574727}
 }
07:04:15 `Sheep`22962049 missed {
 is already Found: false).
 Position: LorenzVec{x=27.5, y=98.25, z=31.5}
 DistanceC: 21.59908702776072
Relative Position: LorenzVec{x=21.59908702776072, y=0.75, z=19.913414915574727}
 }
07:04:15 `Sheep`22962050 missed {
 is already Found: false).
 Position: LorenzVec{x=27.5, y=98.5, z=31.5}
 DistanceC: 21.59908702776072
Relative Position: LorenzVec{x=21.59908702776072, y=1.0, z=19.913414915574727}
 }
07:04:15 `Sheep`22962051 missed {
 is already Found: false).
 Position: LorenzVec{x=27.5, y=98.59375, z=31.5}
 DistanceC: 21.59908702776072
Relative Position: LorenzVec{x=21.59908702776072, y=1.09375, z=19.913414915574727}
 }
07:04:15 `Sheep`22962052 missed {
 is already Found: false).
 Position: LorenzVec{x=27.5, y=98.53125, z=31.5}
 DistanceC: 21.59908702776072
Relative Position: LorenzVec{x=21.59908702776072, y=1.03125, z=19.913414915574727}
 }
07:04:15 `Sheep`22962162 missed {
 is already Found: false).
 Position: LorenzVec{x=27.5, y=105.03125, z=31.5}
 DistanceC: 21.59908702776072
Relative Position: LorenzVec{x=21.59908702776072, y=7.53125, z=19.913414915574727}
 }
07:04:15 `Sheep`22962163 missed {
 is already Found: false).
 Position: LorenzVec{x=27.46875, y=105.0, z=31.53125}
 DistanceC: 21.56783702776072
Relative Position: LorenzVec{x=21.56783702776072, y=7.5, z=19.944664915574727}
 }
07:04:15 `Sheep`22962164 missed {
 is already Found: false).
 Position: LorenzVec{x=27.5, y=105.59375, z=31.5}
 DistanceC: 21.59908702776072
Relative Position: LorenzVec{x=21.59908702776072, y=8.09375, z=19.913414915574727}
 }
07:04:15 `Sheep`22962165 missed {
 is already Found: false).
 Position: LorenzVec{x=27.5, y=105.125, z=31.53125}
 DistanceC: 21.59908702776072
Relative Position: LorenzVec{x=21.59908702776072, y=7.625, z=19.944664915574727}
 }
