Starting update (with identifier skyhanni and uuid 2a4bd2d2-d118-409b-88cc-36fb62e71ba8)
Waiting on a process to relinquish access to C:\Users\Nicola\AppData\Roaming\.minecraft\skyclient\mods\SkyHanni-0.26.jar
Deleting C:\Users\Nicola\AppData\Roaming\.minecraft\skyclient\mods\SkyHanni-0.26.jar
Moving C:\Users\Nicola\AppData\Roaming\.minecraft\skyclient\.autoupdates\skyhanni\2a4bd2d2-d118-409b-88cc-36fb62e71ba8\next.jar to C:\Users\Nicola\AppData\Roaming\.minecraft\skyclient\mods\SkyHanni-0.27.Beta.4.jar
Starting update (with identifier skyhanni and uuid 9d2aa13f-a0cb-4550-a8a3-d27021d22fd5)
Waiting on a process to relinquish access to C:\Users\Nicola\AppData\Roaming\.minecraft\skyclient\mods\SkyHanni-0.27.Beta.4.jar
Deleting C:\Users\Nicola\AppData\Roaming\.minecraft\skyclient\mods\SkyHanni-0.27.Beta.4.jar
Moving C:\Users\Nicola\AppData\Roaming\.minecraft\skyclient\.autoupdates\skyhanni\9d2aa13f-a0cb-4550-a8a3-d27021d22fd5\next.jar to C:\Users\Nicola\AppData\Roaming\.minecraft\skyclient\mods\SkyHanni-0.27.Beta.9.jar
Starting update (with identifier skyhanni and uuid c20a48ab-adce-449d-ac11-1ebd56ded045)
Waiting on a process to relinquish access to C:\Users\Nicola\AppData\Roaming\.minecraft\skyclient\mods\SkyHanni-0.26.jar
Deleting C:\Users\Nicola\AppData\Roaming\.minecraft\skyclient\mods\SkyHanni-0.26.jar
Moving C:\Users\Nicola\AppData\Roaming\.minecraft\skyclient\.autoupdates\skyhanni\c20a48ab-adce-449d-ac11-1ebd56ded045\next.jar to C:\Users\Nicola\AppData\Roaming\.minecraft\skyclient\mods\SkyHanni-0.27.Beta.12.jar
Starting update (with identifier skyhanni and uuid eda935b3-11b5-4ed8-89d7-52d039806710)
Waiting on a process to relinquish access to C:\Users\Nicola\AppData\Roaming\.minecraft\skyclient\mods\SkyHanni-0.27.jar
Deleting C:\Users\Nicola\AppData\Roaming\.minecraft\skyclient\mods\SkyHanni-0.27.jar
Moving C:\Users\Nicola\AppData\Roaming\.minecraft\skyclient\.autoupdates\skyhanni\eda935b3-11b5-4ed8-89d7-52d039806710\next.jar to C:\Users\Nicola\AppData\Roaming\.minecraft\skyclient\mods\SkyHanni-0.28.Beta.1.jar
Starting update (with identifier skyhanni and uuid 947011a1-193f-4445-b312-2aaa9b95678b)
Waiting on a process to relinquish access to C:\Users\Nicola\AppData\Roaming\.minecraft\skyclient\mods\SkyHanni-0.28.Beta.1.jar
Deleting C:\Users\Nicola\AppData\Roaming\.minecraft\skyclient\mods\SkyHanni-0.28.Beta.1.jar
Moving C:\Users\Nicola\AppData\Roaming\.minecraft\skyclient\.autoupdates\skyhanni\947011a1-193f-4445-b312-2aaa9b95678b\next.jar to C:\Users\Nicola\AppData\Roaming\.minecraft\skyclient\mods\SkyHanni-0.28.Beta.4.jar
Starting update (with identifier skyhanni and uuid ef4bd3fd-4e60-42ff-9f0f-1af9322e9a74)
Waiting on a process to relinquish access to C:\Users\Nicola\AppData\Roaming\.minecraft\skyclient\mods\SkyHanni-0.28.Beta.4.jar
Deleting C:\Users\Nicola\AppData\Roaming\.minecraft\skyclient\mods\SkyHanni-0.28.Beta.4.jar
Moving C:\Users\Nicola\AppData\Roaming\.minecraft\skyclient\.autoupdates\skyhanni\ef4bd3fd-4e60-42ff-9f0f-1af9322e9a74\next.jar to C:\Users\Nicola\AppData\Roaming\.minecraft\skyclient\mods\SkyHanni-0.28.Beta.5.jar
Starting update (with identifier skyhanni and uuid 366679e4-80d5-462e-bd42-9705121d0433)
Waiting on a process to relinquish access to C:\Users\Nicola\AppData\Roaming\.minecraft\skyclient\mods\SkyHanni-0.28.Beta.5.jar
Deleting C:\Users\Nicola\AppData\Roaming\.minecraft\skyclient\mods\SkyHanni-0.28.Beta.5.jar
Moving C:\Users\Nicola\AppData\Roaming\.minecraft\skyclient\.autoupdates\skyhanni\366679e4-80d5-462e-bd42-9705121d0433\next.jar to C:\Users\Nicola\AppData\Roaming\.minecraft\skyclient\mods\SkyHanni-0.28.Beta.6.jar
Starting update (with identifier skyhanni and uuid 75cdacc5-6f71-4c44-9407-7d7520b4c633)
Waiting on a process to relinquish access to C:\Users\Nicola\AppData\Roaming\.minecraft\skyclient\mods\SkyHanni-0.28.Beta.6.jar
Deleting C:\Users\Nicola\AppData\Roaming\.minecraft\skyclient\mods\SkyHanni-0.28.Beta.6.jar
Moving C:\Users\Nicola\AppData\Roaming\.minecraft\skyclient\.autoupdates\skyhanni\75cdacc5-6f71-4c44-9407-7d7520b4c633\next.jar to C:\Users\Nicola\AppData\Roaming\.minecraft\skyclient\mods\SkyHanni-0.28.Beta.10.1.jar
Starting update (with identifier skyhanni and uuid 60773a75-9cf6-4392-9266-5bac1e30f239)
Waiting on a process to relinquish access to C:\Users\Nicola\AppData\Roaming\.minecraft\skyclient\mods\SkyHanni-0.28.Beta.10.1.jar
Deleting C:\Users\Nicola\AppData\Roaming\.minecraft\skyclient\mods\SkyHanni-0.28.Beta.10.1.jar
Moving C:\Users\Nicola\AppData\Roaming\.minecraft\skyclient\.autoupdates\skyhanni\60773a75-9cf6-4392-9266-5bac1e30f239\next.jar to C:\Users\Nicola\AppData\Roaming\.minecraft\skyclient\mods\SkyHanni-0.28.Beta.11.jar
Starting update (with identifier skyhanni and uuid 320d54fe-658d-4200-b287-21d42b05d8c7)
Waiting on a process to relinquish access to C:\Users\Nicola\AppData\Roaming\.minecraft\skyclient\mods\SkyHanni-0.28.Beta.11.jar
Deleting C:\Users\Nicola\AppData\Roaming\.minecraft\skyclient\mods\SkyHanni-0.28.Beta.11.jar
Moving C:\Users\Nicola\AppData\Roaming\.minecraft\skyclient\.autoupdates\skyhanni\320d54fe-658d-4200-b287-21d42b05d8c7\next.jar to C:\Users\Nicola\AppData\Roaming\.minecraft\skyclient\mods\SkyHanni-0.28.Beta.13.jar
