20:55:37 §9§r§9Gwendolyn §r§ehas arrived on your §r§bGarden§r§e!
21:01:53 §a§r§aTrevor §r§ehas arrived on your §r§bGarden§r§e!
21:05:08 §a§r§aGuy §r§ehas arrived on your §r§bGarden§r§e!
21:08:15 §a§r§aAdventurer §r§ehas arrived on your §r§bGarden§r§e!
21:11:17 §a§r§aWeaponsmith §r§ehas arrived on your §r§bGarden§r§e!
21:14:27 §a§r§aLibrarian §r§ehas arrived on your §r§bGarden§r§e!
21:32:47 §a§r§aAlchemist §r§ehas arrived on your §r§bGarden§r§e!
21:37:18 §9§r§9Emissary Sisko §r§ehas arrived on your §r§bGarden§r§e!
21:40:23 §a§r§aFear Mongerer §r§ehas arrived on your §r§bGarden§r§e!
21:43:26 §d§r§dMaeve §r§ehas arrived on your §r§bGarden§r§e!
21:46:31 §9§r§9Lumina §r§ehas arrived on your §r§bGarden§r§e!
21:49:42 §6§r§6Madame Eleanor Q. Goldsworth III §r§ehas arrived on your §r§bGarden§r§e!
21:56:55 §a§r§aGuy §r§ehas arrived on your §r§bGarden§r§e!
22:05:55 §a§r§aTerry §r§ehas arrived on your §r§bGarden§r§e!
22:10:58 §6§r§6Pest Wrangler? §r§ehas arrived on your §r§bGarden§r§e!
22:15:40 §9§r§9Tammy §r§ehas arrived on your §r§bGarden§r§e!
22:18:41 §a§r§aShaggy §r§ehas arrived on your §r§bGarden§r§e!
22:21:43 §a§r§aStella §r§ehas arrived on your §r§bGarden§r§e!
22:24:47 §a§r§aFriendly Hiker §r§ehas arrived on your §r§bGarden§r§e!
22:45:56 §9§r§9Zog §r§ehas arrived on your §r§bGarden§r§e!
22:54:57 §a§r§aLeo §r§ehas arrived on your §r§bGarden§r§e!
23:03:56 §a§r§aGuy §r§ehas arrived on your §r§bGarden§r§e!
23:12:02 §a§r§aTerry §r§ehas arrived on your §r§bGarden§r§e!
23:15:36 §a§r§aStella §r§ehas arrived on your §r§bGarden§r§e!
23:19:29 §9§r§9Grandma Wolf §r§ehas arrived on your §r§bGarden§r§e!
23:22:58 §a§r§aDuke §r§ehas arrived on your §r§bGarden§r§e!
23:26:26 §a§r§aEmissary Fraiser §r§ehas arrived on your §r§bGarden§r§e!
23:38:20 §a§r§aJacob §r§ehas arrived on your §r§bGarden§r§e!
