07:04:01 [allowed] §7§m----------------§7[ §b§lSkyblockAddons §7]§7§m----------------
07:04:01 [allowed] §bA new update (1.9.0-beta.16) is available!

07:04:01 [allowed] §9§n§b§l[Download]§r§9§n §r§9§n§e§l[Open Mods Folder]§r§9§n §9§l[Changelog]
07:04:01 [allowed] §7§m--------------------------------------------------
07:04:01 [allowed] §f §r§r§r§f §r§r§r§1 §r§r§r§0 §r§r§r§2 §r§r§r§f §r§r§r§f §r§r§r§2 §r§r§r§0 §r§r§r§4 §r§r§r§3 §r§r§r§9 §r§r§r§2 §r§r§r§0 §r§r§r§0 §r§r§r§3 §r§r§r§9 §r§r§r§2 §r§r§r§0 §r§r§r§0 §r§r§r§3 §r§r§r§9 §r§r§r§2 §r§r§r§0 §r§r§r§0 
07:04:01 [allowed] §aYou have §b1 §aunclaimed leveling reward!
07:04:01 [allowed] §eClick here to view it!
07:04:01 [allowed] §b[MVP§c+§b] fluffy_master§f §6joined the lobby!
07:04:01 [allowed] §b[MVP§6+§b] IDK_Trout§f §6joined the lobby!
07:04:02 [allowed]   §r§f§l➤ §r§6You have reached your Hype limit! Add Hype to Prototype Lobby minigames by right-clicking with the Hype Diamond!
07:04:06 [allowed] §b[MVP§c+§b] WerhnerVonKerman§f §6joined the lobby!
07:04:06 [allowed] §7Sending to server mini31AV...
07:04:07 [allowed] §8 §r§8 §r§1 §r§3 §r§3 §r§7 §r§8 
07:04:09 [allowed] 
07:04:09 [allowed] §eWelcome to §r§aHypixel SkyBlock§r§e!
07:04:09 [allowed] 
07:04:09 [allowed] §9§n§eLatest update: §bSkyBlock v0.20.5 §e§lCLICK
07:04:10 [allowed] §aYou are playing on profile: §ePineapple
07:04:10 [allowed] §8Profile ID: cbcbcaaa-4182-4d77-bab6-b1345770fa92
07:04:11 [allowed] §6§lALLOWANCE! §r§eYou earned §r§650,000 coins§r§e!
07:04:16 [allowed] §7Warping...
07:04:16 [allowed] §7Sending to server mini24BW...
07:04:16 [allowed] §8 §r§8 §r§1 §r§3 §r§3 §r§7 §r§8 
07:04:21 [allowed] §aYou are playing on profile: §ePineapple
07:04:21 [allowed] §8Profile ID: cbcbcaaa-4182-4d77-bab6-b1345770fa92
07:04:33 [allowed] §8[§r§715§r§8] §r§7Maverickfklopez§7§r§7: so i hit it then it randomly does damage
07:05:18 [allowed] §a§r§6Mining Speed Boost §r§ais now available!
07:05:22 [allowed] §c ☠ §r§7§r§7Maverickfklopez§r§7 was killed by §r§5Star Sentry§r§7§r§7.
07:06:10 [allowed] §c ☠ §r§7§r§7Maverickfklopez§r§7 was killed by §r§5Star Sentry§r§7§r§7.
