11:55:18 New visitor detected: '§aAdventurer'
11:55:18 New visitor detected: '§aEmissary Wilson'
11:55:18 New visitor detected: '§aJacob'
11:55:18 New visitor detected: '§aJotraeline Greatforge'
11:55:18 New visitor detected: '§aPlumber Joe'
12:25:28 New visitor detected: '§9Seymour'
12:25:28 New visitor detected: '§aFelix'
12:25:28 New visitor detected: '§aJamie'
12:30:29 New visitor detected: '§aShaggy'
12:35:29 New visitor detected: '§9Gwendolyn'
12:38:38 New visitor detected: '§9Grandma Wolf'
12:41:44 New visitor detected: '§aEmissary Fraiser'
12:45:06 New visitor detected: '§aShaggy'
12:54:07 New visitor detected: '§aEmissary Wilson'
13:21:30 New visitor detected: '§aGeonathan Greatforge'
13:39:58 New visitor detected: '§aFear Mongerer'
13:44:19 New visitor detected: '§aJack'
13:47:44 New visitor detected: '§aFisherman'
13:51:58 New visitor detected: '§aLumber Jack'
13:55:42 New visitor detected: '§9Emissary Sisko'
14:01:07 New visitor detected: '§aFisherman'
14:10:08 New visitor detected: '§9Tia the Fairy'
14:19:07 New visitor detected: '§9Seymour'
