12:01:58 New visitor detected: '§aHungry Hiker'
12:01:58 New visitor detected: '§9Vinyl Collector'
12:01:58 New visitor detected: '§aPlumber Joe'
12:01:58 New visitor detected: '§aTerry'
12:01:58 New visitor detected: '§aLiam'
12:06:58 New visitor detected: '§9Rusty'
13:30:17 New visitor detected: '§aPest Wrangler'
13:30:17 New visitor detected: '§aFisherman'
13:30:17 New visitor detected: '§aFarmhand'
13:30:17 New visitor detected: '§aJamie'
13:30:17 New visitor detected: '§9Gwendolyn'
20:27:40 New visitor detected: '§aGuy'
20:27:40 New visitor detected: '§9Bartender'
20:27:40 New visitor detected: '§aLiam'
20:27:40 New visitor detected: '§aRhys'
20:27:40 New visitor detected: '§aFarmhand'
20:28:10 New visitor detected: '§aFarmhand'
20:36:41 New visitor detected: '§aDuke'
20:48:42 New visitor detected: '§aFriendly Hiker'
21:00:40 New visitor detected: '§6Jerry'
21:00:40 Jerry!
23:18:44 New visitor detected: '§aVex'
23:18:44 New visitor detected: '§aWeaponsmith'
23:18:44 New visitor detected: '§aAdventurer'
23:18:44 New visitor detected: '§aAndrew'
23:18:44 New visitor detected: '§aLibrarian'
