11:02:14 [GARDEN_VISITOR_MESSAGE] §e[NPC] §aDusk§f: §r§fDusk needs some watermelon to quench his thirst. Dusk would appreciate it.
11:03:02 [GARDEN_VISITOR_MESSAGE] §e[NPC] §aDusk§f: §r§fDusk thanks you. Dusk will make sure to visit your farm again.
11:03:06 [GARDEN_VISITOR_MESSAGE] §e[NPC] §aTerry§f: §r§fAhoy, §aHotBaconWasTaken§f! People always tell me they like ice cream, but ice never really tastes like anything for me!
11:03:13 [GARDEN_VISITOR_MESSAGE] §e[NPC] §aTerry§f: §r§fI'll keep crunching on those ice cubes, maybe I am missing something.
11:03:14 [GARDEN_VISITOR_MESSAGE] §e[NPC] §aVex§f: §r§fI have an offer for you that you can't refuse.
11:03:16 [GARDEN_VISITOR_MESSAGE] §e[NPC] §aVex§f: §r§fOh well that's awkward.
11:03:17 [GARDEN_VISITOR_MESSAGE] §e[NPC] §aOdawa§f: §r§fI'm supposed to collect some food for the village, the Kalhuiki people have been through a tough time recently.
11:03:21 [GARDEN_VISITOR_MESSAGE] §e[NPC] §aOdawa§f: §r§fI guess I'll have to turn up empty-handed.
11:03:22 [GARDEN_VISITOR_MESSAGE] §e[NPC] §aStella§f: §r§fThe amount of plots you can unlock here is perfect for a Co-op. So much space!
11:03:24 [GARDEN_VISITOR_MESSAGE] §e[NPC] §aStella§f: §r§fDon't worry, I'll come back later.
11:05:54 [BESTIARY] §f                                  §6§lBESTIARY
11:05:54 [BESTIARY] §f                              §b§lCricket §7§8X §8➡§b §bXI
11:05:54 [BESTIARY] 
11:05:55 [BESTIARY] §f                                  §r§6§lREWARDS
11:05:55 [BESTIARY] §f                          §r§6+0.4☘ Farming Fortune
11:05:55 [BESTIARY] §f                              §r§8+§r§62% §r§aCricket §r§7coins
11:05:55 [BESTIARY] §f                    §r§8+§r§a50% §r§7chance for extra XP orbs
11:05:55 [BESTIARY] §f                               §r§8+§r§b1 SkyBlock XP
11:05:55 [BESTIARY] 
11:05:55 [BESTIARY]   §r§f                         §6§lBESTIARY MILESTONE
11:05:55 [BESTIARY]   §r§f                                 §8CCXV➡§eCCXVI
11:05:55 [BESTIARY] 
11:05:55 [BESTIARY] §3§l▬▬▬▬▬▬▬▬▬▬▬▬▬▬▬▬▬▬▬▬▬▬▬▬▬▬▬▬▬▬▬▬▬▬▬▬▬▬▬▬▬▬▬▬▬▬▬▬▬▬▬▬▬▬▬▬▬▬▬▬▬▬▬▬
11:55:00 [SKYMALL] §bNew day! §r§eYour §r§2Sky Mall §r§ebuff changed!
11:55:00 [SKYMALL] §eNew buff§r§r§r: §r§fGain §r§a+50 §r§6☘ Mining Fortune§r§f.
11:55:00 [SKYMALL] §8§oYou can disable this messaging by toggling Sky Mall in your /hotm!
12:14:59 [SKYMALL] §bNew day! §r§eYour §r§2Sky Mall §r§ebuff changed!
12:14:59 [SKYMALL] §eNew buff§r§r§r: §r§fGain §r§a5x §r§9Titanium §r§fdrops
12:14:59 [SKYMALL] §8§oYou can disable this messaging by toggling Sky Mall in your /hotm!
12:35:00 [SKYMALL] §bNew day! §r§eYour §r§2Sky Mall §r§ebuff changed!
12:35:00 [SKYMALL] §eNew buff§r§r§r: §r§fGain §r§a+15% §r§fmore Powder while mining.
12:35:00 [SKYMALL] §8§oYou can disable this messaging by toggling Sky Mall in your /hotm!
12:55:01 [SKYMALL] §bNew day! §r§eYour §r§2Sky Mall §r§ebuff changed!
12:55:01 [SKYMALL] §eNew buff§r§r§r: §r§fReduce Pickaxe Ability cooldown by §r§a20%§r§f.
12:55:01 [SKYMALL] §8§oYou can disable this messaging by toggling Sky Mall in your /hotm!
13:15:01 [SKYMALL] §bNew day! §r§eYour §r§2Sky Mall §r§ebuff changed!
13:15:01 [SKYMALL] §eNew buff§r§r§r: §r§fReduce Pickaxe Ability cooldown by §r§a20%§r§f.
13:15:01 [SKYMALL] §8§oYou can disable this messaging by toggling Sky Mall in your /hotm!
13:35:00 [SKYMALL] §bNew day! §r§eYour §r§2Sky Mall §r§ebuff changed!
13:35:00 [SKYMALL] §eNew buff§r§r§r: §r§fGain §r§a+100 §r§6⸕ Mining Speed§r§f.
13:35:00 [SKYMALL] §8§oYou can disable this messaging by toggling Sky Mall in your /hotm!
13:55:00 [SKYMALL] §bNew day! §r§eYour §r§2Sky Mall §r§ebuff changed!
13:55:00 [SKYMALL] §eNew buff§r§r§r: §r§fGain §r§a+15% §r§fmore Powder while mining.
13:55:00 [SKYMALL] §8§oYou can disable this messaging by toggling Sky Mall in your /hotm!
14:15:00 [SKYMALL] §bNew day! §r§eYour §r§2Sky Mall §r§ebuff changed!
14:15:00 [SKYMALL] §eNew buff§r§r§r: §r§fGain §r§a+100 §r§6⸕ Mining Speed§r§f.
14:15:00 [SKYMALL] §8§oYou can disable this messaging by toggling Sky Mall in your /hotm!
14:35:00 [SKYMALL] §bNew day! §r§eYour §r§2Sky Mall §r§ebuff changed!
14:35:00 [SKYMALL] §eNew buff§r§r§r: §r§fReduce Pickaxe Ability cooldown by §r§a20%§r§f.
14:35:00 [SKYMALL] §8§oYou can disable this messaging by toggling Sky Mall in your /hotm!
14:55:00 [SKYMALL] §bNew day! §r§eYour §r§2Sky Mall §r§ebuff changed!
14:55:00 [SKYMALL] §eNew buff§r§r§r: §r§fGain §r§a+15% §r§fmore Powder while mining.
14:55:00 [SKYMALL] §8§oYou can disable this messaging by toggling Sky Mall in your /hotm!
15:15:00 [SKYMALL] §bNew day! §r§eYour §r§2Sky Mall §r§ebuff changed!
15:15:00 [SKYMALL] §eNew buff§r§r§r: §r§fGain §r§a+50 §r§6☘ Mining Fortune§r§f.
15:15:00 [SKYMALL] §8§oYou can disable this messaging by toggling Sky Mall in your /hotm!
15:35:00 [SKYMALL] §bNew day! §r§eYour §r§2Sky Mall §r§ebuff changed!
15:35:00 [SKYMALL] §eNew buff§r§r§r: §r§fGain §r§a+15% §r§fmore Powder while mining.
15:35:00 [SKYMALL] §8§oYou can disable this messaging by toggling Sky Mall in your /hotm!
15:55:01 [SKYMALL] §bNew day! §r§eYour §r§2Sky Mall §r§ebuff changed!
15:55:01 [SKYMALL] §eNew buff§r§r§r: §r§fGain §r§a+50 §r§6☘ Mining Fortune§r§f.
15:55:01 [SKYMALL] §8§oYou can disable this messaging by toggling Sky Mall in your /hotm!
16:05:26 [GARDEN_VISITOR_MESSAGE] §e[NPC] §aGuy§f: §r§fHeard you may got some mushrooms...I've been looking for some...
16:05:29 [GARDEN_VISITOR_MESSAGE] §e[NPC] §aGuy§f: §r§fOh man gee, that's awful man, call me when you got 'em alright?
16:05:30 [GARDEN_VISITOR_MESSAGE] §e[NPC] §9Seymour§f: §r§fWanting to buy something from me? I got some pretty fancy tuxedos for sale, for a price of a small fortune.
16:05:32 [GARDEN_VISITOR_MESSAGE] §e[NPC] §9Seymour§f: §r§f*sigh* You're missing out on some awfully fancy gear.
16:05:34 [GARDEN_VISITOR_MESSAGE] §e[NPC] §aJamie§f: §r§fYou might have noticed that you can purchase additional plots within your Desk in the Barn!
16:05:35 [GARDEN_VISITOR_MESSAGE] §e[NPC] §aJamie§f: §r§fNo worries.
16:05:36 [GARDEN_VISITOR_MESSAGE] §e[NPC] §9Gwendolyn§f: §r§fI don't really have a sweet tooth, but chocolate is probably my favorite thing in this world. But the supply is really poor mostly because of the mines' lack of accessibility.
16:05:38 [GARDEN_VISITOR_MESSAGE] §e[NPC] §9Gwendolyn§f: §r§fI helped you enter the Crystal Hollows so many times! Why won't you return the favor?
16:05:39 [GARDEN_VISITOR_MESSAGE] §e[NPC] §9Iron Forger§f: §r§fI've recently got into cooking, yesterday I made pasta carbonara, today I'm planning on baking a carrot cake.
16:05:41 [GARDEN_VISITOR_MESSAGE] §e[NPC] §9Iron Forger§f: §r§fWill have to order some food today then.
20:35:01 [SKYMALL] §bNew day! §r§eYour §r§2Sky Mall §r§ebuff changed!
20:35:01 [SKYMALL] §eNew buff§r§r§r: §r§fReduce Pickaxe Ability cooldown by §r§a20%§r§f.
20:35:01 [SKYMALL] §8§oYou can disable this messaging by toggling Sky Mall in your /hotm!
20:55:02 [SKYMALL] §bNew day! §r§eYour §r§2Sky Mall §r§ebuff changed!
20:55:02 [SKYMALL] §eNew buff§r§r§r: §r§fGain §r§a+50 §r§6☘ Mining Fortune§r§f.
20:55:02 [SKYMALL] §8§oYou can disable this messaging by toggling Sky Mall in your /hotm!
21:15:01 [SKYMALL] §bNew day! §r§eYour §r§2Sky Mall §r§ebuff changed!
21:15:01 [SKYMALL] §eNew buff§r§r§r: §r§fGain §r§a+50 §r§6☘ Mining Fortune§r§f.
21:15:01 [SKYMALL] §8§oYou can disable this messaging by toggling Sky Mall in your /hotm!
22:10:44 [SKYMALL] §bNew day! §r§eYour §r§2Sky Mall §r§ebuff changed!
22:10:44 [SKYMALL] §eNew buff§r§r§r: §r§fGain §r§a5x §r§9Titanium §r§fdrops
22:10:44 [SKYMALL] §8§oYou can disable this messaging by toggling Sky Mall in your /hotm!
22:15:01 [SKYMALL] §bNew day! §r§eYour §r§2Sky Mall §r§ebuff changed!
22:15:01 [SKYMALL] §eNew buff§r§r§r: §r§fGain §r§a+50 §r§6☘ Mining Fortune§r§f.
22:15:01 [SKYMALL] §8§oYou can disable this messaging by toggling Sky Mall in your /hotm!
22:35:02 [SKYMALL] §bNew day! §r§eYour §r§2Sky Mall §r§ebuff changed!
22:35:02 [SKYMALL] §eNew buff§r§r§r: §r§fReduce Pickaxe Ability cooldown by §r§a20%§r§f.
22:35:02 [SKYMALL] §8§oYou can disable this messaging by toggling Sky Mall in your /hotm!
22:43:20 [GARDEN_VISITOR_MESSAGE] §e[NPC] §9Bartender§f: §r§fI want to make some new brews, do you think you can give me some ingredients to work with?
22:43:25 [GARDEN_VISITOR_MESSAGE] §e[NPC] §aOdawa§f: §r§fI'm supposed to collect some food for the village, the Kalhuiki people have been through a tough time recently.
22:43:28 [GARDEN_VISITOR_MESSAGE] §e[NPC] §6Clerk Seraphine§f: §r§fHey §aHotBaconWasTaken§f, the mayor elections are coming up and I've ran out of ballot paper! Could you help me out?
22:43:30 [GARDEN_VISITOR_MESSAGE] §e[NPC] §aOringo§f: §r§fHey, you got some wheat for my pets by any chance? Gotta keep those little monsters fed, haha!
22:43:33 [GARDEN_VISITOR_MESSAGE] §e[NPC] §aFarmhand§f: §r§fI took a break from work for too long! Now I need your help to meet my quota!
22:44:31 [GARDEN_VISITOR_MESSAGE] §e[NPC] §6Clerk Seraphine§f: §r§fThank you very much! I'll make sure to give these extra ballots to only the elites!
22:44:41 [GARDEN_VISITOR_MESSAGE] §e[NPC] §aFarmhand§f: §r§fYou condemn me to doing my own work? How can you do this to me!
22:44:43 [GARDEN_VISITOR_MESSAGE] §e[NPC] §aOringo§f: §r§fOh, you're out of wheat? Alright, I'll come back later then.
22:44:44 [GARDEN_VISITOR_MESSAGE] §e[NPC] §aOdawa§f: §r§fI guess I'll have to turn up empty-handed.
22:44:47 [GARDEN_VISITOR_MESSAGE] §e[NPC] §9Bartender§f: §r§fHard times we are in. Take care!
22:49:49 [NEW_VISITOR_ARRIVED] §9§r§9Lumina §r§ehas arrived on your §r§bGarden§r§e!
22:53:57 [GARDEN_VISITOR_MESSAGE] §e[NPC] §9Lumina§f: §r§fI'm looking to make some Jack o' Lanterns to help light up the Crystal Hollows - maybe you can help me out?
22:54:05 [GARDEN_VISITOR_MESSAGE] §e[NPC] §9Lumina§f: §r§fNot a problem, thanks for your time anyways.
22:55:01 [SKYMALL] §bNew day! §r§eYour §r§2Sky Mall §r§ebuff changed!
22:55:01 [SKYMALL] §eNew buff§r§r§r: §r§fGain §r§a+15% §r§fmore Powder while mining.
22:55:01 [SKYMALL] §8§oYou can disable this messaging by toggling Sky Mall in your /hotm!
23:15:03 [SKYMALL] §bNew day! §r§eYour §r§2Sky Mall §r§ebuff changed!
23:15:03 [SKYMALL] §eNew buff§r§r§r: §r§fReduce Pickaxe Ability cooldown by §r§a20%§r§f.
23:15:03 [SKYMALL] §8§oYou can disable this messaging by toggling Sky Mall in your /hotm!
23:35:03 [SKYMALL] §bNew day! §r§eYour §r§2Sky Mall §r§ebuff changed!
23:35:03 [SKYMALL] §eNew buff§r§r§r: §r§fGain §r§a+50 §r§6☘ Mining Fortune§r§f.
23:35:03 [SKYMALL] §8§oYou can disable this messaging by toggling Sky Mall in your /hotm!
00:10:55 [BESTIARY] §f                                  §6§lBESTIARY
00:10:55 [BESTIARY] §f                        §b§lDiamond Goblin §7§8III §8➡§b §bIV
00:10:55 [BESTIARY] 
00:10:55 [BESTIARY] §f                                  §r§6§lREWARDS
00:10:55 [BESTIARY] §f                     §r§8+§r§a2 Diamond Goblin §r§b✯ Magic Find
00:10:55 [BESTIARY] §f                      §r§8+§r§a2 Diamond Goblin §r§c❁ Strength
00:10:55 [BESTIARY] §f                         §r§8+§r§62% §r§aDiamond Goblin §r§7coins
00:10:55 [BESTIARY] §f                    §r§8+§r§a50% §r§7chance for extra XP orbs
00:10:55 [BESTIARY] §f                               §r§8+§r§b1 SkyBlock XP
00:10:55 [BESTIARY] 
00:10:55 [BESTIARY] §3§l▬▬▬▬▬▬▬▬▬▬▬▬▬▬▬▬▬▬▬▬▬▬▬▬▬▬▬▬▬▬▬▬▬▬▬▬▬▬▬▬▬▬▬▬▬▬▬▬▬▬▬▬▬▬▬▬▬▬▬▬▬▬▬▬
