11:01:51 §e[SkyHanni] §aSkyHanni found a new update: 0.27 Beta 7. Check §b/sh download update §afor more info.§r
11:01:58 §e[SkyHanni] §cYour Organic Matter is low!§r
11:01:58 §e[SkyHanni] §aDusk §eis visiting your garden!§r
11:01:58 §e[SkyHanni] §aTerry §eis visiting your garden!§r
11:01:58 §e[SkyHanni] §aVex §eis visiting your garden!§r
11:01:58 §e[SkyHanni] §aOdawa §eis visiting your garden!§r
11:01:58 §e[SkyHanni] §aStella §eis visiting your garden!§r
11:05:55 §6§lBESTIARY §r§b§lCricket §7§8X §8➡§b §bXI§r
12:17:53 §e[SkyHanni] Mark NEU Heavy Pearls as done.§r
12:41:57 §e[SkyHanni] Gained §d400 motes §ethis Rift session! (§d1k/h§e)§r
12:48:20 §e[SkyHanni] §b+2 SkyBlock XP §7(Carnival Perks Shop§7)§b (82/100)§r
13:38:49 §e[SkyHanni] §eTo edit hidden GUI elements:
 §7- §e1. Set a key in /sh edit.
 §7- §e2. Click that key while the GUI element is visible.§r
13:46:04 §e[SkyHanni] Low on arrows §e(100 left)§r
13:46:36 §e[SkyHanni] Low on arrows §e(98 left)§r
13:47:06 §e[SkyHanni] Low on arrows §e(48 left)§r
13:48:41 §e[SkyHanni] Low on arrows §e(33 left)§r
13:58:58 §e[SkyHanni] §b+35 SkyBlock XP §7(Slayer Level Up§7)§b (17/100)§r
14:11:25 §e[SkyHanni] Start a new slayer quest! The old slayer quest has failed!§r
14:11:36 §e[SkyHanni] Start a new slayer quest! The old slayer quest has failed!§r
14:12:27 §e[SkyHanni] Start a new slayer quest! The old slayer quest has failed!§r
15:13:16 §e[SkyHanni] §cYour Time Tower just expired and has 1 charge remaining. Click here to use one.§r
16:05:17 §e[SkyHanni] §cYour Organic Matter is low!§r
16:05:17 §e[SkyHanni] §aGuy §eis visiting your garden!§r
16:05:17 §e[SkyHanni] §9Seymour §eis visiting your garden!§r
16:05:17 §e[SkyHanni] §aJamie §eis visiting your garden!§r
16:05:17 §e[SkyHanni] §9Gwendolyn §eis visiting your garden!§r
16:05:17 §e[SkyHanni] §9Iron Forger §eis visiting your garden!§r
16:14:56 §e[SkyHanni] Located a Tungsten Corpse and marked its location with a waypoint.§r
16:15:16 §e[SkyHanni] Located a Lapis Corpse and marked its location with a waypoint.§r
16:15:18 §e[SkyHanni] Profit for §9Lapis Corpse§e: §646k§r
16:18:18 §e[SkyHanni] Located a Lapis Corpse and marked its location with a waypoint.§r
16:18:21 §e[SkyHanni] Profit for §9Lapis Corpse§e: §630k§r
16:19:31 §e[SkyHanni] Located a Lapis Corpse and marked its location with a waypoint.§r
16:20:07 §e[SkyHanni] Profit for §9Lapis Corpse§e: §6131k§r
16:21:20 §e[SkyHanni] §b+1 SkyBlock XP §7(HOTM Progression§7)§b (18/100)§r
20:29:39 §e[SkyHanni] §b+3 SkyBlock XP §7(Pet Score§7)§b (21/100)§r
22:10:36 §e[SkyHanni] §fYou were in Limbo for §e51m 46s§f.§r
22:41:49 §e[SkyHanni] §cYour Organic Matter is low!§r
22:41:49 §e[SkyHanni] §aFarmhand §eis visiting your garden!§r
22:41:49 §e[SkyHanni] §aOringo §eis visiting your garden!§r
22:41:49 §e[SkyHanni] §6Clerk Seraphine §eis visiting your garden!§r
22:41:49 §e[SkyHanni] §aOdawa §eis visiting your garden!§r
22:41:49 §e[SkyHanni] §9Bartender §eis visiting your garden!§r
22:45:40 §e[SkyHanni] Loaded Pumpkin milestone data from tab list!§r
22:45:58 §e[SkyHanni] Loaded Wheat milestone data from tab list!§r
22:49:50 §e[SkyHanni] §9Lumina §eis visiting your garden!§r
23:43:44 §e[SkyHanni] Gained §d1,675 motes §ethis Rift session! (§d8.2k/h§e)§r
23:53:34 §e[SkyHanni] §cYour Time Tower just expired and has 1 charge remaining. Click here to use one.§r
23:58:20 §e[SkyHanni] Located an Umber Corpse and marked its location with a waypoint.§r
23:58:25 §e[SkyHanni] Located a Lapis Corpse and marked its location with a waypoint.§r
23:58:30 §e[SkyHanni] Profit for §9Lapis Corpse§e: §657k§r
23:58:44 §e[SkyHanni] Located a Tungsten Corpse and marked its location with a waypoint.§r
00:10:55 §6§lBESTIARY §r§b§lDiamond Goblin §7§8III §8➡§b §bIV§r
00:17:19 §e[SkyHanni] Located a Lapis Corpse and marked its location with a waypoint.§r
00:17:24 §e[SkyHanni] Profit for §9Lapis Corpse§e: §656k§r
00:55:58 §e[SkyHanni] §lCLICK HERE§r§e to grab §ax979 §9§a☘ Flawed Peridot Gemstone§e from sacks!§r
00:56:01 §e[SkyHanni] §lCLICK HERE§r§e to grab §ax201 §9§9☘ Fine Peridot Gemstone§e from sacks!§r
00:56:12 §e[SkyHanni] §lCLICK HERE§r§e to grab §ax374 §9§5Enchanted Titanium§e from sacks!§r
00:56:19 §e[SkyHanni] §lCLICK HERE§r§e to grab §ax378 §9§9Enchanted Mithril§e from sacks!§r
