08:15:53 [allowed] §f §r§r§r§f §r§r§r§1 §r§r§r§0 §r§r§r§2 §r§r§r§f §r§r§r§f §r§r§r§2 §r§r§r§0 §r§r§r§4 §r§r§r§3 §r§r§r§9 §r§r§r§2 §r§r§r§0 §r§r§r§0 §r§r§r§3 §r§r§r§9 §r§r§r§2 §r§r§r§0 §r§r§r§0 §r§r§r§3 §r§r§r§9 §r§r§r§2 §r§r§r§0 §r§r§r§0 
08:15:53 [allowed] §aYou have §b2 §aunclaimed leveling rewards!
08:15:53 [allowed] §eClick here to view them!
08:15:54 [allowed]  §b>§c>§a>§r §r§6[MVP§d++§6] Accarc§f §6joined the lobby!§r §a<§c<§b<
08:15:54 [allowed]   §r§f§l➤ §r§6You have reached your Hype limit! Add Hype to Prototype Lobby minigames by right-clicking with the Hype Diamond!
08:15:56 [allowed] §b[MVP§2+§b] DonCheadleIsCute§f §6joined the lobby!
08:16:02 [allowed] 
§r§f§l➔ §r§6§lWelcome to the Prototype Lobby§r
§r§aAll games in this lobby are currently in development.§r
§r§eClick here to leave feedback!§r§f ➤ §r§b§nhttps://hypixel.net/PTL

08:16:04 [allowed] §7Sending to server mini33CK...
08:16:04 [allowed] §8 §r§8 §r§1 §r§3 §r§3 §r§7 §r§8 
08:16:06 [allowed] 
08:16:06 [allowed] §eWelcome to §r§aHypixel SkyBlock§r§e!
08:16:06 [allowed] 
08:16:06 [allowed] §eLatest update: §bSkyBlock v0.20.5 §e§lCLICK
08:16:07 [allowed] §aYou are playing on profile: §ePineapple
08:16:07 [allowed] §8Profile ID: cbcbcaaa-4182-4d77-bab6-b1345770fa92
08:16:08 [allowed] §6§lALLOWANCE! §r§eYou earned §r§650,000 coins§r§e!
08:16:09 [allowed] §7Warping...
08:16:10 [allowed] §7Sending to server mini13AB...
08:16:10 [allowed] §8 §r§8 §r§1 §r§3 §r§3 §r§7 §r§8 
08:16:13 [allowed] §aYou are playing on profile: §ePineapple
08:16:13 [allowed] §8Profile ID: cbcbcaaa-4182-4d77-bab6-b1345770fa92
08:16:22 [allowed] §6The sound of pickaxes clashing against the rock has attracted the attention of the §r§6§lPOWDER GHAST!
08:16:22 [allowed] §eFind the §r§6Powder Ghast§r§e near the §r§bRampart's Quarry§r§e!
08:16:46 [allowed] §cThis process is still running!
08:16:48 [allowed] §cThis process is still running!
08:17:07 [allowed] §a§l▬▬▬▬▬▬▬▬▬▬▬▬▬▬▬▬▬▬▬▬▬▬▬▬▬▬▬▬▬▬▬▬▬▬▬▬▬▬▬▬▬▬▬▬▬▬▬▬▬▬▬▬▬▬▬▬▬▬▬▬▬▬▬▬
08:17:07 [allowed] §f                      §r§b§lMITHRIL GOURMAND ENDED!
08:17:07 [allowed] §f                             §r§7Active Mining Event
08:17:07 [allowed] §f                          §r§cYou didn't participate...
08:17:07 [allowed] §a§l▬▬▬▬▬▬▬▬▬▬▬▬▬▬▬▬▬▬▬▬▬▬▬▬▬▬▬▬▬▬▬▬▬▬▬▬▬▬▬▬▬▬▬▬▬▬▬▬▬▬▬▬▬▬▬▬▬▬▬▬▬▬▬▬
08:17:11 [allowed] §a§r§6Mining Speed Boost §r§ais now available!
08:18:18 [allowed] §c ☠ §r§7§r§bHighlander_lover§r§7 was killed by Ghost§r§7§r§7.
08:18:29 [allowed] §eYou need the §r§dCookie Buff §r§eto use this command!
08:18:29 [allowed] §eObtain a §r§6Booster Cookie §r§efrom the community shop in the hub!
08:18:37 [allowed] §7Finding player...
08:18:38 [allowed] §7Sending a visit request...
08:18:39 [allowed] §7Sending to server mini182CE...
08:18:39 [allowed] §8 §r§8 §r§1 §r§3 §r§3 §r§7 §r§8 
08:18:40 [allowed] §f§m-----------------------------------------------------
§r§cYou should NEVER enter your Microsoft account details anywhere but on official Microsoft services!

§r§cExternal links from untrusted sources should be avoided.
§r§f§m-----------------------------------------------------
08:18:42 [allowed] §d§lYum! §r§eYou gain §r§f+10✦ Speed §r§efor §r§a48 §r§ehours!
08:18:42 [allowed] §aYou are playing on profile: §ePineapple
08:18:42 [allowed] §8Profile ID: cbcbcaaa-4182-4d77-bab6-b1345770fa92
08:18:42 [allowed] §d§lYum! §r§eYou gain §r§c+2❁ Strength §r§efor §r§a48 §r§ehours!
08:18:43 [allowed] §d§lYum! §r§eYou gain §r§c+2⫽ Ferocity §r§efor §r§a48 §r§ehours!
08:18:44 [allowed] §d§lYum! §r§eYou gain §r§6+5☘ Foraging Fortune §r§efor §r§a48 §r§ehours!
08:18:44 [allowed] §d§lYum! §r§eYou gain §r§f+1❂ True Defense §r§efor §r§a48 §r§ehours!
08:18:45 [allowed] §d§lYum! §r§eYou gain §r§b+1✯ Magic Find §r§efor §r§a48 §r§ehours!
08:18:45 [allowed] §d§lYum! §r§eYou gain §r§6+5☘ Farming Fortune §r§efor §r§a48 §r§ehours!
08:18:46 [allowed] §d§lYum! §r§eYou gain §r§4+1♨ Vitality §r§efor §r§a48 §r§ehours!
08:18:47 [allowed] §d§lYum! §r§eYou gain §r§6+5☘ Mining Fortune §r§efor §r§a48 §r§ehours!
08:18:47 [allowed] §d§lYum! §r§eYou gain §r§3+1α Sea Creature Chance §r§efor §r§a48 §r§ehours!
08:18:48 [allowed] §d§lYum! §r§eYou gain §r§d+1♣ Pet Luck §r§efor §r§a48 §r§ehours!
08:18:48 [allowed] §d§lYum! §r§eYou gain §r§c+10❤ Health §r§efor §r§a48 §r§ehours!
08:18:49 [allowed] §d§lYum! §r§eYou gain §r§b+5✎ Intelligence §r§efor §r§a48 §r§ehours!
08:18:49 [allowed] §d§lYum! §r§eYou gain §r§a+3❈ Defense §r§efor §r§a48 §r§ehours!
08:18:52 [allowed] §7Warping you to your SkyBlock island...
08:18:53 [allowed] §7Sending to server mini35AB...
08:18:53 [allowed] §8 §r§8 §r§1 §r§3 §r§3 §r§7 §r§8 
08:18:56 [allowed] §aYou are playing on profile: §ePineapple
08:18:56 [allowed] §8Profile ID: cbcbcaaa-4182-4d77-bab6-b1345770fa92
08:18:56 [allowed] §7Warping...
08:18:57 [allowed] §7Sending to server mini20J...
08:18:57 [allowed] §8 §r§8 §r§1 §r§3 §r§3 §r§7 §r§8 
08:19:00 [allowed] §aYou are playing on profile: §ePineapple
08:19:00 [allowed] §8Profile ID: cbcbcaaa-4182-4d77-bab6-b1345770fa92
08:19:00 [allowed] §cYou may only use this command after 4s on the server!
08:19:21 [allowed] §6[Bazaar] §r§7Claiming order...
08:19:21 [allowed] §6[Bazaar] §r§7§r§7Claimed §r§61,699,641 coins §r§7from selling §r§a9§r§7x §r§9Dungeon Chest Key §r§7at §r§6190,998 §r§7each!
