13:21:32 [allowed] §f §r§r§r§f §r§r§r§1 §r§r§r§0 §r§r§r§2 §r§r§r§f §r§r§r§f §r§r§r§2 §r§r§r§0 §r§r§r§4 §r§r§r§3 §r§r§r§9 §r§r§r§2 §r§r§r§0 §r§r§r§0 §r§r§r§3 §r§r§r§9 §r§r§r§2 §r§r§r§0 §r§r§r§0 §r§r§r§3 §r§r§r§9 §r§r§r§2 §r§r§r§0 §r§r§r§0 
13:21:32 [allowed] §aYou have §b2 §aunclaimed leveling rewards!
13:21:32 [allowed] §eClick here to view them!
13:21:33 [allowed]   §r§f§l➤ §r§6You have reached your Hype limit! Add Hype to Prototype Lobby minigames by right-clicking with the Hype Diamond!
13:21:34 [allowed] §b[MVP§c+§b] gumayusi0§f §6joined the lobby!
13:21:36 [allowed] §b[MVP§e+§b] Czokodogi§f §6joined the lobby!
13:21:36 [allowed] §b[MVP§c+§b] Arqoi§f §6joined the lobby!
13:21:42 [allowed] §b[MVP§c+§b] tenC4D_§f §6joined the lobby!
13:21:42 [allowed] §b[MVP§f+§b] ocvz§f §6joined the lobby!
13:21:43 [allowed]  §b>§c>§a>§r §r§6[MVP§0++§6] msrrrrrrrrrrrrrr§f §6joined the lobby!§r §a<§c<§b<
13:21:43 [allowed] §b[MVP§d+§b] TwoCC§f §6joined the lobby!
13:21:45 [allowed] §b[MVP§6+§b] Nova7813§f §6joined the lobby!
13:21:48 [allowed] §b[MVP§4+§b] YuroPogi§f §6joined the lobby!
13:21:57 [allowed] §b[MVP§6+§b] justcruzn01§f §6joined the lobby!
13:22:00 [allowed] §b[MVP§a+§b] immoking§f §6joined the lobby!
13:22:02 [allowed] §b[MVP§d+§b] tehmas§f §6joined the lobby!
13:22:03 [allowed] §b[MVP§9+§b] _rigby___§f §6joined the lobby!
13:22:09 [allowed] 
§r§f§l➔ §r§6§lWelcome to the Prototype Lobby§r
§r§aAll games in this lobby are currently in development.§r
§r§eClick here to leave feedback!§r§f ➤ §r§b§nhttps://hypixel.net/PTL

13:22:09 [allowed] §b[MVP§3+§b] Stardew8544§f §6joined the lobby!
13:22:10 [allowed] §7Sending to server mini12CA...
13:22:10 [allowed] §8 §r§8 §r§1 §r§3 §r§3 §r§7 §r§8 
13:22:11 [allowed] §aSince you've been away you earned §r§6258,303 coins §r§aas interest in your personal bank account!
13:22:13 [allowed] 
13:22:13 [allowed] §eWelcome to §r§aHypixel SkyBlock§r§e!
13:22:13 [allowed] 
13:22:13 [allowed] §eLatest update: §bSkyBlock v0.20.5 §e§lCLICK
13:22:13 [allowed] §aYou are playing on profile: §ePineapple
13:22:14 [allowed] §8Profile ID: cbcbcaaa-4182-4d77-bab6-b1345770fa92
13:22:15 [SKYMALL] §bNew day! §r§eYour §r§2Sky Mall §r§ebuff changed!
13:22:15 [SKYMALL] §eNew buff§r§r§r: §r§fReduce Pickaxe Ability cooldown by §r§a20%§r§f.
13:22:15 [SKYMALL] §8§oYou can disable this messaging by toggling Sky Mall in your /hotm!
13:22:16 [allowed] §aOringo §r§ebrought exotic pets for sale at the hub plaza, in front of the §r§dFlower House§r§e!
13:22:17 [allowed] §7Warping...
13:22:17 [allowed] §7Sending to server mini64BQ...
13:22:18 [allowed] §8 §r§8 §r§1 §r§3 §r§3 §r§7 §r§8 
13:22:19 [allowed] §cThere are blocks in the way!
13:22:19 [allowed] §cThere are blocks in the way!
13:22:20 [allowed] §cThere are blocks in the way!
13:22:20 [allowed] §cThere are blocks in the way!
13:22:20 [allowed] §cThere are blocks in the way!
13:22:20 [allowed] §cThere are blocks in the way!
13:22:21 [allowed] §aYou are playing on profile: §ePineapple
13:22:21 [allowed] §8Profile ID: cbcbcaaa-4182-4d77-bab6-b1345770fa92
13:23:18 [allowed] §a§r§6Mining Speed Boost §r§ais now available!
13:24:29 [allowed] §7Warping...
13:24:29 [allowed] §7Sending to server mini6CV...
13:24:29 [allowed] §8 §r§8 §r§1 §r§3 §r§3 §r§7 §r§8 
13:24:32 [allowed] §aYou are playing on profile: §ePineapple
13:24:32 [allowed] §8Profile ID: cbcbcaaa-4182-4d77-bab6-b1345770fa92
13:24:35 [allowed] §aOringo §r§ebrought exotic pets for sale at the hub plaza, in front of the §r§dFlower House§r§e!
13:24:35 [allowed] §8Withdrawing coins...
13:24:35 [allowed] §aYou have withdrawn §r§616M coins§r§a! You now have §r§60 coins §r§ain your account!
13:25:09 [allowed] §6[Bazaar] §r§7Executing instant buy...
13:25:09 [allowed] §6[Bazaar] §r§7Bought §r§a1§r§7x §r§6Booster Cookie §r§7for §r§613,248,395 coins§r§7!
13:25:12 [allowed] §eYou consumed a §r§6Booster Cookie§r§e! §r§dYummy!
13:25:21 [allowed] §eYou collected §r§634,650,000 coins §r§efrom selling §r§f§r§6Blessed Newton Nether Warts Hoe §r§eto §r§b[MVP§r§c+§r§b] Playboyfarti37 §r§ein an auction!
13:25:21 [allowed] §eYou collected §r§621,780,000 coins §r§efrom selling §r§f§r§6Blessed Pumpkin Dicer 3.0 §r§eto §r§b[MVP§r§c+§r§b] Mythrix08 §r§ein an auction!
13:25:25 [allowed] §8Depositing coins...
13:25:25 [allowed] §aYou have deposited §r§661M coins§r§a! You now have §r§661M coins §r§ain your account!
13:25:30 [allowed] §a§r§6Mining Speed Boost §r§ais now available!
13:25:34 [allowed] §e[NPC] §aCarnival Leader§f: §rNice to see you here again, §aHotBaconWasTaken§f!
13:25:35 [allowed] §e[NPC] §aCarnival Leader§f: §rIt's a new §bday§f, which means you get more §aCarnival Tickets§f!
13:25:39 [allowed] §aYou claimed §r§aCarnival Ticket §r§8x25§r§a!
13:25:39 [allowed] §e[NPC] §aCarnival Leader§f: §rRemember, if you have any questions, I'll be right here.
13:25:42 [allowed] §e[NPC] §aCarnival Leader§f: §rGood luck, and have §eA Carnivalot of Fun™§f!
13:25:44 [allowed] §e[NPC] Carnival Pirateman§f: §rAhoy there, matey!
13:25:45 [allowed] §e[NPC] Carnival Pirateman§f: §rWould ye like to do some §6Fruit Digging§f?
13:25:45 [allowed] §eSelect an option: §r
 §e ➜ §a[Aye sure do!] §r
 §e ➜ §b[Could ye tell me the rules again, Captain?] §r
 §e ➜ §c[I'll set me sights elsewhere.] 
13:25:46 [allowed] §e[NPC] Carnival Pirateman§f: §rAvast, it seems ye don't have a free §ahotbar slot§f...
13:25:48 [allowed] §e[NPC] Carnival Pirateman§f: §rCome back to me once ye've sorted that out.
13:25:49 [allowed] §e[NPC] Carnival Pirateman§f: §rAhoy there, matey!
13:25:50 [allowed] §e[NPC] Carnival Pirateman§f: §rWould ye like to do some §6Fruit Digging§f?
13:25:50 [allowed] §eSelect an option: §r
 §e ➜ §a[Aye sure do!] §r
 §e ➜ §b[Could ye tell me the rules again, Captain?] §r
 §e ➜ §c[I'll set me sights elsewhere.] 
13:25:51 [allowed] §e[NPC] Carnival Pirateman§f: §rHere's yer §ashovel§f, then.
13:25:52 [allowed] §e[NPC] Carnival Pirateman§f: §rGood luck, matey!
13:26:08 [allowed] §b§lANCHOR! §r§fThere are no fruits nearby!
13:26:22 [allowed] §8[§r§720§r§8] §r§a[VIP] Sydthesloth2749§f§r§f: who wants free stuff
13:26:26 [allowed] §8[§r§720§r§8] §r§a[VIP] Sydthesloth2749§f§r§f: at map
13:26:29 [allowed] §8[§r§729§r§8] §r§a[VIP] awerewa§f§r§f: no thanks
13:26:37 [allowed] §a§l▬▬▬▬▬▬▬▬▬▬▬▬▬▬▬▬▬▬▬▬▬▬▬▬▬▬▬▬▬▬▬▬▬▬▬▬▬▬▬▬▬▬▬▬▬▬▬▬▬▬▬▬▬▬▬▬▬▬▬▬▬▬▬▬
13:26:37 [allowed] §f                               §r§6§lFruit Digging
13:26:37 [allowed] 
13:26:37 [allowed] §f                                 §r§fYour Score
13:26:37 [allowed] §f                                     §a3,600
13:26:37 [allowed] 
13:26:37 [allowed] §f                              §r§fFruits Collected
13:26:37 [allowed] §f      §r§f2x §r§aApple§r§f, §r§f2x §r§aMango§r§f, §r§f4x §r§9Pomegranate§r§f, §r§f4x §r§9Watermelon§r§f, §r§f1x
§r§f            §r§5Cherry§r§f, §r§f3x §r§5Coconut§r§f, §r§f1x §r§dDragonfruit§r§f, §r§f2x §r§cBomb
13:26:37 [allowed] 
13:26:37 [allowed] §f                    You earned §r§e36 Carnival Tokens§r§7!
13:26:37 [allowed] §a§l▬▬▬▬▬▬▬▬▬▬▬▬▬▬▬▬▬▬▬▬▬▬▬▬▬▬▬▬▬▬▬▬▬▬▬▬▬▬▬▬▬▬▬▬▬▬▬▬▬▬▬▬▬▬▬▬▬▬▬▬▬▬▬▬
13:26:39 [allowed] §e[NPC] Carnival Pirateman§f: §rAhoy there, matey!
13:26:39 [allowed] §e[NPC] Carnival Pirateman§f: §rWould ye like to do some §6Fruit Digging§f?
13:26:40 [allowed] §eSelect an option: §r
 §e ➜ §a[Aye sure do!] §r
 §e ➜ §b[Could ye tell me the rules again, Captain?] §r
 §e ➜ §c[I'll set me sights elsewhere.] 
13:26:41 [allowed] §c ☠ §r§7§r§aawerewa§r§7 fell to their death§r§7.
13:26:41 [allowed] §e[NPC] Carnival Pirateman§f: §rHere's yer §ashovel§f, then.
13:26:41 [allowed] §e[NPC] Carnival Pirateman§f: §rGood luck, matey!
13:27:22 [allowed] §a§l▬▬▬▬▬▬▬▬▬▬▬▬▬▬▬▬▬▬▬▬▬▬▬▬▬▬▬▬▬▬▬▬▬▬▬▬▬▬▬▬▬▬▬▬▬▬▬▬▬▬▬▬▬▬▬▬▬▬▬▬▬▬▬▬
13:27:22 [allowed] §f                               §r§6§lFruit Digging
13:27:22 [allowed] 
13:27:22 [allowed] §f                                 §r§fYour Score
13:27:22 [allowed] §f                                     §a4,050
13:27:22 [allowed] 
13:27:22 [allowed] §f                              §r§fFruits Collected
13:27:22 [allowed] §f      §r§f5x §r§aApple§r§f, §r§f3x §r§aMango§r§f, §r§f4x §r§9Pomegranate§r§f, §r§f3x §r§9Watermelon§r§f, §r§f1x
§r§f                            §r§5Cherry§r§f, §r§f2x §r§5Coconut
13:27:22 [allowed] 
13:27:22 [allowed] §f                    You earned §r§e40 Carnival Tokens§r§7!
13:27:22 [allowed] §a§l▬▬▬▬▬▬▬▬▬▬▬▬▬▬▬▬▬▬▬▬▬▬▬▬▬▬▬▬▬▬▬▬▬▬▬▬▬▬▬▬▬▬▬▬▬▬▬▬▬▬▬▬▬▬▬▬▬▬▬▬▬▬▬▬
13:27:23 [allowed] §e[NPC] Carnival Pirateman§f: §rAhoy there, matey!
13:27:24 [allowed] §e[NPC] Carnival Pirateman§f: §rWould ye like to do some §6Fruit Digging§f?
13:27:24 [allowed] §eSelect an option: §r
 §e ➜ §a[Aye sure do!] §r
 §e ➜ §b[Could ye tell me the rules again, Captain?] §r
 §e ➜ §c[I'll set me sights elsewhere.] 
13:27:25 [allowed] §e[NPC] Carnival Pirateman§f: §rHere's yer §ashovel§f, then.
13:27:26 [allowed] §e[NPC] Carnival Pirateman§f: §rGood luck, matey!
13:28:11 [allowed] §a§l▬▬▬▬▬▬▬▬▬▬▬▬▬▬▬▬▬▬▬▬▬▬▬▬▬▬▬▬▬▬▬▬▬▬▬▬▬▬▬▬▬▬▬▬▬▬▬▬▬▬▬▬▬▬▬▬▬▬▬▬▬▬▬▬
13:28:11 [allowed] §f                               §r§6§lFruit Digging
13:28:11 [allowed] 
13:28:11 [allowed] §f                                 §r§fYour Score
13:28:11 [allowed] §f                                     §a5,100
13:28:11 [allowed] 
13:28:11 [allowed] §f                              §r§fFruits Collected
13:28:11 [allowed] §f      §r§f3x §r§aApple§r§f, §r§f3x §r§aMango§r§f, §r§f4x §r§9Pomegranate§r§f, §r§f4x §r§9Watermelon§r§f, §r§f3x
§r§f                   §r§5Coconut§r§f, §r§f1x §r§5Durian§r§f, §r§f1x §r§dDragonfruit
13:28:11 [allowed] 
13:28:11 [allowed] §f                    You earned §r§e51 Carnival Tokens§r§7!
13:28:11 [allowed] §a§l▬▬▬▬▬▬▬▬▬▬▬▬▬▬▬▬▬▬▬▬▬▬▬▬▬▬▬▬▬▬▬▬▬▬▬▬▬▬▬▬▬▬▬▬▬▬▬▬▬▬▬▬▬▬▬▬▬▬▬▬▬▬▬▬
13:28:12 [allowed] §e[NPC] Carnival Pirateman§f: §rAhoy there, matey!
13:28:13 [allowed] §e[NPC] Carnival Pirateman§f: §rWould ye like to do some §6Fruit Digging§f?
13:28:13 [allowed] §eSelect an option: §r
 §e ➜ §a[Aye sure do!] §r
 §e ➜ §b[Could ye tell me the rules again, Captain?] §r
 §e ➜ §c[I'll set me sights elsewhere.] 
13:28:14 [allowed] §e[NPC] Carnival Pirateman§f: §rHere's yer §ashovel§f, then.
13:28:15 [allowed] §e[NPC] Carnival Pirateman§f: §rGood luck, matey!
13:28:35 [allowed] §c ☠ §r§7§r§aawerewa§r§7 fell into the void§r§7.
13:28:57 [allowed] §a§l▬▬▬▬▬▬▬▬▬▬▬▬▬▬▬▬▬▬▬▬▬▬▬▬▬▬▬▬▬▬▬▬▬▬▬▬▬▬▬▬▬▬▬▬▬▬▬▬▬▬▬▬▬▬▬▬▬▬▬▬▬▬▬▬
13:28:57 [allowed] §f                               §r§6§lFruit Digging
13:28:57 [allowed] 
13:28:57 [allowed] §f                                 §r§fYour Score
13:28:57 [allowed] §f                                     §a4,050
13:28:57 [allowed] 
13:28:57 [allowed] §f                              §r§fFruits Collected
13:28:57 [allowed] §f      §r§f4x §r§aApple§r§f, §r§f3x §r§aMango§r§f, §r§f2x §r§9Pomegranate§r§f, §r§f3x §r§9Watermelon§r§f, §r§f1x
§r§f                §r§5Cherry§r§f, §r§f3x §r§5Coconut§r§f, §r§f1x §r§5Durian§r§f, §r§f1x §r§eRum
13:28:57 [allowed] 
13:28:57 [allowed] §f                    You earned §r§e40 Carnival Tokens§r§7!
13:28:57 [allowed] §a§l▬▬▬▬▬▬▬▬▬▬▬▬▬▬▬▬▬▬▬▬▬▬▬▬▬▬▬▬▬▬▬▬▬▬▬▬▬▬▬▬▬▬▬▬▬▬▬▬▬▬▬▬▬▬▬▬▬▬▬▬▬▬▬▬
13:28:59 [allowed] §e[NPC] Carnival Pirateman§f: §rAhoy there, matey!
13:28:59 [allowed] §e[NPC] Carnival Pirateman§f: §rWould ye like to do some §6Fruit Digging§f?
13:29:00 [allowed] §eSelect an option: §r
 §e ➜ §a[Aye sure do!] §r
 §e ➜ §b[Could ye tell me the rules again, Captain?] §r
 §e ➜ §c[I'll set me sights elsewhere.] 
13:29:00 [allowed] §e[NPC] Carnival Pirateman§f: §rHere's yer §ashovel§f, then.
13:29:01 [allowed] §e[NPC] Carnival Pirateman§f: §rGood luck, matey!
13:29:04 [allowed] §b§lANCHOR! §r§fThere are no fruits nearby!
13:29:07 [allowed] §b§lANCHOR! §r§fThere are no fruits nearby!
13:29:23 [allowed] §b§lANCHOR! §r§fThere are no fruits nearby!
13:29:46 [allowed] §a§l▬▬▬▬▬▬▬▬▬▬▬▬▬▬▬▬▬▬▬▬▬▬▬▬▬▬▬▬▬▬▬▬▬▬▬▬▬▬▬▬▬▬▬▬▬▬▬▬▬▬▬▬▬▬▬▬▬▬▬▬▬▬▬▬
13:29:46 [allowed] §f                               §r§6§lFruit Digging
13:29:46 [allowed] 
13:29:46 [allowed] §f                                 §r§fYour Score
13:29:46 [allowed] §f                                     §a3,900
13:29:46 [allowed] 
13:29:46 [allowed] §f                              §r§fFruits Collected
13:29:46 [allowed] §f      §r§f2x §r§aApple§r§f, §r§f3x §r§aMango§r§f, §r§f2x §r§9Pomegranate§r§f, §r§f4x §r§9Watermelon§r§f, §r§f1x
§r§f   §r§5Cherry§r§f, §r§f1x §r§5Coconut§r§f, §r§f1x §r§5Durian§r§f, §r§f1x §r§dDragonfruit§r§f, §r§f3x §r§cBomb§r§f, §r§f1x
§r§f                                      §r§eRum
13:29:46 [allowed] 
13:29:46 [allowed] §f                    You earned §r§e39 Carnival Tokens§r§7!
13:29:46 [allowed] §a§l▬▬▬▬▬▬▬▬▬▬▬▬▬▬▬▬▬▬▬▬▬▬▬▬▬▬▬▬▬▬▬▬▬▬▬▬▬▬▬▬▬▬▬▬▬▬▬▬▬▬▬▬▬▬▬▬▬▬▬▬▬▬▬▬
13:30:39 [allowed] §8[§r§b227§r§8] §r§7ᛃ §r§a[VIP] Chiroki§f§r§f: buying lvl 1 epic ender dragon /p me to negotiate prices!!
13:33:44 [allowed] §7Warping...
13:33:44 [allowed] §7Sending to server mini7AB...
13:33:45 [allowed] §8 §r§8 §r§1 §r§3 §r§3 §r§7 §r§8 
13:33:48 [allowed] §cThere are blocks in the way!
13:33:48 [allowed] §cThere are blocks in the way!
13:33:48 [allowed] §cThere are blocks in the way!
13:33:48 [allowed] §cThere are blocks in the way!
13:33:49 [allowed] §aYou are playing on profile: §ePineapple
13:33:49 [allowed] §8Profile ID: cbcbcaaa-4182-4d77-bab6-b1345770fa92
13:33:52 [allowed] §c ☠ §r§7§r§aMonzigitus§r§7 was killed by Mage Guard§r§7§r§7.
13:33:57 [allowed] §8[§r§5373§r§8] §r§7⸙ §r§b[MVP§4+§b] NateDoggSinker §5ቾ§f§r§f: TROPHY FISH! You caught a Blobfish DIAMOND. x2 of today
13:34:03 [allowed] §cAbilities are disabled in this area!
13:34:05 [allowed] §8[§r§f64§r§8] §r§a[VIP] notmulles §7♲§5ቾ§f§r§f: gg
13:34:07 [allowed] §8[§r§6404§r§8] §r§6৫ §r§b[MVP§6+§b] qtAwi §5ቾ§f§r§f: mega w
13:34:07 [allowed] §8[§r§9282§r§8] §r§b§lᛝ §r§a[VIP§r§6+§r§a] HotBaconWasTaken §c⚒§r§f: blob
13:34:17 [allowed] §8[§r§b209§r§8] §r§7§lꕁ §r§a[VIP] Alexander_Spy §5ቾ§f§r§f: gggggggggggggggggggggggggggggggggggggggggggggg
13:34:21 [allowed] §c ☠ §r§7§r§aMonzigitus§r§7 was killed by Mage Guard§r§7§r§7.
13:34:32 [allowed] §cFind a way to reach the top of the stomach!
13:34:33 [allowed] §8[§r§f64§r§8] §r§a[VIP] notmulles §7♲§5ቾ§f§r§f: 1.43h to get my next minion slot
13:34:44 [allowed] §8[§r§5373§r§8] §r§7⸙ §r§b[MVP§4+§b] NateDoggSinker §5ቾ§f§r§f: that'll be nice
13:34:46 [allowed] §a§r§6Mining Speed Boost §r§ais now available!
13:34:48 [allowed] §6[Sacks] §r§a+3§r§e items§r§e.§r§8 (Last 5s.)
13:34:50 [allowed] §cThere are blocks in the way!
13:34:51 [allowed] §8[§r§f64§r§8] §r§a[VIP] notmulles §7♲§5ቾ§f§r§f: im sitting like the addicts next to casino machines
13:34:55 [SKYMALL] §bNew day! §r§eYour §r§2Sky Mall §r§ebuff changed!
13:34:55 [SKYMALL] §eNew buff§r§r§r: §r§fGain §r§a+50 §r§6☘ Mining Fortune§r§f.
13:34:55 [SKYMALL] §8§oYou can disable this messaging by toggling Sky Mall in your /hotm!
13:35:00 [allowed] §cThere are blocks in the way!
13:35:03 [allowed] §8[§r§f64§r§8] §r§a[VIP] notmulles §7♲§5ቾ§f§r§f: scraping the screen and allat
13:35:04 [allowed] §8[§r§b209§r§8] §r§6ௐ §r§a[VIP] Monzigitus §c⚒§f§r§f: the bridge is collapsing, get to the center!
13:35:06 [allowed] §8[§r§5373§r§8] §r§7⸙ §r§b[MVP§4+§b] NateDoggSinker §5ቾ§f§r§f: trophy fishing is a slot machine let me tell ya
13:35:08 [allowed] §8[§r§9282§r§8] §r§b§lᛝ §r§a[VIP§r§6+§r§a] HotBaconWasTaken §c⚒§r§f: scratch that mf\
13:35:15 [allowed] §8[§r§9282§r§8] §r§b§lᛝ §r§a[VIP§r§6+§r§a] HotBaconWasTaken §c⚒§r§f: SCRAPE IT
13:35:19 [allowed] §cThere are blocks in the way!
13:35:22 [allowed] §8[§r§b209§r§8] §r§7§lꕁ §r§a[VIP] Alexander_Spy §5ቾ§f§r§f: what is this drop fish bridge stuf fyou talkin bout
13:35:23 [allowed] §cThere are blocks in the way!
13:35:28 [allowed] §cThere are blocks in the way!
13:35:32 [allowed] §8[§r§f64§r§8] §r§a[VIP] notmulles §7♲§5ቾ§f§r§f: idk what minion to put
13:35:32 [allowed] §8[§r§6404§r§8] §r§6৫ §r§b[MVP§6+§b] qtAwi §5ቾ§f§r§f: and boy o boy do i love gambling
13:35:35 [allowed] §cAbilities are disabled in this area!
13:35:36 [allowed] §cAbilities are disabled in this area!
13:35:36 [allowed] §cAbilities are disabled in this area!
13:35:36 [allowed] §cAbilities are disabled in this area!
13:35:36 [allowed] §cAbilities are disabled in this area!
13:35:37 [allowed] §8[§r§f64§r§8] §r§a[VIP] notmulles §7♲§5ቾ§f§r§f: probably just another cobblestone
13:35:39 [allowed] §7Warping you to your SkyBlock island...
13:35:39 [allowed] §7Sending to server mini81G...
13:35:40 [allowed] §8 §r§8 §r§1 §r§3 §r§3 §r§7 §r§8 
13:35:43 [allowed] §aYou are playing on profile: §ePineapple
13:35:43 [allowed] §8Profile ID: cbcbcaaa-4182-4d77-bab6-b1345770fa92
13:36:40 [allowed] §a§r§6Mining Speed Boost §r§ais now available!
13:38:12 [allowed] §eYou claimed the §r§dChronomatron §r§erewards!
13:38:12 [allowed]  §r§8+§r§354,000 Enchanting Exp
13:38:12 [allowed] §8 +§r§d3 Superpairs clicks
13:38:41 [allowed] §eYou claimed the §r§dUltrasequencer §r§erewards!
13:38:41 [allowed]  §r§8+§r§342,000 Enchanting Exp
13:38:41 [allowed] §8 +§r§d3 Superpairs clicks
13:39:02 [allowed] §8Withdrawing coins...
13:39:02 [allowed] §aYou have withdrawn §r§6600k coins§r§a! You now have §r§660M coins §r§ain your account!
13:39:10 [allowed] §6[Bazaar] §r§7Putting goods in escrow...
13:39:10 [allowed] §6[Bazaar] §r§7Submitting buy order...
13:39:11 [allowed] §6[Bazaar] §r§7§r§eBuy Order Setup! §r§a1§r§7x §r§9Titanic Experience Bottle §r§7for §r§6572,875 coins§r§7.
13:39:16 [allowed] §6[Bazaar] §eYour §aBuy Order §efor §a1§7x §9Titanic Experience Bottle §ewas filled!
13:39:24 [allowed] §6[Bazaar] §r§7Claiming order...
13:39:24 [allowed] §6[Bazaar] §r§7§r§7Claimed §r§a1§r§7x §r§9Titanic Experience Bottle §r§7worth §r§6572,875 coins §r§7bought for §r§6572,875 §r§7each!
13:40:10 [allowed] §eYou claimed the §r§dSuperpairs §r§erewards!
13:40:10 [allowed] §8 +§r§3600k Enchanting Exp
13:40:10 [allowed]  §r§8+§r§fTriple-Strike IV
13:40:10 [allowed]  §r§8+§r§3142k Enchanting Exp
13:40:10 [allowed]  §r§8+§r§3130k Enchanting Exp
13:40:10 [allowed]  §r§8+§r§9Titanic Experience Bottle
13:40:13 [allowed] §7[§bSkyblockAddons§7] §cDrop this item again to confirm!
13:40:37 [allowed] §6[Bazaar] §r§7Putting goods in escrow...
13:40:37 [allowed] §6[Bazaar] §r§7Submitting sell offer...
13:40:37 [allowed] §6[Bazaar] §r§7§r§eSell Offer Setup! §r§a2§r§7x §r§9Titanic Experience Bottle §r§7for §r§61,158,557 coins§r§7.
13:40:43 [allowed] §6[Bazaar] §r§7Executing instant sell...
13:40:43 [allowed] §6[Bazaar] §r§7Sold §r§a5§r§7x §r§5Silver Magmafish §r§7for §r§6125,145 coins§r§7!
13:40:43 [allowed] §6[Bazaar] §r§7Sold §r§a5§r§7x §r§aEnchanted Coal §r§7for §r§66,753.5 coins§r§7!
13:40:43 [allowed] §6[Bazaar] §r§7Sold §r§a2§r§7x §r§aEnchanted Glowstone Dust §r§7for §r§64,601.8 coins§r§7!
13:40:43 [allowed] §6[Bazaar] §r§7Sold §r§a15§r§7x §r§fRotten Flesh §r§7for §r§615.0 coins§r§7!
13:40:43 [allowed] §6[Bazaar] §r§7Sold §r§a250§r§7x §r§fBlaze Rod §r§7for §r§63,525 coins§r§7!
13:40:43 [allowed] §6[Bazaar] §r§7Sold §r§a75§r§7x §r§fGlowstone Dust §r§7for §r§6532.5 coins§r§7!
13:40:43 [allowed] §6[Bazaar] §r§7Sold §r§a1§r§7x §r§9Magmafish §r§7for §r§6313.4 coins§r§7!
13:40:43 [allowed] §6[Bazaar] §r§7Sold §r§a85§r§7x §r§fCoal §r§7for §r§6535.5 coins§r§7!
13:40:43 [allowed] §6[Bazaar] §r§7Sold §r§a1§r§7x §r§fCarrot §r§7for §r§62.0 coins§r§7!
13:40:48 [allowed] §8Depositing coins...
13:40:48 [allowed] §aYou have deposited §r§6167k coins§r§a! You now have §r§660M coins §r§ain your account!
13:40:48 [allowed] §6[Sacks] §r§c-439§r§e items§r§e.§r§8 (Last 5s.)
13:40:52 [allowed] §6[Bazaar] §eYour §6Sell Offer §efor §a2§7x §9Titanic Experience Bottle §ewas filled!
13:40:55 [allowed] §6[Bazaar] §r§7Claiming order...
13:40:55 [allowed] §6[Bazaar] §r§7§r§7Claimed §r§61,158,557 coins §r§7from selling §r§a2§r§7x §r§9Titanic Experience Bottle §r§7at §r§6585,870 §r§7each!
13:41:29 [allowed] §7Warping...
13:41:29 [allowed] §7Sending to server mini157BP...
13:41:30 [allowed] §8 §r§8 §r§1 §r§3 §r§3 §r§7 §r§8 
13:41:33 [allowed] §aYou are playing on profile: §ePineapple
13:41:33 [allowed] §8Profile ID: cbcbcaaa-4182-4d77-bab6-b1345770fa92
13:41:36 [allowed] §aOringo §r§ebrought exotic pets for sale at the hub plaza, in front of the §r§dFlower House§r§e!
13:41:37 [allowed] §7Warping...
13:41:38 [allowed] §7Sending to server mini230H...
13:41:38 [allowed] §8 §r§8 §r§1 §r§3 §r§3 §r§7 §r§8 
13:41:40 [allowed] §6§lGROSS! §7While you were offline, §6Pests §7spawned in §aPlots §r§b1§r§7, §r§b3§r§7, §r§b13§r§7 and §r§b4§r§r§7!
13:41:40 [allowed] §7Your §r§6☘ Farming Fortune §r§7has been reduced by §r§475%§r§7!
13:41:40 [allowed] §7Click on a plots name in chat to teleport to it!
13:41:41 [allowed] §aYou are playing on profile: §ePineapple
13:41:41 [allowed] §8Profile ID: cbcbcaaa-4182-4d77-bab6-b1345770fa92
13:41:46 [allowed] §aYou summoned your §r§6Elephant§r§a!
13:41:54 [allowed] §eYou received §a5x Enchanted Nether Wart §efor killing a §6Beetle§e!
13:41:55 [allowed] §eYou received §a7x Enchanted Red Mushroom §efor killing a §6Slug§e!
13:41:56 [allowed] §eYou received §a8x Enchanted Red Mushroom §efor killing a §6Slug§e!
13:42:00 [allowed] §eYou received §a10x Enchanted Hay Bale §efor killing a §6Fly§e!
13:42:00 [allowed] §6§lRARE DROP! §5Beady Eyes §6(§6+853☘)
13:42:06 [allowed] §6[Sacks] §r§a+30§r§e items§r§e.§r§8 (Last 11s.)
13:42:11 [allowed] §aYour Garden is no longer infested and your §r§6☘ Farming Fortune §r§ahas returned to normal!
13:42:11 [allowed] §eYou received §a10x Enchanted Hay Bale §efor killing a §6Fly§e!
13:42:17 [allowed] §6[Sacks] §r§a+10§r§e items§r§e.§r§8 (Last 5s.)
13:42:18 [allowed] §eYou received §a10x Enchanted Hay Bale §efor killing a §6Fly§e!
13:42:24 [allowed] §6[Sacks] §r§a+10§r§e items§r§e.§r§8 (Last 5s.)
13:42:38 [allowed] §a§r§6Mining Speed Boost §r§ais now available!
13:42:45 [allowed] §eYou received §a10x Enchanted Hay Bale §efor killing a §6Fly§e!
13:42:51 [allowed] §6[Sacks] §r§a+10§r§e items§r§e.§r§8 (Last 5s.)
13:42:56 [allowed] §eYou received §a10x Enchanted Carrot §efor killing a §6Cricket§e!
13:43:02 [allowed] §6[Sacks] §r§a+10§r§e items§r§e.§r§8 (Last 5s.)
13:43:09 [GARDEN_VISITOR_MESSAGE] §e[NPC] §aAlchemist§f: §r§fBeen running low on my brewing supplies, Nether Warts are quite hard to come by these days.
13:43:12 [GARDEN_VISITOR_MESSAGE] §e[NPC] §9Emissary Sisko§f: §r§fI've heard I can find the best mushrooms here, and as the King's favorite emissary I will bring them to him!
13:43:15 [GARDEN_VISITOR_MESSAGE] §e[NPC] §aJotraeline Greatforge§f: §r§fI heard you have a composter in your barn, it happens to run on the same fuel drills run on! Could I check it out?
13:43:18 [GARDEN_VISITOR_MESSAGE] §e[NPC] §aJotraeline Greatforge§f: §r§fThat's alright! I'll just save up 12 years to be able to afford one myself.
13:43:18 [GARDEN_VISITOR_MESSAGE] §e[NPC] §aWeaponsmith§f: §r§fHey! I am looking to make some Hot Potato Books to enhance some of my weapons, do you have any potatoes to spare?
13:43:21 [GARDEN_VISITOR_MESSAGE] §e[NPC] §aWeaponsmith§f: §r§fToo bad, I guess I'll have to look for actual metal next time...
13:43:22 [GARDEN_VISITOR_MESSAGE] §e[NPC] §9Zog§f: §r§fI have a big problem. I lost my sense of taste, now I can't tell the difference between a melon and a cactus...
13:43:23 [GARDEN_VISITOR_MESSAGE] §e[NPC] §9Zog§f: §r§fMy tongue is hurting for some reason...
13:43:25 [GARDEN_VISITOR_MESSAGE] §e[NPC] §9Emissary Sisko§f: §r§fYou are going to regret this!
13:43:27 [GARDEN_VISITOR_MESSAGE] §e[NPC] §aAlchemist§f: §r§fUnfortunate, I'll see if I can find some Nether Warts from someone else.
13:43:30 [allowed] §aPicked up 64 Compost!
13:43:31 [allowed] §aPicked up 9 Compost!
13:43:33 [allowed] §cYou can't use this when the server is about to restart!
13:43:34 [allowed] §cYou can't use this when the server is about to restart!
13:43:34 [allowed] §cYou can't use this when the server is about to restart!
13:43:36 [allowed] §7Warping...
13:43:36 [allowed] §7Sending to server mini1BU...
13:43:37 [allowed] §8 §r§8 §r§1 §r§3 §r§3 §r§7 §r§8 
13:43:39 [allowed] §7Warping...
13:43:40 [allowed] §aYou are playing on profile: §ePineapple
13:43:40 [allowed] §8Profile ID: cbcbcaaa-4182-4d77-bab6-b1345770fa92
13:43:40 [allowed] §7Sending to server mini189DW...
13:43:41 [allowed] §8 §r§8 §r§1 §r§3 §r§3 §r§7 §r§8 
13:43:44 [allowed] §aYou are playing on profile: §ePineapple
13:43:44 [allowed] §8Profile ID: cbcbcaaa-4182-4d77-bab6-b1345770fa92
13:43:47 [allowed] §cThere are blocks in the way!
13:43:51 [allowed] §6[Bazaar] §r§7Executing instant sell...
13:43:51 [allowed] §6[Bazaar] §r§7Sold §r§a73§r§7x §r§aCompost §r§7for §r§61,208,789 coins§r§7!
13:43:53 [allowed] §aYou sold §r§5Beady Eyes§r§8 x1 §r§afor §r§61 Coin§r§a!
13:43:53 [allowed] §aYou sold §r§aHoney Jar§r§8 x1 §r§afor §r§6100 Coins§r§a!
13:44:19 [allowed] §6[Bazaar] §r§7Executing instant buy...
13:44:19 [allowed] §6[Bazaar] §r§7Bought §r§a8§r§7x §r§9Box of Seeds §r§7for §r§6626,000 coins§r§7!
13:44:21 [allowed] §aAdded §r§2204,800 §r§aorganic matter to the composter!
13:44:22 [allowed] §aAdded §r§2102,948 §r§afuel to the composter!
13:44:29 [allowed] §aYou summoned your §r§6Golden Dragon§r§a!
13:44:41 [allowed] §a§r§6Mining Speed Boost §r§ais now available!
13:45:04 [allowed] §6[Bazaar] §r§7Executing instant buy...
13:45:04 [allowed] §6[Bazaar] §r§7Bought §r§a10§r§7x §r§aGrand Experience Bottle §r§7for §r§656,530 coins§r§7!
13:45:27 [allowed] §7Warping you to your SkyBlock island...
13:45:27 [allowed] §7Sending to server mini6CA...
13:45:28 [allowed] §8 §r§8 §r§1 §r§3 §r§3 §r§7 §r§8 
13:45:30 [allowed] §8Depositing coins...
13:45:30 [allowed] §aYou have deposited §r§61.6M coins§r§a! You now have §r§662M coins §r§ain your account!
13:45:31 [allowed] §aYou are playing on profile: §ePineapple
13:45:31 [allowed] §8Profile ID: cbcbcaaa-4182-4d77-bab6-b1345770fa92
13:45:48 [allowed] §7Warping...
13:45:48 [allowed] §7Sending to server mini19DP...
13:45:48 [allowed] §8 §r§8 §r§1 §r§3 §r§3 §r§7 §r§8 
13:45:51 [allowed] §aYou are playing on profile: §ePineapple
13:45:51 [allowed] §8Profile ID: cbcbcaaa-4182-4d77-bab6-b1345770fa92
13:45:54 [allowed] §aOringo §r§ebrought exotic pets for sale at the hub plaza, in front of the §r§dFlower House§r§e!
13:46:03 [allowed] §cThere are blocks in the way!
13:46:03 [allowed] §7Your Implosion hit §r§c2 §r§7enemies for §r§c3,045,705.1 §r§7damage.
13:46:09 [allowed] §cThere are blocks in the way!
13:46:09 [allowed] §7Your Implosion hit §r§c1 §r§7enemy for §r§c1,686,873.7 §r§7damage.
13:46:13 [allowed] §cThere are blocks in the way!
13:46:13 [allowed] §7Your Implosion hit §r§c1 §r§7enemy for §r§c1,522,852.5 §r§7damage.
13:46:18 [allowed] §6[Sacks] §r§a+6§r§e items§r§e.§r§8 (Last 14s.)
13:46:23 [allowed] §cThere are blocks in the way!
13:46:26 [allowed] §cThere are blocks in the way!
13:46:29 [allowed] §cThere are blocks in the way!
13:46:32 [allowed] §cThere are blocks in the way!
13:46:35 [allowed] §8[§r§76§r§8] §r§a[VIP] Stealthycat99§f§r§f: can i have some money
13:46:49 [allowed] §a§r§6Mining Speed Boost §r§ais now available!
13:47:02 [allowed] §d§lTIME TOWER! §r§7Your §r§6Chocolate Factory §r§7production has increased by §r§6+0.1x §r§7for §r§a1h§r§7!
13:47:03 [allowed] §5Rabbit Granny §r§7has been promoted to §r§7[139§r§7] §r§5Manager§r§7!
13:47:04 [allowed] §5Rabbit Cousin §r§7has been promoted to §r§7[158§r§7] §r§5Manager§r§7!
13:47:05 [allowed] §5Rabbit Daddy §r§7has been promoted to §r§7[144§r§7] §r§5Manager§r§7!
13:47:06 [allowed] §5Rabbit Sis §r§7has been promoted to §r§7[150§r§7] §r§5Manager§r§7!
13:47:06 [allowed] §5Rabbit Uncle §r§7has been promoted to §r§7[136§r§7] §r§5Manager§r§7!
13:47:07 [allowed] §5Rabbit Dog §r§7has been promoted to §r§7[133§r§7] §r§5Manager§r§7!
13:47:08 [allowed] §5Rabbit Granny §r§7has been promoted to §r§7[140§r§7] §r§5Manager§r§7!
13:47:09 [allowed] §5Rabbit Bro §r§7has been promoted to §r§7[173§r§7] §r§5Manager§r§7!
13:47:09 [allowed] §5Rabbit Cousin §r§7has been promoted to §r§7[159§r§7] §r§5Manager§r§7!
13:47:10 [allowed] §5Rabbit Daddy §r§7has been promoted to §r§7[145§r§7] §r§5Manager§r§7!
13:47:11 [allowed] §5Rabbit Sis §r§7has been promoted to §r§7[151§r§7] §r§5Manager§r§7!
13:47:12 [allowed] §5Rabbit Uncle §r§7has been promoted to §r§7[137§r§7] §r§5Manager§r§7!
13:47:15 [allowed] §5Rabbit Dog §r§7has been promoted to §r§7[134§r§7] §r§5Manager§r§7!
13:47:16 [allowed] §5Rabbit Granny §r§7has been promoted to §r§7[141§r§7] §r§5Manager§r§7!
13:47:17 [allowed] §5Rabbit Bro §r§7has been promoted to §r§7[174§r§7] §r§5Manager§r§7!
13:47:18 [allowed] §5Rabbit Cousin §r§7has been promoted to §r§7[160§r§7] §r§5Manager§r§7!
13:47:19 [allowed] §5Rabbit Daddy §r§7has been promoted to §r§7[146§r§7] §r§5Manager§r§7!
13:47:20 [allowed] §5Rabbit Sis §r§7has been promoted to §r§7[152§r§7] §r§5Manager§r§7!
13:47:21 [allowed] §5Rabbit Uncle §r§7has been promoted to §r§7[138§r§7] §r§5Manager§r§7!
13:47:22 [allowed] §5Rabbit Dog §r§7has been promoted to §r§7[135§r§7] §r§5Manager§r§7!
13:47:22 [allowed] §5Rabbit Granny §r§7has been promoted to §r§7[142§r§7] §r§5Manager§r§7!
13:47:23 [allowed] §6Rabbit Bro §r§7has been promoted to §r§7[175§r§7] §r§6Director§r§7!
13:47:24 [allowed] §5Rabbit Cousin §r§7has been promoted to §r§7[161§r§7] §r§5Manager§r§7!
13:47:25 [allowed] §5Rabbit Daddy §r§7has been promoted to §r§7[147§r§7] §r§5Manager§r§7!
13:47:26 [allowed] §5Rabbit Sis §r§7has been promoted to §r§7[153§r§7] §r§5Manager§r§7!
13:47:30 [allowed] §5Rabbit Uncle §r§7has been promoted to §r§7[139§r§7] §r§5Manager§r§7!
13:47:31 [allowed] §7You upgraded to §r§dCoach Jackrabbit XII§r§7!
13:47:32 [allowed] §5Rabbit Dog §r§7has been promoted to §r§7[136§r§7] §r§5Manager§r§7!
13:47:33 [allowed] §5Rabbit Granny §r§7has been promoted to §r§7[143§r§7] §r§5Manager§r§7!
13:47:34 [allowed] §6Rabbit Bro §r§7has been promoted to §r§7[176§r§7] §r§6Director§r§7!
13:47:34 [allowed] §5Rabbit Cousin §r§7has been promoted to §r§7[162§r§7] §r§5Manager§r§7!
13:47:35 [allowed] §5Rabbit Daddy §r§7has been promoted to §r§7[148§r§7] §r§5Manager§r§7!
13:47:36 [allowed] §5Rabbit Sis §r§7has been promoted to §r§7[154§r§7] §r§5Manager§r§7!
13:47:36 [allowed] §5Rabbit Uncle §r§7has been promoted to §r§7[140§r§7] §r§5Manager§r§7!
13:47:37 [allowed] §5Rabbit Dog §r§7has been promoted to §r§7[137§r§7] §r§5Manager§r§7!
13:47:38 [allowed] §6Rabbit Bro §r§7has been promoted to §r§7[177§r§7] §r§6Director§r§7!
13:47:39 [allowed] §5Rabbit Granny §r§7has been promoted to §r§7[144§r§7] §r§5Manager§r§7!
13:47:40 [allowed] §5Rabbit Cousin §r§7has been promoted to §r§7[163§r§7] §r§5Manager§r§7!
13:47:41 [allowed] §5Rabbit Daddy §r§7has been promoted to §r§7[149§r§7] §r§5Manager§r§7!
13:47:41 [allowed] §5Rabbit Sis §r§7has been promoted to §r§7[155§r§7] §r§5Manager§r§7!
13:47:42 [allowed] §5Rabbit Uncle §r§7has been promoted to §r§7[141§r§7] §r§5Manager§r§7!
13:47:43 [allowed] §5Rabbit Dog §r§7has been promoted to §r§7[138§r§7] §r§5Manager§r§7!
13:47:43 [allowed] §5Rabbit Granny §r§7has been promoted to §r§7[145§r§7] §r§5Manager§r§7!
13:47:44 [allowed] §5Rabbit Cousin §r§7has been promoted to §r§7[164§r§7] §r§5Manager§r§7!
13:47:45 [allowed] §6Rabbit Bro §r§7has been promoted to §r§7[178§r§7] §r§6Director§r§7!
13:47:46 [allowed] §5Rabbit Daddy §r§7has been promoted to §r§7[150§r§7] §r§5Manager§r§7!
13:47:46 [allowed] §5Rabbit Sis §r§7has been promoted to §r§7[156§r§7] §r§5Manager§r§7!
13:48:12 [allowed] §cThere are blocks in the way!
13:48:45 [allowed] §8Withdrawing coins...
13:48:45 [allowed] §aYou have withdrawn §r§68M coins§r§a! You now have §r§654M coins §r§ain your account!
13:49:07 [allowed] §7Putting coins in escrow...
13:49:07 [allowed] §7Processing purchase...
13:49:07 [allowed] §eYou purchased §r§f§r§f§r§fAttribute Shard §r§efor §r§66,010,000 coins§r§e!
13:49:07 [allowed] §7Claiming BIN auction...
13:49:07 [allowed] §eYou claimed §r§f§r§fAttribute Shard §r§efrom §r§b[MVP§r§a+§r§b] bombabobo§r§e's auction!
13:49:48 [allowed] §cThere are blocks in the way!
13:49:49 [allowed] §cThere are blocks in the way!
13:49:55 [allowed] §aYou summoned your §r§6Sheep§r§a!
13:50:20 [allowed] §cThere are blocks in the way!
13:50:20 [allowed] §7Your Implosion hit §r§c1 §r§7enemy for §r§c1,854,919.7 §r§7damage.
13:50:26 [allowed] §6[Sacks] §r§a+1§r§e item§r§e.§r§8 (Last 5s.)
13:50:28 [allowed] §aYou summoned your §r§6Golden Dragon§r§a!
13:50:39 [allowed] §8Depositing coins...
13:50:39 [allowed] §aYou have deposited §r§61.9M coins§r§a! You now have §r§656M coins §r§ain your account!
13:50:43 [allowed] §cThere are blocks in the way!
13:50:47 [allowed] §cThere are blocks in the way!
13:50:47 [allowed] §7Your Implosion hit §r§c1 §r§7enemy for §r§c1,682,410.9 §r§7damage.
13:50:52 [allowed] §aYou summoned your §r§6Sheep§r§a!
13:50:53 [allowed] §6[Sacks] §r§a+1§r§e item§r§e.§r§8 (Last 5s.)
13:50:55 [allowed] §cThere are blocks in the way!
13:50:55 [allowed] §7Your Implosion hit §r§c1 §r§7enemy for §r§c1,854,919.7 §r§7damage.
13:50:59 [allowed] §aYou summoned your §r§6Golden Dragon§r§a!
13:51:01 [allowed] §6[Sacks] §r§a+1§r§e item§r§e.§r§8 (Last 5s.)
13:51:05 [allowed] §cThere are blocks in the way!
13:51:14 [allowed] §7Warping...
13:51:14 [allowed] §7Sending to server mini33AQ...
13:51:14 [allowed] §8 §r§8 §r§1 §r§3 §r§3 §r§7 §r§8 
13:51:17 [allowed] §aYou are playing on profile: §ePineapple
13:51:17 [allowed] §8Profile ID: cbcbcaaa-4182-4d77-bab6-b1345770fa92
13:51:18 [allowed] §cThere are blocks in the way!
13:51:22 [allowed] §c ☠ §r§7§r§b__iqoo§r§7 was killed by Lord Jawbus§r§7§r§7.
13:51:22 [allowed] §c ☠ §r§7§r§aKeanPogi§r§7 was killed by Lord Jawbus§r§7§r§7.
13:51:22 [allowed] §c ☠ §r§7§r§bNislK03§r§7 was killed by Lord Jawbus§r§7§r§7.
13:51:22 [allowed] §c ☠ §r§7§r§bSleepykid08§r§7 was killed by Lord Jawbus§r§7§r§7.
13:51:22 [allowed] §c ☠ §r§7§r§bFischmeister§r§7 was killed by Lord Jawbus§r§7§r§7.
13:51:29 [allowed] §8[§r§b208§r§8] §r§7§l℻ §r§a[VIP] KeanPogi §c⚒§f§r§f: how to dmg
13:51:35 [allowed] §c ☠ §r§7§r§b__iqoo§r§7 was killed by Lord Jawbus§r§7§r§7.
13:51:35 [allowed] §c ☠ §r§7§r§bNislK03§r§7 was killed by Lord Jawbus§r§7§r§7.
13:51:35 [allowed] §c ☠ §r§7§r§bRyuko2008§r§7 was killed by Lord Jawbus§r§7§r§7.
13:51:36 [allowed] §c ☠ §r§7§r§b13runs§r§7 was killed by Lord Jawbus§r§7§r§7.
13:51:36 [allowed] §c ☠ §r§7§r§bSleepykid08§r§7 was killed by Lord Jawbus§r§7§r§7.
13:51:36 [allowed] §c ☠ §r§7§r§bquak07§r§7 was killed by Lord Jawbus§r§7§r§7.
13:51:36 [allowed] §c ☠ §r§7§r§aKeanPogi§r§7 was killed by Lord Jawbus§r§7§r§7.
13:51:37 [allowed] §8[§r§b208§r§8] §r§7§l℻ §r§a[VIP] KeanPogi §c⚒§f§r§f: bow?
13:51:42 [allowed] §c ☠ §r§7§r§bquak07§r§7 was killed by Lord Jawbus§r§7§r§7.
13:51:42 [allowed] §c ☠ §r§7§r§bMiav_Master§r§7 was killed by Lord Jawbus§r§7§r§7.
13:51:42 [allowed] §c ☠ §r§7§r§bFischmeister§r§7 was killed by Lord Jawbus§r§7§r§7.
13:51:53 [allowed] §cThere are blocks in the way!
13:51:53 [allowed] §c ☠ §r§7§r§bTIGERHUMMEL5810§r§7 was killed by §r§5§lMage Outlaw§r§7§r§7.
13:51:54 [allowed] §cThere are blocks in the way!
13:52:13 [allowed] §cThere are blocks in the way!
13:52:15 [allowed] §cThere are blocks in the way!
13:52:15 [allowed] §a§r§6Mining Speed Boost §r§ais now available!
13:52:19 [allowed] §7Your Implosion hit §r§c3 §r§7enemies for §r§c4,450,752.1 §r§7damage.
13:52:20 [allowed] §7Your Implosion hit §r§c1 §r§7enemy for §r§c1,339,786.3 §r§7damage.
13:52:21 [allowed] §cThere are blocks in the way!
13:52:21 [allowed] §cThere are blocks in the way!
13:52:22 [allowed] §cThere are blocks in the way!
13:52:25 [allowed] §c ☠ §r§7§r§bSleepykid08§r§7 was killed by §r§5§lMage Outlaw§r§7§r§7.
13:52:25 [allowed] §6[Sacks] §r§a+15§r§e items§r§e.§r§8 (Last 5s.)
13:52:26 [allowed] §cThere are blocks in the way!
13:52:27 [allowed] §cThere are blocks in the way!
13:53:11 [allowed] §c ☠ §r§7§r§aCrazyTime§r§7 fell into the void§r§7.
13:53:40 [allowed] §7Warping...
13:53:40 [allowed] §7Sending to server mini27CP...
13:53:41 [allowed] §8 §r§8 §r§1 §r§3 §r§3 §r§7 §r§8 
13:53:43 [allowed] §8[§r§2167§r§8] §r§6§lꤥ §r§b[MVP§2+§b] McTwitch7392§f§r§f: no lik ethat :sob:
13:53:43 [allowed] §7Warping...
13:53:43 [allowed] §7Sending to server mini33AQ...
13:53:44 [allowed] §8 §r§8 §r§1 §r§3 §r§3 §r§7 §r§8 
13:53:47 [allowed] §aYou are playing on profile: §ePineapple
13:53:47 [allowed] §8Profile ID: cbcbcaaa-4182-4d77-bab6-b1345770fa92
13:53:51 [allowed] §cThere are blocks in the way!
13:53:55 [allowed] §cThere are blocks in the way!
13:54:08 [allowed] §7Warping...
13:54:08 [allowed] §7Sending to server mini63M...
13:54:09 [allowed] §8 §r§8 §r§1 §r§3 §r§3 §r§7 §r§8 
13:54:11 [allowed] §7Warping...
13:54:11 [allowed] §cCouldn't warp you! Try again later. §r§7(PLAYER_TRANSFER_COOLDOWN)
13:54:12 [allowed] §aYou are playing on profile: §ePineapple
13:54:12 [allowed] §8Profile ID: cbcbcaaa-4182-4d77-bab6-b1345770fa92
13:54:13 [allowed] §7Warping...
13:54:14 [allowed] §7Sending to server mini33AQ...
13:54:14 [allowed] §8 §r§8 §r§1 §r§3 §r§3 §r§7 §r§8 
13:54:17 [allowed] §aYou are playing on profile: §ePineapple
13:54:17 [allowed] §8Profile ID: cbcbcaaa-4182-4d77-bab6-b1345770fa92
13:54:20 [allowed] §7Warping you to your SkyBlock island...
13:54:21 [allowed] §7Sending to server mini25CN...
13:54:21 [allowed] §8 §r§8 §r§1 §r§3 §r§3 §r§7 §r§8 
13:54:24 [allowed] §7Warping...
13:54:24 [allowed] §7Sending to server mini195AW...
13:54:24 [allowed] §aYou are playing on profile: §ePineapple
13:54:24 [allowed] §8Profile ID: cbcbcaaa-4182-4d77-bab6-b1345770fa92
13:54:25 [allowed] §8 §r§8 §r§1 §r§3 §r§3 §r§7 §r§8 
13:54:28 [allowed] §aYou are playing on profile: §ePineapple
13:54:28 [allowed] §8Profile ID: cbcbcaaa-4182-4d77-bab6-b1345770fa92
13:54:32 [allowed] §c ☠ §r§7§r§aBjarnerp5§r§7 was killed by Mage Guard§r§7§r§7.
13:54:33 [allowed] §cThere are blocks in the way!
13:54:42 [allowed] §cThere are blocks in the way!
13:54:42 [allowed] §cThere are blocks in the way!
13:54:44 [allowed] §7Your Implosion hit §r§c3 §r§7enemies for §r§c4,390,447.9 §r§7damage.
13:54:45 [allowed] §7Your Implosion hit §r§c1 §r§7enemy for §r§c1,342,758.9 §r§7damage.
13:54:45 [allowed] §7Your Implosion hit §r§c3 §r§7enemies for §r§c4,450,752.1 §r§7damage.
13:54:46 [allowed] §cThere are blocks in the way!
13:54:48 [allowed] §cThere are blocks in the way!
13:54:48 [allowed] §cThere are blocks in the way!
13:54:49 [allowed] §cThere are blocks in the way!
13:54:49 [allowed] §7Your Implosion hit §r§c3 §r§7enemies for §r§c4,390,447.9 §r§7damage.
13:54:49 [allowed] §cThere are blocks in the way!
13:54:49 [allowed] §a§l+5 Kill Combo §r§8§r§b+3✯ Magic Find
13:54:49 [allowed] §7Your Implosion hit §r§c1 §r§7enemy for §r§c1,321,633.3 §r§7damage.
13:54:50 [allowed] §cThere are blocks in the way!
13:54:51 [allowed] §cThere are blocks in the way!
13:54:51 [allowed] §cThere are blocks in the way!
13:54:55 [allowed] §6[Sacks] §r§a+24§r§e items§r§e.§r§8 (Last 9s.)
13:54:55 [SKYMALL] §bNew day! §r§eYour §r§2Sky Mall §r§ebuff changed!
13:54:55 [SKYMALL] §eNew buff§r§r§r: §r§fGain §r§a+100 §r§6⸕ Mining Speed§r§f.
13:54:55 [SKYMALL] §8§oYou can disable this messaging by toggling Sky Mall in your /hotm!
13:54:57 [allowed] §cYour Kill Combo has expired! You reached a 6 Kill Combo!
13:55:15 [allowed] §7Your Implosion hit §r§c3 §r§7enemies for §r§c4,450,752.1 §r§7damage.
13:55:16 [allowed] §7Your Implosion hit §r§c1 §r§7enemy for §r§c1,318,660.7 §r§7damage.
13:55:17 [allowed] §cThere are blocks in the way!
13:55:18 [allowed] §a§l+5 Kill Combo §r§8§r§b+3✯ Magic Find
13:55:18 [allowed] §7Your Implosion hit §r§c1 §r§7enemy for §r§c1,318,660.7 §r§7damage.
13:55:19 [allowed] §cThere are blocks in the way!
13:55:19 [allowed] §7Your Implosion hit §r§c3 §r§7enemies for §r§c4,390,447.9 §r§7damage.
13:55:19 [allowed] §cThere are blocks in the way!
13:55:19 [allowed] §7Your Implosion hit §r§c1 §r§7enemy for §r§c1,321,633.3 §r§7damage.
13:55:20 [allowed] §cThere are blocks in the way!
13:55:20 [allowed] §cThere are blocks in the way!
13:55:21 [allowed] §cThere are blocks in the way!
13:55:21 [allowed] §7Your Implosion hit §r§c3 §r§7enemies for §r§c4,390,447.9 §r§7damage.
13:55:22 [allowed] §cThere are blocks in the way!
13:55:22 [allowed] §a§l+10 Kill Combo §r§8+§r§610 §r§7coins per kill
13:55:22 [allowed] §7Your Implosion hit §r§c1 §r§7enemy for §r§c1,321,633.3 §r§7damage.
13:55:25 [allowed] §a§r§6Mining Speed Boost §r§ais now available!
13:55:27 [allowed] §6[Sacks] §r§a+54§r§e items§r§e.§r§8 (Last 10s.)
13:55:28 [allowed] §cYour Kill Combo has expired! You reached a 12 Kill Combo!
13:55:44 [allowed] §cThere are blocks in the way!
13:55:44 [allowed] §7Your Implosion hit §r§c3 §r§7enemies for §r§c4,037,595.1 §r§7damage.
13:55:56 [allowed] §cThere are blocks in the way!
13:55:56 [allowed] §7Your Implosion hit §r§c1 §r§7enemy for §r§c1,339,744.6 §r§7damage.
13:55:58 [allowed] §cThere are blocks in the way!
13:55:58 [allowed] §7Your Implosion hit §r§c3 §r§7enemies for §r§c4,450,752.1 §r§7damage.
13:55:58 [allowed] §cThere are blocks in the way!
13:55:58 [allowed] §a§l+5 Kill Combo §r§8§r§b+3✯ Magic Find
13:55:58 [allowed] §7Your Implosion hit §r§c1 §r§7enemy for §r§c1,318,660.7 §r§7damage.
13:56:00 [allowed] §7Your Implosion hit §r§c3 §r§7enemies for §r§c4,390,447.9 §r§7damage.
13:56:01 [allowed] §cThere are blocks in the way!
13:56:01 [allowed] §7Your Implosion hit §r§c1 §r§7enemy for §r§c1,279,980.6 §r§7damage.
13:56:02 [allowed] §cThere are blocks in the way!
13:56:04 [allowed] §cThere are blocks in the way!
13:56:07 [allowed] §6[Sacks] §r§a+34§r§e items§r§e.§r§8 (Last 10s.)
13:56:09 [allowed] §cYour Kill Combo has expired! You reached a 9 Kill Combo!
13:56:14 [allowed] §7Your Implosion hit §r§c3 §r§7enemies for §r§c4,037,595.1 §r§7damage.
13:56:16 [allowed] §7Your Implosion hit §r§c3 §r§7enemies for §r§c4,450,752.1 §r§7damage.
13:56:17 [allowed] §cThere are blocks in the way!
13:56:17 [allowed] §7Your Implosion hit §r§c1 §r§7enemy for §r§c1,318,660.7 §r§7damage.
13:56:18 [allowed] §7Your Implosion hit §r§c3 §r§7enemies for §r§c3,982,888.8 §r§7damage.
13:56:19 [allowed] §cThere are blocks in the way!
13:56:19 [allowed] §a§l+5 Kill Combo §r§8§r§b+3✯ Magic Find
13:56:19 [allowed] §7Your Implosion hit §r§c1 §r§7enemy for §r§c1,341,723.2 §r§7damage.
13:56:20 [allowed] §7Your Implosion hit §r§c3 §r§7enemies for §r§c4,725,186.1 §r§7damage.
13:56:21 [allowed] §cThere are blocks in the way!
13:56:21 [allowed] §7Your Implosion hit §r§c1 §r§7enemy for §r§c1,305,133 §r§7damage.
13:56:23 [allowed] §cThere are blocks in the way!
13:56:23 [allowed] §7Your Implosion hit §r§c3 §r§7enemies for §r§c3,982,888.8 §r§7damage.
13:56:24 [allowed] §cThere are blocks in the way!
13:56:24 [allowed] §a§l+10 Kill Combo §r§8+§r§610 §r§7coins per kill
13:56:24 [allowed] §7Your Implosion hit §r§c1 §r§7enemy for §r§c1,341,723.2 §r§7damage.
13:56:25 [allowed] §7Your Implosion hit §r§c3 §r§7enemies for §r§c3,982,888.8 §r§7damage.
13:56:25 [allowed] §cThere are blocks in the way!
13:56:25 [allowed] §9§l+15 Kill Combo §r§8§r§b+3✯ Magic Find
13:56:25 [allowed] §3§l▬▬▬▬▬▬▬▬▬▬▬▬▬▬▬▬▬▬▬▬▬▬▬▬▬▬▬▬▬▬▬▬▬▬▬▬▬▬▬▬▬▬▬▬▬▬▬▬▬▬▬▬▬▬▬▬▬▬▬▬▬▬▬▬
13:56:25 [allowed]  
13:56:25 [BESTIARY] §f                                  §6§lBESTIARY
13:56:25 [BESTIARY] §f                                §b§lFlare §7§8IV §8➡§b §bV
13:56:25 [BESTIARY] 
13:56:25 [BESTIARY] §f                                  §r§6§lREWARDS
13:56:25 [BESTIARY] §f                           §r§8+§r§a2 Flare §r§b✯ Magic Find
13:56:25 [BESTIARY] §f                           §r§8+§r§a2 Flare §r§c❁ Strength
13:56:25 [BESTIARY] §f                               §r§8+§r§62% §r§aFlare §r§7coins
13:56:25 [BESTIARY] §f                    §r§8+§r§a50% §r§7chance for extra XP orbs
13:56:25 [BESTIARY] §f                               §r§8+§r§b1 SkyBlock XP
13:56:25 [BESTIARY] 
13:56:25 [BESTIARY] §3§l▬▬▬▬▬▬▬▬▬▬▬▬▬▬▬▬▬▬▬▬▬▬▬▬▬▬▬▬▬▬▬▬▬▬▬▬▬▬▬▬▬▬▬▬▬▬▬▬▬▬▬▬▬▬▬▬▬▬▬▬▬▬▬▬
13:56:25 [allowed] §7Your Implosion hit §r§c1 §r§7enemy for §r§c1,341,723.2 §r§7damage.
13:56:26 [allowed] §7Your Implosion hit §r§c3 §r§7enemies for §r§c3,982,888.8 §r§7damage.
13:56:26 [allowed] §cThere are blocks in the way!
13:56:27 [allowed] §7Your Implosion hit §r§c2 §r§7enemies for §r§c2,879,775.5 §r§7damage.
13:56:27 [allowed] §cThere are blocks in the way!
13:56:28 [allowed] §cThere are blocks in the way!
13:56:28 [allowed] §7Your Implosion hit §r§c3 §r§7enemies for §r§c3,982,888.8 §r§7damage.
13:56:30 [allowed] §cThere are blocks in the way!
13:56:30 [allowed] §5§l+20 Kill Combo §r§8§r§3+15☯ Combat Wisdom
13:56:30 [allowed] §7Your Implosion hit §r§c1 §r§7enemy for §r§c1,211,262.3 §r§7damage.
13:56:32 [allowed] §cThere are blocks in the way!
13:56:32 [allowed] §cThere are blocks in the way!
13:56:32 [allowed] §7Your Implosion hit §r§c3 §r§7enemies for §r§c4,390,447.9 §r§7damage.
13:56:32 [allowed] §c ☠ §r§7§r§bFaZe_TheRock§r§7 was killed by §r§8§lBladesoul§r§7§r§7.
13:56:32 [allowed] §cThere are blocks in the way!
13:56:32 [allowed] §7Your Implosion hit §r§c1 §r§7enemy for §r§c1,321,633.3 §r§7damage.
13:56:34 [allowed] §c ☠ §r§7§r§aneon_23§r§7 was killed by §r§4§lMagma Boss§r§7§r§7.
13:56:36 [allowed] §cYour Kill Combo has expired! You reached a 24 Kill Combo!
13:56:38 [allowed] §6[Sacks] §r§a+99§r§e items§r§e.§r§8 (Last 21s.)
13:56:39 [allowed] §c ☠ §r§7§r§bMisterRG7§r§7 was killed by §r§8§lBladesoul§r§7§r§7.
13:56:39 [allowed] §c ☠ §r§7§r§bFaZe_TheRock§r§7 was killed by §r§8§lBladesoul§r§7§r§7.
13:56:42 [allowed] §7Warping...
13:56:42 [allowed] §7Sending to server mini20CD...
13:56:43 [allowed] §8 §r§8 §r§1 §r§3 §r§3 §r§7 §r§8 
13:56:46 [allowed] §aYou are playing on profile: §ePineapple
13:56:46 [allowed] §8Profile ID: cbcbcaaa-4182-4d77-bab6-b1345770fa92
13:56:50 [allowed] §8[§r§f49§r§8] §r§7HarryPotter538§7§r§7: when does dark auction open
13:57:43 [allowed] §a§r§6Mining Speed Boost §r§ais now available!
13:59:17 [allowed] §cThere are blocks in the way!
13:59:18 [allowed] §cThere are blocks in the way!
13:59:21 [allowed] §cThere are blocks in the way!
13:59:37 [allowed] §7Warping you to your SkyBlock island...
13:59:38 [allowed] §7Sending to server mini86DK...
13:59:38 [allowed] §8 §r§8 §r§1 §r§3 §r§3 §r§7 §r§8 
13:59:42 [allowed] §aYou are playing on profile: §ePineapple
13:59:42 [allowed] §8Profile ID: cbcbcaaa-4182-4d77-bab6-b1345770fa92
14:00:38 [allowed] §a§r§6Mining Speed Boost §r§ais now available!
14:01:25 [allowed] §f
14:01:25 [allowed] §4[WATCHDOG ANNOUNCEMENT]
14:01:25 [allowed] §fWatchdog has banned §r§c§l10,448§r§f players in the last 7 days.
14:01:25 [allowed] §fStaff have banned an additional §r§c§l10,494§r§f in the last 7 days.
14:01:25 [allowed] §cBlacklisted modifications are a bannable offense!
14:01:25 [allowed] §c
14:14:54 [SKYMALL] §bNew day! §r§eYour §r§2Sky Mall §r§ebuff changed!
14:14:54 [SKYMALL] §eNew buff§r§r§r: §r§fGain §r§a5x §r§9Titanium §r§fdrops
14:14:54 [SKYMALL] §8§oYou can disable this messaging by toggling Sky Mall in your /hotm!
14:20:59 [allowed] §aYou summoned your §r§6Rabbit§r§a!
14:34:54 [SKYMALL] §bNew day! §r§eYour §r§2Sky Mall §r§ebuff changed!
14:34:54 [SKYMALL] §eNew buff§r§r§r: §r§fReduce Pickaxe Ability cooldown by §r§a20%§r§f.
14:34:54 [SKYMALL] §8§oYou can disable this messaging by toggling Sky Mall in your /hotm!
14:47:05 [allowed] §d§lTIME TOWER! §r§7Your §r§6Chocolate Factory §r§7production has increased by §r§6+0.1x §r§7for §r§a1h§r§7!
14:47:06 [allowed] §5Rabbit Uncle §r§7has been promoted to §r§7[142§r§7] §r§5Manager§r§7!
14:47:40 [allowed] §6[Bazaar] §r§7Executing instant sell...
14:47:40 [allowed] §6[Bazaar] §r§7Sold §r§a1§r§7x §r§aEnchanted Hay Bale §r§7for §r§67,702.1 coins§r§7!
14:47:42 [allowed] §6[Bazaar] §r§7Executing instant sell...
14:47:42 [allowed] §6[Bazaar] §r§7Sold §r§a1§r§7x §r§aEnchanted Sugar §r§7for §r§6617.9 coins§r§7!
14:47:43 [allowed] §6[Bazaar] §r§7Executing instant sell...
14:47:43 [allowed] §6[Bazaar] §r§7Sold §r§a1§r§7x §r§aEnchanted Pumpkin §r§7for §r§61,555.6 coins§r§7!
14:47:44 [allowed] §6[Bazaar] §r§7Executing instant sell...
14:47:44 [allowed] §6[Bazaar] §r§7Sold §r§a1§r§7x §r§aEnchanted Nether Wart §r§7for §r§6622.4 coins§r§7!
14:47:48 [allowed] §6[Bazaar] §r§7Executing instant sell...
14:47:48 [allowed] §6[Bazaar] §r§7Sold §r§a40§r§7x §r§aEnchanted Hay Bale §r§7for §r§6308,084 coins§r§7!
14:47:48 [allowed] §6[Bazaar] §r§7Sold §r§a224§r§7x §r§fBlaze Rod §r§7for §r§63,270.4 coins§r§7!
14:47:48 [allowed] §6[Bazaar] §r§7Sold §r§a9§r§7x §r§fRotten Flesh §r§7for §r§611.7 coins§r§7!
14:47:48 [allowed] §6[Bazaar] §r§7Sold §r§a10§r§7x §r§aEnchanted Carrot §r§7for §r§65,357 coins§r§7!
14:47:48 [allowed] §6[Bazaar] §r§7Sold §r§a5§r§7x §r§aEnchanted Nether Wart §r§7for §r§63,112 coins§r§7!
14:47:48 [allowed] §6[Bazaar] §r§7Sold §r§a15§r§7x §r§aEnchanted Red Mushroom §r§7for §r§623,400 coins§r§7!
14:47:51 [allowed] §aYou sold §r§fWhite Wool§r§8 x1 §r§afor §r§62 Coins§r§a!
14:47:53 [allowed] §6[Sacks] §r§c-303§r§e items§r§e.§r§8 (Last 5s.)
14:47:54 [allowed] §aYou summoned your §r§6Golden Dragon§r§a!
14:48:31 [allowed] §aYou received §r§6273,853.8 coins§r§a!
14:49:22 [allowed] §c§lYour inventory is full!
14:49:24 [allowed] §aYou sold §r§aEnchanted Wool§r§8 x64 §r§afor §r§620,480 Coins§r§a!
14:49:25 [allowed] §aYou sold §r§aEnchanted Wool§r§8 x64 §r§afor §r§620,480 Coins§r§a!
14:49:25 [allowed] §aYou sold §r§aEnchanted Wool§r§8 x64 §r§afor §r§620,480 Coins§r§a!
14:49:25 [allowed] §aYou sold §r§aEnchanted Wool§r§8 x64 §r§afor §r§620,480 Coins§r§a!
14:49:26 [allowed] §aYou sold §r§aEnchanted Wool§r§8 x64 §r§afor §r§620,480 Coins§r§a!
14:49:27 [allowed] §aYou sold §r§aEnchanted Wool§r§8 x64 §r§afor §r§620,480 Coins§r§a!
14:49:27 [allowed] §aYou sold §r§aEnchanted Wool§r§8 x64 §r§afor §r§620,480 Coins§r§a!
14:49:27 [allowed] §aYou sold §r§aEnchanted Wool§r§8 x64 §r§afor §r§620,480 Coins§r§a!
14:49:29 [allowed] §aYou sold §r§aEnchanted Wool§r§8 x18 §r§afor §r§65,760 Coins§r§a!
14:49:29 [allowed] §aYou sold §r§aEnchanted Wool§r§8 x64 §r§afor §r§620,480 Coins§r§a!
14:49:29 [allowed] §aYou sold §r§aEnchanted Wool§r§8 x64 §r§afor §r§620,480 Coins§r§a!
14:49:30 [allowed] §aYou sold §r§aEnchanted Wool§r§8 x64 §r§afor §r§620,480 Coins§r§a!
14:50:01 [allowed] §aYou sold §r§aEnchanted Wool§r§8 x64 §r§afor §r§620,480 Coins§r§a!
14:50:01 [allowed] §aYou sold §r§aEnchanted Wool§r§8 x64 §r§afor §r§620,480 Coins§r§a!
14:50:02 [allowed] §aYou sold §r§aEnchanted Wool§r§8 x64 §r§afor §r§620,480 Coins§r§a!
14:50:03 [allowed] §aYou sold §r§aEnchanted Wool§r§8 x41 §r§afor §r§613,120 Coins§r§a!
14:50:04 [allowed] §aYou sold §r§aEnchanted Wool§r§8 x64 §r§afor §r§620,480 Coins§r§a!
14:50:04 [allowed] §aYou sold §r§aEnchanted Wool§r§8 x64 §r§afor §r§620,480 Coins§r§a!
14:50:22 [allowed] §aYou sold §r§aEnchanted Wool§r§8 x64 §r§afor §r§620,480 Coins§r§a!
14:50:24 [allowed] §aYou sold §r§aEnchanted Wool§r§8 x64 §r§afor §r§620,480 Coins§r§a!
14:50:24 [allowed] §aYou sold §r§aEnchanted Wool§r§8 x25 §r§afor §r§68,000 Coins§r§a!
14:50:25 [allowed] §aYou sold §r§fWhite Wool§r§8 x17 §r§afor §r§634 Coins§r§a!
14:50:25 [allowed] §aYou sold §r§fMutton§r§8 x15 §r§afor §r§675 Coins§r§a!
14:50:35 [allowed] §c§lYour inventory is full!
14:50:39 [allowed] §aYou sold §r§aEnchanted Wool§r§8 x26 §r§afor §r§68,320 Coins§r§a!
14:50:40 [allowed] §aYou sold §r§aEnchanted Wool§r§8 x64 §r§afor §r§620,480 Coins§r§a!
14:50:40 [allowed] §aYou sold §r§aEnchanted Wool§r§8 x64 §r§afor §r§620,480 Coins§r§a!
14:50:41 [allowed] §aYou sold §r§fMutton§r§8 x1 §r§afor §r§65 Coins§r§a!
14:50:45 [allowed] §6[Bazaar] §r§7Putting goods in escrow...
14:50:45 [allowed] §6[Bazaar] §r§7Submitting sell offer...
14:50:45 [allowed] §6[Bazaar] §r§7§r§eSell Offer Setup! §r§a1,387§r§7x §r§aEnchanted Mutton §r§7for §r§67,838,627 coins§r§7.
14:50:53 [allowed] §6[Bazaar] §r§7Putting goods in escrow...
14:50:53 [allowed] §6[Bazaar] §r§7Submitting sell offer...
14:50:53 [allowed] §6[Bazaar] §r§7§r§eSell Offer Setup! §r§a54§r§7x §r§9Enchanted Lush Berberis §r§7for §r§61,414,362 coins§r§7.
14:53:48 [allowed] §6[Bazaar] §r§7Cancelling order...
14:53:48 [allowed] §6[Bazaar] §r§7§r§cCancelled! §r§7Refunded §r§a1,387§r§7x §r§aEnchanted Mutton §r§7from cancelling Sell Offer!
14:53:51 [allowed] §6[Bazaar] §r§7Putting goods in escrow...
14:53:51 [allowed] §6[Bazaar] §r§7Submitting sell offer...
14:53:51 [allowed] §6[Bazaar] §r§7§r§eSell Offer Setup! §r§a1,387§r§7x §r§aEnchanted Mutton §r§7for §r§67,838,352 coins§r§7.
14:53:54 [allowed] §6[Bazaar] §r§7Cancelling order...
14:53:54 [allowed] §6[Bazaar] §r§7§r§cCancelled! §r§7Refunded §r§a54§r§7x §r§9Enchanted Lush Berberis §r§7from cancelling Sell Offer!
14:53:56 [allowed] §6[Bazaar] §r§7Putting goods in escrow...
14:53:56 [allowed] §6[Bazaar] §r§7Submitting sell offer...
14:53:56 [allowed] §6[Bazaar] §r§7§r§eSell Offer Setup! §r§a54§r§7x §r§9Enchanted Lush Berberis §r§7for §r§61,414,351 coins§r§7.
14:54:34 [allowed] §6[Bazaar] §eYour §6Sell Offer §efor §a54§7x §9Enchanted Lush Berberis §ewas filled!
14:54:47 [allowed] §6[Bazaar] §r§7Claiming order...
14:54:47 [allowed] §6[Bazaar] §r§7§r§7Claimed §r§61,414,351 coins §r§7from selling §r§a54§r§7x §r§9Enchanted Lush Berberis §r§7at §r§626,490 §r§7each!
14:54:48 [allowed] §6[Bazaar] §r§7Claiming order...
14:54:48 [allowed] §6[Bazaar] §r§7§r§7Claimed §r§61,356,312 coins §r§7from selling §r§a240§r§7x §r§aEnchanted Mutton §r§7at §r§65,715.6 §r§7each!
14:54:49 [allowed] §6[Bazaar] §r§7Cancelling order...
14:54:49 [allowed] §6[Bazaar] §r§7§r§cCancelled! §r§7Refunded §r§a1,147§r§7x §r§aEnchanted Mutton §r§7from cancelling Sell Offer!
14:54:51 [allowed] §6[Bazaar] §r§7Putting goods in escrow...
14:54:51 [allowed] §6[Bazaar] §r§7Submitting sell offer...
14:54:51 [allowed] §6[Bazaar] §r§7§r§eSell Offer Setup! §r§a1,147§r§7x §r§aEnchanted Mutton §r§7for §r§66,482,041 coins§r§7.
14:54:54 [SKYMALL] §bNew day! §r§eYour §r§2Sky Mall §r§ebuff changed!
14:54:54 [SKYMALL] §eNew buff§r§r§r: §r§fGain §r§a+100 §r§6⸕ Mining Speed§r§f.
14:54:54 [SKYMALL] §8§oYou can disable this messaging by toggling Sky Mall in your /hotm!
15:14:54 [SKYMALL] §bNew day! §r§eYour §r§2Sky Mall §r§ebuff changed!
15:14:54 [SKYMALL] §eNew buff§r§r§r: §r§fGain §r§a+100 §r§6⸕ Mining Speed§r§f.
15:14:54 [SKYMALL] §8§oYou can disable this messaging by toggling Sky Mall in your /hotm!
15:34:55 [SKYMALL] §bNew day! §r§eYour §r§2Sky Mall §r§ebuff changed!
15:34:55 [SKYMALL] §eNew buff§r§r§r: §r§fGain §r§a+15% §r§fmore Powder while mining.
15:34:55 [SKYMALL] §8§oYou can disable this messaging by toggling Sky Mall in your /hotm!
15:54:54 [SKYMALL] §bNew day! §r§eYour §r§2Sky Mall §r§ebuff changed!
15:54:54 [SKYMALL] §eNew buff§r§r§r: §r§fGain §r§a+15% §r§fmore Powder while mining.
15:54:54 [SKYMALL] §8§oYou can disable this messaging by toggling Sky Mall in your /hotm!
16:01:25 [allowed] §f
16:01:25 [allowed] §4[WATCHDOG ANNOUNCEMENT]
16:01:25 [allowed] §fWatchdog has banned §r§c§l10,343§r§f players in the last 7 days.
16:01:25 [allowed] §fStaff have banned an additional §r§c§l10,485§r§f in the last 7 days.
16:01:25 [allowed] §cBlacklisted modifications are a bannable offense!
16:01:25 [allowed] §c
16:14:55 [SKYMALL] §bNew day! §r§eYour §r§2Sky Mall §r§ebuff changed!
16:14:55 [SKYMALL] §eNew buff§r§r§r: §r§fReduce Pickaxe Ability cooldown by §r§a20%§r§f.
16:14:55 [SKYMALL] §8§oYou can disable this messaging by toggling Sky Mall in your /hotm!
16:33:04 [allowed] §aYou summoned your §r§6Rabbit§r§a!
16:34:54 [SKYMALL] §bNew day! §r§eYour §r§2Sky Mall §r§ebuff changed!
16:34:54 [SKYMALL] §eNew buff§r§r§r: §r§fGain §r§a+100 §r§6⸕ Mining Speed§r§f.
16:34:54 [SKYMALL] §8§oYou can disable this messaging by toggling Sky Mall in your /hotm!
16:43:51 [allowed] §6[Auction] §bPieClient §ebought §fBountiful Euclid's Wheat Hoe §efor §6120,000,000 coins §lCLICK
16:54:54 [SKYMALL] §bNew day! §r§eYour §r§2Sky Mall §r§ebuff changed!
16:54:54 [SKYMALL] §eNew buff§r§r§r: §r§fGain §r§a+100 §r§6⸕ Mining Speed§r§f.
16:54:54 [SKYMALL] §8§oYou can disable this messaging by toggling Sky Mall in your /hotm!
17:14:55 [SKYMALL] §bNew day! §r§eYour §r§2Sky Mall §r§ebuff changed!
17:14:55 [SKYMALL] §eNew buff§r§r§r: §r§fGain §r§a+100 §r§6⸕ Mining Speed§r§f.
17:14:55 [SKYMALL] §8§oYou can disable this messaging by toggling Sky Mall in your /hotm!
17:19:18 [allowed] §6[Bazaar] §eYour §6Sell Offer §efor §a1,147§7x §aEnchanted Mutton §ewas filled!
17:34:55 [SKYMALL] §bNew day! §r§eYour §r§2Sky Mall §r§ebuff changed!
17:34:55 [SKYMALL] §eNew buff§r§r§r: §r§fGain §r§a+100 §r§6⸕ Mining Speed§r§f.
17:34:55 [SKYMALL] §8§oYou can disable this messaging by toggling Sky Mall in your /hotm!
17:54:55 [SKYMALL] §bNew day! §r§eYour §r§2Sky Mall §r§ebuff changed!
17:54:55 [SKYMALL] §eNew buff§r§r§r: §r§fGain §r§a+100 §r§6⸕ Mining Speed§r§f.
17:54:55 [SKYMALL] §8§oYou can disable this messaging by toggling Sky Mall in your /hotm!
18:01:26 [allowed] §f
18:01:26 [allowed] §4[WATCHDOG ANNOUNCEMENT]
18:01:26 [allowed] §fWatchdog has banned §r§c§l10,330§r§f players in the last 7 days.
18:01:26 [allowed] §fStaff have banned an additional §r§c§l10,373§r§f in the last 7 days.
18:01:26 [allowed] §cBlacklisted modifications are a bannable offense!
18:01:26 [allowed] §c
18:14:54 [SKYMALL] §bNew day! §r§eYour §r§2Sky Mall §r§ebuff changed!
18:14:54 [SKYMALL] §eNew buff§r§r§r: §r§fGain §r§a+50 §r§6☘ Mining Fortune§r§f.
18:14:54 [SKYMALL] §8§oYou can disable this messaging by toggling Sky Mall in your /hotm!
18:22:05 [allowed] §aFriend > §r§aNokturnalShadowZ §r§ejoined.
18:22:28 [allowed] §aFriend > §r§aNokturnalShadowZ §r§eleft.
18:24:09 [allowed] §aFriend > §r§bNokturnalShadowZ §r§ejoined.
18:34:54 [SKYMALL] §bNew day! §r§eYour §r§2Sky Mall §r§ebuff changed!
18:34:54 [SKYMALL] §eNew buff§r§r§r: §r§fGain §r§a+15% §r§fmore Powder while mining.
18:34:54 [SKYMALL] §8§oYou can disable this messaging by toggling Sky Mall in your /hotm!
18:43:48 [allowed] §eYou collected §r§6118,800,000 coins §r§efrom selling §r§f§r§dBountiful Euclid's Wheat Hoe §r§eto §r§b[MVP§r§d+§r§b] PieClient §r§ein an auction!
18:43:52 [allowed] §8Depositing coins...
18:43:52 [allowed] §aYou have deposited §r§6122M coins§r§a! You now have §r§6178M coins §r§ain your account!
18:43:55 [allowed] §7Warping...
18:43:55 [allowed] §7Sending to server mini29AB...
18:43:55 [allowed] §8 §r§8 §r§1 §r§3 §r§3 §r§7 §r§8 
18:43:58 [allowed] §aYou are playing on profile: §ePineapple
18:43:58 [allowed] §8Profile ID: cbcbcaaa-4182-4d77-bab6-b1345770fa92
18:44:00 [allowed] §aYou summoned your §r§6Golden Dragon§r§a!
18:44:02 [allowed] §cThere are blocks in the way!
18:44:02 [allowed] §7Your Implosion hit §r§c1 §r§7enemy for §r§c1,773,154.4 §r§7damage.
18:44:05 [allowed] §cThere are blocks in the way!
18:44:05 [allowed] §7Your Implosion hit §r§c1 §r§7enemy for §r§c1,773,154.4 §r§7damage.
18:44:08 [allowed] §cThere are blocks in the way!
18:44:08 [allowed] §7Your Implosion hit §r§c1 §r§7enemy for §r§c1,600,743.8 §r§7damage.
18:44:13 [allowed] §7Warping...
18:44:13 [allowed] §7Sending to server mini195AW...
18:44:14 [allowed] §8 §r§8 §r§1 §r§3 §r§3 §r§7 §r§8 
18:44:16 [allowed] §8[§r§3251§r§8] §r§6✎ §r§a[VIP§6+§a] ducck7 §5ቾ§f§r§f: her
18:44:16 [allowed] §c ☠ §r§7§r§aducck7§r§7 was killed by §r§8§lAshfang§r§7§r§7.
18:44:17 [allowed] §aYou are playing on profile: §ePineapple
18:44:17 [allowed] §8Profile ID: cbcbcaaa-4182-4d77-bab6-b1345770fa92
18:44:26 [allowed] §c ☠ §r§7§r§bbigvkiefan§r§7 was killed by §r§8§lBladesoul§r§7§r§7.
18:44:30 [allowed] §cThere are blocks in the way!
18:44:34 [allowed] §7Your Implosion hit §r§c3 §r§7enemies for §r§c4,272,581.2 §r§7damage.
18:44:35 [allowed] §cThere are blocks in the way!
18:44:35 [allowed] §7Your Implosion hit §r§c3 §r§7enemies for §r§c4,217,874.9 §r§7damage.
18:44:36 [allowed] §cThere are blocks in the way!
18:44:36 [allowed] §7Your Implosion hit §r§c1 §r§7enemy for §r§c1,282,725.5 §r§7damage.
18:44:38 [allowed] §e§lLOOT SHARE §r§r§r§fYou received loot for assisting §r§bR3Xu§r§f!
18:44:38 [allowed] §e§lLOOT SHARE §r§r§r§fYou received loot for assisting §r§bR3Xu§r§f!
18:44:38 [allowed] §e§lLOOT SHARE §r§r§r§fYou received loot for assisting §r§bR3Xu§r§f!
18:44:41 [allowed] §7Warping you to your SkyBlock island...
18:44:41 [allowed] §7Sending to server mini4CQ...
18:44:42 [allowed] §8 §r§8 §r§1 §r§3 §r§3 §r§7 §r§8 
18:44:44 [allowed] §aYou are playing on profile: §ePineapple
18:44:45 [allowed] §8Profile ID: cbcbcaaa-4182-4d77-bab6-b1345770fa92
18:44:52 [allowed] §7Warping...
18:44:52 [allowed] §7Sending to server mini36BU...
18:44:52 [allowed] §8 §r§8 §r§1 §r§3 §r§3 §r§7 §r§8 
18:44:56 [allowed] §aYou are playing on profile: §ePineapple
18:44:56 [allowed] §8Profile ID: cbcbcaaa-4182-4d77-bab6-b1345770fa92
18:45:07 [allowed] §c ☠ §r§7§r§aPlayer098§r§7 was killed by Inferno Demonlord§r§7§r§7.
18:45:15 [allowed] §cThere are blocks in the way!
18:45:15 [allowed] §7Your Implosion hit §r§c3 §r§7enemies for §r§c4,709,783.8 §r§7damage.
18:45:49 [allowed] §7Warping you to your SkyBlock island...
18:45:49 [allowed] §7Sending to server mini4CQ...
18:45:50 [allowed] §8 §r§8 §r§1 §r§3 §r§3 §r§7 §r§8 
18:45:53 [allowed] §aYou are playing on profile: §ePineapple
18:45:53 [allowed] §8Profile ID: cbcbcaaa-4182-4d77-bab6-b1345770fa92
18:46:41 [allowed] §6[Bazaar] §r§7Claiming order...
18:46:41 [allowed] §6[Bazaar] §r§7§r§7Claimed §r§66,482,041 coins §r§7from selling §r§a1,147§r§7x §r§aEnchanted Mutton §r§7at §r§65,715.6 §r§7each!
18:46:44 [allowed] §8Depositing coins...
18:46:44 [allowed] §aYou have deposited §r§66.4M coins§r§a! You now have §r§6185M coins §r§ain your account!
18:46:50 [allowed] §a§r§6Mining Speed Boost §r§ais now available!
18:47:08 [allowed] §7Warping...
18:47:08 [allowed] §7Sending to server mini34N...
18:47:09 [allowed] §8 §r§8 §r§1 §r§3 §r§3 §r§7 §r§8 
18:47:12 [allowed] §aYou are playing on profile: §ePineapple
18:47:12 [allowed] §8Profile ID: cbcbcaaa-4182-4d77-bab6-b1345770fa92
18:47:14 [allowed] §cThere are blocks in the way!
18:47:16 [allowed] §6§lRARE DROP! §r§fCarrot §r§b(+§r§b151% §r§b✯ Magic Find§r§b)
18:47:17 [allowed] §8[§r§5360§r§8] §r§6❁ §r§b[MVP§c+§b] KilluaBG§f§r§f: nan gros sa marche pas
18:47:19 [allowed] §8[§r§5360§r§8] §r§6❁ §r§b[MVP§c+§b] KilluaBG§f§r§f: ajt killuabg
18:47:21 [allowed] §6[Sacks] §r§a+5§r§e items§r§e.§r§8 (Last 5s.)
18:47:21 [allowed] §a§l+5 Kill Combo §r§8§r§b+3✯ Magic Find
18:47:23 [allowed] §8[§r§f59§r§8] §r§b[MVP§c+§b] sangoku2§f§r§f: az
18:47:24 [allowed] §8[§r§5360§r§8] §r§6❁ §r§b[MVP§c+§b] KilluaBG§f§r§f: tout en minuscule
18:47:30 [allowed] §6[Sacks] §r§a+6§r§e items§r§e.§r§8 (Last 8s.)
18:47:37 [allowed] §6[Sacks] §r§a+3§r§e items§r§e.§r§8 (Last 5s.)
18:47:39 [allowed] §8[§r§f59§r§8] §r§b[MVP§c+§b] sangoku2§f§r§f: oe az
18:47:41 [allowed] §cYour Kill Combo has expired! You reached a 9 Kill Combo!
18:47:41 [allowed] §8[§r§f59§r§8] §r§b[MVP§c+§b] sangoku2§f§r§f: c bon
18:47:48 [allowed] §cThere are blocks in the way!
18:47:59 [allowed] §7[§bSkyblockAddons§7] §cDrop this item again to confirm!
18:48:10 [allowed] §a§r§6Mining Speed Boost §r§ais now available!
18:48:23 [allowed] §cThere are blocks in the way!
18:48:24 [allowed] §cThere are blocks in the way!
18:48:29 [allowed] §cThere are blocks in the way!
18:48:29 [allowed] §cThere are blocks in the way!
18:48:58 [allowed] §8[§r§76§r§8] §r§7Jackhat§7§r§7: how do i get fast xp
18:49:13 [allowed] §7Warping...
18:49:14 [allowed] §7Sending to server mini24BQ...
18:49:14 [allowed] §8 §r§8 §r§1 §r§3 §r§3 §r§7 §r§8 
18:49:16 [allowed] §6§lGROSS! §7While you were offline, §6Pests §7spawned in §aPlots §r§b19§r§7, §r§b8§r§7, §r§b4§r§7 and §r§b5§r§r§7!
18:49:16 [allowed] §7Your §r§6☘ Farming Fortune §r§7has been reduced by §r§415%§r§7!
18:49:16 [allowed] §7Click on a plots name in chat to teleport to it!
18:49:17 [allowed] §aYou are playing on profile: §ePineapple
18:49:17 [allowed] §8Profile ID: cbcbcaaa-4182-4d77-bab6-b1345770fa92
18:49:23 [GARDEN_VISITOR_MESSAGE] §e[NPC] §aOringo§f: §r§fHey, you got some wheat for my pets by any chance? Gotta keep those little monsters fed, haha!
18:49:26 [GARDEN_VISITOR_MESSAGE] §e[NPC] §aOringo§f: §r§fOh, you're out of wheat? Alright, I'll come back later then.
18:49:26 [GARDEN_VISITOR_MESSAGE] §e[NPC] §aHungry Hiker§f: §r§fHello there, I seem to be stuck here with no good food to eat, could you bring me some square orange fruits?
18:49:29 [GARDEN_VISITOR_MESSAGE] §e[NPC] §aHungry Hiker§f: §r§fI guess I'll just go hungry then...
18:49:29 [GARDEN_VISITOR_MESSAGE] §e[NPC] §aMason§f: §r§fI paid for one of Treasure Hunter's tips today and again, it only led me to a dirty shoelace. His tips are just not worth it...
18:49:32 [GARDEN_VISITOR_MESSAGE] §e[NPC] §aMason§f: §r§fYou're no better than the Treasure Hunter...
18:49:32 [GARDEN_VISITOR_MESSAGE] §e[NPC] §aJack§f: §r§fDid you know that you gain additional §6☘ Farming Fortune §fwhile on the §bGarden§f? You can check it in your SkyBlock Profile!
18:49:34 [GARDEN_VISITOR_MESSAGE] §e[NPC] §aJack§f: §r§fI'll come by later.
18:49:34 [GARDEN_VISITOR_MESSAGE] §e[NPC] §aFear Mongerer§f: §r§fMortal, the time of reckoning is near. The Past will light the future.
18:49:37 [GARDEN_VISITOR_MESSAGE] §e[NPC] §aFear Mongerer§f: §r§fSoon.
18:49:46 [allowed] §cThis ability is on cooldown for 1s.
18:49:46 [allowed] §cThis ability is on cooldown for 1s.
18:49:49 [allowed] §cThis ability is on cooldown for 1s.
18:49:52 [allowed] §eYou received §a5x Enchanted Potato §efor killing a §6Locust§e!
18:49:55 [allowed] §aYour Garden is no longer infested and your §r§6☘ Farming Fortune §r§ahas returned to normal!
18:49:55 [allowed] §eYou received §a6x Enchanted Hay Bale §efor killing a §6Fly§e!
18:49:59 [allowed] §cThis ability is on cooldown for 1s.
18:50:01 [allowed] §eYou received §a6x Enchanted Hay Bale §efor killing a §6Fly§e!
18:50:06 [allowed] §cThis ability is on cooldown for 1s.
18:50:06 [allowed] §6[Sacks] §r§a+17§r§e items§r§e.§r§8 (Last 14s.)
18:50:06 [allowed] §cThis ability is on cooldown for 1s.
18:50:13 [allowed] §eYou received §a5x Enchanted Pumpkin §efor killing a §6Rat§e!
18:50:14 [allowed] §a§r§6Mining Speed Boost §r§ais now available!
18:50:19 [allowed] §6[Sacks] §r§a+5§r§e items§r§e.§r§8 (Last 5s.)
18:50:20 [allowed] §cThis ability is on cooldown for 1s.
18:50:23 [allowed] §3§l▬▬▬▬▬▬▬▬▬▬▬▬▬▬▬▬▬▬▬▬▬▬▬▬▬▬▬▬▬▬▬▬▬▬▬▬▬▬▬▬▬▬▬▬▬▬▬▬▬▬▬▬▬▬▬▬▬▬▬▬▬▬▬▬
18:50:23 [allowed]  
18:50:23 [BESTIARY] §f                                  §6§lBESTIARY
18:50:23 [BESTIARY] §f                                 §b§lRat §7§8X §8➡§b §bXI
18:50:23 [BESTIARY] 
18:50:23 [BESTIARY] §f                                  §r§6§lREWARDS
18:50:23 [BESTIARY] §f                          §r§6+0.4☘ Farming Fortune
18:50:23 [BESTIARY] §f                                §r§8+§r§62% §r§aRat §r§7coins
18:50:23 [BESTIARY] §f                    §r§8+§r§a50% §r§7chance for extra XP orbs
18:50:23 [BESTIARY] §f                               §r§8+§r§b1 SkyBlock XP
18:50:23 [BESTIARY] 
18:50:23 [BESTIARY] §3§l▬▬▬▬▬▬▬▬▬▬▬▬▬▬▬▬▬▬▬▬▬▬▬▬▬▬▬▬▬▬▬▬▬▬▬▬▬▬▬▬▬▬▬▬▬▬▬▬▬▬▬▬▬▬▬▬▬▬▬▬▬▬▬▬
18:50:23 [allowed] §eYou received §a6x Enchanted Pumpkin §efor killing a §6Rat§e!
18:50:28 [allowed] §6[Sacks] §r§a+6§r§e items§r§e.§r§8 (Last 5s.)
18:50:40 [allowed] §aPicked up 64 Compost!
18:50:41 [allowed] §aPicked up 13 Compost!
18:50:44 [allowed] §6[Bazaar] §r§7Executing instant sell...
18:50:44 [allowed] §6[Bazaar] §r§7Sold §r§a77§r§7x §r§aCompost §r§7for §r§61,275,026 coins§r§7!
18:50:51 [allowed] §6[Bazaar] §r§7Executing instant buy...
18:50:51 [allowed] §6[Bazaar] §r§7Bought §r§a8§r§7x §r§9Box of Seeds §r§7for §r§6624,768 coins§r§7!
18:50:56 [allowed] §aAdded §r§2204,800 §r§aorganic matter to the composter!
18:50:57 [allowed] §aAdded §r§2103,040 §r§afuel to the composter!
18:51:11 [allowed] §7Warping...
18:51:11 [allowed] §7Sending to server mini75BA...
18:51:12 [allowed] §8 §r§8 §r§1 §r§3 §r§3 §r§7 §r§8 
18:51:15 [allowed] §aYou are playing on profile: §ePineapple
18:51:15 [allowed] §8Profile ID: cbcbcaaa-4182-4d77-bab6-b1345770fa92
18:52:05 [allowed] §7Warping you to your SkyBlock island...
18:52:05 [allowed] §7Sending to server mini1023Q...
18:52:06 [allowed] §8 §r§8 §r§1 §r§3 §r§3 §r§7 §r§8 
18:52:09 [allowed] §aYou are playing on profile: §ePineapple
18:52:09 [allowed] §8Profile ID: cbcbcaaa-4182-4d77-bab6-b1345770fa92
18:52:52 [allowed] §8Depositing coins...
18:52:52 [allowed] §aYou have deposited §r§6636k coins§r§a! You now have §r§6185M coins §r§ain your account!
18:53:06 [allowed] §a§r§6Mining Speed Boost §r§ais now available!
18:53:24 [allowed] §cThere are blocks in the way!
18:54:54 [SKYMALL] §bNew day! §r§eYour §r§2Sky Mall §r§ebuff changed!
18:54:54 [SKYMALL] §eNew buff§r§r§r: §r§fGain §r§a+15% §r§fmore Powder while mining.
18:54:54 [SKYMALL] §8§oYou can disable this messaging by toggling Sky Mall in your /hotm!
18:55:27 [allowed] §cThere are blocks in the way!
