13:22:15 [SKYMALL] §bNew day! §r§eYour §r§2Sky Mall §r§ebuff changed!
13:22:15 [SKYMALL] §eNew buff§r§r§r: §r§fReduce Pickaxe Ability cooldown by §r§a20%§r§f.
13:22:15 [SKYMALL] §8§oYou can disable this messaging by toggling Sky Mall in your /hotm!
13:34:55 [SKYMALL] §bNew day! §r§eYour §r§2Sky Mall §r§ebuff changed!
13:34:55 [SKYMALL] §eNew buff§r§r§r: §r§fGain §r§a+50 §r§6☘ Mining Fortune§r§f.
13:34:55 [SKYMALL] §8§oYou can disable this messaging by toggling Sky Mall in your /hotm!
13:43:09 [GARDEN_VISITOR_MESSAGE] §e[NPC] §aAlchemist§f: §r§fBeen running low on my brewing supplies, Nether Warts are quite hard to come by these days.
13:43:12 [GARDEN_VISITOR_MESSAGE] §e[NPC] §9Emissary Sisko§f: §r§fI've heard I can find the best mushrooms here, and as the King's favorite emissary I will bring them to him!
13:43:15 [GARDEN_VISITOR_MESSAGE] §e[NPC] §aJotraeline Greatforge§f: §r§fI heard you have a composter in your barn, it happens to run on the same fuel drills run on! Could I check it out?
13:43:18 [GARDEN_VISITOR_MESSAGE] §e[NPC] §aJotraeline Greatforge§f: §r§fThat's alright! I'll just save up 12 years to be able to afford one myself.
13:43:18 [GARDEN_VISITOR_MESSAGE] §e[NPC] §aWeaponsmith§f: §r§fHey! I am looking to make some Hot Potato Books to enhance some of my weapons, do you have any potatoes to spare?
13:43:21 [GARDEN_VISITOR_MESSAGE] §e[NPC] §aWeaponsmith§f: §r§fToo bad, I guess I'll have to look for actual metal next time...
13:43:22 [GARDEN_VISITOR_MESSAGE] §e[NPC] §9Zog§f: §r§fI have a big problem. I lost my sense of taste, now I can't tell the difference between a melon and a cactus...
13:43:23 [GARDEN_VISITOR_MESSAGE] §e[NPC] §9Zog§f: §r§fMy tongue is hurting for some reason...
13:43:25 [GARDEN_VISITOR_MESSAGE] §e[NPC] §9Emissary Sisko§f: §r§fYou are going to regret this!
13:43:27 [GARDEN_VISITOR_MESSAGE] §e[NPC] §aAlchemist§f: §r§fUnfortunate, I'll see if I can find some Nether Warts from someone else.
13:54:55 [SKYMALL] §bNew day! §r§eYour §r§2Sky Mall §r§ebuff changed!
13:54:55 [SKYMALL] §eNew buff§r§r§r: §r§fGain §r§a+100 §r§6⸕ Mining Speed§r§f.
13:54:55 [SKYMALL] §8§oYou can disable this messaging by toggling Sky Mall in your /hotm!
13:56:25 [BESTIARY] §f                                  §6§lBESTIARY
13:56:25 [BESTIARY] §f                                §b§lFlare §7§8IV §8➡§b §bV
13:56:25 [BESTIARY] 
13:56:25 [BESTIARY] §f                                  §r§6§lREWARDS
13:56:25 [BESTIARY] §f                           §r§8+§r§a2 Flare §r§b✯ Magic Find
13:56:25 [BESTIARY] §f                           §r§8+§r§a2 Flare §r§c❁ Strength
13:56:25 [BESTIARY] §f                               §r§8+§r§62% §r§aFlare §r§7coins
13:56:25 [BESTIARY] §f                    §r§8+§r§a50% §r§7chance for extra XP orbs
13:56:25 [BESTIARY] §f                               §r§8+§r§b1 SkyBlock XP
13:56:25 [BESTIARY] 
13:56:25 [BESTIARY] §3§l▬▬▬▬▬▬▬▬▬▬▬▬▬▬▬▬▬▬▬▬▬▬▬▬▬▬▬▬▬▬▬▬▬▬▬▬▬▬▬▬▬▬▬▬▬▬▬▬▬▬▬▬▬▬▬▬▬▬▬▬▬▬▬▬
14:14:54 [SKYMALL] §bNew day! §r§eYour §r§2Sky Mall §r§ebuff changed!
14:14:54 [SKYMALL] §eNew buff§r§r§r: §r§fGain §r§a5x §r§9Titanium §r§fdrops
14:14:54 [SKYMALL] §8§oYou can disable this messaging by toggling Sky Mall in your /hotm!
14:34:54 [SKYMALL] §bNew day! §r§eYour §r§2Sky Mall §r§ebuff changed!
14:34:54 [SKYMALL] §eNew buff§r§r§r: §r§fReduce Pickaxe Ability cooldown by §r§a20%§r§f.
14:34:54 [SKYMALL] §8§oYou can disable this messaging by toggling Sky Mall in your /hotm!
14:54:54 [SKYMALL] §bNew day! §r§eYour §r§2Sky Mall §r§ebuff changed!
14:54:54 [SKYMALL] §eNew buff§r§r§r: §r§fGain §r§a+100 §r§6⸕ Mining Speed§r§f.
14:54:54 [SKYMALL] §8§oYou can disable this messaging by toggling Sky Mall in your /hotm!
15:14:54 [SKYMALL] §bNew day! §r§eYour §r§2Sky Mall §r§ebuff changed!
15:14:54 [SKYMALL] §eNew buff§r§r§r: §r§fGain §r§a+100 §r§6⸕ Mining Speed§r§f.
15:14:54 [SKYMALL] §8§oYou can disable this messaging by toggling Sky Mall in your /hotm!
15:34:55 [SKYMALL] §bNew day! §r§eYour §r§2Sky Mall §r§ebuff changed!
15:34:55 [SKYMALL] §eNew buff§r§r§r: §r§fGain §r§a+15% §r§fmore Powder while mining.
15:34:55 [SKYMALL] §8§oYou can disable this messaging by toggling Sky Mall in your /hotm!
15:54:54 [SKYMALL] §bNew day! §r§eYour §r§2Sky Mall §r§ebuff changed!
15:54:54 [SKYMALL] §eNew buff§r§r§r: §r§fGain §r§a+15% §r§fmore Powder while mining.
15:54:54 [SKYMALL] §8§oYou can disable this messaging by toggling Sky Mall in your /hotm!
16:14:55 [SKYMALL] §bNew day! §r§eYour §r§2Sky Mall §r§ebuff changed!
16:14:55 [SKYMALL] §eNew buff§r§r§r: §r§fReduce Pickaxe Ability cooldown by §r§a20%§r§f.
16:14:55 [SKYMALL] §8§oYou can disable this messaging by toggling Sky Mall in your /hotm!
16:34:54 [SKYMALL] §bNew day! §r§eYour §r§2Sky Mall §r§ebuff changed!
16:34:54 [SKYMALL] §eNew buff§r§r§r: §r§fGain §r§a+100 §r§6⸕ Mining Speed§r§f.
16:34:54 [SKYMALL] §8§oYou can disable this messaging by toggling Sky Mall in your /hotm!
16:54:54 [SKYMALL] §bNew day! §r§eYour §r§2Sky Mall §r§ebuff changed!
16:54:54 [SKYMALL] §eNew buff§r§r§r: §r§fGain §r§a+100 §r§6⸕ Mining Speed§r§f.
16:54:54 [SKYMALL] §8§oYou can disable this messaging by toggling Sky Mall in your /hotm!
17:14:55 [SKYMALL] §bNew day! §r§eYour §r§2Sky Mall §r§ebuff changed!
17:14:55 [SKYMALL] §eNew buff§r§r§r: §r§fGain §r§a+100 §r§6⸕ Mining Speed§r§f.
17:14:55 [SKYMALL] §8§oYou can disable this messaging by toggling Sky Mall in your /hotm!
17:34:55 [SKYMALL] §bNew day! §r§eYour §r§2Sky Mall §r§ebuff changed!
17:34:55 [SKYMALL] §eNew buff§r§r§r: §r§fGain §r§a+100 §r§6⸕ Mining Speed§r§f.
17:34:55 [SKYMALL] §8§oYou can disable this messaging by toggling Sky Mall in your /hotm!
17:54:55 [SKYMALL] §bNew day! §r§eYour §r§2Sky Mall §r§ebuff changed!
17:54:55 [SKYMALL] §eNew buff§r§r§r: §r§fGain §r§a+100 §r§6⸕ Mining Speed§r§f.
17:54:55 [SKYMALL] §8§oYou can disable this messaging by toggling Sky Mall in your /hotm!
18:14:54 [SKYMALL] §bNew day! §r§eYour §r§2Sky Mall §r§ebuff changed!
18:14:54 [SKYMALL] §eNew buff§r§r§r: §r§fGain §r§a+50 §r§6☘ Mining Fortune§r§f.
18:14:54 [SKYMALL] §8§oYou can disable this messaging by toggling Sky Mall in your /hotm!
18:34:54 [SKYMALL] §bNew day! §r§eYour §r§2Sky Mall §r§ebuff changed!
18:34:54 [SKYMALL] §eNew buff§r§r§r: §r§fGain §r§a+15% §r§fmore Powder while mining.
18:34:54 [SKYMALL] §8§oYou can disable this messaging by toggling Sky Mall in your /hotm!
18:49:23 [GARDEN_VISITOR_MESSAGE] §e[NPC] §aOringo§f: §r§fHey, you got some wheat for my pets by any chance? Gotta keep those little monsters fed, haha!
18:49:26 [GARDEN_VISITOR_MESSAGE] §e[NPC] §aOringo§f: §r§fOh, you're out of wheat? Alright, I'll come back later then.
18:49:26 [GARDEN_VISITOR_MESSAGE] §e[NPC] §aHungry Hiker§f: §r§fHello there, I seem to be stuck here with no good food to eat, could you bring me some square orange fruits?
18:49:29 [GARDEN_VISITOR_MESSAGE] §e[NPC] §aHungry Hiker§f: §r§fI guess I'll just go hungry then...
18:49:29 [GARDEN_VISITOR_MESSAGE] §e[NPC] §aMason§f: §r§fI paid for one of Treasure Hunter's tips today and again, it only led me to a dirty shoelace. His tips are just not worth it...
18:49:32 [GARDEN_VISITOR_MESSAGE] §e[NPC] §aMason§f: §r§fYou're no better than the Treasure Hunter...
18:49:32 [GARDEN_VISITOR_MESSAGE] §e[NPC] §aJack§f: §r§fDid you know that you gain additional §6☘ Farming Fortune §fwhile on the §bGarden§f? You can check it in your SkyBlock Profile!
18:49:34 [GARDEN_VISITOR_MESSAGE] §e[NPC] §aJack§f: §r§fI'll come by later.
18:49:34 [GARDEN_VISITOR_MESSAGE] §e[NPC] §aFear Mongerer§f: §r§fMortal, the time of reckoning is near. The Past will light the future.
18:49:37 [GARDEN_VISITOR_MESSAGE] §e[NPC] §aFear Mongerer§f: §r§fSoon.
18:50:23 [BESTIARY] §f                                  §6§lBESTIARY
18:50:23 [BESTIARY] §f                                 §b§lRat §7§8X §8➡§b §bXI
18:50:23 [BESTIARY] 
18:50:23 [BESTIARY] §f                                  §r§6§lREWARDS
18:50:23 [BESTIARY] §f                          §r§6+0.4☘ Farming Fortune
18:50:23 [BESTIARY] §f                                §r§8+§r§62% §r§aRat §r§7coins
18:50:23 [BESTIARY] §f                    §r§8+§r§a50% §r§7chance for extra XP orbs
18:50:23 [BESTIARY] §f                               §r§8+§r§b1 SkyBlock XP
18:50:23 [BESTIARY] 
18:50:23 [BESTIARY] §3§l▬▬▬▬▬▬▬▬▬▬▬▬▬▬▬▬▬▬▬▬▬▬▬▬▬▬▬▬▬▬▬▬▬▬▬▬▬▬▬▬▬▬▬▬▬▬▬▬▬▬▬▬▬▬▬▬▬▬▬▬▬▬▬▬
18:54:54 [SKYMALL] §bNew day! §r§eYour §r§2Sky Mall §r§ebuff changed!
18:54:54 [SKYMALL] §eNew buff§r§r§r: §r§fGain §r§a+15% §r§fmore Powder while mining.
18:54:54 [SKYMALL] §8§oYou can disable this messaging by toggling Sky Mall in your /hotm!
