13:21:34 §e[SkyHanni] §aSkyHanni found a new update: 0.27 Beta 7. Check §b/sh download update §afor more info.§r
13:25:30 §e[SkyHanni] You have gained §b700 §eBits.§r
13:33:23 §e[SkyHanni] §b+3 SkyBlock XP §7(Carnival Perks Shop§7)§b (39/100)§r
13:34:48 §e[SkyHanni] Mark NEU Heavy Pearls as done.§r
13:41:39 §e[SkyHanni] §cYour Organic Matter is low!§r
13:41:39 §e[SkyHanni] §9Zog §eis visiting your garden!§r
13:41:39 §e[SkyHanni] §aWeaponsmith §eis visiting your garden!§r
13:41:39 §e[SkyHanni] §aJotraeline Greatforge §eis visiting your garden!§r
13:41:39 §e[SkyHanni] §9Emissary Sisko §eis visiting your garden!§r
13:41:39 §e[SkyHanni] §aAlchemist §eis visiting your garden!§r
13:41:55 §e[SkyHanni] You have gained §b14 §eBits.§r
13:41:56 §e[SkyHanni] You have gained §b7 §eBits.§r
13:41:57 §e[SkyHanni] You have gained §b7 §eBits.§r
13:42:01 §e[SkyHanni] You have gained §b14 §eBits.§r
13:42:12 §e[SkyHanni] You have gained §b7 §eBits.§r
13:42:19 §e[SkyHanni] You have gained §b7 §eBits.§r
13:42:46 §e[SkyHanni] You have gained §b7 §eBits.§r
13:42:57 §e[SkyHanni] You have gained §b7 §eBits.§r
13:55:30 §e[SkyHanni] You have gained §b350 §eBits.§r
13:56:25 §6§lBESTIARY §r§b§lFlare §7§8IV §8➡§b §bV§r
14:25:45 §e[SkyHanni] You have gained §b350 §eBits.§r
14:47:02 §e[SkyHanni] §cYour Time Tower just expired and has 2 charges remaining. Click here to use one.§r
14:55:50 §e[SkyHanni] You have gained §b700 §eBits.§r
15:25:55 §e[SkyHanni] You have gained §b350 §eBits.§r
15:47:06 §e[SkyHanni] §cYour Time Tower just expired and has 1 charge remaining. Click here to use one.§r
15:56:01 §e[SkyHanni] You have gained §b350 §eBits.§r
16:26:08 §e[SkyHanni] You have gained §b350 §eBits.§r
16:56:15 §e[SkyHanni] You have gained §b700 §eBits.§r
17:26:20 §e[SkyHanni] You have gained §b350 §eBits.§r
17:56:25 §e[SkyHanni] You have gained §b350 §eBits.§r
18:26:29 §e[SkyHanni] You have gained §b700 §eBits.§r
18:49:15 §e[SkyHanni] §cYour Organic Matter is low!§r
18:49:15 §e[SkyHanni] §aOringo §eis visiting your garden!§r
18:49:15 §e[SkyHanni] §aHungry Hiker §eis visiting your garden!§r
18:49:15 §e[SkyHanni] §aMason §eis visiting your garden!§r
18:49:15 §e[SkyHanni] §aJack §eis visiting your garden!§r
18:49:15 §e[SkyHanni] §aFear Mongerer §eis visiting your garden!§r
18:49:53 §e[SkyHanni] You have gained §b7 §eBits.§r
18:49:56 §e[SkyHanni] You have gained §b7 §eBits.§r
18:50:02 §e[SkyHanni] You have gained §b7 §eBits.§r
18:50:14 §e[SkyHanni] You have gained §b7 §eBits.§r
18:50:23 §6§lBESTIARY §r§b§lRat §7§8X §8➡§b §bXI§r
18:50:25 §e[SkyHanni] You have gained §b7 §eBits.§r
18:56:52 §e[SkyHanni] You have gained §b350 §eBits.§r
