10:02:51 New visitor detected: '§6Jerry'
10:02:51 New visitor detected: '§aWizard'
10:02:51 New visitor detected: '§9Emissary Sisko'
10:02:51 New visitor detected: '§9Seymour'
10:02:51 New visitor detected: '§aJotraeline Greatforge'
10:05:13 New visitor detected: '§aJotraeline Greatforge'
14:20:20 New visitor detected: '§aJacob'
14:20:20 New visitor detected: '§aLeo'
14:20:20 New visitor detected: '§aFisherman'
14:20:20 New visitor detected: '§aHungry Hiker'
14:20:20 New visitor detected: '§aOdawa'
14:20:41 New visitor detected: '§aOdawa'
17:14:36 New visitor detected: '§9Tia the Fairy'
17:14:36 New visitor detected: '§6Madame Eleanor Q. Goldsworth III'
17:14:36 New visitor detected: '§aFear Mongerer'
17:14:36 New visitor detected: '§9Rusty'
17:14:36 New visitor detected: '§aFriendly Hiker'
17:23:37 New visitor detected: '§aFriendly Hiker'
18:43:34 New visitor detected: '§aLumber Jack'
18:43:34 New visitor detected: '§aGuy'
18:43:34 New visitor detected: '§aGeonathan Greatforge'
18:43:34 New visitor detected: '§aAlchemist'
18:43:34 New visitor detected: '§aVex'
20:55:59 New visitor detected: '§9Tammy'
20:55:59 New visitor detected: '§aJotraeline Greatforge'
20:55:59 New visitor detected: '§aDuke'
20:55:59 New visitor detected: '§aLumber Jack'
20:55:59 New visitor detected: '§aTrevor'
21:07:59 New visitor detected: '§aTerry'
