12:02:48 §f                                  §6§lBESTIARY
12:02:48 §f                               §b§lLocust §7§8X §8➡§b §bXI
12:02:48 
12:02:48 §f                                  §r§6§lREWARDS
12:02:48 §f                          §r§6+0.4☘ Farming Fortune
12:02:48 §f                              §r§8+§r§62% §r§aLocust §r§7coins
12:02:48 §f                    §r§8+§r§a50% §r§7chance for extra XP orbs
12:02:48 §f                               §r§8+§r§b1 SkyBlock XP
12:02:48 
12:02:48 §3§l▬▬▬▬▬▬▬▬▬▬▬▬▬▬▬▬▬▬▬▬▬▬▬▬▬▬▬▬▬▬▬▬▬▬▬▬▬▬▬▬▬▬▬▬▬▬▬▬▬▬▬▬▬▬▬▬▬▬▬▬▬▬▬▬
14:39:58 §f                                  §6§lBESTIARY
14:39:58 §f                              §b§lMoogma §7§8V §8➡§b §bVI
14:39:58 
14:39:58 §f                                  §r§6§lREWARDS
14:39:58 §f                         §r§8+§r§a3 Moogma §r§b✯ Magic Find
14:39:58 §f                          §r§8+§r§a3 Moogma §r§c❁ Strength
14:39:58 §f                             §r§8+§r§62% §r§aMoogma §r§7coins
14:39:58 §f                    §r§8+§r§a50% §r§7chance for extra XP orbs
14:39:58 §f                               §r§8+§r§b1 SkyBlock XP
14:39:58 
14:39:58 §3§l▬▬▬▬▬▬▬▬▬▬▬▬▬▬▬▬▬▬▬▬▬▬▬▬▬▬▬▬▬▬▬▬▬▬▬▬▬▬▬▬▬▬▬▬▬▬▬▬▬▬▬▬▬▬▬▬▬▬▬▬▬▬▬▬
14:47:25 §f                                  §6§lBESTIARY
14:47:25 §f                           §b§lMagma Slug §7§8IV §8➡§b §bV
14:47:25 
14:47:25 §f                                  §r§6§lREWARDS
14:47:25 §f                       §r§8+§r§a2 Magma Slug §r§b✯ Magic Find
14:47:25 §f                        §r§8+§r§a2 Magma Slug §r§c❁ Strength
14:47:25 §f                           §r§8+§r§62% §r§aMagma Slug §r§7coins
14:47:25 §f                    §r§8+§r§a50% §r§7chance for extra XP orbs
14:47:25 §f                               §r§8+§r§b1 SkyBlock XP
14:47:25 
14:47:25 §3§l▬▬▬▬▬▬▬▬▬▬▬▬▬▬▬▬▬▬▬▬▬▬▬▬▬▬▬▬▬▬▬▬▬▬▬▬▬▬▬▬▬▬▬▬▬▬▬▬▬▬▬▬▬▬▬▬▬▬▬▬▬▬▬▬
14:48:23 §f                                  §6§lBESTIARY
14:48:23 §f                           §b§lLava Leech §7§8II §8➡§b §bIII
14:48:23 
14:48:23 §f                                  §r§6§lREWARDS
14:48:23 §f                       §r§8+§r§a2 Lava Leech §r§b✯ Magic Find
14:48:23 §f                       §r§8+§r§a2 Lava Leech §r§c❁ Strength
14:48:23 §f                           §r§8+§r§62% §r§aLava Leech §r§7coins
14:48:23 §f                    §r§8+§r§a50% §r§7chance for extra XP orbs
14:48:23 §f                               §r§8+§r§b1 SkyBlock XP
14:48:23 
14:48:23 §3§l▬▬▬▬▬▬▬▬▬▬▬▬▬▬▬▬▬▬▬▬▬▬▬▬▬▬▬▬▬▬▬▬▬▬▬▬▬▬▬▬▬▬▬▬▬▬▬▬▬▬▬▬▬▬▬▬▬▬▬▬▬▬▬▬
14:51:48 §f                                  §6§lBESTIARY
14:51:48 §f                           §b§lPyroclastic Worm §7§bI
14:51:48 
14:51:48 §f                                  §r§6§lREWARDS
14:51:48 §f                   §r§8+§r§a2 Pyroclastic Worm §r§b✯ Magic Find
14:51:48 §f                    §r§8+§r§a2 Pyroclastic Worm §r§c❁ Strength
14:51:48 §f                       §r§8+§r§62% §r§aPyroclastic Worm §r§7coins
14:51:48 §f                    §r§8+§r§a50% §r§7chance for extra XP orbs
14:51:48 §f                               §r§8+§r§b1 SkyBlock XP
14:51:48 
14:51:48 §3§l▬▬▬▬▬▬▬▬▬▬▬▬▬▬▬▬▬▬▬▬▬▬▬▬▬▬▬▬▬▬▬▬▬▬▬▬▬▬▬▬▬▬▬▬▬▬▬▬▬▬▬▬▬▬▬▬▬▬▬▬▬▬▬▬
14:59:27 §f                                  §6§lBESTIARY
14:59:27 §f                       §b§lPyroclastic Worm §7§8I §8➡§b §bII
14:59:27 
14:59:27 §f                                  §r§6§lREWARDS
14:59:27 §f                   §r§8+§r§a2 Pyroclastic Worm §r§b✯ Magic Find
14:59:27 §f                    §r§8+§r§a2 Pyroclastic Worm §r§c❁ Strength
14:59:27 §f                       §r§8+§r§62% §r§aPyroclastic Worm §r§7coins
14:59:27 §f                    §r§8+§r§a50% §r§7chance for extra XP orbs
14:59:27 §f                               §r§8+§r§b1 SkyBlock XP
14:59:27 
14:59:27 §3§l▬▬▬▬▬▬▬▬▬▬▬▬▬▬▬▬▬▬▬▬▬▬▬▬▬▬▬▬▬▬▬▬▬▬▬▬▬▬▬▬▬▬▬▬▬▬▬▬▬▬▬▬▬▬▬▬▬▬▬▬▬▬▬▬
15:02:36 §f                                  §6§lBESTIARY
15:02:36 §f                          §b§lLava Leech §7§8III §8➡§b §bIV
15:02:36 
15:02:36 §f                                  §r§6§lREWARDS
15:02:36 §f                       §r§8+§r§a2 Lava Leech §r§b✯ Magic Find
15:02:36 §f                       §r§8+§r§a2 Lava Leech §r§c❁ Strength
15:02:36 §f                           §r§8+§r§62% §r§aLava Leech §r§7coins
15:02:36 §f                    §r§8+§r§a50% §r§7chance for extra XP orbs
15:02:36 §f                               §r§8+§r§b1 SkyBlock XP
15:02:36 
15:02:36 §3§l▬▬▬▬▬▬▬▬▬▬▬▬▬▬▬▬▬▬▬▬▬▬▬▬▬▬▬▬▬▬▬▬▬▬▬▬▬▬▬▬▬▬▬▬▬▬▬▬▬▬▬▬▬▬▬▬▬▬▬▬▬▬▬▬
15:07:15 §f                                  §6§lBESTIARY
15:07:15 §f                      §b§lPyroclastic Worm §7§8II §8➡§b §bIII
15:07:15 
15:07:15 §f                                  §r§6§lREWARDS
15:07:15 §f                   §r§8+§r§a2 Pyroclastic Worm §r§b✯ Magic Find
15:07:15 §f                    §r§8+§r§a2 Pyroclastic Worm §r§c❁ Strength
15:07:15 §f                       §r§8+§r§62% §r§aPyroclastic Worm §r§7coins
15:07:15 §f                    §r§8+§r§a50% §r§7chance for extra XP orbs
15:07:15 §f                               §r§8+§r§b1 SkyBlock XP
15:07:15 
15:07:15 §3§l▬▬▬▬▬▬▬▬▬▬▬▬▬▬▬▬▬▬▬▬▬▬▬▬▬▬▬▬▬▬▬▬▬▬▬▬▬▬▬▬▬▬▬▬▬▬▬▬▬▬▬▬▬▬▬▬▬▬▬▬▬▬▬▬
15:11:58 §f                                  §6§lBESTIARY
15:11:58 §f                      §b§lPyroclastic Worm §7§8III §8➡§b §bIV
15:11:58 
15:11:58 §f                                  §r§6§lREWARDS
15:11:58 §f                   §r§8+§r§a2 Pyroclastic Worm §r§b✯ Magic Find
15:11:58 §f                    §r§8+§r§a2 Pyroclastic Worm §r§c❁ Strength
15:11:58 §f                       §r§8+§r§62% §r§aPyroclastic Worm §r§7coins
15:11:58 §f                    §r§8+§r§a50% §r§7chance for extra XP orbs
15:11:58 §f                               §r§8+§r§b1 SkyBlock XP
15:11:58 
15:11:58 §3§l▬▬▬▬▬▬▬▬▬▬▬▬▬▬▬▬▬▬▬▬▬▬▬▬▬▬▬▬▬▬▬▬▬▬▬▬▬▬▬▬▬▬▬▬▬▬▬▬▬▬▬▬▬▬▬▬▬▬▬▬▬▬▬▬
15:13:54 §f                                  §6§lBESTIARY
15:13:54 §f                               §b§lLava Flame §7§bI
15:13:54 
15:13:54 §f                                  §r§6§lREWARDS
15:13:54 §f                       §r§8+§r§a2 Lava Flame §r§b✯ Magic Find
15:13:54 §f                        §r§8+§r§a2 Lava Flame §r§c❁ Strength
15:13:54 §f                           §r§8+§r§62% §r§aLava Flame §r§7coins
15:13:54 §f                    §r§8+§r§a50% §r§7chance for extra XP orbs
15:13:54 §f                               §r§8+§r§b1 SkyBlock XP
15:13:54 
15:13:54   §r§f                         §6§lBESTIARY MILESTONE
15:13:54   §r§f                                 §8CCVIII➡§eCCIX
15:13:54 
15:13:54 §3§l▬▬▬▬▬▬▬▬▬▬▬▬▬▬▬▬▬▬▬▬▬▬▬▬▬▬▬▬▬▬▬▬▬▬▬▬▬▬▬▬▬▬▬▬▬▬▬▬▬▬▬▬▬▬▬▬▬▬▬▬▬▬▬▬
15:15:06 §f                                  §6§lBESTIARY
15:15:06 §f                           §b§lLava Leech §7§8IV §8➡§b §bV
15:15:06 
15:15:06 §f                                  §r§6§lREWARDS
15:15:06 §f                       §r§8+§r§a2 Lava Leech §r§b✯ Magic Find
15:15:06 §f                       §r§8+§r§a2 Lava Leech §r§c❁ Strength
15:15:06 §f                           §r§8+§r§62% §r§aLava Leech §r§7coins
15:15:06 §f                    §r§8+§r§a50% §r§7chance for extra XP orbs
15:15:06 §f                               §r§8+§r§b1 SkyBlock XP
15:15:06 
15:15:06 §3§l▬▬▬▬▬▬▬▬▬▬▬▬▬▬▬▬▬▬▬▬▬▬▬▬▬▬▬▬▬▬▬▬▬▬▬▬▬▬▬▬▬▬▬▬▬▬▬▬▬▬▬▬▬▬▬▬▬▬▬▬▬▬▬▬
15:16:26 §f                                  §6§lBESTIARY
15:16:26 §f                            §b§lLava Flame §7§8I §8➡§b §bII
15:16:26 
15:16:26 §f                                  §r§6§lREWARDS
15:16:26 §f                       §r§8+§r§a2 Lava Flame §r§b✯ Magic Find
15:16:26 §f                        §r§8+§r§a2 Lava Flame §r§c❁ Strength
15:16:26 §f                           §r§8+§r§62% §r§aLava Flame §r§7coins
15:16:26 §f                    §r§8+§r§a50% §r§7chance for extra XP orbs
15:16:26 §f                               §r§8+§r§b1 SkyBlock XP
15:16:26 
15:16:26 §3§l▬▬▬▬▬▬▬▬▬▬▬▬▬▬▬▬▬▬▬▬▬▬▬▬▬▬▬▬▬▬▬▬▬▬▬▬▬▬▬▬▬▬▬▬▬▬▬▬▬▬▬▬▬▬▬▬▬▬▬▬▬▬▬▬
15:17:00 §f                                  §6§lBESTIARY
15:17:00 §f                             §b§lMoogma §7§8VI §8➡§b §bVII
15:17:00 
15:17:00 §f                                  §r§6§lREWARDS
15:17:00 §f                         §r§8+§r§a3 Moogma §r§b✯ Magic Find
15:17:00 §f                          §r§8+§r§a3 Moogma §r§c❁ Strength
15:17:00 §f                             §r§8+§r§62% §r§aMoogma §r§7coins
15:17:00 §f                    §r§8+§r§a50% §r§7chance for extra XP orbs
15:17:00 §f                               §r§8+§r§b1 SkyBlock XP
15:17:00 
15:17:00 §3§l▬▬▬▬▬▬▬▬▬▬▬▬▬▬▬▬▬▬▬▬▬▬▬▬▬▬▬▬▬▬▬▬▬▬▬▬▬▬▬▬▬▬▬▬▬▬▬▬▬▬▬▬▬▬▬▬▬▬▬▬▬▬▬▬
15:19:31 §f                                  §6§lBESTIARY
15:19:31 §f                           §b§lLava Flame §7§8II §8➡§b §bIII
15:19:31 
15:19:31 §f                                  §r§6§lREWARDS
15:19:31 §f                       §r§8+§r§a2 Lava Flame §r§b✯ Magic Find
15:19:31 §f                        §r§8+§r§a2 Lava Flame §r§c❁ Strength
15:19:31 §f                           §r§8+§r§62% §r§aLava Flame §r§7coins
15:19:31 §f                    §r§8+§r§a50% §r§7chance for extra XP orbs
15:19:31 §f                               §r§8+§r§b1 SkyBlock XP
15:19:31 
15:19:31 §3§l▬▬▬▬▬▬▬▬▬▬▬▬▬▬▬▬▬▬▬▬▬▬▬▬▬▬▬▬▬▬▬▬▬▬▬▬▬▬▬▬▬▬▬▬▬▬▬▬▬▬▬▬▬▬▬▬▬▬▬▬▬▬▬▬
15:19:33 §f                                  §6§lBESTIARY
15:19:33 §f                       §b§lPyroclastic Worm §7§8IV §8➡§b §bV
15:19:33 
15:19:33 §f                                  §r§6§lREWARDS
15:19:33 §f                   §r§8+§r§a2 Pyroclastic Worm §r§b✯ Magic Find
15:19:33 §f                    §r§8+§r§a2 Pyroclastic Worm §r§c❁ Strength
15:19:33 §f                       §r§8+§r§62% §r§aPyroclastic Worm §r§7coins
15:19:33 §f                    §r§8+§r§a50% §r§7chance for extra XP orbs
15:19:33 §f                               §r§8+§r§b1 SkyBlock XP
15:19:33 
15:19:33 §3§l▬▬▬▬▬▬▬▬▬▬▬▬▬▬▬▬▬▬▬▬▬▬▬▬▬▬▬▬▬▬▬▬▬▬▬▬▬▬▬▬▬▬▬▬▬▬▬▬▬▬▬▬▬▬▬▬▬▬▬▬▬▬▬▬
15:21:19 §f                                  §6§lBESTIARY
15:21:19 §f                                 §b§lFire Eel §7§bI
15:21:19 
15:21:19 §f                                  §r§6§lREWARDS
15:21:19 §f                         §r§8+§r§a2 Fire Eel §r§b✯ Magic Find
15:21:19 §f                          §r§8+§r§a2 Fire Eel §r§c❁ Strength
15:21:19 §f                             §r§8+§r§62% §r§aFire Eel §r§7coins
15:21:19 §f                    §r§8+§r§a50% §r§7chance for extra XP orbs
15:21:19 §f                               §r§8+§r§b1 SkyBlock XP
15:21:19 
15:21:19 §3§l▬▬▬▬▬▬▬▬▬▬▬▬▬▬▬▬▬▬▬▬▬▬▬▬▬▬▬▬▬▬▬▬▬▬▬▬▬▬▬▬▬▬▬▬▬▬▬▬▬▬▬▬▬▬▬▬▬▬▬▬▬▬▬▬
15:26:05 §f                                  §6§lBESTIARY
15:26:05 §f                           §b§lMagma Slug §7§8V §8➡§b §bVI
15:26:05 
15:26:05 §f                                  §r§6§lREWARDS
15:26:05 §f                       §r§8+§r§a3 Magma Slug §r§b✯ Magic Find
15:26:05 §f                        §r§8+§r§a3 Magma Slug §r§c❁ Strength
15:26:05 §f                           §r§8+§r§62% §r§aMagma Slug §r§7coins
15:26:05 §f                    §r§8+§r§a50% §r§7chance for extra XP orbs
15:26:05 §f                               §r§8+§r§b1 SkyBlock XP
15:26:05 
15:26:05 §3§l▬▬▬▬▬▬▬▬▬▬▬▬▬▬▬▬▬▬▬▬▬▬▬▬▬▬▬▬▬▬▬▬▬▬▬▬▬▬▬▬▬▬▬▬▬▬▬▬▬▬▬▬▬▬▬▬▬▬▬▬▬▬▬▬
15:28:31 §f                                  §6§lBESTIARY
15:28:31 §f                                  §b§lTaurus §7§bI
15:28:31 
15:28:31 §f                                  §r§6§lREWARDS
15:28:31 §f                         §r§8+§r§a2 Taurus §r§b✯ Magic Find
15:28:31 §f                          §r§8+§r§a2 Taurus §r§c❁ Strength
15:28:31 §f                             §r§8+§r§62% §r§aTaurus §r§7coins
15:28:31 §f                    §r§8+§r§a50% §r§7chance for extra XP orbs
15:28:31 §f                               §r§8+§r§b1 SkyBlock XP
15:28:31 
15:28:31 §3§l▬▬▬▬▬▬▬▬▬▬▬▬▬▬▬▬▬▬▬▬▬▬▬▬▬▬▬▬▬▬▬▬▬▬▬▬▬▬▬▬▬▬▬▬▬▬▬▬▬▬▬▬▬▬▬▬▬▬▬▬▬▬▬▬
15:29:21 §f                                  §6§lBESTIARY
15:29:21 §f                                 §b§lThunder §7§bI
15:29:21 
15:29:21 §f                                  §r§6§lREWARDS
15:29:21 §f                         §r§8+§r§a2 Thunder §r§b✯ Magic Find
15:29:21 §f                         §r§8+§r§a2 Thunder §r§c❁ Strength
15:29:21 §f                             §r§8+§r§62% §r§aThunder §r§7coins
15:29:21 §f                    §r§8+§r§a50% §r§7chance for extra XP orbs
15:29:21 §f                               §r§8+§r§b1 SkyBlock XP
15:29:21 
15:29:21 §3§l▬▬▬▬▬▬▬▬▬▬▬▬▬▬▬▬▬▬▬▬▬▬▬▬▬▬▬▬▬▬▬▬▬▬▬▬▬▬▬▬▬▬▬▬▬▬▬▬▬▬▬▬▬▬▬▬▬▬▬▬▬▬▬▬
16:39:16 §f                                  §6§lBESTIARY
16:39:16 §f                           §b§lLava Flame §7§8III §8➡§b §bIV
16:39:16 
16:39:16 §f                                  §r§6§lREWARDS
16:39:16 §f                       §r§8+§r§a2 Lava Flame §r§b✯ Magic Find
16:39:16 §f                        §r§8+§r§a2 Lava Flame §r§c❁ Strength
16:39:16 §f                           §r§8+§r§62% §r§aLava Flame §r§7coins
16:39:16 §f                    §r§8+§r§a50% §r§7chance for extra XP orbs
16:39:16 §f                               §r§8+§r§b1 SkyBlock XP
16:39:16 
16:39:16   §r§f                         §6§lBESTIARY MILESTONE
16:39:16   §r§f                                  §8CCIX➡§eCCX
16:39:16 
16:39:16 §3§l▬▬▬▬▬▬▬▬▬▬▬▬▬▬▬▬▬▬▬▬▬▬▬▬▬▬▬▬▬▬▬▬▬▬▬▬▬▬▬▬▬▬▬▬▬▬▬▬▬▬▬▬▬▬▬▬▬▬▬▬▬▬▬▬
16:46:32 §f                                  §6§lBESTIARY
16:46:32 §f                           §b§lLava Leech §7§8V §8➡§b §bVI
16:46:32 
16:46:32 §f                                  §r§6§lREWARDS
16:46:32 §f                       §r§8+§r§a3 Lava Leech §r§b✯ Magic Find
16:46:32 §f                       §r§8+§r§a3 Lava Leech §r§c❁ Strength
16:46:32 §f                           §r§8+§r§62% §r§aLava Leech §r§7coins
16:46:32 §f                    §r§8+§r§a50% §r§7chance for extra XP orbs
16:46:32 §f                               §r§8+§r§b1 SkyBlock XP
16:46:32 
16:46:32 §3§l▬▬▬▬▬▬▬▬▬▬▬▬▬▬▬▬▬▬▬▬▬▬▬▬▬▬▬▬▬▬▬▬▬▬▬▬▬▬▬▬▬▬▬▬▬▬▬▬▬▬▬▬▬▬▬▬▬▬▬▬▬▬▬▬
16:49:16 §f                                  §6§lBESTIARY
16:49:16 §f                           §b§lLava Flame §7§8IV §8➡§b §bV
16:49:16 
16:49:16 §f                                  §r§6§lREWARDS
16:49:16 §f                       §r§8+§r§a2 Lava Flame §r§b✯ Magic Find
16:49:16 §f                        §r§8+§r§a2 Lava Flame §r§c❁ Strength
16:49:16 §f                           §r§8+§r§62% §r§aLava Flame §r§7coins
16:49:16 §f                    §r§8+§r§a50% §r§7chance for extra XP orbs
16:49:16 §f                               §r§8+§r§b1 SkyBlock XP
16:49:16 
16:49:16 §3§l▬▬▬▬▬▬▬▬▬▬▬▬▬▬▬▬▬▬▬▬▬▬▬▬▬▬▬▬▬▬▬▬▬▬▬▬▬▬▬▬▬▬▬▬▬▬▬▬▬▬▬▬▬▬▬▬▬▬▬▬▬▬▬▬
17:17:56 §f                                  §6§lBESTIARY
17:17:56 §f                           §b§lLava Flame §7§8V §8➡§b §bVI
17:17:56 
17:17:56 §f                                  §r§6§lREWARDS
17:17:56 §f                       §r§8+§r§a3 Lava Flame §r§b✯ Magic Find
17:17:56 §f                        §r§8+§r§a3 Lava Flame §r§c❁ Strength
17:17:56 §f                           §r§8+§r§62% §r§aLava Flame §r§7coins
17:17:56 §f                    §r§8+§r§a50% §r§7chance for extra XP orbs
17:17:56 §f                               §r§8+§r§b1 SkyBlock XP
17:17:56 
17:17:56 §3§l▬▬▬▬▬▬▬▬▬▬▬▬▬▬▬▬▬▬▬▬▬▬▬▬▬▬▬▬▬▬▬▬▬▬▬▬▬▬▬▬▬▬▬▬▬▬▬▬▬▬▬▬▬▬▬▬▬▬▬▬▬▬▬▬
17:22:49 §f                                  §6§lBESTIARY
17:22:49 §f                       §b§lPyroclastic Worm §7§8V §8➡§b §bVI
17:22:49 
17:22:49 §f                                  §r§6§lREWARDS
17:22:49 §f                   §r§8+§r§a3 Pyroclastic Worm §r§b✯ Magic Find
17:22:49 §f                    §r§8+§r§a3 Pyroclastic Worm §r§c❁ Strength
17:22:49 §f                       §r§8+§r§62% §r§aPyroclastic Worm §r§7coins
17:22:49 §f                    §r§8+§r§a50% §r§7chance for extra XP orbs
17:22:49 §f                               §r§8+§r§b1 SkyBlock XP
17:22:49 
17:22:49 §3§l▬▬▬▬▬▬▬▬▬▬▬▬▬▬▬▬▬▬▬▬▬▬▬▬▬▬▬▬▬▬▬▬▬▬▬▬▬▬▬▬▬▬▬▬▬▬▬▬▬▬▬▬▬▬▬▬▬▬▬▬▬▬▬▬
17:28:37 §f                                  §6§lBESTIARY
17:28:37 §f                          §b§lLava Flame §7§8VI §8➡§b §bVII
17:28:37 
17:28:37 §f                                  §r§6§lREWARDS
17:28:37 §f                       §r§8+§r§a3 Lava Flame §r§b✯ Magic Find
17:28:37 §f                        §r§8+§r§a3 Lava Flame §r§c❁ Strength
17:28:37 §f                           §r§8+§r§62% §r§aLava Flame §r§7coins
17:28:37 §f                    §r§8+§r§a50% §r§7chance for extra XP orbs
17:28:37 §f                               §r§8+§r§b1 SkyBlock XP
17:28:37 
17:28:37 §3§l▬▬▬▬▬▬▬▬▬▬▬▬▬▬▬▬▬▬▬▬▬▬▬▬▬▬▬▬▬▬▬▬▬▬▬▬▬▬▬▬▬▬▬▬▬▬▬▬▬▬▬▬▬▬▬▬▬▬▬▬▬▬▬▬
17:30:47 §f                                  §6§lBESTIARY
17:30:47 §f                            §b§lMoogma §7§8VII §8➡§b §bVIII
17:30:47 
17:30:47 §f                                  §r§6§lREWARDS
17:30:47 §f                         §r§8+§r§a3 Moogma §r§b✯ Magic Find
17:30:47 §f                          §r§8+§r§a3 Moogma §r§c❁ Strength
17:30:47 §f                             §r§8+§r§62% §r§aMoogma §r§7coins
17:30:47 §f                    §r§8+§r§a50% §r§7chance for extra XP orbs
17:30:47 §f                               §r§8+§r§b1 SkyBlock XP
17:30:47 
17:30:47 §3§l▬▬▬▬▬▬▬▬▬▬▬▬▬▬▬▬▬▬▬▬▬▬▬▬▬▬▬▬▬▬▬▬▬▬▬▬▬▬▬▬▬▬▬▬▬▬▬▬▬▬▬▬▬▬▬▬▬▬▬▬▬▬▬▬
18:19:29 §f                                  §6§lBESTIARY
18:19:29 §f                            §b§lMinos Inquisitor §7§bI
18:19:29 
18:19:29 §f                                  §r§6§lREWARDS
18:19:29 §f                    §r§8+§r§a2 Minos Inquisitor §r§b✯ Magic Find
18:19:29 §f                     §r§8+§r§a2 Minos Inquisitor §r§c❁ Strength
18:19:29 §f                        §r§8+§r§62% §r§aMinos Inquisitor §r§7coins
18:19:29 §f                    §r§8+§r§a50% §r§7chance for extra XP orbs
18:19:29 §f                               §r§8+§r§b1 SkyBlock XP
18:19:29 
18:19:29 §3§l▬▬▬▬▬▬▬▬▬▬▬▬▬▬▬▬▬▬▬▬▬▬▬▬▬▬▬▬▬▬▬▬▬▬▬▬▬▬▬▬▬▬▬▬▬▬▬▬▬▬▬▬▬▬▬▬▬▬▬▬▬▬▬▬
18:26:28 §f                                  §6§lBESTIARY
18:26:28 §f                       §b§lGaia Construct §7§8VIII §8➡§b §bIX
18:26:28 
18:26:28 §f                                  §r§6§lREWARDS
18:26:28 §f                     §r§8+§r§a3 Gaia Construct §r§b✯ Magic Find
18:26:28 §f                     §r§8+§r§a3 Gaia Construct §r§c❁ Strength
18:26:28 §f                         §r§8+§r§62% §r§aGaia Construct §r§7coins
18:26:28 §f                    §r§8+§r§a50% §r§7chance for extra XP orbs
18:26:28 §f                               §r§8+§r§b1 SkyBlock XP
18:26:28 
18:26:28 §3§l▬▬▬▬▬▬▬▬▬▬▬▬▬▬▬▬▬▬▬▬▬▬▬▬▬▬▬▬▬▬▬▬▬▬▬▬▬▬▬▬▬▬▬▬▬▬▬▬▬▬▬▬▬▬▬▬▬▬▬▬▬▬▬▬
20:28:52 §f                                  §6§lBESTIARY
20:28:52 §f                               §b§lFly §7§8XIII §8➡§b §bXIV
20:28:52 
20:28:52 §f                                  §r§6§lREWARDS
20:28:52 §f                          §r§6+0.4☘ Farming Fortune
20:28:52 §f                                §r§8+§r§62% §r§aFly §r§7coins
20:28:52 §f                    §r§8+§r§a50% §r§7chance for extra XP orbs
20:28:52 §f                               §r§8+§r§b1 SkyBlock XP
20:28:52 
20:28:52 §3§l▬▬▬▬▬▬▬▬▬▬▬▬▬▬▬▬▬▬▬▬▬▬▬▬▬▬▬▬▬▬▬▬▬▬▬▬▬▬▬▬▬▬▬▬▬▬▬▬▬▬▬▬▬▬▬▬▬▬▬▬▬▬▬▬
22:07:56 §f                                  §6§lBESTIARY
22:07:56 §f                                 §b§lBal §7§8IV §8➡§b §bV
22:07:56 
22:07:56 §f                                  §r§6§lREWARDS
22:07:56 §f                            §r§8+§r§a2 §r§c§lBal §r§b✯ Magic Find
22:07:56 §f                            §r§8+§r§a2 §r§c§lBal §r§c❁ Strength
22:07:56 §f                                §r§8+§r§62% §r§a§r§c§lBal §r§7coins
22:07:56 §f                    §r§8+§r§a50% §r§7chance for extra XP orbs
22:07:56 §f                               §r§8+§r§b1 SkyBlock XP
22:07:56 
22:07:56   §r§f                         §6§lBESTIARY MILESTONE
22:07:56   §r§f                                  §8CCX➡§eCCXI
22:07:56 
22:07:56 §3§l▬▬▬▬▬▬▬▬▬▬▬▬▬▬▬▬▬▬▬▬▬▬▬▬▬▬▬▬▬▬▬▬▬▬▬▬▬▬▬▬▬▬▬▬▬▬▬▬▬▬▬▬▬▬▬▬▬▬▬▬▬▬▬▬
23:15:19 §f                                  §6§lBESTIARY
23:15:19 §f                                 §b§lBal §7§8V §8➡§b §bVI
23:15:19 
23:15:19 §f                                  §r§6§lREWARDS
23:15:19 §f                            §r§8+§r§a3 §r§c§lBal §r§b✯ Magic Find
23:15:19 §f                            §r§8+§r§a3 §r§c§lBal §r§c❁ Strength
23:15:19 §f                                §r§8+§r§62% §r§a§r§c§lBal §r§7coins
23:15:19 §f                    §r§8+§r§a50% §r§7chance for extra XP orbs
23:15:19 §f                               §r§8+§r§b1 SkyBlock XP
23:15:19 
23:15:19 §3§l▬▬▬▬▬▬▬▬▬▬▬▬▬▬▬▬▬▬▬▬▬▬▬▬▬▬▬▬▬▬▬▬▬▬▬▬▬▬▬▬▬▬▬▬▬▬▬▬▬▬▬▬▬▬▬▬▬▬▬▬▬▬▬▬
