11:55:36 Trying to load config from config\skyhanni\config.json
11:55:36 load-config-now
11:55:36 Loaded config from file
11:55:36 Trying to load sacks from config\skyhanni\sacks.json
11:55:36 load-sacks-now
11:55:36 Loaded sacks from file
11:55:36 Trying to load friends from config\skyhanni\friends.json
11:55:36 load-friends-now
11:55:36 Loaded friends from file
11:55:36 Trying to load known_features from config\skyhanni\known_features.json
11:55:36 load-known_features-now
11:55:36 Loaded known_features from file
11:55:36 Trying to load jacob_contests from config\skyhanni\jacob_contests.json
11:55:36 load-jacob_contests-now
11:55:36 Loaded jacob_contests from file
11:55:36 Trying to load visual_words from config\skyhanni\visual_words.json
11:55:36 Setting visual_words to be blank as it did not exist. It will be saved once something is written to it
11:56:36 saveConfig: auto-save-60s
11:56:36 Saving config file
11:57:36 saveConfig: auto-save-60s
11:57:36 Saving config file
11:58:36 saveConfig: auto-save-60s
11:58:36 Saving config file
11:58:49 saveConfig: Updated known feature flags
11:58:49 Saving known_features file
11:59:36 saveConfig: auto-save-60s
11:59:36 Saving config file
12:00:36 saveConfig: auto-save-60s
12:00:36 Saving config file
12:01:36 saveConfig: auto-save-60s
12:01:36 Saving config file
12:02:15 saveConfig: saving-data
12:02:15 Saving sacks file
12:02:26 saveConfig: saving-data
12:02:26 Saving sacks file
12:02:36 saveConfig: saving-data
12:02:36 Saving sacks file
12:02:36 saveConfig: auto-save-60s
12:02:36 Saving config file
12:02:48 saveConfig: saving-data
12:02:48 Saving sacks file
12:02:54 saveConfig: saving-data
12:02:54 Saving sacks file
12:03:36 saveConfig: auto-save-60s
12:03:36 Saving config file
12:03:40 saveConfig: saving-data
12:03:40 Saving sacks file
12:04:36 saveConfig: auto-save-60s
12:04:36 Saving config file
12:05:24 saveConfig: saving-data
12:05:24 Saving sacks file
12:05:36 saveConfig: auto-save-60s
12:05:36 Saving config file
12:06:36 saveConfig: auto-save-60s
12:06:36 Saving config file
12:07:36 saveConfig: auto-save-60s
12:07:36 Saving config file
12:08:36 saveConfig: auto-save-60s
12:08:36 Saving config file
12:09:36 saveConfig: auto-save-60s
12:09:36 Saving config file
12:10:36 saveConfig: auto-save-60s
12:10:36 Saving config file
12:11:36 saveConfig: auto-save-60s
12:11:36 Saving config file
12:12:36 saveConfig: auto-save-60s
12:12:36 Saving config file
12:13:36 saveConfig: auto-save-60s
12:13:36 Saving config file
12:14:36 saveConfig: auto-save-60s
12:14:36 Saving config file
12:15:36 saveConfig: auto-save-60s
12:15:36 Saving config file
12:16:36 saveConfig: auto-save-60s
12:16:36 Saving config file
12:17:36 saveConfig: auto-save-60s
12:17:36 Saving config file
12:18:36 saveConfig: auto-save-60s
12:18:36 Saving config file
12:19:36 saveConfig: auto-save-60s
12:19:36 Saving config file
12:20:36 saveConfig: auto-save-60s
12:20:36 Saving config file
12:21:36 saveConfig: auto-save-60s
12:21:36 Saving config file
12:22:36 saveConfig: auto-save-60s
12:22:36 Saving config file
12:23:36 saveConfig: auto-save-60s
12:23:36 Saving config file
12:24:36 saveConfig: auto-save-60s
12:24:36 Saving config file
12:25:36 saveConfig: auto-save-60s
12:25:36 Saving config file
12:26:36 saveConfig: auto-save-60s
12:26:36 Saving config file
12:27:36 saveConfig: auto-save-60s
12:27:36 Saving config file
12:28:04 saveConfig: saving-data
12:28:04 Saving sacks file
12:28:36 saveConfig: auto-save-60s
12:28:36 Saving config file
12:29:36 saveConfig: auto-save-60s
12:29:36 Saving config file
12:30:36 saveConfig: auto-save-60s
12:30:36 Saving config file
12:31:36 saveConfig: auto-save-60s
12:31:36 Saving config file
12:32:36 saveConfig: auto-save-60s
12:32:36 Saving config file
12:33:36 saveConfig: auto-save-60s
12:33:36 Saving config file
12:34:36 saveConfig: auto-save-60s
12:34:36 Saving config file
12:35:36 saveConfig: auto-save-60s
12:35:36 Saving config file
12:36:36 saveConfig: auto-save-60s
12:36:36 Saving config file
12:37:36 saveConfig: auto-save-60s
12:37:36 Saving config file
12:38:36 saveConfig: auto-save-60s
12:38:36 Saving config file
12:39:36 saveConfig: auto-save-60s
12:39:36 Saving config file
12:40:36 saveConfig: auto-save-60s
12:40:36 Saving config file
12:41:36 saveConfig: auto-save-60s
12:41:36 Saving config file
12:42:36 saveConfig: auto-save-60s
12:42:36 Saving config file
12:43:36 saveConfig: auto-save-60s
12:43:36 Saving config file
12:44:36 saveConfig: auto-save-60s
12:44:36 Saving config file
12:45:36 saveConfig: auto-save-60s
12:45:36 Saving config file
12:46:36 saveConfig: auto-save-60s
12:46:36 Saving config file
12:47:36 saveConfig: auto-save-60s
12:47:36 Saving config file
12:48:36 saveConfig: auto-save-60s
12:48:36 Saving config file
12:49:36 saveConfig: auto-save-60s
12:49:36 Saving config file
12:50:36 saveConfig: auto-save-60s
12:50:36 Saving config file
12:51:36 saveConfig: auto-save-60s
12:51:36 Saving config file
12:52:36 saveConfig: auto-save-60s
12:52:36 Saving config file
12:53:36 saveConfig: auto-save-60s
12:53:36 Saving config file
12:54:36 saveConfig: auto-save-60s
12:54:36 Saving config file
12:55:36 saveConfig: auto-save-60s
12:55:36 Saving config file
12:56:36 saveConfig: auto-save-60s
12:56:36 Saving config file
12:57:36 saveConfig: auto-save-60s
12:57:36 Saving config file
12:58:36 saveConfig: auto-save-60s
12:58:36 Saving config file
12:59:36 saveConfig: auto-save-60s
12:59:36 Saving config file
13:00:36 saveConfig: auto-save-60s
13:00:36 Saving config file
13:01:36 saveConfig: auto-save-60s
13:01:36 Saving config file
13:02:36 saveConfig: auto-save-60s
13:02:36 Saving config file
13:03:36 saveConfig: auto-save-60s
13:03:36 Saving config file
13:04:36 saveConfig: auto-save-60s
13:04:36 Saving config file
13:05:36 saveConfig: auto-save-60s
13:05:36 Saving config file
13:06:36 saveConfig: auto-save-60s
13:06:36 Saving config file
13:07:36 saveConfig: auto-save-60s
13:07:36 Saving config file
13:08:36 saveConfig: auto-save-60s
13:08:36 Saving config file
13:09:36 saveConfig: auto-save-60s
13:09:36 Saving config file
13:10:36 saveConfig: auto-save-60s
13:10:36 Saving config file
13:11:36 saveConfig: auto-save-60s
13:11:36 Saving config file
13:12:36 saveConfig: auto-save-60s
13:12:36 Saving config file
13:13:36 saveConfig: auto-save-60s
13:13:36 Saving config file
13:14:36 saveConfig: auto-save-60s
13:14:36 Saving config file
13:15:36 saveConfig: auto-save-60s
13:15:36 Saving config file
13:16:36 saveConfig: auto-save-60s
13:16:36 Saving config file
13:17:36 saveConfig: auto-save-60s
13:17:36 Saving config file
13:18:36 saveConfig: auto-save-60s
13:18:36 Saving config file
13:19:36 saveConfig: auto-save-60s
13:19:36 Saving config file
13:20:36 saveConfig: auto-save-60s
13:20:36 Saving config file
13:21:36 saveConfig: auto-save-60s
13:21:36 Saving config file
13:22:36 saveConfig: auto-save-60s
13:22:36 Saving config file
13:23:36 saveConfig: auto-save-60s
13:23:36 Saving config file
13:24:36 saveConfig: auto-save-60s
13:24:36 Saving config file
13:25:36 saveConfig: auto-save-60s
13:25:36 Saving config file
13:26:36 saveConfig: auto-save-60s
13:26:36 Saving config file
13:27:36 saveConfig: auto-save-60s
13:27:36 Saving config file
13:28:36 saveConfig: auto-save-60s
13:28:36 Saving config file
13:29:36 saveConfig: auto-save-60s
13:29:36 Saving config file
13:30:36 saveConfig: auto-save-60s
13:30:36 Saving config file
13:31:36 saveConfig: auto-save-60s
13:31:36 Saving config file
13:32:22 saveConfig: saving-data
13:32:22 Saving sacks file
13:32:36 saveConfig: auto-save-60s
13:32:36 Saving config file
13:33:36 saveConfig: auto-save-60s
13:33:36 Saving config file
13:34:36 saveConfig: auto-save-60s
13:34:36 Saving config file
13:35:36 saveConfig: auto-save-60s
13:35:36 Saving config file
13:36:36 saveConfig: auto-save-60s
13:36:36 Saving config file
13:37:36 saveConfig: auto-save-60s
13:37:36 Saving config file
13:38:36 saveConfig: auto-save-60s
13:38:36 Saving config file
13:39:36 saveConfig: auto-save-60s
13:39:36 Saving config file
13:40:36 saveConfig: auto-save-60s
13:40:36 Saving config file
13:41:36 saveConfig: auto-save-60s
13:41:36 Saving config file
13:42:36 saveConfig: auto-save-60s
13:42:36 Saving config file
13:43:36 saveConfig: auto-save-60s
13:43:36 Saving config file
13:44:36 saveConfig: auto-save-60s
13:44:36 Saving config file
13:45:36 saveConfig: auto-save-60s
13:45:36 Saving config file
13:46:36 saveConfig: auto-save-60s
13:46:36 Saving config file
13:47:36 saveConfig: auto-save-60s
13:47:36 Saving config file
13:48:36 saveConfig: auto-save-60s
13:48:36 Saving config file
13:49:36 saveConfig: auto-save-60s
13:49:36 Saving config file
13:50:36 saveConfig: auto-save-60s
13:50:36 Saving config file
13:51:36 saveConfig: auto-save-60s
13:51:36 Saving config file
13:52:36 saveConfig: auto-save-60s
13:52:36 Saving config file
13:53:36 saveConfig: auto-save-60s
13:53:36 Saving config file
13:54:36 saveConfig: auto-save-60s
13:54:36 Saving config file
13:55:36 saveConfig: auto-save-60s
13:55:36 Saving config file
13:56:36 saveConfig: auto-save-60s
13:56:36 Saving config file
13:57:36 saveConfig: auto-save-60s
13:57:36 Saving config file
13:58:36 saveConfig: auto-save-60s
13:58:36 Saving config file
13:59:36 saveConfig: auto-save-60s
13:59:36 Saving config file
14:00:36 saveConfig: auto-save-60s
14:00:36 Saving config file
14:01:36 saveConfig: auto-save-60s
14:01:36 Saving config file
14:02:36 saveConfig: auto-save-60s
14:02:36 Saving config file
14:03:36 saveConfig: auto-save-60s
14:03:36 Saving config file
14:04:36 saveConfig: auto-save-60s
14:04:36 Saving config file
14:05:36 saveConfig: auto-save-60s
14:05:36 Saving config file
14:06:36 saveConfig: auto-save-60s
14:06:36 Saving config file
14:07:36 saveConfig: auto-save-60s
14:07:36 Saving config file
14:08:36 saveConfig: auto-save-60s
14:08:36 Saving config file
14:09:36 saveConfig: auto-save-60s
14:09:36 Saving config file
14:10:36 saveConfig: auto-save-60s
14:10:36 Saving config file
14:11:36 saveConfig: auto-save-60s
14:11:36 Saving config file
14:12:36 saveConfig: auto-save-60s
14:12:36 Saving config file
14:13:36 saveConfig: auto-save-60s
14:13:36 Saving config file
14:14:36 saveConfig: auto-save-60s
14:14:36 Saving config file
14:15:36 saveConfig: auto-save-60s
14:15:36 Saving config file
14:16:36 saveConfig: auto-save-60s
14:16:36 Saving config file
14:17:36 saveConfig: auto-save-60s
14:17:36 Saving config file
14:18:36 saveConfig: auto-save-60s
14:18:36 Saving config file
14:19:36 saveConfig: auto-save-60s
14:19:36 Saving config file
14:20:36 saveConfig: auto-save-60s
14:20:36 Saving config file
14:21:36 saveConfig: auto-save-60s
14:21:36 Saving config file
14:22:36 saveConfig: auto-save-60s
14:22:36 Saving config file
14:23:36 saveConfig: auto-save-60s
14:23:36 Saving config file
14:24:36 saveConfig: auto-save-60s
14:24:36 Saving config file
14:25:36 saveConfig: auto-save-60s
14:25:36 Saving config file
14:26:36 saveConfig: auto-save-60s
14:26:36 Saving config file
14:27:36 saveConfig: auto-save-60s
14:27:36 Saving config file
14:28:36 saveConfig: auto-save-60s
14:28:36 Saving config file
14:29:36 saveConfig: auto-save-60s
14:29:36 Saving config file
14:30:36 saveConfig: auto-save-60s
14:30:36 Saving config file
14:31:36 saveConfig: auto-save-60s
14:31:36 Saving config file
14:32:36 saveConfig: auto-save-60s
14:32:36 Saving config file
14:33:36 saveConfig: auto-save-60s
14:33:36 Saving config file
14:34:36 saveConfig: auto-save-60s
14:34:36 Saving config file
14:35:36 saveConfig: auto-save-60s
14:35:36 Saving config file
14:36:36 saveConfig: auto-save-60s
14:36:36 Saving config file
14:37:36 saveConfig: auto-save-60s
14:37:36 Saving config file
14:38:36 saveConfig: auto-save-60s
14:38:36 Saving config file
14:39:02 saveConfig: close-gui
14:39:02 Saving config file
14:39:36 saveConfig: auto-save-60s
14:39:36 Saving config file
14:39:56 saveConfig: saving-data
14:39:56 Saving sacks file
14:40:36 saveConfig: auto-save-60s
14:40:36 Saving config file
14:41:36 saveConfig: auto-save-60s
14:41:36 Saving config file
14:42:36 saveConfig: auto-save-60s
14:42:36 Saving config file
14:43:36 saveConfig: auto-save-60s
14:43:36 Saving config file
14:44:05 saveConfig: close-gui
14:44:05 Saving config file
14:44:14 saveConfig: close-gui
14:44:14 Saving config file
14:44:14 saveConfig: close-gui
14:44:14 Saving config file
14:44:14 saveConfig: close-gui
14:44:14 Saving config file
14:44:36 saveConfig: auto-save-60s
14:44:36 Saving config file
14:45:36 saveConfig: auto-save-60s
14:45:36 Saving config file
14:46:03 saveConfig: close-gui
14:46:03 Saving config file
14:46:36 saveConfig: auto-save-60s
14:46:36 Saving config file
14:47:36 saveConfig: auto-save-60s
14:47:36 Saving config file
14:48:36 saveConfig: auto-save-60s
14:48:36 Saving config file
14:49:36 saveConfig: auto-save-60s
14:49:36 Saving config file
14:50:19 saveConfig: saving-data
14:50:19 Saving sacks file
14:50:36 saveConfig: auto-save-60s
14:50:36 Saving config file
14:51:36 saveConfig: auto-save-60s
14:51:36 Saving config file
14:52:36 saveConfig: auto-save-60s
14:52:36 Saving config file
14:53:36 saveConfig: auto-save-60s
14:53:36 Saving config file
14:54:36 saveConfig: auto-save-60s
14:54:36 Saving config file
14:55:36 saveConfig: auto-save-60s
14:55:36 Saving config file
14:56:36 saveConfig: auto-save-60s
14:56:36 Saving config file
14:56:58 saveConfig: saving-data
14:56:58 Saving sacks file
14:57:30 saveConfig: saving-data
14:57:30 Saving sacks file
14:57:36 saveConfig: auto-save-60s
14:57:36 Saving config file
14:58:36 saveConfig: auto-save-60s
14:58:36 Saving config file
14:59:36 saveConfig: auto-save-60s
14:59:36 Saving config file
15:00:36 saveConfig: auto-save-60s
15:00:36 Saving config file
15:01:36 saveConfig: auto-save-60s
15:01:36 Saving config file
15:02:21 saveConfig: saving-data
15:02:21 Saving sacks file
15:02:36 saveConfig: auto-save-60s
15:02:36 Saving config file
15:03:36 saveConfig: auto-save-60s
15:03:36 Saving config file
15:04:36 saveConfig: auto-save-60s
15:04:36 Saving config file
15:05:36 saveConfig: auto-save-60s
15:05:36 Saving config file
15:06:36 saveConfig: auto-save-60s
15:06:36 Saving config file
15:07:36 saveConfig: auto-save-60s
15:07:36 Saving config file
15:08:36 saveConfig: auto-save-60s
15:08:36 Saving config file
15:08:47 saveConfig: saving-data
15:08:47 Saving sacks file
15:08:54 saveConfig: saving-data
15:08:54 Saving sacks file
15:09:22 saveConfig: saving-data
15:09:22 Saving sacks file
15:09:36 saveConfig: auto-save-60s
15:09:36 Saving config file
15:10:03 saveConfig: saving-data
15:10:03 Saving sacks file
15:10:21 saveConfig: saving-data
15:10:21 Saving sacks file
15:10:36 saveConfig: auto-save-60s
15:10:36 Saving config file
15:11:36 saveConfig: auto-save-60s
15:11:36 Saving config file
15:12:04 saveConfig: saving-data
15:12:04 Saving sacks file
15:12:36 saveConfig: auto-save-60s
15:12:36 Saving config file
15:13:22 saveConfig: saving-data
15:13:22 Saving sacks file
15:13:36 saveConfig: auto-save-60s
15:13:36 Saving config file
15:13:37 saveConfig: saving-data
15:13:37 Saving sacks file
15:13:46 saveConfig: saving-data
15:13:46 Saving sacks file
15:14:00 saveConfig: saving-data
15:14:00 Saving sacks file
15:14:09 saveConfig: saving-data
15:14:09 Saving sacks file
15:14:36 saveConfig: auto-save-60s
15:14:36 Saving config file
15:15:16 saveConfig: saving-data
15:15:16 Saving sacks file
15:15:36 saveConfig: auto-save-60s
15:15:36 Saving config file
15:16:05 saveConfig: saving-data
15:16:05 Saving sacks file
15:16:31 saveConfig: saving-data
15:16:31 Saving sacks file
15:16:36 saveConfig: auto-save-60s
15:16:36 Saving config file
15:17:06 saveConfig: saving-data
15:17:06 Saving sacks file
15:17:34 saveConfig: saving-data
15:17:34 Saving sacks file
15:17:36 saveConfig: auto-save-60s
15:17:36 Saving config file
15:18:32 saveConfig: saving-data
15:18:32 Saving sacks file
15:18:36 saveConfig: auto-save-60s
15:18:36 Saving config file
15:19:25 saveConfig: saving-data
15:19:25 Saving sacks file
15:19:36 saveConfig: auto-save-60s
15:19:36 Saving config file
15:19:39 saveConfig: saving-data
15:19:39 Saving sacks file
15:20:36 saveConfig: auto-save-60s
15:20:36 Saving config file
15:20:38 saveConfig: saving-data
15:20:38 Saving sacks file
15:20:54 saveConfig: saving-data
15:20:54 Saving sacks file
15:21:24 saveConfig: saving-data
15:21:24 Saving sacks file
15:21:36 saveConfig: auto-save-60s
15:21:36 Saving config file
15:22:15 saveConfig: saving-data
15:22:15 Saving sacks file
15:22:36 saveConfig: auto-save-60s
15:22:36 Saving config file
15:23:09 saveConfig: saving-data
15:23:09 Saving sacks file
15:23:27 saveConfig: saving-data
15:23:27 Saving sacks file
15:23:36 saveConfig: auto-save-60s
15:23:36 Saving config file
15:23:59 saveConfig: saving-data
15:23:59 Saving sacks file
15:24:36 saveConfig: auto-save-60s
15:24:36 Saving config file
15:24:43 saveConfig: saving-data
15:24:43 Saving sacks file
15:25:06 saveConfig: saving-data
15:25:06 Saving sacks file
15:25:27 saveConfig: saving-data
15:25:27 Saving sacks file
15:25:36 saveConfig: auto-save-60s
15:25:36 Saving config file
15:26:12 saveConfig: saving-data
15:26:12 Saving sacks file
15:26:36 saveConfig: auto-save-60s
15:26:36 Saving config file
15:27:06 saveConfig: saving-data
15:27:06 Saving sacks file
15:27:14 saveConfig: saving-data
15:27:14 Saving sacks file
15:27:33 saveConfig: saving-data
15:27:33 Saving sacks file
15:27:36 saveConfig: auto-save-60s
15:27:36 Saving config file
15:28:36 saveConfig: auto-save-60s
15:28:36 Saving config file
15:28:37 saveConfig: saving-data
15:28:37 Saving sacks file
15:28:53 saveConfig: saving-data
15:28:53 Saving sacks file
15:29:16 saveConfig: saving-data
15:29:16 Saving sacks file
15:29:27 saveConfig: saving-data
15:29:27 Saving sacks file
15:29:36 saveConfig: auto-save-60s
15:29:36 Saving config file
15:30:36 saveConfig: auto-save-60s
15:30:36 Saving config file
15:30:53 saveConfig: saving-data
15:30:53 Saving sacks file
15:31:15 saveConfig: saving-data
15:31:15 Saving sacks file
15:31:36 saveConfig: saving-data
15:31:36 Saving sacks file
15:31:36 saveConfig: auto-save-60s
15:31:36 Saving config file
15:32:28 saveConfig: saving-data
15:32:28 Saving sacks file
15:32:36 saveConfig: auto-save-60s
15:32:36 Saving config file
15:33:14 saveConfig: saving-data
15:33:14 Saving sacks file
15:33:36 saveConfig: auto-save-60s
15:33:36 Saving config file
15:34:36 saveConfig: auto-save-60s
15:34:36 Saving config file
15:35:36 saveConfig: auto-save-60s
15:35:36 Saving config file
15:36:36 saveConfig: auto-save-60s
15:36:36 Saving config file
15:37:36 saveConfig: auto-save-60s
15:37:36 Saving config file
15:38:36 saveConfig: auto-save-60s
15:38:36 Saving config file
15:39:36 saveConfig: auto-save-60s
15:39:36 Saving config file
15:40:36 saveConfig: auto-save-60s
15:40:36 Saving config file
15:41:36 saveConfig: auto-save-60s
15:41:36 Saving config file
15:42:36 saveConfig: auto-save-60s
15:42:36 Saving config file
15:43:36 saveConfig: auto-save-60s
15:43:36 Saving config file
15:44:36 saveConfig: auto-save-60s
15:44:36 Saving config file
15:45:36 saveConfig: auto-save-60s
15:45:36 Saving config file
15:46:36 saveConfig: auto-save-60s
15:46:36 Saving config file
15:47:36 saveConfig: auto-save-60s
15:47:36 Saving config file
15:48:36 saveConfig: auto-save-60s
15:48:36 Saving config file
15:49:36 saveConfig: auto-save-60s
15:49:36 Saving config file
15:50:36 saveConfig: auto-save-60s
15:50:36 Saving config file
15:51:36 saveConfig: auto-save-60s
15:51:36 Saving config file
15:52:36 saveConfig: auto-save-60s
15:52:36 Saving config file
15:53:36 saveConfig: auto-save-60s
15:53:36 Saving config file
15:54:36 saveConfig: auto-save-60s
15:54:36 Saving config file
15:55:36 saveConfig: auto-save-60s
15:55:36 Saving config file
15:56:36 saveConfig: auto-save-60s
15:56:36 Saving config file
15:57:36 saveConfig: auto-save-60s
15:57:36 Saving config file
15:58:36 saveConfig: auto-save-60s
15:58:36 Saving config file
15:59:36 saveConfig: auto-save-60s
15:59:36 Saving config file
16:00:36 saveConfig: auto-save-60s
16:00:36 Saving config file
16:01:36 saveConfig: auto-save-60s
16:01:36 Saving config file
16:02:36 saveConfig: auto-save-60s
16:02:36 Saving config file
16:03:36 saveConfig: auto-save-60s
16:03:36 Saving config file
16:04:36 saveConfig: auto-save-60s
16:04:36 Saving config file
16:05:36 saveConfig: auto-save-60s
16:05:36 Saving config file
16:06:36 saveConfig: auto-save-60s
16:06:36 Saving config file
16:07:36 saveConfig: auto-save-60s
16:07:36 Saving config file
16:08:36 saveConfig: auto-save-60s
16:08:36 Saving config file
16:09:36 saveConfig: auto-save-60s
16:09:36 Saving config file
16:10:36 saveConfig: auto-save-60s
16:10:36 Saving config file
16:11:36 saveConfig: auto-save-60s
16:11:36 Saving config file
16:12:36 saveConfig: auto-save-60s
16:12:36 Saving config file
16:13:28 saveConfig: saving-data
16:13:28 Saving sacks file
16:13:36 saveConfig: auto-save-60s
16:13:36 Saving config file
16:14:36 saveConfig: auto-save-60s
16:14:36 Saving config file
16:15:36 saveConfig: auto-save-60s
16:15:36 Saving config file
16:15:58 saveConfig: saving-data
16:15:58 Saving sacks file
16:16:04 saveConfig: saving-data
16:16:04 Saving sacks file
16:16:11 saveConfig: saving-data
16:16:11 Saving sacks file
16:16:23 saveConfig: saving-data
16:16:23 Saving sacks file
16:16:33 saveConfig: saving-data
16:16:33 Saving sacks file
16:16:36 saveConfig: auto-save-60s
16:16:36 Saving config file
16:17:36 saveConfig: auto-save-60s
16:17:36 Saving config file
16:18:36 saveConfig: auto-save-60s
16:18:36 Saving config file
16:19:36 saveConfig: auto-save-60s
16:19:36 Saving config file
16:20:36 saveConfig: auto-save-60s
16:20:36 Saving config file
16:21:36 saveConfig: auto-save-60s
16:21:36 Saving config file
16:22:36 saveConfig: auto-save-60s
16:22:36 Saving config file
16:23:36 saveConfig: auto-save-60s
16:23:36 Saving config file
16:24:36 saveConfig: auto-save-60s
16:24:36 Saving config file
16:25:36 saveConfig: auto-save-60s
16:25:36 Saving config file
16:26:36 saveConfig: auto-save-60s
16:26:36 Saving config file
16:27:36 saveConfig: auto-save-60s
16:27:36 Saving config file
16:28:36 saveConfig: auto-save-60s
16:28:36 Saving config file
16:29:36 saveConfig: auto-save-60s
16:29:36 Saving config file
16:30:36 saveConfig: auto-save-60s
16:30:36 Saving config file
16:31:36 saveConfig: auto-save-60s
16:31:36 Saving config file
16:32:36 saveConfig: auto-save-60s
16:32:36 Saving config file
16:33:36 saveConfig: auto-save-60s
16:33:36 Saving config file
16:34:36 saveConfig: auto-save-60s
16:34:36 Saving config file
16:35:36 saveConfig: auto-save-60s
16:35:36 Saving config file
16:36:36 saveConfig: auto-save-60s
16:36:36 Saving config file
16:37:29 saveConfig: saving-data
16:37:29 Saving sacks file
16:37:36 saveConfig: auto-save-60s
16:37:36 Saving config file
16:38:21 saveConfig: saving-data
16:38:21 Saving sacks file
16:38:36 saveConfig: auto-save-60s
16:38:36 Saving config file
16:38:42 saveConfig: saving-data
16:38:42 Saving sacks file
16:38:50 saveConfig: saving-data
16:38:50 Saving sacks file
16:39:24 saveConfig: saving-data
16:39:24 Saving sacks file
16:39:36 saveConfig: auto-save-60s
16:39:36 Saving config file
16:39:41 saveConfig: saving-data
16:39:41 Saving sacks file
16:40:36 saveConfig: auto-save-60s
16:40:36 Saving config file
16:40:41 saveConfig: saving-data
16:40:41 Saving sacks file
16:41:09 saveConfig: saving-data
16:41:09 Saving sacks file
16:41:36 saveConfig: auto-save-60s
16:41:36 Saving config file
16:41:57 saveConfig: saving-data
16:41:57 Saving sacks file
16:42:10 saveConfig: saving-data
16:42:10 Saving sacks file
16:42:27 saveConfig: saving-data
16:42:27 Saving sacks file
16:42:36 saveConfig: auto-save-60s
16:42:36 Saving config file
16:43:13 saveConfig: saving-data
16:43:13 Saving sacks file
16:43:36 saveConfig: auto-save-60s
16:43:36 Saving config file
16:44:14 saveConfig: saving-data
16:44:14 Saving sacks file
16:44:36 saveConfig: auto-save-60s
16:44:36 Saving config file
16:45:36 saveConfig: auto-save-60s
16:45:36 Saving config file
16:46:15 saveConfig: saving-data
16:46:15 Saving sacks file
16:46:36 saveConfig: auto-save-60s
16:46:36 Saving config file
16:46:38 saveConfig: saving-data
16:46:38 Saving sacks file
16:47:18 saveConfig: saving-data
16:47:18 Saving sacks file
16:47:36 saveConfig: auto-save-60s
16:47:36 Saving config file
16:48:10 saveConfig: saving-data
16:48:10 Saving sacks file
16:48:36 saveConfig: auto-save-60s
16:48:36 Saving config file
16:48:38 saveConfig: saving-data
16:48:38 Saving sacks file
16:49:21 saveConfig: saving-data
16:49:21 Saving sacks file
16:49:36 saveConfig: auto-save-60s
16:49:36 Saving config file
16:49:47 saveConfig: saving-data
16:49:47 Saving sacks file
16:50:03 saveConfig: saving-data
16:50:03 Saving sacks file
16:50:17 saveConfig: saving-data
16:50:17 Saving sacks file
16:50:27 saveConfig: saving-data
16:50:27 Saving sacks file
16:50:36 saveConfig: auto-save-60s
16:50:36 Saving config file
16:50:45 saveConfig: saving-data
16:50:45 Saving sacks file
16:51:00 saveConfig: saving-data
16:51:00 Saving sacks file
16:51:20 saveConfig: saving-data
16:51:20 Saving sacks file
16:51:35 saveConfig: saving-data
16:51:35 Saving sacks file
16:51:36 saveConfig: auto-save-60s
16:51:36 Saving config file
16:52:36 saveConfig: auto-save-60s
16:52:36 Saving config file
16:53:36 saveConfig: auto-save-60s
16:53:36 Saving config file
16:54:36 saveConfig: auto-save-60s
16:54:36 Saving config file
16:55:36 saveConfig: auto-save-60s
16:55:36 Saving config file
16:56:36 saveConfig: auto-save-60s
16:56:36 Saving config file
16:57:36 saveConfig: auto-save-60s
16:57:36 Saving config file
16:58:36 saveConfig: auto-save-60s
16:58:36 Saving config file
16:59:36 saveConfig: auto-save-60s
16:59:36 Saving config file
16:59:42 saveConfig: saving-data
16:59:42 Saving sacks file
17:00:36 saveConfig: auto-save-60s
17:00:36 Saving config file
17:00:52 saveConfig: saving-data
17:00:52 Saving sacks file
17:01:07 saveConfig: saving-data
17:01:07 Saving sacks file
17:01:36 saveConfig: auto-save-60s
17:01:36 Saving config file
17:01:54 saveConfig: saving-data
17:01:54 Saving sacks file
17:02:36 saveConfig: auto-save-60s
17:02:36 Saving config file
17:02:45 saveConfig: saving-data
17:02:45 Saving sacks file
17:03:21 saveConfig: saving-data
17:03:21 Saving sacks file
17:03:36 saveConfig: auto-save-60s
17:03:36 Saving config file
17:03:40 saveConfig: saving-data
17:03:40 Saving sacks file
17:03:49 saveConfig: saving-data
17:03:49 Saving sacks file
17:04:08 saveConfig: saving-data
17:04:08 Saving sacks file
17:04:36 saveConfig: auto-save-60s
17:04:36 Saving config file
17:04:55 saveConfig: saving-data
17:04:55 Saving sacks file
17:05:32 saveConfig: saving-data
17:05:32 Saving sacks file
17:05:36 saveConfig: auto-save-60s
17:05:36 Saving config file
17:05:50 saveConfig: saving-data
17:05:50 Saving sacks file
17:06:16 saveConfig: saving-data
17:06:16 Saving sacks file
17:06:36 saveConfig: auto-save-60s
17:06:36 Saving config file
17:06:56 saveConfig: saving-data
17:06:56 Saving sacks file
17:07:19 saveConfig: saving-data
17:07:19 Saving sacks file
17:07:36 saveConfig: auto-save-60s
17:07:36 Saving config file
17:08:36 saveConfig: auto-save-60s
17:08:36 Saving config file
17:09:36 saveConfig: auto-save-60s
17:09:36 Saving config file
17:10:36 saveConfig: auto-save-60s
17:10:36 Saving config file
17:11:36 saveConfig: auto-save-60s
17:11:36 Saving config file
17:12:36 saveConfig: auto-save-60s
17:12:36 Saving config file
17:13:36 saveConfig: auto-save-60s
17:13:36 Saving config file
17:14:36 saveConfig: auto-save-60s
17:14:36 Saving config file
17:15:36 saveConfig: auto-save-60s
17:15:36 Saving config file
17:16:36 saveConfig: auto-save-60s
17:16:36 Saving config file
17:17:05 saveConfig: saving-data
17:17:05 Saving sacks file
17:17:36 saveConfig: auto-save-60s
17:17:36 Saving config file
17:17:49 saveConfig: saving-data
17:17:49 Saving sacks file
17:18:01 saveConfig: saving-data
17:18:01 Saving sacks file
17:18:32 saveConfig: saving-data
17:18:32 Saving sacks file
17:18:36 saveConfig: auto-save-60s
17:18:36 Saving config file
17:18:45 saveConfig: saving-data
17:18:45 Saving sacks file
17:19:36 saveConfig: auto-save-60s
17:19:36 Saving config file
17:20:36 saveConfig: auto-save-60s
17:20:36 Saving config file
17:21:07 saveConfig: saving-data
17:21:07 Saving sacks file
17:21:35 saveConfig: saving-data
17:21:35 Saving sacks file
17:21:36 saveConfig: auto-save-60s
17:21:36 Saving config file
17:21:54 saveConfig: saving-data
17:21:54 Saving sacks file
17:22:23 saveConfig: saving-data
17:22:23 Saving sacks file
17:22:36 saveConfig: auto-save-60s
17:22:36 Saving config file
17:22:55 saveConfig: saving-data
17:22:55 Saving sacks file
17:23:36 saveConfig: auto-save-60s
17:23:36 Saving config file
17:23:43 saveConfig: saving-data
17:23:43 Saving sacks file
17:23:55 saveConfig: saving-data
17:23:55 Saving sacks file
17:24:07 saveConfig: saving-data
17:24:07 Saving sacks file
17:24:24 saveConfig: saving-data
17:24:24 Saving sacks file
17:24:36 saveConfig: auto-save-60s
17:24:36 Saving config file
17:24:49 saveConfig: saving-data
17:24:49 Saving sacks file
17:25:36 saveConfig: auto-save-60s
17:25:36 Saving config file
17:25:40 saveConfig: saving-data
17:25:40 Saving sacks file
17:26:36 saveConfig: auto-save-60s
17:26:36 Saving config file
17:27:35 saveConfig: saving-data
17:27:35 Saving sacks file
17:27:36 saveConfig: auto-save-60s
17:27:36 Saving config file
17:28:06 saveConfig: saving-data
17:28:06 Saving sacks file
17:28:19 saveConfig: saving-data
17:28:19 Saving sacks file
17:28:36 saveConfig: auto-save-60s
17:28:36 Saving config file
17:28:43 saveConfig: saving-data
17:28:43 Saving sacks file
17:29:01 saveConfig: saving-data
17:29:01 Saving sacks file
17:29:36 saveConfig: auto-save-60s
17:29:36 Saving config file
17:29:39 saveConfig: saving-data
17:29:39 Saving sacks file
17:30:36 saveConfig: auto-save-60s
17:30:36 Saving config file
17:30:55 saveConfig: saving-data
17:30:55 Saving sacks file
17:31:36 saveConfig: auto-save-60s
17:31:36 Saving config file
17:31:53 saveConfig: saving-data
17:31:53 Saving sacks file
17:32:21 saveConfig: saving-data
17:32:21 Saving sacks file
17:32:36 saveConfig: auto-save-60s
17:32:36 Saving config file
17:32:39 saveConfig: saving-data
17:32:39 Saving sacks file
17:33:01 saveConfig: saving-data
17:33:01 Saving sacks file
17:33:09 saveConfig: saving-data
17:33:09 Saving sacks file
17:33:36 saveConfig: auto-save-60s
17:33:36 Saving config file
17:33:39 saveConfig: saving-data
17:33:39 Saving sacks file
17:33:52 saveConfig: saving-data
17:33:52 Saving sacks file
17:34:36 saveConfig: auto-save-60s
17:34:36 Saving config file
17:34:36 saveConfig: saving-data
17:34:36 Saving sacks file
17:34:46 saveConfig: saving-data
17:34:46 Saving sacks file
17:34:56 saveConfig: saving-data
17:34:56 Saving sacks file
17:35:36 saveConfig: auto-save-60s
17:35:36 Saving config file
17:35:55 saveConfig: saving-data
17:35:55 Saving sacks file
17:36:10 saveConfig: saving-data
17:36:10 Saving sacks file
17:36:23 saveConfig: saving-data
17:36:23 Saving sacks file
17:36:36 saveConfig: auto-save-60s
17:36:36 Saving config file
17:37:36 saveConfig: auto-save-60s
17:37:36 Saving config file
17:37:51 saveConfig: saving-data
17:37:51 Saving sacks file
17:37:58 saveConfig: saving-data
17:37:58 Saving sacks file
17:38:36 saveConfig: auto-save-60s
17:38:36 Saving config file
17:39:36 saveConfig: auto-save-60s
17:39:36 Saving config file
17:40:36 saveConfig: auto-save-60s
17:40:36 Saving config file
17:41:36 saveConfig: auto-save-60s
17:41:36 Saving config file
17:42:36 saveConfig: auto-save-60s
17:42:36 Saving config file
17:43:36 saveConfig: auto-save-60s
17:43:36 Saving config file
17:44:36 saveConfig: auto-save-60s
17:44:36 Saving config file
17:45:36 saveConfig: auto-save-60s
17:45:36 Saving config file
17:46:36 saveConfig: auto-save-60s
17:46:36 Saving config file
17:47:36 saveConfig: auto-save-60s
17:47:36 Saving config file
17:48:36 saveConfig: auto-save-60s
17:48:36 Saving config file
17:49:36 saveConfig: auto-save-60s
17:49:36 Saving config file
17:50:36 saveConfig: auto-save-60s
17:50:36 Saving config file
17:51:24 saveConfig: saving-data
17:51:24 Saving sacks file
17:51:36 saveConfig: auto-save-60s
17:51:36 Saving config file
17:51:39 saveConfig: saving-data
17:51:39 Saving sacks file
17:51:54 saveConfig: saving-data
17:51:54 Saving sacks file
17:52:14 saveConfig: saving-data
17:52:14 Saving sacks file
17:52:36 saveConfig: auto-save-60s
17:52:36 Saving config file
17:53:08 saveConfig: saving-data
17:53:08 Saving sacks file
17:53:36 saveConfig: auto-save-60s
17:53:36 Saving config file
17:54:01 saveConfig: saving-data
17:54:01 Saving sacks file
17:54:24 saveConfig: saving-data
17:54:24 Saving sacks file
17:54:36 saveConfig: auto-save-60s
17:54:36 Saving config file
17:55:18 saveConfig: saving-data
17:55:18 Saving sacks file
17:55:36 saveConfig: auto-save-60s
17:55:36 Saving config file
17:56:00 saveConfig: saving-data
17:56:00 Saving sacks file
17:56:11 saveConfig: saving-data
17:56:11 Saving sacks file
17:56:30 saveConfig: saving-data
17:56:30 Saving sacks file
17:56:36 saveConfig: auto-save-60s
17:56:36 Saving config file
17:56:41 saveConfig: saving-data
17:56:41 Saving sacks file
17:56:58 saveConfig: saving-data
17:56:58 Saving sacks file
17:57:18 saveConfig: saving-data
17:57:18 Saving sacks file
17:57:36 saveConfig: auto-save-60s
17:57:36 Saving config file
17:57:48 saveConfig: saving-data
17:57:48 Saving sacks file
17:58:15 saveConfig: saving-data
17:58:15 Saving sacks file
17:58:36 saveConfig: auto-save-60s
17:58:36 Saving config file
17:59:36 saveConfig: auto-save-60s
17:59:36 Saving config file
17:59:52 saveConfig: saving-data
17:59:52 Saving sacks file
18:00:07 saveConfig: saving-data
18:00:07 Saving sacks file
18:00:31 saveConfig: saving-data
18:00:31 Saving sacks file
18:00:36 saveConfig: auto-save-60s
18:00:36 Saving config file
18:00:49 saveConfig: saving-data
18:00:49 Saving sacks file
18:01:21 saveConfig: saving-data
18:01:21 Saving sacks file
18:01:36 saveConfig: auto-save-60s
18:01:36 Saving config file
18:01:39 saveConfig: saving-data
18:01:39 Saving sacks file
18:01:56 saveConfig: saving-data
18:01:56 Saving sacks file
18:02:23 saveConfig: saving-data
18:02:23 Saving sacks file
18:02:36 saveConfig: auto-save-60s
18:02:36 Saving config file
18:02:39 saveConfig: saving-data
18:02:39 Saving sacks file
18:03:19 saveConfig: saving-data
18:03:19 Saving sacks file
18:03:33 saveConfig: saving-data
18:03:33 Saving sacks file
18:03:36 saveConfig: auto-save-60s
18:03:36 Saving config file
18:04:12 saveConfig: saving-data
18:04:12 Saving sacks file
18:04:30 saveConfig: saving-data
18:04:30 Saving sacks file
18:04:36 saveConfig: auto-save-60s
18:04:36 Saving config file
18:04:45 saveConfig: saving-data
18:04:45 Saving sacks file
18:05:33 saveConfig: saving-data
18:05:33 Saving sacks file
18:05:36 saveConfig: auto-save-60s
18:05:36 Saving config file
18:05:47 saveConfig: saving-data
18:05:47 Saving sacks file
18:05:59 saveConfig: saving-data
18:05:59 Saving sacks file
18:06:24 saveConfig: saving-data
18:06:24 Saving sacks file
18:06:34 saveConfig: saving-data
18:06:34 Saving sacks file
18:06:36 saveConfig: auto-save-60s
18:06:36 Saving config file
18:06:47 saveConfig: saving-data
18:06:47 Saving sacks file
18:07:03 saveConfig: saving-data
18:07:03 Saving sacks file
18:07:36 saveConfig: auto-save-60s
18:07:36 Saving config file
18:08:36 saveConfig: auto-save-60s
18:08:36 Saving config file
18:09:36 saveConfig: auto-save-60s
18:09:36 Saving config file
18:10:29 saveConfig: saving-data
18:10:29 Saving sacks file
18:10:36 saveConfig: auto-save-60s
18:10:36 Saving config file
18:10:47 saveConfig: saving-data
18:10:47 Saving sacks file
18:11:05 saveConfig: saving-data
18:11:05 Saving sacks file
18:11:16 saveConfig: saving-data
18:11:16 Saving sacks file
18:11:36 saveConfig: auto-save-60s
18:11:36 Saving config file
18:11:44 saveConfig: saving-data
18:11:44 Saving sacks file
18:12:34 saveConfig: saving-data
18:12:34 Saving sacks file
18:12:36 saveConfig: auto-save-60s
18:12:36 Saving config file
18:12:58 saveConfig: saving-data
18:12:58 Saving sacks file
18:13:11 saveConfig: saving-data
18:13:11 Saving sacks file
18:13:29 saveConfig: saving-data
18:13:29 Saving sacks file
18:13:36 saveConfig: auto-save-60s
18:13:36 Saving config file
18:13:50 saveConfig: saving-data
18:13:50 Saving sacks file
18:14:01 saveConfig: saving-data
18:14:01 Saving sacks file
18:14:35 saveConfig: saving-data
18:14:35 Saving sacks file
18:14:36 saveConfig: auto-save-60s
18:14:36 Saving config file
18:14:43 saveConfig: saving-data
18:14:43 Saving sacks file
18:15:03 saveConfig: saving-data
18:15:03 Saving sacks file
18:15:17 saveConfig: saving-data
18:15:17 Saving sacks file
18:15:33 saveConfig: close-gui
18:15:33 Saving config file
18:15:33 saveConfig: close-gui
18:15:33 Saving config file
18:15:36 saveConfig: auto-save-60s
18:15:36 Saving config file
18:15:48 saveConfig: saving-data
18:15:48 Saving sacks file
18:16:07 saveConfig: saving-data
18:16:07 Saving sacks file
18:16:23 saveConfig: saving-data
18:16:23 Saving sacks file
18:16:34 saveConfig: saving-data
18:16:34 Saving sacks file
18:16:36 saveConfig: auto-save-60s
18:16:36 Saving config file
18:16:53 saveConfig: saving-data
18:16:53 Saving sacks file
18:17:09 saveConfig: saving-data
18:17:09 Saving sacks file
18:17:23 saveConfig: saving-data
18:17:23 Saving sacks file
18:17:36 saveConfig: auto-save-60s
18:17:36 Saving config file
18:17:47 saveConfig: saving-data
18:17:47 Saving sacks file
18:18:32 saveConfig: saving-data
18:18:32 Saving sacks file
18:18:36 saveConfig: auto-save-60s
18:18:36 Saving config file
18:18:40 saveConfig: saving-data
18:18:40 Saving sacks file
18:19:35 saveConfig: saving-data
18:19:35 Saving sacks file
18:19:36 saveConfig: auto-save-60s
18:19:36 Saving config file
18:19:59 saveConfig: saving-data
18:19:59 Saving sacks file
18:20:07 saveConfig: saving-data
18:20:07 Saving sacks file
18:20:23 saveConfig: saving-data
18:20:23 Saving sacks file
18:20:36 saveConfig: auto-save-60s
18:20:36 Saving config file
18:21:18 saveConfig: saving-data
18:21:18 Saving sacks file
18:21:36 saveConfig: auto-save-60s
18:21:36 Saving config file
18:21:42 saveConfig: saving-data
18:21:42 Saving sacks file
18:22:18 saveConfig: saving-data
18:22:18 Saving sacks file
18:22:34 saveConfig: saving-data
18:22:34 Saving sacks file
18:22:36 saveConfig: auto-save-60s
18:22:36 Saving config file
18:23:08 saveConfig: saving-data
18:23:08 Saving sacks file
18:23:18 saveConfig: saving-data
18:23:18 Saving sacks file
18:23:32 saveConfig: saving-data
18:23:32 Saving sacks file
18:23:36 saveConfig: auto-save-60s
18:23:36 Saving config file
18:23:49 saveConfig: saving-data
18:23:49 Saving sacks file
18:24:27 saveConfig: saving-data
18:24:27 Saving sacks file
18:24:36 saveConfig: auto-save-60s
18:24:36 Saving config file
18:25:13 saveConfig: saving-data
18:25:13 Saving sacks file
18:25:28 saveConfig: saving-data
18:25:28 Saving sacks file
18:25:36 saveConfig: auto-save-60s
18:25:36 Saving config file
18:25:49 saveConfig: saving-data
18:25:49 Saving sacks file
18:26:00 saveConfig: saving-data
18:26:00 Saving sacks file
18:26:33 saveConfig: saving-data
18:26:33 Saving sacks file
18:26:36 saveConfig: auto-save-60s
18:26:36 Saving config file
18:26:45 saveConfig: saving-data
18:26:45 Saving sacks file
18:26:56 saveConfig: saving-data
18:26:56 Saving sacks file
18:27:15 saveConfig: saving-data
18:27:15 Saving sacks file
18:27:36 saveConfig: auto-save-60s
18:27:36 Saving config file
18:27:39 saveConfig: saving-data
18:27:39 Saving sacks file
18:28:13 saveConfig: saving-data
18:28:13 Saving sacks file
18:28:25 saveConfig: saving-data
18:28:25 Saving sacks file
18:28:36 saveConfig: auto-save-60s
18:28:36 Saving config file
18:28:37 saveConfig: saving-data
18:28:37 Saving sacks file
18:28:53 saveConfig: saving-data
18:28:53 Saving sacks file
18:29:05 saveConfig: saving-data
18:29:05 Saving sacks file
18:29:14 saveConfig: saving-data
18:29:14 Saving sacks file
18:29:30 saveConfig: saving-data
18:29:30 Saving sacks file
18:29:36 saveConfig: auto-save-60s
18:29:36 Saving config file
18:30:36 saveConfig: auto-save-60s
18:30:36 Saving config file
18:30:47 saveConfig: saving-data
18:30:47 Saving sacks file
18:31:11 saveConfig: saving-data
18:31:11 Saving sacks file
18:31:22 saveConfig: saving-data
18:31:22 Saving sacks file
18:31:36 saveConfig: auto-save-60s
18:31:36 Saving config file
18:31:38 saveConfig: saving-data
18:31:38 Saving sacks file
18:32:06 saveConfig: saving-data
18:32:06 Saving sacks file
18:32:25 saveConfig: saving-data
18:32:25 Saving sacks file
18:32:36 saveConfig: auto-save-60s
18:32:36 Saving config file
18:32:59 saveConfig: saving-data
18:32:59 Saving sacks file
18:33:17 saveConfig: saving-data
18:33:17 Saving sacks file
18:33:36 saveConfig: auto-save-60s
18:33:36 Saving config file
18:33:38 saveConfig: saving-data
18:33:38 Saving sacks file
18:33:56 saveConfig: saving-data
18:33:56 Saving sacks file
18:34:36 saveConfig: auto-save-60s
18:34:36 Saving config file
18:35:36 saveConfig: auto-save-60s
18:35:36 Saving config file
18:36:09 saveConfig: saving-data
18:36:09 Saving sacks file
18:36:23 saveConfig: saving-data
18:36:23 Saving sacks file
18:36:34 saveConfig: saving-data
18:36:34 Saving sacks file
18:36:36 saveConfig: auto-save-60s
18:36:36 Saving config file
18:36:48 saveConfig: saving-data
18:36:48 Saving sacks file
18:37:12 saveConfig: saving-data
18:37:12 Saving sacks file
18:37:24 saveConfig: saving-data
18:37:24 Saving sacks file
18:37:34 saveConfig: saving-data
18:37:34 Saving sacks file
18:37:36 saveConfig: auto-save-60s
18:37:36 Saving config file
18:37:44 saveConfig: saving-data
18:37:44 Saving sacks file
18:37:56 saveConfig: saving-data
18:37:56 Saving sacks file
18:38:30 saveConfig: saving-data
18:38:30 Saving sacks file
18:38:36 saveConfig: auto-save-60s
18:38:36 Saving config file
18:39:03 saveConfig: saving-data
18:39:03 Saving sacks file
18:39:10 saveConfig: saving-data
18:39:10 Saving sacks file
18:39:31 saveConfig: saving-data
18:39:31 Saving sacks file
18:39:36 saveConfig: auto-save-60s
18:39:36 Saving config file
18:39:42 saveConfig: saving-data
18:39:42 Saving sacks file
18:40:04 saveConfig: saving-data
18:40:04 Saving sacks file
18:40:29 saveConfig: saving-data
18:40:29 Saving sacks file
18:40:36 saveConfig: auto-save-60s
18:40:36 Saving config file
18:40:46 saveConfig: saving-data
18:40:46 Saving sacks file
18:41:11 saveConfig: saving-data
18:41:11 Saving sacks file
18:41:23 saveConfig: saving-data
18:41:23 Saving sacks file
18:41:33 saveConfig: saving-data
18:41:33 Saving sacks file
18:41:36 saveConfig: auto-save-60s
18:41:36 Saving config file
18:41:58 saveConfig: saving-data
18:41:58 Saving sacks file
18:42:13 saveConfig: saving-data
18:42:13 Saving sacks file
18:42:25 saveConfig: saving-data
18:42:25 Saving sacks file
18:42:36 saveConfig: auto-save-60s
18:42:36 Saving config file
18:42:53 saveConfig: saving-data
18:42:53 Saving sacks file
18:43:05 saveConfig: saving-data
18:43:05 Saving sacks file
18:43:16 saveConfig: saving-data
18:43:16 Saving sacks file
18:43:36 saveConfig: auto-save-60s
18:43:36 Saving config file
18:43:42 saveConfig: saving-data
18:43:42 Saving sacks file
18:44:03 saveConfig: saving-data
18:44:03 Saving sacks file
18:44:18 saveConfig: saving-data
18:44:18 Saving sacks file
18:44:36 saveConfig: auto-save-60s
18:44:36 Saving config file
18:44:43 saveConfig: saving-data
18:44:43 Saving sacks file
18:45:02 saveConfig: saving-data
18:45:02 Saving sacks file
18:45:15 saveConfig: saving-data
18:45:15 Saving sacks file
18:45:27 saveConfig: saving-data
18:45:27 Saving sacks file
18:45:36 saveConfig: auto-save-60s
18:45:36 Saving config file
18:45:42 saveConfig: saving-data
18:45:42 Saving sacks file
18:45:58 saveConfig: saving-data
18:45:58 Saving sacks file
18:46:19 saveConfig: saving-data
18:46:19 Saving sacks file
18:46:31 saveConfig: saving-data
18:46:31 Saving sacks file
18:46:36 saveConfig: auto-save-60s
18:46:36 Saving config file
18:47:11 saveConfig: saving-data
18:47:11 Saving sacks file
18:47:36 saveConfig: auto-save-60s
18:47:36 Saving config file
18:47:50 saveConfig: saving-data
18:47:50 Saving sacks file
18:48:03 saveConfig: saving-data
18:48:03 Saving sacks file
18:48:21 saveConfig: saving-data
18:48:21 Saving sacks file
18:48:33 saveConfig: saving-data
18:48:33 Saving sacks file
18:48:36 saveConfig: auto-save-60s
18:48:36 Saving config file
18:48:44 saveConfig: saving-data
18:48:44 Saving sacks file
18:48:58 saveConfig: saving-data
18:48:58 Saving sacks file
18:49:35 saveConfig: saving-data
18:49:35 Saving sacks file
18:49:36 saveConfig: auto-save-60s
18:49:36 Saving config file
18:50:11 saveConfig: saving-data
18:50:11 Saving sacks file
18:50:26 saveConfig: saving-data
18:50:26 Saving sacks file
18:50:36 saveConfig: auto-save-60s
18:50:36 Saving config file
18:50:47 saveConfig: saving-data
18:50:47 Saving sacks file
18:50:59 saveConfig: saving-data
18:50:59 Saving sacks file
18:51:30 saveConfig: saving-data
18:51:30 Saving sacks file
18:51:36 saveConfig: auto-save-60s
18:51:36 Saving config file
18:51:44 saveConfig: saving-data
18:51:44 Saving sacks file
18:52:36 saveConfig: auto-save-60s
18:52:36 Saving config file
18:52:52 saveConfig: saving-data
18:52:52 Saving sacks file
18:53:06 saveConfig: saving-data
18:53:06 Saving sacks file
18:53:20 saveConfig: saving-data
18:53:20 Saving sacks file
18:53:36 saveConfig: auto-save-60s
18:53:36 Saving config file
18:53:44 saveConfig: saving-data
18:53:44 Saving sacks file
18:54:10 saveConfig: saving-data
18:54:10 Saving sacks file
18:54:25 saveConfig: saving-data
18:54:25 Saving sacks file
18:54:36 saveConfig: saving-data
18:54:36 Saving sacks file
18:54:36 saveConfig: auto-save-60s
18:54:36 Saving config file
18:55:00 saveConfig: saving-data
18:55:00 Saving sacks file
18:55:14 saveConfig: saving-data
18:55:14 Saving sacks file
18:55:33 saveConfig: saving-data
18:55:33 Saving sacks file
18:55:36 saveConfig: auto-save-60s
18:55:36 Saving config file
18:55:51 saveConfig: saving-data
18:55:51 Saving sacks file
18:56:12 saveConfig: saving-data
18:56:12 Saving sacks file
18:56:36 saveConfig: auto-save-60s
18:56:36 Saving config file
18:56:53 saveConfig: saving-data
18:56:53 Saving sacks file
18:57:15 saveConfig: saving-data
18:57:15 Saving sacks file
18:57:31 saveConfig: saving-data
18:57:31 Saving sacks file
18:57:36 saveConfig: auto-save-60s
18:57:36 Saving config file
18:57:48 saveConfig: saving-data
18:57:48 Saving sacks file
18:58:10 saveConfig: saving-data
18:58:10 Saving sacks file
18:58:26 saveConfig: saving-data
18:58:26 Saving sacks file
18:58:36 saveConfig: auto-save-60s
18:58:36 Saving config file
18:58:37 saveConfig: saving-data
18:58:37 Saving sacks file
18:58:46 saveConfig: saving-data
18:58:46 Saving sacks file
18:59:08 saveConfig: saving-data
18:59:08 Saving sacks file
18:59:26 saveConfig: saving-data
18:59:26 Saving sacks file
18:59:36 saveConfig: auto-save-60s
18:59:36 Saving config file
18:59:42 saveConfig: saving-data
18:59:42 Saving sacks file
19:00:08 saveConfig: saving-data
19:00:08 Saving sacks file
19:00:31 saveConfig: saving-data
19:00:31 Saving sacks file
19:00:36 saveConfig: auto-save-60s
19:00:36 Saving config file
19:00:45 saveConfig: saving-data
19:00:45 Saving sacks file
19:01:08 saveConfig: saving-data
19:01:08 Saving sacks file
19:01:33 saveConfig: saving-data
19:01:33 Saving sacks file
19:01:36 saveConfig: auto-save-60s
19:01:36 Saving config file
19:02:33 saveConfig: saving-data
19:02:33 Saving sacks file
19:02:36 saveConfig: auto-save-60s
19:02:36 Saving config file
19:02:53 saveConfig: saving-data
19:02:53 Saving sacks file
19:03:08 saveConfig: saving-data
19:03:08 Saving sacks file
19:03:36 saveConfig: auto-save-60s
19:03:36 Saving config file
19:03:43 saveConfig: saving-data
19:03:43 Saving sacks file
19:04:06 saveConfig: saving-data
19:04:06 Saving sacks file
19:04:36 saveConfig: auto-save-60s
19:04:36 Saving config file
19:04:51 saveConfig: saving-data
19:04:51 Saving sacks file
19:05:36 saveConfig: auto-save-60s
19:05:36 Saving config file
19:06:36 saveConfig: auto-save-60s
19:06:36 Saving config file
19:07:36 saveConfig: auto-save-60s
19:07:36 Saving config file
19:08:36 saveConfig: auto-save-60s
19:08:36 Saving config file
19:09:36 saveConfig: auto-save-60s
19:09:36 Saving config file
19:10:36 saveConfig: auto-save-60s
19:10:36 Saving config file
19:11:36 saveConfig: auto-save-60s
19:11:36 Saving config file
19:12:36 saveConfig: auto-save-60s
19:12:36 Saving config file
19:13:36 saveConfig: auto-save-60s
19:13:36 Saving config file
19:14:36 saveConfig: auto-save-60s
19:14:36 Saving config file
19:15:36 saveConfig: auto-save-60s
19:15:36 Saving config file
19:16:36 saveConfig: auto-save-60s
19:16:36 Saving config file
19:17:36 saveConfig: auto-save-60s
19:17:36 Saving config file
19:18:36 saveConfig: auto-save-60s
19:18:36 Saving config file
19:19:36 saveConfig: auto-save-60s
19:19:36 Saving config file
19:20:36 saveConfig: auto-save-60s
19:20:36 Saving config file
19:21:36 saveConfig: auto-save-60s
19:21:36 Saving config file
19:22:36 saveConfig: auto-save-60s
19:22:36 Saving config file
19:23:36 saveConfig: auto-save-60s
19:23:36 Saving config file
19:24:36 saveConfig: auto-save-60s
19:24:36 Saving config file
19:25:36 saveConfig: auto-save-60s
19:25:36 Saving config file
19:26:36 saveConfig: auto-save-60s
19:26:36 Saving config file
19:27:36 saveConfig: auto-save-60s
19:27:36 Saving config file
19:28:36 saveConfig: auto-save-60s
19:28:36 Saving config file
19:29:36 saveConfig: auto-save-60s
19:29:36 Saving config file
19:30:36 saveConfig: auto-save-60s
19:30:36 Saving config file
19:31:36 saveConfig: auto-save-60s
19:31:36 Saving config file
19:32:36 saveConfig: auto-save-60s
19:32:36 Saving config file
19:33:36 saveConfig: auto-save-60s
19:33:36 Saving config file
19:34:36 saveConfig: auto-save-60s
19:34:36 Saving config file
19:35:36 saveConfig: auto-save-60s
19:35:36 Saving config file
19:36:36 saveConfig: auto-save-60s
19:36:36 Saving config file
19:37:36 saveConfig: auto-save-60s
19:37:36 Saving config file
19:38:36 saveConfig: auto-save-60s
19:38:36 Saving config file
19:39:36 saveConfig: auto-save-60s
19:39:36 Saving config file
19:40:36 saveConfig: auto-save-60s
19:40:36 Saving config file
19:41:36 saveConfig: auto-save-60s
19:41:36 Saving config file
19:42:36 saveConfig: auto-save-60s
19:42:36 Saving config file
19:43:36 saveConfig: auto-save-60s
19:43:36 Saving config file
19:44:36 saveConfig: auto-save-60s
19:44:36 Saving config file
19:45:36 saveConfig: auto-save-60s
19:45:36 Saving config file
19:46:36 saveConfig: auto-save-60s
19:46:36 Saving config file
19:47:36 saveConfig: auto-save-60s
19:47:36 Saving config file
19:48:36 saveConfig: auto-save-60s
19:48:36 Saving config file
19:49:36 saveConfig: auto-save-60s
19:49:36 Saving config file
19:50:36 saveConfig: auto-save-60s
19:50:36 Saving config file
19:51:36 saveConfig: auto-save-60s
19:51:36 Saving config file
19:52:36 saveConfig: auto-save-60s
19:52:36 Saving config file
19:53:36 saveConfig: auto-save-60s
19:53:36 Saving config file
19:54:36 saveConfig: auto-save-60s
19:54:36 Saving config file
19:55:36 saveConfig: auto-save-60s
19:55:36 Saving config file
19:56:36 saveConfig: auto-save-60s
19:56:36 Saving config file
19:57:36 saveConfig: auto-save-60s
19:57:36 Saving config file
19:58:36 saveConfig: auto-save-60s
19:58:36 Saving config file
19:59:36 saveConfig: auto-save-60s
19:59:36 Saving config file
20:00:36 saveConfig: auto-save-60s
20:00:36 Saving config file
20:01:36 saveConfig: auto-save-60s
20:01:36 Saving config file
20:02:36 saveConfig: auto-save-60s
20:02:36 Saving config file
20:03:36 saveConfig: auto-save-60s
20:03:36 Saving config file
20:04:36 saveConfig: auto-save-60s
20:04:36 Saving config file
20:05:36 saveConfig: auto-save-60s
20:05:36 Saving config file
20:06:36 saveConfig: auto-save-60s
20:06:36 Saving config file
20:07:36 saveConfig: auto-save-60s
20:07:36 Saving config file
20:08:36 saveConfig: auto-save-60s
20:08:36 Saving config file
20:09:36 saveConfig: auto-save-60s
20:09:36 Saving config file
20:10:36 saveConfig: auto-save-60s
20:10:36 Saving config file
20:11:36 saveConfig: auto-save-60s
20:11:36 Saving config file
20:12:36 saveConfig: auto-save-60s
20:12:36 Saving config file
20:13:36 saveConfig: auto-save-60s
20:13:36 Saving config file
20:14:36 saveConfig: auto-save-60s
20:14:36 Saving config file
20:15:36 saveConfig: auto-save-60s
20:15:36 Saving config file
20:16:36 saveConfig: auto-save-60s
20:16:36 Saving config file
20:16:37 saveConfig: saving-data
20:16:37 Saving sacks file
20:16:57 saveConfig: saving-data
20:16:57 Saving sacks file
20:17:10 saveConfig: saving-data
20:17:10 Saving sacks file
20:17:32 saveConfig: saving-data
20:17:32 Saving sacks file
20:17:36 saveConfig: auto-save-60s
20:17:36 Saving config file
20:17:45 saveConfig: saving-data
20:17:45 Saving sacks file
20:17:58 saveConfig: saving-data
20:17:58 Saving sacks file
20:18:14 saveConfig: saving-data
20:18:14 Saving sacks file
20:18:25 saveConfig: saving-data
20:18:25 Saving sacks file
20:18:36 saveConfig: auto-save-60s
20:18:36 Saving config file
20:18:40 saveConfig: saving-data
20:18:40 Saving sacks file
20:19:36 saveConfig: auto-save-60s
20:19:36 Saving config file
20:19:41 saveConfig: saving-data
20:19:41 Saving sacks file
20:20:03 saveConfig: saving-data
20:20:03 Saving sacks file
20:20:36 saveConfig: auto-save-60s
20:20:36 Saving config file
20:20:46 saveConfig: saving-data
20:20:46 Saving sacks file
20:21:03 saveConfig: saving-data
20:21:03 Saving sacks file
20:21:22 saveConfig: saving-data
20:21:22 Saving sacks file
20:21:36 saveConfig: auto-save-60s
20:21:36 Saving config file
20:22:36 saveConfig: auto-save-60s
20:22:36 Saving config file
20:22:44 saveConfig: saving-data
20:22:44 Saving sacks file
20:23:06 saveConfig: saving-data
20:23:06 Saving sacks file
20:23:27 saveConfig: saving-data
20:23:27 Saving sacks file
20:23:36 saveConfig: auto-save-60s
20:23:36 Saving config file
20:23:57 saveConfig: saving-data
20:23:57 Saving sacks file
20:24:04 saveConfig: saving-data
20:24:04 Saving sacks file
20:24:17 saveConfig: saving-data
20:24:17 Saving sacks file
20:24:36 saveConfig: auto-save-60s
20:24:36 Saving config file
20:24:56 saveConfig: saving-data
20:24:56 Saving sacks file
20:25:03 saveConfig: saving-data
20:25:03 Saving sacks file
20:25:36 saveConfig: auto-save-60s
20:25:36 Saving config file
20:26:36 saveConfig: auto-save-60s
20:26:36 Saving config file
20:27:36 saveConfig: auto-save-60s
20:27:36 Saving config file
20:28:36 saveConfig: auto-save-60s
20:28:36 Saving config file
20:28:37 saveConfig: saving-data
20:28:37 Saving sacks file
20:28:48 saveConfig: saving-data
20:28:48 Saving sacks file
20:28:57 saveConfig: saving-data
20:28:57 Saving sacks file
20:29:15 saveConfig: saving-data
20:29:15 Saving sacks file
20:29:27 saveConfig: saving-data
20:29:27 Saving sacks file
20:29:36 saveConfig: auto-save-60s
20:29:36 Saving config file
20:30:36 saveConfig: auto-save-60s
20:30:36 Saving config file
20:31:36 saveConfig: auto-save-60s
20:31:36 Saving config file
20:32:36 saveConfig: auto-save-60s
20:32:36 Saving config file
20:33:36 saveConfig: auto-save-60s
20:33:36 Saving config file
20:34:36 saveConfig: auto-save-60s
20:34:36 Saving config file
20:35:36 saveConfig: auto-save-60s
20:35:36 Saving config file
20:36:36 saveConfig: auto-save-60s
20:36:36 Saving config file
20:37:36 saveConfig: auto-save-60s
20:37:36 Saving config file
20:38:36 saveConfig: auto-save-60s
20:38:36 Saving config file
20:39:36 saveConfig: auto-save-60s
20:39:36 Saving config file
20:40:36 saveConfig: auto-save-60s
20:40:36 Saving config file
20:41:36 saveConfig: auto-save-60s
20:41:36 Saving config file
20:42:36 saveConfig: auto-save-60s
20:42:36 Saving config file
20:43:36 saveConfig: auto-save-60s
20:43:36 Saving config file
20:44:36 saveConfig: auto-save-60s
20:44:36 Saving config file
20:45:36 saveConfig: auto-save-60s
20:45:36 Saving config file
20:46:36 saveConfig: auto-save-60s
20:46:36 Saving config file
20:47:36 saveConfig: auto-save-60s
20:47:36 Saving config file
20:48:36 saveConfig: auto-save-60s
20:48:36 Saving config file
20:49:36 saveConfig: auto-save-60s
20:49:36 Saving config file
20:50:36 saveConfig: auto-save-60s
20:50:36 Saving config file
20:51:36 saveConfig: auto-save-60s
20:51:36 Saving config file
20:52:36 saveConfig: auto-save-60s
20:52:36 Saving config file
20:53:36 saveConfig: auto-save-60s
20:53:36 Saving config file
20:54:36 saveConfig: auto-save-60s
20:54:36 Saving config file
20:55:36 saveConfig: auto-save-60s
20:55:36 Saving config file
20:56:36 saveConfig: auto-save-60s
20:56:36 Saving config file
20:57:36 saveConfig: auto-save-60s
20:57:36 Saving config file
20:58:36 saveConfig: auto-save-60s
20:58:36 Saving config file
20:59:36 saveConfig: auto-save-60s
20:59:36 Saving config file
21:00:36 saveConfig: auto-save-60s
21:00:36 Saving config file
21:01:36 saveConfig: auto-save-60s
21:01:36 Saving config file
21:02:36 saveConfig: auto-save-60s
21:02:36 Saving config file
21:03:36 saveConfig: auto-save-60s
21:03:36 Saving config file
21:04:36 saveConfig: auto-save-60s
21:04:36 Saving config file
21:05:36 saveConfig: auto-save-60s
21:05:36 Saving config file
21:06:36 saveConfig: auto-save-60s
21:06:36 Saving config file
21:07:36 saveConfig: auto-save-60s
21:07:36 Saving config file
21:08:36 saveConfig: auto-save-60s
21:08:36 Saving config file
21:09:36 saveConfig: auto-save-60s
21:09:36 Saving config file
21:10:36 saveConfig: auto-save-60s
21:10:36 Saving config file
21:11:36 saveConfig: auto-save-60s
21:11:36 Saving config file
21:12:36 saveConfig: auto-save-60s
21:12:36 Saving config file
21:13:36 saveConfig: auto-save-60s
21:13:36 Saving config file
21:14:36 saveConfig: auto-save-60s
21:14:36 Saving config file
21:15:36 saveConfig: auto-save-60s
21:15:36 Saving config file
21:16:36 saveConfig: auto-save-60s
21:16:36 Saving config file
21:17:36 saveConfig: auto-save-60s
21:17:36 Saving config file
21:18:15 saveConfig: saving-data
21:18:15 Saving sacks file
21:18:24 saveConfig: saving-data
21:18:24 Saving sacks file
21:18:36 saveConfig: auto-save-60s
21:18:36 Saving config file
21:18:39 saveConfig: saving-data
21:18:39 Saving sacks file
21:19:12 saveConfig: saving-data
21:19:12 Saving sacks file
21:19:25 saveConfig: saving-data
21:19:25 Saving sacks file
21:19:36 saveConfig: auto-save-60s
21:19:36 Saving config file
21:19:41 saveConfig: saving-data
21:19:41 Saving sacks file
21:20:12 saveConfig: saving-data
21:20:12 Saving sacks file
21:20:36 saveConfig: auto-save-60s
21:20:36 Saving config file
21:20:47 saveConfig: saving-data
21:20:47 Saving sacks file
21:21:36 saveConfig: auto-save-60s
21:21:36 Saving config file
21:22:36 saveConfig: auto-save-60s
21:22:36 Saving config file
21:23:36 saveConfig: auto-save-60s
21:23:36 Saving config file
21:24:36 saveConfig: auto-save-60s
21:24:36 Saving config file
21:25:36 saveConfig: auto-save-60s
21:25:36 Saving config file
21:26:36 saveConfig: auto-save-60s
21:26:36 Saving config file
21:27:36 saveConfig: auto-save-60s
21:27:36 Saving config file
21:28:36 saveConfig: auto-save-60s
21:28:36 Saving config file
21:29:04 saveConfig: saving-data
21:29:04 Saving sacks file
21:29:36 saveConfig: auto-save-60s
21:29:36 Saving config file
21:29:55 saveConfig: saving-data
21:29:55 Saving sacks file
21:30:02 saveConfig: saving-data
21:30:02 Saving sacks file
21:30:36 saveConfig: auto-save-60s
21:30:36 Saving config file
21:31:36 saveConfig: auto-save-60s
21:31:36 Saving config file
21:31:50 saveConfig: saving-data
21:31:50 Saving sacks file
21:31:58 saveConfig: saving-data
21:31:58 Saving sacks file
21:32:36 saveConfig: auto-save-60s
21:32:36 Saving config file
21:33:36 saveConfig: auto-save-60s
21:33:36 Saving config file
21:34:36 saveConfig: auto-save-60s
21:34:36 Saving config file
21:35:34 saveConfig: saving-data
21:35:34 Saving sacks file
21:35:36 saveConfig: auto-save-60s
21:35:36 Saving config file
21:36:36 saveConfig: auto-save-60s
21:36:36 Saving config file
21:37:02 saveConfig: saving-data
21:37:02 Saving sacks file
21:37:36 saveConfig: auto-save-60s
21:37:36 Saving config file
21:37:43 saveConfig: saving-data
21:37:43 Saving sacks file
21:37:52 saveConfig: saving-data
21:37:52 Saving sacks file
21:38:05 saveConfig: saving-data
21:38:05 Saving sacks file
21:38:21 saveConfig: saving-data
21:38:21 Saving sacks file
21:38:36 saveConfig: saving-data
21:38:36 Saving sacks file
21:38:36 saveConfig: auto-save-60s
21:38:36 Saving config file
21:38:51 saveConfig: saving-data
21:38:51 Saving sacks file
21:39:10 saveConfig: saving-data
21:39:10 Saving sacks file
21:39:36 saveConfig: auto-save-60s
21:39:36 Saving config file
21:39:39 saveConfig: saving-data
21:39:39 Saving sacks file
21:40:36 saveConfig: auto-save-60s
21:40:36 Saving config file
21:41:12 saveConfig: saving-data
21:41:12 Saving sacks file
21:41:29 saveConfig: saving-data
21:41:29 Saving sacks file
21:41:36 saveConfig: auto-save-60s
21:41:36 Saving config file
21:42:36 saveConfig: auto-save-60s
21:42:36 Saving config file
21:42:48 saveConfig: saving-data
21:42:48 Saving sacks file
21:43:30 saveConfig: saving-data
21:43:30 Saving sacks file
21:43:36 saveConfig: auto-save-60s
21:43:36 Saving config file
21:44:32 saveConfig: saving-data
21:44:32 Saving sacks file
21:44:36 saveConfig: auto-save-60s
21:44:36 Saving config file
21:44:39 saveConfig: saving-data
21:44:39 Saving sacks file
21:45:05 saveConfig: saving-data
21:45:05 Saving sacks file
21:45:26 saveConfig: saving-data
21:45:26 Saving sacks file
21:45:36 saveConfig: auto-save-60s
21:45:36 Saving config file
21:46:16 saveConfig: saving-data
21:46:16 Saving sacks file
21:46:36 saveConfig: auto-save-60s
21:46:36 Saving config file
21:46:54 saveConfig: saving-data
21:46:54 Saving sacks file
21:47:36 saveConfig: auto-save-60s
21:47:36 Saving config file
21:47:50 saveConfig: saving-data
21:47:50 Saving sacks file
21:48:31 saveConfig: saving-data
21:48:31 Saving sacks file
21:48:36 saveConfig: auto-save-60s
21:48:36 Saving config file
21:48:50 saveConfig: saving-data
21:48:50 Saving sacks file
21:49:13 saveConfig: saving-data
21:49:13 Saving sacks file
21:49:36 saveConfig: auto-save-60s
21:49:36 Saving config file
21:49:44 saveConfig: saving-data
21:49:44 Saving sacks file
21:49:50 saveConfig: saving-data
21:49:50 Saving sacks file
21:50:22 saveConfig: saving-data
21:50:22 Saving sacks file
21:50:32 saveConfig: saving-data
21:50:32 Saving sacks file
21:50:36 saveConfig: auto-save-60s
21:50:36 Saving config file
21:51:01 saveConfig: saving-data
21:51:01 Saving sacks file
21:51:08 saveConfig: saving-data
21:51:08 Saving sacks file
21:51:24 saveConfig: saving-data
21:51:24 Saving sacks file
21:51:36 saveConfig: auto-save-60s
21:51:36 Saving config file
21:51:51 saveConfig: saving-data
21:51:51 Saving sacks file
21:52:36 saveConfig: auto-save-60s
21:52:36 Saving config file
21:53:23 saveConfig: saving-data
21:53:23 Saving sacks file
21:53:36 saveConfig: auto-save-60s
21:53:36 Saving config file
21:53:45 saveConfig: saving-data
21:53:45 Saving sacks file
21:54:14 saveConfig: saving-data
21:54:14 Saving sacks file
21:54:36 saveConfig: auto-save-60s
21:54:36 Saving config file
21:54:37 saveConfig: saving-data
21:54:37 Saving sacks file
21:54:53 saveConfig: saving-data
21:54:53 Saving sacks file
21:55:14 saveConfig: saving-data
21:55:14 Saving sacks file
21:55:29 saveConfig: close-gui
21:55:29 Saving config file
21:55:29 saveConfig: close-gui
21:55:29 Saving config file
21:55:36 saveConfig: auto-save-60s
21:55:36 Saving config file
21:55:42 saveConfig: saving-data
21:55:42 Saving sacks file
21:55:42 saveConfig: close-gui
21:55:42 Saving config file
21:56:14 saveConfig: saving-data
21:56:14 Saving sacks file
21:56:36 saveConfig: auto-save-60s
21:56:36 Saving config file
21:56:47 saveConfig: saving-data
21:56:47 Saving sacks file
21:56:53 saveConfig: saving-data
21:56:53 Saving sacks file
21:57:01 saveConfig: saving-data
21:57:01 Saving sacks file
21:57:17 saveConfig: saving-data
21:57:17 Saving sacks file
21:57:30 saveConfig: saving-data
21:57:30 Saving sacks file
21:57:36 saveConfig: auto-save-60s
21:57:36 Saving config file
21:58:08 saveConfig: saving-data
21:58:08 Saving sacks file
21:58:32 saveConfig: saving-data
21:58:32 Saving sacks file
21:58:36 saveConfig: auto-save-60s
21:58:36 Saving config file
21:59:09 saveConfig: saving-data
21:59:09 Saving sacks file
21:59:21 saveConfig: saving-data
21:59:21 Saving sacks file
21:59:36 saveConfig: auto-save-60s
21:59:36 Saving config file
21:59:42 saveConfig: saving-data
21:59:42 Saving sacks file
22:00:04 saveConfig: saving-data
22:00:04 Saving sacks file
22:00:15 saveConfig: saving-data
22:00:15 Saving sacks file
22:00:26 saveConfig: saving-data
22:00:26 Saving sacks file
22:00:33 saveConfig: saving-data
22:00:33 Saving sacks file
22:00:36 saveConfig: auto-save-60s
22:00:36 Saving config file
22:00:40 saveConfig: saving-data
22:00:40 Saving sacks file
22:00:58 saveConfig: saving-data
22:00:58 Saving sacks file
22:01:07 saveConfig: saving-data
22:01:07 Saving sacks file
22:01:18 saveConfig: saving-data
22:01:18 Saving sacks file
22:01:36 saveConfig: auto-save-60s
22:01:36 Saving config file
22:01:44 saveConfig: saving-data
22:01:44 Saving sacks file
22:02:05 saveConfig: saving-data
22:02:05 Saving sacks file
22:02:19 saveConfig: saving-data
22:02:19 Saving sacks file
22:02:36 saveConfig: auto-save-60s
22:02:36 Saving config file
22:02:52 saveConfig: saving-data
22:02:52 Saving sacks file
22:03:01 saveConfig: saving-data
22:03:01 Saving sacks file
22:03:28 saveConfig: saving-data
22:03:28 Saving sacks file
22:03:34 saveConfig: saving-data
22:03:34 Saving sacks file
22:03:36 saveConfig: auto-save-60s
22:03:36 Saving config file
22:03:42 saveConfig: saving-data
22:03:42 Saving sacks file
22:04:36 saveConfig: auto-save-60s
22:04:36 Saving config file
22:04:48 saveConfig: saving-data
22:04:48 Saving sacks file
22:05:20 saveConfig: saving-data
22:05:20 Saving sacks file
22:05:34 saveConfig: saving-data
22:05:34 Saving sacks file
22:05:36 saveConfig: auto-save-60s
22:05:36 Saving config file
22:05:51 saveConfig: saving-data
22:05:51 Saving sacks file
22:06:10 saveConfig: saving-data
22:06:10 Saving sacks file
22:06:22 saveConfig: saving-data
22:06:22 Saving sacks file
22:06:36 saveConfig: auto-save-60s
22:06:36 Saving config file
22:06:42 saveConfig: saving-data
22:06:42 Saving sacks file
22:07:16 saveConfig: saving-data
22:07:16 Saving sacks file
22:07:28 saveConfig: saving-data
22:07:28 Saving sacks file
22:07:36 saveConfig: auto-save-60s
22:07:36 Saving config file
22:08:01 saveConfig: saving-data
22:08:01 Saving sacks file
22:08:15 saveConfig: saving-data
22:08:15 Saving sacks file
22:08:34 saveConfig: saving-data
22:08:34 Saving sacks file
22:08:36 saveConfig: auto-save-60s
22:08:36 Saving config file
22:08:48 saveConfig: saving-data
22:08:48 Saving sacks file
22:09:01 saveConfig: saving-data
22:09:01 Saving sacks file
22:09:08 saveConfig: saving-data
22:09:08 Saving sacks file
22:09:17 saveConfig: saving-data
22:09:17 Saving sacks file
22:09:36 saveConfig: auto-save-60s
22:09:36 Saving config file
22:09:47 saveConfig: saving-data
22:09:47 Saving sacks file
22:09:55 saveConfig: saving-data
22:09:55 Saving sacks file
22:10:36 saveConfig: auto-save-60s
22:10:36 Saving config file
22:11:36 saveConfig: auto-save-60s
22:11:36 Saving config file
22:11:36 saveConfig: saving-data
22:11:36 Saving sacks file
22:12:30 saveConfig: saving-data
22:12:30 Saving sacks file
22:12:36 saveConfig: auto-save-60s
22:12:36 Saving config file
22:12:40 saveConfig: saving-data
22:12:40 Saving sacks file
22:12:56 saveConfig: saving-data
22:12:56 Saving sacks file
22:13:36 saveConfig: auto-save-60s
22:13:36 Saving config file
22:14:15 saveConfig: saving-data
22:14:15 Saving sacks file
22:14:22 saveConfig: saving-data
22:14:22 Saving sacks file
22:14:36 saveConfig: auto-save-60s
22:14:36 Saving config file
22:14:39 saveConfig: saving-data
22:14:39 Saving sacks file
22:15:10 saveConfig: saving-data
22:15:10 Saving sacks file
22:15:36 saveConfig: auto-save-60s
22:15:36 Saving config file
22:16:29 saveConfig: saving-data
22:16:29 Saving sacks file
22:16:36 saveConfig: auto-save-60s
22:16:36 Saving config file
22:16:47 saveConfig: saving-data
22:16:47 Saving sacks file
22:17:17 saveConfig: saving-data
22:17:17 Saving sacks file
22:17:36 saveConfig: auto-save-60s
22:17:36 Saving config file
22:17:46 saveConfig: saving-data
22:17:46 Saving sacks file
22:18:36 saveConfig: saving-data
22:18:36 Saving sacks file
22:18:36 saveConfig: auto-save-60s
22:18:36 Saving config file
22:19:08 saveConfig: saving-data
22:19:08 Saving sacks file
22:19:32 saveConfig: saving-data
22:19:32 Saving sacks file
22:19:36 saveConfig: auto-save-60s
22:19:36 Saving config file
22:20:11 saveConfig: saving-data
22:20:11 Saving sacks file
22:20:22 saveConfig: saving-data
22:20:22 Saving sacks file
22:20:30 saveConfig: saving-data
22:20:30 Saving sacks file
22:20:36 saveConfig: auto-save-60s
22:20:36 Saving config file
22:20:38 saveConfig: saving-data
22:20:38 Saving sacks file
22:20:56 saveConfig: saving-data
22:20:56 Saving sacks file
22:21:02 saveConfig: saving-data
22:21:02 Saving sacks file
22:21:34 saveConfig: saving-data
22:21:34 Saving sacks file
22:21:36 saveConfig: auto-save-60s
22:21:36 Saving config file
22:21:44 saveConfig: saving-data
22:21:44 Saving sacks file
22:22:08 saveConfig: saving-data
22:22:08 Saving sacks file
22:22:22 saveConfig: saving-data
22:22:22 Saving sacks file
22:22:36 saveConfig: auto-save-60s
22:22:36 Saving config file
22:22:43 saveConfig: saving-data
22:22:43 Saving sacks file
22:22:56 saveConfig: saving-data
22:22:56 Saving sacks file
22:23:36 saveConfig: auto-save-60s
22:23:36 Saving config file
22:23:42 saveConfig: saving-data
22:23:42 Saving sacks file
22:23:48 saveConfig: saving-data
22:23:48 Saving sacks file
22:24:03 saveConfig: saving-data
22:24:03 Saving sacks file
22:24:14 saveConfig: saving-data
22:24:14 Saving sacks file
22:24:21 saveConfig: saving-data
22:24:21 Saving sacks file
22:24:36 saveConfig: auto-save-60s
22:24:36 Saving config file
22:25:16 saveConfig: saving-data
22:25:16 Saving sacks file
22:25:26 saveConfig: saving-data
22:25:26 Saving sacks file
22:25:36 saveConfig: auto-save-60s
22:25:36 Saving config file
22:25:42 saveConfig: saving-data
22:25:42 Saving sacks file
22:26:15 saveConfig: saving-data
22:26:15 Saving sacks file
22:26:36 saveConfig: auto-save-60s
22:26:36 Saving config file
22:27:35 saveConfig: saving-data
22:27:35 Saving sacks file
22:27:36 saveConfig: auto-save-60s
22:27:36 Saving config file
22:27:45 saveConfig: saving-data
22:27:45 Saving sacks file
22:27:56 saveConfig: saving-data
22:27:56 Saving sacks file
22:28:27 saveConfig: saving-data
22:28:27 Saving sacks file
22:28:36 saveConfig: auto-save-60s
22:28:36 Saving config file
22:28:59 saveConfig: saving-data
22:28:59 Saving sacks file
22:29:07 saveConfig: saving-data
22:29:07 Saving sacks file
22:29:26 saveConfig: saving-data
22:29:26 Saving sacks file
22:29:36 saveConfig: auto-save-60s
22:29:36 Saving config file
22:30:00 saveConfig: saving-data
22:30:00 Saving sacks file
22:30:33 saveConfig: saving-data
22:30:33 Saving sacks file
22:30:36 saveConfig: auto-save-60s
22:30:36 Saving config file
22:30:59 saveConfig: saving-data
22:30:59 Saving sacks file
22:31:05 saveConfig: saving-data
22:31:05 Saving sacks file
22:31:27 saveConfig: saving-data
22:31:27 Saving sacks file
22:31:34 saveConfig: saving-data
22:31:34 Saving sacks file
22:31:36 saveConfig: auto-save-60s
22:31:36 Saving config file
22:31:54 saveConfig: saving-data
22:31:54 Saving sacks file
22:32:16 saveConfig: saving-data
22:32:16 Saving sacks file
22:32:26 saveConfig: saving-data
22:32:26 Saving sacks file
22:32:36 saveConfig: auto-save-60s
22:32:36 Saving config file
22:32:58 saveConfig: saving-data
22:32:58 Saving sacks file
22:33:13 saveConfig: saving-data
22:33:13 Saving sacks file
22:33:36 saveConfig: auto-save-60s
22:33:36 Saving config file
22:33:39 saveConfig: saving-data
22:33:39 Saving sacks file
22:34:22 saveConfig: saving-data
22:34:22 Saving sacks file
22:34:36 saveConfig: auto-save-60s
22:34:36 Saving config file
22:34:55 saveConfig: saving-data
22:34:55 Saving sacks file
22:35:29 saveConfig: saving-data
22:35:29 Saving sacks file
22:35:36 saveConfig: auto-save-60s
22:35:36 Saving config file
22:35:55 saveConfig: saving-data
22:35:55 Saving sacks file
22:36:14 saveConfig: saving-data
22:36:14 Saving sacks file
22:36:31 saveConfig: saving-data
22:36:31 Saving sacks file
22:36:36 saveConfig: auto-save-60s
22:36:36 Saving config file
22:37:17 saveConfig: saving-data
22:37:17 Saving sacks file
22:37:32 saveConfig: saving-data
22:37:32 Saving sacks file
22:37:36 saveConfig: auto-save-60s
22:37:36 Saving config file
22:37:42 saveConfig: saving-data
22:37:42 Saving sacks file
22:38:11 saveConfig: saving-data
22:38:11 Saving sacks file
22:38:21 saveConfig: saving-data
22:38:21 Saving sacks file
22:38:29 saveConfig: saving-data
22:38:29 Saving sacks file
22:38:36 saveConfig: auto-save-60s
22:38:36 Saving config file
22:38:56 saveConfig: saving-data
22:38:56 Saving sacks file
22:39:28 saveConfig: saving-data
22:39:28 Saving sacks file
22:39:36 saveConfig: auto-save-60s
22:39:36 Saving config file
22:40:02 saveConfig: saving-data
22:40:02 Saving sacks file
22:40:17 saveConfig: saving-data
22:40:17 Saving sacks file
22:40:36 saveConfig: auto-save-60s
22:40:36 Saving config file
22:40:41 saveConfig: saving-data
22:40:41 Saving sacks file
22:41:01 saveConfig: saving-data
22:41:01 Saving sacks file
22:41:07 saveConfig: saving-data
22:41:07 Saving sacks file
22:41:21 saveConfig: saving-data
22:41:21 Saving sacks file
22:41:36 saveConfig: auto-save-60s
22:41:36 Saving config file
22:41:50 saveConfig: saving-data
22:41:50 Saving sacks file
22:42:23 saveConfig: saving-data
22:42:23 Saving sacks file
22:42:36 saveConfig: auto-save-60s
22:42:36 Saving config file
22:42:40 saveConfig: saving-data
22:42:40 Saving sacks file
22:42:59 saveConfig: saving-data
22:42:59 Saving sacks file
22:43:36 saveConfig: auto-save-60s
22:43:36 Saving config file
22:43:42 saveConfig: saving-data
22:43:42 Saving sacks file
22:44:13 saveConfig: saving-data
22:44:13 Saving sacks file
22:44:36 saveConfig: auto-save-60s
22:44:36 Saving config file
22:44:38 saveConfig: saving-data
22:44:38 Saving sacks file
22:45:36 saveConfig: auto-save-60s
22:45:36 Saving config file
22:45:43 saveConfig: saving-data
22:45:43 Saving sacks file
22:45:56 saveConfig: saving-data
22:45:56 Saving sacks file
22:46:14 saveConfig: saving-data
22:46:14 Saving sacks file
22:46:21 saveConfig: saving-data
22:46:21 Saving sacks file
22:46:36 saveConfig: auto-save-60s
22:46:36 Saving config file
22:46:39 saveConfig: saving-data
22:46:39 Saving sacks file
22:46:54 saveConfig: saving-data
22:46:54 Saving sacks file
22:47:23 saveConfig: saving-data
22:47:23 Saving sacks file
22:47:36 saveConfig: auto-save-60s
22:47:36 Saving config file
22:47:52 saveConfig: saving-data
22:47:52 Saving sacks file
22:48:36 saveConfig: auto-save-60s
22:48:36 Saving config file
22:49:08 saveConfig: saving-data
22:49:08 Saving sacks file
22:49:36 saveConfig: auto-save-60s
22:49:36 Saving config file
22:49:44 saveConfig: saving-data
22:49:44 Saving sacks file
22:49:57 saveConfig: saving-data
22:49:57 Saving sacks file
22:50:10 saveConfig: saving-data
22:50:10 Saving sacks file
22:50:36 saveConfig: auto-save-60s
22:50:36 Saving config file
22:50:50 saveConfig: saving-data
22:50:50 Saving sacks file
22:51:06 saveConfig: saving-data
22:51:06 Saving sacks file
22:51:35 saveConfig: saving-data
22:51:35 Saving sacks file
22:51:36 saveConfig: auto-save-60s
22:51:36 Saving config file
22:51:52 saveConfig: saving-data
22:51:52 Saving sacks file
22:51:59 saveConfig: saving-data
22:51:59 Saving sacks file
22:52:19 saveConfig: saving-data
22:52:19 Saving sacks file
22:52:36 saveConfig: saving-data
22:52:36 Saving sacks file
22:52:36 saveConfig: auto-save-60s
22:52:36 Saving config file
22:53:06 saveConfig: saving-data
22:53:06 Saving sacks file
22:53:36 saveConfig: auto-save-60s
22:53:36 Saving config file
22:53:38 saveConfig: saving-data
22:53:38 Saving sacks file
22:54:06 saveConfig: saving-data
22:54:06 Saving sacks file
22:54:27 saveConfig: saving-data
22:54:27 Saving sacks file
22:54:36 saveConfig: auto-save-60s
22:54:36 Saving config file
22:54:39 saveConfig: saving-data
22:54:39 Saving sacks file
22:55:08 saveConfig: saving-data
22:55:08 Saving sacks file
22:55:16 saveConfig: saving-data
22:55:16 Saving sacks file
22:55:35 saveConfig: saving-data
22:55:35 Saving sacks file
22:55:36 saveConfig: auto-save-60s
22:55:36 Saving config file
22:56:03 saveConfig: saving-data
22:56:03 Saving sacks file
22:56:13 saveConfig: saving-data
22:56:13 Saving sacks file
22:56:31 saveConfig: saving-data
22:56:31 Saving sacks file
22:56:36 saveConfig: auto-save-60s
22:56:36 Saving config file
22:56:41 saveConfig: saving-data
22:56:41 Saving sacks file
22:56:57 saveConfig: saving-data
22:56:57 Saving sacks file
22:57:34 saveConfig: saving-data
22:57:34 Saving sacks file
22:57:36 saveConfig: auto-save-60s
22:57:36 Saving config file
22:57:56 saveConfig: saving-data
22:57:56 Saving sacks file
22:58:07 saveConfig: saving-data
22:58:07 Saving sacks file
22:58:24 saveConfig: saving-data
22:58:24 Saving sacks file
22:58:36 saveConfig: auto-save-60s
22:58:36 Saving config file
22:58:37 saveConfig: saving-data
22:58:37 Saving sacks file
22:59:24 saveConfig: saving-data
22:59:24 Saving sacks file
22:59:36 saveConfig: auto-save-60s
22:59:36 Saving config file
22:59:58 saveConfig: saving-data
22:59:58 Saving sacks file
23:00:17 saveConfig: saving-data
23:00:17 Saving sacks file
23:00:35 saveConfig: saving-data
23:00:35 Saving sacks file
23:00:36 saveConfig: auto-save-60s
23:00:36 Saving config file
23:01:03 saveConfig: saving-data
23:01:03 Saving sacks file
23:01:36 saveConfig: auto-save-60s
23:01:36 Saving config file
23:01:41 saveConfig: saving-data
23:01:41 Saving sacks file
23:02:14 saveConfig: saving-data
23:02:14 Saving sacks file
23:02:27 saveConfig: saving-data
23:02:27 Saving sacks file
23:02:36 saveConfig: auto-save-60s
23:02:36 Saving config file
23:02:43 saveConfig: saving-data
23:02:43 Saving sacks file
23:03:15 saveConfig: saving-data
23:03:15 Saving sacks file
23:03:23 saveConfig: saving-data
23:03:23 Saving sacks file
23:03:31 saveConfig: saving-data
23:03:31 Saving sacks file
23:03:36 saveConfig: auto-save-60s
23:03:36 Saving config file
23:04:18 saveConfig: saving-data
23:04:18 Saving sacks file
23:04:25 saveConfig: saving-data
23:04:25 Saving sacks file
23:04:36 saveConfig: auto-save-60s
23:04:36 Saving config file
23:05:36 saveConfig: auto-save-60s
23:05:36 Saving config file
23:06:36 saveConfig: auto-save-60s
23:06:36 Saving config file
23:07:16 saveConfig: saving-data
23:07:16 Saving sacks file
23:07:30 saveConfig: saving-data
23:07:30 Saving sacks file
23:07:36 saveConfig: auto-save-60s
23:07:36 Saving config file
23:08:36 saveConfig: auto-save-60s
23:08:36 Saving config file
23:08:52 saveConfig: saving-data
23:08:52 Saving sacks file
23:09:24 saveConfig: saving-data
23:09:24 Saving sacks file
23:09:30 saveConfig: saving-data
23:09:30 Saving sacks file
23:09:36 saveConfig: auto-save-60s
23:09:36 Saving config file
23:09:40 saveConfig: saving-data
23:09:40 Saving sacks file
23:09:47 saveConfig: saving-data
23:09:47 Saving sacks file
23:10:20 saveConfig: saving-data
23:10:20 Saving sacks file
23:10:35 saveConfig: saving-data
23:10:35 Saving sacks file
23:10:36 saveConfig: auto-save-60s
23:10:36 Saving config file
23:10:47 saveConfig: saving-data
23:10:47 Saving sacks file
23:10:59 saveConfig: saving-data
23:10:59 Saving sacks file
23:11:10 saveConfig: saving-data
23:11:10 Saving sacks file
23:11:17 saveConfig: saving-data
23:11:17 Saving sacks file
23:11:33 saveConfig: saving-data
23:11:33 Saving sacks file
23:11:36 saveConfig: auto-save-60s
23:11:36 Saving config file
23:12:04 saveConfig: saving-data
23:12:04 Saving sacks file
23:12:14 saveConfig: saving-data
23:12:14 Saving sacks file
23:12:29 saveConfig: saving-data
23:12:29 Saving sacks file
23:12:36 saveConfig: auto-save-60s
23:12:36 Saving config file
23:13:09 saveConfig: saving-data
23:13:09 Saving sacks file
23:13:15 saveConfig: saving-data
23:13:15 Saving sacks file
23:13:23 saveConfig: saving-data
23:13:23 Saving sacks file
23:13:36 saveConfig: auto-save-60s
23:13:36 Saving config file
23:13:39 saveConfig: saving-data
23:13:39 Saving sacks file
23:13:53 saveConfig: saving-data
23:13:53 Saving sacks file
23:14:03 saveConfig: saving-data
23:14:03 Saving sacks file
23:14:36 saveConfig: auto-save-60s
23:14:36 Saving config file
23:14:36 saveConfig: saving-data
23:14:36 Saving sacks file
23:14:50 saveConfig: saving-data
23:14:50 Saving sacks file
23:15:09 saveConfig: saving-data
23:15:09 Saving sacks file
23:15:36 saveConfig: auto-save-60s
23:15:36 Saving config file
23:15:47 saveConfig: saving-data
23:15:47 Saving sacks file
23:16:09 saveConfig: saving-data
23:16:09 Saving sacks file
23:16:31 saveConfig: saving-data
23:16:31 Saving sacks file
23:16:36 saveConfig: auto-save-60s
23:16:36 Saving config file
23:17:01 saveConfig: saving-data
23:17:01 Saving sacks file
23:17:30 saveConfig: saving-data
23:17:30 Saving sacks file
23:17:36 saveConfig: auto-save-60s
23:17:36 Saving config file
23:18:36 saveConfig: auto-save-60s
23:18:36 Saving config file
23:19:36 saveConfig: auto-save-60s
23:19:36 Saving config file
23:20:36 saveConfig: auto-save-60s
23:20:36 Saving config file
23:21:36 saveConfig: auto-save-60s
23:21:36 Saving config file
23:22:36 saveConfig: auto-save-60s
23:22:36 Saving config file
23:23:36 saveConfig: auto-save-60s
23:23:36 Saving config file
23:24:36 saveConfig: auto-save-60s
23:24:36 Saving config file
23:25:36 saveConfig: auto-save-60s
23:25:36 Saving config file
23:26:36 saveConfig: auto-save-60s
23:26:36 Saving config file
23:27:36 saveConfig: auto-save-60s
23:27:36 Saving config file
23:28:36 saveConfig: auto-save-60s
23:28:36 Saving config file
23:29:36 saveConfig: auto-save-60s
23:29:36 Saving config file
23:30:36 saveConfig: auto-save-60s
23:30:36 Saving config file
23:31:36 saveConfig: auto-save-60s
23:31:36 Saving config file
23:32:36 saveConfig: auto-save-60s
23:32:36 Saving config file
23:33:36 saveConfig: auto-save-60s
23:33:36 Saving config file
23:34:36 saveConfig: auto-save-60s
23:34:36 Saving config file
23:35:01 saveConfig: saving-data
23:35:01 Saving sacks file
23:35:32 saveConfig: saving-data
23:35:32 Saving sacks file
23:35:36 saveConfig: auto-save-60s
23:35:36 Saving config file
23:36:04 saveConfig: saving-data
23:36:04 Saving sacks file
23:36:35 saveConfig: saving-data
23:36:35 Saving sacks file
23:36:36 saveConfig: auto-save-60s
23:36:36 Saving config file
23:37:07 saveConfig: saving-data
23:37:07 Saving sacks file
23:37:36 saveConfig: auto-save-60s
23:37:36 Saving config file
23:37:38 saveConfig: saving-data
23:37:38 Saving sacks file
23:37:59 saveConfig: saving-data
23:37:59 Saving sacks file
23:38:36 saveConfig: auto-save-60s
23:38:36 Saving config file
23:39:36 saveConfig: auto-save-60s
23:39:36 Saving config file
23:40:36 saveConfig: auto-save-60s
23:40:36 Saving config file
23:41:19 saveConfig: saving-data
23:41:19 Saving sacks file
23:41:32 saveConfig: saving-data
23:41:32 Saving sacks file
23:41:36 saveConfig: auto-save-60s
23:41:36 Saving config file
23:42:36 saveConfig: auto-save-60s
23:42:36 Saving config file
23:43:09 saveConfig: saving-data
23:43:09 Saving sacks file
23:43:36 saveConfig: auto-save-60s
23:43:36 Saving config file
23:43:40 saveConfig: saving-data
23:43:40 Saving sacks file
23:44:12 saveConfig: saving-data
23:44:12 Saving sacks file
23:44:36 saveConfig: auto-save-60s
23:44:36 Saving config file
23:44:44 saveConfig: saving-data
23:44:44 Saving sacks file
23:45:15 saveConfig: saving-data
23:45:15 Saving sacks file
23:45:36 saveConfig: auto-save-60s
23:45:36 Saving config file
23:45:47 saveConfig: saving-data
23:45:47 Saving sacks file
23:46:18 saveConfig: saving-data
23:46:18 Saving sacks file
23:46:36 saveConfig: auto-save-60s
23:46:36 Saving config file
23:46:49 saveConfig: saving-data
23:46:49 Saving sacks file
23:47:15 saveConfig: saving-data
23:47:15 Saving sacks file
23:47:36 saveConfig: auto-save-60s
23:47:36 Saving config file
23:47:47 saveConfig: saving-data
23:47:47 Saving sacks file
23:48:19 saveConfig: saving-data
23:48:19 Saving sacks file
23:48:36 saveConfig: auto-save-60s
23:48:36 Saving config file
23:48:50 saveConfig: saving-data
23:48:50 Saving sacks file
23:49:13 saveConfig: saving-data
23:49:13 Saving sacks file
23:49:32 saveConfig: saving-data
23:49:32 Saving sacks file
23:49:36 saveConfig: auto-save-60s
23:49:36 Saving config file
23:50:36 saveConfig: auto-save-60s
23:50:36 Saving config file
23:51:22 saveConfig: saving-data
23:51:22 Saving sacks file
23:51:36 saveConfig: auto-save-60s
23:51:36 Saving config file
23:52:12 saveConfig: saving-data
23:52:12 Saving sacks file
23:52:24 saveConfig: saving-data
23:52:24 Saving sacks file
23:52:36 saveConfig: auto-save-60s
23:52:36 Saving config file
23:52:59 saveConfig: saving-data
23:52:59 Saving sacks file
23:53:31 saveConfig: saving-data
23:53:31 Saving sacks file
23:53:36 saveConfig: auto-save-60s
23:53:36 Saving config file
23:54:03 saveConfig: saving-data
23:54:03 Saving sacks file
23:54:34 saveConfig: saving-data
23:54:34 Saving sacks file
23:54:36 saveConfig: auto-save-60s
23:54:36 Saving config file
23:55:07 saveConfig: saving-data
23:55:07 Saving sacks file
23:55:36 saveConfig: auto-save-60s
23:55:36 Saving config file
23:55:40 saveConfig: saving-data
23:55:40 Saving sacks file
23:56:10 saveConfig: saving-data
23:56:10 Saving sacks file
23:56:36 saveConfig: auto-save-60s
23:56:36 Saving config file
23:56:41 saveConfig: saving-data
23:56:41 Saving sacks file
23:56:49 saveConfig: saving-data
23:56:49 Saving sacks file
23:57:36 saveConfig: saving-data
23:57:36 Saving sacks file
23:57:36 saveConfig: auto-save-60s
23:57:36 Saving config file
23:58:04 saveConfig: saving-data
23:58:04 Saving sacks file
23:58:36 saveConfig: auto-save-60s
23:58:36 Saving config file
23:58:41 saveConfig: saving-data
23:58:41 Saving sacks file
23:59:13 saveConfig: saving-data
23:59:13 Saving sacks file
23:59:36 saveConfig: auto-save-60s
23:59:36 Saving config file
23:59:44 saveConfig: saving-data
23:59:44 Saving sacks file
00:00:15 saveConfig: saving-data
00:00:15 Saving sacks file
00:00:36 saveConfig: auto-save-60s
00:00:36 Saving config file
00:00:48 saveConfig: saving-data
00:00:48 Saving sacks file
00:01:19 saveConfig: saving-data
00:01:19 Saving sacks file
00:01:36 saveConfig: auto-save-60s
00:01:36 Saving config file
00:01:51 saveConfig: saving-data
00:01:51 Saving sacks file
00:02:36 saveConfig: saving-data
00:02:36 Saving sacks file
00:02:36 saveConfig: auto-save-60s
00:02:36 Saving config file
00:03:07 saveConfig: saving-data
00:03:07 Saving sacks file
00:03:36 saveConfig: auto-save-60s
00:03:36 Saving config file
00:03:38 saveConfig: saving-data
00:03:38 Saving sacks file
00:04:02 saveConfig: saving-data
00:04:02 Saving sacks file
00:04:36 saveConfig: auto-save-60s
00:04:36 Saving config file
00:04:39 saveConfig: saving-data
00:04:39 Saving sacks file
00:05:10 saveConfig: saving-data
00:05:10 Saving sacks file
00:05:36 saveConfig: auto-save-60s
00:05:36 Saving config file
00:05:40 saveConfig: saving-data
00:05:40 Saving sacks file
00:05:47 saveConfig: saving-data
00:05:47 Saving sacks file
00:06:36 saveConfig: auto-save-60s
00:06:36 Saving config file
00:07:36 saveConfig: auto-save-60s
00:07:36 Saving config file
00:08:26 saveConfig: saving-data
00:08:26 Saving sacks file
00:08:35 saveConfig: saving-data
00:08:35 Saving sacks file
00:08:36 saveConfig: auto-save-60s
00:08:36 Saving config file
00:08:42 saveConfig: saving-data
00:08:42 Saving sacks file
00:09:36 saveConfig: shutdown-hook
00:09:36 Saving config file
