11:42:16 Trying to load config from config\skyhanni\config.json
11:42:16 load-config-now
11:42:16 Loaded config from file
11:42:16 Trying to load sacks from config\skyhanni\sacks.json
11:42:16 load-sacks-now
11:42:16 Loaded sacks from file
11:42:16 Trying to load friends from config\skyhanni\friends.json
11:42:16 load-friends-now
11:42:16 Loaded friends from file
11:42:16 Trying to load known_features from config\skyhanni\known_features.json
11:42:16 load-known_features-now
11:42:16 Loaded known_features from file
11:42:16 Trying to load jacob_contests from config\skyhanni\jacob_contests.json
11:42:16 load-jacob_contests-now
11:42:16 Loaded jacob_contests from file
11:42:16 Trying to load visual_words from config\skyhanni\visual_words.json
11:42:16 Setting visual_words to be blank as it did not exist. It will be saved once something is written to it
11:43:16 saveConfig: auto-save-60s
11:43:16 Saving config file
11:44:16 saveConfig: auto-save-60s
11:44:16 Saving config file
11:45:16 saveConfig: auto-save-60s
11:45:16 Saving config file
11:46:16 saveConfig: auto-save-60s
11:46:16 Saving config file
11:47:16 saveConfig: auto-save-60s
11:47:16 Saving config file
11:48:16 saveConfig: auto-save-60s
11:48:16 Saving config file
11:49:16 saveConfig: auto-save-60s
11:49:16 Saving config file
11:50:16 saveConfig: auto-save-60s
11:50:16 Saving config file
11:51:15 saveConfig: Updated known feature flags
11:51:15 Saving known_features file
11:51:16 saveConfig: auto-save-60s
11:51:16 Saving config file
11:52:16 saveConfig: auto-save-60s
11:52:16 Saving config file
11:53:16 saveConfig: auto-save-60s
11:53:16 Saving config file
11:53:58 saveConfig: saving-data
11:53:58 Saving sacks file
11:54:16 saveConfig: auto-save-60s
11:54:16 Saving config file
11:55:16 saveConfig: auto-save-60s
11:55:16 Saving config file
11:56:16 saveConfig: auto-save-60s
11:56:16 Saving config file
11:57:16 saveConfig: auto-save-60s
11:57:16 Saving config file
11:58:16 saveConfig: auto-save-60s
11:58:16 Saving config file
11:59:16 saveConfig: auto-save-60s
11:59:16 Saving config file
12:00:16 saveConfig: auto-save-60s
12:00:16 Saving config file
12:01:16 saveConfig: auto-save-60s
12:01:16 Saving config file
12:02:16 saveConfig: auto-save-60s
12:02:16 Saving config file
12:03:16 saveConfig: auto-save-60s
12:03:16 Saving config file
12:04:16 saveConfig: auto-save-60s
12:04:16 Saving config file
12:05:16 saveConfig: auto-save-60s
12:05:16 Saving config file
12:06:16 saveConfig: auto-save-60s
12:06:16 Saving config file
12:07:16 saveConfig: auto-save-60s
12:07:16 Saving config file
12:08:16 saveConfig: auto-save-60s
12:08:16 Saving config file
12:09:16 saveConfig: auto-save-60s
12:09:16 Saving config file
12:10:16 saveConfig: auto-save-60s
12:10:16 Saving config file
12:10:33 saveConfig: saving-data
12:10:33 Saving sacks file
12:10:52 saveConfig: saving-data
12:10:52 Saving sacks file
12:11:02 saveConfig: saving-data
12:11:02 Saving sacks file
12:11:16 saveConfig: auto-save-60s
12:11:16 Saving config file
12:12:16 saveConfig: auto-save-60s
12:12:16 Saving config file
12:13:16 saveConfig: auto-save-60s
12:13:16 Saving config file
12:14:16 saveConfig: auto-save-60s
12:14:16 Saving config file
12:15:16 saveConfig: saving-data
12:15:16 Saving sacks file
12:15:16 saveConfig: auto-save-60s
12:15:16 Saving config file
12:15:51 saveConfig: saving-data
12:15:51 Saving sacks file
12:15:53 saveConfig: saving-data
12:15:53 Saving sacks file
12:16:00 saveConfig: saving-data
12:16:00 Saving sacks file
12:16:13 saveConfig: saving-data
12:16:13 Saving sacks file
12:16:14 saveConfig: saving-data
12:16:14 Saving sacks file
12:16:16 saveConfig: auto-save-60s
12:16:16 Saving config file
12:16:20 saveConfig: saving-data
12:16:20 Saving sacks file
12:17:03 saveConfig: saving-data
12:17:03 Saving sacks file
12:17:11 saveConfig: saving-data
12:17:11 Saving sacks file
12:17:16 saveConfig: auto-save-60s
12:17:16 Saving config file
12:18:16 saveConfig: auto-save-60s
12:18:16 Saving config file
12:19:16 saveConfig: auto-save-60s
12:19:16 Saving config file
12:20:16 saveConfig: auto-save-60s
12:20:16 Saving config file
12:21:16 saveConfig: auto-save-60s
12:21:16 Saving config file
12:22:01 saveConfig: saving-data
12:22:01 Saving sacks file
12:22:16 saveConfig: auto-save-60s
12:22:16 Saving config file
12:22:18 saveConfig: saving-data
12:22:18 Saving sacks file
12:22:25 saveConfig: saving-data
12:22:25 Saving sacks file
12:22:39 saveConfig: saving-data
12:22:39 Saving sacks file
12:22:53 saveConfig: saving-data
12:22:53 Saving sacks file
12:22:59 saveConfig: saving-data
12:22:59 Saving sacks file
12:23:10 saveConfig: saving-data
12:23:10 Saving sacks file
12:23:16 saveConfig: auto-save-60s
12:23:16 Saving config file
12:23:20 saveConfig: saving-data
12:23:20 Saving sacks file
12:23:31 saveConfig: saving-data
12:23:31 Saving sacks file
12:24:16 saveConfig: auto-save-60s
12:24:16 Saving config file
12:25:16 saveConfig: auto-save-60s
12:25:16 Saving config file
12:26:16 saveConfig: auto-save-60s
12:26:16 Saving config file
12:27:16 saveConfig: auto-save-60s
12:27:16 Saving config file
12:28:16 saveConfig: auto-save-60s
12:28:16 Saving config file
12:29:16 saveConfig: auto-save-60s
12:29:16 Saving config file
12:30:16 saveConfig: auto-save-60s
12:30:16 Saving config file
12:31:16 saveConfig: auto-save-60s
12:31:16 Saving config file
12:32:16 saveConfig: auto-save-60s
12:32:16 Saving config file
12:33:16 saveConfig: auto-save-60s
12:33:16 Saving config file
12:34:16 saveConfig: auto-save-60s
12:34:16 Saving config file
12:35:16 saveConfig: auto-save-60s
12:35:16 Saving config file
12:36:16 saveConfig: auto-save-60s
12:36:16 Saving config file
12:37:16 saveConfig: auto-save-60s
12:37:16 Saving config file
12:38:16 saveConfig: auto-save-60s
12:38:16 Saving config file
12:39:09 saveConfig: saving-data
12:39:09 Saving sacks file
12:39:16 saveConfig: auto-save-60s
12:39:16 Saving config file
12:40:16 saveConfig: auto-save-60s
12:40:16 Saving config file
12:41:16 saveConfig: auto-save-60s
12:41:16 Saving config file
12:42:16 saveConfig: auto-save-60s
12:42:16 Saving config file
12:42:48 saveConfig: saving-data
12:42:48 Saving sacks file
12:42:57 saveConfig: saving-data
12:42:57 Saving sacks file
12:42:58 saveConfig: saving-data
12:42:58 Saving sacks file
12:43:06 saveConfig: saving-data
12:43:06 Saving sacks file
12:43:12 saveConfig: saving-data
12:43:12 Saving sacks file
12:43:16 saveConfig: auto-save-60s
12:43:16 Saving config file
12:44:10 saveConfig: saving-data
12:44:10 Saving sacks file
12:44:16 saveConfig: auto-save-60s
12:44:16 Saving config file
12:44:30 saveConfig: saving-data
12:44:30 Saving sacks file
12:44:36 saveConfig: saving-data
12:44:36 Saving sacks file
12:44:58 saveConfig: saving-data
12:44:58 Saving sacks file
12:45:05 saveConfig: saving-data
12:45:05 Saving sacks file
12:45:14 saveConfig: saving-data
12:45:14 Saving sacks file
12:45:16 saveConfig: auto-save-60s
12:45:16 Saving config file
12:46:16 saveConfig: auto-save-60s
12:46:16 Saving config file
12:47:16 saveConfig: auto-save-60s
12:47:16 Saving config file
12:48:16 saveConfig: auto-save-60s
12:48:16 Saving config file
12:49:16 saveConfig: auto-save-60s
12:49:16 Saving config file
12:50:16 saveConfig: auto-save-60s
12:50:16 Saving config file
12:51:16 saveConfig: auto-save-60s
12:51:16 Saving config file
12:52:16 saveConfig: auto-save-60s
12:52:16 Saving config file
12:53:16 saveConfig: auto-save-60s
12:53:16 Saving config file
12:54:16 saveConfig: auto-save-60s
12:54:16 Saving config file
12:55:16 saveConfig: auto-save-60s
12:55:16 Saving config file
12:56:16 saveConfig: auto-save-60s
12:56:16 Saving config file
12:57:16 saveConfig: auto-save-60s
12:57:16 Saving config file
12:58:16 saveConfig: auto-save-60s
12:58:16 Saving config file
12:59:16 saveConfig: auto-save-60s
12:59:16 Saving config file
13:00:16 saveConfig: auto-save-60s
13:00:16 Saving config file
13:01:16 saveConfig: auto-save-60s
13:01:16 Saving config file
13:02:16 saveConfig: auto-save-60s
13:02:16 Saving config file
13:03:16 saveConfig: auto-save-60s
13:03:16 Saving config file
13:04:16 saveConfig: auto-save-60s
13:04:16 Saving config file
13:05:16 saveConfig: auto-save-60s
13:05:16 Saving config file
13:06:16 saveConfig: auto-save-60s
13:06:16 Saving config file
13:07:16 saveConfig: auto-save-60s
13:07:16 Saving config file
13:08:16 saveConfig: auto-save-60s
13:08:16 Saving config file
13:09:16 saveConfig: auto-save-60s
13:09:16 Saving config file
13:10:16 saveConfig: auto-save-60s
13:10:16 Saving config file
13:11:16 saveConfig: auto-save-60s
13:11:16 Saving config file
13:12:16 saveConfig: auto-save-60s
13:12:16 Saving config file
13:13:16 saveConfig: auto-save-60s
13:13:16 Saving config file
13:14:16 saveConfig: auto-save-60s
13:14:16 Saving config file
13:15:16 saveConfig: auto-save-60s
13:15:16 Saving config file
13:16:16 saveConfig: auto-save-60s
13:16:16 Saving config file
13:17:16 saveConfig: auto-save-60s
13:17:16 Saving config file
13:18:16 saveConfig: auto-save-60s
13:18:16 Saving config file
13:19:16 saveConfig: auto-save-60s
13:19:16 Saving config file
13:20:16 saveConfig: auto-save-60s
13:20:16 Saving config file
13:21:16 saveConfig: auto-save-60s
13:21:16 Saving config file
13:22:16 saveConfig: auto-save-60s
13:22:16 Saving config file
13:23:16 saveConfig: auto-save-60s
13:23:16 Saving config file
13:24:16 saveConfig: auto-save-60s
13:24:16 Saving config file
13:25:16 saveConfig: auto-save-60s
13:25:16 Saving config file
13:26:16 saveConfig: auto-save-60s
13:26:16 Saving config file
13:27:16 saveConfig: auto-save-60s
13:27:16 Saving config file
13:28:16 saveConfig: auto-save-60s
13:28:16 Saving config file
13:29:16 saveConfig: auto-save-60s
13:29:16 Saving config file
13:30:16 saveConfig: auto-save-60s
13:30:16 Saving config file
13:31:16 saveConfig: auto-save-60s
13:31:16 Saving config file
13:32:16 saveConfig: auto-save-60s
13:32:16 Saving config file
13:33:16 saveConfig: auto-save-60s
13:33:16 Saving config file
13:34:16 saveConfig: auto-save-60s
13:34:16 Saving config file
13:35:16 saveConfig: auto-save-60s
13:35:16 Saving config file
13:36:16 saveConfig: auto-save-60s
13:36:16 Saving config file
13:37:16 saveConfig: auto-save-60s
13:37:16 Saving config file
13:38:16 saveConfig: auto-save-60s
13:38:16 Saving config file
13:39:16 saveConfig: auto-save-60s
13:39:16 Saving config file
13:40:16 saveConfig: auto-save-60s
13:40:16 Saving config file
13:41:16 saveConfig: auto-save-60s
13:41:16 Saving config file
13:42:16 saveConfig: auto-save-60s
13:42:16 Saving config file
13:43:16 saveConfig: auto-save-60s
13:43:16 Saving config file
13:44:16 saveConfig: auto-save-60s
13:44:16 Saving config file
13:45:16 saveConfig: auto-save-60s
13:45:16 Saving config file
13:46:16 saveConfig: auto-save-60s
13:46:16 Saving config file
13:47:16 saveConfig: auto-save-60s
13:47:16 Saving config file
13:48:16 saveConfig: auto-save-60s
13:48:16 Saving config file
13:49:16 saveConfig: auto-save-60s
13:49:16 Saving config file
13:50:16 saveConfig: auto-save-60s
13:50:16 Saving config file
13:51:16 saveConfig: auto-save-60s
13:51:16 Saving config file
13:52:16 saveConfig: auto-save-60s
13:52:16 Saving config file
13:53:16 saveConfig: auto-save-60s
13:53:16 Saving config file
13:54:16 saveConfig: auto-save-60s
13:54:16 Saving config file
13:55:16 saveConfig: auto-save-60s
13:55:16 Saving config file
13:56:16 saveConfig: auto-save-60s
13:56:16 Saving config file
13:57:16 saveConfig: auto-save-60s
13:57:16 Saving config file
13:58:16 saveConfig: auto-save-60s
13:58:16 Saving config file
13:59:16 saveConfig: auto-save-60s
13:59:16 Saving config file
14:00:16 saveConfig: auto-save-60s
14:00:16 Saving config file
14:01:16 saveConfig: auto-save-60s
14:01:16 Saving config file
14:02:16 saveConfig: auto-save-60s
14:02:16 Saving config file
14:03:16 saveConfig: auto-save-60s
14:03:16 Saving config file
14:04:16 saveConfig: auto-save-60s
14:04:16 Saving config file
14:05:16 saveConfig: auto-save-60s
14:05:16 Saving config file
14:06:16 saveConfig: auto-save-60s
14:06:16 Saving config file
14:07:16 saveConfig: auto-save-60s
14:07:16 Saving config file
14:08:16 saveConfig: auto-save-60s
14:08:16 Saving config file
14:09:16 saveConfig: auto-save-60s
14:09:16 Saving config file
14:10:16 saveConfig: auto-save-60s
14:10:16 Saving config file
14:11:16 saveConfig: auto-save-60s
14:11:16 Saving config file
14:12:16 saveConfig: auto-save-60s
14:12:16 Saving config file
14:13:16 saveConfig: auto-save-60s
14:13:16 Saving config file
14:14:16 saveConfig: auto-save-60s
14:14:16 Saving config file
14:15:16 saveConfig: auto-save-60s
14:15:16 Saving config file
14:16:16 saveConfig: auto-save-60s
14:16:16 Saving config file
14:17:16 saveConfig: auto-save-60s
14:17:16 Saving config file
14:18:16 saveConfig: auto-save-60s
14:18:16 Saving config file
14:19:16 saveConfig: auto-save-60s
14:19:16 Saving config file
14:20:16 saveConfig: auto-save-60s
14:20:16 Saving config file
14:21:16 saveConfig: auto-save-60s
14:21:16 Saving config file
14:22:16 saveConfig: auto-save-60s
14:22:16 Saving config file
14:23:16 saveConfig: auto-save-60s
14:23:16 Saving config file
14:24:16 saveConfig: auto-save-60s
14:24:16 Saving config file
14:25:16 saveConfig: auto-save-60s
14:25:16 Saving config file
14:26:16 saveConfig: auto-save-60s
14:26:16 Saving config file
14:27:16 saveConfig: auto-save-60s
14:27:16 Saving config file
14:28:16 saveConfig: auto-save-60s
14:28:16 Saving config file
14:29:16 saveConfig: auto-save-60s
14:29:16 Saving config file
14:30:16 saveConfig: auto-save-60s
14:30:16 Saving config file
14:31:16 saveConfig: auto-save-60s
14:31:16 Saving config file
14:32:16 saveConfig: auto-save-60s
14:32:16 Saving config file
14:33:16 saveConfig: auto-save-60s
14:33:16 Saving config file
14:34:16 saveConfig: auto-save-60s
14:34:16 Saving config file
14:35:16 saveConfig: auto-save-60s
14:35:16 Saving config file
14:36:16 saveConfig: auto-save-60s
14:36:16 Saving config file
14:37:16 saveConfig: auto-save-60s
14:37:16 Saving config file
14:38:16 saveConfig: auto-save-60s
14:38:16 Saving config file
14:39:16 saveConfig: auto-save-60s
14:39:16 Saving config file
14:40:16 saveConfig: auto-save-60s
14:40:16 Saving config file
14:41:16 saveConfig: auto-save-60s
14:41:16 Saving config file
14:42:16 saveConfig: auto-save-60s
14:42:16 Saving config file
14:43:16 saveConfig: auto-save-60s
14:43:16 Saving config file
14:44:16 saveConfig: auto-save-60s
14:44:16 Saving config file
14:45:16 saveConfig: auto-save-60s
14:45:16 Saving config file
14:46:16 saveConfig: auto-save-60s
14:46:16 Saving config file
14:47:16 saveConfig: auto-save-60s
14:47:16 Saving config file
14:48:16 saveConfig: auto-save-60s
14:48:16 Saving config file
14:49:16 saveConfig: auto-save-60s
14:49:16 Saving config file
14:50:16 saveConfig: auto-save-60s
14:50:16 Saving config file
14:51:16 saveConfig: auto-save-60s
14:51:16 Saving config file
14:52:16 saveConfig: auto-save-60s
14:52:16 Saving config file
14:53:16 saveConfig: auto-save-60s
14:53:16 Saving config file
14:54:16 saveConfig: auto-save-60s
14:54:16 Saving config file
14:55:16 saveConfig: auto-save-60s
14:55:16 Saving config file
14:56:16 saveConfig: auto-save-60s
14:56:16 Saving config file
14:57:16 saveConfig: auto-save-60s
14:57:16 Saving config file
14:58:16 saveConfig: auto-save-60s
14:58:16 Saving config file
14:59:16 saveConfig: auto-save-60s
14:59:16 Saving config file
15:00:16 saveConfig: auto-save-60s
15:00:16 Saving config file
15:01:16 saveConfig: auto-save-60s
15:01:16 Saving config file
15:02:16 saveConfig: auto-save-60s
15:02:16 Saving config file
15:03:16 saveConfig: saving-data
15:03:16 Saving sacks file
15:03:16 saveConfig: auto-save-60s
15:03:16 Saving config file
15:03:31 saveConfig: saving-data
15:03:31 Saving sacks file
15:04:16 saveConfig: auto-save-60s
15:04:16 Saving config file
15:05:16 saveConfig: auto-save-60s
15:05:16 Saving config file
15:06:16 saveConfig: auto-save-60s
15:06:16 Saving config file
15:07:16 saveConfig: auto-save-60s
15:07:16 Saving config file
15:08:16 saveConfig: auto-save-60s
15:08:16 Saving config file
15:09:16 saveConfig: auto-save-60s
15:09:16 Saving config file
15:10:16 saveConfig: auto-save-60s
15:10:16 Saving config file
15:11:16 saveConfig: auto-save-60s
15:11:16 Saving config file
15:12:16 saveConfig: auto-save-60s
15:12:16 Saving config file
15:13:16 saveConfig: auto-save-60s
15:13:16 Saving config file
15:14:16 saveConfig: auto-save-60s
15:14:16 Saving config file
15:15:16 saveConfig: auto-save-60s
15:15:16 Saving config file
15:16:08 saveConfig: saving-data
15:16:08 Saving sacks file
15:16:16 saveConfig: auto-save-60s
15:16:16 Saving config file
15:16:38 saveConfig: saving-data
15:16:38 Saving sacks file
15:17:08 saveConfig: saving-data
15:17:08 Saving sacks file
15:17:16 saveConfig: auto-save-60s
15:17:16 Saving config file
15:17:39 saveConfig: saving-data
15:17:39 Saving sacks file
15:18:09 saveConfig: saving-data
15:18:09 Saving sacks file
15:18:16 saveConfig: auto-save-60s
15:18:16 Saving config file
15:18:40 saveConfig: saving-data
15:18:40 Saving sacks file
15:19:10 saveConfig: saving-data
15:19:10 Saving sacks file
15:19:16 saveConfig: auto-save-60s
15:19:16 Saving config file
15:19:41 saveConfig: saving-data
15:19:41 Saving sacks file
15:20:11 saveConfig: saving-data
15:20:11 Saving sacks file
15:20:16 saveConfig: auto-save-60s
15:20:16 Saving config file
15:20:42 saveConfig: saving-data
15:20:42 Saving sacks file
15:21:12 saveConfig: saving-data
15:21:12 Saving sacks file
15:21:16 saveConfig: auto-save-60s
15:21:16 Saving config file
15:21:43 saveConfig: saving-data
15:21:43 Saving sacks file
15:22:13 saveConfig: saving-data
15:22:13 Saving sacks file
15:22:16 saveConfig: auto-save-60s
15:22:16 Saving config file
15:22:44 saveConfig: saving-data
15:22:44 Saving sacks file
15:23:14 saveConfig: saving-data
15:23:14 Saving sacks file
15:23:16 saveConfig: auto-save-60s
15:23:16 Saving config file
15:23:44 saveConfig: saving-data
15:23:44 Saving sacks file
15:24:14 saveConfig: saving-data
15:24:14 Saving sacks file
15:24:16 saveConfig: auto-save-60s
15:24:16 Saving config file
15:24:45 saveConfig: saving-data
15:24:45 Saving sacks file
15:25:15 saveConfig: saving-data
15:25:15 Saving sacks file
15:25:16 saveConfig: auto-save-60s
15:25:16 Saving config file
15:25:46 saveConfig: saving-data
15:25:46 Saving sacks file
15:26:16 saveConfig: auto-save-60s
15:26:16 Saving config file
15:26:17 saveConfig: saving-data
15:26:17 Saving sacks file
15:26:47 saveConfig: saving-data
15:26:47 Saving sacks file
15:27:16 saveConfig: auto-save-60s
15:27:16 Saving config file
15:27:17 saveConfig: saving-data
15:27:17 Saving sacks file
15:27:47 saveConfig: saving-data
15:27:47 Saving sacks file
15:28:16 saveConfig: auto-save-60s
15:28:16 Saving config file
15:28:17 saveConfig: saving-data
15:28:17 Saving sacks file
15:28:47 saveConfig: saving-data
15:28:47 Saving sacks file
15:29:16 saveConfig: auto-save-60s
15:29:16 Saving config file
15:29:17 saveConfig: saving-data
15:29:17 Saving sacks file
15:29:47 saveConfig: saving-data
15:29:47 Saving sacks file
15:30:16 saveConfig: auto-save-60s
15:30:16 Saving config file
15:30:18 saveConfig: saving-data
15:30:18 Saving sacks file
15:30:48 saveConfig: saving-data
15:30:48 Saving sacks file
15:31:16 saveConfig: auto-save-60s
15:31:16 Saving config file
15:31:19 saveConfig: saving-data
15:31:19 Saving sacks file
15:31:49 saveConfig: saving-data
15:31:49 Saving sacks file
15:32:16 saveConfig: auto-save-60s
15:32:16 Saving config file
15:32:19 saveConfig: saving-data
15:32:19 Saving sacks file
15:32:49 saveConfig: saving-data
15:32:49 Saving sacks file
15:33:16 saveConfig: auto-save-60s
15:33:16 Saving config file
15:33:19 saveConfig: saving-data
15:33:19 Saving sacks file
15:33:49 saveConfig: saving-data
15:33:49 Saving sacks file
15:34:16 saveConfig: auto-save-60s
15:34:16 Saving config file
15:34:20 saveConfig: saving-data
15:34:20 Saving sacks file
15:34:50 saveConfig: saving-data
15:34:50 Saving sacks file
15:35:16 saveConfig: auto-save-60s
15:35:16 Saving config file
15:35:21 saveConfig: saving-data
15:35:21 Saving sacks file
15:35:51 saveConfig: saving-data
15:35:51 Saving sacks file
15:36:16 saveConfig: auto-save-60s
15:36:16 Saving config file
15:36:16 saveConfig: saving-data
15:36:16 Saving sacks file
15:37:16 saveConfig: auto-save-60s
15:37:16 Saving config file
15:38:16 saveConfig: auto-save-60s
15:38:16 Saving config file
15:39:16 saveConfig: auto-save-60s
15:39:16 Saving config file
15:39:50 saveConfig: saving-data
15:39:50 Saving sacks file
15:40:03 saveConfig: saving-data
15:40:03 Saving sacks file
15:40:14 saveConfig: saving-data
15:40:14 Saving sacks file
15:40:16 saveConfig: auto-save-60s
15:40:16 Saving config file
15:40:25 saveConfig: saving-data
15:40:25 Saving sacks file
15:40:39 saveConfig: saving-data
15:40:39 Saving sacks file
15:41:13 saveConfig: saving-data
15:41:13 Saving sacks file
15:41:16 saveConfig: auto-save-60s
15:41:16 Saving config file
15:41:44 saveConfig: saving-data
15:41:44 Saving sacks file
15:42:15 saveConfig: saving-data
15:42:15 Saving sacks file
15:42:16 saveConfig: auto-save-60s
15:42:16 Saving config file
15:42:46 saveConfig: saving-data
15:42:46 Saving sacks file
15:43:16 saveConfig: auto-save-60s
15:43:16 Saving config file
15:43:17 saveConfig: saving-data
15:43:17 Saving sacks file
15:43:48 saveConfig: saving-data
15:43:48 Saving sacks file
15:44:16 saveConfig: auto-save-60s
15:44:16 Saving config file
15:44:19 saveConfig: saving-data
15:44:19 Saving sacks file
15:44:50 saveConfig: saving-data
15:44:50 Saving sacks file
15:45:16 saveConfig: auto-save-60s
15:45:16 Saving config file
15:45:17 saveConfig: saving-data
15:45:17 Saving sacks file
15:45:56 saveConfig: saving-data
15:45:56 Saving sacks file
15:46:16 saveConfig: auto-save-60s
15:46:16 Saving config file
15:46:27 saveConfig: saving-data
15:46:27 Saving sacks file
15:46:58 saveConfig: saving-data
15:46:58 Saving sacks file
15:47:16 saveConfig: auto-save-60s
15:47:16 Saving config file
15:47:29 saveConfig: saving-data
15:47:29 Saving sacks file
15:48:00 saveConfig: saving-data
15:48:00 Saving sacks file
15:48:16 saveConfig: auto-save-60s
15:48:16 Saving config file
15:48:31 saveConfig: saving-data
15:48:31 Saving sacks file
15:49:02 saveConfig: saving-data
15:49:02 Saving sacks file
15:49:16 saveConfig: auto-save-60s
15:49:16 Saving config file
15:49:33 saveConfig: saving-data
15:49:33 Saving sacks file
15:49:40 saveConfig: saving-data
15:49:40 Saving sacks file
15:50:11 saveConfig: saving-data
15:50:11 Saving sacks file
15:50:16 saveConfig: auto-save-60s
15:50:16 Saving config file
15:50:42 saveConfig: saving-data
15:50:42 Saving sacks file
15:51:02 saveConfig: saving-data
15:51:02 Saving sacks file
15:51:16 saveConfig: auto-save-60s
15:51:16 Saving config file
15:51:52 saveConfig: saving-data
15:51:52 Saving sacks file
15:52:16 saveConfig: auto-save-60s
15:52:16 Saving config file
15:52:23 saveConfig: saving-data
15:52:23 Saving sacks file
15:52:54 saveConfig: saving-data
15:52:54 Saving sacks file
15:53:16 saveConfig: auto-save-60s
15:53:16 Saving config file
15:53:25 saveConfig: saving-data
15:53:25 Saving sacks file
15:53:57 saveConfig: saving-data
15:53:57 Saving sacks file
15:54:16 saveConfig: auto-save-60s
15:54:16 Saving config file
15:54:28 saveConfig: saving-data
15:54:28 Saving sacks file
15:54:59 saveConfig: saving-data
15:54:59 Saving sacks file
15:55:16 saveConfig: auto-save-60s
15:55:16 Saving config file
15:55:30 saveConfig: saving-data
15:55:30 Saving sacks file
15:56:01 saveConfig: saving-data
15:56:01 Saving sacks file
15:56:16 saveConfig: auto-save-60s
15:56:16 Saving config file
15:56:32 saveConfig: saving-data
15:56:32 Saving sacks file
15:57:03 saveConfig: saving-data
15:57:03 Saving sacks file
15:57:16 saveConfig: auto-save-60s
15:57:16 Saving config file
15:57:34 saveConfig: saving-data
15:57:34 Saving sacks file
15:58:05 saveConfig: saving-data
15:58:05 Saving sacks file
15:58:16 saveConfig: auto-save-60s
15:58:16 Saving config file
15:58:36 saveConfig: saving-data
15:58:36 Saving sacks file
15:59:07 saveConfig: saving-data
15:59:07 Saving sacks file
15:59:16 saveConfig: auto-save-60s
15:59:16 Saving config file
15:59:38 saveConfig: saving-data
15:59:38 Saving sacks file
16:00:09 saveConfig: saving-data
16:00:09 Saving sacks file
16:00:16 saveConfig: auto-save-60s
16:00:16 Saving config file
16:00:40 saveConfig: saving-data
16:00:40 Saving sacks file
16:01:11 saveConfig: saving-data
16:01:11 Saving sacks file
16:01:16 saveConfig: auto-save-60s
16:01:16 Saving config file
16:01:42 saveConfig: saving-data
16:01:42 Saving sacks file
16:02:13 saveConfig: saving-data
16:02:13 Saving sacks file
16:02:16 saveConfig: auto-save-60s
16:02:16 Saving config file
16:02:44 saveConfig: saving-data
16:02:44 Saving sacks file
16:03:15 saveConfig: saving-data
16:03:15 Saving sacks file
16:03:16 saveConfig: auto-save-60s
16:03:16 Saving config file
16:03:46 saveConfig: saving-data
16:03:46 Saving sacks file
16:04:16 saveConfig: auto-save-60s
16:04:16 Saving config file
16:04:17 saveConfig: saving-data
16:04:17 Saving sacks file
16:04:29 saveConfig: saving-data
16:04:29 Saving sacks file
16:04:47 saveConfig: saving-data
16:04:47 Saving sacks file
16:05:16 saveConfig: auto-save-60s
16:05:16 Saving config file
16:06:16 saveConfig: auto-save-60s
16:06:16 Saving config file
16:07:16 saveConfig: auto-save-60s
16:07:16 Saving config file
16:07:52 saveConfig: saving-data
16:07:52 Saving sacks file
16:08:01 saveConfig: saving-data
16:08:01 Saving sacks file
16:08:16 saveConfig: auto-save-60s
16:08:16 Saving config file
16:08:23 saveConfig: saving-data
16:08:23 Saving sacks file
16:08:42 saveConfig: saving-data
16:08:42 Saving sacks file
16:09:16 saveConfig: auto-save-60s
16:09:16 Saving config file
16:10:16 saveConfig: auto-save-60s
16:10:16 Saving config file
16:11:16 saveConfig: auto-save-60s
16:11:16 Saving config file
16:11:35 saveConfig: saving-data
16:11:35 Saving sacks file
16:12:12 saveConfig: saving-data
16:12:12 Saving sacks file
16:12:16 saveConfig: auto-save-60s
16:12:16 Saving config file
16:12:42 saveConfig: saving-data
16:12:42 Saving sacks file
16:12:52 saveConfig: saving-data
16:12:52 Saving sacks file
16:13:16 saveConfig: auto-save-60s
16:13:16 Saving config file
16:13:29 saveConfig: saving-data
16:13:29 Saving sacks file
16:14:00 saveConfig: saving-data
16:14:00 Saving sacks file
16:14:16 saveConfig: saving-data
16:14:16 Saving sacks file
16:14:16 saveConfig: auto-save-60s
16:14:16 Saving config file
16:15:07 saveConfig: saving-data
16:15:07 Saving sacks file
16:15:16 saveConfig: auto-save-60s
16:15:16 Saving config file
16:15:38 saveConfig: saving-data
16:15:38 Saving sacks file
16:16:09 saveConfig: saving-data
16:16:09 Saving sacks file
16:16:16 saveConfig: auto-save-60s
16:16:16 Saving config file
16:16:39 saveConfig: saving-data
16:16:39 Saving sacks file
16:17:10 saveConfig: saving-data
16:17:10 Saving sacks file
16:17:16 saveConfig: auto-save-60s
16:17:16 Saving config file
16:17:41 saveConfig: saving-data
16:17:41 Saving sacks file
16:18:11 saveConfig: saving-data
16:18:11 Saving sacks file
16:18:16 saveConfig: auto-save-60s
16:18:16 Saving config file
16:18:41 saveConfig: saving-data
16:18:41 Saving sacks file
16:19:12 saveConfig: saving-data
16:19:12 Saving sacks file
16:19:16 saveConfig: auto-save-60s
16:19:16 Saving config file
16:19:42 saveConfig: saving-data
16:19:42 Saving sacks file
16:20:14 saveConfig: saving-data
16:20:14 Saving sacks file
16:20:16 saveConfig: auto-save-60s
16:20:16 Saving config file
16:20:45 saveConfig: saving-data
16:20:45 Saving sacks file
16:21:16 saveConfig: saving-data
16:21:16 Saving sacks file
16:21:16 saveConfig: auto-save-60s
16:21:16 Saving config file
16:21:46 saveConfig: saving-data
16:21:46 Saving sacks file
16:22:16 saveConfig: saving-data
16:22:16 Saving sacks file
16:22:16 saveConfig: auto-save-60s
16:22:16 Saving config file
16:22:46 saveConfig: saving-data
16:22:46 Saving sacks file
16:23:16 saveConfig: auto-save-60s
16:23:16 Saving config file
16:23:17 saveConfig: saving-data
16:23:17 Saving sacks file
16:23:24 saveConfig: saving-data
16:23:24 Saving sacks file
16:23:55 saveConfig: saving-data
16:23:55 Saving sacks file
16:24:16 saveConfig: auto-save-60s
16:24:16 Saving config file
16:24:26 saveConfig: saving-data
16:24:26 Saving sacks file
16:24:57 saveConfig: saving-data
16:24:57 Saving sacks file
16:25:16 saveConfig: auto-save-60s
16:25:16 Saving config file
16:25:28 saveConfig: saving-data
16:25:28 Saving sacks file
16:25:59 saveConfig: saving-data
16:25:59 Saving sacks file
16:26:16 saveConfig: auto-save-60s
16:26:16 Saving config file
16:26:30 saveConfig: saving-data
16:26:30 Saving sacks file
16:27:01 saveConfig: saving-data
16:27:01 Saving sacks file
16:27:16 saveConfig: auto-save-60s
16:27:16 Saving config file
16:27:32 saveConfig: saving-data
16:27:32 Saving sacks file
16:28:04 saveConfig: saving-data
16:28:04 Saving sacks file
16:28:16 saveConfig: auto-save-60s
16:28:16 Saving config file
16:28:35 saveConfig: saving-data
16:28:35 Saving sacks file
16:29:06 saveConfig: saving-data
16:29:06 Saving sacks file
16:29:16 saveConfig: auto-save-60s
16:29:16 Saving config file
16:29:37 saveConfig: saving-data
16:29:37 Saving sacks file
16:30:08 saveConfig: saving-data
16:30:08 Saving sacks file
16:30:16 saveConfig: auto-save-60s
16:30:16 Saving config file
16:30:39 saveConfig: saving-data
16:30:39 Saving sacks file
16:31:10 saveConfig: saving-data
16:31:10 Saving sacks file
16:31:16 saveConfig: auto-save-60s
16:31:16 Saving config file
16:31:42 saveConfig: saving-data
16:31:42 Saving sacks file
16:32:08 saveConfig: saving-data
16:32:08 Saving sacks file
16:32:16 saveConfig: auto-save-60s
16:32:16 Saving config file
16:32:42 saveConfig: saving-data
16:32:42 Saving sacks file
16:33:13 saveConfig: saving-data
16:33:13 Saving sacks file
16:33:16 saveConfig: auto-save-60s
16:33:16 Saving config file
16:33:44 saveConfig: saving-data
16:33:44 Saving sacks file
16:34:15 saveConfig: saving-data
16:34:15 Saving sacks file
16:34:16 saveConfig: auto-save-60s
16:34:16 Saving config file
16:35:16 saveConfig: auto-save-60s
16:35:16 Saving config file
16:35:26 saveConfig: saving-data
16:35:26 Saving sacks file
16:35:33 saveConfig: saving-data
16:35:33 Saving sacks file
16:36:16 saveConfig: auto-save-60s
16:36:16 Saving config file
16:37:16 saveConfig: auto-save-60s
16:37:16 Saving config file
16:38:03 saveConfig: saving-data
16:38:03 Saving sacks file
16:38:16 saveConfig: auto-save-60s
16:38:16 Saving config file
16:38:47 saveConfig: saving-data
16:38:47 Saving sacks file
16:38:57 saveConfig: saving-data
16:38:57 Saving sacks file
16:39:10 saveConfig: saving-data
16:39:10 Saving sacks file
16:39:16 saveConfig: auto-save-60s
16:39:16 Saving config file
16:39:21 saveConfig: saving-data
16:39:21 Saving sacks file
16:40:16 saveConfig: auto-save-60s
16:40:16 Saving config file
16:41:16 saveConfig: auto-save-60s
16:41:16 Saving config file
16:42:16 saveConfig: auto-save-60s
16:42:16 Saving config file
16:43:16 saveConfig: auto-save-60s
16:43:16 Saving config file
16:44:16 saveConfig: auto-save-60s
16:44:16 Saving config file
16:45:16 saveConfig: auto-save-60s
16:45:16 Saving config file
16:46:16 saveConfig: auto-save-60s
16:46:16 Saving config file
16:47:16 saveConfig: auto-save-60s
16:47:16 Saving config file
16:48:16 saveConfig: auto-save-60s
16:48:16 Saving config file
16:49:16 saveConfig: auto-save-60s
16:49:16 Saving config file
16:50:16 saveConfig: auto-save-60s
16:50:16 Saving config file
16:51:16 saveConfig: auto-save-60s
16:51:16 Saving config file
16:52:16 saveConfig: auto-save-60s
16:52:16 Saving config file
16:53:16 saveConfig: auto-save-60s
16:53:16 Saving config file
16:54:16 saveConfig: auto-save-60s
16:54:16 Saving config file
16:55:16 saveConfig: auto-save-60s
16:55:16 Saving config file
16:56:16 saveConfig: auto-save-60s
16:56:16 Saving config file
16:57:16 saveConfig: auto-save-60s
16:57:16 Saving config file
16:58:16 saveConfig: auto-save-60s
16:58:16 Saving config file
16:59:16 saveConfig: auto-save-60s
16:59:16 Saving config file
17:00:16 saveConfig: auto-save-60s
17:00:16 Saving config file
17:01:16 saveConfig: auto-save-60s
17:01:16 Saving config file
17:02:16 saveConfig: auto-save-60s
17:02:16 Saving config file
17:03:16 saveConfig: auto-save-60s
17:03:16 Saving config file
17:04:16 saveConfig: auto-save-60s
17:04:16 Saving config file
17:05:16 saveConfig: auto-save-60s
17:05:16 Saving config file
17:06:16 saveConfig: auto-save-60s
17:06:16 Saving config file
17:07:16 saveConfig: auto-save-60s
17:07:16 Saving config file
17:07:35 saveConfig: saving-data
17:07:35 Saving sacks file
17:08:16 saveConfig: auto-save-60s
17:08:16 Saving config file
17:08:16 saveConfig: saving-data
17:08:16 Saving sacks file
17:08:48 saveConfig: saving-data
17:08:48 Saving sacks file
17:09:00 saveConfig: saving-data
17:09:00 Saving sacks file
17:09:16 saveConfig: auto-save-60s
17:09:16 Saving config file
17:09:31 saveConfig: saving-data
17:09:31 Saving sacks file
17:10:10 saveConfig: saving-data
17:10:10 Saving sacks file
17:10:16 saveConfig: auto-save-60s
17:10:16 Saving config file
17:10:34 saveConfig: saving-data
17:10:34 Saving sacks file
17:11:16 saveConfig: auto-save-60s
17:11:16 Saving config file
17:12:16 saveConfig: auto-save-60s
17:12:16 Saving config file
17:13:16 saveConfig: auto-save-60s
17:13:16 Saving config file
17:13:28 saveConfig: saving-data
17:13:28 Saving sacks file
17:14:16 saveConfig: auto-save-60s
17:14:16 Saving config file
17:15:16 saveConfig: auto-save-60s
17:15:16 Saving config file
17:16:16 saveConfig: auto-save-60s
17:16:16 Saving config file
17:17:16 saveConfig: auto-save-60s
17:17:16 Saving config file
17:18:16 saveConfig: auto-save-60s
17:18:16 Saving config file
17:19:16 saveConfig: auto-save-60s
17:19:16 Saving config file
17:20:11 saveConfig: saving-data
17:20:11 Saving sacks file
17:20:16 saveConfig: auto-save-60s
17:20:16 Saving config file
17:21:16 saveConfig: auto-save-60s
17:21:16 Saving config file
17:21:49 saveConfig: saving-data
17:21:49 Saving sacks file
17:21:59 saveConfig: saving-data
17:21:59 Saving sacks file
17:22:16 saveConfig: auto-save-60s
17:22:16 Saving config file
17:22:18 saveConfig: saving-data
17:22:18 Saving sacks file
17:23:16 saveConfig: auto-save-60s
17:23:16 Saving config file
17:24:16 saveConfig: auto-save-60s
17:24:16 Saving config file
17:24:45 saveConfig: saving-data
17:24:45 Saving sacks file
17:25:16 saveConfig: auto-save-60s
17:25:16 Saving config file
17:26:16 saveConfig: auto-save-60s
17:26:16 Saving config file
17:27:16 saveConfig: auto-save-60s
17:27:16 Saving config file
17:27:23 saveConfig: saving-data
17:27:23 Saving sacks file
17:28:16 saveConfig: auto-save-60s
17:28:16 Saving config file
17:29:16 saveConfig: auto-save-60s
17:29:16 Saving config file
17:30:16 saveConfig: auto-save-60s
17:30:16 Saving config file
17:31:16 saveConfig: auto-save-60s
17:31:16 Saving config file
17:32:16 saveConfig: auto-save-60s
17:32:16 Saving config file
17:33:16 saveConfig: auto-save-60s
17:33:16 Saving config file
17:34:16 saveConfig: auto-save-60s
17:34:16 Saving config file
17:35:16 saveConfig: auto-save-60s
17:35:16 Saving config file
17:36:16 saveConfig: auto-save-60s
17:36:16 Saving config file
17:37:03 saveConfig: saving-data
17:37:03 Saving sacks file
17:37:16 saveConfig: auto-save-60s
17:37:16 Saving config file
17:38:16 saveConfig: auto-save-60s
17:38:16 Saving config file
17:38:20 saveConfig: saving-data
17:38:20 Saving sacks file
17:39:16 saveConfig: auto-save-60s
17:39:16 Saving config file
17:40:16 saveConfig: auto-save-60s
17:40:16 Saving config file
17:41:16 saveConfig: auto-save-60s
17:41:16 Saving config file
17:42:16 saveConfig: auto-save-60s
17:42:16 Saving config file
17:43:16 saveConfig: auto-save-60s
17:43:16 Saving config file
17:44:16 saveConfig: auto-save-60s
17:44:16 Saving config file
17:45:16 saveConfig: auto-save-60s
17:45:16 Saving config file
17:46:16 saveConfig: auto-save-60s
17:46:16 Saving config file
17:47:16 saveConfig: auto-save-60s
17:47:16 Saving config file
17:48:16 saveConfig: auto-save-60s
17:48:16 Saving config file
17:49:16 saveConfig: auto-save-60s
17:49:16 Saving config file
17:50:16 saveConfig: auto-save-60s
17:50:16 Saving config file
17:51:16 saveConfig: auto-save-60s
17:51:16 Saving config file
17:52:16 saveConfig: auto-save-60s
17:52:16 Saving config file
17:53:16 saveConfig: auto-save-60s
17:53:16 Saving config file
17:53:47 saveConfig: saving-data
17:53:47 Saving sacks file
17:54:16 saveConfig: auto-save-60s
17:54:16 Saving config file
17:54:18 saveConfig: saving-data
17:54:18 Saving sacks file
17:55:16 saveConfig: auto-save-60s
17:55:16 Saving config file
17:56:16 saveConfig: auto-save-60s
17:56:16 Saving config file
17:57:16 saveConfig: auto-save-60s
17:57:16 Saving config file
17:58:16 saveConfig: auto-save-60s
17:58:16 Saving config file
17:59:16 saveConfig: auto-save-60s
17:59:16 Saving config file
18:00:16 saveConfig: auto-save-60s
18:00:16 Saving config file
18:01:16 saveConfig: auto-save-60s
18:01:16 Saving config file
18:02:08 saveConfig: saving-data
18:02:08 Saving sacks file
18:02:16 saveConfig: auto-save-60s
18:02:16 Saving config file
18:03:16 saveConfig: auto-save-60s
18:03:16 Saving config file
18:04:16 saveConfig: auto-save-60s
18:04:16 Saving config file
18:05:16 saveConfig: auto-save-60s
18:05:16 Saving config file
18:06:16 saveConfig: auto-save-60s
18:06:16 Saving config file
18:06:23 saveConfig: saving-data
18:06:23 Saving sacks file
18:07:03 saveConfig: saving-data
18:07:03 Saving sacks file
18:07:16 saveConfig: auto-save-60s
18:07:16 Saving config file
18:08:16 saveConfig: auto-save-60s
18:08:16 Saving config file
18:09:16 saveConfig: auto-save-60s
18:09:16 Saving config file
18:09:57 saveConfig: saving-data
18:09:57 Saving sacks file
18:10:16 saveConfig: auto-save-60s
18:10:16 Saving config file
18:11:16 saveConfig: auto-save-60s
18:11:16 Saving config file
18:12:16 saveConfig: auto-save-60s
18:12:16 Saving config file
18:13:16 saveConfig: auto-save-60s
18:13:16 Saving config file
18:14:16 saveConfig: auto-save-60s
18:14:16 Saving config file
18:15:16 saveConfig: auto-save-60s
18:15:16 Saving config file
18:16:16 saveConfig: auto-save-60s
18:16:16 Saving config file
18:17:16 saveConfig: auto-save-60s
18:17:16 Saving config file
18:18:16 saveConfig: auto-save-60s
18:18:16 Saving config file
18:19:16 saveConfig: auto-save-60s
18:19:16 Saving config file
18:20:16 saveConfig: auto-save-60s
18:20:16 Saving config file
18:21:16 saveConfig: auto-save-60s
18:21:16 Saving config file
18:22:16 saveConfig: auto-save-60s
18:22:16 Saving config file
18:23:16 saveConfig: auto-save-60s
18:23:16 Saving config file
18:24:16 saveConfig: auto-save-60s
18:24:16 Saving config file
18:25:16 saveConfig: auto-save-60s
18:25:16 Saving config file
18:26:16 saveConfig: auto-save-60s
18:26:16 Saving config file
18:27:16 saveConfig: auto-save-60s
18:27:16 Saving config file
18:28:16 saveConfig: auto-save-60s
18:28:16 Saving config file
18:29:16 saveConfig: auto-save-60s
18:29:16 Saving config file
18:30:16 saveConfig: auto-save-60s
18:30:16 Saving config file
18:30:49 saveConfig: shutdown-hook
18:30:49 Saving config file
