00:40:16 [GARDEN_VISITOR_MESSAGE] §e[NPC] §9Tia the Fairy§f: §rYou are currently missing §d10 §fFairy Souls. Better get to work!
00:40:20 [GARDEN_VISITOR_MESSAGE] §e[NPC] §9Tia the Fairy§f: §r§fAlright, I won't bother you anymore.
00:40:21 [GARDEN_VISITOR_MESSAGE] §e[NPC] §aHungry Hiker§f: §r§fHello there, I seem to be stuck here with no good food to eat, could you bring me some square orange fruits?
00:40:23 [GARDEN_VISITOR_MESSAGE] §e[NPC] §aHungry Hiker§f: §r§fI guess I'll just go hungry then...
00:40:24 [GARDEN_VISITOR_MESSAGE] §e[NPC] §aAlchemist§f: §r§fBeen running low on my brewing supplies, Nether Warts are quite hard to come by these days.
00:40:25 [GARDEN_VISITOR_MESSAGE] §e[NPC] §aAlchemist§f: §r§fUnfortunate, I'll see if I can find some Nether Warts from someone else.
00:40:26 [GARDEN_VISITOR_MESSAGE] §e[NPC] §aFarmhand§f: §r§fI took a break from work for too long! Now I need your help to meet my quota!
00:40:29 [GARDEN_VISITOR_MESSAGE] §e[NPC] §aFarmhand§f: §r§fYou condemn me to doing my own work? How can you do this to me!
00:40:29 [GARDEN_VISITOR_MESSAGE] §e[NPC] §aRyu§f: §r§fDid you know that there is a Garden Level? Increase it by hitting milestones or selling to customers like me!
00:40:31 [GARDEN_VISITOR_MESSAGE] §e[NPC] §aRyu§f: §r§fThat's alright.
00:46:42 [DOUBLE_HOOK] §eIt's a §r§aDouble Hook§r§e! Woot woot!
00:54:57 [SKYMALL] §bNew day! §r§eYour §r§2Sky Mall §r§ebuff changed!
00:54:57 [SKYMALL] §eNew buff§r§r§r: §r§fGain §r§a+100 §r§6⸕ Mining Speed§r§f.
00:54:57 [SKYMALL] §8§oYou can disable this messaging by toggling Sky Mall in your /hotm!
01:07:53 [BESTIARY] §f                                  §6§lBESTIARY
01:07:53 [BESTIARY] §f                              §b§lFire Eel §7§8IX §8➡§b §bX
01:07:53 [BESTIARY] 
01:07:53 [BESTIARY] §f                                  §r§6§lREWARDS
01:07:53 [BESTIARY] §f                         §r§8+§r§a3 Fire Eel §r§b✯ Magic Find
01:07:53 [BESTIARY] §f                          §r§8+§r§a3 Fire Eel §r§c❁ Strength
01:07:53 [BESTIARY] §f                             §r§8+§r§62% §r§aFire Eel §r§7coins
01:07:53 [BESTIARY] §f                    §r§8+§r§a50% §r§7chance for extra XP orbs
01:07:53 [BESTIARY] §f                               §r§8+§r§b1 SkyBlock XP
01:07:53 [BESTIARY] 
01:07:53 [BESTIARY] §3§l▬▬▬▬▬▬▬▬▬▬▬▬▬▬▬▬▬▬▬▬▬▬▬▬▬▬▬▬▬▬▬▬▬▬▬▬▬▬▬▬▬▬▬▬▬▬▬▬▬▬▬▬▬▬▬▬▬▬▬▬▬▬▬▬
01:08:19 [DOUBLE_HOOK] §eIt's a §r§aDouble Hook§r§e!
01:14:03 [DOUBLE_HOOK] §eIt's a §r§aDouble Hook§r§e! Woot woot!
01:14:56 [SKYMALL] §bNew day! §r§eYour §r§2Sky Mall §r§ebuff changed!
01:14:56 [SKYMALL] §eNew buff§r§r§r: §r§fGain §r§a+15% §r§fmore Powder while mining.
01:14:56 [SKYMALL] §8§oYou can disable this messaging by toggling Sky Mall in your /hotm!
01:26:19 [DOUBLE_HOOK] §eIt's a §r§aDouble Hook§r§e!
01:27:42 [DOUBLE_HOOK] §eIt's a §r§aDouble Hook§r§e! Woot woot!
01:29:20 [DOUBLE_HOOK] §eIt's a §r§aDouble Hook§r§e!
01:31:41 [DOUBLE_HOOK] §eIt's a §r§aDouble Hook§r§e! Woot woot!
01:34:57 [SKYMALL] §bNew day! §r§eYour §r§2Sky Mall §r§ebuff changed!
01:34:57 [SKYMALL] §eNew buff§r§r§r: §r§fReduce Pickaxe Ability cooldown by §r§a20%§r§f.
01:34:57 [SKYMALL] §8§oYou can disable this messaging by toggling Sky Mall in your /hotm!
01:38:03 [DOUBLE_HOOK] §eIt's a §r§aDouble Hook§r§e!
