00:36:07 §e[SkyHanni] §aSkyHanni found a new update: 0.27 Beta 5. Check §b/sh download update §afor more info.§r
00:40:08 §e[SkyHanni] §cYour Fuel is low!§r
00:40:08 §e[SkyHanni] §9Tia the Fairy §eis visiting your garden!§r
00:40:08 §e[SkyHanni] §aHungry Hiker §eis visiting your garden!§r
00:40:08 §e[SkyHanni] §aAlchemist §eis visiting your garden!§r
00:40:08 §e[SkyHanni] §aFarmhand §eis visiting your garden!§r
00:40:08 §e[SkyHanni] §aRyu §eis visiting your garden!§r
00:44:31 §e[SkyHanni] Wrong slayer selected! You have Voidgloom Seraph selected and you are in an Inferno Demonlord area!§r
00:46:10 §e[SkyHanni] Wrong slayer selected! You have Voidgloom Seraph selected and you are in an Inferno Demonlord area!§r
00:53:18 §e[SkyHanni] Wrong slayer selected! You have Voidgloom Seraph selected and you are in an Inferno Demonlord area!§r
00:56:31 §e[SkyHanni] Wrong slayer selected! You have Voidgloom Seraph selected and you are in an Inferno Demonlord area!§r
00:58:45 §e[SkyHanni] Wrong slayer selected! You have Voidgloom Seraph selected and you are in an Inferno Demonlord area!§r
01:07:53 §6§lBESTIARY §r§b§lFire Eel §7§8IX §8➡§b §bX§r
01:12:01 §e[SkyHanni] Wrong slayer selected! You have Voidgloom Seraph selected and you are in an Inferno Demonlord area!§r
01:12:26 §e[SkyHanni] Wrong slayer selected! You have Voidgloom Seraph selected and you are in an Inferno Demonlord area!§r
01:13:34 §e[SkyHanni] Wrong slayer selected! You have Voidgloom Seraph selected and you are in an Inferno Demonlord area!§r
01:15:10 §e[SkyHanni] Wrong slayer selected! You have Voidgloom Seraph selected and you are in an Inferno Demonlord area!§r
01:16:48 §e[SkyHanni] §lCLICK HERE§r§e to grab §ax32 §9§5Silver Magmafish§e from sacks!§r
01:24:08 §e[SkyHanni] Wrong slayer selected! You have Voidgloom Seraph selected and you are in an Inferno Demonlord area!§r
01:25:24 §e[SkyHanni] Wrong slayer selected! You have Voidgloom Seraph selected and you are in an Inferno Demonlord area!§r
01:27:24 §e[SkyHanni] Wrong slayer selected! You have Voidgloom Seraph selected and you are in an Inferno Demonlord area!§r
01:28:05 §e[SkyHanni] Wrong slayer selected! You have Voidgloom Seraph selected and you are in an Inferno Demonlord area!§r
01:29:52 §e[SkyHanni] Wrong slayer selected! You have Voidgloom Seraph selected and you are in an Inferno Demonlord area!§r
01:30:56 §e[SkyHanni] Wrong slayer selected! You have Voidgloom Seraph selected and you are in an Inferno Demonlord area!§r
01:33:23 §e[SkyHanni] Wrong slayer selected! You have Voidgloom Seraph selected and you are in an Inferno Demonlord area!§r
01:33:56 §e[SkyHanni] Wrong slayer selected! You have Voidgloom Seraph selected and you are in an Inferno Demonlord area!§r
01:43:29 §e[SkyHanni] Wrong slayer selected! You have Voidgloom Seraph selected and you are in an Inferno Demonlord area!§r
01:51:23 §e[SkyHanni] §lCLICK HERE§r§e to grab §ax30 §9§5Silver Magmafish§e from sacks!§r
01:53:48 §e[SkyHanni] §lCLICK HERE§r§e to grab §ax2 §9§5Silver Magmafish§e from sacks!§r
