00:46:42  
00:46:42 [original] §r§aFrom beneath the lava appears a Magma Slug.§r
00:46:42 [modified] §e§lDOUBLE HOOK! §r§aFrom beneath the lava appears a Magma Slug.§r§r
01:08:19  
01:08:19 [original] §r§aFrom beneath the lava appears a Magma Slug.§r
01:08:19 [modified] §e§lDOUBLE HOOK! §r§aFrom beneath the lava appears a Magma Slug.§r§r
01:14:03  
01:14:03 [original] §r§aFrom beneath the lava appears a Magma Slug.§r
01:14:03 [modified] §e§lDOUBLE HOOK! §r§aFrom beneath the lava appears a Magma Slug.§r§r
01:26:19  
01:26:19 [original] §r§aFrom beneath the lava appears a Magma Slug.§r
01:26:19 [modified] §e§lDOUBLE HOOK! §r§aFrom beneath the lava appears a Magma Slug.§r§r
01:27:42  
01:27:42 [original] §r§aFrom beneath the lava appears a Magma Slug.§r
01:27:42 [modified] §e§lDOUBLE HOOK! §r§aFrom beneath the lava appears a Magma Slug.§r§r
01:29:20  
01:29:20 [original] §r§aA Fire Eel slithers out from the depths.§r
01:29:20 [modified] §e§lDOUBLE HOOK! §r§aA Fire Eel slithers out from the depths.§r§r
01:31:41  
01:31:41 [original] §r§aFrom beneath the lava appears a Magma Slug.§r
01:31:41 [modified] §e§lDOUBLE HOOK! §r§aFrom beneath the lava appears a Magma Slug.§r§r
01:38:03  
01:38:03 [original] §r§aFrom beneath the lava appears a Magma Slug.§r
01:38:03 [modified] §e§lDOUBLE HOOK! §r§aFrom beneath the lava appears a Magma Slug.§r§r
