10:55:19 Trying to load config from config\skyhanni\config.json
10:55:19 load-config-now
10:55:19 Loaded config from file
10:55:19 Trying to load sacks from config\skyhanni\sacks.json
10:55:19 load-sacks-now
10:55:19 Loaded sacks from file
10:55:19 Trying to load friends from config\skyhanni\friends.json
10:55:19 load-friends-now
10:55:19 Loaded friends from file
10:55:19 Trying to load known_features from config\skyhanni\known_features.json
10:55:19 load-known_features-now
10:55:19 Loaded known_features from file
10:55:19 Trying to load jacob_contests from config\skyhanni\jacob_contests.json
10:55:19 load-jacob_contests-now
10:55:19 Loaded jacob_contests from file
10:55:19 Trying to load visual_words from config\skyhanni\visual_words.json
10:55:19 Setting visual_words to be blank as it did not exist. It will be saved once something is written to it
10:56:19 saveConfig: auto-save-60s
10:56:19 Saving config file
10:57:19 saveConfig: auto-save-60s
10:57:19 Saving config file
10:58:19 saveConfig: auto-save-60s
10:58:19 Saving config file
10:59:19 saveConfig: auto-save-60s
10:59:19 Saving config file
11:00:19 saveConfig: auto-save-60s
11:00:19 Saving config file
11:01:19 saveConfig: auto-save-60s
11:01:19 Saving config file
11:01:50 saveConfig: Updated known feature flags
11:01:50 Saving known_features file
11:02:19 saveConfig: auto-save-60s
11:02:19 Saving config file
11:03:19 saveConfig: auto-save-60s
11:03:19 Saving config file
11:04:19 saveConfig: auto-save-60s
11:04:19 Saving config file
11:05:01 saveConfig: saving-data
11:05:01 Saving sacks file
11:05:19 saveConfig: auto-save-60s
11:05:19 Saving config file
11:06:00 saveConfig: saving-data
11:06:00 Saving sacks file
11:06:19 saveConfig: auto-save-60s
11:06:19 Saving config file
11:07:19 saveConfig: auto-save-60s
11:07:19 Saving config file
11:07:36 saveConfig: saving-data
11:07:36 Saving sacks file
11:07:44 saveConfig: saving-data
11:07:44 Saving sacks file
11:08:01 saveConfig: saving-data
11:08:01 Saving sacks file
11:08:10 saveConfig: saving-data
11:08:10 Saving sacks file
11:08:19 saveConfig: auto-save-60s
11:08:19 Saving config file
11:08:25 saveConfig: saving-data
11:08:25 Saving sacks file
11:08:48 saveConfig: saving-data
11:08:48 Saving sacks file
11:09:19 saveConfig: auto-save-60s
11:09:19 Saving config file
11:10:19 saveConfig: auto-save-60s
11:10:19 Saving config file
11:11:19 saveConfig: auto-save-60s
11:11:19 Saving config file
11:12:19 saveConfig: auto-save-60s
11:12:19 Saving config file
11:13:19 saveConfig: auto-save-60s
11:13:19 Saving config file
11:14:19 saveConfig: auto-save-60s
11:14:19 Saving config file
11:15:19 saveConfig: auto-save-60s
11:15:19 Saving config file
11:16:19 saveConfig: auto-save-60s
11:16:19 Saving config file
11:17:19 saveConfig: auto-save-60s
11:17:19 Saving config file
11:18:19 saveConfig: auto-save-60s
11:18:19 Saving config file
11:19:19 saveConfig: auto-save-60s
11:19:19 Saving config file
11:20:19 saveConfig: auto-save-60s
11:20:19 Saving config file
11:21:19 saveConfig: auto-save-60s
11:21:19 Saving config file
11:22:19 saveConfig: auto-save-60s
11:22:19 Saving config file
11:23:19 saveConfig: auto-save-60s
11:23:19 Saving config file
11:24:19 saveConfig: auto-save-60s
11:24:19 Saving config file
11:25:19 saveConfig: auto-save-60s
11:25:19 Saving config file
11:26:19 saveConfig: auto-save-60s
11:26:19 Saving config file
11:27:19 saveConfig: auto-save-60s
11:27:19 Saving config file
11:28:19 saveConfig: auto-save-60s
11:28:19 Saving config file
11:29:19 saveConfig: auto-save-60s
11:29:19 Saving config file
11:30:19 saveConfig: auto-save-60s
11:30:19 Saving config file
11:31:19 saveConfig: auto-save-60s
11:31:19 Saving config file
11:32:19 saveConfig: auto-save-60s
11:32:19 Saving config file
11:33:19 saveConfig: auto-save-60s
11:33:19 Saving config file
11:34:19 saveConfig: auto-save-60s
11:34:19 Saving config file
11:35:19 saveConfig: auto-save-60s
11:35:19 Saving config file
11:36:19 saveConfig: auto-save-60s
11:36:19 Saving config file
11:37:19 saveConfig: auto-save-60s
11:37:19 Saving config file
11:38:19 saveConfig: auto-save-60s
11:38:19 Saving config file
11:39:19 saveConfig: auto-save-60s
11:39:19 Saving config file
11:40:19 saveConfig: auto-save-60s
11:40:19 Saving config file
11:41:19 saveConfig: auto-save-60s
11:41:19 Saving config file
11:42:19 saveConfig: auto-save-60s
11:42:19 Saving config file
11:43:19 saveConfig: auto-save-60s
11:43:19 Saving config file
11:44:19 saveConfig: auto-save-60s
11:44:19 Saving config file
11:45:19 saveConfig: auto-save-60s
11:45:19 Saving config file
11:46:19 saveConfig: auto-save-60s
11:46:19 Saving config file
11:47:19 saveConfig: auto-save-60s
11:47:19 Saving config file
11:48:19 saveConfig: auto-save-60s
11:48:19 Saving config file
11:49:19 saveConfig: auto-save-60s
11:49:19 Saving config file
11:50:19 saveConfig: auto-save-60s
11:50:19 Saving config file
11:51:19 saveConfig: auto-save-60s
11:51:19 Saving config file
11:52:19 saveConfig: auto-save-60s
11:52:19 Saving config file
11:53:19 saveConfig: auto-save-60s
11:53:19 Saving config file
11:54:19 saveConfig: auto-save-60s
11:54:19 Saving config file
11:55:19 saveConfig: auto-save-60s
11:55:19 Saving config file
11:56:19 saveConfig: auto-save-60s
11:56:19 Saving config file
11:57:19 saveConfig: auto-save-60s
11:57:19 Saving config file
11:58:19 saveConfig: auto-save-60s
11:58:19 Saving config file
11:59:19 saveConfig: auto-save-60s
11:59:19 Saving config file
12:00:19 saveConfig: auto-save-60s
12:00:19 Saving config file
12:01:19 saveConfig: auto-save-60s
12:01:19 Saving config file
12:02:19 saveConfig: auto-save-60s
12:02:19 Saving config file
12:03:19 saveConfig: auto-save-60s
12:03:19 Saving config file
12:04:19 saveConfig: auto-save-60s
12:04:19 Saving config file
12:05:19 saveConfig: auto-save-60s
12:05:19 Saving config file
12:06:19 saveConfig: auto-save-60s
12:06:19 Saving config file
12:07:19 saveConfig: auto-save-60s
12:07:19 Saving config file
12:08:19 saveConfig: auto-save-60s
12:08:19 Saving config file
12:09:19 saveConfig: auto-save-60s
12:09:19 Saving config file
12:10:19 saveConfig: auto-save-60s
12:10:19 Saving config file
12:11:19 saveConfig: auto-save-60s
12:11:19 Saving config file
12:12:19 saveConfig: auto-save-60s
12:12:19 Saving config file
12:13:19 saveConfig: auto-save-60s
12:13:19 Saving config file
12:14:19 saveConfig: auto-save-60s
12:14:19 Saving config file
12:14:53 saveConfig: saving-data
12:14:53 Saving sacks file
12:15:19 saveConfig: auto-save-60s
12:15:19 Saving config file
12:16:19 saveConfig: auto-save-60s
12:16:19 Saving config file
12:17:19 saveConfig: auto-save-60s
12:17:19 Saving config file
12:17:53 saveConfig: saving-data
12:17:53 Saving sacks file
12:18:19 saveConfig: auto-save-60s
12:18:19 Saving config file
12:19:19 saveConfig: auto-save-60s
12:19:19 Saving config file
12:20:19 saveConfig: auto-save-60s
12:20:19 Saving config file
12:21:19 saveConfig: auto-save-60s
12:21:19 Saving config file
12:22:19 saveConfig: auto-save-60s
12:22:19 Saving config file
12:23:19 saveConfig: auto-save-60s
12:23:19 Saving config file
12:24:19 saveConfig: auto-save-60s
12:24:19 Saving config file
12:25:19 saveConfig: auto-save-60s
12:25:19 Saving config file
12:26:19 saveConfig: auto-save-60s
12:26:19 Saving config file
12:27:19 saveConfig: auto-save-60s
12:27:19 Saving config file
12:28:19 saveConfig: auto-save-60s
12:28:19 Saving config file
12:29:19 saveConfig: auto-save-60s
12:29:19 Saving config file
12:30:19 saveConfig: auto-save-60s
12:30:19 Saving config file
12:31:19 saveConfig: auto-save-60s
12:31:19 Saving config file
12:32:19 saveConfig: auto-save-60s
12:32:19 Saving config file
12:33:19 saveConfig: auto-save-60s
12:33:19 Saving config file
12:34:19 saveConfig: auto-save-60s
12:34:19 Saving config file
12:35:19 saveConfig: auto-save-60s
12:35:19 Saving config file
12:36:19 saveConfig: auto-save-60s
12:36:19 Saving config file
12:37:19 saveConfig: auto-save-60s
12:37:19 Saving config file
12:38:19 saveConfig: auto-save-60s
12:38:19 Saving config file
12:39:19 saveConfig: auto-save-60s
12:39:19 Saving config file
12:40:19 saveConfig: auto-save-60s
12:40:19 Saving config file
12:41:19 saveConfig: auto-save-60s
12:41:19 Saving config file
12:42:19 saveConfig: auto-save-60s
12:42:19 Saving config file
12:43:19 saveConfig: auto-save-60s
12:43:19 Saving config file
12:44:19 saveConfig: auto-save-60s
12:44:19 Saving config file
12:45:19 saveConfig: auto-save-60s
12:45:19 Saving config file
12:46:19 saveConfig: auto-save-60s
12:46:19 Saving config file
12:47:19 saveConfig: auto-save-60s
12:47:19 Saving config file
12:48:19 saveConfig: auto-save-60s
12:48:19 Saving config file
12:49:19 saveConfig: auto-save-60s
12:49:19 Saving config file
12:50:19 saveConfig: auto-save-60s
12:50:19 Saving config file
12:51:19 saveConfig: saving-data
12:51:19 Saving sacks file
12:51:19 saveConfig: auto-save-60s
12:51:19 Saving config file
12:51:32 saveConfig: saving-data
12:51:32 Saving sacks file
12:52:19 saveConfig: auto-save-60s
12:52:19 Saving config file
12:52:31 saveConfig: saving-data
12:52:31 Saving sacks file
12:52:40 saveConfig: saving-data
12:52:40 Saving sacks file
12:52:52 saveConfig: saving-data
12:52:52 Saving sacks file
12:53:19 saveConfig: auto-save-60s
12:53:19 Saving config file
12:54:19 saveConfig: auto-save-60s
12:54:19 Saving config file
12:55:19 saveConfig: auto-save-60s
12:55:19 Saving config file
12:56:19 saveConfig: auto-save-60s
12:56:19 Saving config file
12:57:19 saveConfig: auto-save-60s
12:57:19 Saving config file
12:58:19 saveConfig: auto-save-60s
12:58:19 Saving config file
12:58:27 saveConfig: saving-data
12:58:27 Saving sacks file
12:58:35 saveConfig: saving-data
12:58:35 Saving sacks file
12:58:51 saveConfig: saving-data
12:58:51 Saving sacks file
12:59:19 saveConfig: auto-save-60s
12:59:19 Saving config file
13:00:19 saveConfig: auto-save-60s
13:00:19 Saving config file
13:01:19 saveConfig: auto-save-60s
13:01:19 Saving config file
13:02:19 saveConfig: auto-save-60s
13:02:19 Saving config file
13:03:19 saveConfig: auto-save-60s
13:03:19 Saving config file
13:04:19 saveConfig: auto-save-60s
13:04:19 Saving config file
13:05:19 saveConfig: auto-save-60s
13:05:19 Saving config file
13:06:19 saveConfig: auto-save-60s
13:06:19 Saving config file
13:07:19 saveConfig: auto-save-60s
13:07:19 Saving config file
13:08:19 saveConfig: auto-save-60s
13:08:19 Saving config file
13:09:19 saveConfig: auto-save-60s
13:09:19 Saving config file
13:10:19 saveConfig: auto-save-60s
13:10:19 Saving config file
13:11:19 saveConfig: auto-save-60s
13:11:19 Saving config file
13:12:19 saveConfig: auto-save-60s
13:12:19 Saving config file
13:13:19 saveConfig: auto-save-60s
13:13:19 Saving config file
13:14:19 saveConfig: auto-save-60s
13:14:19 Saving config file
13:15:19 saveConfig: auto-save-60s
13:15:19 Saving config file
13:16:19 saveConfig: auto-save-60s
13:16:19 Saving config file
13:17:19 saveConfig: auto-save-60s
13:17:19 Saving config file
13:18:19 saveConfig: auto-save-60s
13:18:19 Saving config file
13:19:19 saveConfig: auto-save-60s
13:19:19 Saving config file
13:20:19 saveConfig: auto-save-60s
13:20:19 Saving config file
13:21:19 saveConfig: auto-save-60s
13:21:19 Saving config file
13:22:19 saveConfig: auto-save-60s
13:22:19 Saving config file
13:22:53 saveConfig: saving-data
13:22:53 Saving sacks file
13:23:19 saveConfig: auto-save-60s
13:23:19 Saving config file
13:23:33 saveConfig: saving-data
13:23:33 Saving sacks file
13:23:50 saveConfig: saving-data
13:23:50 Saving sacks file
13:24:14 saveConfig: saving-data
13:24:14 Saving sacks file
13:24:19 saveConfig: auto-save-60s
13:24:19 Saving config file
13:24:24 saveConfig: saving-data
13:24:24 Saving sacks file
13:24:36 saveConfig: saving-data
13:24:36 Saving sacks file
13:24:54 saveConfig: saving-data
13:24:54 Saving sacks file
13:25:10 saveConfig: saving-data
13:25:10 Saving sacks file
13:25:19 saveConfig: auto-save-60s
13:25:19 Saving config file
13:25:35 saveConfig: saving-data
13:25:35 Saving sacks file
13:25:50 saveConfig: saving-data
13:25:50 Saving sacks file
13:26:19 saveConfig: auto-save-60s
13:26:19 Saving config file
13:26:56 saveConfig: saving-data
13:26:56 Saving sacks file
13:27:19 saveConfig: auto-save-60s
13:27:19 Saving config file
13:27:23 saveConfig: saving-data
13:27:23 Saving sacks file
13:28:12 saveConfig: saving-data
13:28:12 Saving sacks file
13:28:19 saveConfig: auto-save-60s
13:28:19 Saving config file
13:28:22 saveConfig: saving-data
13:28:22 Saving sacks file
13:28:34 saveConfig: saving-data
13:28:34 Saving sacks file
13:29:05 saveConfig: saving-data
13:29:05 Saving sacks file
13:29:19 saveConfig: auto-save-60s
13:29:19 Saving config file
13:29:43 saveConfig: saving-data
13:29:43 Saving sacks file
13:29:57 saveConfig: saving-data
13:29:57 Saving sacks file
13:30:19 saveConfig: auto-save-60s
13:30:19 Saving config file
13:30:28 saveConfig: saving-data
13:30:28 Saving sacks file
13:30:53 saveConfig: saving-data
13:30:53 Saving sacks file
13:31:19 saveConfig: auto-save-60s
13:31:19 Saving config file
13:32:19 saveConfig: auto-save-60s
13:32:19 Saving config file
13:32:38 saveConfig: saving-data
13:32:38 Saving sacks file
13:33:19 saveConfig: auto-save-60s
13:33:19 Saving config file
13:33:22 saveConfig: saving-data
13:33:22 Saving sacks file
13:33:44 saveConfig: saving-data
13:33:44 Saving sacks file
13:33:55 saveConfig: saving-data
13:33:55 Saving sacks file
13:34:19 saveConfig: auto-save-60s
13:34:19 Saving config file
13:34:20 saveConfig: saving-data
13:34:20 Saving sacks file
13:35:19 saveConfig: auto-save-60s
13:35:19 Saving config file
13:35:20 saveConfig: saving-data
13:35:20 Saving sacks file
13:35:33 saveConfig: saving-data
13:35:33 Saving sacks file
13:35:51 saveConfig: saving-data
13:35:51 Saving sacks file
13:36:18 saveConfig: saving-data
13:36:18 Saving sacks file
13:36:19 saveConfig: auto-save-60s
13:36:19 Saving config file
13:36:27 saveConfig: saving-data
13:36:27 Saving sacks file
13:36:55 saveConfig: saving-data
13:36:55 Saving sacks file
13:37:01 saveConfig: saving-data
13:37:01 Saving sacks file
13:37:19 saveConfig: auto-save-60s
13:37:19 Saving config file
13:37:53 saveConfig: saving-data
13:37:53 Saving sacks file
13:38:13 saveConfig: saving-data
13:38:13 Saving sacks file
13:38:19 saveConfig: auto-save-60s
13:38:19 Saving config file
13:39:19 saveConfig: auto-save-60s
13:39:19 Saving config file
13:39:23 saveConfig: saving-data
13:39:23 Saving sacks file
13:39:32 saveConfig: saving-data
13:39:32 Saving sacks file
13:39:54 saveConfig: saving-data
13:39:54 Saving sacks file
13:40:14 saveConfig: saving-data
13:40:14 Saving sacks file
13:40:19 saveConfig: auto-save-60s
13:40:19 Saving config file
13:40:26 saveConfig: saving-data
13:40:26 Saving sacks file
13:41:05 saveConfig: saving-data
13:41:05 Saving sacks file
13:41:19 saveConfig: auto-save-60s
13:41:19 Saving config file
13:41:28 saveConfig: saving-data
13:41:28 Saving sacks file
13:41:45 saveConfig: saving-data
13:41:45 Saving sacks file
13:42:19 saveConfig: auto-save-60s
13:42:19 Saving config file
13:42:34 saveConfig: saving-data
13:42:34 Saving sacks file
13:42:40 saveConfig: saving-data
13:42:40 Saving sacks file
13:43:02 saveConfig: saving-data
13:43:02 Saving sacks file
13:43:19 saveConfig: auto-save-60s
13:43:19 Saving config file
13:44:19 saveConfig: auto-save-60s
13:44:19 Saving config file
13:44:45 saveConfig: saving-data
13:44:45 Saving sacks file
13:44:57 saveConfig: saving-data
13:44:57 Saving sacks file
13:45:05 saveConfig: saving-data
13:45:05 Saving sacks file
13:45:19 saveConfig: auto-save-60s
13:45:19 Saving config file
13:45:41 saveConfig: saving-data
13:45:41 Saving sacks file
13:46:09 saveConfig: saving-data
13:46:09 Saving sacks file
13:46:19 saveConfig: auto-save-60s
13:46:19 Saving config file
13:46:47 saveConfig: saving-data
13:46:47 Saving sacks file
13:47:18 saveConfig: saving-data
13:47:18 Saving sacks file
13:47:19 saveConfig: auto-save-60s
13:47:19 Saving config file
13:47:33 saveConfig: saving-data
13:47:33 Saving sacks file
13:47:49 saveConfig: saving-data
13:47:49 Saving sacks file
13:48:19 saveConfig: auto-save-60s
13:48:19 Saving config file
13:48:35 saveConfig: saving-data
13:48:35 Saving sacks file
13:48:54 saveConfig: saving-data
13:48:54 Saving sacks file
13:49:11 saveConfig: saving-data
13:49:11 Saving sacks file
13:49:19 saveConfig: auto-save-60s
13:49:19 Saving config file
13:50:19 saveConfig: auto-save-60s
13:50:19 Saving config file
13:51:05 saveConfig: saving-data
13:51:05 Saving sacks file
13:51:19 saveConfig: auto-save-60s
13:51:19 Saving config file
13:51:24 saveConfig: saving-data
13:51:24 Saving sacks file
13:52:19 saveConfig: auto-save-60s
13:52:19 Saving config file
13:53:19 saveConfig: auto-save-60s
13:53:19 Saving config file
13:54:19 saveConfig: auto-save-60s
13:54:19 Saving config file
13:54:56 saveConfig: saving-data
13:54:56 Saving sacks file
13:55:19 saveConfig: auto-save-60s
13:55:19 Saving config file
13:55:33 saveConfig: saving-data
13:55:33 Saving sacks file
13:55:55 saveConfig: saving-data
13:55:55 Saving sacks file
13:56:08 saveConfig: saving-data
13:56:08 Saving sacks file
13:56:19 saveConfig: auto-save-60s
13:56:19 Saving config file
13:56:24 saveConfig: saving-data
13:56:24 Saving sacks file
13:56:43 saveConfig: saving-data
13:56:43 Saving sacks file
13:57:00 saveConfig: saving-data
13:57:00 Saving sacks file
13:57:19 saveConfig: saving-data
13:57:19 Saving sacks file
13:57:19 saveConfig: auto-save-60s
13:57:19 Saving config file
13:58:11 saveConfig: saving-data
13:58:11 Saving sacks file
13:58:19 saveConfig: auto-save-60s
13:58:19 Saving config file
13:58:39 saveConfig: saving-data
13:58:39 Saving sacks file
13:59:19 saveConfig: auto-save-60s
13:59:19 Saving config file
14:00:18 saveConfig: saving-data
14:00:18 Saving sacks file
14:00:19 saveConfig: auto-save-60s
14:00:19 Saving config file
14:01:19 saveConfig: auto-save-60s
14:01:19 Saving config file
14:02:19 saveConfig: auto-save-60s
14:02:19 Saving config file
14:03:19 saveConfig: auto-save-60s
14:03:19 Saving config file
14:03:30 saveConfig: saving-data
14:03:30 Saving sacks file
14:04:02 saveConfig: saving-data
14:04:02 Saving sacks file
14:04:19 saveConfig: auto-save-60s
14:04:19 Saving config file
14:04:41 saveConfig: saving-data
14:04:41 Saving sacks file
14:05:16 saveConfig: saving-data
14:05:16 Saving sacks file
14:05:19 saveConfig: auto-save-60s
14:05:19 Saving config file
14:05:23 saveConfig: saving-data
14:05:23 Saving sacks file
14:05:45 saveConfig: saving-data
14:05:45 Saving sacks file
14:06:05 saveConfig: saving-data
14:06:05 Saving sacks file
14:06:19 saveConfig: auto-save-60s
14:06:19 Saving config file
14:06:35 saveConfig: saving-data
14:06:35 Saving sacks file
14:06:44 saveConfig: saving-data
14:06:44 Saving sacks file
14:06:57 saveConfig: saving-data
14:06:57 Saving sacks file
14:07:04 saveConfig: saving-data
14:07:04 Saving sacks file
14:07:19 saveConfig: auto-save-60s
14:07:19 Saving config file
14:07:43 saveConfig: saving-data
14:07:43 Saving sacks file
14:08:19 saveConfig: auto-save-60s
14:08:19 Saving config file
14:08:56 saveConfig: saving-data
14:08:56 Saving sacks file
14:09:19 saveConfig: auto-save-60s
14:09:19 Saving config file
14:10:08 saveConfig: saving-data
14:10:08 Saving sacks file
14:10:19 saveConfig: auto-save-60s
14:10:19 Saving config file
14:11:01 saveConfig: saving-data
14:11:01 Saving sacks file
14:11:19 saveConfig: auto-save-60s
14:11:19 Saving config file
14:11:35 saveConfig: saving-data
14:11:35 Saving sacks file
14:11:45 saveConfig: saving-data
14:11:45 Saving sacks file
14:12:19 saveConfig: auto-save-60s
14:12:19 Saving config file
14:13:19 saveConfig: auto-save-60s
14:13:19 Saving config file
14:14:19 saveConfig: auto-save-60s
14:14:19 Saving config file
14:15:19 saveConfig: auto-save-60s
14:15:19 Saving config file
14:16:19 saveConfig: auto-save-60s
14:16:19 Saving config file
14:17:19 saveConfig: auto-save-60s
14:17:19 Saving config file
14:18:19 saveConfig: auto-save-60s
14:18:19 Saving config file
14:19:19 saveConfig: auto-save-60s
14:19:19 Saving config file
14:20:19 saveConfig: auto-save-60s
14:20:19 Saving config file
14:21:19 saveConfig: auto-save-60s
14:21:19 Saving config file
14:22:19 saveConfig: auto-save-60s
14:22:19 Saving config file
14:23:19 saveConfig: auto-save-60s
14:23:19 Saving config file
14:24:19 saveConfig: auto-save-60s
14:24:19 Saving config file
14:25:19 saveConfig: auto-save-60s
14:25:19 Saving config file
14:26:19 saveConfig: auto-save-60s
14:26:19 Saving config file
14:27:19 saveConfig: auto-save-60s
14:27:19 Saving config file
14:28:19 saveConfig: auto-save-60s
14:28:19 Saving config file
14:29:19 saveConfig: auto-save-60s
14:29:19 Saving config file
14:30:19 saveConfig: auto-save-60s
14:30:19 Saving config file
14:31:19 saveConfig: auto-save-60s
14:31:19 Saving config file
14:32:19 saveConfig: auto-save-60s
14:32:19 Saving config file
14:33:19 saveConfig: auto-save-60s
14:33:19 Saving config file
14:34:19 saveConfig: auto-save-60s
14:34:19 Saving config file
14:34:40 saveConfig: saving-data
14:34:40 Saving sacks file
14:35:19 saveConfig: auto-save-60s
14:35:19 Saving config file
14:36:19 saveConfig: auto-save-60s
14:36:19 Saving config file
14:37:19 saveConfig: auto-save-60s
14:37:19 Saving config file
14:38:19 saveConfig: auto-save-60s
14:38:19 Saving config file
14:39:19 saveConfig: auto-save-60s
14:39:19 Saving config file
14:40:19 saveConfig: auto-save-60s
14:40:19 Saving config file
14:41:19 saveConfig: auto-save-60s
14:41:19 Saving config file
14:42:19 saveConfig: auto-save-60s
14:42:19 Saving config file
14:43:19 saveConfig: auto-save-60s
14:43:19 Saving config file
14:44:19 saveConfig: auto-save-60s
14:44:19 Saving config file
14:45:19 saveConfig: auto-save-60s
14:45:19 Saving config file
14:46:19 saveConfig: auto-save-60s
14:46:19 Saving config file
14:47:19 saveConfig: auto-save-60s
14:47:19 Saving config file
14:48:19 saveConfig: auto-save-60s
14:48:19 Saving config file
14:49:19 saveConfig: auto-save-60s
14:49:19 Saving config file
14:50:19 saveConfig: auto-save-60s
14:50:19 Saving config file
14:51:19 saveConfig: auto-save-60s
14:51:19 Saving config file
14:52:19 saveConfig: auto-save-60s
14:52:19 Saving config file
14:53:19 saveConfig: auto-save-60s
14:53:19 Saving config file
14:54:19 saveConfig: auto-save-60s
14:54:19 Saving config file
14:55:19 saveConfig: auto-save-60s
14:55:19 Saving config file
14:56:19 saveConfig: auto-save-60s
14:56:19 Saving config file
14:57:19 saveConfig: auto-save-60s
14:57:19 Saving config file
14:58:19 saveConfig: auto-save-60s
14:58:19 Saving config file
14:59:19 saveConfig: auto-save-60s
14:59:19 Saving config file
15:00:19 saveConfig: auto-save-60s
15:00:19 Saving config file
15:01:19 saveConfig: auto-save-60s
15:01:19 Saving config file
15:02:19 saveConfig: auto-save-60s
15:02:19 Saving config file
15:03:19 saveConfig: auto-save-60s
15:03:19 Saving config file
15:04:19 saveConfig: auto-save-60s
15:04:19 Saving config file
15:05:19 saveConfig: auto-save-60s
15:05:19 Saving config file
15:06:19 saveConfig: auto-save-60s
15:06:19 Saving config file
15:07:19 saveConfig: auto-save-60s
15:07:19 Saving config file
15:08:19 saveConfig: auto-save-60s
15:08:19 Saving config file
15:09:19 saveConfig: auto-save-60s
15:09:19 Saving config file
15:10:19 saveConfig: auto-save-60s
15:10:19 Saving config file
15:11:19 saveConfig: auto-save-60s
15:11:19 Saving config file
15:12:19 saveConfig: auto-save-60s
15:12:19 Saving config file
15:13:19 saveConfig: auto-save-60s
15:13:19 Saving config file
15:14:19 saveConfig: auto-save-60s
15:14:19 Saving config file
15:15:19 saveConfig: auto-save-60s
15:15:19 Saving config file
15:16:19 saveConfig: auto-save-60s
15:16:19 Saving config file
15:17:19 saveConfig: auto-save-60s
15:17:19 Saving config file
15:18:19 saveConfig: auto-save-60s
15:18:19 Saving config file
15:19:19 saveConfig: auto-save-60s
15:19:19 Saving config file
15:20:19 saveConfig: auto-save-60s
15:20:19 Saving config file
15:21:19 saveConfig: auto-save-60s
15:21:19 Saving config file
15:22:19 saveConfig: auto-save-60s
15:22:19 Saving config file
15:23:19 saveConfig: auto-save-60s
15:23:19 Saving config file
15:24:19 saveConfig: auto-save-60s
15:24:19 Saving config file
15:25:19 saveConfig: auto-save-60s
15:25:19 Saving config file
15:26:19 saveConfig: auto-save-60s
15:26:19 Saving config file
15:27:19 saveConfig: auto-save-60s
15:27:19 Saving config file
15:28:19 saveConfig: auto-save-60s
15:28:19 Saving config file
15:29:19 saveConfig: auto-save-60s
15:29:19 Saving config file
15:30:19 saveConfig: auto-save-60s
15:30:19 Saving config file
15:31:19 saveConfig: auto-save-60s
15:31:19 Saving config file
15:32:19 saveConfig: auto-save-60s
15:32:19 Saving config file
15:33:19 saveConfig: auto-save-60s
15:33:19 Saving config file
15:34:19 saveConfig: auto-save-60s
15:34:19 Saving config file
15:35:19 saveConfig: auto-save-60s
15:35:19 Saving config file
15:36:19 saveConfig: auto-save-60s
15:36:19 Saving config file
15:37:19 saveConfig: auto-save-60s
15:37:19 Saving config file
15:38:19 saveConfig: auto-save-60s
15:38:19 Saving config file
15:39:19 saveConfig: auto-save-60s
15:39:19 Saving config file
15:40:19 saveConfig: auto-save-60s
15:40:19 Saving config file
15:41:19 saveConfig: auto-save-60s
15:41:19 Saving config file
15:42:19 saveConfig: auto-save-60s
15:42:19 Saving config file
15:43:19 saveConfig: auto-save-60s
15:43:19 Saving config file
15:44:19 saveConfig: auto-save-60s
15:44:19 Saving config file
15:45:19 saveConfig: auto-save-60s
15:45:19 Saving config file
15:46:19 saveConfig: auto-save-60s
15:46:19 Saving config file
15:47:19 saveConfig: auto-save-60s
15:47:19 Saving config file
15:48:19 saveConfig: auto-save-60s
15:48:19 Saving config file
15:49:19 saveConfig: auto-save-60s
15:49:19 Saving config file
15:50:19 saveConfig: auto-save-60s
15:50:19 Saving config file
15:51:19 saveConfig: auto-save-60s
15:51:19 Saving config file
15:52:19 saveConfig: auto-save-60s
15:52:19 Saving config file
15:53:19 saveConfig: auto-save-60s
15:53:19 Saving config file
15:54:19 saveConfig: auto-save-60s
15:54:19 Saving config file
15:55:19 saveConfig: auto-save-60s
15:55:19 Saving config file
15:56:19 saveConfig: auto-save-60s
15:56:19 Saving config file
15:57:19 saveConfig: auto-save-60s
15:57:19 Saving config file
15:58:19 saveConfig: auto-save-60s
15:58:19 Saving config file
15:59:19 saveConfig: auto-save-60s
15:59:19 Saving config file
16:00:19 saveConfig: auto-save-60s
16:00:19 Saving config file
16:01:19 saveConfig: auto-save-60s
16:01:19 Saving config file
16:02:19 saveConfig: auto-save-60s
16:02:19 Saving config file
16:03:19 saveConfig: auto-save-60s
16:03:19 Saving config file
16:04:19 saveConfig: auto-save-60s
16:04:19 Saving config file
16:05:19 saveConfig: auto-save-60s
16:05:19 Saving config file
16:06:19 saveConfig: auto-save-60s
16:06:19 Saving config file
16:07:19 saveConfig: auto-save-60s
16:07:19 Saving config file
16:08:19 saveConfig: auto-save-60s
16:08:19 Saving config file
16:09:19 saveConfig: auto-save-60s
16:09:19 Saving config file
16:09:42 saveConfig: saving-data
16:09:42 Saving sacks file
16:10:10 saveConfig: saving-data
16:10:10 Saving sacks file
16:10:19 saveConfig: auto-save-60s
16:10:19 Saving config file
16:10:41 saveConfig: saving-data
16:10:41 Saving sacks file
16:11:19 saveConfig: auto-save-60s
16:11:19 Saving config file
16:11:21 saveConfig: saving-data
16:11:21 Saving sacks file
16:11:44 saveConfig: saving-data
16:11:44 Saving sacks file
16:12:14 saveConfig: saving-data
16:12:14 Saving sacks file
16:12:19 saveConfig: auto-save-60s
16:12:19 Saving config file
16:12:49 saveConfig: saving-data
16:12:49 Saving sacks file
16:13:19 saveConfig: auto-save-60s
16:13:19 Saving config file
16:13:33 saveConfig: saving-data
16:13:33 Saving sacks file
16:14:19 saveConfig: auto-save-60s
16:14:19 Saving config file
16:14:36 saveConfig: saving-data
16:14:36 Saving sacks file
16:15:19 saveConfig: auto-save-60s
16:15:19 Saving config file
16:15:24 saveConfig: saving-data
16:15:24 Saving sacks file
16:16:19 saveConfig: auto-save-60s
16:16:19 Saving config file
16:17:19 saveConfig: auto-save-60s
16:17:19 Saving config file
16:17:20 saveConfig: saving-data
16:17:20 Saving sacks file
16:17:34 saveConfig: saving-data
16:17:34 Saving sacks file
16:18:13 saveConfig: saving-data
16:18:13 Saving sacks file
16:18:19 saveConfig: auto-save-60s
16:18:19 Saving config file
16:18:27 saveConfig: saving-data
16:18:27 Saving sacks file
16:19:19 saveConfig: auto-save-60s
16:19:19 Saving config file
16:19:48 saveConfig: saving-data
16:19:48 Saving sacks file
16:20:12 saveConfig: saving-data
16:20:12 Saving sacks file
16:20:19 saveConfig: auto-save-60s
16:20:19 Saving config file
16:20:39 saveConfig: saving-data
16:20:39 Saving sacks file
16:20:50 saveConfig: saving-data
16:20:50 Saving sacks file
16:21:14 saveConfig: saving-data
16:21:14 Saving sacks file
16:21:19 saveConfig: auto-save-60s
16:21:19 Saving config file
16:22:19 saveConfig: auto-save-60s
16:22:19 Saving config file
16:22:39 saveConfig: saving-data
16:22:39 Saving sacks file
16:22:46 saveConfig: saving-data
16:22:46 Saving sacks file
16:23:17 saveConfig: saving-data
16:23:17 Saving sacks file
16:23:19 saveConfig: auto-save-60s
16:23:19 Saving config file
16:23:53 saveConfig: saving-data
16:23:53 Saving sacks file
16:24:11 saveConfig: saving-data
16:24:11 Saving sacks file
16:24:19 saveConfig: auto-save-60s
16:24:19 Saving config file
16:24:49 saveConfig: saving-data
16:24:49 Saving sacks file
16:25:19 saveConfig: auto-save-60s
16:25:19 Saving config file
16:25:23 saveConfig: saving-data
16:25:23 Saving sacks file
16:25:52 saveConfig: saving-data
16:25:52 Saving sacks file
16:26:19 saveConfig: auto-save-60s
16:26:19 Saving config file
16:26:26 saveConfig: saving-data
16:26:26 Saving sacks file
16:26:55 saveConfig: saving-data
16:26:55 Saving sacks file
16:27:19 saveConfig: auto-save-60s
16:27:19 Saving config file
16:27:26 saveConfig: saving-data
16:27:26 Saving sacks file
16:28:19 saveConfig: auto-save-60s
16:28:19 Saving config file
16:29:19 saveConfig: auto-save-60s
16:29:19 Saving config file
16:30:19 saveConfig: auto-save-60s
16:30:19 Saving config file
16:31:19 saveConfig: auto-save-60s
16:31:19 Saving config file
16:32:19 saveConfig: auto-save-60s
16:32:19 Saving config file
16:33:19 saveConfig: auto-save-60s
16:33:19 Saving config file
16:34:19 saveConfig: auto-save-60s
16:34:19 Saving config file
16:35:19 saveConfig: auto-save-60s
16:35:19 Saving config file
16:36:19 saveConfig: auto-save-60s
16:36:19 Saving config file
16:37:19 saveConfig: auto-save-60s
16:37:19 Saving config file
16:38:19 saveConfig: auto-save-60s
16:38:19 Saving config file
16:39:19 saveConfig: auto-save-60s
16:39:19 Saving config file
16:40:19 saveConfig: auto-save-60s
16:40:19 Saving config file
16:41:19 saveConfig: auto-save-60s
16:41:19 Saving config file
16:42:19 saveConfig: auto-save-60s
16:42:19 Saving config file
16:43:19 saveConfig: auto-save-60s
16:43:19 Saving config file
16:44:19 saveConfig: auto-save-60s
16:44:19 Saving config file
16:45:19 saveConfig: auto-save-60s
16:45:19 Saving config file
16:46:19 saveConfig: auto-save-60s
16:46:19 Saving config file
16:47:19 saveConfig: auto-save-60s
16:47:19 Saving config file
16:48:19 saveConfig: auto-save-60s
16:48:19 Saving config file
16:49:19 saveConfig: auto-save-60s
16:49:19 Saving config file
16:50:19 saveConfig: auto-save-60s
16:50:19 Saving config file
16:51:19 saveConfig: auto-save-60s
16:51:19 Saving config file
16:52:19 saveConfig: auto-save-60s
16:52:19 Saving config file
16:53:19 saveConfig: auto-save-60s
16:53:19 Saving config file
16:54:19 saveConfig: auto-save-60s
16:54:19 Saving config file
16:55:19 saveConfig: auto-save-60s
16:55:19 Saving config file
16:56:19 saveConfig: auto-save-60s
16:56:19 Saving config file
16:57:19 saveConfig: auto-save-60s
16:57:19 Saving config file
16:58:19 saveConfig: auto-save-60s
16:58:19 Saving config file
16:59:19 saveConfig: auto-save-60s
16:59:19 Saving config file
17:00:19 saveConfig: auto-save-60s
17:00:19 Saving config file
17:01:19 saveConfig: auto-save-60s
17:01:19 Saving config file
17:02:19 saveConfig: auto-save-60s
17:02:19 Saving config file
17:03:19 saveConfig: auto-save-60s
17:03:19 Saving config file
17:04:19 saveConfig: auto-save-60s
17:04:19 Saving config file
17:05:19 saveConfig: auto-save-60s
17:05:19 Saving config file
17:06:19 saveConfig: auto-save-60s
17:06:19 Saving config file
17:07:19 saveConfig: auto-save-60s
17:07:19 Saving config file
17:08:19 saveConfig: auto-save-60s
17:08:19 Saving config file
17:09:19 saveConfig: auto-save-60s
17:09:19 Saving config file
17:10:19 saveConfig: auto-save-60s
17:10:19 Saving config file
17:11:19 saveConfig: auto-save-60s
17:11:19 Saving config file
17:12:19 saveConfig: auto-save-60s
17:12:19 Saving config file
17:13:19 saveConfig: auto-save-60s
17:13:19 Saving config file
17:14:19 saveConfig: auto-save-60s
17:14:19 Saving config file
17:15:19 saveConfig: auto-save-60s
17:15:19 Saving config file
17:16:19 saveConfig: auto-save-60s
17:16:19 Saving config file
17:17:19 saveConfig: auto-save-60s
17:17:19 Saving config file
17:18:19 saveConfig: auto-save-60s
17:18:19 Saving config file
17:19:19 saveConfig: auto-save-60s
17:19:19 Saving config file
17:20:19 saveConfig: auto-save-60s
17:20:19 Saving config file
17:21:19 saveConfig: auto-save-60s
17:21:19 Saving config file
17:22:19 saveConfig: auto-save-60s
17:22:19 Saving config file
17:23:19 saveConfig: auto-save-60s
17:23:19 Saving config file
17:24:19 saveConfig: auto-save-60s
17:24:19 Saving config file
17:25:19 saveConfig: auto-save-60s
17:25:19 Saving config file
17:26:19 saveConfig: auto-save-60s
17:26:19 Saving config file
17:27:19 saveConfig: auto-save-60s
17:27:19 Saving config file
17:28:19 saveConfig: auto-save-60s
17:28:19 Saving config file
17:29:19 saveConfig: auto-save-60s
17:29:19 Saving config file
17:30:19 saveConfig: auto-save-60s
17:30:19 Saving config file
17:31:19 saveConfig: auto-save-60s
17:31:19 Saving config file
17:32:19 saveConfig: auto-save-60s
17:32:19 Saving config file
17:33:19 saveConfig: auto-save-60s
17:33:19 Saving config file
17:34:19 saveConfig: auto-save-60s
17:34:19 Saving config file
17:35:19 saveConfig: auto-save-60s
17:35:19 Saving config file
17:36:19 saveConfig: auto-save-60s
17:36:19 Saving config file
17:37:19 saveConfig: auto-save-60s
17:37:19 Saving config file
17:38:19 saveConfig: auto-save-60s
17:38:19 Saving config file
17:39:19 saveConfig: auto-save-60s
17:39:19 Saving config file
17:40:19 saveConfig: auto-save-60s
17:40:19 Saving config file
17:41:19 saveConfig: auto-save-60s
17:41:19 Saving config file
17:42:19 saveConfig: auto-save-60s
17:42:19 Saving config file
17:43:19 saveConfig: auto-save-60s
17:43:19 Saving config file
17:44:19 saveConfig: auto-save-60s
17:44:19 Saving config file
17:45:19 saveConfig: auto-save-60s
17:45:19 Saving config file
17:46:19 saveConfig: auto-save-60s
17:46:19 Saving config file
17:47:19 saveConfig: auto-save-60s
17:47:19 Saving config file
17:48:19 saveConfig: auto-save-60s
17:48:19 Saving config file
17:49:19 saveConfig: auto-save-60s
17:49:19 Saving config file
17:50:19 saveConfig: auto-save-60s
17:50:19 Saving config file
17:51:19 saveConfig: auto-save-60s
17:51:19 Saving config file
17:52:19 saveConfig: auto-save-60s
17:52:19 Saving config file
17:53:19 saveConfig: auto-save-60s
17:53:19 Saving config file
17:54:19 saveConfig: auto-save-60s
17:54:19 Saving config file
17:55:19 saveConfig: auto-save-60s
17:55:19 Saving config file
17:56:19 saveConfig: auto-save-60s
17:56:19 Saving config file
17:57:19 saveConfig: auto-save-60s
17:57:19 Saving config file
17:58:19 saveConfig: auto-save-60s
17:58:19 Saving config file
17:59:19 saveConfig: auto-save-60s
17:59:19 Saving config file
18:00:19 saveConfig: auto-save-60s
18:00:19 Saving config file
18:01:19 saveConfig: auto-save-60s
18:01:19 Saving config file
18:02:19 saveConfig: auto-save-60s
18:02:19 Saving config file
18:03:19 saveConfig: auto-save-60s
18:03:19 Saving config file
18:04:19 saveConfig: auto-save-60s
18:04:19 Saving config file
18:05:19 saveConfig: auto-save-60s
18:05:19 Saving config file
18:06:19 saveConfig: auto-save-60s
18:06:19 Saving config file
18:07:19 saveConfig: auto-save-60s
18:07:19 Saving config file
18:08:19 saveConfig: auto-save-60s
18:08:19 Saving config file
18:09:19 saveConfig: auto-save-60s
18:09:19 Saving config file
18:10:19 saveConfig: auto-save-60s
18:10:19 Saving config file
18:11:19 saveConfig: auto-save-60s
18:11:19 Saving config file
18:12:19 saveConfig: auto-save-60s
18:12:19 Saving config file
18:13:19 saveConfig: auto-save-60s
18:13:19 Saving config file
18:14:19 saveConfig: auto-save-60s
18:14:19 Saving config file
18:15:19 saveConfig: auto-save-60s
18:15:19 Saving config file
18:16:19 saveConfig: auto-save-60s
18:16:19 Saving config file
18:17:19 saveConfig: auto-save-60s
18:17:19 Saving config file
18:18:19 saveConfig: auto-save-60s
18:18:19 Saving config file
18:19:19 saveConfig: auto-save-60s
18:19:19 Saving config file
18:20:19 saveConfig: auto-save-60s
18:20:19 Saving config file
18:21:19 saveConfig: auto-save-60s
18:21:19 Saving config file
18:22:19 saveConfig: auto-save-60s
18:22:19 Saving config file
18:23:19 saveConfig: auto-save-60s
18:23:19 Saving config file
18:24:19 saveConfig: auto-save-60s
18:24:19 Saving config file
18:25:19 saveConfig: auto-save-60s
18:25:19 Saving config file
18:26:19 saveConfig: auto-save-60s
18:26:19 Saving config file
18:27:19 saveConfig: auto-save-60s
18:27:19 Saving config file
18:28:19 saveConfig: auto-save-60s
18:28:19 Saving config file
18:29:19 saveConfig: auto-save-60s
18:29:19 Saving config file
18:30:19 saveConfig: auto-save-60s
18:30:19 Saving config file
18:31:19 saveConfig: auto-save-60s
18:31:19 Saving config file
18:32:19 saveConfig: auto-save-60s
18:32:19 Saving config file
18:33:19 saveConfig: auto-save-60s
18:33:19 Saving config file
18:34:19 saveConfig: auto-save-60s
18:34:19 Saving config file
18:35:19 saveConfig: auto-save-60s
18:35:19 Saving config file
18:36:19 saveConfig: auto-save-60s
18:36:19 Saving config file
18:37:19 saveConfig: auto-save-60s
18:37:19 Saving config file
18:38:19 saveConfig: auto-save-60s
18:38:19 Saving config file
18:39:19 saveConfig: auto-save-60s
18:39:19 Saving config file
18:40:19 saveConfig: auto-save-60s
18:40:19 Saving config file
18:41:19 saveConfig: auto-save-60s
18:41:19 Saving config file
18:42:19 saveConfig: auto-save-60s
18:42:19 Saving config file
18:43:19 saveConfig: auto-save-60s
18:43:19 Saving config file
18:44:19 saveConfig: auto-save-60s
18:44:19 Saving config file
18:45:19 saveConfig: auto-save-60s
18:45:19 Saving config file
18:46:19 saveConfig: auto-save-60s
18:46:19 Saving config file
18:47:19 saveConfig: auto-save-60s
18:47:19 Saving config file
18:48:19 saveConfig: auto-save-60s
18:48:19 Saving config file
18:49:19 saveConfig: auto-save-60s
18:49:19 Saving config file
18:50:19 saveConfig: auto-save-60s
18:50:19 Saving config file
18:51:19 saveConfig: auto-save-60s
18:51:19 Saving config file
18:52:19 saveConfig: auto-save-60s
18:52:19 Saving config file
18:53:19 saveConfig: auto-save-60s
18:53:19 Saving config file
18:54:19 saveConfig: auto-save-60s
18:54:19 Saving config file
18:55:19 saveConfig: auto-save-60s
18:55:19 Saving config file
18:56:19 saveConfig: auto-save-60s
18:56:19 Saving config file
18:57:19 saveConfig: auto-save-60s
18:57:19 Saving config file
18:58:19 saveConfig: auto-save-60s
18:58:19 Saving config file
18:59:19 saveConfig: auto-save-60s
18:59:19 Saving config file
19:00:19 saveConfig: auto-save-60s
19:00:19 Saving config file
19:01:19 saveConfig: auto-save-60s
19:01:19 Saving config file
19:02:19 saveConfig: auto-save-60s
19:02:19 Saving config file
19:03:19 saveConfig: auto-save-60s
19:03:19 Saving config file
19:04:19 saveConfig: auto-save-60s
19:04:19 Saving config file
19:05:19 saveConfig: auto-save-60s
19:05:19 Saving config file
19:06:19 saveConfig: auto-save-60s
19:06:19 Saving config file
19:07:19 saveConfig: auto-save-60s
19:07:19 Saving config file
19:08:19 saveConfig: auto-save-60s
19:08:19 Saving config file
19:09:19 saveConfig: auto-save-60s
19:09:19 Saving config file
19:10:19 saveConfig: auto-save-60s
19:10:19 Saving config file
19:11:19 saveConfig: auto-save-60s
19:11:19 Saving config file
19:12:19 saveConfig: auto-save-60s
19:12:19 Saving config file
19:13:19 saveConfig: auto-save-60s
19:13:19 Saving config file
19:14:19 saveConfig: auto-save-60s
19:14:19 Saving config file
19:15:19 saveConfig: auto-save-60s
19:15:19 Saving config file
19:16:19 saveConfig: auto-save-60s
19:16:19 Saving config file
19:17:19 saveConfig: auto-save-60s
19:17:19 Saving config file
19:18:19 saveConfig: auto-save-60s
19:18:19 Saving config file
19:19:19 saveConfig: auto-save-60s
19:19:19 Saving config file
19:20:19 saveConfig: auto-save-60s
19:20:19 Saving config file
19:21:19 saveConfig: auto-save-60s
19:21:19 Saving config file
19:22:19 saveConfig: auto-save-60s
19:22:19 Saving config file
19:23:19 saveConfig: auto-save-60s
19:23:19 Saving config file
19:24:19 saveConfig: auto-save-60s
19:24:19 Saving config file
19:25:19 saveConfig: auto-save-60s
19:25:19 Saving config file
19:26:19 saveConfig: auto-save-60s
19:26:19 Saving config file
19:27:19 saveConfig: auto-save-60s
19:27:19 Saving config file
19:28:19 saveConfig: auto-save-60s
19:28:19 Saving config file
19:29:19 saveConfig: auto-save-60s
19:29:19 Saving config file
19:30:19 saveConfig: auto-save-60s
19:30:19 Saving config file
19:31:19 saveConfig: auto-save-60s
19:31:19 Saving config file
19:32:19 saveConfig: auto-save-60s
19:32:19 Saving config file
19:33:19 saveConfig: auto-save-60s
19:33:19 Saving config file
19:34:19 saveConfig: auto-save-60s
19:34:19 Saving config file
19:35:19 saveConfig: auto-save-60s
19:35:19 Saving config file
19:36:19 saveConfig: auto-save-60s
19:36:19 Saving config file
19:37:19 saveConfig: auto-save-60s
19:37:19 Saving config file
19:38:19 saveConfig: auto-save-60s
19:38:19 Saving config file
19:39:19 saveConfig: auto-save-60s
19:39:19 Saving config file
19:40:19 saveConfig: auto-save-60s
19:40:19 Saving config file
19:41:19 saveConfig: auto-save-60s
19:41:19 Saving config file
19:42:19 saveConfig: auto-save-60s
19:42:19 Saving config file
19:43:19 saveConfig: auto-save-60s
19:43:19 Saving config file
19:44:19 saveConfig: auto-save-60s
19:44:19 Saving config file
19:45:19 saveConfig: auto-save-60s
19:45:19 Saving config file
19:46:19 saveConfig: auto-save-60s
19:46:19 Saving config file
19:47:19 saveConfig: auto-save-60s
19:47:19 Saving config file
19:48:19 saveConfig: auto-save-60s
19:48:19 Saving config file
19:49:19 saveConfig: auto-save-60s
19:49:19 Saving config file
19:50:19 saveConfig: auto-save-60s
19:50:19 Saving config file
19:51:19 saveConfig: auto-save-60s
19:51:19 Saving config file
19:52:19 saveConfig: auto-save-60s
19:52:19 Saving config file
19:53:19 saveConfig: auto-save-60s
19:53:19 Saving config file
19:54:19 saveConfig: auto-save-60s
19:54:19 Saving config file
19:55:19 saveConfig: auto-save-60s
19:55:19 Saving config file
19:56:19 saveConfig: auto-save-60s
19:56:19 Saving config file
19:57:19 saveConfig: auto-save-60s
19:57:19 Saving config file
19:58:19 saveConfig: auto-save-60s
19:58:19 Saving config file
19:59:19 saveConfig: auto-save-60s
19:59:19 Saving config file
20:00:19 saveConfig: auto-save-60s
20:00:19 Saving config file
20:01:19 saveConfig: auto-save-60s
20:01:19 Saving config file
20:02:19 saveConfig: auto-save-60s
20:02:19 Saving config file
20:03:19 saveConfig: auto-save-60s
20:03:19 Saving config file
20:04:19 saveConfig: auto-save-60s
20:04:19 Saving config file
20:05:19 saveConfig: auto-save-60s
20:05:19 Saving config file
20:06:19 saveConfig: auto-save-60s
20:06:19 Saving config file
20:07:19 saveConfig: auto-save-60s
20:07:19 Saving config file
20:08:19 saveConfig: auto-save-60s
20:08:19 Saving config file
20:09:19 saveConfig: auto-save-60s
20:09:19 Saving config file
20:10:19 saveConfig: auto-save-60s
20:10:19 Saving config file
20:11:19 saveConfig: auto-save-60s
20:11:19 Saving config file
20:12:19 saveConfig: auto-save-60s
20:12:19 Saving config file
20:13:19 saveConfig: auto-save-60s
20:13:19 Saving config file
20:14:19 saveConfig: auto-save-60s
20:14:19 Saving config file
20:15:19 saveConfig: auto-save-60s
20:15:19 Saving config file
20:16:19 saveConfig: auto-save-60s
20:16:19 Saving config file
20:17:19 saveConfig: auto-save-60s
20:17:19 Saving config file
20:18:19 saveConfig: auto-save-60s
20:18:19 Saving config file
20:19:19 saveConfig: auto-save-60s
20:19:19 Saving config file
20:20:19 saveConfig: auto-save-60s
20:20:19 Saving config file
20:21:19 saveConfig: auto-save-60s
20:21:19 Saving config file
20:22:19 saveConfig: auto-save-60s
20:22:19 Saving config file
20:23:19 saveConfig: auto-save-60s
20:23:19 Saving config file
20:24:19 saveConfig: auto-save-60s
20:24:19 Saving config file
20:25:19 saveConfig: auto-save-60s
20:25:19 Saving config file
20:26:19 saveConfig: auto-save-60s
20:26:19 Saving config file
20:27:19 saveConfig: auto-save-60s
20:27:19 Saving config file
20:28:19 saveConfig: auto-save-60s
20:28:19 Saving config file
20:29:19 saveConfig: auto-save-60s
20:29:19 Saving config file
20:30:19 saveConfig: auto-save-60s
20:30:19 Saving config file
20:31:19 saveConfig: auto-save-60s
20:31:19 Saving config file
20:32:19 saveConfig: auto-save-60s
20:32:19 Saving config file
20:33:19 saveConfig: auto-save-60s
20:33:19 Saving config file
20:34:19 saveConfig: auto-save-60s
20:34:19 Saving config file
20:35:19 saveConfig: auto-save-60s
20:35:19 Saving config file
20:36:19 saveConfig: auto-save-60s
20:36:19 Saving config file
20:37:19 saveConfig: auto-save-60s
20:37:19 Saving config file
20:38:19 saveConfig: auto-save-60s
20:38:19 Saving config file
20:39:19 saveConfig: auto-save-60s
20:39:19 Saving config file
20:40:19 saveConfig: auto-save-60s
20:40:19 Saving config file
20:41:19 saveConfig: auto-save-60s
20:41:19 Saving config file
20:42:19 saveConfig: auto-save-60s
20:42:19 Saving config file
20:43:19 saveConfig: auto-save-60s
20:43:19 Saving config file
20:44:19 saveConfig: auto-save-60s
20:44:19 Saving config file
20:45:19 saveConfig: auto-save-60s
20:45:19 Saving config file
20:46:19 saveConfig: auto-save-60s
20:46:19 Saving config file
20:47:19 saveConfig: auto-save-60s
20:47:19 Saving config file
20:48:19 saveConfig: auto-save-60s
20:48:19 Saving config file
20:49:19 saveConfig: auto-save-60s
20:49:19 Saving config file
20:50:19 saveConfig: auto-save-60s
20:50:19 Saving config file
20:51:19 saveConfig: auto-save-60s
20:51:19 Saving config file
20:52:19 saveConfig: auto-save-60s
20:52:19 Saving config file
20:53:19 saveConfig: auto-save-60s
20:53:19 Saving config file
20:54:19 saveConfig: auto-save-60s
20:54:19 Saving config file
20:55:19 saveConfig: auto-save-60s
20:55:19 Saving config file
20:56:19 saveConfig: auto-save-60s
20:56:19 Saving config file
20:57:19 saveConfig: auto-save-60s
20:57:19 Saving config file
20:58:19 saveConfig: auto-save-60s
20:58:19 Saving config file
20:59:19 saveConfig: auto-save-60s
20:59:19 Saving config file
21:00:19 saveConfig: auto-save-60s
21:00:19 Saving config file
21:01:19 saveConfig: auto-save-60s
21:01:19 Saving config file
21:02:19 saveConfig: auto-save-60s
21:02:19 Saving config file
21:03:19 saveConfig: auto-save-60s
21:03:19 Saving config file
21:04:19 saveConfig: auto-save-60s
21:04:19 Saving config file
21:05:19 saveConfig: auto-save-60s
21:05:19 Saving config file
21:06:19 saveConfig: auto-save-60s
21:06:19 Saving config file
21:07:19 saveConfig: auto-save-60s
21:07:19 Saving config file
21:08:19 saveConfig: auto-save-60s
21:08:19 Saving config file
21:09:19 saveConfig: auto-save-60s
21:09:19 Saving config file
21:10:19 saveConfig: auto-save-60s
21:10:19 Saving config file
21:11:19 saveConfig: auto-save-60s
21:11:19 Saving config file
21:12:19 saveConfig: auto-save-60s
21:12:19 Saving config file
21:13:19 saveConfig: auto-save-60s
21:13:19 Saving config file
21:14:19 saveConfig: auto-save-60s
21:14:19 Saving config file
21:15:19 saveConfig: auto-save-60s
21:15:19 Saving config file
21:16:19 saveConfig: auto-save-60s
21:16:19 Saving config file
21:17:19 saveConfig: auto-save-60s
21:17:19 Saving config file
21:18:19 saveConfig: auto-save-60s
21:18:19 Saving config file
21:19:19 saveConfig: auto-save-60s
21:19:19 Saving config file
21:20:19 saveConfig: auto-save-60s
21:20:19 Saving config file
21:21:19 saveConfig: auto-save-60s
21:21:19 Saving config file
21:22:19 saveConfig: auto-save-60s
21:22:19 Saving config file
21:23:19 saveConfig: auto-save-60s
21:23:19 Saving config file
21:24:19 saveConfig: auto-save-60s
21:24:19 Saving config file
21:25:19 saveConfig: auto-save-60s
21:25:19 Saving config file
21:26:19 saveConfig: auto-save-60s
21:26:19 Saving config file
21:27:19 saveConfig: auto-save-60s
21:27:19 Saving config file
21:28:19 saveConfig: auto-save-60s
21:28:19 Saving config file
21:29:19 saveConfig: auto-save-60s
21:29:19 Saving config file
21:30:19 saveConfig: auto-save-60s
21:30:19 Saving config file
21:31:19 saveConfig: auto-save-60s
21:31:19 Saving config file
21:32:19 saveConfig: auto-save-60s
21:32:19 Saving config file
21:33:19 saveConfig: auto-save-60s
21:33:19 Saving config file
21:34:19 saveConfig: auto-save-60s
21:34:19 Saving config file
21:35:19 saveConfig: auto-save-60s
21:35:19 Saving config file
21:36:19 saveConfig: auto-save-60s
21:36:19 Saving config file
21:37:19 saveConfig: auto-save-60s
21:37:19 Saving config file
21:38:19 saveConfig: auto-save-60s
21:38:19 Saving config file
21:39:19 saveConfig: auto-save-60s
21:39:19 Saving config file
21:40:19 saveConfig: auto-save-60s
21:40:19 Saving config file
21:41:19 saveConfig: auto-save-60s
21:41:19 Saving config file
21:42:19 saveConfig: auto-save-60s
21:42:19 Saving config file
21:43:19 saveConfig: auto-save-60s
21:43:19 Saving config file
21:44:19 saveConfig: auto-save-60s
21:44:19 Saving config file
21:45:19 saveConfig: auto-save-60s
21:45:19 Saving config file
21:46:19 saveConfig: auto-save-60s
21:46:19 Saving config file
21:47:19 saveConfig: auto-save-60s
21:47:19 Saving config file
21:48:19 saveConfig: auto-save-60s
21:48:19 Saving config file
21:49:19 saveConfig: auto-save-60s
21:49:19 Saving config file
21:50:19 saveConfig: auto-save-60s
21:50:19 Saving config file
21:51:19 saveConfig: auto-save-60s
21:51:19 Saving config file
21:52:19 saveConfig: auto-save-60s
21:52:19 Saving config file
21:53:19 saveConfig: auto-save-60s
21:53:19 Saving config file
21:54:19 saveConfig: auto-save-60s
21:54:19 Saving config file
21:55:19 saveConfig: auto-save-60s
21:55:19 Saving config file
21:56:19 saveConfig: auto-save-60s
21:56:19 Saving config file
21:57:19 saveConfig: auto-save-60s
21:57:19 Saving config file
21:58:19 saveConfig: auto-save-60s
21:58:19 Saving config file
21:59:19 saveConfig: auto-save-60s
21:59:19 Saving config file
22:00:19 saveConfig: auto-save-60s
22:00:19 Saving config file
22:01:19 saveConfig: auto-save-60s
22:01:19 Saving config file
22:02:19 saveConfig: auto-save-60s
22:02:19 Saving config file
22:03:19 saveConfig: auto-save-60s
22:03:19 Saving config file
22:04:19 saveConfig: auto-save-60s
22:04:19 Saving config file
22:05:19 saveConfig: auto-save-60s
22:05:19 Saving config file
22:06:19 saveConfig: auto-save-60s
22:06:19 Saving config file
22:07:19 saveConfig: auto-save-60s
22:07:19 Saving config file
22:08:19 saveConfig: auto-save-60s
22:08:19 Saving config file
22:09:19 saveConfig: auto-save-60s
22:09:19 Saving config file
22:10:19 saveConfig: auto-save-60s
22:10:19 Saving config file
22:11:19 saveConfig: auto-save-60s
22:11:19 Saving config file
22:12:19 saveConfig: auto-save-60s
22:12:19 Saving config file
22:13:19 saveConfig: auto-save-60s
22:13:19 Saving config file
22:14:19 saveConfig: auto-save-60s
22:14:19 Saving config file
22:15:19 saveConfig: auto-save-60s
22:15:19 Saving config file
22:16:19 saveConfig: auto-save-60s
22:16:19 Saving config file
22:17:19 saveConfig: auto-save-60s
22:17:19 Saving config file
22:18:19 saveConfig: auto-save-60s
22:18:19 Saving config file
22:19:19 saveConfig: auto-save-60s
22:19:19 Saving config file
22:20:19 saveConfig: auto-save-60s
22:20:19 Saving config file
22:21:19 saveConfig: auto-save-60s
22:21:19 Saving config file
22:22:19 saveConfig: auto-save-60s
22:22:19 Saving config file
22:23:19 saveConfig: auto-save-60s
22:23:19 Saving config file
22:24:19 saveConfig: auto-save-60s
22:24:19 Saving config file
22:25:19 saveConfig: auto-save-60s
22:25:19 Saving config file
22:26:19 saveConfig: auto-save-60s
22:26:19 Saving config file
22:27:19 saveConfig: auto-save-60s
22:27:19 Saving config file
22:28:19 saveConfig: auto-save-60s
22:28:19 Saving config file
22:29:19 saveConfig: auto-save-60s
22:29:19 Saving config file
22:30:19 saveConfig: auto-save-60s
22:30:19 Saving config file
22:31:19 saveConfig: auto-save-60s
22:31:19 Saving config file
22:32:19 saveConfig: auto-save-60s
22:32:19 Saving config file
22:33:19 saveConfig: auto-save-60s
22:33:19 Saving config file
22:34:19 saveConfig: auto-save-60s
22:34:19 Saving config file
22:35:19 saveConfig: auto-save-60s
22:35:19 Saving config file
22:36:19 saveConfig: auto-save-60s
22:36:19 Saving config file
22:37:05 saveConfig: saving-data
22:37:05 Saving sacks file
22:37:18 saveConfig: saving-data
22:37:18 Saving sacks file
22:37:19 saveConfig: auto-save-60s
22:37:19 Saving config file
22:38:19 saveConfig: auto-save-60s
22:38:19 Saving config file
22:38:25 saveConfig: saving-data
22:38:25 Saving sacks file
22:39:19 saveConfig: auto-save-60s
22:39:19 Saving config file
22:40:19 saveConfig: auto-save-60s
22:40:19 Saving config file
22:41:19 saveConfig: auto-save-60s
22:41:19 Saving config file
22:42:19 saveConfig: auto-save-60s
22:42:19 Saving config file
22:43:19 saveConfig: auto-save-60s
22:43:19 Saving config file
22:44:19 saveConfig: auto-save-60s
22:44:19 Saving config file
22:45:17 saveConfig: saving-data
22:45:17 Saving sacks file
22:45:19 saveConfig: auto-save-60s
22:45:19 Saving config file
22:45:30 saveConfig: saving-data
22:45:30 Saving sacks file
22:45:44 saveConfig: saving-data
22:45:44 Saving sacks file
22:45:51 saveConfig: saving-data
22:45:51 Saving sacks file
22:46:04 saveConfig: saving-data
22:46:04 Saving sacks file
22:46:17 saveConfig: saving-data
22:46:17 Saving sacks file
22:46:19 saveConfig: auto-save-60s
22:46:19 Saving config file
22:46:28 saveConfig: saving-data
22:46:28 Saving sacks file
22:46:44 saveConfig: saving-data
22:46:44 Saving sacks file
22:47:19 saveConfig: auto-save-60s
22:47:19 Saving config file
22:48:19 saveConfig: auto-save-60s
22:48:19 Saving config file
22:49:19 saveConfig: auto-save-60s
22:49:19 Saving config file
22:50:19 saveConfig: auto-save-60s
22:50:19 Saving config file
22:51:19 saveConfig: auto-save-60s
22:51:19 Saving config file
22:52:19 saveConfig: auto-save-60s
22:52:19 Saving config file
22:53:19 saveConfig: auto-save-60s
22:53:19 Saving config file
22:54:19 saveConfig: auto-save-60s
22:54:19 Saving config file
22:55:19 saveConfig: auto-save-60s
22:55:19 Saving config file
22:56:19 saveConfig: auto-save-60s
22:56:19 Saving config file
22:57:19 saveConfig: auto-save-60s
22:57:19 Saving config file
22:58:19 saveConfig: auto-save-60s
22:58:19 Saving config file
22:59:19 saveConfig: auto-save-60s
22:59:19 Saving config file
23:00:19 saveConfig: auto-save-60s
23:00:19 Saving config file
23:01:19 saveConfig: auto-save-60s
23:01:19 Saving config file
23:02:19 saveConfig: auto-save-60s
23:02:19 Saving config file
23:03:19 saveConfig: auto-save-60s
23:03:19 Saving config file
23:04:19 saveConfig: auto-save-60s
23:04:19 Saving config file
23:05:19 saveConfig: auto-save-60s
23:05:19 Saving config file
23:06:19 saveConfig: auto-save-60s
23:06:19 Saving config file
23:07:19 saveConfig: auto-save-60s
23:07:19 Saving config file
23:07:54 saveConfig: saving-data
23:07:54 Saving sacks file
23:08:19 saveConfig: auto-save-60s
23:08:19 Saving config file
23:09:19 saveConfig: auto-save-60s
23:09:19 Saving config file
23:09:44 saveConfig: saving-data
23:09:44 Saving sacks file
23:10:19 saveConfig: auto-save-60s
23:10:19 Saving config file
23:11:19 saveConfig: auto-save-60s
23:11:19 Saving config file
23:11:47 saveConfig: saving-data
23:11:47 Saving sacks file
23:12:19 saveConfig: auto-save-60s
23:12:19 Saving config file
23:13:12 saveConfig: saving-data
23:13:12 Saving sacks file
23:13:19 saveConfig: auto-save-60s
23:13:19 Saving config file
23:14:19 saveConfig: auto-save-60s
23:14:19 Saving config file
23:14:45 saveConfig: saving-data
23:14:45 Saving sacks file
23:15:19 saveConfig: auto-save-60s
23:15:19 Saving config file
23:16:05 saveConfig: saving-data
23:16:05 Saving sacks file
23:16:19 saveConfig: auto-save-60s
23:16:19 Saving config file
23:16:59 saveConfig: saving-data
23:16:59 Saving sacks file
23:17:19 saveConfig: auto-save-60s
23:17:19 Saving config file
23:17:38 saveConfig: saving-data
23:17:38 Saving sacks file
23:18:19 saveConfig: auto-save-60s
23:18:19 Saving config file
23:19:00 saveConfig: saving-data
23:19:00 Saving sacks file
23:19:19 saveConfig: auto-save-60s
23:19:19 Saving config file
23:19:37 saveConfig: saving-data
23:19:37 Saving sacks file
23:19:57 saveConfig: saving-data
23:19:57 Saving sacks file
23:20:19 saveConfig: auto-save-60s
23:20:19 Saving config file
23:21:19 saveConfig: auto-save-60s
23:21:19 Saving config file
23:22:02 saveConfig: saving-data
23:22:02 Saving sacks file
23:22:19 saveConfig: auto-save-60s
23:22:19 Saving config file
23:23:19 saveConfig: auto-save-60s
23:23:19 Saving config file
23:24:19 saveConfig: auto-save-60s
23:24:19 Saving config file
23:25:19 saveConfig: auto-save-60s
23:25:19 Saving config file
23:26:19 saveConfig: auto-save-60s
23:26:19 Saving config file
23:27:19 saveConfig: auto-save-60s
23:27:19 Saving config file
23:28:19 saveConfig: auto-save-60s
23:28:19 Saving config file
23:29:19 saveConfig: auto-save-60s
23:29:19 Saving config file
23:30:19 saveConfig: auto-save-60s
23:30:19 Saving config file
23:31:19 saveConfig: auto-save-60s
23:31:19 Saving config file
23:32:19 saveConfig: auto-save-60s
23:32:19 Saving config file
23:33:19 saveConfig: auto-save-60s
23:33:19 Saving config file
23:34:19 saveConfig: auto-save-60s
23:34:19 Saving config file
23:35:19 saveConfig: auto-save-60s
23:35:19 Saving config file
23:36:19 saveConfig: auto-save-60s
23:36:19 Saving config file
23:37:19 saveConfig: auto-save-60s
23:37:19 Saving config file
23:38:19 saveConfig: auto-save-60s
23:38:19 Saving config file
23:39:19 saveConfig: auto-save-60s
23:39:19 Saving config file
23:40:19 saveConfig: auto-save-60s
23:40:19 Saving config file
23:41:19 saveConfig: auto-save-60s
23:41:19 Saving config file
23:42:19 saveConfig: auto-save-60s
23:42:19 Saving config file
23:43:19 saveConfig: auto-save-60s
23:43:19 Saving config file
23:44:19 saveConfig: auto-save-60s
23:44:19 Saving config file
23:45:19 saveConfig: auto-save-60s
23:45:19 Saving config file
23:46:19 saveConfig: auto-save-60s
23:46:19 Saving config file
23:47:19 saveConfig: auto-save-60s
23:47:19 Saving config file
23:47:50 saveConfig: saving-data
23:47:50 Saving sacks file
23:48:19 saveConfig: auto-save-60s
23:48:19 Saving config file
23:49:19 saveConfig: auto-save-60s
23:49:19 Saving config file
23:50:19 saveConfig: auto-save-60s
23:50:19 Saving config file
23:51:19 saveConfig: auto-save-60s
23:51:19 Saving config file
23:52:19 saveConfig: auto-save-60s
23:52:19 Saving config file
23:53:19 saveConfig: auto-save-60s
23:53:19 Saving config file
23:54:19 saveConfig: auto-save-60s
23:54:19 Saving config file
23:55:03 saveConfig: saving-data
23:55:03 Saving sacks file
23:55:19 saveConfig: auto-save-60s
23:55:19 Saving config file
23:55:23 saveConfig: saving-data
23:55:23 Saving sacks file
23:55:58 saveConfig: saving-data
23:55:58 Saving sacks file
23:56:19 saveConfig: auto-save-60s
23:56:19 Saving config file
23:56:29 saveConfig: saving-data
23:56:29 Saving sacks file
23:57:01 saveConfig: saving-data
23:57:01 Saving sacks file
23:57:19 saveConfig: auto-save-60s
23:57:19 Saving config file
23:57:33 saveConfig: saving-data
23:57:33 Saving sacks file
23:58:04 saveConfig: saving-data
23:58:04 Saving sacks file
23:58:19 saveConfig: auto-save-60s
23:58:19 Saving config file
23:58:20 saveConfig: saving-data
23:58:20 Saving sacks file
23:58:28 saveConfig: saving-data
23:58:28 Saving sacks file
23:58:35 saveConfig: saving-data
23:58:35 Saving sacks file
23:59:09 saveConfig: saving-data
23:59:09 Saving sacks file
23:59:19 saveConfig: auto-save-60s
23:59:19 Saving config file
23:59:38 saveConfig: saving-data
23:59:38 Saving sacks file
23:59:49 saveConfig: saving-data
23:59:49 Saving sacks file
00:00:19 saveConfig: auto-save-60s
00:00:19 Saving config file
00:00:20 saveConfig: saving-data
00:00:20 Saving sacks file
00:01:19 saveConfig: auto-save-60s
00:01:19 Saving config file
00:01:36 saveConfig: saving-data
00:01:36 Saving sacks file
00:02:08 saveConfig: saving-data
00:02:08 Saving sacks file
00:02:19 saveConfig: auto-save-60s
00:02:19 Saving config file
00:02:40 saveConfig: saving-data
00:02:40 Saving sacks file
00:02:50 saveConfig: saving-data
00:02:50 Saving sacks file
00:03:19 saveConfig: auto-save-60s
00:03:19 Saving config file
00:03:23 saveConfig: saving-data
00:03:23 Saving sacks file
00:03:56 saveConfig: saving-data
00:03:56 Saving sacks file
00:04:19 saveConfig: auto-save-60s
00:04:19 Saving config file
00:04:32 saveConfig: saving-data
00:04:32 Saving sacks file
00:05:03 saveConfig: saving-data
00:05:03 Saving sacks file
00:05:17 saveConfig: saving-data
00:05:17 Saving sacks file
00:05:19 saveConfig: auto-save-60s
00:05:19 Saving config file
00:06:09 saveConfig: saving-data
00:06:09 Saving sacks file
00:06:19 saveConfig: auto-save-60s
00:06:19 Saving config file
00:06:41 saveConfig: saving-data
00:06:41 Saving sacks file
00:07:12 saveConfig: saving-data
00:07:12 Saving sacks file
00:07:19 saveConfig: auto-save-60s
00:07:19 Saving config file
00:07:25 saveConfig: saving-data
00:07:25 Saving sacks file
00:08:00 saveConfig: saving-data
00:08:00 Saving sacks file
00:08:15 saveConfig: saving-data
00:08:15 Saving sacks file
00:08:19 saveConfig: auto-save-60s
00:08:19 Saving config file
00:09:07 saveConfig: saving-data
00:09:07 Saving sacks file
00:09:19 saveConfig: auto-save-60s
00:09:19 Saving config file
00:09:39 saveConfig: saving-data
00:09:39 Saving sacks file
00:10:10 saveConfig: saving-data
00:10:10 Saving sacks file
00:10:19 saveConfig: auto-save-60s
00:10:19 Saving config file
00:10:42 saveConfig: saving-data
00:10:42 Saving sacks file
00:11:13 saveConfig: saving-data
00:11:13 Saving sacks file
00:11:19 saveConfig: auto-save-60s
00:11:19 Saving config file
00:11:44 saveConfig: saving-data
00:11:44 Saving sacks file
00:12:17 saveConfig: saving-data
00:12:17 Saving sacks file
00:12:19 saveConfig: auto-save-60s
00:12:19 Saving config file
00:12:35 saveConfig: saving-data
00:12:35 Saving sacks file
00:13:10 saveConfig: saving-data
00:13:10 Saving sacks file
00:13:19 saveConfig: auto-save-60s
00:13:19 Saving config file
00:13:42 saveConfig: saving-data
00:13:42 Saving sacks file
00:14:13 saveConfig: saving-data
00:14:13 Saving sacks file
00:14:19 saveConfig: auto-save-60s
00:14:19 Saving config file
00:14:44 saveConfig: saving-data
00:14:44 Saving sacks file
00:15:09 saveConfig: saving-data
00:15:09 Saving sacks file
00:15:17 saveConfig: saving-data
00:15:17 Saving sacks file
00:15:19 saveConfig: auto-save-60s
00:15:19 Saving config file
00:15:55 saveConfig: saving-data
00:15:55 Saving sacks file
00:16:19 saveConfig: auto-save-60s
00:16:19 Saving config file
00:16:27 saveConfig: saving-data
00:16:27 Saving sacks file
00:16:57 saveConfig: saving-data
00:16:57 Saving sacks file
00:17:05 saveConfig: saving-data
00:17:05 Saving sacks file
00:17:19 saveConfig: auto-save-60s
00:17:19 Saving config file
00:17:30 saveConfig: saving-data
00:17:30 Saving sacks file
00:17:40 saveConfig: saving-data
00:17:40 Saving sacks file
00:18:13 saveConfig: saving-data
00:18:13 Saving sacks file
00:18:19 saveConfig: auto-save-60s
00:18:19 Saving config file
00:18:23 saveConfig: saving-data
00:18:23 Saving sacks file
00:19:19 saveConfig: auto-save-60s
00:19:19 Saving config file
00:19:20 saveConfig: saving-data
00:19:20 Saving sacks file
00:19:32 saveConfig: saving-data
00:19:32 Saving sacks file
00:20:19 saveConfig: auto-save-60s
00:20:19 Saving config file
00:20:33 saveConfig: saving-data
00:20:33 Saving sacks file
00:21:05 saveConfig: saving-data
00:21:05 Saving sacks file
00:21:19 saveConfig: auto-save-60s
00:21:19 Saving config file
00:21:36 saveConfig: saving-data
00:21:36 Saving sacks file
00:22:03 saveConfig: saving-data
00:22:03 Saving sacks file
00:22:19 saveConfig: auto-save-60s
00:22:19 Saving config file
00:23:19 saveConfig: auto-save-60s
00:23:19 Saving config file
00:24:19 saveConfig: auto-save-60s
00:24:19 Saving config file
00:24:35 saveConfig: saving-data
00:24:35 Saving sacks file
00:25:19 saveConfig: auto-save-60s
00:25:19 Saving config file
00:25:35 saveConfig: saving-data
00:25:35 Saving sacks file
00:25:48 saveConfig: saving-data
00:25:48 Saving sacks file
00:26:19 saveConfig: auto-save-60s
00:26:19 Saving config file
00:26:22 saveConfig: saving-data
00:26:22 Saving sacks file
00:26:53 saveConfig: saving-data
00:26:53 Saving sacks file
00:27:03 saveConfig: saving-data
00:27:03 Saving sacks file
00:27:19 saveConfig: auto-save-60s
00:27:19 Saving config file
00:28:19 saveConfig: auto-save-60s
00:28:19 Saving config file
00:29:19 saveConfig: auto-save-60s
00:29:19 Saving config file
00:30:19 saveConfig: auto-save-60s
00:30:19 Saving config file
00:31:19 saveConfig: auto-save-60s
00:31:19 Saving config file
00:32:19 saveConfig: auto-save-60s
00:32:19 Saving config file
00:33:19 saveConfig: auto-save-60s
00:33:19 Saving config file
00:33:59 saveConfig: saving-data
00:33:59 Saving sacks file
00:34:10 saveConfig: saving-data
00:34:10 Saving sacks file
00:34:19 saveConfig: auto-save-60s
00:34:19 Saving config file
00:34:43 saveConfig: saving-data
00:34:43 Saving sacks file
00:35:14 saveConfig: saving-data
00:35:14 Saving sacks file
00:35:19 saveConfig: auto-save-60s
00:35:19 Saving config file
00:36:02 saveConfig: saving-data
00:36:02 Saving sacks file
00:36:19 saveConfig: auto-save-60s
00:36:19 Saving config file
00:36:33 saveConfig: saving-data
00:36:33 Saving sacks file
00:37:04 saveConfig: saving-data
00:37:04 Saving sacks file
00:37:19 saveConfig: auto-save-60s
00:37:19 Saving config file
00:37:36 saveConfig: saving-data
00:37:36 Saving sacks file
00:38:01 saveConfig: saving-data
00:38:01 Saving sacks file
00:38:19 saveConfig: auto-save-60s
00:38:19 Saving config file
00:38:33 saveConfig: saving-data
00:38:33 Saving sacks file
00:39:04 saveConfig: saving-data
00:39:04 Saving sacks file
00:39:19 saveConfig: auto-save-60s
00:39:19 Saving config file
00:39:36 saveConfig: saving-data
00:39:36 Saving sacks file
00:40:07 saveConfig: saving-data
00:40:07 Saving sacks file
00:40:19 saveConfig: auto-save-60s
00:40:19 Saving config file
00:40:39 saveConfig: saving-data
00:40:39 Saving sacks file
00:41:10 saveConfig: saving-data
00:41:10 Saving sacks file
00:41:19 saveConfig: auto-save-60s
00:41:19 Saving config file
00:41:41 saveConfig: saving-data
00:41:41 Saving sacks file
00:42:13 saveConfig: saving-data
00:42:13 Saving sacks file
00:42:19 saveConfig: auto-save-60s
00:42:19 Saving config file
00:42:44 saveConfig: saving-data
00:42:44 Saving sacks file
00:43:15 saveConfig: saving-data
00:43:15 Saving sacks file
00:43:19 saveConfig: auto-save-60s
00:43:19 Saving config file
00:43:46 saveConfig: saving-data
00:43:46 Saving sacks file
00:44:18 saveConfig: saving-data
00:44:18 Saving sacks file
00:44:19 saveConfig: auto-save-60s
00:44:19 Saving config file
00:44:37 saveConfig: saving-data
00:44:37 Saving sacks file
00:45:09 saveConfig: saving-data
00:45:09 Saving sacks file
00:45:19 saveConfig: auto-save-60s
00:45:19 Saving config file
00:45:41 saveConfig: saving-data
00:45:41 Saving sacks file
00:46:12 saveConfig: saving-data
00:46:12 Saving sacks file
00:46:19 saveConfig: auto-save-60s
00:46:19 Saving config file
00:46:43 saveConfig: saving-data
00:46:43 Saving sacks file
00:47:15 saveConfig: saving-data
00:47:15 Saving sacks file
00:47:19 saveConfig: auto-save-60s
00:47:19 Saving config file
00:47:47 saveConfig: saving-data
00:47:47 Saving sacks file
00:47:56 saveConfig: saving-data
00:47:56 Saving sacks file
00:48:19 saveConfig: auto-save-60s
00:48:19 Saving config file
00:48:29 saveConfig: saving-data
00:48:29 Saving sacks file
00:49:01 saveConfig: saving-data
00:49:01 Saving sacks file
00:49:19 saveConfig: auto-save-60s
00:49:19 Saving config file
00:49:32 saveConfig: saving-data
00:49:32 Saving sacks file
00:50:08 saveConfig: saving-data
00:50:08 Saving sacks file
00:50:19 saveConfig: auto-save-60s
00:50:19 Saving config file
00:50:39 saveConfig: saving-data
00:50:39 Saving sacks file
00:51:13 saveConfig: saving-data
00:51:13 Saving sacks file
00:51:19 saveConfig: auto-save-60s
00:51:19 Saving config file
00:51:45 saveConfig: saving-data
00:51:45 Saving sacks file
00:52:17 saveConfig: saving-data
00:52:17 Saving sacks file
00:52:19 saveConfig: auto-save-60s
00:52:19 Saving config file
00:52:47 saveConfig: saving-data
00:52:47 Saving sacks file
00:53:18 saveConfig: saving-data
00:53:18 Saving sacks file
00:53:19 saveConfig: auto-save-60s
00:53:19 Saving config file
00:53:27 saveConfig: saving-data
00:53:27 Saving sacks file
00:54:13 saveConfig: saving-data
00:54:13 Saving sacks file
00:54:19 saveConfig: auto-save-60s
00:54:19 Saving config file
00:54:45 saveConfig: saving-data
00:54:45 Saving sacks file
00:55:16 saveConfig: saving-data
00:55:16 Saving sacks file
00:55:19 saveConfig: auto-save-60s
00:55:19 Saving config file
00:56:06 saveConfig: saving-data
00:56:06 Saving sacks file
00:56:18 saveConfig: saving-data
00:56:18 Saving sacks file
00:56:19 saveConfig: auto-save-60s
00:56:19 Saving config file
00:56:32 saveConfig: saving-data
00:56:32 Saving sacks file
00:56:52 saveConfig: saving-data
00:56:52 Saving sacks file
00:56:59 saveConfig: saving-data
00:56:59 Saving sacks file
00:57:12 saveConfig: saving-data
00:57:12 Saving sacks file
00:57:13 saveConfig: saving-data
00:57:13 Saving sacks file
00:57:19 saveConfig: saving-data
00:57:19 Saving sacks file
00:57:19 saveConfig: auto-save-60s
00:57:19 Saving config file
00:57:19 saveConfig: saving-data
00:57:19 Saving sacks file
00:57:27 saveConfig: saving-data
00:57:27 Saving sacks file
00:57:28 saveConfig: saving-data
00:57:28 Saving sacks file
00:57:36 saveConfig: saving-data
00:57:36 Saving sacks file
00:58:19 saveConfig: auto-save-60s
00:58:19 Saving config file
00:58:54 saveConfig: saving-data
00:58:54 Saving sacks file
00:59:19 saveConfig: auto-save-60s
00:59:19 Saving config file
01:00:19 saveConfig: auto-save-60s
01:00:19 Saving config file
01:01:19 saveConfig: auto-save-60s
01:01:19 Saving config file
01:02:19 saveConfig: auto-save-60s
01:02:19 Saving config file
01:03:19 saveConfig: auto-save-60s
01:03:19 Saving config file
01:04:19 saveConfig: auto-save-60s
01:04:19 Saving config file
01:05:07 saveConfig: shutdown-hook
01:05:07 Saving config file
