11:12:39 [GARDEN_VISITOR_MESSAGE] §e[NPC] §aRyu§f: §r§fDid you know that there is a Garden Level? Increase it by hitting milestones or selling to customers like me!
11:12:43 [GARDEN_VISITOR_MESSAGE] §e[NPC] §aRyu§f: §r§fThat's alright.
11:12:44 [GARDEN_VISITOR_MESSAGE] §e[NPC] §9Old Man Garry§f: §r§fPeople have no manners these days. They come up to me, and disappear instantly! They don't even greet me! Back in my day, we were raised better than that.
11:12:47 [GARDEN_VISITOR_MESSAGE] §e[NPC] §9Old Man Garry§f: §r§fOf course. What else did I expect from this generation.
11:12:47 [GARDEN_VISITOR_MESSAGE] §e[NPC] §aLiam§f: §r§fOne day you'll be able to buy the sun, trust me on that mate.
11:12:49 [GARDEN_VISITOR_MESSAGE] §e[NPC] §aLiam§f: §r§fAlright...
11:12:50 [GARDEN_VISITOR_MESSAGE] §e[NPC] §aTerry§f: §r§fAhoy, §aHotBaconWasTaken§f! People always tell me they like ice cream, but ice never really tastes like anything for me!
11:12:52 [GARDEN_VISITOR_MESSAGE] §e[NPC] §aTerry§f: §r§fI'll keep crunching on those ice cubes, maybe I am missing something.
11:12:52 [GARDEN_VISITOR_MESSAGE] §e[NPC] §aEmissary Carlton§f: §r§fThe King has sent me to go shopping for I am his favorite emissary!
11:12:55 [GARDEN_VISITOR_MESSAGE] §e[NPC] §aEmissary Carlton§f: §r§fHow dare you reject me, the King's favorite emissary?!
11:14:57 [SKYMALL] §bNew day! §r§eYour §r§2Sky Mall §r§ebuff changed!
11:14:57 [SKYMALL] §eNew buff§r§r§r: §r§f§r§a10x §r§fchance to find Golden and Diamond Goblins.
11:14:57 [SKYMALL] §8§oYou can disable this messaging by toggling Sky Mall in your /hotm!
11:15:19 [BESTIARY] §f                                  §6§lBESTIARY
11:15:19 [BESTIARY] §f                                §b§lSlug §7§8X §8➡§b §bXI
11:15:19 [BESTIARY] 
11:15:19 [BESTIARY] §f                                  §r§6§lREWARDS
11:15:19 [BESTIARY] §f                          §r§6+0.4☘ Farming Fortune
11:15:19 [BESTIARY] §f                               §r§8+§r§62% §r§aSlug §r§7coins
11:15:19 [BESTIARY] §f                    §r§8+§r§a50% §r§7chance for extra XP orbs
11:15:19 [BESTIARY] §f                               §r§8+§r§b1 SkyBlock XP
11:15:19 [BESTIARY] 
11:15:19 [BESTIARY] §3§l▬▬▬▬▬▬▬▬▬▬▬▬▬▬▬▬▬▬▬▬▬▬▬▬▬▬▬▬▬▬▬▬▬▬▬▬▬▬▬▬▬▬▬▬▬▬▬▬▬▬▬▬▬▬▬▬▬▬▬▬▬▬▬▬
12:14:57 [SKYMALL] §bNew day! §r§eYour §r§2Sky Mall §r§ebuff changed!
12:14:57 [SKYMALL] §eNew buff§r§r§r: §r§fGain §r§a+100 §r§6⸕ Mining Speed§r§f.
12:14:57 [SKYMALL] §8§oYou can disable this messaging by toggling Sky Mall in your /hotm!
12:35:22 [SKYMALL] §bNew day! §r§eYour §r§2Sky Mall §r§ebuff changed!
12:35:22 [SKYMALL] §eNew buff§r§r§r: §r§fGain §r§a+100 §r§6⸕ Mining Speed§r§f.
12:35:22 [SKYMALL] §8§oYou can disable this messaging by toggling Sky Mall in your /hotm!
12:46:20 [BESTIARY] §f                                  §6§lBESTIARY
12:46:20 [BESTIARY] §f                         §b§lLord Jawbus §7§8III §8➡§b §bIV
12:46:20 [BESTIARY] 
12:46:20 [BESTIARY] §f                                  §r§6§lREWARDS
12:46:20 [BESTIARY] §f                      §r§8+§r§a2 Lord Jawbus §r§b✯ Magic Find
12:46:20 [BESTIARY] §f                       §r§8+§r§a2 Lord Jawbus §r§c❁ Strength
12:46:20 [BESTIARY] §f                          §r§8+§r§62% §r§aLord Jawbus §r§7coins
12:46:20 [BESTIARY] §f                    §r§8+§r§a50% §r§7chance for extra XP orbs
12:46:20 [BESTIARY] §f                               §r§8+§r§b1 SkyBlock XP
12:46:20 [BESTIARY] 
12:46:20 [BESTIARY] §3§l▬▬▬▬▬▬▬▬▬▬▬▬▬▬▬▬▬▬▬▬▬▬▬▬▬▬▬▬▬▬▬▬▬▬▬▬▬▬▬▬▬▬▬▬▬▬▬▬▬▬▬▬▬▬▬▬▬▬▬▬▬▬▬▬
12:54:58 [SKYMALL] §bNew day! §r§eYour §r§2Sky Mall §r§ebuff changed!
12:54:58 [SKYMALL] §eNew buff§r§r§r: §r§fGain §r§a+50 §r§6☘ Mining Fortune§r§f.
12:54:58 [SKYMALL] §8§oYou can disable this messaging by toggling Sky Mall in your /hotm!
13:14:57 [SKYMALL] §bNew day! §r§eYour §r§2Sky Mall §r§ebuff changed!
13:14:57 [SKYMALL] §eNew buff§r§r§r: §r§fGain §r§a5x §r§9Titanium §r§fdrops
13:14:57 [SKYMALL] §8§oYou can disable this messaging by toggling Sky Mall in your /hotm!
13:34:58 [SKYMALL] §bNew day! §r§eYour §r§2Sky Mall §r§ebuff changed!
13:34:58 [SKYMALL] §eNew buff§r§r§r: §r§fGain §r§a+100 §r§6⸕ Mining Speed§r§f.
13:34:58 [SKYMALL] §8§oYou can disable this messaging by toggling Sky Mall in your /hotm!
13:46:18 [BESTIARY] §f                                  §6§lBESTIARY
13:46:18 [BESTIARY] §f                               §b§lFlare §7§8III §8➡§b §bIV
13:46:18 [BESTIARY] 
13:46:18 [BESTIARY] §f                                  §r§6§lREWARDS
13:46:18 [BESTIARY] §f                           §r§8+§r§a2 Flare §r§b✯ Magic Find
13:46:18 [BESTIARY] §f                           §r§8+§r§a2 Flare §r§c❁ Strength
13:46:18 [BESTIARY] §f                               §r§8+§r§62% §r§aFlare §r§7coins
13:46:18 [BESTIARY] §f                    §r§8+§r§a50% §r§7chance for extra XP orbs
13:46:18 [BESTIARY] §f                               §r§8+§r§b1 SkyBlock XP
13:46:18 [BESTIARY] 
13:46:18 [BESTIARY] §3§l▬▬▬▬▬▬▬▬▬▬▬▬▬▬▬▬▬▬▬▬▬▬▬▬▬▬▬▬▬▬▬▬▬▬▬▬▬▬▬▬▬▬▬▬▬▬▬▬▬▬▬▬▬▬▬▬▬▬▬▬▬▬▬▬
13:54:57 [SKYMALL] §bNew day! §r§eYour §r§2Sky Mall §r§ebuff changed!
13:54:57 [SKYMALL] §eNew buff§r§r§r: §r§fGain §r§a+50 §r§6☘ Mining Fortune§r§f.
13:54:57 [SKYMALL] §8§oYou can disable this messaging by toggling Sky Mall in your /hotm!
