10:58:22 §e[SkyHanni] §aSkyHanni found a new update: 0.27 Beta 7. Check §b/sh download update §afor more info.§r
11:06:11 §e[SkyHanni] §b+2 SkyBlock XP §7(Carnival Perks Shop§7)§b (27/100)§r
11:06:12 §e[SkyHanni] §b+2 SkyBlock XP §7(Carnival Perks Shop§7)§b (29/100)§r
11:12:30 §e[SkyHanni] §cYour Organic Matter is low!§r
11:12:30 §e[SkyHanni] §aRyu §eis visiting your garden!§r
11:12:30 §e[SkyHanni] §9Old Man Garry §eis visiting your garden!§r
11:12:30 §e[SkyHanni] §aLiam §eis visiting your garden!§r
11:12:30 §e[SkyHanni] §aTerry §eis visiting your garden!§r
11:12:30 §e[SkyHanni] §aEmissary Carlton §eis visiting your garden!§r
11:12:54 §e[SkyHanni] §aEmissary Carlton §eis visiting your garden!§r
11:12:57 §e[SkyHanni] §aEmissary Carlton §eis visiting your garden!§r
11:15:19 §6§lBESTIARY §r§b§lSlug §7§8X §8➡§b §bXI§r
11:15:36 §e[SkyHanni] Loaded Potato milestone data from tab list!§r
11:15:45 §e[SkyHanni] Started tracking your Jacob Contest Blocks Per Second!§r
11:20:44 §e[SkyHanni] Mark NEU Heavy Pearls as done.§r
12:02:04 §e[SkyHanni] §lCLICK HERE§r§e to grab §ax1034 §9§a☘ Flawed Peridot Gemstone§e from sacks!§r
12:02:07 §e[SkyHanni] §lCLICK HERE§r§e to grab §ax203 §9§9☘ Fine Peridot Gemstone§e from sacks!§r
12:35:14 §e[SkyHanni] §fYou were in Limbo for §e5m 43s§f.§r
12:46:20 §6§lBESTIARY §r§b§lLord Jawbus §7§8III §8➡§b §bIV§r
13:03:29 §e[SkyHanni] §cYour Time Tower just expired and has 1 charge remaining. Click here to use one.§r
13:46:18 §6§lBESTIARY §r§b§lFlare §7§8III §8➡§b §bIV§r
