22:59:54 `Sheep`3807370 missed {
 is already Found: false).
 Position: LorenzVec{x=27.46875, y=105.1875, z=37.46875}
 DistanceC: 21.864913870518322
Relative Position: LorenzVec{x=19.73836579392762, y=1.5881428861470397, z=21.864913870518322}
 }
22:59:54 `Sheep`3807371 missed {
 is already Found: false).
 Position: LorenzVec{x=27.5, y=105.44791666666666, z=37.5}
 DistanceC: 21.896163870518322
Relative Position: LorenzVec{x=19.76961579392762, y=1.8485595528136969, z=21.896163870518322}
 }
22:59:54 `Sheep`3807372 missed {
 is already Found: false).
 Position: LorenzVec{x=27.5, y=105.375, z=37.53125}
 DistanceC: 21.927413870518322
Relative Position: LorenzVec{x=19.76961579392762, y=1.7756428861470397, z=21.927413870518322}
 }
22:59:54 `Sheep`3807410 missed {
 is already Found: false).
 Position: LorenzVec{x=27.53125, y=98.125, z=37.5}
 DistanceC: 21.896163870518322
Relative Position: LorenzVec{x=19.80086579392762, y=-5.47435711385296, z=21.896163870518322}
 }
22:59:54 `Sheep`3807411 missed {
 is already Found: false).
 Position: LorenzVec{x=27.5, y=98.14583333333334, z=37.44791666666667}
 DistanceC: 21.844080537184993
Relative Position: LorenzVec{x=19.76961579392762, y=-5.4535237805196175, z=21.844080537184993}
 }
22:59:54 `Sheep`3807412 missed {
 is already Found: false).
 Position: LorenzVec{x=27.46875, y=98.0, z=37.5}
 DistanceC: 21.896163870518322
Relative Position: LorenzVec{x=19.73836579392762, y=-5.59935711385296, z=21.896163870518322}
 }
22:59:54 `Sheep`3807413 missed {
 is already Found: false).
 Position: LorenzVec{x=27.53125, y=98.14583333333334, z=37.5}
 DistanceC: 21.896163870518322
Relative Position: LorenzVec{x=19.80086579392762, y=-5.4535237805196175, z=21.896163870518322}
 }
23:03:24 `Villager`241 missed {
 is already Found: false).
 Position: LorenzVec{x=-28.5, y=69.0, z=-125.5}
 DistanceC: 22.916559821323453
Relative Position: LorenzVec{x=-22.916559821323453, y=-20.76557608309126, z=-0.9998630148253653}
 }
23:05:15 `t5gasj60i2`367 missed {
 is already Found: false).
 Position: LorenzVec{x=-59.5, y=89.0, z=-16.5}
 DistanceC: 23.341102402882044
Relative Position: LorenzVec{x=-23.341102402882044, y=7.5, z=-9.764994878220962}
 }
23:05:15 `2rw21mqd84`559 missed {
 is already Found: false).
 Position: LorenzVec{x=-18.5, y=71.0, z=16.5}
 DistanceC: 23.23500512177904
Relative Position: LorenzVec{x=17.658897597117956, y=-10.5, z=23.23500512177904}
 }
23:05:42 `g30igb8cn2`253 missed {
 is already Found: false).
 Position: LorenzVec{x=-74.0, y=65.0, z=-50.0}
 DistanceC: 19.966510436649628
Relative Position: LorenzVec{x=-19.966510436649628, y=-19.0, z=15.699999988079071}
 }
23:05:42 `48zl38r13i`570 missed {
 is already Found: false).
 Position: LorenzVec{x=-32.5, y=71.0, z=-76.5}
 DistanceC: 21.533489563350372
Relative Position: LorenzVec{x=21.533489563350372, y=-13.0, z=-10.800000011920929}
 }
23:05:42 `Bat`216025 missed {
 is already Found: false).
 Position: LorenzVec{x=-62.88541666666667, y=120.375, z=-86.79166666666666}
 DistanceC: 21.091666678587586
Relative Position: LorenzVec{x=-8.8519271033163, y=36.375, z=-21.091666678587586}
 }
23:05:43 `vf9lb406ys`413 missed {
 is already Found: false).
 Position: LorenzVec{x=-31.0, y=73.0, z=-85.5}
 DistanceC: 23.033489563350372
Relative Position: LorenzVec{x=23.033489563350372, y=-11.0, z=-19.80000001192093}
 }
23:05:43 `z3813w94f5`414 missed {
 is already Found: false).
 Position: LorenzVec{x=-36.0, y=73.0, z=-85.5}
 DistanceC: 19.80000001192093
Relative Position: LorenzVec{x=18.033489563350372, y=-11.0, z=-19.80000001192093}
 }
23:05:43 `1ec9189pz8`336 missed {
 is already Found: false).
 Position: LorenzVec{x=-78.0, y=70.0, z=-70.0}
 DistanceC: 23.966510436649628
Relative Position: LorenzVec{x=-23.966510436649628, y=-14.0, z=-4.300000011920929}
 }
23:05:58 `g30igb8cn2`253 missed {
 is already Found: false).
 Position: LorenzVec{x=-74.0, y=65.0, z=-50.0}
 DistanceC: 16.23740876481706
Relative Position: LorenzVec{x=-11.856923115185694, y=-20.0, z=16.23740876481706}
 }
23:06:45 `Bat`213625 missed {
 is already Found: false).
 Position: LorenzVec{x=-2.34375, y=69.875, z=4.0}
 DistanceC: 18.809415287155606
Relative Position: LorenzVec{x=18.809415287155606, y=-23.203815772674403, z=8.397598434816388}
 }
23:08:27 `Bat`213609 missed {
 is already Found: false).
 Position: LorenzVec{x=15.21875, y=74.15625, z=-7.5}
 DistanceC: 9.851801586468273
Relative Position: LorenzVec{x=8.894774532204908, y=2.15625, z=9.851801586468273}
 }
23:09:31 `Bat`216041 missed {
 is already Found: false).
 Position: LorenzVec{x=6.5, y=73.84375, z=-55.46875}
 DistanceC: 18.95859746921414
Relative Position: LorenzVec{x=-3.683601823064633, y=3.0905500194787976, z=-18.95859746921414}
 }
23:09:31 `Bat`216055 missed {
 is already Found: false).
 Position: LorenzVec{x=5.166666666666666, y=74.19097222222223, z=-55.53819444444444}
 DistanceC: 19.028041913658583
Relative Position: LorenzVec{x=-5.016935156397967, y=3.437772241701026, z=-19.028041913658583}
 }
23:09:31 `Bat`216062 missed {
 is already Found: false).
 Position: LorenzVec{x=5.875, y=73.625, z=-55.4375}
 DistanceC: 18.92734746921414
Relative Position: LorenzVec{x=-4.308601823064633, y=2.8718000194787976, z=-18.92734746921414}
 }
23:09:31 `Bat`216036 missed {
 is already Found: false).
 Position: LorenzVec{x=6.59375, y=74.125, z=-56.03125}
 DistanceC: 18.629428708970934
Relative Position: LorenzVec{x=-3.011368488063475, y=2.875812921255317, z=-18.629428708970934}
 }
23:09:31 `Bat`216048 missed {
 is already Found: false).
 Position: LorenzVec{x=6.28125, y=74.5, z=-56.0}
 DistanceC: 18.598178708970934
Relative Position: LorenzVec{x=-3.323868488063475, y=3.250812921255317, z=-18.598178708970934}
 }
23:33:06 `Bat`216052 missed {
 is already Found: false).
 Position: LorenzVec{x=-19.71875, y=89.59375, z=-66.15625}
 DistanceC: 18.563514098994148
Relative Position: LorenzVec{x=15.784311677571807, y=21.59375, z=-18.563514098994148}
 }
23:33:06 `Bat`216053 missed {
 is already Found: false).
 Position: LorenzVec{x=-20.0625, y=90.625, z=-65.75}
 DistanceC: 19.72251011362477
Relative Position: LorenzVec{x=16.808541462987222, y=22.625, z=-19.72251011362477}
 }
23:33:06 `Bat`216046 missed {
 is already Found: false).
 Position: LorenzVec{x=-20.15625, y=92.21875, z=-65.54166666666666}
 DistanceC: 21.126510830049327
Relative Position: LorenzVec{x=18.250659361194195, y=23.71875, z=-21.126510830049327}
 }
23:33:06 `Bat`216049 missed {
 is already Found: false).
 Position: LorenzVec{x=-21.197916666666664, y=90.375, z=-65.23958333333334}
 DistanceC: 21.270155535249287
Relative Position: LorenzVec{x=18.143585973104926, y=21.375, z=-21.270155535249287}
 }
23:33:20 `3h9yvgzck4`236 missed {
 is already Found: false).
 Position: LorenzVec{x=-89.5, y=75.0, z=-134.5}
 DistanceC: 5.741574053529575
Relative Position: LorenzVec{x=-5.741574053529575, y=-2.9830173512917497, z=3.835236933710945}
 }
23:35:19 `Bat`216027 missed {
 is already Found: false).
 Position: LorenzVec{x=-18.65625, y=90.8125, z=-67.0625}
 DistanceC: 20.915189709368256
Relative Position: LorenzVec{x=20.915189709368256, y=3.8420585190625474, z=-8.787106600739023}
 }
23:35:19 `Bat`216029 missed {
 is already Found: false).
 Position: LorenzVec{x=-19.072916666666664, y=90.47916666666666, z=-67.25}
 DistanceC: 19.962139780765256
Relative Position: LorenzVec{x=19.962139780765256, y=3.977202469235394, z=-9.445681565058727}
 }
23:36:47 `Villager`358 missed {
 is already Found: false).
 Position: LorenzVec{x=-0.5, y=70.0, z=-54.5}
 DistanceC: 23.17388368196743
Relative Position: LorenzVec{x=23.17388368196743, y=-15.0, z=10.800433783768057}
 }
23:38:04 `u26rv4j3ng`326 missed {
 is already Found: false).
 Position: LorenzVec{x=15.5, y=72.0, z=-21.5}
 DistanceC: 21.79786261630911
Relative Position: LorenzVec{x=-1.7436339260840086, y=-16.020000010728836, z=21.79786261630911}
 }
23:39:02 `Villager`352 missed {
 is already Found: false).
 Position: LorenzVec{x=-16.5, y=70.0, z=-81.5}
 DistanceC: 22.0
Relative Position: LorenzVec{x=-18.0, y=-2.0, z=-22.0}
 }
23:40:44 `vlunqqv264`569 missed {
 is already Found: false).
 Position: LorenzVec{x=-6.5, y=55.0, z=-95.5}
 DistanceC: 9.459919766042177
Relative Position: LorenzVec{x=7.8086422603646035, y=-17.67693221313013, z=9.459919766042177}
 }
23:42:01 `3h9yvgzck4`236 missed {
 is already Found: false).
 Position: LorenzVec{x=-89.5, y=75.0, z=-134.5}
 DistanceC: 20.0
Relative Position: LorenzVec{x=-20.0, y=3.5, z=20.0}
 }
23:42:22 `4w45usir1m`332 missed {
 is already Found: false).
 Position: LorenzVec{x=-41.5, y=70.0, z=-64.5}
 DistanceC: 20.026829451425495
Relative Position: LorenzVec{x=-20.026829451425495, y=2.0, z=-18.589801732285537}
 }
23:46:31 `Sheep`10903415 missed {
 is already Found: false).
 Position: LorenzVec{x=27.5, y=105.58333333333334, z=31.5}
 DistanceC: 19.630108620854298
Relative Position: LorenzVec{x=19.630108620854298, y=7.661733334859221, z=6.355610957618467}
 }
23:46:31 `Sheep`10903416 missed {
 is already Found: false).
 Position: LorenzVec{x=27.5, y=105.34375, z=31.5}
 DistanceC: 19.630108620854298
Relative Position: LorenzVec{x=19.630108620854298, y=7.422150001525878, z=6.355610957618467}
 }
23:46:31 `Sheep`10904357 missed {
 is already Found: false).
 Position: LorenzVec{x=27.5, y=98.52083333333334, z=31.53125}
 DistanceC: 19.630108620854298
Relative Position: LorenzVec{x=19.630108620854298, y=0.5992333348592211, z=6.386860957618467}
 }
23:46:31 `Sheep`10904372 missed {
 is already Found: false).
 Position: LorenzVec{x=27.5, y=105.15625, z=31.5}
 DistanceC: 19.630108620854298
Relative Position: LorenzVec{x=19.630108620854298, y=7.234650001525878, z=6.355610957618467}
 }
23:46:31 `Sheep`10904374 missed {
 is already Found: false).
 Position: LorenzVec{x=27.5, y=112.04166666666666, z=31.5}
 DistanceC: 19.630108620854298
Relative Position: LorenzVec{x=19.630108620854298, y=14.120066668192536, z=6.355610957618467}
 }
23:46:31 `Sheep`10905056 missed {
 is already Found: false).
 Position: LorenzVec{x=27.40625, y=112.44791666666666, z=31.53125}
 DistanceC: 19.536358620854298
Relative Position: LorenzVec{x=19.536358620854298, y=14.526316668192536, z=6.386860957618467}
 }
23:46:31 `Sheep`10905069 missed {
 is already Found: false).
 Position: LorenzVec{x=27.5, y=105.30208333333334, z=31.5}
 DistanceC: 19.630108620854298
Relative Position: LorenzVec{x=19.630108620854298, y=7.380483334859221, z=6.355610957618467}
 }
23:46:31 `Sheep`10905065 missed {
 is already Found: false).
 Position: LorenzVec{x=27.53125, y=98.59375, z=31.53125}
 DistanceC: 19.719684878628755
Relative Position: LorenzVec{x=19.719684878628755, y=0.8273820060424839, z=7.009152423728633}
 }
23:46:51 `Sheep`10905061 missed {
 is already Found: false).
 Position: LorenzVec{x=27.5, y=112.5625, z=37.5}
 DistanceC: 18.613333029474802
Relative Position: LorenzVec{x=18.613333029474802, y=14.5625, z=-5.006224903201165}
 }
23:46:51 `Sheep`10904358 missed {
 is already Found: false).
 Position: LorenzVec{x=27.5, y=105.65625, z=37.5}
 DistanceC: 19.580252045423048
Relative Position: LorenzVec{x=19.580252045423048, y=7.65625, z=-4.670346375306501}
 }
23:46:51 `Sheep`10904365 missed {
 is already Found: false).
 Position: LorenzVec{x=27.5, y=112.5, z=37.5}
 DistanceC: 19.580252045423048
Relative Position: LorenzVec{x=19.580252045423048, y=14.5, z=-4.670346375306501}
 }
23:46:51 `Sheep`10904376 missed {
 is already Found: false).
 Position: LorenzVec{x=27.5, y=98.4375, z=37.53125}
 DistanceC: 19.580252045423048
Relative Position: LorenzVec{x=19.580252045423048, y=0.4375, z=-4.639096375306501}
 }
23:46:51 `Sheep`10905051 missed {
 is already Found: false).
 Position: LorenzVec{x=27.5, y=105.0625, z=37.53125}
 DistanceC: 19.580252045423048
Relative Position: LorenzVec{x=19.580252045423048, y=7.0625, z=-4.639096375306501}
 }
23:46:51 `Sheep`10905070 missed {
 is already Found: false).
 Position: LorenzVec{x=27.5, y=98.03125, z=37.5}
 DistanceC: 19.580252045423048
Relative Position: LorenzVec{x=19.580252045423048, y=0.03125, z=-4.670346375306501}
 }
23:46:51 `Sheep`10905737 missed {
 is already Found: false).
 Position: LorenzVec{x=27.5, y=105.42708333333333, z=37.5}
 DistanceC: 20.577879854700264
Relative Position: LorenzVec{x=20.577879854700264, y=7.427083333333329, z=-4.263817168216143}
 }
23:46:51 `Sheep`10905754 missed {
 is already Found: false).
 Position: LorenzVec{x=27.5, y=98.0625, z=37.5}
 DistanceC: 20.577879854700264
Relative Position: LorenzVec{x=20.577879854700264, y=0.0625, z=-4.263817168216143}
 }
23:46:51 `Sheep`10905758 missed {
 is already Found: false).
 Position: LorenzVec{x=27.5, y=112.25, z=37.5}
 DistanceC: 20.577879854700264
Relative Position: LorenzVec{x=20.577879854700264, y=14.25, z=-4.263817168216143}
 }
23:47:01 `Sheep`10905047 missed {
 is already Found: false).
 Position: LorenzVec{x=27.5, y=112.57291666666666, z=43.5}
 DistanceC: 20.36144518437102
Relative Position: LorenzVec{x=20.36144518437102, y=14.572916666666657, z=15.024248421610835}
 }
23:47:01 `Sheep`10905059 missed {
 is already Found: false).
 Position: LorenzVec{x=27.5, y=98.39583333333334, z=43.5}
 DistanceC: 20.36144518437102
Relative Position: LorenzVec{x=20.36144518437102, y=0.3958333333333428, z=15.024248421610835}
 }
23:47:01 `Sheep`10905060 missed {
 is already Found: false).
 Position: LorenzVec{x=27.5, y=105.10416666666666, z=43.53125}
 DistanceC: 20.36144518437102
Relative Position: LorenzVec{x=20.36144518437102, y=7.104166666666657, z=15.055498421610835}
 }
23:47:01 `Sheep`10905745 missed {
 is already Found: false).
 Position: LorenzVec{x=27.5, y=98.5625, z=43.5}
 DistanceC: 20.36144518437102
Relative Position: LorenzVec{x=20.36144518437102, y=0.5625, z=15.024248421610835}
 }
23:47:01 `Sheep`10905756 missed {
 is already Found: false).
 Position: LorenzVec{x=27.5, y=112.29166666666666, z=43.46875}
 DistanceC: 20.36144518437102
Relative Position: LorenzVec{x=20.36144518437102, y=14.291666666666657, z=14.992998421610835}
 }
23:47:01 `Sheep`10905760 missed {
 is already Found: false).
 Position: LorenzVec{x=27.5, y=105.125, z=43.5}
 DistanceC: 20.50669908478567
Relative Position: LorenzVec{x=20.50669908478567, y=7.125, z=16.135481453771902}
 }
23:47:01 `Sheep`10906553 missed {
 is already Found: false).
 Position: LorenzVec{x=27.5, y=98.46875, z=31.5}
 DistanceC: 20.50669908478567
Relative Position: LorenzVec{x=20.50669908478567, y=0.46875, z=4.135481453771902}
 }
23:47:01 `Sheep`10906564 missed {
 is already Found: false).
 Position: LorenzVec{x=27.5, y=112.15625, z=31.5}
 DistanceC: 20.819319276337513
Relative Position: LorenzVec{x=20.819319276337513, y=14.389882006042484, z=6.992158393352259}
 }
23:47:01 `Sheep`10906558 missed {
 is already Found: false).
 Position: LorenzVec{x=27.5, y=105.60416666666667, z=31.5}
 DistanceC: 20.8493321711868
Relative Position: LorenzVec{x=20.8493321711868, y=8.068326041622115, z=7.584237466158719}
 }
23:47:19 `Sheep`10907259 missed {
 is already Found: false).
 Position: LorenzVec{x=27.5, y=98.0, z=31.5}
 DistanceC: 21.11999398297852
Relative Position: LorenzVec{x=9.73185853293587, y=-4.875, z=21.11999398297852}
 }
23:47:19 `Sheep`10907256 missed {
 is already Found: false).
 Position: LorenzVec{x=27.5, y=105.25, z=31.5}
 DistanceC: 21.152574322058108
Relative Position: LorenzVec{x=8.985925836444476, y=2.375, z=21.152574322058108}
 }
23:47:19 `Sheep`10907261 missed {
 is already Found: false).
 Position: LorenzVec{x=27.46875, y=112.48958333333334, z=31.53125}
 DistanceC: 21.183824322058108
Relative Position: LorenzVec{x=8.954675836444476, y=9.614583333333343, z=21.183824322058108}
 }
23:47:26 `Sheep`10907802 missed {
 is already Found: false).
 Position: LorenzVec{x=27.5, y=98.03125, z=31.5}
 DistanceC: 20.594726145177418
Relative Position: LorenzVec{x=5.413588958435906, y=0.03125, z=20.594726145177418}
 }
23:47:26 `Sheep`10907821 missed {
 is already Found: false).
 Position: LorenzVec{x=27.53125, y=112.28125, z=31.5}
 DistanceC: 19.447666189370622
Relative Position: LorenzVec{x=2.9791042429000285, y=14.28125, z=19.447666189370622}
 }
23:47:45 `Sheep`10907800 missed {
 is already Found: false).
 Position: LorenzVec{x=27.53125, y=105.125, z=31.5}
 DistanceC: 16.923338094390353
Relative Position: LorenzVec{x=1.3254234413430552, y=7.625, z=16.923338094390353}
 }
23:47:45 `Sheep`10908481 missed {
 is already Found: false).
 Position: LorenzVec{x=15.4375, y=98.47916666666667, z=31.5}
 DistanceC: 21.32384309246041
Relative Position: LorenzVec{x=-1.9230053119780095, y=-5.612304122985833, z=21.32384309246041}
 }
23:47:45 `Sheep`10908462 missed {
 is already Found: false).
 Position: LorenzVec{x=21.5, y=98.37152777777777, z=31.5}
 DistanceC: 21.36965773665036
Relative Position: LorenzVec{x=4.467911168798924, y=-5.598913703159681, z=21.36965773665036}
 }
23:47:46 `Sheep`10908457 missed {
 is already Found: false).
 Position: LorenzVec{x=27.5, y=98.04166666666667, z=31.53125}
 DistanceC: 21.379458887876496
Relative Position: LorenzVec{x=18.358391250262734, y=-4.064857130920345, z=21.379458887876496}
 }
23:47:46 `Sheep`10908459 missed {
 is already Found: false).
 Position: LorenzVec{x=21.5, y=105.4375, z=31.5}
 DistanceC: 21.348208887876496
Relative Position: LorenzVec{x=12.358391250262732, y=3.330976202412984, z=21.348208887876496}
 }
23:47:46 `Sheep`10908463 missed {
 is already Found: false).
 Position: LorenzVec{x=15.53125, y=105.0, z=31.5}
 DistanceC: 21.348208887876496
Relative Position: LorenzVec{x=6.389641250262732, y=2.893476202412984, z=21.348208887876496}
 }
23:47:46 `Sheep`10908464 missed {
 is already Found: false).
 Position: LorenzVec{x=27.5, y=105.40625, z=31.53125}
 DistanceC: 21.379458887876496
Relative Position: LorenzVec{x=18.358391250262734, y=3.299726202412984, z=21.379458887876496}
 }
23:47:46 `Sheep`10908472 missed {
 is already Found: false).
 Position: LorenzVec{x=27.53125, y=112.34375, z=31.46875}
 DistanceC: 21.316958887876496
Relative Position: LorenzVec{x=18.389641250262734, y=10.237226202412984, z=21.316958887876496}
 }
23:47:51 `Sheep`10909147 missed {
 is already Found: false).
 Position: LorenzVec{x=27.5, y=105.09375, z=31.5}
 DistanceC: 20.66167337952953
Relative Position: LorenzVec{x=5.426287911589384, y=-2.9142436596464876, z=20.66167337952953}
 }
23:47:51 `Sheep`10909150 missed {
 is already Found: false).
 Position: LorenzVec{x=21.5, y=98.125, z=31.46875}
 DistanceC: 20.63042337952953
Relative Position: LorenzVec{x=-0.5737120884106162, y=-9.882993659646488, z=20.63042337952953}
 }
23:47:52 `Sheep`10909134 missed {
 is already Found: false).
 Position: LorenzVec{x=27.4375, y=98.0, z=31.53125}
 DistanceC: 20.553910136428872
Relative Position: LorenzVec{x=5.0129261213068474, y=-10.376533884405319, z=20.553910136428872}
 }
23:47:52 `Sheep`10909143 missed {
 is already Found: false).
 Position: LorenzVec{x=15.5, y=98.15625, z=31.5}
 DistanceC: 18.677682591448423
Relative Position: LorenzVec{x=-9.38854908730292, y=-9.460324587805147, z=18.677682591448423}
 }
23:47:52 `Sheep`10909148 missed {
 is already Found: false).
 Position: LorenzVec{x=27.5, y=112.22916666666666, z=31.5}
 DistanceC: 18.677682591448423
Relative Position: LorenzVec{x=2.61145091269708, y=4.6125920788615105, z=18.677682591448423}
 }
23:47:52 `Sheep`10909138 missed {
 is already Found: false).
 Position: LorenzVec{x=21.46875, y=105.53125, z=31.53125}
 DistanceC: 18.266589725616395
Relative Position: LorenzVec{x=-4.707385325782774, y=3.6509211865392928, z=18.266589725616395}
 }
23:47:52 `Sheep`10909142 missed {
 is already Found: false).
 Position: LorenzVec{x=15.5, y=105.22916666666667, z=31.5}
 DistanceC: 18.235339725616395
Relative Position: LorenzVec{x=-10.676135325782774, y=3.348837853205964, z=18.235339725616395}
 }
23:47:53 `Sheep`10909764 missed {
 is already Found: false).
 Position: LorenzVec{x=27.5, y=98.3125, z=31.46875}
 DistanceC: 21.0451550566258
Relative Position: LorenzVec{x=4.158869926024373, y=-4.971803310172447, z=21.0451550566258}
 }
23:47:53 `Sheep`10909767 missed {
 is already Found: false).
 Position: LorenzVec{x=27.5, y=112.15625, z=31.5}
 DistanceC: 21.0764050566258
Relative Position: LorenzVec{x=4.158869926024373, y=8.871946689827553, z=21.0764050566258}
 }
23:47:53 `Sheep`10909776 missed {
 is already Found: false).
 Position: LorenzVec{x=27.5, y=105.0625, z=31.5}
 DistanceC: 21.0764050566258
Relative Position: LorenzVec{x=4.158869926024373, y=1.7781966898275527, z=21.0764050566258}
 }
23:47:53 `Sheep`10909779 missed {
 is already Found: false).
 Position: LorenzVec{x=21.5, y=105.375, z=31.5}
 DistanceC: 21.0764050566258
Relative Position: LorenzVec{x=-1.8411300739756271, y=2.0906966898275527, z=21.0764050566258}
 }
23:47:53 `Sheep`10909769 missed {
 is already Found: false).
 Position: LorenzVec{x=21.53125, y=98.4375, z=31.53125}
 DistanceC: 21.281944140158956
Relative Position: LorenzVec{x=-1.5204447896007025, y=-5.04551735129175, z=21.281944140158956}
 }
23:47:53 `Sheep`10909775 missed {
 is already Found: false).
 Position: LorenzVec{x=15.5, y=105.03125, z=31.53125}
 DistanceC: 21.281944140158956
Relative Position: LorenzVec{x=-7.5516947896007025, y=1.5482326487082503, z=21.281944140158956}
 }
23:47:53 `Sheep`10909780 missed {
 is already Found: false).
 Position: LorenzVec{x=15.53125, y=98.46875, z=31.53125}
 DistanceC: 21.281944140158956
Relative Position: LorenzVec{x=-7.5204447896007025, y=-5.01426735129175, z=21.281944140158956}
 }
23:48:06 `Sheep`10910445 missed {
 is already Found: false).
 Position: LorenzVec{x=15.46875, y=98.39583333333333, z=31.46875}
 DistanceC: 21.627328889527476
Relative Position: LorenzVec{x=-3.6917473885185963, y=-5.703523780519632, z=21.627328889527476}
 }
23:48:06 `Sheep`10910442 missed {
 is already Found: false).
 Position: LorenzVec{x=21.53125, y=98.0, z=31.5}
 DistanceC: 21.651125670028037
Relative Position: LorenzVec{x=2.7280206311437354, y=-6.091470789652504, z=21.651125670028037}
 }
23:48:06 `Sheep`10910444 missed {
 is already Found: false).
 Position: LorenzVec{x=21.5, y=105.1875, z=31.5}
 DistanceC: 21.651125670028037
Relative Position: LorenzVec{x=2.6967706311437354, y=1.0960292103474956, z=21.651125670028037}
 }
23:48:06 `Sheep`10910457 missed {
 is already Found: false).
 Position: LorenzVec{x=27.5, y=105.0625, z=31.46875}
 DistanceC: 21.619875670028037
Relative Position: LorenzVec{x=8.696770631143735, y=0.9710292103474956, z=21.619875670028037}
 }
23:48:06 `Sheep`10910459 missed {
 is already Found: false).
 Position: LorenzVec{x=15.46875, y=105.34375, z=31.53125}
 DistanceC: 21.682375670028037
Relative Position: LorenzVec{x=-3.3344793688562646, y=1.2522792103474956, z=21.682375670028037}
 }
23:48:06 `Sheep`10910461 missed {
 is already Found: false).
 Position: LorenzVec{x=27.5, y=98.03125, z=31.5}
 DistanceC: 21.651125670028037
Relative Position: LorenzVec{x=8.696770631143735, y=-6.060220789652504, z=21.651125670028037}
 }
23:48:06 `Sheep`10910455 missed {
 is already Found: false).
 Position: LorenzVec{x=27.5, y=112.0, z=31.5}
 DistanceC: 21.63994584077888
Relative Position: LorenzVec{x=9.296142956122285, y=8.498035802568737, z=21.63994584077888}
 }
23:48:09 `Sheep`10911214 missed {
 is already Found: false).
 Position: LorenzVec{x=27.5, y=112.1875, z=31.5}
 DistanceC: 15.862430238673848
Relative Position: LorenzVec{x=15.862430238673848, y=14.1875, z=-2.5928299539388036}
 }
23:48:09 `Sheep`10911216 missed {
 is already Found: false).
 Position: LorenzVec{x=27.5, y=105.1875, z=31.53125}
 DistanceC: 15.862430238673848
Relative Position: LorenzVec{x=15.862430238673848, y=7.1875, z=-2.5615799539388036}
 }
23:48:09 `Sheep`10911226 missed {
 is already Found: false).
 Position: LorenzVec{x=27.5, y=98.0, z=31.5}
 DistanceC: 15.862430238673848
Relative Position: LorenzVec{x=15.862430238673848, y=0.0, z=-2.5928299539388036}
 }
23:48:22 `Sheep`10909763 missed {
 is already Found: false).
 Position: LorenzVec{x=27.5, y=112.3125, z=37.5}
 DistanceC: 19.536455915088105
Relative Position: LorenzVec{x=19.536455915088105, y=9.310535802568737, z=19.212448821509106}
 }
23:48:22 `Sheep`10909765 missed {
 is already Found: false).
 Position: LorenzVec{x=27.5, y=105.15625, z=37.46875}
 DistanceC: 19.536455915088105
Relative Position: LorenzVec{x=19.536455915088105, y=2.1542858025687366, z=19.181198821509106}
 }
23:48:22 `Sheep`10909778 missed {
 is already Found: false).
 Position: LorenzVec{x=27.5, y=98.44791666666666, z=37.46875}
 DistanceC: 19.536455915088105
Relative Position: LorenzVec{x=19.536455915088105, y=-4.554047530764606, z=19.181198821509106}
 }
23:48:22 `Sheep`10910446 missed {
 is already Found: false).
 Position: LorenzVec{x=27.5, y=98.125, z=37.53125}
 DistanceC: 19.536455915088105
Relative Position: LorenzVec{x=19.536455915088105, y=-4.876964197431263, z=19.243698821509106}
 }
23:48:22 `Sheep`10910448 missed {
 is already Found: false).
 Position: LorenzVec{x=27.5, y=112.48958333333334, z=37.53125}
 DistanceC: 19.536455915088105
Relative Position: LorenzVec{x=19.536455915088105, y=9.48761913590208, z=19.243698821509106}
 }
23:48:22 `Sheep`10910465 missed {
 is already Found: false).
 Position: LorenzVec{x=27.489583333333336, y=105.45833333333334, z=37.42708333333333}
 DistanceC: 19.52603924842144
Relative Position: LorenzVec{x=19.52603924842144, y=2.4563691359020794, z=19.139532154842435}
 }
23:48:22 `Sheep`10911215 missed {
 is already Found: false).
 Position: LorenzVec{x=27.5, y=112.03125, z=37.46875}
 DistanceC: 19.536455915088105
Relative Position: LorenzVec{x=19.536455915088105, y=9.029285802568737, z=19.181198821509106}
 }
23:48:22 `Sheep`10911221 missed {
 is already Found: false).
 Position: LorenzVec{x=27.5, y=98.54166666666666, z=37.5}
 DistanceC: 19.536455915088105
Relative Position: LorenzVec{x=19.536455915088105, y=-4.460297530764606, z=19.212448821509106}
 }
23:48:22 `Sheep`10911234 missed {
 is already Found: false).
 Position: LorenzVec{x=27.5, y=105.47916666666666, z=37.5}
 DistanceC: 19.536455915088105
Relative Position: LorenzVec{x=19.536455915088105, y=2.477202469235394, z=19.212448821509106}
 }
23:48:25 `Sheep`10911935 missed {
 is already Found: false).
 Position: LorenzVec{x=27.5, y=98.1875, z=31.5}
 DistanceC: 20.62515021293232
Relative Position: LorenzVec{x=20.62515021293232, y=0.1875, z=1.7886697125737356}
 }
23:48:25 `Sheep`10911949 missed {
 is already Found: false).
 Position: LorenzVec{x=27.5, y=105.32291666666666, z=31.5}
 DistanceC: 20.62515021293232
Relative Position: LorenzVec{x=20.62515021293232, y=7.322916666666657, z=1.7886697125737356}
 }
23:48:25 `Sheep`10911953 missed {
 is already Found: false).
 Position: LorenzVec{x=27.53125, y=112.125, z=31.5}
 DistanceC: 20.6589407889712
Relative Position: LorenzVec{x=20.6589407889712, y=14.125, z=-0.4321038136614348}
 }
23:48:31 `Sheep`10911954 missed {
 is already Found: false).
 Position: LorenzVec{x=27.53125, y=98.5, z=37.5}
 DistanceC: 19.70337097900815
Relative Position: LorenzVec{x=19.70337097900815, y=0.5784000015258783, z=12.566156355173419}
 }
23:48:31 `Sheep`10911940 missed {
 is already Found: false).
 Position: LorenzVec{x=27.5, y=112.28125, z=37.53125}
 DistanceC: 19.629047391060393
Relative Position: LorenzVec{x=19.629047391060393, y=14.745409374955443, z=13.821985095605687}
 }
23:48:31 `Sheep`10911930 missed {
 is already Found: false).
 Position: LorenzVec{x=27.5, y=105.08333333333333, z=37.5}
 DistanceC: 19.5980607777092
Relative Position: LorenzVec{x=19.5980607777092, y=7.583333333333329, z=15.386243487364656}
 }
23:49:28 `Sheep`10913411 missed {
 is already Found: false).
 Position: LorenzVec{x=21.5, y=105.125, z=31.46875}
 DistanceC: 21.228895912512026
Relative Position: LorenzVec{x=-0.24390699786962955, y=5.234160505369957, z=21.228895912512026}
 }
23:49:28 `Sheep`10913414 missed {
 is already Found: false).
 Position: LorenzVec{x=15.53125, y=105.25, z=31.5}
 DistanceC: 21.260145912512026
Relative Position: LorenzVec{x=-6.2126569978696295, y=5.359160505369957, z=21.260145912512026}
 }
23:49:28 `Sheep`10913417 missed {
 is already Found: false).
 Position: LorenzVec{x=15.46875, y=98.5, z=31.5}
 DistanceC: 21.260145912512026
Relative Position: LorenzVec{x=-6.2751569978696295, y=-1.3908394946300433, z=21.260145912512026}
 }
23:49:28 `Sheep`10913402 missed {
 is already Found: false).
 Position: LorenzVec{x=21.46875, y=98.25, z=31.5}
 DistanceC: 21.280449439948335
Relative Position: LorenzVec{x=-0.5352988937948524, y=-0.8882227274985866, z=21.280449439948335}
 }
23:49:33 `Sheep`10914188 missed {
 is already Found: false).
 Position: LorenzVec{x=21.53125, y=105.625, z=31.5}
 DistanceC: 21.792427827023456
Relative Position: LorenzVec{x=8.41415320544949, y=-0.7450646203298135, z=21.792427827023456}
 }
23:49:33 `Sheep`10914184 missed {
 is already Found: false).
 Position: LorenzVec{x=15.5, y=98.40625, z=31.5}
 DistanceC: 21.93653139308858
Relative Position: LorenzVec{x=2.888229406137903, y=-8.6003133992116, z=21.93653139308858}
 }
23:49:33 `Sheep`10914192 missed {
 is already Found: false).
 Position: LorenzVec{x=21.4375, y=98.28125, z=31.5}
 DistanceC: 21.93653139308858
Relative Position: LorenzVec{x=8.825729406137903, y=-8.7253133992116, z=21.93653139308858}
 }
23:49:33 `Sheep`10914195 missed {
 is already Found: false).
 Position: LorenzVec{x=15.5, y=105.25, z=31.5}
 DistanceC: 21.93653139308858
Relative Position: LorenzVec{x=2.888229406137903, y=-1.7565633992116005, z=21.93653139308858}
 }
23:49:33 `Sheep`10914875 missed {
 is already Found: false).
 Position: LorenzVec{x=15.53125, y=105.46875, z=31.5}
 DistanceC: 21.93653139308858
Relative Position: LorenzVec{x=2.919479406137903, y=-1.5378133992116005, z=21.93653139308858}
 }
23:49:33 `Sheep`10914879 missed {
 is already Found: false).
 Position: LorenzVec{x=15.5, y=98.5, z=31.5}
 DistanceC: 21.93653139308858
Relative Position: LorenzVec{x=2.888229406137903, y=-8.5065633992116, z=21.93653139308858}
 }
23:49:33 `Sheep`10914889 missed {
 is already Found: false).
 Position: LorenzVec{x=21.5, y=105.0625, z=31.5}
 DistanceC: 21.93653139308858
Relative Position: LorenzVec{x=8.888229406137903, y=-1.9440633992116005, z=21.93653139308858}
 }
23:49:40 `Sheep`10914882 missed {
 is already Found: false).
 Position: LorenzVec{x=21.5, y=98.1875, z=31.46875}
 DistanceC: 21.864012300084838
Relative Position: LorenzVec{x=9.383048309835152, y=-8.36443221313013, z=21.864012300084838}
 }
23:49:41 `Sheep`10914883 missed {
 is already Found: false).
 Position: LorenzVec{x=27.5, y=105.3125, z=31.5}
 DistanceC: 20.556906962176598
Relative Position: LorenzVec{x=12.503117863686244, y=-2.0644641974312634, z=20.556906962176598}
 }
23:49:41 `Sheep`10914191 missed {
 is already Found: false).
 Position: LorenzVec{x=27.5, y=105.42708333333333, z=31.5}
 DistanceC: 20.550173504434085
Relative Position: LorenzVec{x=12.237257865028267, y=-1.6054416714057282, z=20.550173504434085}
 }
23:49:41 `Sheep`10914198 missed {
 is already Found: false).
 Position: LorenzVec{x=27.53125, y=112.32291666666667, z=31.5}
 DistanceC: 20.550173504434085
Relative Position: LorenzVec{x=12.268507865028267, y=5.290391661927615, z=20.550173504434085}
 }
23:49:41 `Sheep`10914206 missed {
 is already Found: false).
 Position: LorenzVec{x=27.5, y=98.53125, z=31.5}
 DistanceC: 20.550173504434085
Relative Position: LorenzVec{x=12.237257865028267, y=-8.501275004739057, z=20.550173504434085}
 }
23:49:41 `Sheep`10914870 missed {
 is already Found: false).
 Position: LorenzVec{x=27.5, y=112.4375, z=31.53125}
 DistanceC: 20.581423504434085
Relative Position: LorenzVec{x=12.237257865028267, y=5.404974995260943, z=20.581423504434085}
 }
23:49:41 `Sheep`10914886 missed {
 is already Found: false).
 Position: LorenzVec{x=27.5, y=98.4375, z=31.53125}
 DistanceC: 20.590360672536757
Relative Position: LorenzVec{x=11.974134286278314, y=-8.179074587805147, z=20.590360672536757}
 }
23:49:41 `Sheep`10915717 missed {
 is already Found: false).
 Position: LorenzVec{x=21.53125, y=105.55208333333334, z=31.5}
 DistanceC: 20.305221178946027
Relative Position: LorenzVec{x=0.20131111855548056, y=2.9107153393758267, z=20.305221178946027}
 }
23:49:41 `Sheep`10915727 missed {
 is already Found: false).
 Position: LorenzVec{x=21.5, y=98.40625, z=31.5}
 DistanceC: 20.305221178946027
Relative Position: LorenzVec{x=0.17006111855548056, y=-4.235117993957516, z=20.305221178946027}
 }
23:49:41 `Sheep`10915716 missed {
 is already Found: false).
 Position: LorenzVec{x=15.46875, y=105.46875, z=31.53125}
 DistanceC: 20.215607796782667
Relative Position: LorenzVec{x=-6.409777433421297, y=3.057909374955443, z=20.215607796782667}
 }
23:49:41 `Sheep`10915735 missed {
 is already Found: false).
 Position: LorenzVec{x=27.53125, y=112.10416666666666, z=31.5}
 DistanceC: 19.450765407104008
Relative Position: LorenzVec{x=3.3575367350727525, y=11.923728214915442, z=19.450765407104008}
 }
23:49:42 `Sheep`10915718 missed {
 is already Found: false).
 Position: LorenzVec{x=27.5, y=98.28125, z=31.5}
 DistanceC: 19.01191230859104
Relative Position: LorenzVec{x=2.1605402755214556, y=0.2507282470568839, z=19.01191230859104}
 }
23:52:45 `Sheep`10925643 missed {
 is already Found: false).
 Position: LorenzVec{x=15.5, y=98.4375, z=31.5}
 DistanceC: 21.2253655178342
Relative Position: LorenzVec{x=-1.4560940312938264, y=-5.0757227274985866, z=21.2253655178342}
 }
23:52:45 `Sheep`10925659 missed {
 is already Found: false).
 Position: LorenzVec{x=15.5, y=105.0625, z=31.5}
 DistanceC: 21.2253655178342
Relative Position: LorenzVec{x=-1.4560940312938264, y=1.5492772725014134, z=21.2253655178342}
 }
23:52:45 `Sheep`10926388 missed {
 is already Found: false).
 Position: LorenzVec{x=15.5, y=98.0625, z=31.5}
 DistanceC: 21.2253655178342
Relative Position: LorenzVec{x=-1.4560940312938264, y=-5.4507227274985866, z=21.2253655178342}
 }
23:52:45 `Sheep`10926391 missed {
 is already Found: false).
 Position: LorenzVec{x=15.5, y=105.40625, z=31.5}
 DistanceC: 21.2253655178342
Relative Position: LorenzVec{x=-1.4560940312938264, y=1.8930272725014134, z=21.2253655178342}
 }
23:52:45 `Sheep`10926927 missed {
 is already Found: false).
 Position: LorenzVec{x=15.46875, y=98.375, z=31.5}
 DistanceC: 21.2253655178342
Relative Position: LorenzVec{x=-1.4873440312938264, y=-5.1382227274985866, z=21.2253655178342}
 }
23:52:45 `Sheep`10926931 missed {
 is already Found: false).
 Position: LorenzVec{x=15.5, y=105.375, z=31.5625}
 DistanceC: 21.2878655178342
Relative Position: LorenzVec{x=-1.4560940312938264, y=1.8617772725014134, z=21.2878655178342}
 }
23:52:45 `Sheep`10925648 missed {
 is already Found: false).
 Position: LorenzVec{x=21.5, y=105.10416666666666, z=31.5}
 DistanceC: 21.454383705266906
Relative Position: LorenzVec{x=0.4716589566163165, y=2.3075666681925355, z=21.454383705266906}
 }
23:52:45 `Sheep`10925661 missed {
 is already Found: false).
 Position: LorenzVec{x=21.53125, y=98.125, z=31.5}
 DistanceC: 21.454383705266906
Relative Position: LorenzVec{x=0.5029089566163165, y=-4.671599998474122, z=21.454383705266906}
 }
23:52:45 `Sheep`10926392 missed {
 is already Found: false).
 Position: LorenzVec{x=21.53125, y=98.51041666666666, z=31.5}
 DistanceC: 21.454383705266906
Relative Position: LorenzVec{x=0.5029089566163165, y=-4.2861833318074645, z=21.454383705266906}
 }
23:52:45 `Sheep`10926920 missed {
 is already Found: false).
 Position: LorenzVec{x=21.46875, y=98.54166666666666, z=31.5}
 DistanceC: 21.454383705266906
Relative Position: LorenzVec{x=0.4404089566163165, y=-4.2549333318074645, z=21.454383705266906}
 }
23:52:45 `Sheep`10926922 missed {
 is already Found: false).
 Position: LorenzVec{x=21.46875, y=105.28125, z=31.5}
 DistanceC: 21.454383705266906
Relative Position: LorenzVec{x=0.4404089566163165, y=2.4846500015258783, z=21.454383705266906}
 }
23:52:45 `Sheep`10927418 missed {
 is already Found: false).
 Position: LorenzVec{x=15.5, y=105.53125, z=31.5}
 DistanceC: 21.454383705266906
Relative Position: LorenzVec{x=-5.5283410433836835, y=2.7346500015258783, z=21.454383705266906}
 }
23:52:45 `Sheep`10927431 missed {
 is already Found: false).
 Position: LorenzVec{x=21.4375, y=98.34375, z=31.53125}
 DistanceC: 21.485633705266906
Relative Position: LorenzVec{x=0.4091589566163165, y=-4.452849998474122, z=21.485633705266906}
 }
23:52:45 `Sheep`10926385 missed {
 is already Found: false).
 Position: LorenzVec{x=21.53125, y=105.28125, z=31.53125}
 DistanceC: 21.541662073340753
Relative Position: LorenzVec{x=-0.10157316284221451, y=2.639882006042484, z=21.541662073340753}
 }
23:52:52 `Sheep`10927413 missed {
 is already Found: false).
 Position: LorenzVec{x=21.46875, y=105.125, z=31.53125}
 DistanceC: 21.220790678032387
Relative Position: LorenzVec{x=15.264388240570316, y=7.625, z=21.220790678032387}
 }
23:52:52 `Sheep`10927412 missed {
 is already Found: false).
 Position: LorenzVec{x=15.4375, y=98.53125, z=31.5}
 DistanceC: 14.440821572089078
Relative Position: LorenzVec{x=10.090923679788009, y=1.03125, z=14.440821572089078}
 }
23:52:53 `Sheep`10927427 missed {
 is already Found: false).
 Position: LorenzVec{x=27.5, y=105.23958333333334, z=31.53125}
 DistanceC: 19.75144784638786
Relative Position: LorenzVec{x=19.75144784638786, y=3.7445187130035293, z=-3.83220598734205}
 }
23:52:53 `Sheep`10926379 missed {
 is already Found: false).
 Position: LorenzVec{x=27.5, y=98.09375, z=31.46875}
 DistanceC: 19.774702069625782
Relative Position: LorenzVec{x=19.774702069625782, y=-4.0378133992116005, z=-4.514396931889181}
 }
23:52:53 `Sheep`10926402 missed {
 is already Found: false).
 Position: LorenzVec{x=27.5, y=112.5, z=31.5}
 DistanceC: 19.774702069625782
Relative Position: LorenzVec{x=19.774702069625782, y=10.3684366007884, z=-4.483146931889181}
 }
23:52:53 `Sheep`10926919 missed {
 is already Found: false).
 Position: LorenzVec{x=27.4375, y=105.53125, z=31.4375}
 DistanceC: 19.712202069625782
Relative Position: LorenzVec{x=19.712202069625782, y=3.3996866007883995, z=-4.545646931889181}
 }
23:52:53 `Sheep`10926930 missed {
 is already Found: false).
 Position: LorenzVec{x=27.5, y=98.375, z=31.46875}
 DistanceC: 19.774702069625782
Relative Position: LorenzVec{x=19.774702069625782, y=-3.7565633992116005, z=-4.514396931889181}
 }
23:52:53 `Sheep`10926932 missed {
 is already Found: false).
 Position: LorenzVec{x=27.4375, y=112.6875, z=31.5}
 DistanceC: 19.712202069625782
Relative Position: LorenzVec{x=19.712202069625782, y=10.5559366007884, z=-4.483146931889181}
 }
23:52:53 `Sheep`10927426 missed {
 is already Found: false).
 Position: LorenzVec{x=27.5, y=98.5625, z=31.5}
 DistanceC: 19.774702069625782
Relative Position: LorenzVec{x=19.774702069625782, y=-3.5690633992116005, z=-4.483146931889181}
 }
23:52:53 `Sheep`10926399 missed {
 is already Found: false).
 Position: LorenzVec{x=27.53125, y=105.125, z=31.5}
 DistanceC: 19.898876018394883
Relative Position: LorenzVec{x=19.898876018394883, y=1.9920063403535124, z=-5.614707098511467}
 }
23:52:53 `Sheep`10927430 missed {
 is already Found: false).
 Position: LorenzVec{x=27.53125, y=112.1875, z=31.46875}
 DistanceC: 19.898876018394883
Relative Position: LorenzVec{x=19.898876018394883, y=9.054506340353512, z=-5.645957098511467}
 }
23:52:56 `Sheep`10928078 missed {
 is already Found: false).
 Position: LorenzVec{x=27.46875, y=112.59375, z=31.46875}
 DistanceC: 16.263717452868867
Relative Position: LorenzVec{x=16.263717452868867, y=14.59375, z=-0.41462215345283226}
 }
23:52:56 `Sheep`10928096 missed {
 is already Found: false).
 Position: LorenzVec{x=27.46875, y=105.0, z=31.5}
 DistanceC: 16.263717452868867
Relative Position: LorenzVec{x=16.263717452868867, y=7.0, z=-0.38337215345283226}
 }
23:52:56 `Sheep`10928100 missed {
 is already Found: false).
 Position: LorenzVec{x=27.5, y=98.09375, z=31.5}
 DistanceC: 16.294967452868867
Relative Position: LorenzVec{x=16.294967452868867, y=0.09375, z=-0.38337215345283226}
 }
23:52:57 `Sheep`10928863 missed {
 is already Found: false).
 Position: LorenzVec{x=27.46875, y=112.15625, z=31.5}
 DistanceC: 20.61637933919139
Relative Position: LorenzVec{x=20.61637933919139, y=14.65625, z=16.15914904459438}
 }
23:52:58 `Sheep`10928873 missed {
 is already Found: false).
 Position: LorenzVec{x=27.46875, y=98.53125, z=31.5}
 DistanceC: 20.716294710308937
Relative Position: LorenzVec{x=20.716294710308937, y=1.03125, z=18.39940129037858}
 }
23:52:58 `Sheep`10928876 missed {
 is already Found: false).
 Position: LorenzVec{x=27.552083333333336, y=105.21875, z=31.46875}
 DistanceC: 20.799628043642272
Relative Position: LorenzVec{x=20.799628043642272, y=7.71875, z=18.36815129037858}
 }
23:53:07 `Sheep`10926913 missed {
 is already Found: false).
 Position: LorenzVec{x=27.5, y=112.17708333333334, z=37.46875}
 DistanceC: 21.224360919375144
Relative Position: LorenzVec{x=0.7427723095287462, y=14.677083333333343, z=21.224360919375144}
 }
23:53:07 `Sheep`10926916 missed {
 is already Found: false).
 Position: LorenzVec{x=27.5, y=105.51041666666666, z=37.46875}
 DistanceC: 21.224360919375144
Relative Position: LorenzVec{x=0.7427723095287462, y=8.010416666666657, z=21.224360919375144}
 }
23:53:07 `Sheep`10926929 missed {
 is already Found: false).
 Position: LorenzVec{x=27.46875, y=98.32291666666666, z=37.5}
 DistanceC: 21.255610919375144
Relative Position: LorenzVec{x=0.7115223095287462, y=0.8229166666666572, z=21.255610919375144}
 }
23:53:07 `Sheep`10927420 missed {
 is already Found: false).
 Position: LorenzVec{x=27.5, y=98.21875, z=37.46875}
 DistanceC: 21.224360919375144
Relative Position: LorenzVec{x=0.7427723095287462, y=0.71875, z=21.224360919375144}
 }
23:53:07 `Sheep`10928098 missed {
 is already Found: false).
 Position: LorenzVec{x=27.5, y=105.23958333333334, z=37.46875}
 DistanceC: 21.224360919375144
Relative Position: LorenzVec{x=0.7427723095287462, y=7.739583333333343, z=21.224360919375144}
 }
23:53:07 `Sheep`10928092 missed {
 is already Found: false).
 Position: LorenzVec{x=27.5, y=98.3125, z=37.5}
 DistanceC: 21.82470752724489
Relative Position: LorenzVec{x=1.1725071515653624, y=0.8125, z=21.82470752724489}
 }
23:53:07 `Sheep`10928099 missed {
 is already Found: false).
 Position: LorenzVec{x=27.46875, y=112.5, z=37.5}
 DistanceC: 21.82470752724489
Relative Position: LorenzVec{x=1.1412571515653624, y=15.0, z=21.82470752724489}
 }
23:53:07 `Sheep`10928858 missed {
 is already Found: false).
 Position: LorenzVec{x=27.5, y=105.25, z=37.5}
 DistanceC: 21.82470752724489
Relative Position: LorenzVec{x=1.1725071515653624, y=7.75, z=21.82470752724489}
 }
23:53:07 `Sheep`10928869 missed {
 is already Found: false).
 Position: LorenzVec{x=27.5, y=98.625, z=37.53125}
 DistanceC: 21.85595752724489
Relative Position: LorenzVec{x=1.1725071515653624, y=1.125, z=21.85595752724489}
 }
23:53:14 `Sheep`10927408 missed {
 is already Found: false).
 Position: LorenzVec{x=27.46875, y=105.4375, z=37.5}
 DistanceC: 21.144500175614475
Relative Position: LorenzVec{x=3.2167402436390304, y=7.4375, z=21.144500175614475}
 }
23:53:14 `Sheep`10928866 missed {
 is already Found: false).
 Position: LorenzVec{x=27.46875, y=112.38541666666666, z=37.53125}
 DistanceC: 21.175750175614475
Relative Position: LorenzVec{x=3.2167402436390304, y=14.385416666666657, z=21.175750175614475}
 }
23:53:15 `Sheep`10927422 missed {
 is already Found: false).
 Position: LorenzVec{x=27.53125, y=112.5625, z=37.53125}
 DistanceC: 20.395780014686544
Relative Position: LorenzVec{x=2.948519739079561, y=14.5625, z=20.395780014686544}
 }
23:54:13 `Sheep`10932481 missed {
 is already Found: false).
 Position: LorenzVec{x=21.5, y=98.08333333333333, z=31.5}
 DistanceC: 17.87253890060114
Relative Position: LorenzVec{x=-4.380913294917729, y=0.5833333333333286, z=17.87253890060114}
 }
23:54:13 `Sheep`10932489 missed {
 is already Found: false).
 Position: LorenzVec{x=15.5, y=98.28125, z=31.5}
 DistanceC: 17.87253890060114
Relative Position: LorenzVec{x=-10.380913294917729, y=0.78125, z=17.87253890060114}
 }
23:54:13 `Sheep`10932472 missed {
 is already Found: false).
 Position: LorenzVec{x=27.53125, y=112.125, z=31.53125}
 DistanceC: 20.040952760263032
Relative Position: LorenzVec{x=1.8482616062790207, y=14.625, z=20.040952760263032}
 }
23:55:37 `Sheep`10951848 missed {
 is already Found: false).
 Position: LorenzVec{x=21.5, y=98.38888888888889, z=37.5}
 DistanceC: 16.409601128483043
Relative Position: LorenzVec{x=13.102272027677285, y=-1.5523111502832876, z=16.409601128483043}
 }
23:55:37 `Sheep`10951849 missed {
 is already Found: false).
 Position: LorenzVec{x=21.53125, y=105.15625, z=37.5}
 DistanceC: 16.409601128483043
Relative Position: LorenzVec{x=13.133522027677285, y=5.215049960827827, z=16.409601128483043}
 }
23:55:37 `Sheep`10951832 missed {
 is already Found: false).
 Position: LorenzVec{x=27.5, y=98.6875, z=37.53125}
 DistanceC: 19.645911333637756
Relative Position: LorenzVec{x=19.645911333637756, y=-2.0780760830912612, z=16.462109494393438}
 }
23:55:37 `Sheep`10951837 missed {
 is already Found: false).
 Position: LorenzVec{x=27.53125, y=112.15625, z=37.5}
 DistanceC: 19.677161333637756
Relative Position: LorenzVec{x=19.677161333637756, y=11.390673916908739, z=16.430859494393438}
 }
23:55:37 `Sheep`10951840 missed {
 is already Found: false).
 Position: LorenzVec{x=27.5, y=105.65625, z=37.5}
 DistanceC: 19.645911333637756
Relative Position: LorenzVec{x=19.645911333637756, y=4.890673916908739, z=16.430859494393438}
 }
23:55:37 `Sheep`10955487 missed {
 is already Found: false).
 Position: LorenzVec{x=27.5, y=112.44791666666666, z=37.5}
 DistanceC: 19.645911333637756
Relative Position: LorenzVec{x=19.645911333637756, y=11.682340583575396, z=16.430859494393438}
 }
23:55:37 `Sheep`10955502 missed {
 is already Found: false).
 Position: LorenzVec{x=27.46875, y=105.15625, z=37.5}
 DistanceC: 19.614661333637756
Relative Position: LorenzVec{x=19.614661333637756, y=4.390673916908739, z=16.430859494393438}
 }
23:55:37 `Sheep`10955507 missed {
 is already Found: false).
 Position: LorenzVec{x=27.5, y=98.15625, z=37.46875}
 DistanceC: 19.645911333637756
Relative Position: LorenzVec{x=19.645911333637756, y=-2.6093260830912612, z=16.399609494393438}
 }
23:55:37 `Sheep`10959231 missed {
 is already Found: false).
 Position: LorenzVec{x=27.5, y=98.10416666666666, z=37.5}
 DistanceC: 19.645911333637756
Relative Position: LorenzVec{x=19.645911333637756, y=-2.661409416424604, z=16.430859494393438}
 }
23:55:37 `Sheep`10959232 missed {
 is already Found: false).
 Position: LorenzVec{x=27.5, y=112.47916666666666, z=37.5}
 DistanceC: 19.645911333637756
Relative Position: LorenzVec{x=19.645911333637756, y=11.713590583575396, z=16.430859494393438}
 }
23:55:37 `Sheep`10959238 missed {
 is already Found: false).
 Position: LorenzVec{x=27.5, y=105.13541666666666, z=37.53125}
 DistanceC: 19.645911333637756
Relative Position: LorenzVec{x=19.645911333637756, y=4.369840583575396, z=16.462109494393438}
 }
23:55:37 `Sheep`10962721 missed {
 is already Found: false).
 Position: LorenzVec{x=27.5, y=112.22916666666666, z=37.46875}
 DistanceC: 19.645911333637756
Relative Position: LorenzVec{x=19.645911333637756, y=11.463590583575396, z=16.399609494393438}
 }
23:55:37 `Sheep`10962735 missed {
 is already Found: false).
 Position: LorenzVec{x=27.5, y=98.5625, z=37.46875}
 DistanceC: 19.645911333637756
Relative Position: LorenzVec{x=19.645911333637756, y=-2.2030760830912612, z=16.399609494393438}
 }
23:55:37 `Sheep`10962742 missed {
 is already Found: false).
 Position: LorenzVec{x=27.5, y=105.41666666666666, z=37.5}
 DistanceC: 19.645911333637756
Relative Position: LorenzVec{x=19.645911333637756, y=4.651090583575396, z=16.430859494393438}
 }
23:55:38 `Sheep`10955492 missed {
 is already Found: false).
 Position: LorenzVec{x=21.5, y=98.4375, z=37.53125}
 DistanceC: 16.900193975573366
Relative Position: LorenzVec{x=16.900193975573366, y=-5.54551735129175, z=16.58938386679541}
 }
23:55:38 `Sheep`10955501 missed {
 is already Found: false).
 Position: LorenzVec{x=21.5, y=105.26041666666667, z=37.416666666666664}
 DistanceC: 17.305704467593326
Relative Position: LorenzVec{x=17.305704467593326, y=1.161059552813711, z=16.490662432651945}
 }
23:55:38 `Sheep`10959237 missed {
 is already Found: false).
 Position: LorenzVec{x=21.46875, y=105.6875, z=37.53125}
 DistanceC: 19.155046041088372
Relative Position: LorenzVec{x=19.155046041088372, y=2.1855358025687366, z=16.67881374058832}
 }
23:55:38 `Sheep`10959248 missed {
 is already Found: false).
 Position: LorenzVec{x=21.53125, y=98.34375, z=37.46875}
 DistanceC: 19.217546041088372
Relative Position: LorenzVec{x=19.217546041088372, y=-5.158214197431263, z=16.61631374058832}
 }
23:55:38 `Sheep`10962718 missed {
 is already Found: false).
 Position: LorenzVec{x=21.5, y=98.40625, z=37.5}
 DistanceC: 19.186296041088372
Relative Position: LorenzVec{x=19.186296041088372, y=-5.095714197431263, z=16.64756374058832}
 }
23:55:38 `Sheep`10962732 missed {
 is already Found: false).
 Position: LorenzVec{x=21.5, y=105.125, z=37.46875}
 DistanceC: 19.186296041088372
Relative Position: LorenzVec{x=19.186296041088372, y=1.6230358025687366, z=16.61631374058832}
 }
23:55:38 `Sheep`10951827 missed {
 is already Found: false).
 Position: LorenzVec{x=15.53125, y=98.13541666666666, z=37.5}
 DistanceC: 16.674902551185973
Relative Position: LorenzVec{x=13.916328185744664, y=-4.6061579211384895, z=16.674902551185973}
 }
23:55:38 `Sheep`10951836 missed {
 is already Found: false).
 Position: LorenzVec{x=15.5, y=105.33333333333334, z=37.5}
 DistanceC: 16.674902551185973
Relative Position: LorenzVec{x=13.885078185744664, y=2.591758745528196, z=16.674902551185973}
 }
23:55:38 `Sheep`10955489 missed {
 is already Found: false).
 Position: LorenzVec{x=15.5, y=105.28125, z=37.53125}
 DistanceC: 17.74065963638639
Relative Position: LorenzVec{x=17.74065963638639, y=5.340049960827827, z=16.857022188272463}
 }
23:55:38 `Sheep`10955488 missed {
 is already Found: false).
 Position: LorenzVec{x=15.5, y=98.0, z=37.53125}
 DistanceC: 18.284304885267503
Relative Position: LorenzVec{x=18.284304885267503, y=-2.7655760830912612, z=16.8782975379572}
 }
23:55:39 `Sheep`10959233 missed {
 is already Found: false).
 Position: LorenzVec{x=15.5, y=98.5625, z=37.5}
 DistanceC: 20.690009253364817
Relative Position: LorenzVec{x=20.690009253364817, y=-4.939033884405319, z=16.94119449052635}
 }
23:55:39 `Sheep`10959243 missed {
 is already Found: false).
 Position: LorenzVec{x=15.5, y=105.46875, z=37.5}
 DistanceC: 20.690009253364817
Relative Position: LorenzVec{x=20.690009253364817, y=1.967216115594681, z=16.94119449052635}
 }
23:55:39 `Sheep`10962717 missed {
 is already Found: false).
 Position: LorenzVec{x=15.5, y=98.5, z=37.5}
 DistanceC: 20.690009253364817
Relative Position: LorenzVec{x=20.690009253364817, y=-5.001533884405319, z=16.94119449052635}
 }
23:55:39 `Sheep`10962719 missed {
 is already Found: false).
 Position: LorenzVec{x=15.5, y=105.54166666666666, z=37.5}
 DistanceC: 20.690009253364817
Relative Position: LorenzVec{x=20.690009253364817, y=2.040132782261338, z=16.94119449052635}
 }
23:56:40 `Sheep`10970040 missed {
 is already Found: false).
 Position: LorenzVec{x=27.5, y=98.125, z=31.5}
 DistanceC: 20.33493394819023
Relative Position: LorenzVec{x=6.279358157175434, y=-4.516367993957516, z=20.33493394819023}
 }
23:56:40 `Sheep`10970049 missed {
 is already Found: false).
 Position: LorenzVec{x=27.5, y=112.34375, z=31.53125}
 DistanceC: 20.36618394819023
Relative Position: LorenzVec{x=6.279358157175434, y=9.702382006042484, z=20.36618394819023}
 }
23:56:40 `Sheep`10970056 missed {
 is already Found: false).
 Position: LorenzVec{x=27.46875, y=105.48958333333334, z=31.5}
 DistanceC: 20.33493394819023
Relative Position: LorenzVec{x=6.248108157175434, y=2.8482153393758267, z=20.33493394819023}
 }
23:56:40 `Sheep`10974095 missed {
 is already Found: false).
 Position: LorenzVec{x=27.5, y=112.23958333333334, z=31.5}
 DistanceC: 20.33493394819023
Relative Position: LorenzVec{x=6.279358157175434, y=9.598215339375827, z=20.33493394819023}
 }
23:56:40 `Sheep`10974099 missed {
 is already Found: false).
 Position: LorenzVec{x=27.5, y=105.23958333333334, z=31.46875}
 DistanceC: 20.30368394819023
Relative Position: LorenzVec{x=6.279358157175434, y=2.5982153393758267, z=20.30368394819023}
 }
23:56:40 `Sheep`10974103 missed {
 is already Found: false).
 Position: LorenzVec{x=27.5, y=98.0625, z=31.5}
 DistanceC: 20.33493394819023
Relative Position: LorenzVec{x=6.279358157175434, y=-4.578867993957516, z=20.33493394819023}
 }
23:56:40 `Sheep`10977464 missed {
 is already Found: false).
 Position: LorenzVec{x=27.5, y=112.4375, z=31.5}
 DistanceC: 20.33493394819023
Relative Position: LorenzVec{x=6.279358157175434, y=9.796132006042484, z=20.33493394819023}
 }
23:56:40 `Sheep`10977467 missed {
 is already Found: false).
 Position: LorenzVec{x=27.5, y=105.125, z=31.5625}
 DistanceC: 20.39743394819023
Relative Position: LorenzVec{x=6.279358157175434, y=2.483632006042484, z=20.39743394819023}
 }
23:56:40 `Sheep`10977483 missed {
 is already Found: false).
 Position: LorenzVec{x=27.5, y=98.375, z=31.5}
 DistanceC: 20.33493394819023
Relative Position: LorenzVec{x=6.279358157175434, y=-4.266367993957516, z=20.33493394819023}
 }
23:57:27 `Sheep`10996033 missed {
 is already Found: false).
 Position: LorenzVec{x=15.5, y=98.5, z=31.5}
 DistanceC: 20.935792290856902
Relative Position: LorenzVec{x=-2.2768762222943266, y=-6.453815772674403, z=20.935792290856902}
 }
23:57:27 `Sheep`10996041 missed {
 is already Found: false).
 Position: LorenzVec{x=15.5, y=105.09375, z=31.5}
 DistanceC: 20.921545089975716
Relative Position: LorenzVec{x=-2.548189989489501, y=0.8279105053699567, z=20.921545089975716}
 }
00:45:20 `Bat`608831 missed {
 is already Found: false).
 Position: LorenzVec{x=-362.75, y=81.4375, z=-450.59375}
 DistanceC: 15.386788683486316
Relative Position: LorenzVec{x=15.386788683486316, y=-52.2007227274986, z=9.773434060547686}
 }
00:45:21 `Bat`608825 missed {
 is already Found: false).
 Position: LorenzVec{x=-363.75, y=81.4375, z=-449.59375}
 DistanceC: 16.402564361211546
Relative Position: LorenzVec{x=15.568091277314238, y=-57.83593275456235, z=16.402564361211546}
 }
00:45:21 `Bat`608833 missed {
 is already Found: false).
 Position: LorenzVec{x=-362.75, y=81.4375, z=-449.59375}
 DistanceC: 16.568091277314238
Relative Position: LorenzVec{x=16.568091277314238, y=-57.83593275456235, z=16.402564361211546}
 }
00:45:21 `Bat`608841 missed {
 is already Found: false).
 Position: LorenzVec{x=-361.75, y=81.4375, z=-449.59375}
 DistanceC: 17.568091277314238
Relative Position: LorenzVec{x=17.568091277314238, y=-57.83593275456235, z=16.402564361211546}
 }
00:45:21 `Bat`608851 missed {
 is already Found: false).
 Position: LorenzVec{x=-362.75, y=80.4375, z=-449.59375}
 DistanceC: 16.568091277314238
Relative Position: LorenzVec{x=16.568091277314238, y=-58.83593275456235, z=16.402564361211546}
 }
00:45:21 `Bat`608823 missed {
 is already Found: false).
 Position: LorenzVec{x=-364.75, y=81.4375, z=-448.59375}
 DistanceC: 18.611512766617125
Relative Position: LorenzVec{x=14.887373306423626, y=-56.31804316975041, z=18.611512766617125}
 }
00:45:21 `Bat`608827 missed {
 is already Found: false).
 Position: LorenzVec{x=-363.75, y=81.4375, z=-448.59375}
 DistanceC: 18.611512766617125
Relative Position: LorenzVec{x=15.887373306423626, y=-56.31804316975041, z=18.611512766617125}
 }
00:45:21 `Bat`608835 missed {
 is already Found: false).
 Position: LorenzVec{x=-362.75, y=81.4375, z=-448.59375}
 DistanceC: 18.611512766617125
Relative Position: LorenzVec{x=16.887373306423626, y=-56.31804316975041, z=18.611512766617125}
 }
00:45:21 `Bat`608843 missed {
 is already Found: false).
 Position: LorenzVec{x=-361.75, y=81.4375, z=-448.59375}
 DistanceC: 18.611512766617125
Relative Position: LorenzVec{x=17.887373306423626, y=-56.31804316975041, z=18.611512766617125}
 }
00:45:21 `Bat`608849 missed {
 is already Found: false).
 Position: LorenzVec{x=-363.75, y=80.4375, z=-448.59375}
 DistanceC: 18.611512766617125
Relative Position: LorenzVec{x=15.887373306423626, y=-57.31804316975041, z=18.611512766617125}
 }
00:45:21 `Bat`608853 missed {
 is already Found: false).
 Position: LorenzVec{x=-362.75, y=80.4375, z=-448.59375}
 DistanceC: 18.611512766617125
Relative Position: LorenzVec{x=16.887373306423626, y=-57.31804316975041, z=18.611512766617125}
 }
00:45:21 `Bat`608857 missed {
 is already Found: false).
 Position: LorenzVec{x=-361.75, y=80.4375, z=-448.59375}
 DistanceC: 18.611512766617125
Relative Position: LorenzVec{x=17.887373306423626, y=-57.31804316975041, z=18.611512766617125}
 }
00:45:21 `Bat`609372 missed {
 is already Found: false).
 Position: LorenzVec{x=-360.96875, y=80.09375, z=-448.90625}
 DistanceC: 18.728722103068208
Relative Position: LorenzVec{x=18.728722103068208, y=-57.10708236926058, z=18.59305861319507}
 }
00:45:21 `Bat`608847 missed {
 is already Found: false).
 Position: LorenzVec{x=-360.75, y=81.4375, z=-448.59375}
 DistanceC: 19.76908427092485
Relative Position: LorenzVec{x=19.030596921056883, y=-53.7007227274986, z=19.76908427092485}
 }
00:50:36 `Bat`608138 missed {
 is already Found: false).
 Position: LorenzVec{x=-358.7673611111111, y=82.44444444444446, z=-449.375}
 DistanceC: 19.688109625098775
Relative Position: LorenzVec{x=19.49343506587104, y=-52.96478554641729, z=19.688109625098775}
 }
00:50:36 `Bat`609366 missed {
 is already Found: false).
 Position: LorenzVec{x=-361.96875, y=80.09375, z=-447.90625}
 DistanceC: 21.156859625098775
Relative Position: LorenzVec{x=16.292046176982126, y=-55.315479990861746, z=21.156859625098775}
 }
00:50:36 `Bat`608136 missed {
 is already Found: false).
 Position: LorenzVec{x=-359.7673611111111, y=82.44444444444446, z=-448.375}
 DistanceC: 20.218751849652733
Relative Position: LorenzVec{x=18.30012829441324, y=-52.52882812932654, z=20.218751849652733}
 }
00:50:36 `Bat`608829 missed {
 is already Found: false).
 Position: LorenzVec{x=-363.75, y=81.4375, z=-447.59375}
 DistanceC: 21.000001849652733
Relative Position: LorenzVec{x=14.317489405524327, y=-53.535772573771, z=21.000001849652733}
 }
00:50:36 `Bat`608837 missed {
 is already Found: false).
 Position: LorenzVec{x=-362.75, y=81.4375, z=-447.59375}
 DistanceC: 21.000001849652733
Relative Position: LorenzVec{x=15.317489405524327, y=-53.535772573771, z=21.000001849652733}
 }
00:50:36 `Bat`608845 missed {
 is already Found: false).
 Position: LorenzVec{x=-361.75, y=81.4375, z=-447.59375}
 DistanceC: 21.000001849652733
Relative Position: LorenzVec{x=16.317489405524327, y=-53.535772573771, z=21.000001849652733}
 }
00:50:36 `Bat`608855 missed {
 is already Found: false).
 Position: LorenzVec{x=-362.75, y=80.4375, z=-447.59375}
 DistanceC: 21.000001849652733
Relative Position: LorenzVec{x=15.317489405524327, y=-54.535772573771, z=21.000001849652733}
 }
00:50:36 `Bat`609374 missed {
 is already Found: false).
 Position: LorenzVec{x=-360.96875, y=80.09375, z=-447.90625}
 DistanceC: 20.687501849652733
Relative Position: LorenzVec{x=17.098739405524327, y=-54.879522573771, z=20.687501849652733}
 }
00:50:36 `Bat`609392 missed {
 is already Found: false).
 Position: LorenzVec{x=-360.96875, y=79.09375, z=-447.90625}
 DistanceC: 20.687501849652733
Relative Position: LorenzVec{x=17.098739405524327, y=-55.879522573771, z=20.687501849652733}
 }
00:50:36 `Bat`608140 missed {
 is already Found: false).
 Position: LorenzVec{x=-358.7673611111111, y=82.44444444444446, z=-448.375}
 DistanceC: 19.661562546519406
Relative Position: LorenzVec{x=19.070647776748103, y=-51.32878831963512, z=19.661562546519406}
 }
00:50:36 `Bat`608162 missed {
 is already Found: false).
 Position: LorenzVec{x=-358.7673611111111, y=81.44444444444446, z=-448.375}
 DistanceC: 19.661562546519406
Relative Position: LorenzVec{x=19.070647776748103, y=-52.32878831963512, z=19.661562546519406}
 }
00:50:37 `Bat`609382 missed {
 is already Found: false).
 Position: LorenzVec{x=-359.96875, y=80.09375, z=-447.90625}
 DistanceC: 19.837418164882592
Relative Position: LorenzVec{x=17.7486292312214, y=-52.53215075342621, z=19.837418164882592}
 }
00:50:37 `Bat`608144 missed {
 is already Found: false).
 Position: LorenzVec{x=-357.7673611111111, y=82.44444444444446, z=-450.375}
 DistanceC: 20.732638888888914
Relative Position: LorenzVec{x=20.732638888888914, y=-49.55555555555554, z=19.125}
 }
00:50:38 `Bat`608146 missed {
 is already Found: false).
 Position: LorenzVec{x=-357.7673611111111, y=82.44444444444446, z=-449.375}
 DistanceC: 20.732638888888914
Relative Position: LorenzVec{x=20.732638888888914, y=-49.55555555555554, z=20.125}
 }
00:50:38 `Bat`608164 missed {
 is already Found: false).
 Position: LorenzVec{x=-357.7673611111111, y=81.44444444444446, z=-449.375}
 DistanceC: 20.732638888888914
Relative Position: LorenzVec{x=20.732638888888914, y=-50.55555555555554, z=20.125}
 }
00:50:38 `Bat`608148 missed {
 is already Found: false).
 Position: LorenzVec{x=-357.7673611111111, y=82.44444444444446, z=-448.375}
 DistanceC: 21.125
Relative Position: LorenzVec{x=20.732638888888914, y=-49.55555555555554, z=21.125}
 }
00:50:38 `Bat`608166 missed {
 is already Found: false).
 Position: LorenzVec{x=-357.7673611111111, y=81.44444444444446, z=-448.375}
 DistanceC: 21.125
Relative Position: LorenzVec{x=20.732638888888914, y=-50.55555555555554, z=21.125}
 }
00:50:38 `Bat`609368 missed {
 is already Found: false).
 Position: LorenzVec{x=-361.96875, y=80.09375, z=-446.90625}
 DistanceC: 20.68907792186735
Relative Position: LorenzVec{x=16.52362499999998, y=-53.31285001277922, z=20.68907792186735}
 }
00:50:38 `Bat`609390 missed {
 is already Found: false).
 Position: LorenzVec{x=-361.96875, y=79.09375, z=-446.90625}
 DistanceC: 20.68907792186735
Relative Position: LorenzVec{x=16.52362499999998, y=-54.31285001277922, z=20.68907792186735}
 }
00:50:38 `Bat`608142 missed {
 is already Found: false).
 Position: LorenzVec{x=-358.7673611111111, y=82.44444444444446, z=-447.375}
 DistanceC: 19.725013888888896
Relative Position: LorenzVec{x=19.725013888888896, y=-51.5272235918562, z=19.60819631312512}
 }
00:50:38 `Bat`609376 missed {
 is already Found: false).
 Position: LorenzVec{x=-360.96875, y=80.09375, z=-446.90625}
 DistanceC: 19.519906533115886
Relative Position: LorenzVec{x=17.52362499999998, y=-54.35328470860358, z=19.519906533115886}
 }
00:50:38 `Bat`609394 missed {
 is already Found: false).
 Position: LorenzVec{x=-360.96875, y=79.09375, z=-446.90625}
 DistanceC: 19.519906533115886
Relative Position: LorenzVec{x=17.52362499999998, y=-55.35328470860358, z=19.519906533115886}
 }
01:07:08 `Bat`609384 missed {
 is already Found: false).
 Position: LorenzVec{x=-359.96875, y=80.09375, z=-446.90625}
 DistanceC: 21.380803585970284
Relative Position: LorenzVec{x=19.274991953359972, y=-51.90625, z=21.380803585970284}
 }
01:07:08 `Bat`609398 missed {
 is already Found: false).
 Position: LorenzVec{x=-359.96875, y=79.09375, z=-446.90625}
 DistanceC: 21.380803585970284
Relative Position: LorenzVec{x=19.274991953359972, y=-52.90625, z=21.380803585970284}
 }
01:07:08 `Bat`609388 missed {
 is already Found: false).
 Position: LorenzVec{x=-358.96875, y=80.09375, z=-446.90625}
 DistanceC: 21.26768206483291
Relative Position: LorenzVec{x=20.286009632461116, y=-51.90625, z=21.26768206483291}
 }
01:07:08 `Bat`608839 missed {
 is already Found: false).
 Position: LorenzVec{x=-362.75, y=81.4375, z=-446.59375}
 DistanceC: 17.75
Relative Position: LorenzVec{x=17.75, y=-50.5625, z=16.90625}
 }
01:07:08 `Bat`608692 missed {
 is already Found: false).
 Position: LorenzVec{x=-360.8958333333333, y=81.92708333333333, z=-446.40625}
 DistanceC: 19.11870982194182
Relative Position: LorenzVec{x=19.11870982194182, y=-50.07291666666667, z=16.7303485172381}
 }
01:07:08 `Bat`609333 missed {
 is already Found: false).
 Position: LorenzVec{x=-360.125, y=81.40625, z=-446.46875}
 DistanceC: 20.39370875826677
Relative Position: LorenzVec{x=20.39370875826677, y=-50.59375, z=16.796443978173954}
 }
01:20:34 `Bat`608150 missed {
 is already Found: false).
 Position: LorenzVec{x=-357.7673611111111, y=82.44444444444446, z=-447.375}
 DistanceC: 21.256919134541477
Relative Position: LorenzVec{x=21.256919134541477, y=-54.688549215202016, z=21.08163803256417}
 }
01:20:34 `Bat`608168 missed {
 is already Found: false).
 Position: LorenzVec{x=-357.7673611111111, y=81.44444444444446, z=-447.375}
 DistanceC: 21.256919134541477
Relative Position: LorenzVec{x=21.256919134541477, y=-55.688549215202016, z=21.08163803256417}
 }
01:20:34 `Bat`609370 missed {
 is already Found: false).
 Position: LorenzVec{x=-361.96875, y=80.09375, z=-445.90625}
 DistanceC: 19.442434213261492
Relative Position: LorenzVec{x=14.920745295128654, y=-57.40821419743125, z=19.442434213261492}
 }
01:20:34 `Bat`609378 missed {
 is already Found: false).
 Position: LorenzVec{x=-360.96875, y=80.09375, z=-445.90625}
 DistanceC: 19.442434213261492
Relative Position: LorenzVec{x=15.920745295128654, y=-57.40821419743125, z=19.442434213261492}
 }
01:20:34 `Bat`609386 missed {
 is already Found: false).
 Position: LorenzVec{x=-359.96875, y=80.09375, z=-445.90625}
 DistanceC: 19.442434213261492
Relative Position: LorenzVec{x=16.920745295128654, y=-57.40821419743125, z=19.442434213261492}
 }
01:20:34 `Bat`609396 missed {
 is already Found: false).
 Position: LorenzVec{x=-360.96875, y=79.09375, z=-445.90625}
 DistanceC: 19.442434213261492
Relative Position: LorenzVec{x=15.920745295128654, y=-58.40821419743125, z=19.442434213261492}
 }
01:20:34 `Bat`608154 missed {
 is already Found: false).
 Position: LorenzVec{x=-356.7673611111111, y=82.44444444444446, z=-449.375}
 DistanceC: 19.444925043405192
Relative Position: LorenzVec{x=19.444925043405192, y=-51.9463950501856, z=14.747726143408784}
 }
01:20:34 `Bat`608156 missed {
 is already Found: false).
 Position: LorenzVec{x=-356.7673611111111, y=82.44444444444446, z=-448.375}
 DistanceC: 19.400232426188097
Relative Position: LorenzVec{x=19.400232426188097, y=-51.193778283054144, z=15.674572482391568}
 }
01:20:34 `Bat`608170 missed {
 is already Found: false).
 Position: LorenzVec{x=-356.7673611111111, y=81.44444444444446, z=-448.375}
 DistanceC: 19.400232426188097
Relative Position: LorenzVec{x=19.400232426188097, y=-52.193778283054144, z=15.674572482391568}
 }
01:20:35 `Bat`609327 missed {
 is already Found: false).
 Position: LorenzVec{x=-361.125, y=81.40625, z=-445.46875}
 DistanceC: 19.624953166281557
Relative Position: LorenzVec{x=15.354813721071423, y=-50.59375, z=19.624953166281557}
 }
01:20:35 `Bat`609335 missed {
 is already Found: false).
 Position: LorenzVec{x=-360.125, y=81.40625, z=-445.46875}
 DistanceC: 19.624953166281557
Relative Position: LorenzVec{x=16.354813721071423, y=-50.59375, z=19.624953166281557}
 }
01:20:35 `Bat`609343 missed {
 is already Found: false).
 Position: LorenzVec{x=-359.125, y=81.40625, z=-445.46875}
 DistanceC: 19.624953166281557
Relative Position: LorenzVec{x=17.354813721071423, y=-50.59375, z=19.624953166281557}
 }
01:20:35 `Bat`609353 missed {
 is already Found: false).
 Position: LorenzVec{x=-360.125, y=80.40625, z=-445.46875}
 DistanceC: 19.624953166281557
Relative Position: LorenzVec{x=16.354813721071423, y=-51.59375, z=19.624953166281557}
 }
01:20:35 `Bat`608152 missed {
 is already Found: false).
 Position: LorenzVec{x=-357.7673611111111, y=82.44444444444446, z=-446.375}
 DistanceC: 19.52489106206184
Relative Position: LorenzVec{x=18.999595287166585, y=-49.55555555555554, z=19.52489106206184}
 }
01:20:35 `Bat`608686 missed {
 is already Found: false).
 Position: LorenzVec{x=-361.8958333333333, y=81.92708333333333, z=-445.40625}
 DistanceC: 20.49364106206184
Relative Position: LorenzVec{x=14.871123064944356, y=-50.07291666666667, z=20.49364106206184}
 }
01:20:35 `Bat`608694 missed {
 is already Found: false).
 Position: LorenzVec{x=-360.8958333333333, y=81.92708333333333, z=-445.40625}
 DistanceC: 20.49364106206184
Relative Position: LorenzVec{x=15.871123064944356, y=-50.07291666666667, z=20.49364106206184}
 }
01:20:35 `Bat`608702 missed {
 is already Found: false).
 Position: LorenzVec{x=-359.8958333333333, y=81.92708333333333, z=-445.40625}
 DistanceC: 20.49364106206184
Relative Position: LorenzVec{x=16.871123064944356, y=-50.07291666666667, z=20.49364106206184}
 }
01:20:35 `Bat`608712 missed {
 is already Found: false).
 Position: LorenzVec{x=-360.8958333333333, y=80.92708333333333, z=-445.40625}
 DistanceC: 20.49364106206184
Relative Position: LorenzVec{x=15.871123064944356, y=-51.07291666666667, z=20.49364106206184}
 }
01:25:31 `Bat`609380 missed {
 is already Found: false).
 Position: LorenzVec{x=-360.96875, y=80.09375, z=-444.90625}
 DistanceC: 20.348966341157904
Relative Position: LorenzVec{x=19.640927761422233, y=-51.90625, z=20.348966341157904}
 }
01:25:31 `Bat`609325 missed {
 is already Found: false).
 Position: LorenzVec{x=-362.125, y=81.40625, z=-444.46875}
 DistanceC: 21.836095220314576
Relative Position: LorenzVec{x=17.735340499137124, y=-50.59375, z=21.836095220314576}
 }
01:25:31 `Bat`609329 missed {
 is already Found: false).
 Position: LorenzVec{x=-361.125, y=81.40625, z=-444.46875}
 DistanceC: 21.836095220314576
Relative Position: LorenzVec{x=18.735340499137124, y=-50.59375, z=21.836095220314576}
 }
01:25:31 `Bat`609337 missed {
 is already Found: false).
 Position: LorenzVec{x=-360.125, y=81.40625, z=-444.46875}
 DistanceC: 21.836095220314576
Relative Position: LorenzVec{x=19.735340499137124, y=-50.59375, z=21.836095220314576}
 }
01:25:31 `Bat`609345 missed {
 is already Found: false).
 Position: LorenzVec{x=-359.125, y=81.40625, z=-444.46875}
 DistanceC: 21.836095220314576
Relative Position: LorenzVec{x=20.735340499137124, y=-50.59375, z=21.836095220314576}
 }
01:25:31 `Bat`609351 missed {
 is already Found: false).
 Position: LorenzVec{x=-361.125, y=80.40625, z=-444.46875}
 DistanceC: 21.836095220314576
Relative Position: LorenzVec{x=18.735340499137124, y=-51.59375, z=21.836095220314576}
 }
01:25:31 `Bat`609355 missed {
 is already Found: false).
 Position: LorenzVec{x=-360.125, y=80.40625, z=-444.46875}
 DistanceC: 21.836095220314576
Relative Position: LorenzVec{x=19.735340499137124, y=-51.59375, z=21.836095220314576}
 }
01:25:31 `Bat`609359 missed {
 is already Found: false).
 Position: LorenzVec{x=-359.125, y=80.40625, z=-444.46875}
 DistanceC: 21.836095220314576
Relative Position: LorenzVec{x=20.735340499137124, y=-51.59375, z=21.836095220314576}
 }
01:25:40 `Bat`608684 missed {
 is already Found: false).
 Position: LorenzVec{x=-362.8958333333333, y=81.92708333333333, z=-444.40625}
 DistanceC: 21.983171792740563
Relative Position: LorenzVec{x=12.524066660926962, y=-50.07291666666667, z=21.983171792740563}
 }
01:25:40 `Bat`608688 missed {
 is already Found: false).
 Position: LorenzVec{x=-361.8958333333333, y=81.92708333333333, z=-444.40625}
 DistanceC: 21.983171792740563
Relative Position: LorenzVec{x=13.524066660926962, y=-50.07291666666667, z=21.983171792740563}
 }
01:25:40 `Bat`608696 missed {
 is already Found: false).
 Position: LorenzVec{x=-360.8958333333333, y=81.92708333333333, z=-444.40625}
 DistanceC: 21.983171792740563
Relative Position: LorenzVec{x=14.524066660926962, y=-50.07291666666667, z=21.983171792740563}
 }
01:25:40 `Bat`608704 missed {
 is already Found: false).
 Position: LorenzVec{x=-359.8958333333333, y=81.92708333333333, z=-444.40625}
 DistanceC: 21.983171792740563
Relative Position: LorenzVec{x=15.524066660926962, y=-50.07291666666667, z=21.983171792740563}
 }
01:25:40 `Bat`608708 missed {
 is already Found: false).
 Position: LorenzVec{x=-358.8958333333333, y=81.92708333333333, z=-444.40625}
 DistanceC: 21.983171792740563
Relative Position: LorenzVec{x=16.524066660926962, y=-50.07291666666667, z=21.983171792740563}
 }
01:25:40 `Bat`608710 missed {
 is already Found: false).
 Position: LorenzVec{x=-361.8958333333333, y=80.92708333333333, z=-444.40625}
 DistanceC: 21.983171792740563
Relative Position: LorenzVec{x=13.524066660926962, y=-51.07291666666667, z=21.983171792740563}
 }
01:25:40 `Bat`608714 missed {
 is already Found: false).
 Position: LorenzVec{x=-360.8958333333333, y=80.92708333333333, z=-444.40625}
 DistanceC: 21.983171792740563
Relative Position: LorenzVec{x=14.524066660926962, y=-51.07291666666667, z=21.983171792740563}
 }
01:25:40 `Bat`608158 missed {
 is already Found: false).
 Position: LorenzVec{x=-356.7673611111111, y=82.44444444444446, z=-447.375}
 DistanceC: 18.538974773150244
Relative Position: LorenzVec{x=17.879743803699853, y=-49.55555555555554, z=18.538974773150244}
 }
01:25:41 `Bat`608615 missed {
 is already Found: false).
 Position: LorenzVec{x=-361.0, y=80.4375, z=-444.25}
 DistanceC: 21.601393015741564
Relative Position: LorenzVec{x=8.02478924603571, y=-51.5625, z=21.601393015741564}
 }
01:33:47 `Sheep`8084141 missed {
 is already Found: false).
 Position: LorenzVec{x=27.5, y=98.3125, z=31.5}
 DistanceC: 19.99955774516055
Relative Position: LorenzVec{x=19.99955774516055, y=0.8125, z=17.941433599787864}
 }
01:33:47 `Sheep`8084142 missed {
 is already Found: false).
 Position: LorenzVec{x=27.5, y=98.01041666666667, z=31.53125}
 DistanceC: 19.99955774516055
Relative Position: LorenzVec{x=19.99955774516055, y=0.5104166666666714, z=17.972683599787864}
 }
01:33:47 `Sheep`8084143 missed {
 is already Found: false).
 Position: LorenzVec{x=27.5, y=98.55208333333333, z=31.5}
 DistanceC: 19.99955774516055
Relative Position: LorenzVec{x=19.99955774516055, y=1.0520833333333286, z=17.941433599787864}
 }
01:33:47 `Sheep`8084144 missed {
 is already Found: false).
 Position: LorenzVec{x=27.46875, y=98.16666666666667, z=31.5}
 DistanceC: 19.96830774516055
Relative Position: LorenzVec{x=19.96830774516055, y=0.6666666666666714, z=17.941433599787864}
 }
01:33:47 `Sheep`8084178 missed {
 is already Found: false).
 Position: LorenzVec{x=15.520833333333334, y=105.07291666666667, z=31.510416666666668}
 DistanceC: 17.95185026645453
Relative Position: LorenzVec{x=8.020391078493885, y=7.572916666666671, z=17.95185026645453}
 }
01:33:47 `Sheep`8084179 missed {
 is already Found: false).
 Position: LorenzVec{x=15.5, y=105.1875, z=31.53125}
 DistanceC: 17.972683599787864
Relative Position: LorenzVec{x=7.999557745160551, y=7.6875, z=17.972683599787864}
 }
01:33:47 `Sheep`8084180 missed {
 is already Found: false).
 Position: LorenzVec{x=15.5, y=105.55208333333333, z=31.5625}
 DistanceC: 18.003933599787864
Relative Position: LorenzVec{x=7.999557745160551, y=8.052083333333329, z=18.003933599787864}
 }
01:33:47 `Sheep`8084181 missed {
 is already Found: false).
 Position: LorenzVec{x=15.447916666666666, y=105.39583333333333, z=31.5}
 DistanceC: 17.941433599787864
Relative Position: LorenzVec{x=7.947474411827217, y=7.895833333333329, z=17.941433599787864}
 }
01:33:48 `Bat`609349 missed {
 is already Found: false).
 Position: LorenzVec{x=-358.125, y=81.40625, z=-444.46875}
 DistanceC: 13.96875
Relative Position: LorenzVec{x=2.375, y=-3.2706822131301294, z=-13.96875}
 }
01:33:48 `Bat`609331 missed {
 is already Found: false).
 Position: LorenzVec{x=-361.125, y=81.40625, z=-443.46875}
 DistanceC: 12.760058363540168
Relative Position: LorenzVec{x=-0.6072488885838538, y=-4.728720081856068, z=-12.760058363540168}
 }
01:33:48 `Bat`609339 missed {
 is already Found: false).
 Position: LorenzVec{x=-360.125, y=81.40625, z=-443.46875}
 DistanceC: 12.760058363540168
Relative Position: LorenzVec{x=0.39275111141614616, y=-4.728720081856068, z=-12.760058363540168}
 }
01:33:48 `Bat`609347 missed {
 is already Found: false).
 Position: LorenzVec{x=-359.125, y=81.40625, z=-443.46875}
 DistanceC: 12.760058363540168
Relative Position: LorenzVec{x=1.3927511114161462, y=-4.728720081856068, z=-12.760058363540168}
 }
01:33:48 `Bat`609357 missed {
 is already Found: false).
 Position: LorenzVec{x=-360.125, y=80.40625, z=-443.46875}
 DistanceC: 12.760058363540168
Relative Position: LorenzVec{x=0.39275111141614616, y=-5.728720081856068, z=-12.760058363540168}
 }
01:33:48 `Bat`608690 missed {
 is already Found: false).
 Position: LorenzVec{x=-361.8958333333333, y=81.92708333333333, z=-443.40625}
 DistanceC: 12.596914345577432
Relative Position: LorenzVec{x=-1.3733727434494654, y=-4.164387456319176, z=-12.596914345577432}
 }
01:33:48 `Bat`608698 missed {
 is already Found: false).
 Position: LorenzVec{x=-360.8958333333333, y=81.92708333333333, z=-443.40625}
 DistanceC: 12.596914345577432
Relative Position: LorenzVec{x=-0.37337274344946536, y=-4.164387456319176, z=-12.596914345577432}
 }
01:33:48 `Bat`608706 missed {
 is already Found: false).
 Position: LorenzVec{x=-359.8958333333333, y=81.92708333333333, z=-443.40625}
 DistanceC: 12.596914345577432
Relative Position: LorenzVec{x=0.6266272565505346, y=-4.164387456319176, z=-12.596914345577432}
 }
01:33:49 `Bat`608609 missed {
 is already Found: false).
 Position: LorenzVec{x=-362.0, y=80.4375, z=-443.25}
 DistanceC: 11.360747311985051
Relative Position: LorenzVec{x=-1.444573060842231, y=-3.2633323692605813, z=-11.360747311985051}
 }
01:33:49 `Bat`608617 missed {
 is already Found: false).
 Position: LorenzVec{x=-361.0, y=80.4375, z=-443.25}
 DistanceC: 11.360747311985051
Relative Position: LorenzVec{x=-0.4445730608422309, y=-3.2633323692605813, z=-11.360747311985051}
 }
01:33:49 `Bat`608625 missed {
 is already Found: false).
 Position: LorenzVec{x=-360.0, y=80.4375, z=-443.25}
 DistanceC: 11.360747311985051
Relative Position: LorenzVec{x=0.5554269391577691, y=-3.2633323692605813, z=-11.360747311985051}
 }
01:33:49 `Bat`608635 missed {
 is already Found: false).
 Position: LorenzVec{x=-361.0, y=79.4375, z=-443.25}
 DistanceC: 11.360747311985051
Relative Position: LorenzVec{x=-0.4445730608422309, y=-4.263332369260581, z=-11.360747311985051}
 }
01:33:49 `Bat`608160 missed {
 is already Found: false).
 Position: LorenzVec{x=-355.7673611111111, y=82.44444444444446, z=-448.375}
 DistanceC: 8.783705754253958
Relative Position: LorenzVec{x=8.783705754253958, y=-50.47715555402965, z=6.099748511885139}
 }
01:33:50 `Bat`609341 missed {
 is already Found: false).
 Position: LorenzVec{x=-360.125, y=81.40625, z=-442.46875}
 DistanceC: 15.397323931235576
Relative Position: LorenzVec{x=5.574999988079071, y=-57.247479617588624, z=15.397323931235576}
 }
01:33:50 `Bat`608700 missed {
 is already Found: false).
 Position: LorenzVec{x=-360.8958333333333, y=81.92708333333333, z=-442.40625}
 DistanceC: 15.21664831827701
Relative Position: LorenzVec{x=4.804166654745757, y=-55.228438419609816, z=15.21664831827701}
 }
01:33:50 `Bat`608607 missed {
 is already Found: false).
 Position: LorenzVec{x=-363.0, y=80.4375, z=-442.25}
 DistanceC: 14.6537383541704
Relative Position: LorenzVec{x=2.79608302331377, y=-51.89543275542408, z=14.6537383541704}
 }
01:33:50 `Bat`608611 missed {
 is already Found: false).
 Position: LorenzVec{x=-362.0, y=80.4375, z=-442.25}
 DistanceC: 14.6537383541704
Relative Position: LorenzVec{x=3.79608302331377, y=-51.89543275542408, z=14.6537383541704}
 }
01:33:50 `Bat`608619 missed {
 is already Found: false).
 Position: LorenzVec{x=-361.0, y=80.4375, z=-442.25}
 DistanceC: 14.6537383541704
Relative Position: LorenzVec{x=4.79608302331377, y=-51.89543275542408, z=14.6537383541704}
 }
01:33:50 `Bat`608627 missed {
 is already Found: false).
 Position: LorenzVec{x=-360.0, y=80.4375, z=-442.25}
 DistanceC: 14.6537383541704
Relative Position: LorenzVec{x=5.79608302331377, y=-51.89543275542408, z=14.6537383541704}
 }
01:33:50 `Bat`608631 missed {
 is already Found: false).
 Position: LorenzVec{x=-359.0, y=80.4375, z=-442.25}
 DistanceC: 14.6537383541704
Relative Position: LorenzVec{x=6.79608302331377, y=-51.89543275542408, z=14.6537383541704}
 }
01:33:50 `Bat`608633 missed {
 is already Found: false).
 Position: LorenzVec{x=-362.0, y=79.4375, z=-442.25}
 DistanceC: 14.6537383541704
Relative Position: LorenzVec{x=3.79608302331377, y=-52.89543275542408, z=14.6537383541704}
 }
01:33:50 `Bat`608637 missed {
 is already Found: false).
 Position: LorenzVec{x=-361.0, y=79.4375, z=-442.25}
 DistanceC: 14.6537383541704
Relative Position: LorenzVec{x=4.79608302331377, y=-52.89543275542408, z=14.6537383541704}
 }
01:33:50 `Bat`608641 missed {
 is already Found: false).
 Position: LorenzVec{x=-360.0, y=79.4375, z=-442.25}
 DistanceC: 14.6537383541704
Relative Position: LorenzVec{x=5.79608302331377, y=-52.89543275542408, z=14.6537383541704}
 }
01:33:51 `Bat`608613 missed {
 is already Found: false).
 Position: LorenzVec{x=-362.0, y=80.4375, z=-441.25}
 DistanceC: 20.246628782711923
Relative Position: LorenzVec{x=18.552866957920628, y=-85.32886799395752, z=20.246628782711923}
 }
01:33:51 `Bat`608621 missed {
 is already Found: false).
 Position: LorenzVec{x=-361.0, y=80.4375, z=-441.25}
 DistanceC: 20.246628782711923
Relative Position: LorenzVec{x=19.552866957920628, y=-85.32886799395752, z=20.246628782711923}
 }
01:33:51 `Bat`608629 missed {
 is already Found: false).
 Position: LorenzVec{x=-360.0, y=80.4375, z=-441.25}
 DistanceC: 20.552866957920628
Relative Position: LorenzVec{x=20.552866957920628, y=-85.32886799395752, z=20.246628782711923}
 }
01:33:51 `Bat`608639 missed {
 is already Found: false).
 Position: LorenzVec{x=-361.0, y=79.4375, z=-441.25}
 DistanceC: 20.246628782711923
Relative Position: LorenzVec{x=19.552866957920628, y=-86.32886799395752, z=20.246628782711923}
 }
01:36:58 `Bat`448931 missed {
 is already Found: false).
 Position: LorenzVec{x=-390.3125, y=87.25, z=-500.6875}
 DistanceC: 20.1875
Relative Position: LorenzVec{x=-5.8125, y=-63.75, z=-20.1875}
 }
01:38:19 `Bat`446880 missed {
 is already Found: false).
 Position: LorenzVec{x=-386.875, y=87.875, z=-511.84375}
 DistanceC: 21.34375
Relative Position: LorenzVec{x=-13.375, y=-86.125, z=-21.34375}
 }
01:38:19 `Bat`447771 missed {
 is already Found: false).
 Position: LorenzVec{x=-387.6875, y=87.10000002384186, z=-508.625}
 DistanceC: 18.125
Relative Position: LorenzVec{x=-14.1875, y=-86.89999997615814, z=-18.125}
 }
01:38:19 `Bat`448398 missed {
 is already Found: false).
 Position: LorenzVec{x=-386.53125, y=87.875, z=-507.34375}
 DistanceC: 16.84375
Relative Position: LorenzVec{x=-13.03125, y=-86.125, z=-16.84375}
 }
01:38:19 `Bat`448766 missed {
 is already Found: false).
 Position: LorenzVec{x=-386.53125, y=87.10000002384186, z=-507.34375}
 DistanceC: 16.84375
Relative Position: LorenzVec{x=-13.03125, y=-86.89999997615814, z=-16.84375}
 }
01:38:21 `Bat`438513 missed {
 is already Found: false).
 Position: LorenzVec{x=-357.21875, y=80.10000002384186, z=-469.15625}
 DistanceC: 21.34375
Relative Position: LorenzVec{x=16.28125, y=-93.89999997615814, z=21.34375}
 }
01:38:21 `Bat`438614 missed {
 is already Found: false).
 Position: LorenzVec{x=-357.21875, y=80.875, z=-469.15625}
 DistanceC: 21.34375
Relative Position: LorenzVec{x=16.28125, y=-93.125, z=21.34375}
 }
01:43:56 `Bat`475804 missed {
 is already Found: false).
 Position: LorenzVec{x=-391.0, y=87.9375, z=-497.59375}
 DistanceC: 15.43233467400529
Relative Position: LorenzVec{x=-8.48977162502706, y=-51.0625, z=-15.43233467400529}
 }
01:44:17 `Bat`477555 missed {
 is already Found: false).
 Position: LorenzVec{x=-398.02083333333337, y=126.27083333333334, z=-495.61458333333337}
 DistanceC: 15.510604958360432
Relative Position: LorenzVec{x=-15.510604958360432, y=-12.729166666666657, z=-13.453168007338661}
 }
01:44:17 `Bat`477598 missed {
 is already Found: false).
 Position: LorenzVec{x=-398.59375, y=124.59375, z=-495.71875}
 DistanceC: 16.08352162502706
Relative Position: LorenzVec{x=-16.08352162502706, y=-14.40625, z=-13.55733467400529}
 }
01:44:18 `Bat`477642 missed {
 is already Found: false).
 Position: LorenzVec{x=-396.7569444444444, y=122.8611111111111, z=-497.4895833333333}
 DistanceC: 15.328168007338604
Relative Position: LorenzVec{x=-14.24671606947146, y=-16.1388888888889, z=-15.328168007338604}
 }
01:44:18 `Bat`477697 missed {
 is already Found: false).
 Position: LorenzVec{x=-397.1458333333333, y=123.23958333333333, z=-496.3229166666667}
 DistanceC: 14.680745721356573
Relative Position: LorenzVec{x=-14.680745721356573, y=-15.760416666666671, z=-14.432170052285642}
 }
01:44:19 `Bat`477759 missed {
 is already Found: false).
 Position: LorenzVec{x=-389.7013888888889, y=124.0138888888889, z=-503.9513888888889}
 DistanceC: 21.251388900809843
Relative Position: LorenzVec{x=-9.401388876967985, y=-21.121081192967168, z=-21.251388900809843}
 }
01:44:29 `Bat`478816 missed {
 is already Found: false).
 Position: LorenzVec{x=-397.65625, y=125.03125, z=-496.03125}
 DistanceC: 15.53125
Relative Position: LorenzVec{x=-13.15625, y=-25.96875, z=-15.53125}
 }
01:51:36 `Bat`608623 missed {
 is already Found: false).
 Position: LorenzVec{x=-361.0, y=80.4375, z=-440.25}
 DistanceC: 9.75
Relative Position: LorenzVec{x=-0.5, y=1.0255000114441088, z=-9.75}
 }
01:52:22 `Bat`496928 missed {
 is already Found: false).
 Position: LorenzVec{x=-359.875, y=80.33333333333333, z=-440.1354166666667}
 DistanceC: 9.369503599905272
Relative Position: LorenzVec{x=-5.2812524496425794, y=-5.450969976839119, z=9.369503599905272}
 }
