23:44:21 `Villager`352 missed {
 is already Found: false).
 Position: LorenzVec{x=-16.5, y=70.0, z=-81.5}
 DistanceC: 22.13755146025448
Relative Position: LorenzVec{x=-11.909647319268393, y=-1.0, z=-22.13755146025448}
 }
23:44:45 `t6b8099rr5`17 missed {
 is already Found: false).
 Position: LorenzVec{x=4.5, y=72.0, z=-104.5}
 DistanceC: 23.461239006410317
Relative Position: LorenzVec{x=-23.461239006410317, y=2.0, z=10.766373133182555}
 }
23:44:47 `61gxd6pm89`539 missed {
 is already Found: false).
 Position: LorenzVec{x=5.5, y=61.0, z=-134.0}
 DistanceC: 22.461239006410317
Relative Position: LorenzVec{x=-22.461239006410317, y=-9.0, z=-18.733626866817445}
 }
23:44:47 `d040460i04`257 missed {
 is already Found: false).
 Position: LorenzVec{x=51.5, y=71.0, z=-136.5}
 DistanceC: 23.538760993589683
Relative Position: LorenzVec{x=23.538760993589683, y=1.0, z=-21.233626866817445}
 }
23:45:50 `w43q45r96c`338 missed {
 is already Found: false).
 Position: LorenzVec{x=65.5, y=71.0, z=-61.5}
 DistanceC: 21.501679481707015
Relative Position: LorenzVec{x=-19.298974487464008, y=-10.0, z=21.501679481707015}
 }
23:47:25 `Zombie`94222 missed {
 is already Found: false).
 Position: LorenzVec{x=51.21875, y=70.0, z=-31.84375}
 DistanceC: 7.055493765941634
Relative Position: LorenzVec{x=-6.741971734142773, y=-17.132993659646488, z=7.055493765941634}
 }
23:48:43 `Sheep`3502178 missed {
 is already Found: false).
 Position: LorenzVec{x=27.5, y=105.41666666666666, z=49.5}
 DistanceC: 17.95961784909238
Relative Position: LorenzVec{x=13.09465343885588, y=5.925313308488413, z=17.95961784909238}
 }
23:48:43 `Sheep`3502179 missed {
 is already Found: false).
 Position: LorenzVec{x=27.5, y=105.5625, z=49.5}
 DistanceC: 17.95961784909238
Relative Position: LorenzVec{x=13.09465343885588, y=6.0711466418217555, z=17.95961784909238}
 }
23:48:43 `Sheep`3502308 missed {
 is already Found: false).
 Position: LorenzVec{x=27.5, y=112.08333333333334, z=49.5}
 DistanceC: 17.95961784909238
Relative Position: LorenzVec{x=13.09465343885588, y=12.591979975155098, z=17.95961784909238}
 }
23:48:43 `Sheep`3502309 missed {
 is already Found: false).
 Position: LorenzVec{x=27.53125, y=112.36458333333334, z=49.5}
 DistanceC: 17.95961784909238
Relative Position: LorenzVec{x=13.12590343885588, y=12.873229975155098, z=17.95961784909238}
 }
23:48:43 `Sheep`3502329 missed {
 is already Found: false).
 Position: LorenzVec{x=27.46875, y=98.47916666666666, z=49.5}
 DistanceC: 17.95961784909238
Relative Position: LorenzVec{x=13.06340343885588, y=-1.0121866915115874, z=17.95961784909238}
 }
23:48:43 `Sheep`3502330 missed {
 is already Found: false).
 Position: LorenzVec{x=27.5, y=98.125, z=49.5}
 DistanceC: 17.95961784909238
Relative Position: LorenzVec{x=13.09465343885588, y=-1.3663533581782445, z=17.95961784909238}
 }
23:48:43 `Sheep`3502739 missed {
 is already Found: false).
 Position: LorenzVec{x=27.5, y=98.0, z=49.46875}
 DistanceC: 17.92836784909238
Relative Position: LorenzVec{x=13.09465343885588, y=-1.4913533581782445, z=17.92836784909238}
 }
23:48:43 `Sheep`3502744 missed {
 is already Found: false).
 Position: LorenzVec{x=27.5, y=112.1875, z=49.5}
 DistanceC: 17.95961784909238
Relative Position: LorenzVec{x=13.09465343885588, y=12.696146641821755, z=17.95961784909238}
 }
23:48:43 `Sheep`3502762 missed {
 is already Found: false).
 Position: LorenzVec{x=27.5, y=105.625, z=49.46875}
 DistanceC: 17.92836784909238
Relative Position: LorenzVec{x=13.09465343885588, y=6.1336466418217555, z=17.92836784909238}
 }
23:48:43 `Sheep`3503540 missed {
 is already Found: false).
 Position: LorenzVec{x=27.5, y=112.21875, z=49.5}
 DistanceC: 17.95961784909238
Relative Position: LorenzVec{x=13.09465343885588, y=12.727396641821755, z=17.95961784909238}
 }
23:48:43 `Sheep`3503551 missed {
 is already Found: false).
 Position: LorenzVec{x=27.5, y=98.28125, z=49.5}
 DistanceC: 17.95961784909238
Relative Position: LorenzVec{x=13.09465343885588, y=-1.2101033581782445, z=17.95961784909238}
 }
23:48:43 `Sheep`3503563 missed {
 is already Found: false).
 Position: LorenzVec{x=27.5, y=105.58333333333334, z=49.46875}
 DistanceC: 17.92836784909238
Relative Position: LorenzVec{x=13.09465343885588, y=6.091979975155098, z=17.92836784909238}
 }
23:48:44 `Sheep`3504848 missed {
 is already Found: false).
 Position: LorenzVec{x=27.5, y=98.35416666666666, z=49.5}
 DistanceC: 17.974333341272054
Relative Position: LorenzVec{x=15.897189547021526, y=-0.03541004766692879, z=17.974333341272054}
 }
23:48:44 `Sheep`3504853 missed {
 is already Found: false).
 Position: LorenzVec{x=27.53125, y=112.48958333333334, z=49.45833333333333}
 DistanceC: 17.932666674605382
Relative Position: LorenzVec{x=15.928439547021526, y=14.100006618999757, z=17.932666674605382}
 }
23:48:44 `Sheep`3504871 missed {
 is already Found: false).
 Position: LorenzVec{x=27.5, y=105.0, z=49.5}
 DistanceC: 17.977128160690395
Relative Position: LorenzVec{x=17.67440502466549, y=6.4604232797059495, z=17.977128160690395}
 }
23:48:57 `Sheep`3505712 missed {
 is already Found: false).
 Position: LorenzVec{x=15.5, y=98.625, z=31.5}
 DistanceC: 21.55585895712497
Relative Position: LorenzVec{x=9.204411189983393, y=1.125, z=21.55585895712497}
 }
23:48:57 `Sheep`3505723 missed {
 is already Found: false).
 Position: LorenzVec{x=21.5, y=98.15625, z=31.5}
 DistanceC: 21.55585895712497
Relative Position: LorenzVec{x=15.204411189983393, y=0.65625, z=21.55585895712497}
 }
23:48:57 `Sheep`3505725 missed {
 is already Found: false).
 Position: LorenzVec{x=27.5, y=112.5, z=31.5}
 DistanceC: 21.55585895712497
Relative Position: LorenzVec{x=21.204411189983393, y=15.0, z=21.55585895712497}
 }
23:48:57 `Sheep`3505728 missed {
 is already Found: false).
 Position: LorenzVec{x=27.5, y=98.09375, z=31.5}
 DistanceC: 21.55585895712497
Relative Position: LorenzVec{x=21.204411189983393, y=0.59375, z=21.55585895712497}
 }
23:48:58 `Sheep`3505707 missed {
 is already Found: false).
 Position: LorenzVec{x=15.5, y=105.16666666666666, z=31.46875}
 DistanceC: 21.52460895712497
Relative Position: LorenzVec{x=9.204411189983393, y=7.666666666666657, z=21.52460895712497}
 }
23:48:58 `Sheep`3505713 missed {
 is already Found: false).
 Position: LorenzVec{x=27.46875, y=105.09375, z=31.5}
 DistanceC: 21.55585895712497
Relative Position: LorenzVec{x=21.173161189983393, y=7.59375, z=21.55585895712497}
 }
23:48:59 `Sheep`3505710 missed {
 is already Found: false).
 Position: LorenzVec{x=21.46875, y=105.59375, z=31.53125}
 DistanceC: 21.58710895712497
Relative Position: LorenzVec{x=15.173161189983393, y=8.09375, z=21.58710895712497}
 }
23:49:10 `Sheep`3506623 missed {
 is already Found: false).
 Position: LorenzVec{x=15.53125, y=98.59375, z=31.5}
 DistanceC: 18.341750143705173
Relative Position: LorenzVec{x=18.341750143705173, y=0.59375, z=16.393262503005715}
 }
23:49:10 `Sheep`3506635 missed {
 is already Found: false).
 Position: LorenzVec{x=15.53125, y=105.2326388888889, z=31.5}
 DistanceC: 18.341750143705173
Relative Position: LorenzVec{x=18.341750143705173, y=7.2326388888889, z=16.393262503005715}
 }
23:49:14 `Sheep`3506622 missed {
 is already Found: false).
 Position: LorenzVec{x=21.53125, y=105.4375, z=31.5}
 DistanceC: 21.716100029300105
Relative Position: LorenzVec{x=5.143059184162176, y=-0.6930431697504105, z=21.716100029300105}
 }
23:49:14 `Sheep`3506638 missed {
 is already Found: false).
 Position: LorenzVec{x=21.5, y=98.25, z=31.5}
 DistanceC: 21.643889174230644
Relative Position: LorenzVec{x=4.899010824284126, y=-7.325832369260581, z=21.643889174230644}
 }
23:53:50 `Sheep`3531660 missed {
 is already Found: false).
 Position: LorenzVec{x=15.5, y=105.0, z=31.5}
 DistanceC: 19.076008561247964
Relative Position: LorenzVec{x=-12.50465211563031, y=7.233632006042484, z=19.076008561247964}
 }
23:53:50 `Sheep`3531661 missed {
 is already Found: false).
 Position: LorenzVec{x=15.53125, y=98.0, z=31.5}
 DistanceC: 19.076008561247964
Relative Position: LorenzVec{x=-12.47340211563031, y=0.2336320060424839, z=19.076008561247964}
 }
23:53:50 `Sheep`3533262 missed {
 is already Found: false).
 Position: LorenzVec{x=15.46875, y=98.03125, z=31.5}
 DistanceC: 19.076008561247964
Relative Position: LorenzVec{x=-12.53590211563031, y=0.2648820060424839, z=19.076008561247964}
 }
23:53:50 `Sheep`3533264 missed {
 is already Found: false).
 Position: LorenzVec{x=15.4375, y=105.28125, z=31.53125}
 DistanceC: 19.107258561247964
Relative Position: LorenzVec{x=-12.56715211563031, y=7.514882006042484, z=19.107258561247964}
 }
23:53:50 `Sheep`3534588 missed {
 is already Found: false).
 Position: LorenzVec{x=15.5, y=105.0625, z=31.5}
 DistanceC: 19.076008561247964
Relative Position: LorenzVec{x=-12.50465211563031, y=7.296132006042484, z=19.076008561247964}
 }
23:53:50 `Sheep`3534600 missed {
 is already Found: false).
 Position: LorenzVec{x=15.5, y=98.40625, z=31.5}
 DistanceC: 19.076008561247964
Relative Position: LorenzVec{x=-12.50465211563031, y=0.6398820060424839, z=19.076008561247964}
 }
23:53:50 `Sheep`3536319 missed {
 is already Found: false).
 Position: LorenzVec{x=15.5, y=105.54166666666666, z=31.5}
 DistanceC: 19.076008561247964
Relative Position: LorenzVec{x=-12.50465211563031, y=7.775298672709141, z=19.076008561247964}
 }
23:53:50 `Sheep`3536327 missed {
 is already Found: false).
 Position: LorenzVec{x=15.5, y=98.15625, z=31.53125}
 DistanceC: 19.43803994229251
Relative Position: LorenzVec{x=-12.05613942206302, y=0.6204093749554431, z=19.43803994229251}
 }
23:53:51 `Sheep`3533261 missed {
 is already Found: false).
 Position: LorenzVec{x=21.53125, y=105.5625, z=31.46875}
 DistanceC: 15.385054886257045
Relative Position: LorenzVec{x=8.413069007896635, y=5.621299960827827, z=15.385054886257045}
 }
23:53:51 `Sheep`3531664 missed {
 is already Found: false).
 Position: LorenzVec{x=21.5, y=105.5625, z=31.5}
 DistanceC: 15.3292828585376
Relative Position: LorenzVec{x=9.057151137302307, y=4.796923916908739, z=15.3292828585376}
 }
23:53:51 `Sheep`3531677 missed {
 is already Found: false).
 Position: LorenzVec{x=21.5, y=98.65625, z=31.5}
 DistanceC: 15.3292828585376
Relative Position: LorenzVec{x=9.057151137302307, y=-2.1093260830912612, z=15.3292828585376}
 }
23:53:51 `Sheep`3533279 missed {
 is already Found: false).
 Position: LorenzVec{x=21.5, y=98.40625, z=31.5}
 DistanceC: 15.3292828585376
Relative Position: LorenzVec{x=9.057151137302307, y=-2.3593260830912612, z=15.3292828585376}
 }
23:53:51 `Sheep`3534590 missed {
 is already Found: false).
 Position: LorenzVec{x=21.53125, y=105.03125, z=31.5}
 DistanceC: 15.3292828585376
Relative Position: LorenzVec{x=9.088401137302307, y=4.265673916908739, z=15.3292828585376}
 }
23:53:51 `Sheep`3534618 missed {
 is already Found: false).
 Position: LorenzVec{x=21.5, y=98.36458333333334, z=31.5}
 DistanceC: 15.3292828585376
Relative Position: LorenzVec{x=9.057151137302307, y=-2.4009927497579184, z=15.3292828585376}
 }
23:53:51 `Sheep`3536314 missed {
 is already Found: false).
 Position: LorenzVec{x=21.5, y=105.22916666666666, z=31.5}
 DistanceC: 15.3292828585376
Relative Position: LorenzVec{x=9.057151137302307, y=4.463590583575396, z=15.3292828585376}
 }
23:53:51 `Sheep`3536339 missed {
 is already Found: false).
 Position: LorenzVec{x=21.5, y=98.07291666666667, z=31.53125}
 DistanceC: 15.3605328585376
Relative Position: LorenzVec{x=9.057151137302307, y=-2.69265941642459, z=15.3605328585376}
 }
23:54:00 `Sheep`3533272 missed {
 is already Found: false).
 Position: LorenzVec{x=27.46875, y=112.08333333333334, z=31.46875}
 DistanceC: 15.40570752962341
Relative Position: LorenzVec{x=13.103326476152825, y=3.073363251477275, z=15.40570752962341}
 }
23:54:00 `Sheep`3537616 missed {
 is already Found: false).
 Position: LorenzVec{x=27.5, y=98.32291666666666, z=31.46875}
 DistanceC: 15.40570752962341
Relative Position: LorenzVec{x=13.134576476152825, y=-10.68705341518941, z=15.40570752962341}
 }
23:54:00 `Sheep`3537621 missed {
 is already Found: false).
 Position: LorenzVec{x=27.5, y=112.21875, z=31.46875}
 DistanceC: 15.40570752962341
Relative Position: LorenzVec{x=13.134576476152825, y=3.2087799181439323, z=15.40570752962341}
 }
23:54:00 `Sheep`3533252 missed {
 is already Found: false).
 Position: LorenzVec{x=27.5, y=105.20833333333333, z=31.5}
 DistanceC: 15.072340283479559
Relative Position: LorenzVec{x=13.103998199524327, y=-3.758137456319176, z=15.072340283479559}
 }
23:54:00 `Sheep`3533276 missed {
 is already Found: false).
 Position: LorenzVec{x=27.5, y=98.0, z=31.5}
 DistanceC: 15.072340283479559
Relative Position: LorenzVec{x=13.103998199524327, y=-10.966470789652504, z=15.072340283479559}
 }
23:54:00 `Sheep`3534599 missed {
 is already Found: false).
 Position: LorenzVec{x=27.5, y=105.53125, z=31.5}
 DistanceC: 15.072340283479559
Relative Position: LorenzVec{x=13.103998199524327, y=-3.4352207896525044, z=15.072340283479559}
 }
23:54:00 `Sheep`3534616 missed {
 is already Found: false).
 Position: LorenzVec{x=27.5, y=98.5625, z=31.53125}
 DistanceC: 15.103590283479559
Relative Position: LorenzVec{x=13.103998199524327, y=-10.403970789652504, z=15.103590283479559}
 }
23:54:00 `Sheep`3534625 missed {
 is already Found: false).
 Position: LorenzVec{x=27.46875, y=112.0, z=31.53125}
 DistanceC: 15.103590283479559
Relative Position: LorenzVec{x=13.072748199524327, y=3.0335292103474956, z=15.103590283479559}
 }
23:54:00 `Sheep`3536315 missed {
 is already Found: false).
 Position: LorenzVec{x=27.5, y=105.09375, z=31.5}
 DistanceC: 15.072340283479559
Relative Position: LorenzVec{x=13.103998199524327, y=-3.8727207896525044, z=15.072340283479559}
 }
23:54:00 `Sheep`3536338 missed {
 is already Found: false).
 Position: LorenzVec{x=27.53125, y=112.44791666666667, z=31.53125}
 DistanceC: 15.103590283479559
Relative Position: LorenzVec{x=13.135248199524327, y=3.481445877014167, z=15.103590283479559}
 }
23:54:00 `Sheep`3536341 missed {
 is already Found: false).
 Position: LorenzVec{x=27.458333333333332, y=98.04166666666667, z=31.5}
 DistanceC: 15.072340283479559
Relative Position: LorenzVec{x=13.062331532857659, y=-10.924804122985833, z=15.072340283479559}
 }
23:54:00 `Sheep`3537586 missed {
 is already Found: false).
 Position: LorenzVec{x=27.4375, y=105.35416666666667, z=31.520833333333332}
 DistanceC: 15.09317361681289
Relative Position: LorenzVec{x=13.041498199524327, y=-3.612304122985833, z=15.09317361681289}
 }
23:54:27 `Sheep`3536316 missed {
 is already Found: false).
 Position: LorenzVec{x=27.5, y=112.42708333333334, z=43.46875}
 DistanceC: 21.517942490556646
Relative Position: LorenzVec{x=21.517942490556646, y=4.58164185239589, z=-6.5919966897652955}
 }
23:54:27 `Sheep`3536323 missed {
 is already Found: false).
 Position: LorenzVec{x=27.5, y=105.125, z=43.46875}
 DistanceC: 21.517942490556646
Relative Position: LorenzVec{x=21.517942490556646, y=-2.7204414809374526, z=-6.5919966897652955}
 }
23:54:27 `Sheep`3536340 missed {
 is already Found: false).
 Position: LorenzVec{x=27.53125, y=98.42708333333333, z=43.53125}
 DistanceC: 21.549192490556646
Relative Position: LorenzVec{x=21.549192490556646, y=-9.418358147604124, z=-6.5294966897652955}
 }
23:54:27 `Sheep`3537597 missed {
 is already Found: false).
 Position: LorenzVec{x=27.5, y=112.55208333333333, z=43.53125}
 DistanceC: 21.517942490556646
Relative Position: LorenzVec{x=21.517942490556646, y=4.706641852395876, z=-6.5294966897652955}
 }
23:54:27 `Sheep`3537598 missed {
 is already Found: false).
 Position: LorenzVec{x=27.5, y=105.39583333333333, z=43.46875}
 DistanceC: 21.517942490556646
Relative Position: LorenzVec{x=21.517942490556646, y=-2.449608147604124, z=-6.5919966897652955}
 }
23:54:27 `Sheep`3537613 missed {
 is already Found: false).
 Position: LorenzVec{x=27.53125, y=98.46875, z=43.46875}
 DistanceC: 21.549192490556646
Relative Position: LorenzVec{x=21.549192490556646, y=-9.376691480937453, z=-6.5919966897652955}
 }
23:54:27 `Sheep`3538977 missed {
 is already Found: false).
 Position: LorenzVec{x=27.5, y=112.375, z=43.5}
 DistanceC: 21.517942490556646
Relative Position: LorenzVec{x=21.517942490556646, y=4.529558519062547, z=-6.5607466897652955}
 }
23:54:27 `Sheep`3538984 missed {
 is already Found: false).
 Position: LorenzVec{x=27.5, y=105.15625, z=43.53125}
 DistanceC: 21.517942490556646
Relative Position: LorenzVec{x=21.517942490556646, y=-2.6891914809374526, z=-6.5294966897652955}
 }
23:54:27 `Sheep`3539006 missed {
 is already Found: false).
 Position: LorenzVec{x=27.5, y=98.08333333333334, z=43.46875}
 DistanceC: 21.517942490556646
Relative Position: LorenzVec{x=21.517942490556646, y=-9.76210814760411, z=-6.5919966897652955}
 }
23:54:28 `Sheep`3540388 missed {
 is already Found: false).
 Position: LorenzVec{x=27.5, y=105.15625, z=31.5}
 DistanceC: 19.75164736561115
Relative Position: LorenzVec{x=19.75164736561115, y=0.2024342273255968, z=-17.4990329967126}
 }
23:54:28 `Sheep`3540409 missed {
 is already Found: false).
 Position: LorenzVec{x=27.5, y=112.14583333333334, z=31.572916666666664}
 DistanceC: 19.75164736561115
Relative Position: LorenzVec{x=19.75164736561115, y=7.19201756065894, z=-17.426116330045936}
 }
23:54:28 `Sheep`3540411 missed {
 is already Found: false).
 Position: LorenzVec{x=27.5, y=98.21875, z=31.5}
 DistanceC: 19.75164736561115
Relative Position: LorenzVec{x=19.75164736561115, y=-6.735065772674403, z=-17.4990329967126}
 }
23:54:28 `Sheep`3540386 missed {
 is already Found: false).
 Position: LorenzVec{x=27.5, y=98.38541666666667, z=37.46875}
 DistanceC: 19.47084522776638
Relative Position: LorenzVec{x=19.47084522776638, y=0.3854166666666714, z=-5.362532554300344}
 }
23:54:28 `Sheep`3540387 missed {
 is already Found: false).
 Position: LorenzVec{x=27.5, y=112.0, z=37.5}
 DistanceC: 19.47084522776638
Relative Position: LorenzVec{x=19.47084522776638, y=14.0, z=-5.331282554300344}
 }
23:54:28 `Sheep`3540410 missed {
 is already Found: false).
 Position: LorenzVec{x=27.5, y=105.0, z=37.5}
 DistanceC: 19.47084522776638
Relative Position: LorenzVec{x=19.47084522776638, y=7.0, z=-5.331282554300344}
 }
23:54:29 `Sheep`3540376 missed {
 is already Found: false).
 Position: LorenzVec{x=27.5, y=112.51041666666667, z=43.59375}
 DistanceC: 17.36930205645124
Relative Position: LorenzVec{x=17.36930205645124, y=14.510416666666671, z=6.507388945437164}
 }
23:54:29 `Sheep`3540380 missed {
 is already Found: false).
 Position: LorenzVec{x=27.5, y=105.29166666666667, z=43.5}
 DistanceC: 17.36930205645124
Relative Position: LorenzVec{x=17.36930205645124, y=7.291666666666671, z=6.413638945437164}
 }
23:54:29 `Sheep`3540406 missed {
 is already Found: false).
 Position: LorenzVec{x=27.5, y=98.6875, z=43.5}
 DistanceC: 17.36930205645124
Relative Position: LorenzVec{x=17.36930205645124, y=0.6875, z=6.413638945437164}
 }
23:54:32 `Sheep`3545717 missed {
 is already Found: false).
 Position: LorenzVec{x=27.5, y=112.0625, z=31.5}
 DistanceC: 19.179788153555258
Relative Position: LorenzVec{x=19.179788153555258, y=14.5625, z=18.558347893616634}
 }
23:54:32 `Sheep`3545686 missed {
 is already Found: false).
 Position: LorenzVec{x=27.5, y=105.3125, z=31.5}
 DistanceC: 19.179788153555258
Relative Position: LorenzVec{x=19.179788153555258, y=7.8125, z=18.558347893616634}
 }
23:54:32 `Sheep`3545719 missed {
 is already Found: false).
 Position: LorenzVec{x=27.5, y=98.34375, z=31.5}
 DistanceC: 19.179788153555258
Relative Position: LorenzVec{x=19.179788153555258, y=0.84375, z=18.558347893616634}
 }
23:56:35 `Sheep`3581127 missed {
 is already Found: false).
 Position: LorenzVec{x=15.458333333333332, y=105.28125, z=31.5}
 DistanceC: 21.210939461169133
Relative Position: LorenzVec{x=-6.616819134299536, y=-3.6852207896525044, z=21.210939461169133}
 }
23:56:35 `Sheep`3581129 missed {
 is already Found: false).
 Position: LorenzVec{x=15.5, y=98.53125, z=31.5}
 DistanceC: 21.210939461169133
Relative Position: LorenzVec{x=-6.5751524676328685, y=-10.435220789652504, z=21.210939461169133}
 }
23:56:46 `Sheep`3581140 missed {
 is already Found: false).
 Position: LorenzVec{x=21.53125, y=105.36458333333334, z=31.5}
 DistanceC: 21.53775809035257
Relative Position: LorenzVec{x=7.3536335292368875, y=-2.6097737805196175, z=21.53775809035257}
 }
23:56:46 `Sheep`3581160 missed {
 is already Found: false).
 Position: LorenzVec{x=21.5, y=98.45833333333334, z=31.5}
 DistanceC: 21.36962287853015
Relative Position: LorenzVec{x=7.01115583519157, y=-9.551636748522725, z=21.36962287853015}
 }
23:56:46 `Sheep`3581136 missed {
 is already Found: false).
 Position: LorenzVec{x=27.5, y=105.03125, z=31.5}
 DistanceC: 21.883393679869986
Relative Position: LorenzVec{x=8.472553247499285, y=2.15625, z=21.883393679869986}
 }
23:56:46 `Sheep`3581156 missed {
 is already Found: false).
 Position: LorenzVec{x=27.5, y=98.61458333333333, z=31.5}
 DistanceC: 21.883393679869986
Relative Position: LorenzVec{x=8.472553247499285, y=-4.260416666666671, z=21.883393679869986}
 }
23:56:46 `Sheep`3581164 missed {
 is already Found: false).
 Position: LorenzVec{x=27.5, y=112.54166666666667, z=31.53125}
 DistanceC: 21.914643679869986
Relative Position: LorenzVec{x=8.472553247499285, y=9.666666666666671, z=21.914643679869986}
 }
23:59:08 `Sheep`3625687 missed {
 is already Found: false).
 Position: LorenzVec{x=27.5, y=105.15625, z=31.53125}
 DistanceC: 19.839143243078247
Relative Position: LorenzVec{x=19.839143243078247, y=3.6611853796701865, z=-4.281451247434049}
 }
23:59:08 `Sheep`3625728 missed {
 is already Found: false).
 Position: LorenzVec{x=27.46875, y=112.15625, z=31.5}
 DistanceC: 19.807893243078247
Relative Position: LorenzVec{x=19.807893243078247, y=10.661185379670187, z=-4.312701247434049}
 }
23:59:08 `Sheep`3629538 missed {
 is already Found: false).
 Position: LorenzVec{x=27.5, y=105.29166666666666, z=31.53125}
 DistanceC: 19.839143243078247
Relative Position: LorenzVec{x=19.839143243078247, y=3.7966020463368437, z=-4.281451247434049}
 }
23:59:08 `Sheep`3629546 missed {
 is already Found: false).
 Position: LorenzVec{x=27.5, y=112.0625, z=31.46875}
 DistanceC: 19.839143243078247
Relative Position: LorenzVec{x=19.839143243078247, y=10.567435379670187, z=-4.343951247434049}
 }
23:59:08 `Sheep`3629549 missed {
 is already Found: false).
 Position: LorenzVec{x=27.53125, y=98.52083333333333, z=31.5}
 DistanceC: 19.870393243078247
Relative Position: LorenzVec{x=19.870393243078247, y=-2.974231286996485, z=-4.312701247434049}
 }
23:59:08 `Sheep`3625721 missed {
 is already Found: false).
 Position: LorenzVec{x=27.5, y=98.28125, z=31.5}
 DistanceC: 19.839170114581243
Relative Position: LorenzVec{x=19.839170114581243, y=-3.8503133992116005, z=-4.936559915566463}
 }
23:59:12 `Sheep`3640640 missed {
 is already Found: false).
 Position: LorenzVec{x=21.53125, y=105.1875, z=37.46875}
 DistanceC: 21.6489512705001
Relative Position: LorenzVec{x=21.6489512705001, y=5.422052546740034, z=-9.989544889967554}
 }
23:59:12 `Sheep`3640681 missed {
 is already Found: false).
 Position: LorenzVec{x=21.53125, y=98.48958333333334, z=31.5}
 DistanceC: 21.65514195853454
Relative Position: LorenzVec{x=21.65514195853454, y=-0.690855118417872, z=-15.627644656107613}
 }
23:59:12 `Sheep`3640650 missed {
 is already Found: false).
 Position: LorenzVec{x=21.5, y=105.03125, z=43.5}
 DistanceC: 21.63418670345447
Relative Position: LorenzVec{x=21.63418670345447, y=6.011249989271164, z=-2.328510526572863}
 }
23:59:22 `Sheep`3633422 missed {
 is already Found: false).
 Position: LorenzVec{x=27.5, y=105.5625, z=31.46875}
 DistanceC: 20.714807545999257
Relative Position: LorenzVec{x=20.714807545999257, y=7.5625, z=-6.082343333167316}
 }
23:59:22 `Sheep`3633461 missed {
 is already Found: false).
 Position: LorenzVec{x=27.5, y=98.17708333333334, z=31.46875}
 DistanceC: 20.714807545999257
Relative Position: LorenzVec{x=20.714807545999257, y=0.1770833333333428, z=-6.082343333167316}
 }
23:59:22 `Sheep`3633462 missed {
 is already Found: false).
 Position: LorenzVec{x=27.5, y=112.03125, z=31.5}
 DistanceC: 20.714807545999257
Relative Position: LorenzVec{x=20.714807545999257, y=14.03125, z=-6.051093333167316}
 }
00:00:23 `Sheep`3648980 missed {
 is already Found: false).
 Position: LorenzVec{x=27.5625, y=105.375, z=31.46875}
 DistanceC: 16.760636789384183
Relative Position: LorenzVec{x=16.760636789384183, y=1.9045585190625474, z=16.038272975416263}
 }
00:00:23 `Sheep`3649016 missed {
 is already Found: false).
 Position: LorenzVec{x=27.46875, y=98.09375, z=31.4375}
 DistanceC: 16.666886789384183
Relative Position: LorenzVec{x=16.666886789384183, y=-5.376691480937453, z=16.007022975416263}
 }
00:00:23 `Sheep`3649021 missed {
 is already Found: false).
 Position: LorenzVec{x=27.46875, y=112.58333333333334, z=31.46875}
 DistanceC: 16.666886789384183
Relative Position: LorenzVec{x=16.666886789384183, y=9.11289185239589, z=16.038272975416263}
 }
00:00:23 `Sheep`3652168 missed {
 is already Found: false).
 Position: LorenzVec{x=27.5, y=105.64583333333334, z=31.5}
 DistanceC: 16.698136789384183
Relative Position: LorenzVec{x=16.698136789384183, y=2.17539185239589, z=16.069522975416263}
 }
00:00:23 `Sheep`3652198 missed {
 is already Found: false).
 Position: LorenzVec{x=27.5, y=112.125, z=31.5}
 DistanceC: 16.698136789384183
Relative Position: LorenzVec{x=16.698136789384183, y=8.654558519062547, z=16.069522975416263}
 }
00:00:23 `Sheep`3652199 missed {
 is already Found: false).
 Position: LorenzVec{x=27.5, y=98.40625, z=31.46875}
 DistanceC: 16.698136789384183
Relative Position: LorenzVec{x=16.698136789384183, y=-5.064191480937453, z=16.038272975416263}
 }
00:00:23 `Sheep`3656244 missed {
 is already Found: false).
 Position: LorenzVec{x=27.46875, y=105.5, z=31.46875}
 DistanceC: 16.666886789384183
Relative Position: LorenzVec{x=16.666886789384183, y=2.0295585190625474, z=16.038272975416263}
 }
00:00:23 `Sheep`3656264 missed {
 is already Found: false).
 Position: LorenzVec{x=27.5, y=112.0, z=31.5}
 DistanceC: 16.698136789384183
Relative Position: LorenzVec{x=16.698136789384183, y=8.529558519062547, z=16.069522975416263}
 }
00:00:23 `Sheep`3656268 missed {
 is already Found: false).
 Position: LorenzVec{x=27.5, y=98.46875, z=31.5}
 DistanceC: 16.698136789384183
Relative Position: LorenzVec{x=16.698136789384183, y=-5.001691480937453, z=16.069522975416263}
 }
00:00:24 `Sheep`3660372 missed {
 is already Found: false).
 Position: LorenzVec{x=27.46875, y=105.4375, z=31.46875}
 DistanceC: 18.864564556785936
Relative Position: LorenzVec{x=13.744006544202065, y=-0.19549365964648757, z=18.864564556785936}
 }
00:00:24 `Sheep`3660403 missed {
 is already Found: false).
 Position: LorenzVec{x=27.5, y=112.125, z=31.5625}
 DistanceC: 18.958314556785936
Relative Position: LorenzVec{x=13.775256544202065, y=6.492006340353512, z=18.958314556785936}
 }
00:00:24 `Sheep`3660407 missed {
 is already Found: false).
 Position: LorenzVec{x=27.5, y=98.29166666666666, z=31.5}
 DistanceC: 18.895814556785936
Relative Position: LorenzVec{x=13.775256544202065, y=-7.34132699297983, z=18.895814556785936}
 }
00:00:27 `Sheep`3648984 missed {
 is already Found: false).
 Position: LorenzVec{x=27.5, y=112.30208333333334, z=37.53125}
 DistanceC: 20.870971345639127
Relative Position: LorenzVec{x=20.870971345639127, y=8.800549448928024, z=2.7462538405111587}
 }
00:00:27 `Sheep`3656243 missed {
 is already Found: false).
 Position: LorenzVec{x=27.53125, y=112.625, z=37.46875}
 DistanceC: 20.902221345639127
Relative Position: LorenzVec{x=20.902221345639127, y=9.123466115594681, z=2.6837538405111587}
 }
00:00:27 `Sheep`3660368 missed {
 is already Found: false).
 Position: LorenzVec{x=27.5, y=98.38541666666666, z=37.46875}
 DistanceC: 20.870971345639127
Relative Position: LorenzVec{x=20.870971345639127, y=-5.116117217738662, z=2.6837538405111587}
 }
00:00:27 `Sheep`3649020 missed {
 is already Found: false).
 Position: LorenzVec{x=27.5, y=105.5, z=37.5}
 DistanceC: 21.19021039827235
Relative Position: LorenzVec{x=21.19021039827235, y=1.3650299181439323, z=0.8543104705171842}
 }
00:00:27 `Sheep`3652164 missed {
 is already Found: false).
 Position: LorenzVec{x=27.5, y=112.27083333333334, z=37.5}
 DistanceC: 21.19021039827235
Relative Position: LorenzVec{x=21.19021039827235, y=8.135863251477275, z=0.8543104705171842}
 }
00:00:27 `Sheep`3652189 missed {
 is already Found: false).
 Position: LorenzVec{x=27.5, y=105.52083333333333, z=37.5}
 DistanceC: 21.19021039827235
Relative Position: LorenzVec{x=21.19021039827235, y=1.3858632514772609, z=0.8543104705171842}
 }
00:00:27 `Sheep`3656236 missed {
 is already Found: false).
 Position: LorenzVec{x=27.5, y=98.08333333333333, z=37.5}
 DistanceC: 21.19021039827235
Relative Position: LorenzVec{x=21.19021039827235, y=-6.051636748522739, z=0.8543104705171842}
 }
00:00:27 `Sheep`3660408 missed {
 is already Found: false).
 Position: LorenzVec{x=27.5625, y=105.25, z=37.4375}
 DistanceC: 21.25271039827235
Relative Position: LorenzVec{x=21.25271039827235, y=1.1150299181439323, z=0.7918104705171842}
 }
00:00:27 `Sheep`3648986 missed {
 is already Found: false).
 Position: LorenzVec{x=27.5, y=98.25, z=37.53125}
 DistanceC: 21.300261984776842
Relative Position: LorenzVec{x=21.300261984776842, y=-5.841470789652504, z=0.480197472899512}
 }
00:00:27 `Sheep`3652156 missed {
 is already Found: false).
 Position: LorenzVec{x=27.5, y=98.0, z=37.53125}
 DistanceC: 21.300261984776842
Relative Position: LorenzVec{x=21.300261984776842, y=-6.091470789652504, z=0.480197472899512}
 }
00:00:27 `Sheep`3656262 missed {
 is already Found: false).
 Position: LorenzVec{x=27.5, y=105.25, z=37.53125}
 DistanceC: 21.300261984776842
Relative Position: LorenzVec{x=21.300261984776842, y=1.1585292103474956, z=0.480197472899512}
 }
00:00:27 `Sheep`3660360 missed {
 is already Found: false).
 Position: LorenzVec{x=27.5, y=112.36458333333333, z=37.5}
 DistanceC: 21.300261984776842
Relative Position: LorenzVec{x=21.300261984776842, y=8.273112543680824, z=0.448947472899512}
 }
00:02:02 `Sheep`3679626 missed {
 is already Found: false).
 Position: LorenzVec{x=15.46875, y=98.3125, z=31.5}
 DistanceC: 21.59809630315954
Relative Position: LorenzVec{x=9.526092615139822, y=0.8125, z=21.59809630315954}
 }
00:02:02 `Sheep`3679641 missed {
 is already Found: false).
 Position: LorenzVec{x=15.53125, y=105.46875, z=31.5}
 DistanceC: 21.59809630315954
Relative Position: LorenzVec{x=9.588592615139822, y=7.96875, z=21.59809630315954}
 }
00:02:02 `Sheep`3684339 missed {
 is already Found: false).
 Position: LorenzVec{x=15.5, y=105.39583333333334, z=31.5}
 DistanceC: 21.59809630315954
Relative Position: LorenzVec{x=9.557342615139822, y=7.895833333333343, z=21.59809630315954}
 }
00:02:02 `Sheep`3684344 missed {
 is already Found: false).
 Position: LorenzVec{x=15.5, y=98.34375, z=31.5}
 DistanceC: 21.59809630315954
Relative Position: LorenzVec{x=9.557342615139822, y=0.84375, z=21.59809630315954}
 }
00:02:02 `Sheep`3688011 missed {
 is already Found: false).
 Position: LorenzVec{x=15.5, y=105.25, z=31.5}
 DistanceC: 21.59809630315954
Relative Position: LorenzVec{x=9.557342615139822, y=7.75, z=21.59809630315954}
 }
00:02:02 `Sheep`3688018 missed {
 is already Found: false).
 Position: LorenzVec{x=15.53125, y=98.07291666666667, z=31.5}
 DistanceC: 21.59809630315954
Relative Position: LorenzVec{x=9.588592615139822, y=0.5729166666666714, z=21.59809630315954}
 }
00:02:02 `Sheep`3691865 missed {
 is already Found: false).
 Position: LorenzVec{x=15.46875, y=105.60416666666667, z=31.5}
 DistanceC: 21.59809630315954
Relative Position: LorenzVec{x=9.526092615139822, y=8.104166666666671, z=21.59809630315954}
 }
00:02:02 `Sheep`3679630 missed {
 is already Found: false).
 Position: LorenzVec{x=21.5, y=105.53125, z=31.5}
 DistanceC: 21.59809630315954
Relative Position: LorenzVec{x=15.557342615139822, y=8.03125, z=21.59809630315954}
 }
00:02:02 `Sheep`3679665 missed {
 is already Found: false).
 Position: LorenzVec{x=21.5, y=98.28125, z=31.53125}
 DistanceC: 21.62934630315954
Relative Position: LorenzVec{x=15.557342615139822, y=0.78125, z=21.62934630315954}
 }
00:02:02 `Sheep`3684335 missed {
 is already Found: false).
 Position: LorenzVec{x=21.5, y=105.375, z=31.53125}
 DistanceC: 21.62934630315954
Relative Position: LorenzVec{x=15.557342615139822, y=7.875, z=21.62934630315954}
 }
00:02:02 `Sheep`3684358 missed {
 is already Found: false).
 Position: LorenzVec{x=21.46875, y=98.0625, z=31.5}
 DistanceC: 21.59809630315954
Relative Position: LorenzVec{x=15.526092615139822, y=0.5625, z=21.59809630315954}
 }
00:02:02 `Sheep`3688014 missed {
 is already Found: false).
 Position: LorenzVec{x=21.46875, y=105.21875, z=31.5}
 DistanceC: 21.59809630315954
Relative Position: LorenzVec{x=15.526092615139822, y=7.71875, z=21.59809630315954}
 }
00:02:02 `Sheep`3688035 missed {
 is already Found: false).
 Position: LorenzVec{x=21.46875, y=98.0625, z=31.53125}
 DistanceC: 21.62934630315954
Relative Position: LorenzVec{x=15.526092615139822, y=0.5625, z=21.62934630315954}
 }
00:02:02 `Sheep`3691855 missed {
 is already Found: false).
 Position: LorenzVec{x=15.5, y=98.375, z=31.5}
 DistanceC: 21.59809630315954
Relative Position: LorenzVec{x=9.557342615139822, y=0.875, z=21.59809630315954}
 }
00:02:03 `Sheep`3691854 missed {
 is already Found: false).
 Position: LorenzVec{x=21.53125, y=105.125, z=31.53125}
 DistanceC: 21.62934630315954
Relative Position: LorenzVec{x=15.588592615139822, y=7.625, z=21.62934630315954}
 }
00:02:03 `Sheep`3691889 missed {
 is already Found: false).
 Position: LorenzVec{x=21.46875, y=98.36458333333334, z=31.53125}
 DistanceC: 21.62934630315954
Relative Position: LorenzVec{x=15.526092615139822, y=0.8645833333333428, z=21.62934630315954}
 }
00:02:05 `Sheep`3679633 missed {
 is already Found: false).
 Position: LorenzVec{x=27.53125, y=105.3125, z=31.5}
 DistanceC: 21.53536448289555
Relative Position: LorenzVec{x=-1.4597239030742628, y=7.8125, z=21.53536448289555}
 }
00:02:05 `Sheep`3679675 missed {
 is already Found: false).
 Position: LorenzVec{x=27.53125, y=112.14583333333333, z=31.5}
 DistanceC: 21.53536448289555
Relative Position: LorenzVec{x=-1.4597239030742628, y=14.645833333333329, z=21.53536448289555}
 }
00:02:05 `Sheep`3679676 missed {
 is already Found: false).
 Position: LorenzVec{x=27.5, y=98.44791666666667, z=31.5}
 DistanceC: 21.53536448289555
Relative Position: LorenzVec{x=-1.4909739030742628, y=0.9479166666666714, z=21.53536448289555}
 }
00:02:05 `Sheep`3684338 missed {
 is already Found: false).
 Position: LorenzVec{x=27.5, y=105.3125, z=31.5}
 DistanceC: 21.53536448289555
Relative Position: LorenzVec{x=-1.4909739030742628, y=7.8125, z=21.53536448289555}
 }
00:02:05 `Sheep`3684354 missed {
 is already Found: false).
 Position: LorenzVec{x=27.53125, y=98.625, z=31.4375}
 DistanceC: 21.47286448289555
Relative Position: LorenzVec{x=-1.4597239030742628, y=1.125, z=21.47286448289555}
 }
00:02:05 `Sheep`3684364 missed {
 is already Found: false).
 Position: LorenzVec{x=27.46875, y=112.0, z=31.53125}
 DistanceC: 21.56661448289555
Relative Position: LorenzVec{x=-1.5222239030742628, y=14.5, z=21.56661448289555}
 }
00:02:05 `Sheep`3688004 missed {
 is already Found: false).
 Position: LorenzVec{x=27.53125, y=105.5, z=31.53125}
 DistanceC: 21.56661448289555
Relative Position: LorenzVec{x=-1.4597239030742628, y=8.0, z=21.56661448289555}
 }
00:02:05 `Sheep`3688028 missed {
 is already Found: false).
 Position: LorenzVec{x=27.53125, y=112.02083333333334, z=31.46875}
 DistanceC: 21.50411448289555
Relative Position: LorenzVec{x=-1.4597239030742628, y=14.520833333333343, z=21.50411448289555}
 }
00:02:05 `Sheep`3688037 missed {
 is already Found: false).
 Position: LorenzVec{x=27.5, y=98.54166666666666, z=31.5}
 DistanceC: 21.53536448289555
Relative Position: LorenzVec{x=-1.4909739030742628, y=1.0416666666666572, z=21.53536448289555}
 }
00:02:05 `Sheep`3691891 missed {
 is already Found: false).
 Position: LorenzVec{x=27.5, y=98.59375, z=31.5}
 DistanceC: 15.380411321643251
Relative Position: LorenzVec{x=-2.0066093015091333, y=0.59375, z=15.380411321643251}
 }
00:02:05 `Sheep`3691866 missed {
 is already Found: false).
 Position: LorenzVec{x=27.5, y=105.5, z=31.5}
 DistanceC: 14.81065407257924
Relative Position: LorenzVec{x=-1.2879460463190497, y=7.578400001525878, z=14.81065407257924}
 }
00:02:35 `Sheep`3696188 missed {
 is already Found: false).
 Position: LorenzVec{x=15.5, y=105.53125, z=31.5}
 DistanceC: 21.19306208702151
Relative Position: LorenzVec{x=-10.155444101249952, y=8.03125, z=21.19306208702151}
 }
00:02:35 `Sheep`3696189 missed {
 is already Found: false).
 Position: LorenzVec{x=15.46875, y=98.45833333333334, z=31.5}
 DistanceC: 21.842993612379473
Relative Position: LorenzVec{x=-9.355183920666565, y=0.9583333333333428, z=21.842993612379473}
 }
00:02:41 `Sheep`3696216 missed {
 is already Found: false).
 Position: LorenzVec{x=21.5, y=98.5, z=31.5}
 DistanceC: 20.85686027604199
Relative Position: LorenzVec{x=20.85686027604199, y=0.5, z=14.544996545984628}
 }
00:02:41 `Sheep`3696178 missed {
 is already Found: false).
 Position: LorenzVec{x=21.5, y=105.09375, z=31.5}
 DistanceC: 17.992756766766934
Relative Position: LorenzVec{x=17.992756766766934, y=7.09375, z=15.462811253089534}
 }
00:02:42 `Sheep`3696220 missed {
 is already Found: false).
 Position: LorenzVec{x=27.53125, y=112.10416666666666, z=31.5}
 DistanceC: 20.40285552253348
Relative Position: LorenzVec{x=20.40285552253348, y=14.337798672709141, z=19.022201250701468}
 }
00:02:42 `Sheep`3696190 missed {
 is already Found: false).
 Position: LorenzVec{x=27.5, y=105.4375, z=31.625}
 DistanceC: 19.71436117320076
Relative Position: LorenzVec{x=18.476325964515944, y=7.9375, z=19.71436117320076}
 }
00:02:42 `Sheep`3696222 missed {
 is already Found: false).
 Position: LorenzVec{x=27.5, y=98.125, z=31.5}
 DistanceC: 19.58936117320076
Relative Position: LorenzVec{x=18.476325964515944, y=0.625, z=19.58936117320076}
 }
00:02:44 `Sheep`3699699 missed {
 is already Found: false).
 Position: LorenzVec{x=27.4375, y=112.0625, z=31.5}
 DistanceC: 21.064994871582982
Relative Position: LorenzVec{x=0.19218974437731617, y=14.5625, z=21.064994871582982}
 }
00:02:44 `Sheep`3699686 missed {
 is already Found: false).
 Position: LorenzVec{x=27.53125, y=105.0, z=31.53125}
 DistanceC: 21.769823976107766
Relative Position: LorenzVec{x=-6.524854448006963, y=7.0, z=21.769823976107766}
 }
00:02:45 `Sheep`3699702 missed {
 is already Found: false).
 Position: LorenzVec{x=27.5, y=98.15625, z=31.53125}
 DistanceC: 21.760923788702076
Relative Position: LorenzVec{x=-2.607052012455412, y=0.15625, z=21.760923788702076}
 }
00:02:47 `Sheep`3703300 missed {
 is already Found: false).
 Position: LorenzVec{x=21.5, y=98.03125, z=31.5}
 DistanceC: 21.243010930389193
Relative Position: LorenzVec{x=17.376126707389993, y=0.53125, z=21.243010930389193}
 }
00:18:08 `4krky22szy`237 missed {
 is already Found: false).
 Position: LorenzVec{x=-2.5, y=149.0, z=-68.5}
 DistanceC: 19.74480486516037
Relative Position: LorenzVec{x=18.089114674820088, y=-2.0, z=-19.74480486516037}
 }
00:18:37 `q48hu73i47`162 missed {
 is already Found: false).
 Position: LorenzVec{x=-6.5, y=145.0, z=-18.5}
 DistanceC: 21.80000001192093
Relative Position: LorenzVec{x=6.192981911905253, y=-8.421599998474107, z=21.80000001192093}
 }
00:20:31 `q48hu73i47`162 missed {
 is already Found: false).
 Position: LorenzVec{x=-6.5, y=145.0, z=-18.5}
 DistanceC: 12.812427445324625
Relative Position: LorenzVec{x=-12.812427445324625, y=-6.157525004739028, z=-3.184567780622526}
 }
00:20:40 `w55x1kcd98`178 missed {
 is already Found: false).
 Position: LorenzVec{x=42.5, y=134.5, z=22.5}
 DistanceC: 20.322352078418852
Relative Position: LorenzVec{x=20.322352078418852, y=-13.5, z=17.214719429429238}
 }
00:20:40 `y9q3w0q50f`222 missed {
 is already Found: false).
 Position: LorenzVec{x=0.5, y=145.0, z=23.5}
 DistanceC: 21.677647921581148
Relative Position: LorenzVec{x=-21.677647921581148, y=-3.0, z=18.214719429429238}
 }
00:20:55 `4krky22szy`237 missed {
 is already Found: false).
 Position: LorenzVec{x=-2.5, y=149.0, z=-68.5}
 DistanceC: 23.041092132959307
Relative Position: LorenzVec{x=17.765972150818648, y=-11.200832369260581, z=-23.041092132959307}
 }
00:23:14 `q48hu73i47`162 missed {
 is already Found: false).
 Position: LorenzVec{x=-6.5, y=145.0, z=-18.5}
 DistanceC: 19.874836056524856
Relative Position: LorenzVec{x=-19.874836056524856, y=-10.001533884405319, z=13.770460264272288}
 }
00:23:24 `012b32a481`223 missed {
 is already Found: false).
 Position: LorenzVec{x=43.5, y=177.0, z=-41.5}
 DistanceC: 23.075427691937044
Relative Position: LorenzVec{x=17.956727702813062, y=15.568476154729268, z=-23.075427691937044}
 }
00:23:43 `q48hu73i47`162 missed {
 is already Found: false).
 Position: LorenzVec{x=-6.5, y=145.0, z=-18.5}
 DistanceC: 15.795940989337112
Relative Position: LorenzVec{x=-6.741604621863199, y=-7.784303310172447, z=15.795940989337112}
 }
00:23:55 `w55x1kcd98`178 missed {
 is already Found: false).
 Position: LorenzVec{x=42.5, y=134.5, z=22.5}
 DistanceC: 12.381826061944452
Relative Position: LorenzVec{x=-2.4742732119647712, y=-8.5, z=12.381826061944452}
 }
00:23:56 `v04x685i07`234 missed {
 is already Found: false).
 Position: LorenzVec{x=53.0625, y=141.5, z=19.5}
 DistanceC: 9.381826061944452
Relative Position: LorenzVec{x=8.088226788035229, y=-1.5, z=9.381826061944452}
 }
