11:15:19 §f                                  §6§lBESTIARY
11:15:19 §f                                §b§lSlug §7§8X §8➡§b §bXI
11:15:19 
11:15:19 §f                                  §r§6§lREWARDS
11:15:19 §f                          §r§6+0.4☘ Farming Fortune
11:15:19 §f                               §r§8+§r§62% §r§aSlug §r§7coins
11:15:19 §f                    §r§8+§r§a50% §r§7chance for extra XP orbs
11:15:19 §f                               §r§8+§r§b1 SkyBlock XP
11:15:19 
11:15:19 §3§l▬▬▬▬▬▬▬▬▬▬▬▬▬▬▬▬▬▬▬▬▬▬▬▬▬▬▬▬▬▬▬▬▬▬▬▬▬▬▬▬▬▬▬▬▬▬▬▬▬▬▬▬▬▬▬▬▬▬▬▬▬▬▬▬
12:46:20 §f                                  §6§lBESTIARY
12:46:20 §f                         §b§lLord Jawbus §7§8III §8➡§b §bIV
12:46:20 
12:46:20 §f                                  §r§6§lREWARDS
12:46:20 §f                      §r§8+§r§a2 Lord Jawbus §r§b✯ Magic Find
12:46:20 §f                       §r§8+§r§a2 Lord Jawbus §r§c❁ Strength
12:46:20 §f                          §r§8+§r§62% §r§aLord Jawbus §r§7coins
12:46:20 §f                    §r§8+§r§a50% §r§7chance for extra XP orbs
12:46:20 §f                               §r§8+§r§b1 SkyBlock XP
12:46:20 
12:46:20 §3§l▬▬▬▬▬▬▬▬▬▬▬▬▬▬▬▬▬▬▬▬▬▬▬▬▬▬▬▬▬▬▬▬▬▬▬▬▬▬▬▬▬▬▬▬▬▬▬▬▬▬▬▬▬▬▬▬▬▬▬▬▬▬▬▬
13:46:18 §f                                  §6§lBESTIARY
13:46:18 §f                               §b§lFlare §7§8III §8➡§b §bIV
13:46:18 
13:46:18 §f                                  §r§6§lREWARDS
13:46:18 §f                           §r§8+§r§a2 Flare §r§b✯ Magic Find
13:46:18 §f                           §r§8+§r§a2 Flare §r§c❁ Strength
13:46:18 §f                               §r§8+§r§62% §r§aFlare §r§7coins
13:46:18 §f                    §r§8+§r§a50% §r§7chance for extra XP orbs
13:46:18 §f                               §r§8+§r§b1 SkyBlock XP
13:46:18 
13:46:18 §3§l▬▬▬▬▬▬▬▬▬▬▬▬▬▬▬▬▬▬▬▬▬▬▬▬▬▬▬▬▬▬▬▬▬▬▬▬▬▬▬▬▬▬▬▬▬▬▬▬▬▬▬▬▬▬▬▬▬▬▬▬▬▬▬▬
