11:14:57 §bNew day! §r§eYour §r§2Sky Mall §r§ebuff changed!
11:14:57 §eNew buff§r§r§r: §r§f§r§a10x §r§fchance to find Golden and Diamond Goblins.
11:14:57 §8§oYou can disable this messaging by toggling Sky Mall in your /hotm!
12:14:57 §bNew day! §r§eYour §r§2Sky Mall §r§ebuff changed!
12:14:57 §eNew buff§r§r§r: §r§fGain §r§a+100 §r§6⸕ Mining Speed§r§f.
12:14:57 §8§oYou can disable this messaging by toggling Sky Mall in your /hotm!
12:35:22 §bNew day! §r§eYour §r§2Sky Mall §r§ebuff changed!
12:35:22 §eNew buff§r§r§r: §r§fGain §r§a+100 §r§6⸕ Mining Speed§r§f.
12:35:22 §8§oYou can disable this messaging by toggling Sky Mall in your /hotm!
12:54:58 §bNew day! §r§eYour §r§2Sky Mall §r§ebuff changed!
12:54:58 §eNew buff§r§r§r: §r§fGain §r§a+50 §r§6☘ Mining Fortune§r§f.
12:54:58 §8§oYou can disable this messaging by toggling Sky Mall in your /hotm!
13:14:57 §bNew day! §r§eYour §r§2Sky Mall §r§ebuff changed!
13:14:57 §eNew buff§r§r§r: §r§fGain §r§a5x §r§9Titanium §r§fdrops
13:14:57 §8§oYou can disable this messaging by toggling Sky Mall in your /hotm!
13:34:58 §bNew day! §r§eYour §r§2Sky Mall §r§ebuff changed!
13:34:58 §eNew buff§r§r§r: §r§fGain §r§a+100 §r§6⸕ Mining Speed§r§f.
13:34:58 §8§oYou can disable this messaging by toggling Sky Mall in your /hotm!
13:54:57 §bNew day! §r§eYour §r§2Sky Mall §r§ebuff changed!
13:54:57 §eNew buff§r§r§r: §r§fGain §r§a+50 §r§6☘ Mining Fortune§r§f.
13:54:57 §8§oYou can disable this messaging by toggling Sky Mall in your /hotm!
