11:51:16 §e[SkyHanni] §aSkyHanni found a new update: 0.27 Beta 3. Check §b/sh download update §afor more info.§r
11:53:58 §e[SkyHanni] Mark NEU Heavy Pearls as done.§r
12:10:24 §e[SkyHanni] §lCLICK HERE§r§e to grab §ax772 §9§a☘ Flawed Jade Gemstone§e from sacks!§r
12:10:28 §e[SkyHanni] §lCLICK HERE§r§e to grab §ax171 §9§9☘ Fine Jade Gemstone§e from sacks!§r
12:16:08 §e[SkyHanni] §lCLICK HERE§r§e to grab §ax84 §9§5Enchanted Titanium§e from sacks!§r
12:17:01 §e[SkyHanni] §lCLICK HERE§r§e to grab §ax4 §9§9Enchanted Diamond Block§e from sacks!§r
12:21:37 §e[SkyHanni] §cYour Organic Matter is low!§r
12:21:37 §e[SkyHanni] §aFriendly Hiker §eis visiting your garden!§r
12:21:37 §e[SkyHanni] §aOringo §eis visiting your garden!§r
12:21:37 §e[SkyHanni] §9Lumina §eis visiting your garden!§r
12:21:37 §e[SkyHanni] §aTerry §eis visiting your garden!§r
12:21:37 §e[SkyHanni] §aHungry Hiker §eis visiting your garden!§r
12:22:35 §e[SkyHanni] Started tracking your Jacob Contest Blocks Per Second!§r
12:23:16 §e[SkyHanni] Loaded Wheat milestone data from tab list!§r
12:29:38 §e[SkyHanni] §aOdawa §eis visiting your garden!§r
12:36:36 §e[SkyHanni] Stats for Melon Contest:§r
12:36:36 §e[SkyHanni] §7Blocks Broken in total: §e0§r
12:36:36 §e[SkyHanni] §7Average Blocks Per Second: §a0.0§r
12:36:36 §e[SkyHanni] §7Participated for §b14m 1s§r
12:38:42 §e[SkyHanni] §cYour Organic Matter is low!§r
12:41:40 §e[SkyHanni] §6Madame Eleanor Q. Goldsworth III §eis visiting your garden!§r
12:42:39 §e[SkyHanni] §lCLICK HERE§r§e to grab §ax140 §9§aEnchanted Hay Bale§e from sacks!§r
12:42:43 §e[SkyHanni] §lCLICK HERE§r§e to grab §ax6 §9§9Tightly-Tied Hay Bale§e from sacks!§r
12:42:49 §e[SkyHanni] §lCLICK HERE§r§e to grab §ax125 §9§aEnchanted Seeds§e from sacks!§r
12:42:52 §e[SkyHanni] §lCLICK HERE§r§e to grab §ax62 §9§9Box of Seeds§e from sacks!§r
12:44:04 §e[SkyHanni] §lCLICK HERE§r§e to grab §ax13 §9§aEnchanted Golden Carrot§e from sacks!§r
12:44:24 §e[SkyHanni] §lCLICK HERE§r§e to grab §ax5 §9§aEnchanted Golden Carrot§e from sacks!§r
13:29:21 §e[SkyHanni] §fYou were in Limbo for §e10m 51s§f.§r
13:29:36 §e[SkyHanni] §9Gold Forger §eis visiting your garden!§r
13:29:36 §e[SkyHanni] §aStella §eis visiting your garden!§r
13:29:36 §e[SkyHanni] §aFelix §eis visiting your garden!§r
13:29:36 §e[SkyHanni] §9Seymour §eis visiting your garden!§r
13:31:10 §e[SkyHanni] §cYour Time Tower just expired and has 1 charge remaining. Click here to use one.§r
13:38:37 §e[SkyHanni] §6Jerry §eis visiting your garden!§r
13:47:38 §e[SkyHanni] §aGuy §eis visiting your garden!§r
13:56:38 §e[SkyHanni] §aMason §eis visiting your garden!§r
14:05:39 §e[SkyHanni] §aJamie §eis visiting your garden!§r
14:14:39 §e[SkyHanni] §9Puzzler §eis visiting your garden!§r
14:23:40 §e[SkyHanni] §aStella §eis visiting your garden!§r
15:00:18 §e[SkyHanni] §b+5 SkyBlock XP §7(Garden Plot§7)§b (39/100)§r
15:02:11 §e[SkyHanni] §6Pest Wrangler? §eis visiting your garden!§r
15:03:11 §e[SkyHanni] §lCLICK HERE§r§e to grab §ax13 §9§aEnchanted Golden Carrot§e from sacks!§r
15:03:20 §e[SkyHanni] §lCLICK HERE§r§e to grab §ax1 §9§aEnchanted Golden Carrot§e from sacks!§r
15:03:21 §e[SkyHanni] §lCLICK HERE§r§e to grab §ax1 §9§aEnchanted Golden Carrot§e from sacks!§r
15:14:33 §e[SkyHanni] §9Lumina §eis visiting your garden!§r
15:15:39 §e[SkyHanni] Started tracking your Jacob Contest Blocks Per Second!§r
15:17:10 §e[SkyHanni] §aGeonathan Greatforge §eis visiting your garden!§r
15:20:13 §e[SkyHanni] §aVex §eis visiting your garden!§r
15:23:13 §e[SkyHanni] §aOdawa §eis visiting your garden!§r
15:26:17 §e[SkyHanni] §aLeo §eis visiting your garden!§r
15:29:59 §e[SkyHanni] You have gained §b350 §eBits.§r
15:34:56 §e[SkyHanni] Stats for Wheat Contest:§r
15:34:56 §e[SkyHanni] §7Blocks Broken in total: §e22,862§r
15:34:56 §e[SkyHanni] §7Average Blocks Per Second: §c19.78§r
15:34:56 §e[SkyHanni] §7Participated for §b19m 16s§r
15:35:11 §e[SkyHanni] This is §60.37☘ Wheat Fortune §emore than previously!§r
15:36:51 §e[SkyHanni] You have gained §b7 §eBits.§r
15:36:55 §e[SkyHanni] §aFelix §eis visiting your garden!§r
15:38:04 §e[SkyHanni] You have gained §b7 §eBits.§r
15:38:05 §e[SkyHanni] You have gained §b7 §eBits.§r
15:38:08 §e[SkyHanni] You have gained §b7 §eBits.§r
15:38:10 §e[SkyHanni] You have gained §b7 §eBits.§r
15:38:11 §e[SkyHanni] You have gained §b7 §eBits.§r
15:39:58 §e[SkyHanni] You have gained §b7 §eBits.§r
15:40:09 §e[SkyHanni] You have gained §b7 §eBits.§r
15:40:20 §e[SkyHanni] You have gained §b7 §eBits.§r
15:40:33 §e[SkyHanni] You have gained §b7 §eBits.§r
15:41:22 §e[SkyHanni] Loaded Melon milestone data from tab list!§r
15:41:46 §e[SkyHanni] §aFelix §eis visiting your garden!§r
15:44:52 §e[SkyHanni] §aMason §eis visiting your garden!§r
15:48:05 §e[SkyHanni] §6Pest Wrangler? §eis visiting your garden!§r
15:51:32 §e[SkyHanni] §9Seymour §eis visiting your garden!§r
15:54:35 §e[SkyHanni] §aFriendly Hiker §eis visiting your garden!§r
16:00:01 §e[SkyHanni] You have gained §b700 §eBits.§r
16:04:42 §e[SkyHanni] You have gained §b7 §eBits.§r
16:04:46 §e[SkyHanni] §aLibrarian §eis visiting your garden!§r
16:05:37 §e[SkyHanni] You have gained §b7 §eBits.§r
16:06:51 §e[SkyHanni] You have gained §b7 §eBits.§r
16:06:55 §e[SkyHanni] You have gained §b14 §eBits.§r
16:07:48 §e[SkyHanni] You have gained §b7 §eBits.§r
16:07:57 §e[SkyHanni] You have gained §b7 §eBits.§r
16:08:18 §e[SkyHanni] You have gained §b7 §eBits.§r
16:08:37 §e[SkyHanni] You have gained §b7 §eBits.§r
16:09:01 §e[SkyHanni] §cYour Organic Matter is low!§r
16:11:34 §e[SkyHanni] §aOringo §eis visiting your garden!§r
16:14:02 §e[SkyHanni] §cYour Organic Matter is low!§r
16:15:11 §e[SkyHanni] §aAlchemist §eis visiting your garden!§r
16:18:17 §e[SkyHanni] §9Tammy §eis visiting your garden!§r
16:19:02 §e[SkyHanni] §cYour Organic Matter is low!§r
16:21:20 §e[SkyHanni] §aPest Wrangler §eis visiting your garden!§r
16:24:02 §e[SkyHanni] §cYour Organic Matter is low!§r
16:24:29 §e[SkyHanni] §aOdawa §eis visiting your garden!§r
16:29:03 §e[SkyHanni] §cYour Organic Matter is low!§r
16:30:08 §e[SkyHanni] You have gained §b350 §eBits.§r
16:35:24 §e[SkyHanni] You have gained §b7 §eBits.§r
16:35:26 §e[SkyHanni] §aFriendly Hiker §eis visiting your garden!§r
16:35:27 §e[SkyHanni] You have gained §b7 §eBits.§r
16:35:41 §e[SkyHanni] §cYour Organic Matter is low!§r
16:35:47 §e[SkyHanni] You have gained §b14 §eBits.§r
16:37:07 §e[SkyHanni] You have gained §b7 §eBits.§r
16:38:42 §e[SkyHanni] You have gained §b7 §eBits.§r
16:38:53 §e[SkyHanni] You have gained §b7 §eBits.§r
16:39:06 §e[SkyHanni] You have gained §b7 §eBits.§r
16:39:17 §e[SkyHanni] You have gained §b14 §eBits.§r
16:42:27 §e[SkyHanni] §aLynn §eis visiting your garden!§r
17:03:48 §e[SkyHanni] §cYour Organic Matter is low!§r
17:03:48 §e[SkyHanni] §9Emissary Sisko §eis visiting your garden!§r
17:03:48 §e[SkyHanni] §aRhys §eis visiting your garden!§r
17:03:53 §e[SkyHanni] You have gained §b350 §eBits.§r
17:04:15 §e[SkyHanni] §9Emissary Sisko §eis visiting your garden!§r
17:08:59 §e[SkyHanni] You have gained §b7 §eBits.§r
17:09:01 §e[SkyHanni] You have gained §b7 §eBits.§r
17:09:31 §e[SkyHanni] You have gained §b7 §eBits.§r
17:10:09 §e[SkyHanni] You have gained §b7 §eBits.§r
17:10:49 §e[SkyHanni] You have gained §b14 §eBits.§r
17:10:57 §e[SkyHanni] §cYour Organic Matter is low!§r
17:34:31 §e[SkyHanni] You have gained §b350 §eBits.§r
18:04:43 §e[SkyHanni] You have gained §b350 §eBits.§r
