12:21:44 Visitor status change for '§aHungry Hiker': NEW -> WAITING (tooltipMissingItems)
12:21:46 Visitor status change for '§aHungry Hiker': WAITING -> REFUSED (refused)
12:21:47 Visitor status change for '§aTerry': NEW -> WAITING (tooltipMissingItems)
12:21:48 Visitor status change for '§aTerry': WAITING -> REFUSED (refused)
12:21:49 Visitor status change for '§9Lumina': NEW -> WAITING (tooltipMissingItems)
12:21:53 Visitor status change for '§9Lumina': WAITING -> REFUSED (refused)
12:21:55 Visitor status change for '§aOringo': NEW -> READY (tooltipClickToGive)
12:21:56 Visitor status change for '§aOringo': READY -> ACCEPTED (accepted)
12:21:57 Visitor status change for '§aFriendly Hiker': NEW -> WAITING (tooltipMissingItems)
12:21:58 Visitor status change for '§aFriendly Hiker': WAITING -> REFUSED (refused)
12:29:41 Visitor status change for '§aOdawa': NEW -> WAITING (tooltipMissingItems)
12:29:42 Visitor status change for '§aOdawa': WAITING -> REFUSED (refused)
12:43:21 Visitor status change for '§6Madame Eleanor Q. Goldsworth III': NEW -> WAITING (tooltipMissingItems)
12:44:29 Visitor status change for '§6Madame Eleanor Q. Goldsworth III': WAITING -> READY (tooltipClickToGive)
12:44:29 Visitor status change for '§6Madame Eleanor Q. Goldsworth III': READY -> WAITING (noLongerHasItems)
12:44:30 Visitor status change for '§6Madame Eleanor Q. Goldsworth III': WAITING -> READY (hasItems)
12:44:30 Visitor status change for '§6Madame Eleanor Q. Goldsworth III': READY -> ACCEPTED (accepted)
13:29:44 Visitor status change for '§9Gold Forger': NEW -> WAITING (tooltipMissingItems)
13:29:45 Visitor status change for '§9Gold Forger': WAITING -> REFUSED (refused)
13:29:47 Visitor status change for '§aStella': NEW -> WAITING (tooltipMissingItems)
13:29:50 Visitor status change for '§aFelix': NEW -> WAITING (tooltipMissingItems)
13:29:53 Visitor status change for '§9Seymour': NEW -> WAITING (tooltipMissingItems)
13:30:05 Visitor status change for '§aStella': WAITING -> READY (hasItems)
13:30:24 Visitor status change for '§9Seymour': WAITING -> READY (hasItems)
13:30:25 Visitor status change for '§aStella': READY -> ACCEPTED (accepted)
13:30:58 Visitor status change for '§aFelix': WAITING -> READY (hasItems)
13:31:01 Visitor status change for '§9Seymour': READY -> ACCEPTED (accepted)
13:31:03 Visitor status change for '§aFelix': READY -> ACCEPTED (accepted)
13:46:06 Visitor status change for '§6Jerry': NEW -> WAITING (tooltipMissingItems)
13:46:18 Visitor status change for '§6Jerry': WAITING -> READY (hasItems)
13:46:22 Visitor status change for '§6Jerry': READY -> ACCEPTED (accepted)
15:00:51 Visitor status change for '§aGuy': NEW -> WAITING (tooltipMissingItems)
15:00:53 Visitor status change for '§aMason': NEW -> WAITING (tooltipMissingItems)
15:00:55 Visitor status change for '§aJamie': NEW -> WAITING (tooltipMissingItems)
15:00:56 Visitor status change for '§9Puzzler': NEW -> WAITING (tooltipMissingItems)
15:00:58 Visitor status change for '§aStella': NEW -> WAITING (tooltipMissingItems)
15:01:11 Visitor status change for '§aJamie': WAITING -> READY (hasItems)
15:01:23 Visitor status change for '§aStella': WAITING -> READY (hasItems)
15:02:02 Visitor status change for '§aGuy': WAITING -> READY (hasItems)
15:02:04 Visitor status change for '§aStella': READY -> ACCEPTED (accepted)
15:02:09 Visitor status change for '§aJamie': READY -> ACCEPTED (accepted)
15:02:13 Visitor status change for '§aGuy': READY -> ACCEPTED (accepted)
15:02:17 Visitor status change for '§6Pest Wrangler?': NEW -> WAITING (tooltipMissingItems)
15:02:30 Visitor status change for '§6Pest Wrangler?': WAITING -> READY (hasItems)
15:02:31 Visitor status change for '§6Pest Wrangler?': READY -> ACCEPTED (accepted)
15:03:16 Visitor status change for '§aMason': WAITING -> READY (hasItems)
15:03:16 Visitor status change for '§9Puzzler': WAITING -> READY (hasItems)
15:03:23 Visitor status change for '§9Puzzler': READY -> ACCEPTED (accepted)
15:03:25 Visitor status change for '§aMason': READY -> ACCEPTED (accepted)
15:36:27 Visitor status change for '§aLeo': NEW -> WAITING (tooltipMissingItems)
15:36:29 Visitor status change for '§aOdawa': NEW -> WAITING (tooltipMissingItems)
15:36:32 Visitor status change for '§aVex': NEW -> WAITING (tooltipMissingItems)
15:36:33 Visitor status change for '§aGeonathan Greatforge': NEW -> WAITING (tooltipMissingItems)
15:36:33 Visitor status change for '§aGeonathan Greatforge': WAITING -> READY (hasItems)
15:36:34 Visitor status change for '§9Lumina': NEW -> WAITING (tooltipMissingItems)
15:36:39 Visitor status change for '§aGeonathan Greatforge': READY -> WAITING (tooltipMissingItems)
15:36:39 Visitor status change for '§aGeonathan Greatforge': WAITING -> READY (hasItems)
15:36:50 Visitor status change for '§aGeonathan Greatforge': READY -> ACCEPTED (accepted)
15:36:59 Visitor status change for '§aFelix': NEW -> WAITING (tooltipMissingItems)
15:37:21 Visitor status change for '§aLeo': WAITING -> READY (hasItems)
15:37:32 Visitor status change for '§aFelix': WAITING -> READY (hasItems)
15:37:45 Visitor status change for '§aVex': WAITING -> READY (hasItems)
15:38:01 Visitor status change for '§9Lumina': WAITING -> READY (hasItems)
15:38:01 Visitor status change for '§aOdawa': WAITING -> READY (hasItems)
15:38:03 Visitor status change for '§9Lumina': READY -> ACCEPTED (accepted)
15:38:04 Visitor status change for '§aVex': READY -> ACCEPTED (accepted)
15:38:07 Visitor status change for '§aOdawa': READY -> ACCEPTED (accepted)
15:38:09 Visitor status change for '§aLeo': READY -> ACCEPTED (accepted)
15:38:10 Visitor status change for '§aFelix': READY -> ACCEPTED (accepted)
16:04:35 Visitor status change for '§6Pest Wrangler?': NEW -> WAITING (tooltipMissingItems)
16:04:40 Visitor status change for '§aFelix': NEW -> READY (tooltipClickToGive)
16:04:41 Visitor status change for '§aFelix': READY -> ACCEPTED (accepted)
16:04:42 Visitor status change for '§aMason': NEW -> WAITING (tooltipMissingItems)
16:04:45 Visitor status change for '§9Seymour': NEW -> WAITING (tooltipMissingItems)
16:04:47 Visitor status change for '§aFriendly Hiker': NEW -> WAITING (tooltipMissingItems)
16:04:50 Visitor status change for '§aLibrarian': NEW -> WAITING (tooltipMissingItems)
16:05:27 Visitor status change for '§6Pest Wrangler?': WAITING -> READY (hasItems)
16:05:36 Visitor status change for '§6Pest Wrangler?': READY -> ACCEPTED (accepted)
16:05:57 Visitor status change for '§aFriendly Hiker': WAITING -> REFUSED (refused)
16:06:26 Visitor status change for '§aMason': WAITING -> READY (hasItems)
16:06:34 Visitor status change for '§9Seymour': WAITING -> READY (hasItems)
16:06:35 Visitor status change for '§aMason': READY -> WAITING (noLongerHasItems)
16:06:36 Visitor status change for '§aMason': WAITING -> READY (hasItems)
16:06:49 Visitor status change for '§aLibrarian': WAITING -> READY (hasItems)
16:06:50 Visitor status change for '§aLibrarian': READY -> ACCEPTED (accepted)
16:06:53 Visitor status change for '§9Seymour': READY -> ACCEPTED (accepted)
16:06:55 Visitor status change for '§aMason': READY -> ACCEPTED (accepted)
16:35:12 Visitor status change for '§aOringo': NEW -> READY (tooltipClickToGive)
16:35:14 Visitor status change for '§aAlchemist': NEW -> WAITING (tooltipMissingItems)
16:35:16 Visitor status change for '§9Tammy': NEW -> WAITING (tooltipMissingItems)
16:35:18 Visitor status change for '§aPest Wrangler': NEW -> WAITING (tooltipMissingItems)
16:35:18 Visitor status change for '§aPest Wrangler': WAITING -> READY (hasItems)
16:35:19 Visitor status change for '§aOdawa': NEW -> READY (tooltipClickToGive)
16:35:20 Visitor status change for '§aOdawa': READY -> ACCEPTED (accepted)
16:35:27 Visitor status change for '§aOringo': READY -> ACCEPTED (accepted)
16:35:29 Visitor status change for '§aFriendly Hiker': NEW -> WAITING (tooltipMissingItems)
16:35:34 Visitor status change for '§aPest Wrangler': READY -> WAITING (tooltipMissingItems)
16:35:34 Visitor status change for '§aPest Wrangler': WAITING -> READY (hasItems)
16:35:34 Visitor status change for '§aPest Wrangler': READY -> WAITING (tooltipMissingItems)
16:35:34 Visitor status change for '§aPest Wrangler': WAITING -> READY (hasItems)
16:35:46 Visitor status change for '§aPest Wrangler': READY -> ACCEPTED (accepted)
16:36:37 Visitor status change for '§aAlchemist': WAITING -> REFUSED (refused)
16:36:45 Visitor status change for '§9Tammy': WAITING -> REFUSED (refused)
16:37:05 Visitor status change for '§aFriendly Hiker': WAITING -> READY (hasItems)
16:37:06 Visitor status change for '§aFriendly Hiker': READY -> ACCEPTED (accepted)
17:03:57 Visitor status change for '§aRhys': NEW -> WAITING (tooltipMissingItems)
17:04:01 Visitor status change for '§aRhys': WAITING -> REFUSED (refused)
17:04:03 Visitor status change for '§9Emissary Sisko': NEW -> WAITING (tooltipMissingItems)
17:04:08 Visitor status change for '§aLynn': NEW -> WAITING (tooltipMissingItems)
17:04:10 Visitor status change for '§aLynn': WAITING -> REFUSED (refused)
17:04:15 Visitor status change for '§9Emissary Sisko': NEW -> WAITING (tooltipMissingItems)
17:04:18 Visitor status change for '§9Emissary Sisko': WAITING -> REFUSED (refused)
