12:21:52 Removed old visitor: '§aTerry'
12:21:52 Removed old visitor: '§aHungry Hiker'
12:21:58 Removed old visitor: '§9Lumina'
12:22:01 Removed old visitor: '§aOringo'
12:22:04 Removed old visitor: '§aFriendly Hiker'
12:29:47 Removed old visitor: '§aOdawa'
12:44:34 Removed old visitor: '§6Madame Eleanor Q. Goldsworth III'
13:29:51 Removed old visitor: '§9Gold Forger'
13:30:30 Removed old visitor: '§aStella'
13:31:06 Removed old visitor: '§9Seymour'
13:31:09 Removed old visitor: '§aFelix'
13:46:25 Removed old visitor: '§6Jerry'
15:02:08 Removed old visitor: '§aStella'
15:02:14 Removed old visitor: '§aJamie'
15:02:17 Removed old visitor: '§aGuy'
15:02:35 Removed old visitor: '§6Pest Wrangler?'
15:03:26 Removed old visitor: '§9Puzzler'
15:03:29 Removed old visitor: '§aMason'
15:36:55 Removed old visitor: '§aGeonathan Greatforge'
15:38:07 Removed old visitor: '§9Lumina'
15:38:10 Removed old visitor: '§aVex'
15:38:13 Removed old visitor: '§aOdawa'
15:38:13 Removed old visitor: '§aLeo'
15:38:16 Removed old visitor: '§aFelix'
16:04:46 Removed old visitor: '§aFelix'
16:05:40 Removed old visitor: '§6Pest Wrangler?'
16:06:01 Removed old visitor: '§aFriendly Hiker'
16:06:55 Removed old visitor: '§aLibrarian'
16:06:58 Removed old visitor: '§aMason'
16:06:58 Removed old visitor: '§9Seymour'
16:35:26 Removed old visitor: '§aOdawa'
16:35:32 Removed old visitor: '§aOringo'
16:35:50 Removed old visitor: '§aPest Wrangler'
16:36:41 Removed old visitor: '§aAlchemist'
16:36:50 Removed old visitor: '§9Tammy'
16:37:11 Removed old visitor: '§aFriendly Hiker'
17:04:06 Removed old visitor: '§aRhys'
17:04:15 Removed old visitor: '§9Emissary Sisko'
17:04:15 Removed old visitor: '§aLynn'
17:04:24 Removed old visitor: '§9Emissary Sisko'
