10:50:19 §e[SkyHanni] §aSkyHanni found a new update: 0.27 Beta 2. Check §b/sh download update §afor more info.§r
10:52:41 §e[SkyHanni] Wrong slayer selected! You have Voidgloom Seraph selected and you are in an Revenant Horror area!§r
10:54:49 §e[SkyHanni] §b+3 SkyBlock XP §7(Pet Score§7)§b (62/100)§r
11:02:50 §e[SkyHanni] §b+1 SkyBlock XP §7(HOTM Progression§7)§b (63/100)§r
11:23:19 §e[SkyHanni] §b+1 SkyBlock XP §7(HOTM Progression§7)§b (64/100)§r
11:23:51 §e[SkyHanni] §b+1 SkyBlock XP §7(HOTM Progression§7)§b (65/100)§r
12:01:53 §e[SkyHanni] §b+1 SkyBlock XP §7(HOTM Progression§7)§b (68/100)§r
12:05:46 §e[SkyHanni] §b+1 SkyBlock XP §7(HOTM Progression§7)§b (69/100)§r
12:09:29 §e[SkyHanni] Mark NEU Heavy Pearls as done.§r
12:58:15 §e[SkyHanni] §b+1 SkyBlock XP §7(HOTM Progression§7)§b (71/100)§r
14:40:09 §e[SkyHanni] §b+15 SkyBlock XP §7(Pet Score§7)§b (86/100)§r
15:32:31 §e[SkyHanni] You have gained §b350 §eBits.§r
15:55:08 §e[SkyHanni] §b+1 SkyBlock XP §7(HOTM Progression§7)§b (91/100)§r
16:02:50 §e[SkyHanni] You have gained §b350 §eBits.§r
16:06:20 §e[SkyHanni] §b+1 SkyBlock XP §7(HOTM Progression§7)§b (93/100)§r
16:19:59 §e[SkyHanni] §b+1 SkyBlock XP §7(HOTM Progression§7)§b (95/100)§r
16:27:35 §e[SkyHanni] §b+1 SkyBlock XP §7(HOTM Progression§7)§b (96/100)§r
16:33:12 §e[SkyHanni] You have gained §b350 §eBits.§r
16:43:33 §e[SkyHanni] §b+1 SkyBlock XP §7(HOTM Progression§7)§b (98/100)§r
17:03:32 §e[SkyHanni] You have gained §b350 §eBits.§r
17:33:51 §e[SkyHanni] You have gained §b350 §eBits.§r
17:35:37 §e[SkyHanni] §b+1 SkyBlock XP §7(HOTM Progression§7)§b (99/100)§r
17:52:03 §e[SkyHanni] §b+1 SkyBlock XP §7(HOTM Progression§7)§b (1/100)§r
18:04:17 §e[SkyHanni] You have gained §b350 §eBits.§r
18:18:52 §e[SkyHanni] §b+1 SkyBlock XP §7(HOTM Progression§7)§b (3/100)§r
18:34:41 §e[SkyHanni] You have gained §b350 §eBits.§r
19:05:06 §e[SkyHanni] You have gained §b350 §eBits.§r
19:35:13 §e[SkyHanni] You have gained §b350 §eBits.§r
20:06:53 §e[SkyHanni] §fYou were in Limbo for §e9m 28s§f.§r
20:06:57 §e[SkyHanni] §cYour Time Tower just expired and has 2 charges remaining. Click here to use one.§r
20:07:07 §e[SkyHanni] You have gained §b350 §eBits.§r
20:37:12 §e[SkyHanni] You have gained §b350 §eBits.§r
21:35:28 §e[SkyHanni] You have gained §b350 §eBits.§r
22:01:12 §e[SkyHanni] §b+1 SkyBlock XP §7(HOTM Progression§7)§b (5/100)§r
22:06:05 §e[SkyHanni] You have gained §b350 §eBits.§r
22:18:34 §e[SkyHanni] §b+1 SkyBlock XP §7(HOTM Progression§7)§b (8/100)§r
22:22:49 §e[SkyHanni] You have gained §b7 §eBits.§r
22:27:48 §e[SkyHanni] §b+1 SkyBlock XP §7(HOTM Progression§7)§b (9/100)§r
22:33:36 §e[SkyHanni] §b+1 SkyBlock XP §7(HOTM Progression§7)§b (10/100)§r
22:36:31 §e[SkyHanni] You have gained §b350 §eBits.§r
22:43:52 §e[SkyHanni] §b+1 SkyBlock XP §7(HOTM Progression§7)§b (12/100)§r
23:02:24 §e[SkyHanni] §b+1 SkyBlock XP §7(HOTM Progression§7)§b (15/100)§r
23:03:37 §e[SkyHanni] §b+1 SkyBlock XP §7(HOTM Progression§7)§b (16/100)§r
23:07:05 §e[SkyHanni] You have gained §b350 §eBits.§r
23:37:27 §e[SkyHanni] You have gained §b350 §eBits.§r
00:07:46 §e[SkyHanni] You have gained §b350 §eBits.§r
00:17:08 §e[SkyHanni] §b+1 SkyBlock XP §7(HOTM Progression§7)§b (17/100)§r
00:36:23 §e[SkyHanni] §b+1 SkyBlock XP §7(HOTM Progression§7)§b (20/100)§r
00:38:08 §e[SkyHanni] You have gained §b350 §eBits.§r
01:08:32 §e[SkyHanni] You have gained §b350 §eBits.§r
01:12:42 §e[SkyHanni] §b+1 SkyBlock XP §7(HOTM Progression§7)§b (22/100)§r
01:21:13 §e[SkyHanni] §b+1 SkyBlock XP §7(HOTM Progression§7)§b (23/100)§r
01:34:58 §e[SkyHanni] §b+1 SkyBlock XP §7(HOTM Progression§7)§b (24/100)§r
01:38:54 §e[SkyHanni] §bNo Bits Available! §eClick to buy booster cookies on the bazaar.§r
01:38:54 §e[SkyHanni] You have gained §b63 §eBits.§r
