11:25:51 Trying to load config from config\skyhanni\config.json
11:25:51 Setting config to be blank as it did not exist. It will be saved once something is written to it
11:25:51 Trying to load sacks from config\skyhanni\sacks.json
11:25:51 load-sacks-now
11:25:51 Loaded sacks from file
11:25:51 Trying to load friends from config\skyhanni\friends.json
11:25:51 load-friends-now
11:25:51 Loaded friends from file
11:25:51 Trying to load known_features from config\skyhanni\known_features.json
11:25:51 load-known_features-now
11:25:51 Loaded known_features from file
11:25:51 Trying to load jacob_contests from config\skyhanni\jacob_contests.json
11:25:51 load-jacob_contests-now
11:25:51 Loaded jacob_contests from file
11:25:51 Trying to load visual_words from config\skyhanni\visual_words.json
11:25:51 Setting visual_words to be blank as it did not exist. It will be saved once something is written to it
11:26:51 saveConfig: auto-save-60s
11:26:51 Saving config file
11:27:51 saveConfig: auto-save-60s
11:27:51 Saving config file
11:28:51 saveConfig: auto-save-60s
11:28:51 Saving config file
11:29:51 saveConfig: auto-save-60s
11:29:51 Saving config file
11:30:51 saveConfig: auto-save-60s
11:30:51 Saving config file
11:31:51 saveConfig: auto-save-60s
11:31:51 Saving config file
11:32:51 saveConfig: auto-save-60s
11:32:51 Saving config file
11:33:51 saveConfig: auto-save-60s
11:33:51 Saving config file
11:34:51 saveConfig: auto-save-60s
11:34:51 Saving config file
11:35:51 saveConfig: auto-save-60s
11:35:51 Saving config file
11:36:51 saveConfig: auto-save-60s
11:36:51 Saving config file
11:37:51 saveConfig: auto-save-60s
11:37:51 Saving config file
11:38:51 saveConfig: auto-save-60s
11:38:51 Saving config file
11:39:10 saveConfig: Updated known feature flags
11:39:10 Saving known_features file
11:39:51 saveConfig: auto-save-60s
11:39:51 Saving config file
11:40:51 saveConfig: auto-save-60s
11:40:51 Saving config file
11:41:51 saveConfig: auto-save-60s
11:41:51 Saving config file
11:42:51 saveConfig: auto-save-60s
11:42:51 Saving config file
11:43:51 saveConfig: auto-save-60s
11:43:51 Saving config file
11:44:51 saveConfig: auto-save-60s
11:44:51 Saving config file
11:45:21 saveConfig: close-gui
11:45:21 Saving config file
11:45:21 saveConfig: close-gui
11:45:21 Saving config file
11:45:21 saveConfig: close-gui
11:45:21 Saving config file
11:45:51 saveConfig: auto-save-60s
11:45:51 Saving config file
11:46:51 saveConfig: auto-save-60s
11:46:51 Saving config file
11:47:51 saveConfig: auto-save-60s
11:47:51 Saving config file
11:48:51 saveConfig: auto-save-60s
11:48:51 Saving config file
11:49:51 saveConfig: auto-save-60s
11:49:51 Saving config file
11:50:51 saveConfig: auto-save-60s
11:50:51 Saving config file
11:51:51 saveConfig: auto-save-60s
11:51:51 Saving config file
11:52:51 saveConfig: auto-save-60s
11:52:51 Saving config file
11:53:51 saveConfig: auto-save-60s
11:53:51 Saving config file
11:54:51 saveConfig: auto-save-60s
11:54:51 Saving config file
11:55:51 saveConfig: auto-save-60s
11:55:51 Saving config file
11:56:51 saveConfig: auto-save-60s
11:56:51 Saving config file
11:57:51 saveConfig: auto-save-60s
11:57:51 Saving config file
11:58:51 saveConfig: auto-save-60s
11:58:51 Saving config file
11:59:51 saveConfig: auto-save-60s
11:59:51 Saving config file
12:00:51 saveConfig: auto-save-60s
12:00:51 Saving config file
12:01:51 saveConfig: auto-save-60s
12:01:51 Saving config file
12:02:51 saveConfig: auto-save-60s
12:02:51 Saving config file
12:03:51 saveConfig: auto-save-60s
12:03:51 Saving config file
12:04:51 saveConfig: auto-save-60s
12:04:51 Saving config file
12:05:51 saveConfig: auto-save-60s
12:05:51 Saving config file
12:06:51 saveConfig: auto-save-60s
12:06:51 Saving config file
12:07:51 saveConfig: auto-save-60s
12:07:51 Saving config file
12:08:51 saveConfig: auto-save-60s
12:08:51 Saving config file
12:09:51 saveConfig: auto-save-60s
12:09:51 Saving config file
12:10:51 saveConfig: auto-save-60s
12:10:51 Saving config file
12:11:51 saveConfig: auto-save-60s
12:11:51 Saving config file
12:12:51 saveConfig: auto-save-60s
12:12:51 Saving config file
12:13:51 saveConfig: auto-save-60s
12:13:51 Saving config file
12:14:51 saveConfig: auto-save-60s
12:14:51 Saving config file
12:15:51 saveConfig: auto-save-60s
12:15:51 Saving config file
12:16:19 saveConfig: saving-data
12:16:19 Saving sacks file
12:16:29 saveConfig: saving-data
12:16:29 Saving sacks file
12:16:45 saveConfig: saving-data
12:16:45 Saving sacks file
12:16:51 saveConfig: auto-save-60s
12:16:51 Saving config file
12:16:53 saveConfig: saving-data
12:16:53 Saving sacks file
12:17:05 saveConfig: saving-data
12:17:05 Saving sacks file
12:17:15 saveConfig: saving-data
12:17:15 Saving sacks file
12:17:25 saveConfig: saving-data
12:17:25 Saving sacks file
12:17:32 saveConfig: saving-data
12:17:32 Saving sacks file
12:17:51 saveConfig: auto-save-60s
12:17:51 Saving config file
12:18:51 saveConfig: auto-save-60s
12:18:51 Saving config file
12:19:51 saveConfig: auto-save-60s
12:19:51 Saving config file
12:20:51 saveConfig: auto-save-60s
12:20:51 Saving config file
12:21:51 saveConfig: auto-save-60s
12:21:51 Saving config file
12:22:51 saveConfig: auto-save-60s
12:22:51 Saving config file
12:23:51 saveConfig: auto-save-60s
12:23:51 Saving config file
12:24:51 saveConfig: auto-save-60s
12:24:51 Saving config file
12:25:51 saveConfig: auto-save-60s
12:25:51 Saving config file
12:26:51 saveConfig: auto-save-60s
12:26:51 Saving config file
12:27:51 saveConfig: auto-save-60s
12:27:51 Saving config file
12:28:51 saveConfig: auto-save-60s
12:28:51 Saving config file
12:29:51 saveConfig: auto-save-60s
12:29:51 Saving config file
12:30:51 saveConfig: auto-save-60s
12:30:51 Saving config file
12:31:51 saveConfig: auto-save-60s
12:31:51 Saving config file
12:32:51 saveConfig: auto-save-60s
12:32:51 Saving config file
12:33:51 saveConfig: auto-save-60s
12:33:51 Saving config file
12:34:51 saveConfig: auto-save-60s
12:34:51 Saving config file
12:35:51 saveConfig: auto-save-60s
12:35:51 Saving config file
12:36:51 saveConfig: auto-save-60s
12:36:51 Saving config file
12:37:51 saveConfig: auto-save-60s
12:37:51 Saving config file
12:38:51 saveConfig: auto-save-60s
12:38:51 Saving config file
12:39:51 saveConfig: auto-save-60s
12:39:51 Saving config file
12:40:51 saveConfig: auto-save-60s
12:40:51 Saving config file
12:41:51 saveConfig: auto-save-60s
12:41:51 Saving config file
12:42:51 saveConfig: auto-save-60s
12:42:51 Saving config file
12:43:51 saveConfig: auto-save-60s
12:43:51 Saving config file
12:44:51 saveConfig: auto-save-60s
12:44:51 Saving config file
12:45:51 saveConfig: auto-save-60s
12:45:51 Saving config file
12:46:51 saveConfig: auto-save-60s
12:46:51 Saving config file
12:47:51 saveConfig: auto-save-60s
12:47:51 Saving config file
12:48:51 saveConfig: auto-save-60s
12:48:51 Saving config file
12:49:51 saveConfig: auto-save-60s
12:49:51 Saving config file
12:50:51 saveConfig: auto-save-60s
12:50:51 Saving config file
12:51:51 saveConfig: auto-save-60s
12:51:51 Saving config file
12:52:20 saveConfig: shutdown-hook
12:52:20 Saving config file
