20:00:54 
20:00:54 blocked link because:
20:00:54 isGuiScreen
20:00:54 isNotInSignAndOnSlot
20:00:54 
20:00:54 
20:00:54 blocked link because:
20:00:54 isGuiScreen
20:00:54 isNotInSignAndOnSlot
20:00:54 
20:00:54 
20:00:54 blocked link because:
20:00:54 isGuiScreen
20:00:54 isNotInSignAndOnSlot
20:00:54 
20:00:54 
20:00:54 blocked link because:
20:00:54 isGuiScreen
20:00:54 isNotInSignAndOnSlot
20:00:54 
20:00:55 
20:00:55 blocked link because:
20:00:55 isGuiScreen
20:00:55 isNotInSignAndOnSlot
20:00:55 
20:00:55 
20:00:55 blocked link because:
20:00:55 isGuiScreen
20:00:55 isNotInSignAndOnSlot
20:00:55 
20:00:55 
20:00:55 blocked link because:
20:00:55 isGuiScreen
20:00:55 isNotInSignAndOnSlot
20:00:55 
20:00:55 
20:00:55 blocked link because:
20:00:55 isGuiScreen
20:00:55 isNotInSignAndOnSlot
20:00:55 
20:01:35 
20:01:35 blocked link because:
20:01:35 isGuiScreen
20:01:35 isNotInSignAndOnSlot
20:01:35 
20:01:35 
20:01:35 blocked link because:
20:01:35 isGuiScreen
20:01:35 isNotInSignAndOnSlot
20:01:35 
20:01:35 
20:01:35 blocked link because:
20:01:35 isGuiScreen
20:01:35 isNotInSignAndOnSlot
20:01:35 
20:01:35 
20:01:35 blocked link because:
20:01:35 isGuiScreen
20:01:35 isNotInSignAndOnSlot
20:01:35 
20:01:35 
20:01:35 blocked link because:
20:01:35 isGuiScreen
20:01:35 isNotInSignAndOnSlot
20:01:35 
20:01:35 
20:01:35 blocked link because:
20:01:35 isGuiScreen
20:01:35 isNotInSignAndOnSlot
20:01:35 
20:01:35 
20:01:35 blocked link because:
20:01:35 isGuiScreen
20:01:35 isNotInSignAndOnSlot
20:01:35 
20:01:35 
20:01:35 blocked link because:
20:01:35 isGuiScreen
20:01:35 isNotInSignAndOnSlot
20:01:35 
20:01:35 
20:01:35 blocked link because:
20:01:35 isGuiScreen
20:01:35 isNotInSignAndOnSlot
20:01:35 
20:01:35 
20:01:35 blocked link because:
20:01:35 isGuiScreen
20:01:35 isNotInSignAndOnSlot
20:01:35 
20:02:05 
20:02:05 blocked link because:
20:02:05 isGuiScreen
20:02:05 isNotInSignAndOnSlot
20:02:05 
20:02:05 
20:02:05 blocked link because:
20:02:05 isGuiScreen
20:02:05 isNotInSignAndOnSlot
20:02:05 
20:02:05 
20:02:05 blocked link because:
20:02:05 isGuiScreen
20:02:05 isNotInSignAndOnSlot
20:02:05 
20:02:05 
20:02:05 blocked link because:
20:02:05 isGuiScreen
20:02:05 isNotInSignAndOnSlot
20:02:05 
20:02:05 
20:02:05 blocked link because:
20:02:05 isGuiScreen
20:02:05 isNotInSignAndOnSlot
20:02:05 
20:02:05 
20:02:05 blocked link because:
20:02:05 isGuiScreen
20:02:05 isNotInSignAndOnSlot
20:02:05 
20:02:05 
20:02:05 blocked link because:
20:02:05 isGuiScreen
20:02:05 isNotInSignAndOnSlot
20:02:05 
20:02:05 
20:02:05 blocked link because:
20:02:05 isGuiScreen
20:02:05 isNotInSignAndOnSlot
20:02:05 
20:02:05 
20:02:05 blocked link because:
20:02:05 isGuiScreen
20:02:05 isNotInSignAndOnSlot
20:02:05 
20:02:05 
20:02:05 blocked link because:
20:02:05 isGuiScreen
20:02:05 isNotInSignAndOnSlot
20:02:05 
20:02:05 
20:02:05 blocked link because:
20:02:05 isGuiScreen
20:02:05 isNotInSignAndOnSlot
20:02:05 
20:02:05 
20:02:05 blocked link because:
20:02:05 isGuiScreen
20:02:05 isNotInSignAndOnSlot
20:02:05 
20:02:05 
20:02:05 blocked link because:
20:02:05 isGuiScreen
20:02:05 isNotInSignAndOnSlot
20:02:05 
20:02:05 
20:02:05 blocked link because:
20:02:05 isGuiScreen
20:02:05 isNotInSignAndOnSlot
20:02:05 
20:02:06 
20:02:06 blocked link because:
20:02:06 isGuiScreen
20:02:06 isNotInSignAndOnSlot
20:02:06 
20:02:06 
20:02:06 blocked link because:
20:02:06 isGuiScreen
20:02:06 isNotInSignAndOnSlot
20:02:06 
20:02:06 
20:02:06 blocked link because:
20:02:06 isGuiScreen
20:02:06 isNotInSignAndOnSlot
20:02:06 
20:02:06 
20:02:06 blocked link because:
20:02:06 isGuiScreen
20:02:06 isNotInSignAndOnSlot
20:02:06 
20:02:06 
20:02:06 blocked link because:
20:02:06 isGuiScreen
20:02:06 isNotInSignAndOnSlot
20:02:06 
20:02:06 
20:02:06 blocked link because:
20:02:06 isGuiScreen
20:02:06 isNotInSignAndOnSlot
20:02:06 
20:02:06 
20:02:06 blocked link because:
20:02:06 isGuiScreen
20:02:06 isNotInSignAndOnSlot
20:02:06 
20:02:06 
20:02:06 blocked link because:
20:02:06 isGuiScreen
20:02:06 isNotInSignAndOnSlot
20:02:06 
20:02:06 
20:02:06 blocked link because:
20:02:06 isGuiScreen
20:02:06 isNotInSignAndOnSlot
20:02:06 
20:02:06 
20:02:06 blocked link because:
20:02:06 isGuiScreen
20:02:06 isNotInSignAndOnSlot
20:02:06 
20:02:06 
20:02:06 blocked link because:
20:02:06 isGuiScreen
20:02:06 isNotInSignAndOnSlot
20:02:06 
20:02:06 
20:02:06 blocked link because:
20:02:06 isGuiScreen
20:02:06 isNotInSignAndOnSlot
20:02:06 
20:02:06 
20:02:06 blocked link because:
20:02:06 isGuiScreen
20:02:06 isNotInSignAndOnSlot
20:02:06 
20:02:06 
20:02:06 blocked link because:
20:02:06 isGuiScreen
20:02:06 isNotInSignAndOnSlot
20:02:06 
20:02:08 
20:02:08 blocked link because:
20:02:08 isGuiScreen
20:02:08 isNotInSignAndOnSlot
20:02:08 
20:02:08 
20:02:08 blocked link because:
20:02:08 isGuiScreen
20:02:08 isNotInSignAndOnSlot
20:02:08 
20:02:08 
20:02:08 blocked link because:
20:02:08 isGuiScreen
20:02:08 isNotInSignAndOnSlot
20:02:08 
20:02:08 
20:02:08 blocked link because:
20:02:08 isGuiScreen
20:02:08 isNotInSignAndOnSlot
20:02:08 
20:02:08 
20:02:08 blocked link because:
20:02:08 isGuiScreen
20:02:08 isNotInSignAndOnSlot
20:02:08 
20:02:08 
20:02:08 blocked link because:
20:02:08 isGuiScreen
20:02:08 isNotInSignAndOnSlot
20:02:08 
20:06:14 
20:06:14 blocked link because:
20:06:14 isGuiScreen
20:06:14 
20:06:14 
20:06:14 blocked link because:
20:06:14 isGuiScreen
20:06:14 
20:06:14 
20:06:14 blocked link because:
20:06:14 isGuiScreen
20:06:14 
20:06:14 
20:06:14 blocked link because:
20:06:14 isGuiScreen
20:06:14 
20:06:34 
20:06:34 blocked link because:
20:06:34 isGuiScreen
20:06:34 
20:06:34 
20:06:34 blocked link because:
20:06:34 isGuiScreen
20:06:34 
20:06:50 
20:06:50 blocked link because:
20:06:50 isGuiScreen
20:06:50 
20:06:50 
20:06:50 blocked link because:
20:06:50 isGuiScreen
20:06:50 
20:06:50 
20:06:50 blocked link because:
20:06:50 isGuiScreen
20:06:50 
20:06:50 
20:06:50 blocked link because:
20:06:50 isGuiScreen
20:06:50 
20:06:50 
20:06:50 blocked link because:
20:06:50 isGuiScreen
20:06:50 
20:06:50 
20:06:50 blocked link because:
20:06:50 isGuiScreen
20:06:50 
20:06:50 
20:06:50 blocked link because:
20:06:50 isGuiScreen
20:06:50 
20:06:50 
20:06:50 blocked link because:
20:06:50 isGuiScreen
20:06:50 
20:06:50 
20:06:50 blocked link because:
20:06:50 isGuiScreen
20:06:50 
20:06:50 
20:06:50 blocked link because:
20:06:50 isGuiScreen
20:06:50 
20:06:50 
20:06:50 blocked link because:
20:06:50 isGuiScreen
20:06:50 
20:06:50 
20:06:50 blocked link because:
20:06:50 isGuiScreen
20:06:50 
20:06:50 
20:06:50 blocked link because:
20:06:50 isGuiScreen
20:06:50 
20:06:50 
20:06:50 blocked link because:
20:06:50 isGuiScreen
20:06:50 
20:06:50 
20:06:50 blocked link because:
20:06:50 isGuiScreen
20:06:50 
20:06:50 
20:06:50 blocked link because:
20:06:50 isGuiScreen
20:06:50 
20:06:51 
20:06:51 blocked link because:
20:06:51 isGuiScreen
20:06:51 
20:06:51 
20:06:51 blocked link because:
20:06:51 isGuiScreen
20:06:51 
20:06:51 
20:06:51 blocked link because:
20:06:51 isGuiScreen
20:06:51 
20:06:51 
20:06:51 blocked link because:
20:06:51 isGuiScreen
20:06:51 
20:06:51 
20:06:51 blocked link because:
20:06:51 isGuiScreen
20:06:51 
20:06:51 
20:06:51 blocked link because:
20:06:51 isGuiScreen
20:06:51 
20:11:42 
20:11:42 blocked link because:
20:11:42 isGuiScreen
20:11:42 isNotInSignAndOnSlot
20:11:42 
20:11:42 
20:11:42 blocked link because:
20:11:42 isGuiScreen
20:11:42 isNotInSignAndOnSlot
20:11:42 
20:11:42 
20:11:42 blocked link because:
20:11:42 isGuiScreen
20:11:42 isNotInSignAndOnSlot
20:11:42 
20:11:42 
20:11:42 blocked link because:
20:11:42 isGuiScreen
20:11:42 isNotInSignAndOnSlot
20:11:42 
20:11:43 
20:11:43 blocked link because:
20:11:43 isGuiScreen
20:11:43 isNotInSignAndOnSlot
20:11:43 
20:11:43 
20:11:43 blocked link because:
20:11:43 isGuiScreen
20:11:43 isNotInSignAndOnSlot
20:11:43 
20:11:43 
20:11:43 blocked link because:
20:11:43 isGuiScreen
20:11:43 isNotInSignAndOnSlot
20:11:43 
20:11:43 
20:11:43 blocked link because:
20:11:43 isGuiScreen
20:11:43 isNotInSignAndOnSlot
20:11:43 
20:12:46 
20:12:46 blocked link because:
20:12:46 isGuiScreen
20:12:46 isNotInSignAndOnSlot
20:12:46 
20:12:46 
20:12:46 blocked link because:
20:12:46 isGuiScreen
20:12:46 isNotInSignAndOnSlot
20:12:46 
20:12:46 
20:12:46 blocked link because:
20:12:46 isGuiScreen
20:12:46 isNotInSignAndOnSlot
20:12:46 
20:12:46 
20:12:46 blocked link because:
20:12:46 isGuiScreen
20:12:46 isNotInSignAndOnSlot
20:12:46 
22:12:42 allowed click
22:12:42 allowed click
