11:40:32 Trying to load config from config\skyhanni\config.json
11:40:32 load-config-now
11:40:32 Loaded config from file
11:40:32 Trying to load sacks from config\skyhanni\sacks.json
11:40:32 load-sacks-now
11:40:32 Loaded sacks from file
11:40:32 Trying to load friends from config\skyhanni\friends.json
11:40:32 load-friends-now
11:40:32 Loaded friends from file
11:40:32 Trying to load known_features from config\skyhanni\known_features.json
11:40:32 load-known_features-now
11:40:32 Loaded known_features from file
11:40:32 Trying to load jacob_contests from config\skyhanni\jacob_contests.json
11:40:32 load-jacob_contests-now
11:40:32 Loaded jacob_contests from file
11:40:32 Trying to load visual_words from config\skyhanni\visual_words.json
11:40:32 Setting visual_words to be blank as it did not exist. It will be saved once something is written to it
11:41:32 saveConfig: auto-save-60s
11:41:32 Saving config file
11:42:32 saveConfig: auto-save-60s
11:42:32 Saving config file
11:43:32 saveConfig: auto-save-60s
11:43:32 Saving config file
11:44:32 saveConfig: auto-save-60s
11:44:32 Saving config file
11:45:32 saveConfig: auto-save-60s
11:45:32 Saving config file
11:46:32 saveConfig: auto-save-60s
11:46:32 Saving config file
11:47:32 saveConfig: auto-save-60s
11:47:32 Saving config file
11:48:32 saveConfig: auto-save-60s
11:48:32 Saving config file
11:49:32 saveConfig: auto-save-60s
11:49:32 Saving config file
11:50:32 saveConfig: auto-save-60s
11:50:32 Saving config file
11:51:32 saveConfig: auto-save-60s
11:51:32 Saving config file
11:52:32 saveConfig: auto-save-60s
11:52:32 Saving config file
11:53:32 saveConfig: auto-save-60s
11:53:32 Saving config file
11:54:32 saveConfig: auto-save-60s
11:54:32 Saving config file
11:54:54 saveConfig: Updated known feature flags
11:54:54 Saving known_features file
11:55:32 saveConfig: auto-save-60s
11:55:32 Saving config file
11:56:32 saveConfig: auto-save-60s
11:56:32 Saving config file
11:57:32 saveConfig: auto-save-60s
11:57:32 Saving config file
11:58:32 saveConfig: auto-save-60s
11:58:32 Saving config file
11:59:32 saveConfig: auto-save-60s
11:59:32 Saving config file
12:00:32 saveConfig: auto-save-60s
12:00:32 Saving config file
12:01:32 saveConfig: auto-save-60s
12:01:32 Saving config file
12:02:32 saveConfig: auto-save-60s
12:02:32 Saving config file
12:03:32 saveConfig: auto-save-60s
12:03:32 Saving config file
12:04:32 saveConfig: auto-save-60s
12:04:32 Saving config file
12:05:32 saveConfig: auto-save-60s
12:05:32 Saving config file
12:06:32 saveConfig: auto-save-60s
12:06:32 Saving config file
12:07:32 saveConfig: auto-save-60s
12:07:32 Saving config file
12:08:32 saveConfig: auto-save-60s
12:08:32 Saving config file
12:09:32 saveConfig: auto-save-60s
12:09:32 Saving config file
12:10:32 saveConfig: auto-save-60s
12:10:32 Saving config file
12:11:32 saveConfig: auto-save-60s
12:11:32 Saving config file
12:12:32 saveConfig: auto-save-60s
12:12:32 Saving config file
12:13:32 saveConfig: auto-save-60s
12:13:32 Saving config file
12:14:32 saveConfig: auto-save-60s
12:14:32 Saving config file
12:15:32 saveConfig: auto-save-60s
12:15:32 Saving config file
12:16:32 saveConfig: auto-save-60s
12:16:32 Saving config file
12:17:32 saveConfig: auto-save-60s
12:17:32 Saving config file
12:18:32 saveConfig: auto-save-60s
12:18:32 Saving config file
12:19:32 saveConfig: auto-save-60s
12:19:32 Saving config file
12:20:32 saveConfig: auto-save-60s
12:20:32 Saving config file
12:21:32 saveConfig: auto-save-60s
12:21:32 Saving config file
12:22:32 saveConfig: auto-save-60s
12:22:32 Saving config file
12:23:32 saveConfig: auto-save-60s
12:23:32 Saving config file
12:24:32 saveConfig: auto-save-60s
12:24:32 Saving config file
12:25:32 saveConfig: auto-save-60s
12:25:32 Saving config file
12:26:32 saveConfig: auto-save-60s
12:26:32 Saving config file
12:27:32 saveConfig: auto-save-60s
12:27:32 Saving config file
12:28:32 saveConfig: auto-save-60s
12:28:32 Saving config file
12:29:32 saveConfig: auto-save-60s
12:29:32 Saving config file
12:30:32 saveConfig: auto-save-60s
12:30:32 Saving config file
12:31:32 saveConfig: auto-save-60s
12:31:32 Saving config file
12:32:32 saveConfig: auto-save-60s
12:32:32 Saving config file
12:33:32 saveConfig: auto-save-60s
12:33:32 Saving config file
12:34:32 saveConfig: auto-save-60s
12:34:32 Saving config file
12:35:32 saveConfig: auto-save-60s
12:35:32 Saving config file
12:36:32 saveConfig: auto-save-60s
12:36:32 Saving config file
12:37:32 saveConfig: auto-save-60s
12:37:32 Saving config file
12:38:32 saveConfig: auto-save-60s
12:38:32 Saving config file
12:39:32 saveConfig: auto-save-60s
12:39:32 Saving config file
12:40:32 saveConfig: auto-save-60s
12:40:32 Saving config file
12:41:32 saveConfig: auto-save-60s
12:41:32 Saving config file
12:42:32 saveConfig: auto-save-60s
12:42:32 Saving config file
12:43:32 saveConfig: auto-save-60s
12:43:32 Saving config file
12:44:32 saveConfig: auto-save-60s
12:44:32 Saving config file
12:45:32 saveConfig: auto-save-60s
12:45:32 Saving config file
12:46:32 saveConfig: auto-save-60s
12:46:32 Saving config file
12:47:32 saveConfig: auto-save-60s
12:47:32 Saving config file
12:48:32 saveConfig: auto-save-60s
12:48:32 Saving config file
12:49:32 saveConfig: auto-save-60s
12:49:32 Saving config file
12:50:32 saveConfig: auto-save-60s
12:50:32 Saving config file
12:51:32 saveConfig: auto-save-60s
12:51:32 Saving config file
12:52:32 saveConfig: auto-save-60s
12:52:32 Saving config file
12:52:44 saveConfig: saving-data
12:52:44 Saving sacks file
12:52:55 saveConfig: saving-data
12:52:55 Saving sacks file
12:53:32 saveConfig: auto-save-60s
12:53:32 Saving config file
12:53:33 saveConfig: saving-data
12:53:33 Saving sacks file
12:54:01 saveConfig: saving-data
12:54:01 Saving sacks file
12:54:32 saveConfig: auto-save-60s
12:54:32 Saving config file
12:54:38 saveConfig: saving-data
12:54:38 Saving sacks file
12:55:09 saveConfig: saving-data
12:55:09 Saving sacks file
12:55:32 saveConfig: auto-save-60s
12:55:32 Saving config file
12:55:49 saveConfig: saving-data
12:55:49 Saving sacks file
12:56:17 saveConfig: saving-data
12:56:17 Saving sacks file
12:56:32 saveConfig: auto-save-60s
12:56:32 Saving config file
12:57:04 saveConfig: saving-data
12:57:04 Saving sacks file
12:57:32 saveConfig: auto-save-60s
12:57:32 Saving config file
12:57:41 saveConfig: saving-data
12:57:41 Saving sacks file
12:57:58 saveConfig: saving-data
12:57:58 Saving sacks file
12:58:14 saveConfig: saving-data
12:58:14 Saving sacks file
12:58:32 saveConfig: auto-save-60s
12:58:32 Saving config file
12:58:46 saveConfig: saving-data
12:58:46 Saving sacks file
12:59:17 saveConfig: saving-data
12:59:17 Saving sacks file
12:59:32 saveConfig: auto-save-60s
12:59:32 Saving config file
12:59:41 saveConfig: saving-data
12:59:41 Saving sacks file
13:00:32 saveConfig: auto-save-60s
13:00:32 Saving config file
13:00:37 saveConfig: saving-data
13:00:37 Saving sacks file
13:00:45 saveConfig: saving-data
13:00:45 Saving sacks file
13:00:56 saveConfig: saving-data
13:00:56 Saving sacks file
13:01:32 saveConfig: auto-save-60s
13:01:32 Saving config file
13:02:00 saveConfig: saving-data
13:02:00 Saving sacks file
13:02:09 saveConfig: saving-data
13:02:09 Saving sacks file
13:02:32 saveConfig: auto-save-60s
13:02:32 Saving config file
13:02:33 saveConfig: saving-data
13:02:33 Saving sacks file
13:03:13 saveConfig: saving-data
13:03:13 Saving sacks file
13:03:23 saveConfig: saving-data
13:03:23 Saving sacks file
13:03:32 saveConfig: auto-save-60s
13:03:32 Saving config file
13:04:07 saveConfig: saving-data
13:04:07 Saving sacks file
13:04:32 saveConfig: auto-save-60s
13:04:32 Saving config file
13:04:41 saveConfig: saving-data
13:04:41 Saving sacks file
13:05:32 saveConfig: auto-save-60s
13:05:32 Saving config file
13:06:03 saveConfig: saving-data
13:06:03 Saving sacks file
13:06:32 saveConfig: auto-save-60s
13:06:32 Saving config file
13:06:40 saveConfig: saving-data
13:06:40 Saving sacks file
13:07:12 saveConfig: saving-data
13:07:12 Saving sacks file
13:07:27 saveConfig: saving-data
13:07:27 Saving sacks file
13:07:32 saveConfig: auto-save-60s
13:07:32 Saving config file
13:07:48 saveConfig: saving-data
13:07:48 Saving sacks file
13:08:32 saveConfig: auto-save-60s
13:08:32 Saving config file
13:08:38 saveConfig: saving-data
13:08:38 Saving sacks file
13:08:53 saveConfig: saving-data
13:08:53 Saving sacks file
13:09:05 saveConfig: saving-data
13:09:05 Saving sacks file
13:09:18 saveConfig: saving-data
13:09:18 Saving sacks file
13:09:25 saveConfig: saving-data
13:09:25 Saving sacks file
13:09:32 saveConfig: auto-save-60s
13:09:32 Saving config file
13:09:46 saveConfig: saving-data
13:09:46 Saving sacks file
13:10:18 saveConfig: saving-data
13:10:18 Saving sacks file
13:10:32 saveConfig: auto-save-60s
13:10:32 Saving config file
13:11:32 saveConfig: auto-save-60s
13:11:32 Saving config file
13:12:32 saveConfig: auto-save-60s
13:12:32 Saving config file
13:13:32 saveConfig: auto-save-60s
13:13:32 Saving config file
13:14:32 saveConfig: auto-save-60s
13:14:32 Saving config file
13:15:32 saveConfig: auto-save-60s
13:15:32 Saving config file
13:16:32 saveConfig: auto-save-60s
13:16:32 Saving config file
13:17:32 saveConfig: auto-save-60s
13:17:32 Saving config file
13:18:32 saveConfig: auto-save-60s
13:18:32 Saving config file
13:19:32 saveConfig: auto-save-60s
13:19:32 Saving config file
13:20:32 saveConfig: auto-save-60s
13:20:32 Saving config file
13:21:32 saveConfig: auto-save-60s
13:21:32 Saving config file
13:22:32 saveConfig: auto-save-60s
13:22:32 Saving config file
13:23:32 saveConfig: auto-save-60s
13:23:32 Saving config file
13:24:32 saveConfig: auto-save-60s
13:24:32 Saving config file
13:25:32 saveConfig: auto-save-60s
13:25:32 Saving config file
13:26:32 saveConfig: auto-save-60s
13:26:32 Saving config file
13:27:32 saveConfig: auto-save-60s
13:27:32 Saving config file
13:28:32 saveConfig: auto-save-60s
13:28:32 Saving config file
13:29:32 saveConfig: auto-save-60s
13:29:32 Saving config file
13:30:32 saveConfig: auto-save-60s
13:30:32 Saving config file
13:31:32 saveConfig: auto-save-60s
13:31:32 Saving config file
13:32:32 saveConfig: auto-save-60s
13:32:32 Saving config file
13:33:32 saveConfig: auto-save-60s
13:33:32 Saving config file
13:34:32 saveConfig: auto-save-60s
13:34:32 Saving config file
13:35:32 saveConfig: auto-save-60s
13:35:32 Saving config file
13:36:32 saveConfig: auto-save-60s
13:36:32 Saving config file
13:37:32 saveConfig: auto-save-60s
13:37:32 Saving config file
13:38:32 saveConfig: auto-save-60s
13:38:32 Saving config file
13:39:32 saveConfig: auto-save-60s
13:39:32 Saving config file
13:40:32 saveConfig: auto-save-60s
13:40:32 Saving config file
13:41:32 saveConfig: auto-save-60s
13:41:32 Saving config file
13:42:32 saveConfig: auto-save-60s
13:42:32 Saving config file
13:43:32 saveConfig: auto-save-60s
13:43:32 Saving config file
13:44:32 saveConfig: auto-save-60s
13:44:32 Saving config file
13:44:59 saveConfig: saving-data
13:44:59 Saving sacks file
13:45:23 saveConfig: saving-data
13:45:23 Saving sacks file
13:45:32 saveConfig: auto-save-60s
13:45:32 Saving config file
13:45:42 saveConfig: saving-data
13:45:42 Saving sacks file
13:46:01 saveConfig: saving-data
13:46:01 Saving sacks file
13:46:32 saveConfig: auto-save-60s
13:46:32 Saving config file
13:46:33 saveConfig: saving-data
13:46:33 Saving sacks file
13:47:09 saveConfig: saving-data
13:47:09 Saving sacks file
13:47:15 saveConfig: saving-data
13:47:15 Saving sacks file
13:47:32 saveConfig: auto-save-60s
13:47:32 Saving config file
13:47:43 saveConfig: saving-data
13:47:43 Saving sacks file
13:48:30 saveConfig: saving-data
13:48:30 Saving sacks file
13:48:32 saveConfig: auto-save-60s
13:48:32 Saving config file
13:49:08 saveConfig: saving-data
13:49:08 Saving sacks file
13:49:32 saveConfig: auto-save-60s
13:49:32 Saving config file
13:49:44 saveConfig: saving-data
13:49:44 Saving sacks file
13:50:09 saveConfig: saving-data
13:50:09 Saving sacks file
13:50:28 saveConfig: saving-data
13:50:28 Saving sacks file
13:50:32 saveConfig: auto-save-60s
13:50:32 Saving config file
13:50:58 saveConfig: saving-data
13:50:58 Saving sacks file
13:51:32 saveConfig: auto-save-60s
13:51:32 Saving config file
13:51:38 saveConfig: saving-data
13:51:38 Saving sacks file
13:51:50 saveConfig: saving-data
13:51:50 Saving sacks file
13:52:06 saveConfig: saving-data
13:52:06 Saving sacks file
13:52:31 saveConfig: saving-data
13:52:31 Saving sacks file
13:52:32 saveConfig: auto-save-60s
13:52:32 Saving config file
13:52:44 saveConfig: saving-data
13:52:44 Saving sacks file
13:53:32 saveConfig: auto-save-60s
13:53:32 Saving config file
13:53:50 saveConfig: saving-data
13:53:50 Saving sacks file
13:54:32 saveConfig: auto-save-60s
13:54:32 Saving config file
13:55:32 saveConfig: auto-save-60s
13:55:32 Saving config file
13:56:07 saveConfig: saving-data
13:56:07 Saving sacks file
13:56:32 saveConfig: auto-save-60s
13:56:32 Saving config file
13:56:36 saveConfig: saving-data
13:56:36 Saving sacks file
13:57:17 saveConfig: saving-data
13:57:17 Saving sacks file
13:57:32 saveConfig: auto-save-60s
13:57:32 Saving config file
13:58:02 saveConfig: saving-data
13:58:02 Saving sacks file
13:58:12 saveConfig: saving-data
13:58:12 Saving sacks file
13:58:27 saveConfig: saving-data
13:58:27 Saving sacks file
13:58:32 saveConfig: auto-save-60s
13:58:32 Saving config file
13:58:49 saveConfig: saving-data
13:58:49 Saving sacks file
13:59:02 saveConfig: saving-data
13:59:02 Saving sacks file
13:59:32 saveConfig: auto-save-60s
13:59:32 Saving config file
14:00:32 saveConfig: auto-save-60s
14:00:32 Saving config file
14:01:32 saveConfig: auto-save-60s
14:01:32 Saving config file
14:01:57 saveConfig: saving-data
14:01:57 Saving sacks file
14:02:32 saveConfig: auto-save-60s
14:02:32 Saving config file
14:02:37 saveConfig: saving-data
14:02:37 Saving sacks file
14:02:53 saveConfig: saving-data
14:02:53 Saving sacks file
14:03:21 saveConfig: saving-data
14:03:21 Saving sacks file
14:03:32 saveConfig: auto-save-60s
14:03:32 Saving config file
14:03:58 saveConfig: saving-data
14:03:58 Saving sacks file
14:04:26 saveConfig: saving-data
14:04:26 Saving sacks file
14:04:32 saveConfig: auto-save-60s
14:04:32 Saving config file
14:04:36 saveConfig: saving-data
14:04:36 Saving sacks file
14:05:17 saveConfig: saving-data
14:05:17 Saving sacks file
14:05:32 saveConfig: auto-save-60s
14:05:32 Saving config file
14:05:41 saveConfig: saving-data
14:05:41 Saving sacks file
14:06:03 saveConfig: saving-data
14:06:03 Saving sacks file
14:06:18 saveConfig: saving-data
14:06:18 Saving sacks file
14:06:25 saveConfig: saving-data
14:06:25 Saving sacks file
14:06:32 saveConfig: auto-save-60s
14:06:32 Saving config file
14:06:57 saveConfig: saving-data
14:06:57 Saving sacks file
14:07:10 saveConfig: saving-data
14:07:10 Saving sacks file
14:07:32 saveConfig: auto-save-60s
14:07:32 Saving config file
14:07:39 saveConfig: saving-data
14:07:39 Saving sacks file
14:07:46 saveConfig: saving-data
14:07:46 Saving sacks file
14:08:10 saveConfig: saving-data
14:08:10 Saving sacks file
14:08:32 saveConfig: auto-save-60s
14:08:32 Saving config file
14:08:41 saveConfig: saving-data
14:08:41 Saving sacks file
14:08:53 saveConfig: saving-data
14:08:53 Saving sacks file
14:09:01 saveConfig: saving-data
14:09:01 Saving sacks file
14:09:27 saveConfig: saving-data
14:09:27 Saving sacks file
14:09:32 saveConfig: auto-save-60s
14:09:32 Saving config file
14:10:01 saveConfig: saving-data
14:10:01 Saving sacks file
14:10:30 saveConfig: saving-data
14:10:30 Saving sacks file
14:10:32 saveConfig: auto-save-60s
14:10:32 Saving config file
14:10:56 saveConfig: saving-data
14:10:56 Saving sacks file
14:11:08 saveConfig: saving-data
14:11:08 Saving sacks file
14:11:30 saveConfig: saving-data
14:11:30 Saving sacks file
14:11:32 saveConfig: auto-save-60s
14:11:32 Saving config file
14:11:43 saveConfig: saving-data
14:11:43 Saving sacks file
14:12:23 saveConfig: saving-data
14:12:23 Saving sacks file
14:12:32 saveConfig: auto-save-60s
14:12:32 Saving config file
14:12:47 saveConfig: saving-data
14:12:47 Saving sacks file
14:13:03 saveConfig: saving-data
14:13:03 Saving sacks file
14:13:32 saveConfig: auto-save-60s
14:13:32 Saving config file
14:13:53 saveConfig: saving-data
14:13:53 Saving sacks file
14:14:27 saveConfig: saving-data
14:14:27 Saving sacks file
14:14:32 saveConfig: auto-save-60s
14:14:32 Saving config file
14:14:33 saveConfig: saving-data
14:14:33 Saving sacks file
14:15:11 saveConfig: saving-data
14:15:11 Saving sacks file
14:15:32 saveConfig: auto-save-60s
14:15:32 Saving config file
14:15:44 saveConfig: saving-data
14:15:44 Saving sacks file
14:16:17 saveConfig: saving-data
14:16:17 Saving sacks file
14:16:32 saveConfig: auto-save-60s
14:16:32 Saving config file
14:16:50 saveConfig: saving-data
14:16:50 Saving sacks file
14:17:30 saveConfig: saving-data
14:17:30 Saving sacks file
14:17:32 saveConfig: auto-save-60s
14:17:32 Saving config file
14:17:54 saveConfig: saving-data
14:17:54 Saving sacks file
14:18:18 saveConfig: saving-data
14:18:18 Saving sacks file
14:18:31 saveConfig: saving-data
14:18:31 Saving sacks file
14:18:32 saveConfig: auto-save-60s
14:18:32 Saving config file
14:18:58 saveConfig: saving-data
14:18:58 Saving sacks file
14:19:09 saveConfig: saving-data
14:19:09 Saving sacks file
14:19:32 saveConfig: auto-save-60s
14:19:32 Saving config file
14:19:34 saveConfig: saving-data
14:19:34 Saving sacks file
14:19:45 saveConfig: saving-data
14:19:45 Saving sacks file
14:20:32 saveConfig: auto-save-60s
14:20:32 Saving config file
14:20:51 saveConfig: saving-data
14:20:51 Saving sacks file
14:21:27 saveConfig: saving-data
14:21:27 Saving sacks file
14:21:32 saveConfig: auto-save-60s
14:21:32 Saving config file
14:21:47 saveConfig: saving-data
14:21:47 Saving sacks file
14:22:17 saveConfig: saving-data
14:22:17 Saving sacks file
14:22:32 saveConfig: auto-save-60s
14:22:32 Saving config file
14:22:49 saveConfig: saving-data
14:22:49 Saving sacks file
14:23:19 saveConfig: saving-data
14:23:19 Saving sacks file
14:23:32 saveConfig: auto-save-60s
14:23:32 Saving config file
14:23:38 saveConfig: saving-data
14:23:38 Saving sacks file
14:24:13 saveConfig: saving-data
14:24:13 Saving sacks file
14:24:25 saveConfig: saving-data
14:24:25 Saving sacks file
14:24:32 saveConfig: auto-save-60s
14:24:32 Saving config file
14:24:58 saveConfig: saving-data
14:24:58 Saving sacks file
14:25:18 saveConfig: saving-data
14:25:18 Saving sacks file
14:25:27 saveConfig: saving-data
14:25:27 Saving sacks file
14:25:32 saveConfig: auto-save-60s
14:25:32 Saving config file
14:25:49 saveConfig: saving-data
14:25:49 Saving sacks file
14:26:13 saveConfig: saving-data
14:26:13 Saving sacks file
14:26:31 saveConfig: saving-data
14:26:31 Saving sacks file
14:26:32 saveConfig: auto-save-60s
14:26:32 Saving config file
14:26:53 saveConfig: saving-data
14:26:53 Saving sacks file
14:27:32 saveConfig: auto-save-60s
14:27:32 Saving config file
14:27:33 saveConfig: saving-data
14:27:33 Saving sacks file
14:27:56 saveConfig: saving-data
14:27:56 Saving sacks file
14:28:10 saveConfig: saving-data
14:28:10 Saving sacks file
14:28:32 saveConfig: auto-save-60s
14:28:32 Saving config file
14:29:03 saveConfig: saving-data
14:29:03 Saving sacks file
14:29:32 saveConfig: auto-save-60s
14:29:32 Saving config file
14:29:44 saveConfig: saving-data
14:29:44 Saving sacks file
14:29:54 saveConfig: saving-data
14:29:54 Saving sacks file
14:30:32 saveConfig: auto-save-60s
14:30:32 Saving config file
14:30:35 saveConfig: saving-data
14:30:35 Saving sacks file
14:30:46 saveConfig: saving-data
14:30:46 Saving sacks file
14:31:15 saveConfig: saving-data
14:31:15 Saving sacks file
14:31:32 saveConfig: auto-save-60s
14:31:32 Saving config file
14:31:45 saveConfig: saving-data
14:31:45 Saving sacks file
14:32:06 saveConfig: saving-data
14:32:06 Saving sacks file
14:32:18 saveConfig: saving-data
14:32:18 Saving sacks file
14:32:32 saveConfig: auto-save-60s
14:32:32 Saving config file
14:32:42 saveConfig: saving-data
14:32:42 Saving sacks file
14:33:13 saveConfig: saving-data
14:33:13 Saving sacks file
14:33:32 saveConfig: auto-save-60s
14:33:32 Saving config file
14:33:44 saveConfig: saving-data
14:33:44 Saving sacks file
14:34:07 saveConfig: saving-data
14:34:07 Saving sacks file
14:34:32 saveConfig: auto-save-60s
14:34:32 Saving config file
14:34:41 saveConfig: saving-data
14:34:41 Saving sacks file
14:35:03 saveConfig: saving-data
14:35:03 Saving sacks file
14:35:26 saveConfig: saving-data
14:35:26 Saving sacks file
14:35:32 saveConfig: auto-save-60s
14:35:32 Saving config file
14:35:52 saveConfig: saving-data
14:35:52 Saving sacks file
14:36:32 saveConfig: auto-save-60s
14:36:32 Saving config file
14:36:59 saveConfig: saving-data
14:36:59 Saving sacks file
14:37:24 saveConfig: saving-data
14:37:24 Saving sacks file
14:37:32 saveConfig: auto-save-60s
14:37:32 Saving config file
14:38:00 saveConfig: saving-data
14:38:00 Saving sacks file
14:38:32 saveConfig: saving-data
14:38:32 Saving sacks file
14:38:32 saveConfig: auto-save-60s
14:38:32 Saving config file
14:38:58 saveConfig: saving-data
14:38:58 Saving sacks file
14:39:20 saveConfig: saving-data
14:39:20 Saving sacks file
14:39:32 saveConfig: auto-save-60s
14:39:32 Saving config file
14:39:52 saveConfig: saving-data
14:39:52 Saving sacks file
14:40:32 saveConfig: auto-save-60s
14:40:32 Saving config file
14:41:02 saveConfig: saving-data
14:41:02 Saving sacks file
14:41:18 saveConfig: saving-data
14:41:18 Saving sacks file
14:41:32 saveConfig: auto-save-60s
14:41:32 Saving config file
14:42:00 saveConfig: saving-data
14:42:00 Saving sacks file
14:42:16 saveConfig: saving-data
14:42:16 Saving sacks file
14:42:32 saveConfig: auto-save-60s
14:42:32 Saving config file
14:42:49 saveConfig: saving-data
14:42:49 Saving sacks file
14:43:07 saveConfig: saving-data
14:43:07 Saving sacks file
14:43:32 saveConfig: auto-save-60s
14:43:32 Saving config file
14:43:44 saveConfig: saving-data
14:43:44 Saving sacks file
14:43:57 saveConfig: saving-data
14:43:57 Saving sacks file
14:44:32 saveConfig: auto-save-60s
14:44:32 Saving config file
14:45:19 saveConfig: saving-data
14:45:19 Saving sacks file
14:45:32 saveConfig: auto-save-60s
14:45:32 Saving config file
14:45:44 saveConfig: saving-data
14:45:44 Saving sacks file
14:46:10 saveConfig: saving-data
14:46:10 Saving sacks file
14:46:32 saveConfig: auto-save-60s
14:46:32 Saving config file
14:46:39 saveConfig: saving-data
14:46:39 Saving sacks file
14:47:09 saveConfig: saving-data
14:47:09 Saving sacks file
14:47:28 saveConfig: saving-data
14:47:28 Saving sacks file
14:47:32 saveConfig: auto-save-60s
14:47:32 Saving config file
14:47:54 saveConfig: saving-data
14:47:54 Saving sacks file
14:48:31 saveConfig: saving-data
14:48:31 Saving sacks file
14:48:32 saveConfig: auto-save-60s
14:48:32 Saving config file
14:48:54 saveConfig: saving-data
14:48:54 Saving sacks file
14:49:32 saveConfig: auto-save-60s
14:49:32 Saving config file
14:50:32 saveConfig: auto-save-60s
14:50:32 Saving config file
14:51:32 saveConfig: auto-save-60s
14:51:32 Saving config file
14:52:32 saveConfig: auto-save-60s
14:52:32 Saving config file
14:53:32 saveConfig: auto-save-60s
14:53:32 Saving config file
14:54:32 saveConfig: auto-save-60s
14:54:32 Saving config file
14:55:32 saveConfig: auto-save-60s
14:55:32 Saving config file
14:56:32 saveConfig: auto-save-60s
14:56:32 Saving config file
14:57:32 saveConfig: auto-save-60s
14:57:32 Saving config file
14:58:32 saveConfig: auto-save-60s
14:58:32 Saving config file
14:59:32 saveConfig: auto-save-60s
14:59:32 Saving config file
15:00:32 saveConfig: auto-save-60s
15:00:32 Saving config file
15:01:32 saveConfig: auto-save-60s
15:01:32 Saving config file
15:02:32 saveConfig: auto-save-60s
15:02:32 Saving config file
15:03:32 saveConfig: auto-save-60s
15:03:32 Saving config file
15:04:32 saveConfig: auto-save-60s
15:04:32 Saving config file
15:05:32 saveConfig: auto-save-60s
15:05:32 Saving config file
15:06:32 saveConfig: auto-save-60s
15:06:32 Saving config file
15:07:32 saveConfig: auto-save-60s
15:07:32 Saving config file
15:08:32 saveConfig: auto-save-60s
15:08:32 Saving config file
15:09:32 saveConfig: auto-save-60s
15:09:32 Saving config file
15:10:32 saveConfig: auto-save-60s
15:10:32 Saving config file
15:11:32 saveConfig: auto-save-60s
15:11:32 Saving config file
15:12:32 saveConfig: auto-save-60s
15:12:32 Saving config file
15:13:32 saveConfig: auto-save-60s
15:13:32 Saving config file
15:14:32 saveConfig: auto-save-60s
15:14:32 Saving config file
15:15:32 saveConfig: auto-save-60s
15:15:32 Saving config file
15:16:32 saveConfig: auto-save-60s
15:16:32 Saving config file
15:17:32 saveConfig: auto-save-60s
15:17:32 Saving config file
15:18:32 saveConfig: auto-save-60s
15:18:32 Saving config file
15:19:32 saveConfig: auto-save-60s
15:19:32 Saving config file
15:20:32 saveConfig: auto-save-60s
15:20:32 Saving config file
15:21:32 saveConfig: auto-save-60s
15:21:32 Saving config file
15:22:32 saveConfig: auto-save-60s
15:22:32 Saving config file
15:23:32 saveConfig: auto-save-60s
15:23:32 Saving config file
15:24:32 saveConfig: auto-save-60s
15:24:32 Saving config file
15:25:32 saveConfig: auto-save-60s
15:25:32 Saving config file
15:26:32 saveConfig: auto-save-60s
15:26:32 Saving config file
15:27:32 saveConfig: auto-save-60s
15:27:32 Saving config file
15:28:32 saveConfig: auto-save-60s
15:28:32 Saving config file
15:29:32 saveConfig: auto-save-60s
15:29:32 Saving config file
15:30:32 saveConfig: auto-save-60s
15:30:32 Saving config file
15:31:32 saveConfig: auto-save-60s
15:31:32 Saving config file
15:32:32 saveConfig: auto-save-60s
15:32:32 Saving config file
15:33:32 saveConfig: auto-save-60s
15:33:32 Saving config file
15:34:32 saveConfig: auto-save-60s
15:34:32 Saving config file
15:35:32 saveConfig: auto-save-60s
15:35:32 Saving config file
15:36:32 saveConfig: auto-save-60s
15:36:32 Saving config file
15:37:32 saveConfig: auto-save-60s
15:37:32 Saving config file
15:38:32 saveConfig: auto-save-60s
15:38:32 Saving config file
15:39:32 saveConfig: auto-save-60s
15:39:32 Saving config file
15:40:32 saveConfig: auto-save-60s
15:40:32 Saving config file
15:41:32 saveConfig: auto-save-60s
15:41:32 Saving config file
15:42:32 saveConfig: auto-save-60s
15:42:32 Saving config file
15:43:32 saveConfig: auto-save-60s
15:43:32 Saving config file
15:44:32 saveConfig: auto-save-60s
15:44:32 Saving config file
15:45:32 saveConfig: auto-save-60s
15:45:32 Saving config file
15:46:32 saveConfig: auto-save-60s
15:46:32 Saving config file
15:47:32 saveConfig: auto-save-60s
15:47:32 Saving config file
15:48:32 saveConfig: auto-save-60s
15:48:32 Saving config file
15:49:32 saveConfig: auto-save-60s
15:49:32 Saving config file
15:50:32 saveConfig: auto-save-60s
15:50:32 Saving config file
15:51:32 saveConfig: auto-save-60s
15:51:32 Saving config file
15:52:32 saveConfig: auto-save-60s
15:52:32 Saving config file
15:53:32 saveConfig: auto-save-60s
15:53:32 Saving config file
15:54:32 saveConfig: auto-save-60s
15:54:32 Saving config file
15:55:32 saveConfig: auto-save-60s
15:55:32 Saving config file
15:56:32 saveConfig: auto-save-60s
15:56:32 Saving config file
15:57:32 saveConfig: auto-save-60s
15:57:32 Saving config file
15:58:32 saveConfig: auto-save-60s
15:58:32 Saving config file
15:59:32 saveConfig: auto-save-60s
15:59:32 Saving config file
16:00:32 saveConfig: auto-save-60s
16:00:32 Saving config file
16:01:32 saveConfig: auto-save-60s
16:01:32 Saving config file
16:02:32 saveConfig: auto-save-60s
16:02:32 Saving config file
16:03:32 saveConfig: auto-save-60s
16:03:32 Saving config file
16:04:32 saveConfig: auto-save-60s
16:04:32 Saving config file
16:05:32 saveConfig: auto-save-60s
16:05:32 Saving config file
16:06:32 saveConfig: auto-save-60s
16:06:32 Saving config file
16:07:32 saveConfig: auto-save-60s
16:07:32 Saving config file
16:08:32 saveConfig: auto-save-60s
16:08:32 Saving config file
16:09:32 saveConfig: auto-save-60s
16:09:32 Saving config file
16:10:32 saveConfig: auto-save-60s
16:10:32 Saving config file
16:11:32 saveConfig: auto-save-60s
16:11:32 Saving config file
16:12:32 saveConfig: auto-save-60s
16:12:32 Saving config file
16:13:32 saveConfig: auto-save-60s
16:13:32 Saving config file
16:14:32 saveConfig: auto-save-60s
16:14:32 Saving config file
16:15:32 saveConfig: auto-save-60s
16:15:32 Saving config file
16:16:32 saveConfig: auto-save-60s
16:16:32 Saving config file
16:17:32 saveConfig: auto-save-60s
16:17:32 Saving config file
16:18:32 saveConfig: auto-save-60s
16:18:32 Saving config file
16:19:32 saveConfig: auto-save-60s
16:19:32 Saving config file
16:20:32 saveConfig: auto-save-60s
16:20:32 Saving config file
16:21:32 saveConfig: auto-save-60s
16:21:32 Saving config file
16:22:32 saveConfig: auto-save-60s
16:22:32 Saving config file
16:23:32 saveConfig: auto-save-60s
16:23:32 Saving config file
16:24:32 saveConfig: auto-save-60s
16:24:32 Saving config file
16:25:32 saveConfig: auto-save-60s
16:25:32 Saving config file
16:26:32 saveConfig: auto-save-60s
16:26:32 Saving config file
16:27:32 saveConfig: auto-save-60s
16:27:32 Saving config file
16:28:32 saveConfig: auto-save-60s
16:28:32 Saving config file
16:29:32 saveConfig: auto-save-60s
16:29:32 Saving config file
16:30:32 saveConfig: auto-save-60s
16:30:32 Saving config file
16:31:32 saveConfig: auto-save-60s
16:31:32 Saving config file
16:32:32 saveConfig: auto-save-60s
16:32:32 Saving config file
16:33:32 saveConfig: auto-save-60s
16:33:32 Saving config file
16:34:32 saveConfig: auto-save-60s
16:34:32 Saving config file
16:35:32 saveConfig: auto-save-60s
16:35:32 Saving config file
16:36:32 saveConfig: auto-save-60s
16:36:32 Saving config file
16:37:32 saveConfig: auto-save-60s
16:37:32 Saving config file
16:38:32 saveConfig: auto-save-60s
16:38:32 Saving config file
16:39:32 saveConfig: auto-save-60s
16:39:32 Saving config file
16:40:32 saveConfig: auto-save-60s
16:40:32 Saving config file
16:41:32 saveConfig: auto-save-60s
16:41:32 Saving config file
16:42:32 saveConfig: auto-save-60s
16:42:32 Saving config file
16:43:32 saveConfig: auto-save-60s
16:43:32 Saving config file
16:44:32 saveConfig: auto-save-60s
16:44:32 Saving config file
16:45:32 saveConfig: auto-save-60s
16:45:32 Saving config file
16:46:32 saveConfig: auto-save-60s
16:46:32 Saving config file
16:47:32 saveConfig: auto-save-60s
16:47:32 Saving config file
16:48:32 saveConfig: auto-save-60s
16:48:32 Saving config file
16:49:32 saveConfig: auto-save-60s
16:49:32 Saving config file
16:50:32 saveConfig: auto-save-60s
16:50:32 Saving config file
16:51:32 saveConfig: auto-save-60s
16:51:32 Saving config file
16:52:32 saveConfig: auto-save-60s
16:52:32 Saving config file
16:53:32 saveConfig: auto-save-60s
16:53:32 Saving config file
16:54:32 saveConfig: auto-save-60s
16:54:32 Saving config file
16:55:32 saveConfig: auto-save-60s
16:55:32 Saving config file
16:56:32 saveConfig: auto-save-60s
16:56:32 Saving config file
16:57:32 saveConfig: auto-save-60s
16:57:32 Saving config file
16:58:32 saveConfig: auto-save-60s
16:58:32 Saving config file
16:59:32 saveConfig: auto-save-60s
16:59:32 Saving config file
17:00:32 saveConfig: auto-save-60s
17:00:32 Saving config file
17:01:32 saveConfig: auto-save-60s
17:01:32 Saving config file
17:02:32 saveConfig: auto-save-60s
17:02:32 Saving config file
17:03:32 saveConfig: auto-save-60s
17:03:32 Saving config file
17:04:32 saveConfig: auto-save-60s
17:04:32 Saving config file
17:05:32 saveConfig: auto-save-60s
17:05:32 Saving config file
17:06:32 saveConfig: auto-save-60s
17:06:32 Saving config file
17:07:32 saveConfig: auto-save-60s
17:07:32 Saving config file
17:08:32 saveConfig: auto-save-60s
17:08:32 Saving config file
17:09:32 saveConfig: auto-save-60s
17:09:32 Saving config file
17:10:32 saveConfig: auto-save-60s
17:10:32 Saving config file
17:11:32 saveConfig: auto-save-60s
17:11:32 Saving config file
17:12:32 saveConfig: auto-save-60s
17:12:32 Saving config file
17:13:32 saveConfig: auto-save-60s
17:13:32 Saving config file
17:14:32 saveConfig: auto-save-60s
17:14:32 Saving config file
17:15:32 saveConfig: auto-save-60s
17:15:32 Saving config file
17:16:32 saveConfig: auto-save-60s
17:16:32 Saving config file
17:17:32 saveConfig: auto-save-60s
17:17:32 Saving config file
17:18:32 saveConfig: auto-save-60s
17:18:32 Saving config file
17:19:32 saveConfig: auto-save-60s
17:19:32 Saving config file
17:20:32 saveConfig: auto-save-60s
17:20:32 Saving config file
17:21:32 saveConfig: auto-save-60s
17:21:32 Saving config file
17:22:32 saveConfig: auto-save-60s
17:22:32 Saving config file
17:23:32 saveConfig: auto-save-60s
17:23:32 Saving config file
17:24:32 saveConfig: auto-save-60s
17:24:32 Saving config file
17:25:32 saveConfig: auto-save-60s
17:25:32 Saving config file
17:26:32 saveConfig: auto-save-60s
17:26:32 Saving config file
17:27:32 saveConfig: auto-save-60s
17:27:32 Saving config file
17:28:32 saveConfig: auto-save-60s
17:28:32 Saving config file
17:29:32 saveConfig: auto-save-60s
17:29:32 Saving config file
17:30:32 saveConfig: auto-save-60s
17:30:32 Saving config file
17:31:32 saveConfig: auto-save-60s
17:31:32 Saving config file
17:32:32 saveConfig: auto-save-60s
17:32:32 Saving config file
17:33:32 saveConfig: auto-save-60s
17:33:32 Saving config file
17:34:32 saveConfig: auto-save-60s
17:34:32 Saving config file
17:35:32 saveConfig: auto-save-60s
17:35:32 Saving config file
17:36:32 saveConfig: auto-save-60s
17:36:32 Saving config file
17:37:32 saveConfig: auto-save-60s
17:37:32 Saving config file
17:38:32 saveConfig: auto-save-60s
17:38:32 Saving config file
17:39:32 saveConfig: auto-save-60s
17:39:32 Saving config file
17:40:32 saveConfig: auto-save-60s
17:40:32 Saving config file
17:41:32 saveConfig: auto-save-60s
17:41:32 Saving config file
17:42:32 saveConfig: auto-save-60s
17:42:32 Saving config file
17:43:32 saveConfig: auto-save-60s
17:43:32 Saving config file
17:44:32 saveConfig: auto-save-60s
17:44:32 Saving config file
17:45:32 saveConfig: auto-save-60s
17:45:32 Saving config file
17:46:32 saveConfig: auto-save-60s
17:46:32 Saving config file
17:47:32 saveConfig: auto-save-60s
17:47:32 Saving config file
17:48:32 saveConfig: auto-save-60s
17:48:32 Saving config file
17:49:32 saveConfig: auto-save-60s
17:49:32 Saving config file
17:50:32 saveConfig: auto-save-60s
17:50:32 Saving config file
17:51:32 saveConfig: auto-save-60s
17:51:32 Saving config file
17:52:32 saveConfig: auto-save-60s
17:52:32 Saving config file
17:53:32 saveConfig: auto-save-60s
17:53:32 Saving config file
17:54:32 saveConfig: auto-save-60s
17:54:32 Saving config file
17:55:32 saveConfig: auto-save-60s
17:55:32 Saving config file
17:56:32 saveConfig: auto-save-60s
17:56:32 Saving config file
17:57:32 saveConfig: auto-save-60s
17:57:32 Saving config file
17:58:32 saveConfig: auto-save-60s
17:58:32 Saving config file
17:59:32 saveConfig: auto-save-60s
17:59:32 Saving config file
18:00:32 saveConfig: auto-save-60s
18:00:32 Saving config file
18:01:32 saveConfig: auto-save-60s
18:01:32 Saving config file
18:02:32 saveConfig: auto-save-60s
18:02:32 Saving config file
18:03:32 saveConfig: auto-save-60s
18:03:32 Saving config file
18:04:32 saveConfig: auto-save-60s
18:04:32 Saving config file
18:05:32 saveConfig: auto-save-60s
18:05:32 Saving config file
18:06:32 saveConfig: auto-save-60s
18:06:32 Saving config file
18:07:32 saveConfig: auto-save-60s
18:07:32 Saving config file
18:08:32 saveConfig: auto-save-60s
18:08:32 Saving config file
18:09:32 saveConfig: auto-save-60s
18:09:32 Saving config file
18:10:32 saveConfig: auto-save-60s
18:10:32 Saving config file
18:11:32 saveConfig: auto-save-60s
18:11:32 Saving config file
18:12:32 saveConfig: auto-save-60s
18:12:32 Saving config file
18:13:32 saveConfig: auto-save-60s
18:13:32 Saving config file
18:14:32 saveConfig: auto-save-60s
18:14:32 Saving config file
18:15:32 saveConfig: auto-save-60s
18:15:32 Saving config file
18:16:32 saveConfig: auto-save-60s
18:16:32 Saving config file
18:17:32 saveConfig: auto-save-60s
18:17:32 Saving config file
18:18:32 saveConfig: auto-save-60s
18:18:32 Saving config file
18:19:32 saveConfig: auto-save-60s
18:19:32 Saving config file
18:20:32 saveConfig: auto-save-60s
18:20:32 Saving config file
18:21:32 saveConfig: auto-save-60s
18:21:32 Saving config file
18:22:32 saveConfig: auto-save-60s
18:22:32 Saving config file
18:23:32 saveConfig: auto-save-60s
18:23:32 Saving config file
18:24:32 saveConfig: auto-save-60s
18:24:32 Saving config file
18:25:32 saveConfig: auto-save-60s
18:25:32 Saving config file
18:26:32 saveConfig: auto-save-60s
18:26:32 Saving config file
18:27:32 saveConfig: auto-save-60s
18:27:32 Saving config file
18:28:32 saveConfig: auto-save-60s
18:28:32 Saving config file
18:29:32 saveConfig: auto-save-60s
18:29:32 Saving config file
18:30:32 saveConfig: auto-save-60s
18:30:32 Saving config file
18:31:32 saveConfig: auto-save-60s
18:31:32 Saving config file
18:31:56 saveConfig: saving-data
18:31:56 Saving sacks file
18:32:02 saveConfig: saving-data
18:32:02 Saving sacks file
18:32:32 saveConfig: auto-save-60s
18:32:32 Saving config file
18:32:53 saveConfig: saving-data
18:32:53 Saving sacks file
18:33:20 saveConfig: saving-data
18:33:20 Saving sacks file
18:33:30 saveConfig: saving-data
18:33:30 Saving sacks file
18:33:32 saveConfig: auto-save-60s
18:33:32 Saving config file
18:34:01 saveConfig: saving-data
18:34:01 Saving sacks file
18:34:32 saveConfig: auto-save-60s
18:34:32 Saving config file
18:34:34 saveConfig: saving-data
18:34:34 Saving sacks file
18:35:09 saveConfig: saving-data
18:35:09 Saving sacks file
18:35:32 saveConfig: auto-save-60s
18:35:32 Saving config file
18:35:41 saveConfig: saving-data
18:35:41 Saving sacks file
18:36:08 saveConfig: saving-data
18:36:08 Saving sacks file
18:36:32 saveConfig: auto-save-60s
18:36:32 Saving config file
18:36:51 saveConfig: saving-data
18:36:51 Saving sacks file
18:37:09 saveConfig: saving-data
18:37:09 Saving sacks file
18:37:17 saveConfig: saving-data
18:37:17 Saving sacks file
18:37:32 saveConfig: auto-save-60s
18:37:32 Saving config file
18:37:41 saveConfig: saving-data
18:37:41 Saving sacks file
18:38:32 saveConfig: auto-save-60s
18:38:32 Saving config file
18:38:49 saveConfig: saving-data
18:38:49 Saving sacks file
18:39:22 saveConfig: saving-data
18:39:22 Saving sacks file
18:39:32 saveConfig: auto-save-60s
18:39:32 Saving config file
18:39:35 saveConfig: saving-data
18:39:35 Saving sacks file
18:39:52 saveConfig: saving-data
18:39:52 Saving sacks file
18:40:13 saveConfig: saving-data
18:40:13 Saving sacks file
18:40:21 saveConfig: saving-data
18:40:21 Saving sacks file
18:40:32 saveConfig: auto-save-60s
18:40:32 Saving config file
18:40:55 saveConfig: saving-data
18:40:55 Saving sacks file
18:41:31 saveConfig: saving-data
18:41:31 Saving sacks file
18:41:32 saveConfig: auto-save-60s
18:41:32 Saving config file
18:42:05 saveConfig: saving-data
18:42:05 Saving sacks file
18:42:32 saveConfig: auto-save-60s
18:42:32 Saving config file
18:42:41 saveConfig: saving-data
18:42:41 Saving sacks file
18:43:16 saveConfig: saving-data
18:43:16 Saving sacks file
18:43:32 saveConfig: auto-save-60s
18:43:32 Saving config file
18:43:56 saveConfig: saving-data
18:43:56 Saving sacks file
18:44:32 saveConfig: auto-save-60s
18:44:32 Saving config file
18:44:35 saveConfig: saving-data
18:44:35 Saving sacks file
18:45:32 saveConfig: auto-save-60s
18:45:32 Saving config file
18:46:02 saveConfig: saving-data
18:46:02 Saving sacks file
18:46:13 saveConfig: saving-data
18:46:13 Saving sacks file
18:46:32 saveConfig: auto-save-60s
18:46:32 Saving config file
18:46:57 saveConfig: saving-data
18:46:57 Saving sacks file
18:47:32 saveConfig: auto-save-60s
18:47:32 Saving config file
18:47:33 saveConfig: saving-data
18:47:33 Saving sacks file
18:48:02 saveConfig: saving-data
18:48:02 Saving sacks file
18:48:32 saveConfig: auto-save-60s
18:48:32 Saving config file
18:48:39 saveConfig: saving-data
18:48:39 Saving sacks file
18:48:53 saveConfig: saving-data
18:48:53 Saving sacks file
18:49:17 saveConfig: saving-data
18:49:17 Saving sacks file
18:49:32 saveConfig: auto-save-60s
18:49:32 Saving config file
18:49:50 saveConfig: saving-data
18:49:50 Saving sacks file
18:50:29 saveConfig: saving-data
18:50:29 Saving sacks file
18:50:32 saveConfig: auto-save-60s
18:50:32 Saving config file
18:50:52 saveConfig: saving-data
18:50:52 Saving sacks file
18:51:07 saveConfig: saving-data
18:51:07 Saving sacks file
18:51:32 saveConfig: auto-save-60s
18:51:32 Saving config file
18:51:42 saveConfig: saving-data
18:51:42 Saving sacks file
18:52:22 saveConfig: saving-data
18:52:22 Saving sacks file
18:52:32 saveConfig: auto-save-60s
18:52:32 Saving config file
18:52:35 saveConfig: saving-data
18:52:35 Saving sacks file
18:52:49 saveConfig: saving-data
18:52:49 Saving sacks file
18:52:59 saveConfig: saving-data
18:52:59 Saving sacks file
18:53:32 saveConfig: auto-save-60s
18:53:32 Saving config file
18:54:07 saveConfig: saving-data
18:54:07 Saving sacks file
18:54:32 saveConfig: auto-save-60s
18:54:32 Saving config file
18:54:34 saveConfig: saving-data
18:54:34 Saving sacks file
18:55:03 saveConfig: saving-data
18:55:03 Saving sacks file
18:55:23 saveConfig: saving-data
18:55:23 Saving sacks file
18:55:32 saveConfig: auto-save-60s
18:55:32 Saving config file
18:55:47 saveConfig: saving-data
18:55:47 Saving sacks file
18:55:55 saveConfig: saving-data
18:55:55 Saving sacks file
18:56:32 saveConfig: auto-save-60s
18:56:32 Saving config file
18:57:32 saveConfig: auto-save-60s
18:57:32 Saving config file
18:58:32 saveConfig: auto-save-60s
18:58:32 Saving config file
18:59:32 saveConfig: auto-save-60s
18:59:32 Saving config file
19:00:32 saveConfig: auto-save-60s
19:00:32 Saving config file
19:01:32 saveConfig: auto-save-60s
19:01:32 Saving config file
19:02:32 saveConfig: auto-save-60s
19:02:32 Saving config file
19:03:32 saveConfig: auto-save-60s
19:03:32 Saving config file
19:04:04 saveConfig: saving-data
19:04:04 Saving sacks file
19:04:23 saveConfig: saving-data
19:04:23 Saving sacks file
19:04:32 saveConfig: auto-save-60s
19:04:32 Saving config file
19:05:01 saveConfig: saving-data
19:05:01 Saving sacks file
19:05:32 saveConfig: auto-save-60s
19:05:32 Saving config file
19:05:37 saveConfig: saving-data
19:05:37 Saving sacks file
19:06:08 saveConfig: saving-data
19:06:08 Saving sacks file
19:06:15 saveConfig: saving-data
19:06:15 Saving sacks file
19:06:32 saveConfig: auto-save-60s
19:06:32 Saving config file
19:06:54 saveConfig: saving-data
19:06:54 Saving sacks file
19:07:32 saveConfig: auto-save-60s
19:07:32 Saving config file
19:07:45 saveConfig: saving-data
19:07:45 Saving sacks file
19:08:32 saveConfig: auto-save-60s
19:08:32 Saving config file
19:08:44 saveConfig: saving-data
19:08:44 Saving sacks file
19:09:08 saveConfig: saving-data
19:09:08 Saving sacks file
19:09:32 saveConfig: auto-save-60s
19:09:32 Saving config file
19:09:39 saveConfig: saving-data
19:09:39 Saving sacks file
19:10:03 saveConfig: saving-data
19:10:03 Saving sacks file
19:10:30 saveConfig: saving-data
19:10:30 Saving sacks file
19:10:32 saveConfig: auto-save-60s
19:10:32 Saving config file
19:10:40 saveConfig: saving-data
19:10:40 Saving sacks file
19:11:23 saveConfig: saving-data
19:11:23 Saving sacks file
19:11:32 saveConfig: auto-save-60s
19:11:32 Saving config file
19:11:39 saveConfig: saving-data
19:11:39 Saving sacks file
19:12:32 saveConfig: auto-save-60s
19:12:32 Saving config file
19:13:32 saveConfig: auto-save-60s
19:13:32 Saving config file
19:13:45 saveConfig: saving-data
19:13:45 Saving sacks file
19:14:23 saveConfig: saving-data
19:14:23 Saving sacks file
19:14:32 saveConfig: auto-save-60s
19:14:32 Saving config file
19:14:40 saveConfig: saving-data
19:14:40 Saving sacks file
19:15:25 saveConfig: saving-data
19:15:25 Saving sacks file
19:15:32 saveConfig: auto-save-60s
19:15:32 Saving config file
19:16:08 saveConfig: saving-data
19:16:08 Saving sacks file
19:16:32 saveConfig: auto-save-60s
19:16:32 Saving config file
19:16:45 saveConfig: saving-data
19:16:45 Saving sacks file
19:16:55 saveConfig: saving-data
19:16:55 Saving sacks file
19:17:18 saveConfig: saving-data
19:17:18 Saving sacks file
19:17:32 saveConfig: auto-save-60s
19:17:32 Saving config file
19:18:32 saveConfig: auto-save-60s
19:18:32 Saving config file
19:18:42 saveConfig: saving-data
19:18:42 Saving sacks file
19:19:13 saveConfig: saving-data
19:19:13 Saving sacks file
19:19:28 saveConfig: saving-data
19:19:28 Saving sacks file
19:19:32 saveConfig: auto-save-60s
19:19:32 Saving config file
19:20:04 saveConfig: saving-data
19:20:04 Saving sacks file
19:20:12 saveConfig: saving-data
19:20:12 Saving sacks file
19:20:32 saveConfig: auto-save-60s
19:20:32 Saving config file
19:20:49 saveConfig: saving-data
19:20:49 Saving sacks file
19:21:11 saveConfig: saving-data
19:21:11 Saving sacks file
19:21:28 saveConfig: saving-data
19:21:28 Saving sacks file
19:21:32 saveConfig: auto-save-60s
19:21:32 Saving config file
19:21:52 saveConfig: saving-data
19:21:52 Saving sacks file
19:22:05 saveConfig: saving-data
19:22:05 Saving sacks file
19:22:32 saveConfig: auto-save-60s
19:22:32 Saving config file
19:22:40 saveConfig: saving-data
19:22:40 Saving sacks file
19:23:10 saveConfig: saving-data
19:23:10 Saving sacks file
19:23:24 saveConfig: saving-data
19:23:24 Saving sacks file
19:23:32 saveConfig: auto-save-60s
19:23:32 Saving config file
19:23:39 saveConfig: saving-data
19:23:39 Saving sacks file
19:24:00 saveConfig: saving-data
19:24:00 Saving sacks file
19:24:08 saveConfig: saving-data
19:24:08 Saving sacks file
19:24:25 saveConfig: saving-data
19:24:25 Saving sacks file
19:24:32 saveConfig: auto-save-60s
19:24:32 Saving config file
19:24:38 saveConfig: saving-data
19:24:38 Saving sacks file
19:25:27 saveConfig: saving-data
19:25:27 Saving sacks file
19:25:32 saveConfig: auto-save-60s
19:25:32 Saving config file
19:26:30 saveConfig: saving-data
19:26:30 Saving sacks file
19:26:32 saveConfig: auto-save-60s
19:26:32 Saving config file
19:26:43 saveConfig: saving-data
19:26:43 Saving sacks file
19:26:55 saveConfig: saving-data
19:26:55 Saving sacks file
19:27:21 saveConfig: saving-data
19:27:21 Saving sacks file
19:27:31 saveConfig: saving-data
19:27:31 Saving sacks file
19:27:32 saveConfig: auto-save-60s
19:27:32 Saving config file
19:27:59 saveConfig: saving-data
19:27:59 Saving sacks file
19:28:32 saveConfig: auto-save-60s
19:28:32 Saving config file
19:29:28 saveConfig: saving-data
19:29:28 Saving sacks file
19:29:32 saveConfig: auto-save-60s
19:29:32 Saving config file
19:29:54 saveConfig: saving-data
19:29:54 Saving sacks file
19:30:27 saveConfig: saving-data
19:30:27 Saving sacks file
19:30:32 saveConfig: auto-save-60s
19:30:32 Saving config file
19:30:37 saveConfig: saving-data
19:30:37 Saving sacks file
19:31:15 saveConfig: saving-data
19:31:15 Saving sacks file
19:31:32 saveConfig: auto-save-60s
19:31:32 Saving config file
19:32:04 saveConfig: saving-data
19:32:04 Saving sacks file
19:32:18 saveConfig: saving-data
19:32:18 Saving sacks file
19:32:32 saveConfig: auto-save-60s
19:32:32 Saving config file
19:32:57 saveConfig: saving-data
19:32:57 Saving sacks file
19:33:30 saveConfig: saving-data
19:33:30 Saving sacks file
19:33:32 saveConfig: auto-save-60s
19:33:32 Saving config file
19:34:02 saveConfig: saving-data
19:34:02 Saving sacks file
19:34:32 saveConfig: auto-save-60s
19:34:32 Saving config file
19:34:45 saveConfig: saving-data
19:34:45 Saving sacks file
19:35:04 saveConfig: saving-data
19:35:04 Saving sacks file
19:35:32 saveConfig: auto-save-60s
19:35:32 Saving config file
19:35:39 saveConfig: saving-data
19:35:39 Saving sacks file
19:35:54 saveConfig: saving-data
19:35:54 Saving sacks file
19:36:14 saveConfig: saving-data
19:36:14 Saving sacks file
19:36:32 saveConfig: auto-save-60s
19:36:32 Saving config file
19:36:37 saveConfig: saving-data
19:36:37 Saving sacks file
19:37:32 saveConfig: auto-save-60s
19:37:32 Saving config file
19:37:51 saveConfig: saving-data
19:37:51 Saving sacks file
19:38:32 saveConfig: auto-save-60s
19:38:32 Saving config file
19:38:33 saveConfig: saving-data
19:38:33 Saving sacks file
19:39:04 saveConfig: saving-data
19:39:04 Saving sacks file
19:39:15 saveConfig: saving-data
19:39:15 Saving sacks file
19:39:32 saveConfig: auto-save-60s
19:39:32 Saving config file
19:39:46 saveConfig: saving-data
19:39:46 Saving sacks file
19:39:58 saveConfig: saving-data
19:39:58 Saving sacks file
19:40:32 saveConfig: auto-save-60s
19:40:32 Saving config file
19:41:32 saveConfig: auto-save-60s
19:41:32 Saving config file
19:42:32 saveConfig: auto-save-60s
19:42:32 Saving config file
19:42:34 saveConfig: saving-data
19:42:34 Saving sacks file
19:43:02 saveConfig: saving-data
19:43:02 Saving sacks file
19:43:22 saveConfig: saving-data
19:43:22 Saving sacks file
19:43:32 saveConfig: saving-data
19:43:32 Saving sacks file
19:43:32 saveConfig: auto-save-60s
19:43:32 Saving config file
19:44:15 saveConfig: saving-data
19:44:15 Saving sacks file
19:44:32 saveConfig: auto-save-60s
19:44:32 Saving config file
19:44:46 saveConfig: saving-data
19:44:46 Saving sacks file
19:45:03 saveConfig: saving-data
19:45:03 Saving sacks file
19:45:32 saveConfig: auto-save-60s
19:45:32 Saving config file
19:45:32 saveConfig: saving-data
19:45:32 Saving sacks file
19:45:51 saveConfig: saving-data
19:45:51 Saving sacks file
19:46:06 saveConfig: saving-data
19:46:06 Saving sacks file
19:46:17 saveConfig: saving-data
19:46:17 Saving sacks file
19:46:32 saveConfig: auto-save-60s
19:46:32 Saving config file
19:46:43 saveConfig: saving-data
19:46:43 Saving sacks file
19:46:54 saveConfig: saving-data
19:46:54 Saving sacks file
19:47:08 saveConfig: saving-data
19:47:08 Saving sacks file
19:47:32 saveConfig: auto-save-60s
19:47:32 Saving config file
19:48:03 saveConfig: saving-data
19:48:03 Saving sacks file
19:48:24 saveConfig: saving-data
19:48:24 Saving sacks file
19:48:32 saveConfig: auto-save-60s
19:48:32 Saving config file
19:48:37 saveConfig: saving-data
19:48:37 Saving sacks file
19:48:46 saveConfig: saving-data
19:48:46 Saving sacks file
19:49:22 saveConfig: saving-data
19:49:22 Saving sacks file
19:49:32 saveConfig: auto-save-60s
19:49:32 Saving config file
19:49:45 saveConfig: saving-data
19:49:45 Saving sacks file
19:49:53 saveConfig: saving-data
19:49:53 Saving sacks file
19:50:12 saveConfig: saving-data
19:50:12 Saving sacks file
19:50:32 saveConfig: auto-save-60s
19:50:32 Saving config file
19:51:32 saveConfig: auto-save-60s
19:51:32 Saving config file
19:52:32 saveConfig: auto-save-60s
19:52:32 Saving config file
19:52:47 saveConfig: saving-data
19:52:47 Saving sacks file
19:52:50 saveConfig: saving-data
19:52:50 Saving sacks file
19:52:52 saveConfig: saving-data
19:52:52 Saving sacks file
19:53:26 saveConfig: saving-data
19:53:26 Saving sacks file
19:53:32 saveConfig: auto-save-60s
19:53:32 Saving config file
19:53:47 saveConfig: saving-data
19:53:47 Saving sacks file
19:54:22 saveConfig: saving-data
19:54:22 Saving sacks file
19:54:32 saveConfig: auto-save-60s
19:54:32 Saving config file
19:55:03 saveConfig: saving-data
19:55:03 Saving sacks file
19:55:32 saveConfig: auto-save-60s
19:55:32 Saving config file
19:55:34 saveConfig: saving-data
19:55:34 Saving sacks file
19:56:15 saveConfig: saving-data
19:56:15 Saving sacks file
19:56:26 saveConfig: saving-data
19:56:26 Saving sacks file
19:56:32 saveConfig: auto-save-60s
19:56:32 Saving config file
19:56:58 saveConfig: saving-data
19:56:58 Saving sacks file
19:57:24 saveConfig: saving-data
19:57:24 Saving sacks file
19:57:32 saveConfig: auto-save-60s
19:57:32 Saving config file
19:57:53 saveConfig: saving-data
19:57:53 Saving sacks file
19:58:07 saveConfig: saving-data
19:58:07 Saving sacks file
19:58:32 saveConfig: auto-save-60s
19:58:32 Saving config file
19:58:37 saveConfig: saving-data
19:58:37 Saving sacks file
19:59:14 saveConfig: saving-data
19:59:14 Saving sacks file
19:59:32 saveConfig: auto-save-60s
19:59:32 Saving config file
19:59:33 saveConfig: saving-data
19:59:33 Saving sacks file
19:59:46 saveConfig: saving-data
19:59:46 Saving sacks file
20:00:26 saveConfig: saving-data
20:00:26 Saving sacks file
20:00:32 saveConfig: auto-save-60s
20:00:32 Saving config file
20:01:00 saveConfig: saving-data
20:01:00 Saving sacks file
20:01:32 saveConfig: auto-save-60s
20:01:32 Saving config file
20:02:32 saveConfig: auto-save-60s
20:02:32 Saving config file
20:03:19 saveConfig: saving-data
20:03:19 Saving sacks file
20:03:31 saveConfig: saving-data
20:03:31 Saving sacks file
20:03:32 saveConfig: auto-save-60s
20:03:32 Saving config file
20:03:47 saveConfig: saving-data
20:03:47 Saving sacks file
20:04:00 saveConfig: saving-data
20:04:00 Saving sacks file
20:04:09 saveConfig: saving-data
20:04:09 Saving sacks file
20:04:32 saveConfig: auto-save-60s
20:04:32 Saving config file
20:04:35 saveConfig: saving-data
20:04:35 Saving sacks file
20:04:58 saveConfig: saving-data
20:04:58 Saving sacks file
20:05:17 saveConfig: saving-data
20:05:17 Saving sacks file
20:05:24 saveConfig: saving-data
20:05:24 Saving sacks file
20:05:32 saveConfig: auto-save-60s
20:05:32 Saving config file
20:06:32 saveConfig: auto-save-60s
20:06:32 Saving config file
20:07:32 saveConfig: auto-save-60s
20:07:32 Saving config file
20:08:32 saveConfig: auto-save-60s
20:08:32 Saving config file
20:09:04 saveConfig: saving-data
20:09:04 Saving sacks file
20:09:23 saveConfig: saving-data
20:09:23 Saving sacks file
20:09:32 saveConfig: saving-data
20:09:32 Saving sacks file
20:09:32 saveConfig: auto-save-60s
20:09:32 Saving config file
20:10:16 saveConfig: saving-data
20:10:16 Saving sacks file
20:10:32 saveConfig: auto-save-60s
20:10:32 Saving config file
20:11:13 saveConfig: saving-data
20:11:13 Saving sacks file
20:11:32 saveConfig: auto-save-60s
20:11:32 Saving config file
20:11:42 saveConfig: saving-data
20:11:42 Saving sacks file
20:12:11 saveConfig: saving-data
20:12:11 Saving sacks file
20:12:32 saveConfig: auto-save-60s
20:12:32 Saving config file
20:12:38 saveConfig: saving-data
20:12:38 Saving sacks file
20:13:22 saveConfig: saving-data
20:13:22 Saving sacks file
20:13:32 saveConfig: auto-save-60s
20:13:32 Saving config file
20:13:41 saveConfig: saving-data
20:13:41 Saving sacks file
20:14:02 saveConfig: saving-data
20:14:02 Saving sacks file
20:14:32 saveConfig: auto-save-60s
20:14:32 Saving config file
20:15:32 saveConfig: auto-save-60s
20:15:32 Saving config file
20:16:32 saveConfig: auto-save-60s
20:16:32 Saving config file
20:17:32 saveConfig: auto-save-60s
20:17:32 Saving config file
20:18:32 saveConfig: auto-save-60s
20:18:32 Saving config file
20:19:32 saveConfig: auto-save-60s
20:19:32 Saving config file
20:20:32 saveConfig: auto-save-60s
20:20:32 Saving config file
20:21:32 saveConfig: auto-save-60s
20:21:32 Saving config file
20:22:32 saveConfig: auto-save-60s
20:22:32 Saving config file
20:23:32 saveConfig: auto-save-60s
20:23:32 Saving config file
20:24:32 saveConfig: auto-save-60s
20:24:32 Saving config file
20:25:32 saveConfig: auto-save-60s
20:25:32 Saving config file
20:26:32 saveConfig: auto-save-60s
20:26:32 Saving config file
20:27:32 saveConfig: auto-save-60s
20:27:32 Saving config file
20:28:32 saveConfig: auto-save-60s
20:28:32 Saving config file
20:29:32 saveConfig: auto-save-60s
20:29:32 Saving config file
20:30:32 saveConfig: auto-save-60s
20:30:32 Saving config file
20:31:32 saveConfig: auto-save-60s
20:31:32 Saving config file
20:32:32 saveConfig: auto-save-60s
20:32:32 Saving config file
20:33:32 saveConfig: auto-save-60s
20:33:32 Saving config file
20:34:32 saveConfig: auto-save-60s
20:34:32 Saving config file
20:35:32 saveConfig: auto-save-60s
20:35:32 Saving config file
20:36:32 saveConfig: auto-save-60s
20:36:32 Saving config file
20:37:32 saveConfig: auto-save-60s
20:37:32 Saving config file
20:38:32 saveConfig: auto-save-60s
20:38:32 Saving config file
20:39:32 saveConfig: auto-save-60s
20:39:32 Saving config file
20:40:32 saveConfig: auto-save-60s
20:40:32 Saving config file
20:41:05 saveConfig: saving-data
20:41:05 Saving sacks file
20:41:32 saveConfig: auto-save-60s
20:41:32 Saving config file
20:41:39 saveConfig: saving-data
20:41:39 Saving sacks file
20:42:01 saveConfig: saving-data
20:42:01 Saving sacks file
20:42:14 saveConfig: saving-data
20:42:14 Saving sacks file
20:42:32 saveConfig: auto-save-60s
20:42:32 Saving config file
20:42:40 saveConfig: saving-data
20:42:40 Saving sacks file
20:43:32 saveConfig: auto-save-60s
20:43:32 Saving config file
20:43:37 saveConfig: saving-data
20:43:37 Saving sacks file
20:44:20 saveConfig: saving-data
20:44:20 Saving sacks file
20:44:26 saveConfig: saving-data
20:44:26 Saving sacks file
20:44:32 saveConfig: auto-save-60s
20:44:32 Saving config file
20:44:43 saveConfig: saving-data
20:44:43 Saving sacks file
20:45:32 saveConfig: auto-save-60s
20:45:32 Saving config file
20:46:32 saveConfig: auto-save-60s
20:46:32 Saving config file
20:46:50 saveConfig: saving-data
20:46:50 Saving sacks file
20:47:30 saveConfig: saving-data
20:47:30 Saving sacks file
20:47:32 saveConfig: auto-save-60s
20:47:32 Saving config file
20:48:19 saveConfig: saving-data
20:48:19 Saving sacks file
20:48:32 saveConfig: auto-save-60s
20:48:32 Saving config file
20:48:42 saveConfig: saving-data
20:48:42 Saving sacks file
20:49:10 saveConfig: saving-data
20:49:10 Saving sacks file
20:49:32 saveConfig: auto-save-60s
20:49:32 Saving config file
20:49:42 saveConfig: saving-data
20:49:42 Saving sacks file
20:49:49 saveConfig: saving-data
20:49:49 Saving sacks file
20:50:32 saveConfig: auto-save-60s
20:50:32 Saving config file
20:50:48 saveConfig: saving-data
20:50:48 Saving sacks file
20:50:58 saveConfig: saving-data
20:50:58 Saving sacks file
20:51:29 saveConfig: saving-data
20:51:29 Saving sacks file
20:51:32 saveConfig: auto-save-60s
20:51:32 Saving config file
20:52:21 saveConfig: saving-data
20:52:21 Saving sacks file
20:52:32 saveConfig: auto-save-60s
20:52:32 Saving config file
20:52:44 saveConfig: saving-data
20:52:44 Saving sacks file
20:53:05 saveConfig: saving-data
20:53:05 Saving sacks file
20:53:32 saveConfig: auto-save-60s
20:53:32 Saving config file
20:54:32 saveConfig: auto-save-60s
20:54:32 Saving config file
20:54:56 saveConfig: saving-data
20:54:56 Saving sacks file
20:55:32 saveConfig: auto-save-60s
20:55:32 Saving config file
20:55:39 saveConfig: saving-data
20:55:39 Saving sacks file
20:56:02 saveConfig: saving-data
20:56:02 Saving sacks file
20:56:20 saveConfig: saving-data
20:56:20 Saving sacks file
20:56:32 saveConfig: auto-save-60s
20:56:32 Saving config file
20:56:44 saveConfig: saving-data
20:56:44 Saving sacks file
20:56:50 saveConfig: saving-data
20:56:50 Saving sacks file
20:57:10 saveConfig: saving-data
20:57:10 Saving sacks file
20:57:32 saveConfig: auto-save-60s
20:57:32 Saving config file
20:57:43 saveConfig: saving-data
20:57:43 Saving sacks file
20:58:13 saveConfig: saving-data
20:58:13 Saving sacks file
20:58:23 saveConfig: saving-data
20:58:23 Saving sacks file
20:58:32 saveConfig: auto-save-60s
20:58:32 Saving config file
20:58:54 saveConfig: saving-data
20:58:54 Saving sacks file
20:59:22 saveConfig: saving-data
20:59:22 Saving sacks file
20:59:32 saveConfig: auto-save-60s
20:59:32 Saving config file
21:00:02 saveConfig: saving-data
21:00:02 Saving sacks file
21:00:32 saveConfig: auto-save-60s
21:00:32 Saving config file
21:00:33 saveConfig: saving-data
21:00:33 Saving sacks file
21:01:04 saveConfig: saving-data
21:01:04 Saving sacks file
21:01:32 saveConfig: auto-save-60s
21:01:32 Saving config file
21:01:51 saveConfig: saving-data
21:01:51 Saving sacks file
21:02:29 saveConfig: saving-data
21:02:29 Saving sacks file
21:02:32 saveConfig: auto-save-60s
21:02:32 Saving config file
21:03:08 saveConfig: saving-data
21:03:08 Saving sacks file
21:03:32 saveConfig: auto-save-60s
21:03:32 Saving config file
21:03:56 saveConfig: saving-data
21:03:56 Saving sacks file
21:04:07 saveConfig: saving-data
21:04:07 Saving sacks file
21:04:32 saveConfig: auto-save-60s
21:04:32 Saving config file
21:04:45 saveConfig: saving-data
21:04:45 Saving sacks file
21:05:12 saveConfig: saving-data
21:05:12 Saving sacks file
21:05:32 saveConfig: auto-save-60s
21:05:32 Saving config file
21:06:11 saveConfig: saving-data
21:06:11 Saving sacks file
21:06:32 saveConfig: auto-save-60s
21:06:32 Saving config file
21:06:40 saveConfig: saving-data
21:06:40 Saving sacks file
21:07:14 saveConfig: saving-data
21:07:14 Saving sacks file
21:07:20 saveConfig: saving-data
21:07:20 Saving sacks file
21:07:32 saveConfig: saving-data
21:07:32 Saving sacks file
21:07:32 saveConfig: auto-save-60s
21:07:32 Saving config file
21:07:50 saveConfig: saving-data
21:07:50 Saving sacks file
21:08:14 saveConfig: saving-data
21:08:14 Saving sacks file
21:08:24 saveConfig: saving-data
21:08:24 Saving sacks file
21:08:32 saveConfig: auto-save-60s
21:08:32 Saving config file
21:09:01 saveConfig: saving-data
21:09:01 Saving sacks file
21:09:17 saveConfig: saving-data
21:09:17 Saving sacks file
21:09:32 saveConfig: auto-save-60s
21:09:32 Saving config file
21:09:48 saveConfig: saving-data
21:09:48 Saving sacks file
21:09:57 saveConfig: saving-data
21:09:57 Saving sacks file
21:10:14 saveConfig: saving-data
21:10:14 Saving sacks file
21:10:32 saveConfig: auto-save-60s
21:10:32 Saving config file
21:10:34 saveConfig: saving-data
21:10:34 Saving sacks file
21:10:58 saveConfig: saving-data
21:10:58 Saving sacks file
21:11:16 saveConfig: saving-data
21:11:16 Saving sacks file
21:11:32 saveConfig: auto-save-60s
21:11:32 Saving config file
21:11:41 saveConfig: saving-data
21:11:41 Saving sacks file
21:12:11 saveConfig: saving-data
21:12:11 Saving sacks file
21:12:30 saveConfig: saving-data
21:12:30 Saving sacks file
21:12:32 saveConfig: auto-save-60s
21:12:32 Saving config file
21:12:58 saveConfig: saving-data
21:12:58 Saving sacks file
21:13:27 saveConfig: saving-data
21:13:27 Saving sacks file
21:13:32 saveConfig: auto-save-60s
21:13:32 Saving config file
21:13:51 saveConfig: saving-data
21:13:51 Saving sacks file
21:14:32 saveConfig: auto-save-60s
21:14:32 Saving config file
21:14:35 saveConfig: saving-data
21:14:35 Saving sacks file
21:14:52 saveConfig: saving-data
21:14:52 Saving sacks file
21:15:20 saveConfig: saving-data
21:15:20 Saving sacks file
21:15:32 saveConfig: auto-save-60s
21:15:32 Saving config file
21:15:40 saveConfig: saving-data
21:15:40 Saving sacks file
21:15:54 saveConfig: saving-data
21:15:54 Saving sacks file
21:16:32 saveConfig: auto-save-60s
21:16:32 Saving config file
21:16:33 saveConfig: saving-data
21:16:33 Saving sacks file
21:16:42 saveConfig: saving-data
21:16:42 Saving sacks file
21:16:51 saveConfig: saving-data
21:16:51 Saving sacks file
21:17:02 saveConfig: saving-data
21:17:02 Saving sacks file
21:17:12 saveConfig: saving-data
21:17:12 Saving sacks file
21:17:32 saveConfig: auto-save-60s
21:17:32 Saving config file
21:18:11 saveConfig: saving-data
21:18:11 Saving sacks file
21:18:32 saveConfig: auto-save-60s
21:18:32 Saving config file
21:18:47 saveConfig: saving-data
21:18:47 Saving sacks file
21:19:15 saveConfig: saving-data
21:19:15 Saving sacks file
21:19:32 saveConfig: auto-save-60s
21:19:32 Saving config file
21:19:53 saveConfig: saving-data
21:19:53 Saving sacks file
21:20:02 saveConfig: saving-data
21:20:02 Saving sacks file
21:20:17 saveConfig: saving-data
21:20:17 Saving sacks file
21:20:32 saveConfig: auto-save-60s
21:20:32 Saving config file
21:20:47 saveConfig: saving-data
21:20:47 Saving sacks file
21:21:25 saveConfig: saving-data
21:21:25 Saving sacks file
21:21:32 saveConfig: auto-save-60s
21:21:32 Saving config file
21:21:35 saveConfig: saving-data
21:21:35 Saving sacks file
21:22:10 saveConfig: saving-data
21:22:10 Saving sacks file
21:22:30 saveConfig: saving-data
21:22:30 Saving sacks file
21:22:32 saveConfig: auto-save-60s
21:22:32 Saving config file
21:22:57 saveConfig: saving-data
21:22:57 Saving sacks file
21:23:32 saveConfig: auto-save-60s
21:23:32 Saving config file
21:23:42 saveConfig: saving-data
21:23:42 Saving sacks file
21:24:17 saveConfig: saving-data
21:24:17 Saving sacks file
21:24:32 saveConfig: auto-save-60s
21:24:32 Saving config file
21:24:39 saveConfig: saving-data
21:24:39 Saving sacks file
21:24:59 saveConfig: saving-data
21:24:59 Saving sacks file
21:25:32 saveConfig: auto-save-60s
21:25:32 Saving config file
21:26:32 saveConfig: auto-save-60s
21:26:32 Saving config file
21:27:32 saveConfig: auto-save-60s
21:27:32 Saving config file
21:28:32 saveConfig: auto-save-60s
21:28:32 Saving config file
21:29:32 saveConfig: auto-save-60s
21:29:32 Saving config file
21:29:43 saveConfig: saving-data
21:29:43 Saving sacks file
21:29:55 saveConfig: saving-data
21:29:55 Saving sacks file
21:30:06 saveConfig: saving-data
21:30:06 Saving sacks file
21:30:15 saveConfig: saving-data
21:30:15 Saving sacks file
21:30:28 saveConfig: saving-data
21:30:28 Saving sacks file
21:30:32 saveConfig: auto-save-60s
21:30:32 Saving config file
21:30:39 saveConfig: saving-data
21:30:39 Saving sacks file
21:30:46 saveConfig: saving-data
21:30:46 Saving sacks file
21:31:32 saveConfig: auto-save-60s
21:31:32 Saving config file
21:32:32 saveConfig: auto-save-60s
21:32:32 Saving config file
21:33:32 saveConfig: auto-save-60s
21:33:32 Saving config file
21:34:32 saveConfig: auto-save-60s
21:34:32 Saving config file
21:35:32 saveConfig: auto-save-60s
21:35:32 Saving config file
21:36:32 saveConfig: auto-save-60s
21:36:32 Saving config file
21:37:32 saveConfig: auto-save-60s
21:37:32 Saving config file
21:38:12 saveConfig: saving-data
21:38:12 Saving sacks file
21:38:20 saveConfig: saving-data
21:38:20 Saving sacks file
21:38:32 saveConfig: auto-save-60s
21:38:32 Saving config file
21:39:32 saveConfig: auto-save-60s
21:39:32 Saving config file
21:40:32 saveConfig: auto-save-60s
21:40:32 Saving config file
21:41:32 saveConfig: auto-save-60s
21:41:32 Saving config file
21:42:32 saveConfig: auto-save-60s
21:42:32 Saving config file
21:42:48 saveConfig: saving-data
21:42:48 Saving sacks file
21:43:32 saveConfig: auto-save-60s
21:43:32 Saving config file
21:43:33 saveConfig: saving-data
21:43:33 Saving sacks file
21:44:16 saveConfig: saving-data
21:44:16 Saving sacks file
21:44:32 saveConfig: auto-save-60s
21:44:32 Saving config file
21:45:13 saveConfig: saving-data
21:45:13 Saving sacks file
21:45:32 saveConfig: auto-save-60s
21:45:32 Saving config file
21:45:37 saveConfig: saving-data
21:45:37 Saving sacks file
21:45:51 saveConfig: saving-data
21:45:51 Saving sacks file
21:46:18 saveConfig: saving-data
21:46:18 Saving sacks file
21:46:32 saveConfig: auto-save-60s
21:46:32 Saving config file
21:46:36 saveConfig: saving-data
21:46:36 Saving sacks file
21:46:55 saveConfig: saving-data
21:46:55 Saving sacks file
21:47:32 saveConfig: saving-data
21:47:32 Saving sacks file
21:47:32 saveConfig: auto-save-60s
21:47:32 Saving config file
21:47:52 saveConfig: saving-data
21:47:52 Saving sacks file
21:48:25 saveConfig: saving-data
21:48:25 Saving sacks file
21:48:32 saveConfig: auto-save-60s
21:48:32 Saving config file
21:48:56 saveConfig: saving-data
21:48:56 Saving sacks file
21:49:08 saveConfig: saving-data
21:49:08 Saving sacks file
21:49:27 saveConfig: saving-data
21:49:27 Saving sacks file
21:49:32 saveConfig: auto-save-60s
21:49:32 Saving config file
21:49:56 saveConfig: saving-data
21:49:56 Saving sacks file
21:50:12 saveConfig: saving-data
21:50:12 Saving sacks file
21:50:32 saveConfig: auto-save-60s
21:50:32 Saving config file
21:51:32 saveConfig: auto-save-60s
21:51:32 Saving config file
21:52:32 saveConfig: auto-save-60s
21:52:32 Saving config file
21:53:32 saveConfig: auto-save-60s
21:53:32 Saving config file
21:53:59 saveConfig: saving-data
21:53:59 Saving sacks file
21:54:07 saveConfig: saving-data
21:54:07 Saving sacks file
21:54:32 saveConfig: auto-save-60s
21:54:32 Saving config file
21:54:41 saveConfig: saving-data
21:54:41 Saving sacks file
21:55:32 saveConfig: auto-save-60s
21:55:32 Saving config file
21:56:32 saveConfig: auto-save-60s
21:56:32 Saving config file
21:57:32 saveConfig: auto-save-60s
21:57:32 Saving config file
21:58:32 saveConfig: auto-save-60s
21:58:32 Saving config file
21:59:01 saveConfig: saving-data
21:59:01 Saving sacks file
21:59:31 saveConfig: saving-data
21:59:31 Saving sacks file
21:59:32 saveConfig: auto-save-60s
21:59:32 Saving config file
22:00:07 saveConfig: saving-data
22:00:07 Saving sacks file
22:00:32 saveConfig: auto-save-60s
22:00:32 Saving config file
22:01:32 saveConfig: auto-save-60s
22:01:32 Saving config file
22:01:36 saveConfig: saving-data
22:01:36 Saving sacks file
22:01:47 saveConfig: saving-data
22:01:47 Saving sacks file
22:02:09 saveConfig: saving-data
22:02:09 Saving sacks file
22:02:23 saveConfig: saving-data
22:02:23 Saving sacks file
22:02:32 saveConfig: auto-save-60s
22:02:32 Saving config file
22:03:32 saveConfig: auto-save-60s
22:03:32 Saving config file
22:04:32 saveConfig: auto-save-60s
22:04:32 Saving config file
22:05:01 saveConfig: saving-data
22:05:01 Saving sacks file
22:05:30 saveConfig: saving-data
22:05:30 Saving sacks file
22:05:32 saveConfig: auto-save-60s
22:05:32 Saving config file
22:05:48 saveConfig: saving-data
22:05:48 Saving sacks file
22:06:09 saveConfig: saving-data
22:06:09 Saving sacks file
22:06:32 saveConfig: auto-save-60s
22:06:32 Saving config file
22:06:57 saveConfig: saving-data
22:06:57 Saving sacks file
22:07:09 saveConfig: saving-data
22:07:09 Saving sacks file
22:07:32 saveConfig: auto-save-60s
22:07:32 Saving config file
22:08:08 saveConfig: saving-data
22:08:08 Saving sacks file
22:08:32 saveConfig: auto-save-60s
22:08:32 Saving config file
22:08:53 saveConfig: saving-data
22:08:53 Saving sacks file
22:09:25 saveConfig: saving-data
22:09:25 Saving sacks file
22:09:32 saveConfig: auto-save-60s
22:09:32 Saving config file
22:09:44 saveConfig: saving-data
22:09:44 Saving sacks file
22:09:56 saveConfig: saving-data
22:09:56 Saving sacks file
22:10:18 saveConfig: saving-data
22:10:18 Saving sacks file
22:10:28 saveConfig: saving-data
22:10:28 Saving sacks file
22:10:32 saveConfig: auto-save-60s
22:10:32 Saving config file
22:11:00 saveConfig: saving-data
22:11:00 Saving sacks file
22:11:32 saveConfig: saving-data
22:11:32 Saving sacks file
22:11:32 saveConfig: auto-save-60s
22:11:32 Saving config file
22:12:05 saveConfig: saving-data
22:12:05 Saving sacks file
22:12:32 saveConfig: auto-save-60s
22:12:32 Saving config file
22:12:40 saveConfig: saving-data
22:12:40 Saving sacks file
22:13:03 saveConfig: saving-data
22:13:03 Saving sacks file
22:13:15 saveConfig: saving-data
22:13:15 Saving sacks file
22:13:32 saveConfig: auto-save-60s
22:13:32 Saving config file
22:13:51 saveConfig: saving-data
22:13:51 Saving sacks file
22:14:05 saveConfig: saving-data
22:14:05 Saving sacks file
22:14:16 saveConfig: saving-data
22:14:16 Saving sacks file
22:14:25 saveConfig: saving-data
22:14:25 Saving sacks file
22:14:32 saveConfig: auto-save-60s
22:14:32 Saving config file
22:14:40 saveConfig: saving-data
22:14:40 Saving sacks file
22:15:32 saveConfig: auto-save-60s
22:15:32 Saving config file
22:15:55 saveConfig: saving-data
22:15:55 Saving sacks file
22:16:08 saveConfig: saving-data
22:16:08 Saving sacks file
22:16:24 saveConfig: saving-data
22:16:24 Saving sacks file
22:16:32 saveConfig: saving-data
22:16:32 Saving sacks file
22:16:32 saveConfig: auto-save-60s
22:16:32 Saving config file
22:17:05 saveConfig: saving-data
22:17:05 Saving sacks file
22:17:32 saveConfig: auto-save-60s
22:17:32 Saving config file
22:17:51 saveConfig: saving-data
22:17:51 Saving sacks file
22:18:25 saveConfig: saving-data
22:18:25 Saving sacks file
22:18:32 saveConfig: saving-data
22:18:32 Saving sacks file
22:18:32 saveConfig: auto-save-60s
22:18:32 Saving config file
22:18:43 saveConfig: saving-data
22:18:43 Saving sacks file
22:19:11 saveConfig: saving-data
22:19:11 Saving sacks file
22:19:32 saveConfig: auto-save-60s
22:19:32 Saving config file
22:19:52 saveConfig: saving-data
22:19:52 Saving sacks file
22:20:05 saveConfig: saving-data
22:20:05 Saving sacks file
22:20:32 saveConfig: auto-save-60s
22:20:32 Saving config file
22:20:58 saveConfig: saving-data
22:20:58 Saving sacks file
22:21:32 saveConfig: auto-save-60s
22:21:32 Saving config file
22:22:32 saveConfig: auto-save-60s
22:22:32 Saving config file
22:23:32 saveConfig: auto-save-60s
22:23:32 Saving config file
22:24:32 saveConfig: auto-save-60s
22:24:32 Saving config file
22:25:24 saveConfig: saving-data
22:25:24 Saving sacks file
22:25:32 saveConfig: auto-save-60s
22:25:32 Saving config file
22:26:00 saveConfig: saving-data
22:26:00 Saving sacks file
22:26:30 saveConfig: saving-data
22:26:30 Saving sacks file
22:26:32 saveConfig: auto-save-60s
22:26:32 Saving config file
22:27:03 saveConfig: saving-data
22:27:03 Saving sacks file
22:27:32 saveConfig: saving-data
22:27:32 Saving sacks file
22:27:32 saveConfig: auto-save-60s
22:27:32 Saving config file
22:28:01 saveConfig: saving-data
22:28:01 Saving sacks file
22:28:32 saveConfig: auto-save-60s
22:28:32 Saving config file
22:28:34 saveConfig: saving-data
22:28:34 Saving sacks file
22:29:06 saveConfig: saving-data
22:29:06 Saving sacks file
22:29:14 saveConfig: saving-data
22:29:14 Saving sacks file
22:29:23 saveConfig: saving-data
22:29:23 Saving sacks file
22:29:31 saveConfig: saving-data
22:29:31 Saving sacks file
22:29:32 saveConfig: auto-save-60s
22:29:32 Saving config file
22:29:39 saveConfig: saving-data
22:29:39 Saving sacks file
22:29:51 saveConfig: saving-data
22:29:51 Saving sacks file
22:29:58 saveConfig: saving-data
22:29:58 Saving sacks file
22:30:17 saveConfig: saving-data
22:30:17 Saving sacks file
22:30:27 saveConfig: saving-data
22:30:27 Saving sacks file
22:30:32 saveConfig: auto-save-60s
22:30:32 Saving config file
22:31:32 saveConfig: auto-save-60s
22:31:32 Saving config file
22:31:33 saveConfig: saving-data
22:31:33 Saving sacks file
22:32:07 saveConfig: saving-data
22:32:07 Saving sacks file
22:32:13 saveConfig: saving-data
22:32:13 Saving sacks file
22:32:32 saveConfig: auto-save-60s
22:32:32 Saving config file
22:32:54 saveConfig: saving-data
22:32:54 Saving sacks file
22:33:16 saveConfig: saving-data
22:33:16 Saving sacks file
22:33:32 saveConfig: auto-save-60s
22:33:32 Saving config file
22:33:55 saveConfig: saving-data
22:33:55 Saving sacks file
22:34:10 saveConfig: saving-data
22:34:10 Saving sacks file
22:34:21 saveConfig: saving-data
22:34:21 Saving sacks file
22:34:32 saveConfig: auto-save-60s
22:34:32 Saving config file
22:34:34 saveConfig: saving-data
22:34:34 Saving sacks file
22:34:55 saveConfig: saving-data
22:34:55 Saving sacks file
22:35:32 saveConfig: auto-save-60s
22:35:32 Saving config file
22:35:44 saveConfig: saving-data
22:35:44 Saving sacks file
22:35:53 saveConfig: saving-data
22:35:53 Saving sacks file
22:36:15 saveConfig: saving-data
22:36:15 Saving sacks file
22:36:32 saveConfig: auto-save-60s
22:36:32 Saving config file
22:36:37 saveConfig: saving-data
22:36:37 Saving sacks file
22:37:10 saveConfig: saving-data
22:37:10 Saving sacks file
22:37:32 saveConfig: auto-save-60s
22:37:32 Saving config file
22:38:02 saveConfig: saving-data
22:38:02 Saving sacks file
22:38:31 saveConfig: saving-data
22:38:31 Saving sacks file
22:38:32 saveConfig: auto-save-60s
22:38:32 Saving config file
22:38:46 saveConfig: saving-data
22:38:46 Saving sacks file
22:39:05 saveConfig: saving-data
22:39:05 Saving sacks file
22:39:28 saveConfig: saving-data
22:39:28 Saving sacks file
22:39:32 saveConfig: auto-save-60s
22:39:32 Saving config file
22:40:02 saveConfig: saving-data
22:40:02 Saving sacks file
22:40:21 saveConfig: saving-data
22:40:21 Saving sacks file
22:40:32 saveConfig: auto-save-60s
22:40:32 Saving config file
22:40:59 saveConfig: saving-data
22:40:59 Saving sacks file
22:41:05 saveConfig: saving-data
22:41:05 Saving sacks file
22:41:32 saveConfig: auto-save-60s
22:41:32 Saving config file
22:41:33 saveConfig: saving-data
22:41:33 Saving sacks file
22:41:58 saveConfig: saving-data
22:41:58 Saving sacks file
22:42:10 saveConfig: saving-data
22:42:10 Saving sacks file
22:42:32 saveConfig: auto-save-60s
22:42:32 Saving config file
22:42:34 saveConfig: saving-data
22:42:34 Saving sacks file
22:43:09 saveConfig: saving-data
22:43:09 Saving sacks file
22:43:32 saveConfig: auto-save-60s
22:43:32 Saving config file
22:43:41 saveConfig: saving-data
22:43:41 Saving sacks file
22:43:48 saveConfig: saving-data
22:43:48 Saving sacks file
22:44:27 saveConfig: saving-data
22:44:27 Saving sacks file
22:44:32 saveConfig: auto-save-60s
22:44:32 Saving config file
22:44:54 saveConfig: saving-data
22:44:54 Saving sacks file
22:45:29 saveConfig: saving-data
22:45:29 Saving sacks file
22:45:32 saveConfig: auto-save-60s
22:45:32 Saving config file
22:46:01 saveConfig: saving-data
22:46:01 Saving sacks file
22:46:27 saveConfig: saving-data
22:46:27 Saving sacks file
22:46:32 saveConfig: auto-save-60s
22:46:32 Saving config file
22:47:25 saveConfig: saving-data
22:47:25 Saving sacks file
22:47:32 saveConfig: auto-save-60s
22:47:32 Saving config file
22:47:55 saveConfig: saving-data
22:47:55 Saving sacks file
22:48:20 saveConfig: saving-data
22:48:20 Saving sacks file
22:48:32 saveConfig: auto-save-60s
22:48:32 Saving config file
22:48:33 saveConfig: saving-data
22:48:33 Saving sacks file
22:49:07 saveConfig: saving-data
22:49:07 Saving sacks file
22:49:32 saveConfig: auto-save-60s
22:49:32 Saving config file
22:49:42 saveConfig: saving-data
22:49:42 Saving sacks file
22:50:07 saveConfig: saving-data
22:50:07 Saving sacks file
22:50:32 saveConfig: auto-save-60s
22:50:32 Saving config file
22:50:42 saveConfig: saving-data
22:50:42 Saving sacks file
22:51:19 saveConfig: saving-data
22:51:19 Saving sacks file
22:51:32 saveConfig: auto-save-60s
22:51:32 Saving config file
22:51:49 saveConfig: saving-data
22:51:49 Saving sacks file
22:52:12 saveConfig: saving-data
22:52:12 Saving sacks file
22:52:32 saveConfig: auto-save-60s
22:52:32 Saving config file
22:52:44 saveConfig: saving-data
22:52:44 Saving sacks file
22:53:20 saveConfig: saving-data
22:53:20 Saving sacks file
22:53:32 saveConfig: saving-data
22:53:32 Saving sacks file
22:53:32 saveConfig: auto-save-60s
22:53:32 Saving config file
22:54:08 saveConfig: saving-data
22:54:08 Saving sacks file
22:54:32 saveConfig: auto-save-60s
22:54:32 Saving config file
22:54:33 saveConfig: saving-data
22:54:33 Saving sacks file
22:55:07 saveConfig: saving-data
22:55:07 Saving sacks file
22:55:32 saveConfig: auto-save-60s
22:55:32 Saving config file
22:55:45 saveConfig: saving-data
22:55:45 Saving sacks file
22:56:22 saveConfig: saving-data
22:56:22 Saving sacks file
22:56:32 saveConfig: auto-save-60s
22:56:32 Saving config file
22:56:54 saveConfig: saving-data
22:56:54 Saving sacks file
22:57:30 saveConfig: saving-data
22:57:30 Saving sacks file
22:57:32 saveConfig: auto-save-60s
22:57:32 Saving config file
22:58:04 saveConfig: saving-data
22:58:04 Saving sacks file
22:58:16 saveConfig: saving-data
22:58:16 Saving sacks file
22:58:32 saveConfig: auto-save-60s
22:58:32 Saving config file
22:58:48 saveConfig: saving-data
22:58:48 Saving sacks file
22:59:05 saveConfig: saving-data
22:59:05 Saving sacks file
22:59:32 saveConfig: auto-save-60s
22:59:32 Saving config file
22:59:37 saveConfig: saving-data
22:59:37 Saving sacks file
23:00:27 saveConfig: saving-data
23:00:27 Saving sacks file
23:00:32 saveConfig: auto-save-60s
23:00:32 Saving config file
23:00:55 saveConfig: saving-data
23:00:55 Saving sacks file
23:01:02 saveConfig: saving-data
23:01:02 Saving sacks file
23:01:30 saveConfig: saving-data
23:01:30 Saving sacks file
23:01:32 saveConfig: auto-save-60s
23:01:32 Saving config file
23:01:46 saveConfig: saving-data
23:01:46 Saving sacks file
23:02:11 saveConfig: saving-data
23:02:11 Saving sacks file
23:02:32 saveConfig: auto-save-60s
23:02:32 Saving config file
23:03:30 saveConfig: saving-data
23:03:30 Saving sacks file
23:03:32 saveConfig: auto-save-60s
23:03:32 Saving config file
23:03:53 saveConfig: saving-data
23:03:53 Saving sacks file
23:04:32 saveConfig: auto-save-60s
23:04:32 Saving config file
23:04:42 saveConfig: saving-data
23:04:42 Saving sacks file
23:05:25 saveConfig: saving-data
23:05:25 Saving sacks file
23:05:32 saveConfig: auto-save-60s
23:05:32 Saving config file
23:06:03 saveConfig: saving-data
23:06:03 Saving sacks file
23:06:09 saveConfig: saving-data
23:06:09 Saving sacks file
23:06:21 saveConfig: saving-data
23:06:21 Saving sacks file
23:06:32 saveConfig: auto-save-60s
23:06:32 Saving config file
23:06:56 saveConfig: saving-data
23:06:56 Saving sacks file
23:07:32 saveConfig: auto-save-60s
23:07:32 Saving config file
23:07:34 saveConfig: saving-data
23:07:34 Saving sacks file
23:08:03 saveConfig: saving-data
23:08:03 Saving sacks file
23:08:32 saveConfig: auto-save-60s
23:08:32 Saving config file
23:08:33 saveConfig: saving-data
23:08:33 Saving sacks file
23:08:49 saveConfig: saving-data
23:08:49 Saving sacks file
23:09:18 saveConfig: saving-data
23:09:18 Saving sacks file
23:09:32 saveConfig: auto-save-60s
23:09:32 Saving config file
23:09:42 saveConfig: saving-data
23:09:42 Saving sacks file
23:10:13 saveConfig: saving-data
23:10:13 Saving sacks file
23:10:32 saveConfig: auto-save-60s
23:10:32 Saving config file
23:10:33 saveConfig: saving-data
23:10:33 Saving sacks file
23:11:12 saveConfig: saving-data
23:11:12 Saving sacks file
23:11:32 saveConfig: auto-save-60s
23:11:32 Saving config file
23:11:59 saveConfig: saving-data
23:11:59 Saving sacks file
23:12:28 saveConfig: saving-data
23:12:28 Saving sacks file
23:12:32 saveConfig: auto-save-60s
23:12:32 Saving config file
23:13:05 saveConfig: saving-data
23:13:05 Saving sacks file
23:13:14 saveConfig: saving-data
23:13:14 Saving sacks file
23:13:30 saveConfig: saving-data
23:13:30 Saving sacks file
23:13:32 saveConfig: auto-save-60s
23:13:32 Saving config file
23:13:54 saveConfig: saving-data
23:13:54 Saving sacks file
23:14:04 saveConfig: saving-data
23:14:04 Saving sacks file
23:14:23 saveConfig: saving-data
23:14:23 Saving sacks file
23:14:32 saveConfig: auto-save-60s
23:14:32 Saving config file
23:14:46 saveConfig: saving-data
23:14:46 Saving sacks file
23:14:55 saveConfig: saving-data
23:14:55 Saving sacks file
23:15:18 saveConfig: saving-data
23:15:18 Saving sacks file
23:15:32 saveConfig: auto-save-60s
23:15:32 Saving config file
23:15:47 saveConfig: saving-data
23:15:47 Saving sacks file
23:16:31 saveConfig: saving-data
23:16:31 Saving sacks file
23:16:32 saveConfig: auto-save-60s
23:16:32 Saving config file
23:16:53 saveConfig: saving-data
23:16:53 Saving sacks file
23:17:15 saveConfig: saving-data
23:17:15 Saving sacks file
23:17:22 saveConfig: saving-data
23:17:22 Saving sacks file
23:17:32 saveConfig: auto-save-60s
23:17:32 Saving config file
23:17:40 saveConfig: saving-data
23:17:40 Saving sacks file
23:17:53 saveConfig: saving-data
23:17:53 Saving sacks file
23:18:32 saveConfig: auto-save-60s
23:18:32 Saving config file
23:18:50 saveConfig: saving-data
23:18:50 Saving sacks file
23:19:18 saveConfig: saving-data
23:19:18 Saving sacks file
23:19:32 saveConfig: auto-save-60s
23:19:32 Saving config file
23:19:53 saveConfig: saving-data
23:19:53 Saving sacks file
23:20:32 saveConfig: auto-save-60s
23:20:32 Saving config file
23:20:34 saveConfig: saving-data
23:20:34 Saving sacks file
23:20:46 saveConfig: saving-data
23:20:46 Saving sacks file
23:21:31 saveConfig: saving-data
23:21:31 Saving sacks file
23:21:32 saveConfig: auto-save-60s
23:21:32 Saving config file
23:21:39 saveConfig: saving-data
23:21:39 Saving sacks file
23:22:02 saveConfig: saving-data
23:22:02 Saving sacks file
23:22:09 saveConfig: saving-data
23:22:09 Saving sacks file
23:22:16 saveConfig: saving-data
23:22:16 Saving sacks file
23:22:32 saveConfig: auto-save-60s
23:22:32 Saving config file
23:22:54 saveConfig: saving-data
23:22:54 Saving sacks file
23:23:20 saveConfig: saving-data
23:23:20 Saving sacks file
23:23:32 saveConfig: auto-save-60s
23:23:32 Saving config file
23:24:32 saveConfig: auto-save-60s
23:24:32 Saving config file
23:24:33 saveConfig: saving-data
23:24:33 Saving sacks file
23:24:51 saveConfig: saving-data
23:24:51 Saving sacks file
23:25:16 saveConfig: saving-data
23:25:16 Saving sacks file
23:25:32 saveConfig: auto-save-60s
23:25:32 Saving config file
23:25:41 saveConfig: saving-data
23:25:41 Saving sacks file
23:25:55 saveConfig: saving-data
23:25:55 Saving sacks file
23:26:05 saveConfig: saving-data
23:26:05 Saving sacks file
23:26:23 saveConfig: saving-data
23:26:23 Saving sacks file
23:26:32 saveConfig: auto-save-60s
23:26:32 Saving config file
23:26:51 saveConfig: saving-data
23:26:51 Saving sacks file
23:27:32 saveConfig: auto-save-60s
23:27:32 Saving config file
23:27:38 saveConfig: saving-data
23:27:38 Saving sacks file
23:27:59 saveConfig: saving-data
23:27:59 Saving sacks file
23:28:22 saveConfig: saving-data
23:28:22 Saving sacks file
23:28:32 saveConfig: auto-save-60s
23:28:32 Saving config file
23:29:32 saveConfig: auto-save-60s
23:29:32 Saving config file
23:30:32 saveConfig: auto-save-60s
23:30:32 Saving config file
23:31:32 saveConfig: auto-save-60s
23:31:32 Saving config file
23:32:32 saveConfig: auto-save-60s
23:32:32 Saving config file
23:33:32 saveConfig: auto-save-60s
23:33:32 Saving config file
23:34:32 saveConfig: auto-save-60s
23:34:32 Saving config file
23:35:32 saveConfig: auto-save-60s
23:35:32 Saving config file
23:36:32 saveConfig: auto-save-60s
23:36:32 Saving config file
23:37:32 saveConfig: auto-save-60s
23:37:32 Saving config file
23:38:04 saveConfig: saving-data
23:38:04 Saving sacks file
23:38:32 saveConfig: auto-save-60s
23:38:32 Saving config file
23:38:39 saveConfig: saving-data
23:38:39 Saving sacks file
23:39:09 saveConfig: saving-data
23:39:09 Saving sacks file
23:39:32 saveConfig: auto-save-60s
23:39:32 Saving config file
23:40:32 saveConfig: auto-save-60s
23:40:32 Saving config file
23:41:32 saveConfig: auto-save-60s
23:41:32 Saving config file
23:42:32 saveConfig: auto-save-60s
23:42:32 Saving config file
23:43:32 saveConfig: auto-save-60s
23:43:32 Saving config file
23:44:32 saveConfig: auto-save-60s
23:44:32 Saving config file
23:45:32 saveConfig: auto-save-60s
23:45:32 Saving config file
23:46:32 saveConfig: auto-save-60s
23:46:32 Saving config file
23:47:32 saveConfig: auto-save-60s
23:47:32 Saving config file
23:48:32 saveConfig: auto-save-60s
23:48:32 Saving config file
23:49:32 saveConfig: auto-save-60s
23:49:32 Saving config file
23:50:32 saveConfig: auto-save-60s
23:50:32 Saving config file
23:50:58 saveConfig: saving-data
23:50:58 Saving sacks file
23:51:26 saveConfig: saving-data
23:51:26 Saving sacks file
23:51:32 saveConfig: auto-save-60s
23:51:32 Saving config file
23:51:34 saveConfig: saving-data
23:51:34 Saving sacks file
23:51:42 saveConfig: saving-data
23:51:42 Saving sacks file
23:52:29 saveConfig: saving-data
23:52:29 Saving sacks file
23:52:32 saveConfig: auto-save-60s
23:52:32 Saving config file
23:52:36 saveConfig: saving-data
23:52:36 Saving sacks file
23:52:45 saveConfig: saving-data
23:52:45 Saving sacks file
23:52:59 saveConfig: saving-data
23:52:59 Saving sacks file
23:53:07 saveConfig: saving-data
23:53:07 Saving sacks file
23:53:13 saveConfig: saving-data
23:53:13 Saving sacks file
23:53:23 saveConfig: saving-data
23:53:23 Saving sacks file
23:53:32 saveConfig: auto-save-60s
23:53:32 Saving config file
23:53:43 saveConfig: saving-data
23:53:43 Saving sacks file
23:53:52 saveConfig: saving-data
23:53:52 Saving sacks file
23:54:09 saveConfig: saving-data
23:54:09 Saving sacks file
23:54:23 saveConfig: saving-data
23:54:23 Saving sacks file
23:54:27 saveConfig: saving-data
23:54:27 Saving sacks file
23:54:32 saveConfig: auto-save-60s
23:54:32 Saving config file
23:54:41 saveConfig: saving-data
23:54:41 Saving sacks file
23:54:53 saveConfig: saving-data
23:54:53 Saving sacks file
23:55:11 saveConfig: saving-data
23:55:11 Saving sacks file
23:55:25 saveConfig: saving-data
23:55:25 Saving sacks file
23:55:32 saveConfig: auto-save-60s
23:55:32 Saving config file
23:56:19 saveConfig: saving-data
23:56:19 Saving sacks file
23:56:27 saveConfig: saving-data
23:56:27 Saving sacks file
23:56:32 saveConfig: auto-save-60s
23:56:32 Saving config file
23:57:21 saveConfig: saving-data
23:57:21 Saving sacks file
23:57:32 saveConfig: auto-save-60s
23:57:32 Saving config file
23:57:44 saveConfig: saving-data
23:57:44 Saving sacks file
23:57:54 saveConfig: saving-data
23:57:54 Saving sacks file
23:57:58 saveConfig: saving-data
23:57:58 Saving sacks file
23:58:09 saveConfig: saving-data
23:58:09 Saving sacks file
23:58:32 saveConfig: auto-save-60s
23:58:32 Saving config file
23:59:32 saveConfig: auto-save-60s
23:59:32 Saving config file
00:00:32 saveConfig: auto-save-60s
00:00:32 Saving config file
00:01:21 saveConfig: saving-data
00:01:21 Saving sacks file
00:01:32 saveConfig: auto-save-60s
00:01:32 Saving config file
00:01:34 saveConfig: saving-data
00:01:34 Saving sacks file
00:02:32 saveConfig: auto-save-60s
00:02:32 Saving config file
00:03:32 saveConfig: auto-save-60s
00:03:32 Saving config file
00:04:32 saveConfig: auto-save-60s
00:04:32 Saving config file
00:05:32 saveConfig: auto-save-60s
00:05:32 Saving config file
00:06:32 saveConfig: auto-save-60s
00:06:32 Saving config file
00:07:32 saveConfig: auto-save-60s
00:07:32 Saving config file
00:08:32 saveConfig: auto-save-60s
00:08:32 Saving config file
00:09:32 saveConfig: auto-save-60s
00:09:32 Saving config file
00:10:32 saveConfig: auto-save-60s
00:10:32 Saving config file
00:11:32 saveConfig: auto-save-60s
00:11:32 Saving config file
00:12:32 saveConfig: auto-save-60s
00:12:32 Saving config file
00:13:32 saveConfig: auto-save-60s
00:13:32 Saving config file
00:14:32 saveConfig: auto-save-60s
00:14:32 Saving config file
00:15:32 saveConfig: auto-save-60s
00:15:32 Saving config file
00:16:32 saveConfig: auto-save-60s
00:16:32 Saving config file
00:16:52 saveConfig: saving-data
00:16:52 Saving sacks file
00:17:00 saveConfig: saving-data
00:17:00 Saving sacks file
00:17:14 saveConfig: saving-data
00:17:14 Saving sacks file
00:17:25 saveConfig: saving-data
00:17:25 Saving sacks file
00:17:32 saveConfig: auto-save-60s
00:17:32 Saving config file
00:18:32 saveConfig: auto-save-60s
00:18:32 Saving config file
00:19:32 saveConfig: auto-save-60s
00:19:32 Saving config file
00:20:32 saveConfig: auto-save-60s
00:20:32 Saving config file
00:21:32 saveConfig: auto-save-60s
00:21:32 Saving config file
00:22:27 saveConfig: saving-data
00:22:27 Saving sacks file
00:22:32 saveConfig: auto-save-60s
00:22:32 Saving config file
00:22:37 saveConfig: saving-data
00:22:37 Saving sacks file
00:23:32 saveConfig: auto-save-60s
00:23:32 Saving config file
00:24:32 saveConfig: auto-save-60s
00:24:32 Saving config file
00:25:32 saveConfig: auto-save-60s
00:25:32 Saving config file
00:26:32 saveConfig: auto-save-60s
00:26:32 Saving config file
00:27:32 saveConfig: auto-save-60s
00:27:32 Saving config file
00:28:32 saveConfig: auto-save-60s
00:28:32 Saving config file
00:29:32 saveConfig: auto-save-60s
00:29:32 Saving config file
00:30:32 saveConfig: auto-save-60s
00:30:32 Saving config file
00:31:32 saveConfig: auto-save-60s
00:31:32 Saving config file
00:32:32 saveConfig: auto-save-60s
00:32:32 Saving config file
00:33:32 saveConfig: auto-save-60s
00:33:32 Saving config file
00:34:32 saveConfig: auto-save-60s
00:34:32 Saving config file
00:35:32 saveConfig: auto-save-60s
00:35:32 Saving config file
00:36:32 saveConfig: auto-save-60s
00:36:32 Saving config file
00:37:32 saveConfig: auto-save-60s
00:37:32 Saving config file
00:38:32 saveConfig: auto-save-60s
00:38:32 Saving config file
00:39:32 saveConfig: auto-save-60s
00:39:32 Saving config file
00:40:32 saveConfig: auto-save-60s
00:40:32 Saving config file
00:41:32 saveConfig: auto-save-60s
00:41:32 Saving config file
00:42:32 saveConfig: auto-save-60s
00:42:32 Saving config file
00:43:32 saveConfig: auto-save-60s
00:43:32 Saving config file
00:44:32 saveConfig: auto-save-60s
00:44:32 Saving config file
00:45:32 saveConfig: auto-save-60s
00:45:32 Saving config file
00:46:32 saveConfig: auto-save-60s
00:46:32 Saving config file
00:47:32 saveConfig: auto-save-60s
00:47:32 Saving config file
00:48:32 saveConfig: auto-save-60s
00:48:32 Saving config file
00:49:32 saveConfig: auto-save-60s
00:49:32 Saving config file
00:50:32 saveConfig: auto-save-60s
00:50:32 Saving config file
00:51:32 saveConfig: auto-save-60s
00:51:32 Saving config file
00:52:32 saveConfig: auto-save-60s
00:52:32 Saving config file
00:53:32 saveConfig: auto-save-60s
00:53:32 Saving config file
00:54:32 saveConfig: auto-save-60s
00:54:32 Saving config file
00:55:32 saveConfig: auto-save-60s
00:55:32 Saving config file
00:56:32 saveConfig: auto-save-60s
00:56:32 Saving config file
00:57:32 saveConfig: auto-save-60s
00:57:32 Saving config file
00:58:32 saveConfig: auto-save-60s
00:58:32 Saving config file
00:59:32 saveConfig: auto-save-60s
00:59:32 Saving config file
01:00:11 saveConfig: shutdown-hook
01:00:11 Saving config file
