22:18:11 Trying to load config from config\skyhanni\config.json
22:18:11 load-config-now
22:18:11 Loaded config from file
22:18:11 Trying to load sacks from config\skyhanni\sacks.json
22:18:11 load-sacks-now
22:18:11 Loaded sacks from file
22:18:11 Trying to load friends from config\skyhanni\friends.json
22:18:11 load-friends-now
22:18:11 Loaded friends from file
22:18:11 Trying to load known_features from config\skyhanni\known_features.json
22:18:12 load-known_features-now
22:18:12 Loaded known_features from file
22:18:12 Trying to load jacob_contests from config\skyhanni\jacob_contests.json
22:18:12 load-jacob_contests-now
22:18:12 Loaded jacob_contests from file
22:18:12 Trying to load visual_words from config\skyhanni\visual_words.json
22:18:12 Setting visual_words to be blank as it did not exist. It will be saved once something is written to it
22:19:12 saveConfig: auto-save-60s
22:19:12 Saving config file
22:20:12 saveConfig: auto-save-60s
22:20:12 Saving config file
22:21:12 saveConfig: auto-save-60s
22:21:12 Saving config file
22:22:12 saveConfig: auto-save-60s
22:22:12 Saving config file
22:23:12 saveConfig: auto-save-60s
22:23:12 Saving config file
22:24:12 saveConfig: auto-save-60s
22:24:12 Saving config file
22:25:12 saveConfig: auto-save-60s
22:25:12 Saving config file
22:26:12 saveConfig: auto-save-60s
22:26:12 Saving config file
22:27:12 saveConfig: auto-save-60s
22:27:12 Saving config file
22:28:12 saveConfig: auto-save-60s
22:28:12 Saving config file
22:29:12 saveConfig: auto-save-60s
22:29:12 Saving config file
22:30:12 saveConfig: auto-save-60s
22:30:12 Saving config file
22:31:12 saveConfig: auto-save-60s
22:31:12 Saving config file
22:31:21 saveConfig: Updated known feature flags
22:31:21 Saving known_features file
22:32:12 saveConfig: auto-save-60s
22:32:12 Saving config file
22:33:12 saveConfig: auto-save-60s
22:33:12 Saving config file
22:34:12 saveConfig: auto-save-60s
22:34:12 Saving config file
22:35:12 saveConfig: auto-save-60s
22:35:12 Saving config file
22:36:12 saveConfig: auto-save-60s
22:36:12 Saving config file
22:37:12 saveConfig: auto-save-60s
22:37:12 Saving config file
22:38:12 saveConfig: auto-save-60s
22:38:12 Saving config file
22:39:12 saveConfig: auto-save-60s
22:39:12 Saving config file
22:40:12 saveConfig: auto-save-60s
22:40:12 Saving config file
22:41:12 saveConfig: auto-save-60s
22:41:12 Saving config file
22:42:12 saveConfig: auto-save-60s
22:42:12 Saving config file
22:43:12 saveConfig: auto-save-60s
22:43:12 Saving config file
22:44:12 saveConfig: auto-save-60s
22:44:12 Saving config file
22:45:12 saveConfig: auto-save-60s
22:45:12 Saving config file
22:46:12 saveConfig: auto-save-60s
22:46:12 Saving config file
22:47:12 saveConfig: auto-save-60s
22:47:12 Saving config file
22:48:12 saveConfig: auto-save-60s
22:48:12 Saving config file
22:49:12 saveConfig: auto-save-60s
22:49:12 Saving config file
22:50:12 saveConfig: auto-save-60s
22:50:12 Saving config file
22:51:12 saveConfig: auto-save-60s
22:51:12 Saving config file
22:52:12 saveConfig: auto-save-60s
22:52:12 Saving config file
22:53:12 saveConfig: auto-save-60s
22:53:12 Saving config file
22:54:12 saveConfig: auto-save-60s
22:54:12 Saving config file
22:55:12 saveConfig: auto-save-60s
22:55:12 Saving config file
22:56:12 saveConfig: auto-save-60s
22:56:12 Saving config file
22:57:12 saveConfig: auto-save-60s
22:57:12 Saving config file
22:58:12 saveConfig: auto-save-60s
22:58:12 Saving config file
22:59:12 saveConfig: auto-save-60s
22:59:12 Saving config file
23:00:12 saveConfig: auto-save-60s
23:00:12 Saving config file
23:00:24 saveConfig: saving-data
23:00:24 Saving sacks file
23:01:12 saveConfig: auto-save-60s
23:01:12 Saving config file
23:02:12 saveConfig: auto-save-60s
23:02:12 Saving config file
23:03:12 saveConfig: auto-save-60s
23:03:12 Saving config file
23:04:12 saveConfig: auto-save-60s
23:04:12 Saving config file
23:04:52 saveConfig: saving-data
23:04:52 Saving sacks file
23:05:11 saveConfig: saving-data
23:05:11 Saving sacks file
23:05:12 saveConfig: auto-save-60s
23:05:12 Saving config file
23:06:12 saveConfig: auto-save-60s
23:06:12 Saving config file
23:07:12 saveConfig: auto-save-60s
23:07:12 Saving config file
23:07:36 saveConfig: saving-data
23:07:36 Saving sacks file
23:07:44 saveConfig: saving-data
23:07:44 Saving sacks file
23:07:57 saveConfig: saving-data
23:07:57 Saving sacks file
23:08:05 saveConfig: saving-data
23:08:05 Saving sacks file
23:08:12 saveConfig: auto-save-60s
23:08:12 Saving config file
23:08:19 saveConfig: saving-data
23:08:19 Saving sacks file
23:08:55 saveConfig: saving-data
23:08:55 Saving sacks file
23:09:12 saveConfig: auto-save-60s
23:09:12 Saving config file
23:10:12 saveConfig: auto-save-60s
23:10:12 Saving config file
23:11:12 saveConfig: auto-save-60s
23:11:12 Saving config file
23:12:12 saveConfig: auto-save-60s
23:12:12 Saving config file
23:13:12 saveConfig: auto-save-60s
23:13:12 Saving config file
23:14:12 saveConfig: auto-save-60s
23:14:12 Saving config file
23:15:12 saveConfig: auto-save-60s
23:15:12 Saving config file
23:16:12 saveConfig: auto-save-60s
23:16:12 Saving config file
23:17:12 saveConfig: auto-save-60s
23:17:12 Saving config file
23:18:12 saveConfig: auto-save-60s
23:18:12 Saving config file
23:19:12 saveConfig: auto-save-60s
23:19:12 Saving config file
23:20:12 saveConfig: auto-save-60s
23:20:12 Saving config file
23:21:12 saveConfig: auto-save-60s
23:21:12 Saving config file
23:22:12 saveConfig: auto-save-60s
23:22:12 Saving config file
23:23:12 saveConfig: auto-save-60s
23:23:12 Saving config file
23:24:12 saveConfig: auto-save-60s
23:24:12 Saving config file
23:25:12 saveConfig: auto-save-60s
23:25:12 Saving config file
23:26:12 saveConfig: auto-save-60s
23:26:12 Saving config file
23:27:12 saveConfig: auto-save-60s
23:27:12 Saving config file
23:28:12 saveConfig: auto-save-60s
23:28:12 Saving config file
23:29:12 saveConfig: auto-save-60s
23:29:12 Saving config file
23:30:12 saveConfig: auto-save-60s
23:30:12 Saving config file
23:31:12 saveConfig: auto-save-60s
23:31:12 Saving config file
23:32:12 saveConfig: auto-save-60s
23:32:12 Saving config file
23:33:12 saveConfig: auto-save-60s
23:33:12 Saving config file
23:34:12 saveConfig: auto-save-60s
23:34:12 Saving config file
23:35:12 saveConfig: auto-save-60s
23:35:12 Saving config file
23:36:12 saveConfig: auto-save-60s
23:36:12 Saving config file
23:37:12 saveConfig: auto-save-60s
23:37:12 Saving config file
23:38:12 saveConfig: auto-save-60s
23:38:12 Saving config file
23:39:12 saveConfig: auto-save-60s
23:39:12 Saving config file
23:40:12 saveConfig: auto-save-60s
23:40:12 Saving config file
23:41:12 saveConfig: auto-save-60s
23:41:12 Saving config file
23:41:20 saveConfig: saving-data
23:41:20 Saving sacks file
23:41:28 saveConfig: saving-data
23:41:28 Saving sacks file
23:41:41 saveConfig: saving-data
23:41:41 Saving sacks file
23:41:47 saveConfig: saving-data
23:41:47 Saving sacks file
23:42:12 saveConfig: auto-save-60s
23:42:12 Saving config file
23:42:17 saveConfig: saving-data
23:42:17 Saving sacks file
23:42:45 saveConfig: saving-data
23:42:45 Saving sacks file
23:43:12 saveConfig: auto-save-60s
23:43:12 Saving config file
23:43:39 saveConfig: saving-data
23:43:39 Saving sacks file
23:43:56 saveConfig: saving-data
23:43:56 Saving sacks file
23:44:07 saveConfig: saving-data
23:44:07 Saving sacks file
23:44:12 saveConfig: auto-save-60s
23:44:12 Saving config file
23:44:15 saveConfig: saving-data
23:44:15 Saving sacks file
23:44:25 saveConfig: saving-data
23:44:25 Saving sacks file
23:44:36 saveConfig: saving-data
23:44:36 Saving sacks file
23:44:45 saveConfig: saving-data
23:44:45 Saving sacks file
23:44:57 saveConfig: saving-data
23:44:57 Saving sacks file
23:45:11 saveConfig: saving-data
23:45:11 Saving sacks file
23:45:12 saveConfig: auto-save-60s
23:45:12 Saving config file
23:45:26 saveConfig: saving-data
23:45:26 Saving sacks file
23:45:32 saveConfig: saving-data
23:45:32 Saving sacks file
23:45:43 saveConfig: saving-data
23:45:43 Saving sacks file
23:46:12 saveConfig: auto-save-60s
23:46:12 Saving config file
23:47:12 saveConfig: auto-save-60s
23:47:12 Saving config file
23:48:12 saveConfig: auto-save-60s
23:48:12 Saving config file
23:49:12 saveConfig: auto-save-60s
23:49:12 Saving config file
23:50:12 saveConfig: auto-save-60s
23:50:12 Saving config file
23:51:12 saveConfig: auto-save-60s
23:51:12 Saving config file
23:52:12 saveConfig: auto-save-60s
23:52:12 Saving config file
23:53:12 saveConfig: auto-save-60s
23:53:12 Saving config file
23:54:12 saveConfig: auto-save-60s
23:54:12 Saving config file
23:55:12 saveConfig: auto-save-60s
23:55:12 Saving config file
23:56:12 saveConfig: auto-save-60s
23:56:12 Saving config file
23:57:12 saveConfig: auto-save-60s
23:57:12 Saving config file
23:58:12 saveConfig: auto-save-60s
23:58:12 Saving config file
23:58:57 saveConfig: saving-data
23:58:57 Saving sacks file
23:59:12 saveConfig: auto-save-60s
23:59:12 Saving config file
23:59:21 saveConfig: saving-data
23:59:21 Saving sacks file
23:59:45 saveConfig: saving-data
23:59:45 Saving sacks file
00:00:10 saveConfig: saving-data
00:00:10 Saving sacks file
00:00:12 saveConfig: auto-save-60s
00:00:12 Saving config file
00:00:59 saveConfig: saving-data
00:00:59 Saving sacks file
00:01:12 saveConfig: auto-save-60s
00:01:12 Saving config file
00:01:40 saveConfig: saving-data
00:01:40 Saving sacks file
00:01:56 saveConfig: saving-data
00:01:56 Saving sacks file
00:02:12 saveConfig: auto-save-60s
00:02:12 Saving config file
00:02:43 saveConfig: saving-data
00:02:43 Saving sacks file
00:03:12 saveConfig: auto-save-60s
00:03:12 Saving config file
00:03:19 saveConfig: saving-data
00:03:19 Saving sacks file
00:03:35 saveConfig: saving-data
00:03:35 Saving sacks file
00:03:48 saveConfig: saving-data
00:03:48 Saving sacks file
00:04:12 saveConfig: auto-save-60s
00:04:12 Saving config file
00:04:17 saveConfig: saving-data
00:04:17 Saving sacks file
00:04:36 saveConfig: saving-data
00:04:36 Saving sacks file
00:04:50 saveConfig: saving-data
00:04:50 Saving sacks file
00:05:07 saveConfig: saving-data
00:05:07 Saving sacks file
00:05:12 saveConfig: auto-save-60s
00:05:12 Saving config file
00:05:47 saveConfig: saving-data
00:05:47 Saving sacks file
00:06:12 saveConfig: auto-save-60s
00:06:12 Saving config file
00:06:56 saveConfig: saving-data
00:06:56 Saving sacks file
00:07:12 saveConfig: auto-save-60s
00:07:12 Saving config file
00:07:46 saveConfig: saving-data
00:07:46 Saving sacks file
00:08:12 saveConfig: auto-save-60s
00:08:12 Saving config file
00:09:12 saveConfig: auto-save-60s
00:09:12 Saving config file
00:10:12 saveConfig: auto-save-60s
00:10:12 Saving config file
00:11:12 saveConfig: auto-save-60s
00:11:12 Saving config file
00:11:43 saveConfig: saving-data
00:11:43 Saving sacks file
00:11:52 saveConfig: saving-data
00:11:52 Saving sacks file
00:12:12 saveConfig: auto-save-60s
00:12:12 Saving config file
00:12:36 saveConfig: saving-data
00:12:36 Saving sacks file
00:12:59 saveConfig: saving-data
00:12:59 Saving sacks file
00:13:12 saveConfig: auto-save-60s
00:13:12 Saving config file
00:14:12 saveConfig: auto-save-60s
00:14:12 Saving config file
00:14:23 saveConfig: saving-data
00:14:23 Saving sacks file
00:14:48 saveConfig: saving-data
00:14:48 Saving sacks file
00:15:04 saveConfig: saving-data
00:15:04 Saving sacks file
00:15:12 saveConfig: auto-save-60s
00:15:12 Saving config file
00:15:16 saveConfig: saving-data
00:15:16 Saving sacks file
00:16:01 saveConfig: saving-data
00:16:01 Saving sacks file
00:16:12 saveConfig: auto-save-60s
00:16:12 Saving config file
00:16:35 saveConfig: saving-data
00:16:35 Saving sacks file
00:17:12 saveConfig: auto-save-60s
00:17:12 Saving config file
00:17:24 saveConfig: saving-data
00:17:24 Saving sacks file
00:17:37 saveConfig: saving-data
00:17:37 Saving sacks file
00:18:12 saveConfig: auto-save-60s
00:18:12 Saving config file
00:18:21 saveConfig: saving-data
00:18:21 Saving sacks file
00:18:35 saveConfig: saving-data
00:18:35 Saving sacks file
00:18:47 saveConfig: saving-data
00:18:47 Saving sacks file
00:19:12 saveConfig: auto-save-60s
00:19:12 Saving config file
00:19:19 saveConfig: saving-data
00:19:19 Saving sacks file
00:19:47 saveConfig: saving-data
00:19:47 Saving sacks file
00:20:12 saveConfig: auto-save-60s
00:20:12 Saving config file
00:21:12 saveConfig: auto-save-60s
00:21:12 Saving config file
00:22:12 saveConfig: auto-save-60s
00:22:12 Saving config file
00:23:12 saveConfig: auto-save-60s
00:23:12 Saving config file
00:24:12 saveConfig: auto-save-60s
00:24:12 Saving config file
00:25:12 saveConfig: auto-save-60s
00:25:12 Saving config file
00:26:12 saveConfig: auto-save-60s
00:26:12 Saving config file
00:27:12 saveConfig: auto-save-60s
00:27:12 Saving config file
00:28:12 saveConfig: auto-save-60s
00:28:12 Saving config file
00:29:12 saveConfig: auto-save-60s
00:29:12 Saving config file
00:30:12 saveConfig: auto-save-60s
00:30:12 Saving config file
00:31:12 saveConfig: auto-save-60s
00:31:12 Saving config file
00:32:12 saveConfig: auto-save-60s
00:32:12 Saving config file
00:33:12 saveConfig: auto-save-60s
00:33:12 Saving config file
00:33:56 saveConfig: saving-data
00:33:56 Saving sacks file
00:34:12 saveConfig: auto-save-60s
00:34:12 Saving config file
00:34:28 saveConfig: saving-data
00:34:28 Saving sacks file
00:34:47 saveConfig: saving-data
00:34:47 Saving sacks file
00:35:06 saveConfig: saving-data
00:35:06 Saving sacks file
00:35:12 saveConfig: auto-save-60s
00:35:12 Saving config file
00:35:22 saveConfig: saving-data
00:35:22 Saving sacks file
00:35:41 saveConfig: saving-data
00:35:41 Saving sacks file
00:36:02 saveConfig: saving-data
00:36:02 Saving sacks file
00:36:12 saveConfig: auto-save-60s
00:36:12 Saving config file
00:36:21 saveConfig: saving-data
00:36:21 Saving sacks file
00:37:04 saveConfig: saving-data
00:37:04 Saving sacks file
00:37:12 saveConfig: auto-save-60s
00:37:12 Saving config file
00:37:17 saveConfig: saving-data
00:37:17 Saving sacks file
00:38:06 saveConfig: saving-data
00:38:06 Saving sacks file
00:38:12 saveConfig: auto-save-60s
00:38:12 Saving config file
00:38:29 saveConfig: saving-data
00:38:29 Saving sacks file
00:39:12 saveConfig: auto-save-60s
00:39:12 Saving config file
00:39:30 saveConfig: saving-data
00:39:30 Saving sacks file
00:40:12 saveConfig: auto-save-60s
00:40:12 Saving config file
00:40:24 saveConfig: saving-data
00:40:24 Saving sacks file
00:41:12 saveConfig: auto-save-60s
00:41:12 Saving config file
00:41:26 saveConfig: saving-data
00:41:26 Saving sacks file
00:41:50 saveConfig: saving-data
00:41:50 Saving sacks file
00:42:12 saveConfig: auto-save-60s
00:42:12 Saving config file
00:43:12 saveConfig: auto-save-60s
00:43:12 Saving config file
00:43:29 saveConfig: saving-data
00:43:29 Saving sacks file
00:43:45 saveConfig: saving-data
00:43:45 Saving sacks file
00:44:12 saveConfig: auto-save-60s
00:44:12 Saving config file
00:44:15 saveConfig: saving-data
00:44:15 Saving sacks file
00:44:40 saveConfig: saving-data
00:44:40 Saving sacks file
00:44:54 saveConfig: saving-data
00:44:54 Saving sacks file
00:45:04 saveConfig: saving-data
00:45:04 Saving sacks file
00:45:12 saveConfig: auto-save-60s
00:45:12 Saving config file
00:45:28 saveConfig: saving-data
00:45:28 Saving sacks file
00:46:12 saveConfig: auto-save-60s
00:46:12 Saving config file
00:46:18 saveConfig: saving-data
00:46:18 Saving sacks file
00:47:12 saveConfig: auto-save-60s
00:47:12 Saving config file
00:48:12 saveConfig: auto-save-60s
00:48:12 Saving config file
00:48:37 saveConfig: saving-data
00:48:37 Saving sacks file
00:49:12 saveConfig: auto-save-60s
00:49:12 Saving config file
00:49:52 saveConfig: saving-data
00:49:52 Saving sacks file
00:50:12 saveConfig: auto-save-60s
00:50:12 Saving config file
00:50:32 saveConfig: saving-data
00:50:32 Saving sacks file
00:50:49 saveConfig: saving-data
00:50:49 Saving sacks file
00:50:59 saveConfig: saving-data
00:50:59 Saving sacks file
00:51:12 saveConfig: auto-save-60s
00:51:12 Saving config file
00:51:13 saveConfig: saving-data
00:51:13 Saving sacks file
00:51:49 saveConfig: saving-data
00:51:49 Saving sacks file
00:52:12 saveConfig: auto-save-60s
00:52:12 Saving config file
00:53:12 saveConfig: auto-save-60s
00:53:12 Saving config file
00:53:23 saveConfig: saving-data
00:53:23 Saving sacks file
00:54:12 saveConfig: auto-save-60s
00:54:12 Saving config file
00:55:12 saveConfig: auto-save-60s
00:55:12 Saving config file
00:55:31 saveConfig: saving-data
00:55:31 Saving sacks file
00:56:03 saveConfig: saving-data
00:56:03 Saving sacks file
00:56:12 saveConfig: auto-save-60s
00:56:12 Saving config file
00:56:19 saveConfig: saving-data
00:56:19 Saving sacks file
00:57:06 saveConfig: saving-data
00:57:06 Saving sacks file
00:57:12 saveConfig: auto-save-60s
00:57:12 Saving config file
00:58:10 saveConfig: saving-data
00:58:10 Saving sacks file
00:58:12 saveConfig: auto-save-60s
00:58:12 Saving config file
00:58:29 saveConfig: saving-data
00:58:29 Saving sacks file
00:59:00 saveConfig: saving-data
00:59:00 Saving sacks file
00:59:12 saveConfig: auto-save-60s
00:59:12 Saving config file
00:59:17 saveConfig: saving-data
00:59:17 Saving sacks file
00:59:41 saveConfig: saving-data
00:59:41 Saving sacks file
01:00:12 saveConfig: auto-save-60s
01:00:12 Saving config file
01:00:45 saveConfig: saving-data
01:00:45 Saving sacks file
01:01:12 saveConfig: auto-save-60s
01:01:12 Saving config file
01:01:32 saveConfig: saving-data
01:01:32 Saving sacks file
01:02:12 saveConfig: auto-save-60s
01:02:12 Saving config file
01:02:20 saveConfig: saving-data
01:02:20 Saving sacks file
01:02:32 saveConfig: saving-data
01:02:32 Saving sacks file
01:02:59 saveConfig: saving-data
01:02:59 Saving sacks file
01:03:12 saveConfig: auto-save-60s
01:03:12 Saving config file
01:03:39 saveConfig: saving-data
01:03:39 Saving sacks file
01:03:56 saveConfig: saving-data
01:03:56 Saving sacks file
01:04:12 saveConfig: auto-save-60s
01:04:12 Saving config file
01:05:12 saveConfig: auto-save-60s
01:05:12 Saving config file
01:05:14 saveConfig: saving-data
01:05:14 Saving sacks file
01:05:57 saveConfig: saving-data
01:05:57 Saving sacks file
01:06:06 saveConfig: saving-data
01:06:06 Saving sacks file
01:06:12 saveConfig: auto-save-60s
01:06:12 Saving config file
01:06:18 saveConfig: saving-data
01:06:18 Saving sacks file
01:07:12 saveConfig: auto-save-60s
01:07:12 Saving config file
01:07:14 saveConfig: saving-data
01:07:14 Saving sacks file
01:08:12 saveConfig: auto-save-60s
01:08:12 Saving config file
01:08:23 saveConfig: saving-data
01:08:23 Saving sacks file
01:08:51 saveConfig: saving-data
01:08:51 Saving sacks file
01:09:12 saveConfig: auto-save-60s
01:09:12 Saving config file
01:09:23 saveConfig: saving-data
01:09:23 Saving sacks file
01:10:12 saveConfig: auto-save-60s
01:10:12 Saving config file
01:10:17 saveConfig: saving-data
01:10:17 Saving sacks file
01:10:28 saveConfig: saving-data
01:10:28 Saving sacks file
01:11:12 saveConfig: auto-save-60s
01:11:12 Saving config file
01:11:18 saveConfig: saving-data
01:11:18 Saving sacks file
01:11:44 saveConfig: saving-data
01:11:44 Saving sacks file
01:12:12 saveConfig: auto-save-60s
01:12:12 Saving config file
01:12:17 saveConfig: saving-data
01:12:17 Saving sacks file
01:13:06 saveConfig: saving-data
01:13:06 Saving sacks file
01:13:12 saveConfig: auto-save-60s
01:13:12 Saving config file
01:13:50 saveConfig: saving-data
01:13:50 Saving sacks file
01:14:12 saveConfig: auto-save-60s
01:14:12 Saving config file
01:14:17 saveConfig: saving-data
01:14:17 Saving sacks file
01:15:09 saveConfig: saving-data
01:15:09 Saving sacks file
01:15:12 saveConfig: auto-save-60s
01:15:12 Saving config file
01:15:49 saveConfig: saving-data
01:15:49 Saving sacks file
01:16:12 saveConfig: auto-save-60s
01:16:12 Saving config file
01:16:55 saveConfig: saving-data
01:16:55 Saving sacks file
01:17:12 saveConfig: auto-save-60s
01:17:12 Saving config file
01:17:33 saveConfig: saving-data
01:17:33 Saving sacks file
01:18:03 saveConfig: saving-data
01:18:03 Saving sacks file
01:18:12 saveConfig: auto-save-60s
01:18:12 Saving config file
01:19:12 saveConfig: auto-save-60s
01:19:12 Saving config file
01:19:14 saveConfig: saving-data
01:19:14 Saving sacks file
01:19:50 saveConfig: saving-data
01:19:50 Saving sacks file
01:20:10 saveConfig: saving-data
01:20:10 Saving sacks file
01:20:12 saveConfig: auto-save-60s
01:20:12 Saving config file
01:20:37 saveConfig: saving-data
01:20:37 Saving sacks file
01:20:57 saveConfig: saving-data
01:20:57 Saving sacks file
01:21:12 saveConfig: auto-save-60s
01:21:12 Saving config file
01:22:00 saveConfig: saving-data
01:22:00 Saving sacks file
01:22:06 saveConfig: close-gui
01:22:06 Saving config file
01:22:06 saveConfig: close-gui
01:22:06 Saving config file
01:22:12 saveConfig: auto-save-60s
01:22:12 Saving config file
01:22:12 saveConfig: close-gui
01:22:12 Saving config file
01:22:12 Could not save config file to config\skyhanni\config.json
01:22:12 saveConfig: saving-data
01:22:12 Saving sacks file
01:22:31 saveConfig: saving-data
01:22:31 Saving sacks file
01:22:59 saveConfig: saving-data
01:22:59 Saving sacks file
01:23:12 saveConfig: auto-save-60s
01:23:12 Saving config file
01:23:42 saveConfig: saving-data
01:23:42 Saving sacks file
01:24:12 saveConfig: auto-save-60s
01:24:12 Saving config file
01:24:23 saveConfig: saving-data
01:24:23 Saving sacks file
01:24:35 saveConfig: saving-data
01:24:35 Saving sacks file
01:25:05 saveConfig: saving-data
01:25:05 Saving sacks file
01:25:12 saveConfig: auto-save-60s
01:25:12 Saving config file
01:25:35 saveConfig: saving-data
01:25:35 Saving sacks file
01:26:12 saveConfig: auto-save-60s
01:26:12 Saving config file
01:26:54 saveConfig: saving-data
01:26:54 Saving sacks file
01:27:12 saveConfig: auto-save-60s
01:27:12 Saving config file
01:27:16 saveConfig: saving-data
01:27:16 Saving sacks file
01:27:18 saveConfig: close-gui
01:27:18 Saving config file
01:27:18 saveConfig: close-gui
01:27:18 Saving config file
01:28:12 saveConfig: auto-save-60s
01:28:12 Saving config file
01:28:18 saveConfig: saving-data
01:28:18 Saving sacks file
01:28:27 saveConfig: saving-data
01:28:27 Saving sacks file
01:28:37 saveConfig: saving-data
01:28:37 Saving sacks file
01:28:46 saveConfig: saving-data
01:28:46 Saving sacks file
01:29:12 saveConfig: auto-save-60s
01:29:12 Saving config file
01:30:12 saveConfig: auto-save-60s
01:30:12 Saving config file
01:31:12 saveConfig: auto-save-60s
01:31:12 Saving config file
01:31:52 saveConfig: saving-data
01:31:52 Saving sacks file
01:32:07 saveConfig: saving-data
01:32:07 Saving sacks file
01:32:12 saveConfig: auto-save-60s
01:32:12 Saving config file
01:32:32 saveConfig: close-gui
01:32:32 Saving config file
01:32:32 saveConfig: close-gui
01:32:32 Saving config file
01:33:12 saveConfig: auto-save-60s
01:33:12 Saving config file
01:33:22 saveConfig: saving-data
01:33:22 Saving sacks file
01:33:31 saveConfig: saving-data
01:33:31 Saving sacks file
01:34:12 saveConfig: auto-save-60s
01:34:12 Saving config file
01:35:12 saveConfig: auto-save-60s
01:35:12 Saving config file
01:35:25 saveConfig: saving-data
01:35:25 Saving sacks file
01:36:08 saveConfig: saving-data
01:36:08 Saving sacks file
01:36:12 saveConfig: auto-save-60s
01:36:12 Saving config file
01:36:49 saveConfig: saving-data
01:36:49 Saving sacks file
01:37:12 saveConfig: auto-save-60s
01:37:12 Saving config file
01:37:48 saveConfig: saving-data
01:37:48 Saving sacks file
01:37:59 saveConfig: saving-data
01:37:59 Saving sacks file
01:38:12 saveConfig: auto-save-60s
01:38:12 Saving config file
01:39:09 saveConfig: saving-data
01:39:09 Saving sacks file
01:39:12 saveConfig: auto-save-60s
01:39:12 Saving config file
01:40:12 saveConfig: auto-save-60s
01:40:12 Saving config file
01:40:42 saveConfig: saving-data
01:40:42 Saving sacks file
01:41:12 saveConfig: auto-save-60s
01:41:12 Saving config file
01:41:51 saveConfig: saving-data
01:41:51 Saving sacks file
01:42:12 saveConfig: auto-save-60s
01:42:12 Saving config file
01:42:16 saveConfig: saving-data
01:42:16 Saving sacks file
01:43:12 saveConfig: auto-save-60s
01:43:12 Saving config file
01:43:59 saveConfig: saving-data
01:43:59 Saving sacks file
01:44:12 saveConfig: auto-save-60s
01:44:12 Saving config file
01:45:12 saveConfig: auto-save-60s
01:45:12 Saving config file
01:45:22 saveConfig: saving-data
01:45:22 Saving sacks file
01:46:12 saveConfig: auto-save-60s
01:46:12 Saving config file
01:47:02 saveConfig: saving-data
01:47:02 Saving sacks file
01:47:12 saveConfig: auto-save-60s
01:47:12 Saving config file
01:47:19 saveConfig: saving-data
01:47:19 Saving sacks file
01:47:50 saveConfig: saving-data
01:47:50 Saving sacks file
01:48:01 saveConfig: saving-data
01:48:01 Saving sacks file
01:48:12 saveConfig: auto-save-60s
01:48:12 Saving config file
01:48:46 saveConfig: saving-data
01:48:46 Saving sacks file
01:49:04 saveConfig: saving-data
01:49:04 Saving sacks file
01:49:12 saveConfig: auto-save-60s
01:49:12 Saving config file
01:49:15 saveConfig: saving-data
01:49:15 Saving sacks file
01:50:12 saveConfig: auto-save-60s
01:50:12 Saving config file
01:51:12 saveConfig: auto-save-60s
01:51:12 Saving config file
01:52:12 saveConfig: auto-save-60s
01:52:12 Saving config file
01:53:12 saveConfig: auto-save-60s
01:53:12 Saving config file
01:53:37 saveConfig: saving-data
01:53:37 Saving sacks file
01:53:40 saveConfig: shutdown-hook
01:53:40 Saving config file
