10:04:46 Visitor status change for '§6Jerry': NEW -> WAITING (tooltipMissingItems)
10:04:55 Visitor status change for '§aWizard': NEW -> WAITING (tooltipMissingItems)
10:05:07 Visitor status change for '§6Jerry': WAITING -> READY (hasItems)
10:05:08 Visitor status change for '§6Jerry': READY -> ACCEPTED (accepted)
10:05:10 Visitor status change for '§9Emissary Sisko': NEW -> WAITING (tooltipMissingItems)
10:05:17 Visitor status change for '§9Emissary Sisko': WAITING -> REFUSED (refused)
10:05:19 Visitor status change for '§9Seymour': NEW -> WAITING (tooltipMissingItems)
10:05:27 Visitor status change for '§9Seymour': WAITING -> REFUSED (refused)
10:05:28 Visitor status change for '§aJotraeline Greatforge': NEW -> WAITING (tooltipMissingItems)
10:05:28 Visitor status change for '§aJotraeline Greatforge': WAITING -> READY (hasItems)
10:05:39 Visitor status change for '§aWizard': WAITING -> REFUSED (refused)
10:06:19 Visitor status change for '§aJotraeline Greatforge': READY -> ACCEPTED (accepted)
14:20:30 Visitor status change for '§aJacob': NEW -> WAITING (tooltipMissingItems)
14:20:30 Visitor status change for '§aJacob': WAITING -> READY (hasItems)
14:20:32 Visitor status change for '§aJacob': READY -> WAITING (tooltipMissingItems)
14:20:32 Visitor status change for '§aJacob': WAITING -> READY (hasItems)
14:20:35 Visitor status change for '§aLeo': NEW -> WAITING (tooltipMissingItems)
14:20:37 Visitor status change for '§aLeo': WAITING -> REFUSED (refused)
14:20:38 Visitor status change for '§aJacob': READY -> WAITING (tooltipMissingItems)
14:20:38 Visitor status change for '§aJacob': WAITING -> READY (hasItems)
14:20:39 Visitor status change for '§aJacob': READY -> REFUSED (refused)
14:20:40 Visitor status change for '§aFisherman': NEW -> WAITING (tooltipMissingItems)
14:20:43 Visitor status change for '§aFisherman': WAITING -> REFUSED (refused)
14:20:44 Visitor status change for '§aHungry Hiker': NEW -> WAITING (tooltipMissingItems)
14:20:45 Visitor status change for '§aHungry Hiker': WAITING -> REFUSED (refused)
14:20:46 Visitor status change for '§aOdawa': NEW -> WAITING (tooltipMissingItems)
14:20:49 Visitor status change for '§aOdawa': WAITING -> REFUSED (refused)
17:16:03 Visitor status change for '§9Tia the Fairy': NEW -> WAITING (tooltipMissingItems)
17:16:08 Visitor status change for '§6Madame Eleanor Q. Goldsworth III': NEW -> WAITING (tooltipMissingItems)
17:16:28 Visitor status change for '§aFear Mongerer': NEW -> WAITING (tooltipMissingItems)
17:17:02 Visitor status change for '§aFear Mongerer': WAITING -> REFUSED (refused)
17:17:03 Visitor status change for '§9Rusty': NEW -> WAITING (tooltipMissingItems)
17:17:22 Visitor status change for '§9Rusty': WAITING -> REFUSED (refused)
17:17:23 Visitor status change for '§aFriendly Hiker': NEW -> WAITING (tooltipMissingItems)
17:17:28 Visitor status change for '§aFriendly Hiker': WAITING -> REFUSED (refused)
17:17:33 Visitor status change for '§9Tia the Fairy': WAITING -> REFUSED (refused)
17:17:44 Visitor status change for '§6Madame Eleanor Q. Goldsworth III': WAITING -> READY (hasItems)
17:17:45 Visitor status change for '§6Madame Eleanor Q. Goldsworth III': READY -> ACCEPTED (accepted)
17:25:20 Visitor status change for '§aFriendly Hiker': NEW -> WAITING (tooltipMissingItems)
17:25:22 Visitor status change for '§aFriendly Hiker': WAITING -> REFUSED (refused)
18:43:42 Visitor status change for '§aLumber Jack': NEW -> WAITING (tooltipMissingItems)
18:43:46 Visitor status change for '§aLumber Jack': WAITING -> REFUSED (refused)
18:43:47 Visitor status change for '§aGuy': NEW -> WAITING (tooltipMissingItems)
18:43:48 Visitor status change for '§aGuy': WAITING -> REFUSED (refused)
18:43:50 Visitor status change for '§aGeonathan Greatforge': NEW -> WAITING (tooltipMissingItems)
18:43:50 Visitor status change for '§aGeonathan Greatforge': WAITING -> READY (hasItems)
18:43:54 Visitor status change for '§aGeonathan Greatforge': READY -> REFUSED (refused)
18:43:54 Visitor status change for '§aAlchemist': NEW -> WAITING (tooltipMissingItems)
18:43:56 Visitor status change for '§aAlchemist': WAITING -> REFUSED (refused)
18:43:56 Visitor status change for '§aVex': NEW -> WAITING (tooltipMissingItems)
18:43:58 Visitor status change for '§aVex': WAITING -> REFUSED (refused)
20:56:07 Visitor status change for '§9Tammy': NEW -> WAITING (tooltipMissingItems)
20:56:09 Visitor status change for '§9Tammy': WAITING -> REFUSED (refused)
20:56:11 Visitor status change for '§aJotraeline Greatforge': NEW -> WAITING (tooltipMissingItems)
20:56:11 Visitor status change for '§aJotraeline Greatforge': WAITING -> READY (hasItems)
20:56:13 Visitor status change for '§aJotraeline Greatforge': READY -> REFUSED (refused)
20:56:13 Visitor status change for '§aDuke': NEW -> WAITING (tooltipMissingItems)
20:56:15 Visitor status change for '§aDuke': WAITING -> REFUSED (refused)
20:56:16 Visitor status change for '§aLumber Jack': NEW -> WAITING (tooltipMissingItems)
20:56:18 Visitor status change for '§aLumber Jack': WAITING -> REFUSED (refused)
20:56:18 Visitor status change for '§aTrevor': NEW -> WAITING (tooltipMissingItems)
20:56:20 Visitor status change for '§aTrevor': WAITING -> REFUSED (refused)
21:08:11 Visitor status change for '§aTerry': NEW -> WAITING (tooltipMissingItems)
21:08:14 Visitor status change for '§aTerry': WAITING -> REFUSED (refused)
