10:05:13 Removed old visitor: '§aJotraeline Greatforge'
10:05:13 Removed old visitor: '§6Jerry'
10:05:22 Removed old visitor: '§9Emissary Sisko'
10:05:31 Removed old visitor: '§9Seymour'
10:05:43 Removed old visitor: '§aWizard'
10:06:25 Removed old visitor: '§aJotraeline Greatforge'
14:20:41 Removed old visitor: '§aOdawa'
14:20:41 Removed old visitor: '§aLeo'
14:20:44 Removed old visitor: '§aJacob'
14:20:47 Removed old visitor: '§aFisherman'
14:20:50 Removed old visitor: '§aHungry Hiker'
14:20:53 Removed old visitor: '§aOdawa'
17:17:06 Removed old visitor: '§aFear Mongerer'
17:17:27 Removed old visitor: '§9Rusty'
17:17:33 Removed old visitor: '§aFriendly Hiker'
17:17:39 Removed old visitor: '§9Tia the Fairy'
17:17:51 Removed old visitor: '§6Madame Eleanor Q. Goldsworth III'
17:25:25 Removed old visitor: '§aFriendly Hiker'
18:43:51 Removed old visitor: '§aLumber Jack'
18:43:54 Removed old visitor: '§aGuy'
18:43:57 Removed old visitor: '§aGeonathan Greatforge'
18:44:00 Removed old visitor: '§aAlchemist'
18:44:04 Removed old visitor: '§aVex'
20:56:14 Removed old visitor: '§9Tammy'
20:56:17 Removed old visitor: '§aJotraeline Greatforge'
20:56:20 Removed old visitor: '§aDuke'
20:56:23 Removed old visitor: '§aLumber Jack'
20:56:26 Removed old visitor: '§aTrevor'
21:08:17 Removed old visitor: '§aTerry'
