12:02:48 [BESTIARY] §f                                  §6§lBESTIARY
12:02:48 [BESTIARY] §f                               §b§lLocust §7§8X §8➡§b §bXI
12:02:48 [BESTIARY] 
12:02:48 [BESTIARY] §f                                  §r§6§lREWARDS
12:02:48 [BESTIARY] §f                          §r§6+0.4☘ Farming Fortune
12:02:48 [BESTIARY] §f                              §r§8+§r§62% §r§aLocust §r§7coins
12:02:48 [BESTIARY] §f                    §r§8+§r§a50% §r§7chance for extra XP orbs
12:02:48 [BESTIARY] §f                               §r§8+§r§b1 SkyBlock XP
12:02:48 [BESTIARY] 
12:02:48 [BESTIARY] §3§l▬▬▬▬▬▬▬▬▬▬▬▬▬▬▬▬▬▬▬▬▬▬▬▬▬▬▬▬▬▬▬▬▬▬▬▬▬▬▬▬▬▬▬▬▬▬▬▬▬▬▬▬▬▬▬▬▬▬▬▬▬▬▬▬
12:03:43 [GARDEN_VISITOR_MESSAGE] §e[NPC] §aHungry Hiker§f: §r§fHello there, I seem to be stuck here with no good food to eat, could you bring me some square orange fruits?
12:03:49 [GARDEN_VISITOR_MESSAGE] §e[NPC] §aHungry Hiker§f: §r§fI guess I'll just go hungry then...
12:03:50 [GARDEN_VISITOR_MESSAGE] §e[NPC] §9Vinyl Collector§f: §r§fHey man, I just need one more vinyl to complete the full Pest Vinyl collection.
12:04:31 [GARDEN_VISITOR_MESSAGE] §e[NPC] §aPlumber Joe§f: §r§fI once dumped a magical water bucket into the toilet. It won't stop overflowing. Anyway, you got something for me?
12:04:38 [GARDEN_VISITOR_MESSAGE] §e[NPC] §aPlumber Joe§f: §r§fI guess I'll just try to fix it myself.
12:04:38 [GARDEN_VISITOR_MESSAGE] §e[NPC] §aTerry§f: §r§fAhoy, §aHotBaconWasTaken§f! People always tell me they like ice cream, but ice never really tastes like anything for me!
12:04:44 [GARDEN_VISITOR_MESSAGE] §e[NPC] §aTerry§f: §r§fI'll keep crunching on those ice cubes, maybe I am missing something.
12:04:45 [GARDEN_VISITOR_MESSAGE] §e[NPC] §aLiam§f: §r§fOne day you'll be able to buy the sun, trust me on that mate.
12:04:49 [GARDEN_VISITOR_MESSAGE] §e[NPC] §aLiam§f: §r§fAlright...
12:06:14 [GARDEN_VISITOR_MESSAGE] §e[NPC] §9Vinyl Collector§f: §r§fFinally! Thanks man, now I have another complete set!
12:06:58 [NEW_VISITOR_ARRIVED] §9§r§9Rusty §r§ehas arrived on your §r§bGarden§r§e!
12:07:01 [GARDEN_VISITOR_MESSAGE] §e[NPC] §9Rusty§f: §rEver wondered how I find all the things that other players lost? I outsource it. Right now, someone is looking for their §9Polished Pumpkin§f. Can you find that for me?
12:07:07 [GARDEN_VISITOR_MESSAGE] §e[NPC] §9Rusty§f: §r§fTurns out, if you want something done, you have to do it yourself.
13:30:25 [GARDEN_VISITOR_MESSAGE] §e[NPC] §aPest Wrangler§f: §r§fThere's pests everywhere. I can smell 'em in the walls!
13:30:32 [GARDEN_VISITOR_MESSAGE] §e[NPC] §aPest Wrangler§f: §r§fThanks mate, this should help me catch 'em!
13:30:33 [GARDEN_VISITOR_MESSAGE] §e[NPC] §aFisherman§f: §r§fA Carrot King has been scaring off all the good fish, I need to deal with it before I lose more fish.
13:30:35 [GARDEN_VISITOR_MESSAGE] §e[NPC] §aFarmhand§f: §r§fI took a break from work for too long! Now I need your help to meet my quota!
13:30:36 [GARDEN_VISITOR_MESSAGE] §e[NPC] §aJamie§f: §r§fYou might have noticed that you can purchase additional plots within your Desk in the Barn!
13:30:38 [GARDEN_VISITOR_MESSAGE] §e[NPC] §9Gwendolyn§f: §r§fI don't really have a sweet tooth, but chocolate is probably my favorite thing in this world. But the supply is really poor mostly because of the mines' lack of accessibility.
13:30:48 [GARDEN_VISITOR_MESSAGE] §e[NPC] §9Gwendolyn§f: §r§fI helped you enter the Crystal Hollows so many times! Why won't you return the favor?
13:30:52 [GARDEN_VISITOR_MESSAGE] §e[NPC] §aJamie§f: §r§fNo worries.
13:31:02 [GARDEN_VISITOR_MESSAGE] §e[NPC] §aFisherman§f: §r§fS'alright, we are all busy some days.
13:31:04 [GARDEN_VISITOR_MESSAGE] §e[NPC] §aFarmhand§f: §r§fYou condemn me to doing my own work? How can you do this to me!
14:39:58 [BESTIARY] §f                                  §6§lBESTIARY
14:39:58 [BESTIARY] §f                              §b§lMoogma §7§8V §8➡§b §bVI
14:39:58 [BESTIARY] 
14:39:58 [BESTIARY] §f                                  §r§6§lREWARDS
14:39:58 [BESTIARY] §f                         §r§8+§r§a3 Moogma §r§b✯ Magic Find
14:39:58 [BESTIARY] §f                          §r§8+§r§a3 Moogma §r§c❁ Strength
14:39:58 [BESTIARY] §f                             §r§8+§r§62% §r§aMoogma §r§7coins
14:39:58 [BESTIARY] §f                    §r§8+§r§a50% §r§7chance for extra XP orbs
14:39:58 [BESTIARY] §f                               §r§8+§r§b1 SkyBlock XP
14:39:58 [BESTIARY] 
14:39:58 [BESTIARY] §3§l▬▬▬▬▬▬▬▬▬▬▬▬▬▬▬▬▬▬▬▬▬▬▬▬▬▬▬▬▬▬▬▬▬▬▬▬▬▬▬▬▬▬▬▬▬▬▬▬▬▬▬▬▬▬▬▬▬▬▬▬▬▬▬▬
14:40:16 [DOUBLE_HOOK] §eIt's a §r§aDouble Hook§r§e!
14:41:08 [DOUBLE_HOOK] §eIt's a §r§aDouble Hook§r§e!
14:47:25 [BESTIARY] §f                                  §6§lBESTIARY
14:47:25 [BESTIARY] §f                           §b§lMagma Slug §7§8IV §8➡§b §bV
14:47:25 [BESTIARY] 
14:47:25 [BESTIARY] §f                                  §r§6§lREWARDS
14:47:25 [BESTIARY] §f                       §r§8+§r§a2 Magma Slug §r§b✯ Magic Find
14:47:25 [BESTIARY] §f                        §r§8+§r§a2 Magma Slug §r§c❁ Strength
14:47:25 [BESTIARY] §f                           §r§8+§r§62% §r§aMagma Slug §r§7coins
14:47:25 [BESTIARY] §f                    §r§8+§r§a50% §r§7chance for extra XP orbs
14:47:25 [BESTIARY] §f                               §r§8+§r§b1 SkyBlock XP
14:47:25 [BESTIARY] 
14:47:25 [BESTIARY] §3§l▬▬▬▬▬▬▬▬▬▬▬▬▬▬▬▬▬▬▬▬▬▬▬▬▬▬▬▬▬▬▬▬▬▬▬▬▬▬▬▬▬▬▬▬▬▬▬▬▬▬▬▬▬▬▬▬▬▬▬▬▬▬▬▬
14:47:50 [DOUBLE_HOOK] §eIt's a §r§aDouble Hook§r§e! Woot woot!
14:48:23 [BESTIARY] §f                                  §6§lBESTIARY
14:48:23 [BESTIARY] §f                           §b§lLava Leech §7§8II §8➡§b §bIII
14:48:23 [BESTIARY] 
14:48:23 [BESTIARY] §f                                  §r§6§lREWARDS
14:48:23 [BESTIARY] §f                       §r§8+§r§a2 Lava Leech §r§b✯ Magic Find
14:48:23 [BESTIARY] §f                       §r§8+§r§a2 Lava Leech §r§c❁ Strength
14:48:23 [BESTIARY] §f                           §r§8+§r§62% §r§aLava Leech §r§7coins
14:48:23 [BESTIARY] §f                    §r§8+§r§a50% §r§7chance for extra XP orbs
14:48:23 [BESTIARY] §f                               §r§8+§r§b1 SkyBlock XP
14:48:23 [BESTIARY] 
14:48:23 [BESTIARY] §3§l▬▬▬▬▬▬▬▬▬▬▬▬▬▬▬▬▬▬▬▬▬▬▬▬▬▬▬▬▬▬▬▬▬▬▬▬▬▬▬▬▬▬▬▬▬▬▬▬▬▬▬▬▬▬▬▬▬▬▬▬▬▬▬▬
14:48:53 [DOUBLE_HOOK] §eIt's a §r§aDouble Hook§r§e!
14:50:06 [DOUBLE_HOOK] §eIt's a §r§aDouble Hook§r§e!
14:51:48 [BESTIARY] §f                                  §6§lBESTIARY
14:51:48 [BESTIARY] §f                           §b§lPyroclastic Worm §7§bI
14:51:48 [BESTIARY] 
14:51:48 [BESTIARY] §f                                  §r§6§lREWARDS
14:51:48 [BESTIARY] §f                   §r§8+§r§a2 Pyroclastic Worm §r§b✯ Magic Find
14:51:48 [BESTIARY] §f                    §r§8+§r§a2 Pyroclastic Worm §r§c❁ Strength
14:51:48 [BESTIARY] §f                       §r§8+§r§62% §r§aPyroclastic Worm §r§7coins
14:51:48 [BESTIARY] §f                    §r§8+§r§a50% §r§7chance for extra XP orbs
14:51:48 [BESTIARY] §f                               §r§8+§r§b1 SkyBlock XP
14:51:48 [BESTIARY] 
14:51:48 [BESTIARY] §3§l▬▬▬▬▬▬▬▬▬▬▬▬▬▬▬▬▬▬▬▬▬▬▬▬▬▬▬▬▬▬▬▬▬▬▬▬▬▬▬▬▬▬▬▬▬▬▬▬▬▬▬▬▬▬▬▬▬▬▬▬▬▬▬▬
14:57:52 [DOUBLE_HOOK] §eIt's a §r§aDouble Hook§r§e!
14:59:27 [BESTIARY] §f                                  §6§lBESTIARY
14:59:27 [BESTIARY] §f                       §b§lPyroclastic Worm §7§8I §8➡§b §bII
14:59:27 [BESTIARY] 
14:59:27 [BESTIARY] §f                                  §r§6§lREWARDS
14:59:27 [BESTIARY] §f                   §r§8+§r§a2 Pyroclastic Worm §r§b✯ Magic Find
14:59:27 [BESTIARY] §f                    §r§8+§r§a2 Pyroclastic Worm §r§c❁ Strength
14:59:27 [BESTIARY] §f                       §r§8+§r§62% §r§aPyroclastic Worm §r§7coins
14:59:27 [BESTIARY] §f                    §r§8+§r§a50% §r§7chance for extra XP orbs
14:59:27 [BESTIARY] §f                               §r§8+§r§b1 SkyBlock XP
14:59:27 [BESTIARY] 
14:59:27 [BESTIARY] §3§l▬▬▬▬▬▬▬▬▬▬▬▬▬▬▬▬▬▬▬▬▬▬▬▬▬▬▬▬▬▬▬▬▬▬▬▬▬▬▬▬▬▬▬▬▬▬▬▬▬▬▬▬▬▬▬▬▬▬▬▬▬▬▬▬
15:02:36 [BESTIARY] §f                                  §6§lBESTIARY
15:02:36 [BESTIARY] §f                          §b§lLava Leech §7§8III §8➡§b §bIV
15:02:36 [BESTIARY] 
15:02:36 [BESTIARY] §f                                  §r§6§lREWARDS
15:02:36 [BESTIARY] §f                       §r§8+§r§a2 Lava Leech §r§b✯ Magic Find
15:02:36 [BESTIARY] §f                       §r§8+§r§a2 Lava Leech §r§c❁ Strength
15:02:36 [BESTIARY] §f                           §r§8+§r§62% §r§aLava Leech §r§7coins
15:02:36 [BESTIARY] §f                    §r§8+§r§a50% §r§7chance for extra XP orbs
15:02:36 [BESTIARY] §f                               §r§8+§r§b1 SkyBlock XP
15:02:36 [BESTIARY] 
15:02:36 [BESTIARY] §3§l▬▬▬▬▬▬▬▬▬▬▬▬▬▬▬▬▬▬▬▬▬▬▬▬▬▬▬▬▬▬▬▬▬▬▬▬▬▬▬▬▬▬▬▬▬▬▬▬▬▬▬▬▬▬▬▬▬▬▬▬▬▬▬▬
15:07:15 [BESTIARY] §f                                  §6§lBESTIARY
15:07:15 [BESTIARY] §f                      §b§lPyroclastic Worm §7§8II §8➡§b §bIII
15:07:15 [BESTIARY] 
15:07:15 [BESTIARY] §f                                  §r§6§lREWARDS
15:07:15 [BESTIARY] §f                   §r§8+§r§a2 Pyroclastic Worm §r§b✯ Magic Find
15:07:15 [BESTIARY] §f                    §r§8+§r§a2 Pyroclastic Worm §r§c❁ Strength
15:07:15 [BESTIARY] §f                       §r§8+§r§62% §r§aPyroclastic Worm §r§7coins
15:07:15 [BESTIARY] §f                    §r§8+§r§a50% §r§7chance for extra XP orbs
15:07:15 [BESTIARY] §f                               §r§8+§r§b1 SkyBlock XP
15:07:15 [BESTIARY] 
15:07:15 [BESTIARY] §3§l▬▬▬▬▬▬▬▬▬▬▬▬▬▬▬▬▬▬▬▬▬▬▬▬▬▬▬▬▬▬▬▬▬▬▬▬▬▬▬▬▬▬▬▬▬▬▬▬▬▬▬▬▬▬▬▬▬▬▬▬▬▬▬▬
15:11:58 [BESTIARY] §f                                  §6§lBESTIARY
15:11:58 [BESTIARY] §f                      §b§lPyroclastic Worm §7§8III §8➡§b §bIV
15:11:58 [BESTIARY] 
15:11:58 [BESTIARY] §f                                  §r§6§lREWARDS
15:11:58 [BESTIARY] §f                   §r§8+§r§a2 Pyroclastic Worm §r§b✯ Magic Find
15:11:58 [BESTIARY] §f                    §r§8+§r§a2 Pyroclastic Worm §r§c❁ Strength
15:11:58 [BESTIARY] §f                       §r§8+§r§62% §r§aPyroclastic Worm §r§7coins
15:11:58 [BESTIARY] §f                    §r§8+§r§a50% §r§7chance for extra XP orbs
15:11:58 [BESTIARY] §f                               §r§8+§r§b1 SkyBlock XP
15:11:58 [BESTIARY] 
15:11:58 [BESTIARY] §3§l▬▬▬▬▬▬▬▬▬▬▬▬▬▬▬▬▬▬▬▬▬▬▬▬▬▬▬▬▬▬▬▬▬▬▬▬▬▬▬▬▬▬▬▬▬▬▬▬▬▬▬▬▬▬▬▬▬▬▬▬▬▬▬▬
15:13:54 [BESTIARY] §f                                  §6§lBESTIARY
15:13:54 [BESTIARY] §f                               §b§lLava Flame §7§bI
15:13:54 [BESTIARY] 
15:13:54 [BESTIARY] §f                                  §r§6§lREWARDS
15:13:54 [BESTIARY] §f                       §r§8+§r§a2 Lava Flame §r§b✯ Magic Find
15:13:54 [BESTIARY] §f                        §r§8+§r§a2 Lava Flame §r§c❁ Strength
15:13:54 [BESTIARY] §f                           §r§8+§r§62% §r§aLava Flame §r§7coins
15:13:54 [BESTIARY] §f                    §r§8+§r§a50% §r§7chance for extra XP orbs
15:13:54 [BESTIARY] §f                               §r§8+§r§b1 SkyBlock XP
15:13:54 [BESTIARY] 
15:13:54 [BESTIARY]   §r§f                         §6§lBESTIARY MILESTONE
15:13:54 [BESTIARY]   §r§f                                 §8CCVIII➡§eCCIX
15:13:54 [BESTIARY] 
15:13:54 [BESTIARY] §3§l▬▬▬▬▬▬▬▬▬▬▬▬▬▬▬▬▬▬▬▬▬▬▬▬▬▬▬▬▬▬▬▬▬▬▬▬▬▬▬▬▬▬▬▬▬▬▬▬▬▬▬▬▬▬▬▬▬▬▬▬▬▬▬▬
15:15:06 [BESTIARY] §f                                  §6§lBESTIARY
15:15:06 [BESTIARY] §f                           §b§lLava Leech §7§8IV §8➡§b §bV
15:15:06 [BESTIARY] 
15:15:06 [BESTIARY] §f                                  §r§6§lREWARDS
15:15:06 [BESTIARY] §f                       §r§8+§r§a2 Lava Leech §r§b✯ Magic Find
15:15:06 [BESTIARY] §f                       §r§8+§r§a2 Lava Leech §r§c❁ Strength
15:15:06 [BESTIARY] §f                           §r§8+§r§62% §r§aLava Leech §r§7coins
15:15:06 [BESTIARY] §f                    §r§8+§r§a50% §r§7chance for extra XP orbs
15:15:06 [BESTIARY] §f                               §r§8+§r§b1 SkyBlock XP
15:15:06 [BESTIARY] 
15:15:06 [BESTIARY] §3§l▬▬▬▬▬▬▬▬▬▬▬▬▬▬▬▬▬▬▬▬▬▬▬▬▬▬▬▬▬▬▬▬▬▬▬▬▬▬▬▬▬▬▬▬▬▬▬▬▬▬▬▬▬▬▬▬▬▬▬▬▬▬▬▬
15:16:26 [BESTIARY] §f                                  §6§lBESTIARY
15:16:26 [BESTIARY] §f                            §b§lLava Flame §7§8I §8➡§b §bII
15:16:26 [BESTIARY] 
15:16:26 [BESTIARY] §f                                  §r§6§lREWARDS
15:16:26 [BESTIARY] §f                       §r§8+§r§a2 Lava Flame §r§b✯ Magic Find
15:16:26 [BESTIARY] §f                        §r§8+§r§a2 Lava Flame §r§c❁ Strength
15:16:26 [BESTIARY] §f                           §r§8+§r§62% §r§aLava Flame §r§7coins
15:16:26 [BESTIARY] §f                    §r§8+§r§a50% §r§7chance for extra XP orbs
15:16:26 [BESTIARY] §f                               §r§8+§r§b1 SkyBlock XP
15:16:26 [BESTIARY] 
15:16:26 [BESTIARY] §3§l▬▬▬▬▬▬▬▬▬▬▬▬▬▬▬▬▬▬▬▬▬▬▬▬▬▬▬▬▬▬▬▬▬▬▬▬▬▬▬▬▬▬▬▬▬▬▬▬▬▬▬▬▬▬▬▬▬▬▬▬▬▬▬▬
15:17:00 [BESTIARY] §f                                  §6§lBESTIARY
15:17:00 [BESTIARY] §f                             §b§lMoogma §7§8VI §8➡§b §bVII
15:17:00 [BESTIARY] 
15:17:00 [BESTIARY] §f                                  §r§6§lREWARDS
15:17:00 [BESTIARY] §f                         §r§8+§r§a3 Moogma §r§b✯ Magic Find
15:17:00 [BESTIARY] §f                          §r§8+§r§a3 Moogma §r§c❁ Strength
15:17:00 [BESTIARY] §f                             §r§8+§r§62% §r§aMoogma §r§7coins
15:17:00 [BESTIARY] §f                    §r§8+§r§a50% §r§7chance for extra XP orbs
15:17:00 [BESTIARY] §f                               §r§8+§r§b1 SkyBlock XP
15:17:00 [BESTIARY] 
15:17:00 [BESTIARY] §3§l▬▬▬▬▬▬▬▬▬▬▬▬▬▬▬▬▬▬▬▬▬▬▬▬▬▬▬▬▬▬▬▬▬▬▬▬▬▬▬▬▬▬▬▬▬▬▬▬▬▬▬▬▬▬▬▬▬▬▬▬▬▬▬▬
15:19:31 [BESTIARY] §f                                  §6§lBESTIARY
15:19:31 [BESTIARY] §f                           §b§lLava Flame §7§8II §8➡§b §bIII
15:19:31 [BESTIARY] 
15:19:31 [BESTIARY] §f                                  §r§6§lREWARDS
15:19:31 [BESTIARY] §f                       §r§8+§r§a2 Lava Flame §r§b✯ Magic Find
15:19:31 [BESTIARY] §f                        §r§8+§r§a2 Lava Flame §r§c❁ Strength
15:19:31 [BESTIARY] §f                           §r§8+§r§62% §r§aLava Flame §r§7coins
15:19:31 [BESTIARY] §f                    §r§8+§r§a50% §r§7chance for extra XP orbs
15:19:31 [BESTIARY] §f                               §r§8+§r§b1 SkyBlock XP
15:19:31 [BESTIARY] 
15:19:31 [BESTIARY] §3§l▬▬▬▬▬▬▬▬▬▬▬▬▬▬▬▬▬▬▬▬▬▬▬▬▬▬▬▬▬▬▬▬▬▬▬▬▬▬▬▬▬▬▬▬▬▬▬▬▬▬▬▬▬▬▬▬▬▬▬▬▬▬▬▬
15:19:33 [BESTIARY] §f                                  §6§lBESTIARY
15:19:33 [BESTIARY] §f                       §b§lPyroclastic Worm §7§8IV §8➡§b §bV
15:19:33 [BESTIARY] 
15:19:33 [BESTIARY] §f                                  §r§6§lREWARDS
15:19:33 [BESTIARY] §f                   §r§8+§r§a2 Pyroclastic Worm §r§b✯ Magic Find
15:19:33 [BESTIARY] §f                    §r§8+§r§a2 Pyroclastic Worm §r§c❁ Strength
15:19:33 [BESTIARY] §f                       §r§8+§r§62% §r§aPyroclastic Worm §r§7coins
15:19:33 [BESTIARY] §f                    §r§8+§r§a50% §r§7chance for extra XP orbs
15:19:33 [BESTIARY] §f                               §r§8+§r§b1 SkyBlock XP
15:19:33 [BESTIARY] 
15:19:33 [BESTIARY] §3§l▬▬▬▬▬▬▬▬▬▬▬▬▬▬▬▬▬▬▬▬▬▬▬▬▬▬▬▬▬▬▬▬▬▬▬▬▬▬▬▬▬▬▬▬▬▬▬▬▬▬▬▬▬▬▬▬▬▬▬▬▬▬▬▬
15:20:38 [DOUBLE_HOOK] §eIt's a §r§aDouble Hook§r§e!
15:21:06 [DOUBLE_HOOK] §eIt's a §r§aDouble Hook§r§e!
15:21:19 [BESTIARY] §f                                  §6§lBESTIARY
15:21:19 [BESTIARY] §f                                 §b§lFire Eel §7§bI
15:21:19 [BESTIARY] 
15:21:19 [BESTIARY] §f                                  §r§6§lREWARDS
15:21:19 [BESTIARY] §f                         §r§8+§r§a2 Fire Eel §r§b✯ Magic Find
15:21:19 [BESTIARY] §f                          §r§8+§r§a2 Fire Eel §r§c❁ Strength
15:21:19 [BESTIARY] §f                             §r§8+§r§62% §r§aFire Eel §r§7coins
15:21:19 [BESTIARY] §f                    §r§8+§r§a50% §r§7chance for extra XP orbs
15:21:19 [BESTIARY] §f                               §r§8+§r§b1 SkyBlock XP
15:21:19 [BESTIARY] 
15:21:19 [BESTIARY] §3§l▬▬▬▬▬▬▬▬▬▬▬▬▬▬▬▬▬▬▬▬▬▬▬▬▬▬▬▬▬▬▬▬▬▬▬▬▬▬▬▬▬▬▬▬▬▬▬▬▬▬▬▬▬▬▬▬▬▬▬▬▬▬▬▬
15:26:05 [BESTIARY] §f                                  §6§lBESTIARY
15:26:05 [BESTIARY] §f                           §b§lMagma Slug §7§8V §8➡§b §bVI
15:26:05 [BESTIARY] 
15:26:05 [BESTIARY] §f                                  §r§6§lREWARDS
15:26:05 [BESTIARY] §f                       §r§8+§r§a3 Magma Slug §r§b✯ Magic Find
15:26:05 [BESTIARY] §f                        §r§8+§r§a3 Magma Slug §r§c❁ Strength
15:26:05 [BESTIARY] §f                           §r§8+§r§62% §r§aMagma Slug §r§7coins
15:26:05 [BESTIARY] §f                    §r§8+§r§a50% §r§7chance for extra XP orbs
15:26:05 [BESTIARY] §f                               §r§8+§r§b1 SkyBlock XP
15:26:05 [BESTIARY] 
15:26:05 [BESTIARY] §3§l▬▬▬▬▬▬▬▬▬▬▬▬▬▬▬▬▬▬▬▬▬▬▬▬▬▬▬▬▬▬▬▬▬▬▬▬▬▬▬▬▬▬▬▬▬▬▬▬▬▬▬▬▬▬▬▬▬▬▬▬▬▬▬▬
15:28:31 [BESTIARY] §f                                  §6§lBESTIARY
15:28:31 [BESTIARY] §f                                  §b§lTaurus §7§bI
15:28:31 [BESTIARY] 
15:28:31 [BESTIARY] §f                                  §r§6§lREWARDS
15:28:31 [BESTIARY] §f                         §r§8+§r§a2 Taurus §r§b✯ Magic Find
15:28:31 [BESTIARY] §f                          §r§8+§r§a2 Taurus §r§c❁ Strength
15:28:31 [BESTIARY] §f                             §r§8+§r§62% §r§aTaurus §r§7coins
15:28:31 [BESTIARY] §f                    §r§8+§r§a50% §r§7chance for extra XP orbs
15:28:31 [BESTIARY] §f                               §r§8+§r§b1 SkyBlock XP
15:28:31 [BESTIARY] 
15:28:31 [BESTIARY] §3§l▬▬▬▬▬▬▬▬▬▬▬▬▬▬▬▬▬▬▬▬▬▬▬▬▬▬▬▬▬▬▬▬▬▬▬▬▬▬▬▬▬▬▬▬▬▬▬▬▬▬▬▬▬▬▬▬▬▬▬▬▬▬▬▬
15:29:21 [BESTIARY] §f                                  §6§lBESTIARY
15:29:21 [BESTIARY] §f                                 §b§lThunder §7§bI
15:29:21 [BESTIARY] 
15:29:21 [BESTIARY] §f                                  §r§6§lREWARDS
15:29:21 [BESTIARY] §f                         §r§8+§r§a2 Thunder §r§b✯ Magic Find
15:29:21 [BESTIARY] §f                         §r§8+§r§a2 Thunder §r§c❁ Strength
15:29:21 [BESTIARY] §f                             §r§8+§r§62% §r§aThunder §r§7coins
15:29:21 [BESTIARY] §f                    §r§8+§r§a50% §r§7chance for extra XP orbs
15:29:21 [BESTIARY] §f                               §r§8+§r§b1 SkyBlock XP
15:29:21 [BESTIARY] 
15:29:21 [BESTIARY] §3§l▬▬▬▬▬▬▬▬▬▬▬▬▬▬▬▬▬▬▬▬▬▬▬▬▬▬▬▬▬▬▬▬▬▬▬▬▬▬▬▬▬▬▬▬▬▬▬▬▬▬▬▬▬▬▬▬▬▬▬▬▬▬▬▬
16:39:16 [BESTIARY] §f                                  §6§lBESTIARY
16:39:16 [BESTIARY] §f                           §b§lLava Flame §7§8III §8➡§b §bIV
16:39:16 [BESTIARY] 
16:39:16 [BESTIARY] §f                                  §r§6§lREWARDS
16:39:16 [BESTIARY] §f                       §r§8+§r§a2 Lava Flame §r§b✯ Magic Find
16:39:16 [BESTIARY] §f                        §r§8+§r§a2 Lava Flame §r§c❁ Strength
16:39:16 [BESTIARY] §f                           §r§8+§r§62% §r§aLava Flame §r§7coins
16:39:16 [BESTIARY] §f                    §r§8+§r§a50% §r§7chance for extra XP orbs
16:39:16 [BESTIARY] §f                               §r§8+§r§b1 SkyBlock XP
16:39:16 [BESTIARY] 
16:39:16 [BESTIARY]   §r§f                         §6§lBESTIARY MILESTONE
16:39:16 [BESTIARY]   §r§f                                  §8CCIX➡§eCCX
16:39:16 [BESTIARY] 
16:39:16 [BESTIARY] §3§l▬▬▬▬▬▬▬▬▬▬▬▬▬▬▬▬▬▬▬▬▬▬▬▬▬▬▬▬▬▬▬▬▬▬▬▬▬▬▬▬▬▬▬▬▬▬▬▬▬▬▬▬▬▬▬▬▬▬▬▬▬▬▬▬
16:46:32 [BESTIARY] §f                                  §6§lBESTIARY
16:46:32 [BESTIARY] §f                           §b§lLava Leech §7§8V §8➡§b §bVI
16:46:32 [BESTIARY] 
16:46:32 [BESTIARY] §f                                  §r§6§lREWARDS
16:46:32 [BESTIARY] §f                       §r§8+§r§a3 Lava Leech §r§b✯ Magic Find
16:46:32 [BESTIARY] §f                       §r§8+§r§a3 Lava Leech §r§c❁ Strength
16:46:32 [BESTIARY] §f                           §r§8+§r§62% §r§aLava Leech §r§7coins
16:46:32 [BESTIARY] §f                    §r§8+§r§a50% §r§7chance for extra XP orbs
16:46:32 [BESTIARY] §f                               §r§8+§r§b1 SkyBlock XP
16:46:32 [BESTIARY] 
16:46:32 [BESTIARY] §3§l▬▬▬▬▬▬▬▬▬▬▬▬▬▬▬▬▬▬▬▬▬▬▬▬▬▬▬▬▬▬▬▬▬▬▬▬▬▬▬▬▬▬▬▬▬▬▬▬▬▬▬▬▬▬▬▬▬▬▬▬▬▬▬▬
16:49:16 [BESTIARY] §f                                  §6§lBESTIARY
16:49:16 [BESTIARY] §f                           §b§lLava Flame §7§8IV §8➡§b §bV
16:49:16 [BESTIARY] 
16:49:16 [BESTIARY] §f                                  §r§6§lREWARDS
16:49:16 [BESTIARY] §f                       §r§8+§r§a2 Lava Flame §r§b✯ Magic Find
16:49:16 [BESTIARY] §f                        §r§8+§r§a2 Lava Flame §r§c❁ Strength
16:49:16 [BESTIARY] §f                           §r§8+§r§62% §r§aLava Flame §r§7coins
16:49:16 [BESTIARY] §f                    §r§8+§r§a50% §r§7chance for extra XP orbs
16:49:16 [BESTIARY] §f                               §r§8+§r§b1 SkyBlock XP
16:49:16 [BESTIARY] 
16:49:16 [BESTIARY] §3§l▬▬▬▬▬▬▬▬▬▬▬▬▬▬▬▬▬▬▬▬▬▬▬▬▬▬▬▬▬▬▬▬▬▬▬▬▬▬▬▬▬▬▬▬▬▬▬▬▬▬▬▬▬▬▬▬▬▬▬▬▬▬▬▬
17:17:56 [BESTIARY] §f                                  §6§lBESTIARY
17:17:56 [BESTIARY] §f                           §b§lLava Flame §7§8V §8➡§b §bVI
17:17:56 [BESTIARY] 
17:17:56 [BESTIARY] §f                                  §r§6§lREWARDS
17:17:56 [BESTIARY] §f                       §r§8+§r§a3 Lava Flame §r§b✯ Magic Find
17:17:56 [BESTIARY] §f                        §r§8+§r§a3 Lava Flame §r§c❁ Strength
17:17:56 [BESTIARY] §f                           §r§8+§r§62% §r§aLava Flame §r§7coins
17:17:56 [BESTIARY] §f                    §r§8+§r§a50% §r§7chance for extra XP orbs
17:17:56 [BESTIARY] §f                               §r§8+§r§b1 SkyBlock XP
17:17:56 [BESTIARY] 
17:17:56 [BESTIARY] §3§l▬▬▬▬▬▬▬▬▬▬▬▬▬▬▬▬▬▬▬▬▬▬▬▬▬▬▬▬▬▬▬▬▬▬▬▬▬▬▬▬▬▬▬▬▬▬▬▬▬▬▬▬▬▬▬▬▬▬▬▬▬▬▬▬
17:18:17 [DOUBLE_HOOK] §eIt's a §r§aDouble Hook§r§e!
17:22:49 [BESTIARY] §f                                  §6§lBESTIARY
17:22:49 [BESTIARY] §f                       §b§lPyroclastic Worm §7§8V §8➡§b §bVI
17:22:49 [BESTIARY] 
17:22:49 [BESTIARY] §f                                  §r§6§lREWARDS
17:22:49 [BESTIARY] §f                   §r§8+§r§a3 Pyroclastic Worm §r§b✯ Magic Find
17:22:49 [BESTIARY] §f                    §r§8+§r§a3 Pyroclastic Worm §r§c❁ Strength
17:22:49 [BESTIARY] §f                       §r§8+§r§62% §r§aPyroclastic Worm §r§7coins
17:22:49 [BESTIARY] §f                    §r§8+§r§a50% §r§7chance for extra XP orbs
17:22:49 [BESTIARY] §f                               §r§8+§r§b1 SkyBlock XP
17:22:49 [BESTIARY] 
17:22:49 [BESTIARY] §3§l▬▬▬▬▬▬▬▬▬▬▬▬▬▬▬▬▬▬▬▬▬▬▬▬▬▬▬▬▬▬▬▬▬▬▬▬▬▬▬▬▬▬▬▬▬▬▬▬▬▬▬▬▬▬▬▬▬▬▬▬▬▬▬▬
17:28:09 [DOUBLE_HOOK] §eIt's a §r§aDouble Hook§r§e!
17:28:37 [BESTIARY] §f                                  §6§lBESTIARY
17:28:37 [BESTIARY] §f                          §b§lLava Flame §7§8VI §8➡§b §bVII
17:28:37 [BESTIARY] 
17:28:37 [BESTIARY] §f                                  §r§6§lREWARDS
17:28:37 [BESTIARY] §f                       §r§8+§r§a3 Lava Flame §r§b✯ Magic Find
17:28:37 [BESTIARY] §f                        §r§8+§r§a3 Lava Flame §r§c❁ Strength
17:28:37 [BESTIARY] §f                           §r§8+§r§62% §r§aLava Flame §r§7coins
17:28:37 [BESTIARY] §f                    §r§8+§r§a50% §r§7chance for extra XP orbs
17:28:37 [BESTIARY] §f                               §r§8+§r§b1 SkyBlock XP
17:28:37 [BESTIARY] 
17:28:37 [BESTIARY] §3§l▬▬▬▬▬▬▬▬▬▬▬▬▬▬▬▬▬▬▬▬▬▬▬▬▬▬▬▬▬▬▬▬▬▬▬▬▬▬▬▬▬▬▬▬▬▬▬▬▬▬▬▬▬▬▬▬▬▬▬▬▬▬▬▬
17:30:43 [DOUBLE_HOOK] §eIt's a §r§aDouble Hook§r§e!
17:30:47 [BESTIARY] §f                                  §6§lBESTIARY
17:30:47 [BESTIARY] §f                            §b§lMoogma §7§8VII §8➡§b §bVIII
17:30:47 [BESTIARY] 
17:30:47 [BESTIARY] §f                                  §r§6§lREWARDS
17:30:47 [BESTIARY] §f                         §r§8+§r§a3 Moogma §r§b✯ Magic Find
17:30:47 [BESTIARY] §f                          §r§8+§r§a3 Moogma §r§c❁ Strength
17:30:47 [BESTIARY] §f                             §r§8+§r§62% §r§aMoogma §r§7coins
17:30:47 [BESTIARY] §f                    §r§8+§r§a50% §r§7chance for extra XP orbs
17:30:47 [BESTIARY] §f                               §r§8+§r§b1 SkyBlock XP
17:30:47 [BESTIARY] 
17:30:47 [BESTIARY] §3§l▬▬▬▬▬▬▬▬▬▬▬▬▬▬▬▬▬▬▬▬▬▬▬▬▬▬▬▬▬▬▬▬▬▬▬▬▬▬▬▬▬▬▬▬▬▬▬▬▬▬▬▬▬▬▬▬▬▬▬▬▬▬▬▬
17:35:40 [DOUBLE_HOOK] §eIt's a §r§aDouble Hook§r§e! Woot woot!
18:19:29 [BESTIARY] §f                                  §6§lBESTIARY
18:19:29 [BESTIARY] §f                            §b§lMinos Inquisitor §7§bI
18:19:29 [BESTIARY] 
18:19:29 [BESTIARY] §f                                  §r§6§lREWARDS
18:19:29 [BESTIARY] §f                    §r§8+§r§a2 Minos Inquisitor §r§b✯ Magic Find
18:19:29 [BESTIARY] §f                     §r§8+§r§a2 Minos Inquisitor §r§c❁ Strength
18:19:29 [BESTIARY] §f                        §r§8+§r§62% §r§aMinos Inquisitor §r§7coins
18:19:29 [BESTIARY] §f                    §r§8+§r§a50% §r§7chance for extra XP orbs
18:19:29 [BESTIARY] §f                               §r§8+§r§b1 SkyBlock XP
18:19:29 [BESTIARY] 
18:19:29 [BESTIARY] §3§l▬▬▬▬▬▬▬▬▬▬▬▬▬▬▬▬▬▬▬▬▬▬▬▬▬▬▬▬▬▬▬▬▬▬▬▬▬▬▬▬▬▬▬▬▬▬▬▬▬▬▬▬▬▬▬▬▬▬▬▬▬▬▬▬
18:26:28 [BESTIARY] §f                                  §6§lBESTIARY
18:26:28 [BESTIARY] §f                       §b§lGaia Construct §7§8VIII §8➡§b §bIX
18:26:28 [BESTIARY] 
18:26:28 [BESTIARY] §f                                  §r§6§lREWARDS
18:26:28 [BESTIARY] §f                     §r§8+§r§a3 Gaia Construct §r§b✯ Magic Find
18:26:28 [BESTIARY] §f                     §r§8+§r§a3 Gaia Construct §r§c❁ Strength
18:26:28 [BESTIARY] §f                         §r§8+§r§62% §r§aGaia Construct §r§7coins
18:26:28 [BESTIARY] §f                    §r§8+§r§a50% §r§7chance for extra XP orbs
18:26:28 [BESTIARY] §f                               §r§8+§r§b1 SkyBlock XP
18:26:28 [BESTIARY] 
18:26:28 [BESTIARY] §3§l▬▬▬▬▬▬▬▬▬▬▬▬▬▬▬▬▬▬▬▬▬▬▬▬▬▬▬▬▬▬▬▬▬▬▬▬▬▬▬▬▬▬▬▬▬▬▬▬▬▬▬▬▬▬▬▬▬▬▬▬▬▬▬▬
20:27:50 [GARDEN_VISITOR_MESSAGE] §e[NPC] §aGuy§f: §r§fHeard you may got some mushrooms...I've been looking for some...
20:27:54 [GARDEN_VISITOR_MESSAGE] §e[NPC] §aGuy§f: §r§fOh man gee, that's awful man, call me when you got 'em alright?
20:27:55 [GARDEN_VISITOR_MESSAGE] §e[NPC] §9Bartender§f: §r§fI want to make some new brews, do you think you can give me some ingredients to work with?
20:27:59 [GARDEN_VISITOR_MESSAGE] §e[NPC] §9Bartender§f: §r§fHard times we are in. Take care!
20:27:59 [GARDEN_VISITOR_MESSAGE] §e[NPC] §aLiam§f: §r§fOne day you'll be able to buy the sun, trust me on that mate.
20:28:03 [GARDEN_VISITOR_MESSAGE] §e[NPC] §aLiam§f: §r§fAlright...
20:28:03 [GARDEN_VISITOR_MESSAGE] §e[NPC] §aRhys§f: §r§fI found an unexplored cave while mining for titanium. But it's too dark to see in there, even for me! Can you spare any glowing pumpkins?
20:28:06 [GARDEN_VISITOR_MESSAGE] §e[NPC] §aRhys§f: §r§fWell then, I will even mine in total darkness if I must!
20:28:07 [GARDEN_VISITOR_MESSAGE] §e[NPC] §aFarmhand§f: §r§fI took a break from work for too long! Now I need your help to meet my quota!
20:28:09 [GARDEN_VISITOR_MESSAGE] §e[NPC] §aFarmhand§f: §r§fYou condemn me to doing my own work? How can you do this to me!
20:28:52 [BESTIARY] §f                                  §6§lBESTIARY
20:28:52 [BESTIARY] §f                               §b§lFly §7§8XIII §8➡§b §bXIV
20:28:52 [BESTIARY] 
20:28:52 [BESTIARY] §f                                  §r§6§lREWARDS
20:28:52 [BESTIARY] §f                          §r§6+0.4☘ Farming Fortune
20:28:52 [BESTIARY] §f                                §r§8+§r§62% §r§aFly §r§7coins
20:28:52 [BESTIARY] §f                    §r§8+§r§a50% §r§7chance for extra XP orbs
20:28:52 [BESTIARY] §f                               §r§8+§r§b1 SkyBlock XP
20:28:52 [BESTIARY] 
20:28:52 [BESTIARY] §3§l▬▬▬▬▬▬▬▬▬▬▬▬▬▬▬▬▬▬▬▬▬▬▬▬▬▬▬▬▬▬▬▬▬▬▬▬▬▬▬▬▬▬▬▬▬▬▬▬▬▬▬▬▬▬▬▬▬▬▬▬▬▬▬▬
20:36:40 [NEW_VISITOR_ARRIVED] §a§r§aDuke §r§ehas arrived on your §r§bGarden§r§e!
20:48:40 [NEW_VISITOR_ARRIVED] §a§r§aFriendly Hiker §r§ehas arrived on your §r§bGarden§r§e!
21:00:40 [NEW_VISITOR_ARRIVED] §6§r§6Jerry §r§ehas arrived on your §r§bGarden§r§e!
21:01:15 [GARDEN_VISITOR_MESSAGE] §e[NPC] §6Jerry§f: §rHello §aHotBaconWasTaken§f. Glad to meet you here. I need some §aEnchanted Baked Potato§f.
21:01:48 [GARDEN_VISITOR_MESSAGE] §e[NPC] §6Jerry§f: §r§fThis is not my realm. I must return. Thank you.
21:01:49 [GARDEN_VISITOR_MESSAGE] §e[NPC] §aFriendly Hiker§f: §r§fI'm planning to head back into the gorge to fetch my hiker friend, but I'll need some meat to cook before I head in there.
21:01:53 [GARDEN_VISITOR_MESSAGE] §e[NPC] §aFriendly Hiker§f: §r§fThat's alright. I can always head into the Oasis to hunt down some sheep.
21:01:54 [GARDEN_VISITOR_MESSAGE] §e[NPC] §aDuke§f: §rYou seem new here. You should probably try to get some §aEnchanted Cactus Green §ffor me.
21:01:56 [GARDEN_VISITOR_MESSAGE] §e[NPC] §aDuke§f: §r§fMaybe next time.
22:07:56 [BESTIARY] §f                                  §6§lBESTIARY
22:07:56 [BESTIARY] §f                                 §b§lBal §7§8IV §8➡§b §bV
22:07:56 [BESTIARY] 
22:07:56 [BESTIARY] §f                                  §r§6§lREWARDS
22:07:56 [BESTIARY] §f                            §r§8+§r§a2 §r§c§lBal §r§b✯ Magic Find
22:07:56 [BESTIARY] §f                            §r§8+§r§a2 §r§c§lBal §r§c❁ Strength
22:07:56 [BESTIARY] §f                                §r§8+§r§62% §r§a§r§c§lBal §r§7coins
22:07:56 [BESTIARY] §f                    §r§8+§r§a50% §r§7chance for extra XP orbs
22:07:56 [BESTIARY] §f                               §r§8+§r§b1 SkyBlock XP
22:07:56 [BESTIARY] 
22:07:56 [BESTIARY]   §r§f                         §6§lBESTIARY MILESTONE
22:07:56 [BESTIARY]   §r§f                                  §8CCX➡§eCCXI
22:07:56 [BESTIARY] 
22:07:56 [BESTIARY] §3§l▬▬▬▬▬▬▬▬▬▬▬▬▬▬▬▬▬▬▬▬▬▬▬▬▬▬▬▬▬▬▬▬▬▬▬▬▬▬▬▬▬▬▬▬▬▬▬▬▬▬▬▬▬▬▬▬▬▬▬▬▬▬▬▬
23:15:19 [BESTIARY] §f                                  §6§lBESTIARY
23:15:19 [BESTIARY] §f                                 §b§lBal §7§8V §8➡§b §bVI
23:15:19 [BESTIARY] 
23:15:19 [BESTIARY] §f                                  §r§6§lREWARDS
23:15:19 [BESTIARY] §f                            §r§8+§r§a3 §r§c§lBal §r§b✯ Magic Find
23:15:19 [BESTIARY] §f                            §r§8+§r§a3 §r§c§lBal §r§c❁ Strength
23:15:19 [BESTIARY] §f                                §r§8+§r§62% §r§a§r§c§lBal §r§7coins
23:15:19 [BESTIARY] §f                    §r§8+§r§a50% §r§7chance for extra XP orbs
23:15:19 [BESTIARY] §f                               §r§8+§r§b1 SkyBlock XP
23:15:19 [BESTIARY] 
23:15:19 [BESTIARY] §3§l▬▬▬▬▬▬▬▬▬▬▬▬▬▬▬▬▬▬▬▬▬▬▬▬▬▬▬▬▬▬▬▬▬▬▬▬▬▬▬▬▬▬▬▬▬▬▬▬▬▬▬▬▬▬▬▬▬▬▬▬▬▬▬▬
23:18:54 [GARDEN_VISITOR_MESSAGE] §e[NPC] §aVex§f: §r§fI have an offer for you that you can't refuse.
23:19:01 [GARDEN_VISITOR_MESSAGE] §e[NPC] §aVex§f: §r§fOh well that's awkward.
23:19:02 [GARDEN_VISITOR_MESSAGE] §e[NPC] §aWeaponsmith§f: §r§fHey! I am looking to make some Hot Potato Books to enhance some of my weapons, do you have any potatoes to spare?
23:19:07 [GARDEN_VISITOR_MESSAGE] §e[NPC] §aWeaponsmith§f: §r§fToo bad, I guess I'll have to look for actual metal next time...
23:19:08 [GARDEN_VISITOR_MESSAGE] §e[NPC] §aAdventurer§f: §r§fExploring the whole wide world makes me hungry, I could take some fresh potatoes.
23:19:13 [GARDEN_VISITOR_MESSAGE] §e[NPC] §aAdventurer§f: §r§fDarn it, I'll have to find another farmer then.
23:19:13 [GARDEN_VISITOR_MESSAGE] §e[NPC] §aAndrew§f: §rDid you know that SkyBlock has been running for §b4456 §fin-game months already? Time flies.
23:19:16 [GARDEN_VISITOR_MESSAGE] §e[NPC] §aAndrew§f: §r§fI guess I'll come back in a bit.
23:19:16 [GARDEN_VISITOR_MESSAGE] §e[NPC] §aLibrarian§f: §r§fGreetings! I've been running low on paper recently for my Enchanted Books, could you bring me some Sugar Cane?
23:19:24 [GARDEN_VISITOR_MESSAGE] §e[NPC] §aLibrarian§f: §r§fVery unfortunate, I really needed that paper...
