11:59:26 §e[SkyHanni] You have gained §b350 §eBits.§r
12:01:58 §e[SkyHanni] §cYour Organic Matter is low!§r
12:01:58 §e[SkyHanni] §aHungry Hiker §eis visiting your garden!§r
12:01:58 §e[SkyHanni] §9Vinyl Collector §eis visiting your garden!§r
12:01:58 §e[SkyHanni] §aPlumber Joe §eis visiting your garden!§r
12:01:58 §e[SkyHanni] §aTerry §eis visiting your garden!§r
12:01:58 §e[SkyHanni] §aLiam §eis visiting your garden!§r
12:02:10 §e[SkyHanni] You have gained §b7 §eBits.§r
12:02:21 §e[SkyHanni] You have gained §b7 §eBits.§r
12:02:31 §e[SkyHanni] You have gained §b7 §eBits.§r
12:02:40 §e[SkyHanni] You have gained §b7 §eBits.§r
12:02:43 §e[SkyHanni] You have gained §b7 §eBits.§r
12:02:48 §6§lBESTIARY §r§b§lLocust §7§8X §8➡§b §bXI§r
12:02:49 §e[SkyHanni] You have gained §b7 §eBits.§r
12:05:16 §e[SkyHanni] You have gained §b14 §eBits.§r
12:05:19 §e[SkyHanni] You have gained §b7 §eBits.§r
12:06:14 §e[SkyHanni] You have gained §b7 §eBits.§r
12:06:58 §e[SkyHanni] §9Rusty §eis visiting your garden!§r
12:28:04 §e[SkyHanni] Mark NEU Heavy Pearls as done.§r
12:29:39 §e[SkyHanni] You have gained §b350 §eBits.§r
12:59:59 §e[SkyHanni] You have gained §b350 §eBits.§r
13:30:17 §e[SkyHanni] §aPest Wrangler §eis visiting your garden!§r
13:30:17 §e[SkyHanni] §aFisherman §eis visiting your garden!§r
13:30:17 §e[SkyHanni] §aFarmhand §eis visiting your garden!§r
13:30:17 §e[SkyHanni] §aJamie §eis visiting your garden!§r
13:30:17 §e[SkyHanni] §9Gwendolyn §eis visiting your garden!§r
13:30:21 §e[SkyHanni] You have gained §b350 §eBits.§r
13:30:33 §e[SkyHanni] You have gained §b7 §eBits.§r
13:32:16 §e[SkyHanni] You have gained §b7 §eBits.§r
14:00:42 §e[SkyHanni] You have gained §b350 §eBits.§r
14:17:07 §e[SkyHanni] Click here to share the location of this chocolate egg with the server!§r
14:30:54 §e[SkyHanni] You have gained §b350 §eBits.§r
14:39:58 §6§lBESTIARY §r§b§lMoogma §7§8V §8➡§b §bVI§r
14:40:24 §e[SkyHanni] You have gained §b21 §eBits.§r
14:44:57 §e[SkyHanni] §fYou were in Limbo for §e7s§f.§r
14:47:25 §6§lBESTIARY §r§b§lMagma Slug §7§8IV §8➡§b §bV§r
14:48:23 §6§lBESTIARY §r§b§lLava Leech §7§8II §8➡§b §bIII§r
14:49:31 §e[SkyHanni] You have gained §b21 §eBits.§r
14:51:48 §6§lBESTIARY §r§b§lPyroclastic Worm §7§bI§r
14:57:01 §e[SkyHanni] You have gained §b21 §eBits.§r
14:58:02 §c[SkyHanni-0.27.Beta.4]: Caught an NoSuchElementException in FishingTimer at SeaCreatureFishEvent: null§c. Click here to copy the error into the clipboard.§r
14:59:27 §6§lBESTIARY §r§b§lPyroclastic Worm §7§8I §8➡§b §bII§r
14:59:52 §e[SkyHanni] Wrong slayer selected! You have Voidgloom Seraph selected and you are in an Inferno Demonlord area!§r
15:00:22 §e[SkyHanni] Wrong slayer selected! You have Voidgloom Seraph selected and you are in an Inferno Demonlord area!§r
15:00:57 §e[SkyHanni] You have gained §b350 §eBits.§r
15:02:36 §6§lBESTIARY §r§b§lLava Leech §7§8III §8➡§b §bIV§r
15:07:15 §6§lBESTIARY §r§b§lPyroclastic Worm §7§8II §8➡§b §bIII§r
15:11:58 §6§lBESTIARY §r§b§lPyroclastic Worm §7§8III §8➡§b §bIV§r
15:13:51 §e[SkyHanni] Wrong slayer selected! You have Voidgloom Seraph selected and you are in an Inferno Demonlord area!§r
15:13:54 §6§lBESTIARY §r§b§lLava Flame §7§bI§r
15:15:06 §6§lBESTIARY §r§b§lLava Leech §7§8IV §8➡§b §bV§r
15:15:49 §e[SkyHanni] Wrong slayer selected! You have Voidgloom Seraph selected and you are in an Inferno Demonlord area!§r
15:16:23 §e[SkyHanni] Wrong slayer selected! You have Voidgloom Seraph selected and you are in an Inferno Demonlord area!§r
15:16:26 §6§lBESTIARY §r§b§lLava Flame §7§8I §8➡§b §bII§r
15:16:53 §e[SkyHanni] Wrong slayer selected! You have Voidgloom Seraph selected and you are in an Inferno Demonlord area!§r
15:17:00 §6§lBESTIARY §r§b§lMoogma §7§8VI §8➡§b §bVII§r
15:17:12 §e[SkyHanni] §cYour Time Tower just expired and has 1 charge remaining. Click here to use one.§r
15:17:12 §c[SkyHanni-0.27.Beta.4]: Caught an NoSuchElementException in FishingTimer at SeaCreatureFishEvent: null§c. Click here to copy the error into the clipboard.§r
15:19:28 §e[SkyHanni] Wrong slayer selected! You have Voidgloom Seraph selected and you are in an Inferno Demonlord area!§r
15:19:31 §6§lBESTIARY §r§b§lLava Flame §7§8II §8➡§b §bIII§r
15:19:33 §6§lBESTIARY §r§b§lPyroclastic Worm §7§8IV §8➡§b §bV§r
15:21:19 §6§lBESTIARY §r§b§lFire Eel §7§bI§r
15:24:58 §e[SkyHanni] Wrong slayer selected! You have Voidgloom Seraph selected and you are in an Inferno Demonlord area!§r
15:26:05 §6§lBESTIARY §r§b§lMagma Slug §7§8V §8➡§b §bVI§r
15:26:55 §e[SkyHanni] Wrong slayer selected! You have Voidgloom Seraph selected and you are in an Inferno Demonlord area!§r
15:27:37 §c[SkyHanni-0.27.Beta.4]: Caught an NoSuchElementException in FishingTimer at SeaCreatureFishEvent: null§c. Click here to copy the error into the clipboard.§r
15:28:31 §6§lBESTIARY §r§b§lTaurus §7§bI§r
15:29:21 §6§lBESTIARY §r§b§lThunder §7§bI§r
15:31:25 §e[SkyHanni] You have gained §b350 §eBits.§r
15:31:27 §e[SkyHanni] Wrong slayer selected! You have Voidgloom Seraph selected and you are in an Inferno Demonlord area!§r
16:01:59 §e[SkyHanni] You have gained §b700 §eBits.§r
16:32:15 §e[SkyHanni] You have gained §b350 §eBits.§r
16:38:37 §e[SkyHanni] §lCLICK HERE§r§e to grab §ax28 §9§5Silver Magmafish§e from sacks!§r
16:39:11 §e[SkyHanni] Wrong slayer selected! You have Voidgloom Seraph selected and you are in an Inferno Demonlord area!§r
16:39:16 §6§lBESTIARY §r§b§lLava Flame §7§8III §8➡§b §bIV§r
16:39:33 §e[SkyHanni] Wrong slayer selected! You have Voidgloom Seraph selected and you are in an Inferno Demonlord area!§r
16:41:00 §e[SkyHanni] Wrong slayer selected! You have Voidgloom Seraph selected and you are in an Inferno Demonlord area!§r
16:41:45 §e[SkyHanni] Wrong slayer selected! You have Voidgloom Seraph selected and you are in an Inferno Demonlord area!§r
16:42:21 §e[SkyHanni] Wrong slayer selected! You have Voidgloom Seraph selected and you are in an Inferno Demonlord area!§r
16:46:32 §6§lBESTIARY §r§b§lLava Leech §7§8V §8➡§b §bVI§r
16:49:12 §e[SkyHanni] Wrong slayer selected! You have Voidgloom Seraph selected and you are in an Inferno Demonlord area!§r
16:49:16 §6§lBESTIARY §r§b§lLava Flame §7§8IV §8➡§b §bV§r
16:49:40 §e[SkyHanni] Wrong slayer selected! You have Voidgloom Seraph selected and you are in an Inferno Demonlord area!§r
17:02:23 §e[SkyHanni] You have gained §b700 §eBits.§r
17:05:22 §e[SkyHanni] Wrong slayer selected! You have Voidgloom Seraph selected and you are in an Inferno Demonlord area!§r
17:05:44 §e[SkyHanni] Wrong slayer selected! You have Voidgloom Seraph selected and you are in an Inferno Demonlord area!§r
17:16:58 §e[SkyHanni] Wrong slayer selected! You have Voidgloom Seraph selected and you are in an Inferno Demonlord area!§r
17:17:54 §e[SkyHanni] Wrong slayer selected! You have Voidgloom Seraph selected and you are in an Inferno Demonlord area!§r
17:17:56 §6§lBESTIARY §r§b§lLava Flame §7§8V §8➡§b §bVI§r
17:20:59 §e[SkyHanni] Wrong slayer selected! You have Voidgloom Seraph selected and you are in an Inferno Demonlord area!§r
17:22:16 §e[SkyHanni] Wrong slayer selected! You have Voidgloom Seraph selected and you are in an Inferno Demonlord area!§r
17:22:49 §6§lBESTIARY §r§b§lPyroclastic Worm §7§8V §8➡§b §bVI§r
17:24:19 §e[SkyHanni] §lCLICK HERE§r§e to grab §ax28 §9§5Silver Magmafish§e from sacks!§r
17:24:42 §e[SkyHanni] Wrong slayer selected! You have Voidgloom Seraph selected and you are in an Inferno Demonlord area!§r
17:27:26 §e[SkyHanni] Wrong slayer selected! You have Voidgloom Seraph selected and you are in an Inferno Demonlord area!§r
17:28:36 §e[SkyHanni] Wrong slayer selected! You have Voidgloom Seraph selected and you are in an Inferno Demonlord area!§r
17:28:37 §6§lBESTIARY §r§b§lLava Flame §7§8VI §8➡§b §bVII§r
17:28:54 §e[SkyHanni] Wrong slayer selected! You have Voidgloom Seraph selected and you are in an Inferno Demonlord area!§r
17:29:06 §e[SkyHanni] You have gained §b21 §eBits.§r
17:30:47 §6§lBESTIARY §r§b§lMoogma §7§8VII §8➡§b §bVIII§r
17:32:43 §e[SkyHanni] You have gained §b350 §eBits.§r
17:36:03 §e[SkyHanni] Wrong slayer selected! You have Voidgloom Seraph selected and you are in an Inferno Demonlord area!§r
17:37:31 §e[SkyHanni] Click here to share the location of this chocolate egg with the server!§r
17:37:47 §e[SkyHanni] §lCLICK HERE§r§e to grab §ax15 §9§5Silver Magmafish§e from sacks!§r
17:42:11 §e[SkyHanni] Reminder to use a Griffin pet for Mythological Ritual!§r
17:46:26 §e[SkyHanni] Reminder to use a Griffin pet for Mythological Ritual!§r
17:46:56 §e[SkyHanni] Reminder to use a Griffin pet for Mythological Ritual!§r
17:47:26 §e[SkyHanni] Reminder to use a Griffin pet for Mythological Ritual!§r
17:48:33 §e[SkyHanni] Reminder to use a Griffin pet for Mythological Ritual!§r
17:49:03 §e[SkyHanni] Reminder to use a Griffin pet for Mythological Ritual!§r
17:49:34 §e[SkyHanni] Reminder to use a Griffin pet for Mythological Ritual!§r
17:51:47 §e[SkyHanni] You have gained §b6 §eBits.§r
17:56:04 §e[SkyHanni] You have gained §b6 §eBits.§r
17:56:52 §e[SkyHanni] You have gained §b6 §eBits.§r
17:57:57 §e[SkyHanni] You have gained §b12 §eBits.§r
18:00:04 §e[SkyHanni] You have gained §b6 §eBits.§r
18:01:01 §e[SkyHanni] You have gained §b6 §eBits.§r
18:01:49 §e[SkyHanni] You have gained §b6 §eBits.§r
18:02:50 §e[SkyHanni] You have gained §b6 §eBits.§r
18:03:12 §e[SkyHanni] You have gained §b350 §eBits.§r
18:03:43 §e[SkyHanni] You have gained §b6 §eBits.§r
18:04:39 §e[SkyHanni] You have gained §b6 §eBits.§r
18:05:53 §e[SkyHanni] You have gained §b12 §eBits.§r
18:06:41 §e[SkyHanni] You have gained §b6 §eBits.§r
18:10:23 §e[SkyHanni] You have gained §b6 §eBits.§r
18:11:09 §e[SkyHanni] You have gained §b12 §eBits.§r
18:12:27 §e[SkyHanni] You have gained §b6 §eBits.§r
18:13:23 §e[SkyHanni] You have gained §b6 §eBits.§r
18:13:48 §e[SkyHanni] Reminder to use a Griffin pet for Mythological Ritual!§r
18:14:31 §e[SkyHanni] Reminder to use a Griffin pet for Mythological Ritual!§r
18:14:37 §e[SkyHanni] You have gained §b6 §eBits.§r
18:15:15 §e[SkyHanni] Reminder to use a Griffin pet for Mythological Ritual!§r
18:15:42 §e[SkyHanni] You have gained §b6 §eBits.§r
18:16:27 §e[SkyHanni] You have gained §b6 §eBits.§r
18:17:15 §e[SkyHanni] You have gained §b12 §eBits.§r
18:18:34 §e[SkyHanni] You have gained §b6 §eBits.§r
18:19:29 §6§lBESTIARY §r§b§lMinos Inquisitor §7§bI§r
18:20:03 §e[SkyHanni] You have gained §b6 §eBits.§r
18:21:51 §e[SkyHanni] You have gained §b6 §eBits.§r
18:22:42 §e[SkyHanni] You have gained §b6 §eBits.§r
18:23:25 §e[SkyHanni] You have gained §b12 §eBits.§r
18:24:34 §e[SkyHanni] You have gained §b6 §eBits.§r
18:25:25 §e[SkyHanni] You have gained §b6 §eBits.§r
18:26:10 §e[SkyHanni] You have gained §b6 §eBits.§r
18:26:28 §6§lBESTIARY §r§b§lGaia Construct §7§8VIII §8➡§b §bIX§r
18:26:49 §e[SkyHanni] You have gained §b6 §eBits.§r
18:27:48 §e[SkyHanni] You have gained §b6 §eBits.§r
18:28:31 §e[SkyHanni] You have gained §b6 §eBits.§r
18:30:42 §e[SkyHanni] You have gained §b6 §eBits.§r
18:31:32 §e[SkyHanni] You have gained §b6 §eBits.§r
18:32:32 §e[SkyHanni] You have gained §b6 §eBits.§r
18:33:14 §e[SkyHanni] §bNo Bits Available! §eClick to buy booster cookies on the bazaar.§r
18:33:14 §e[SkyHanni] You have gained §b46 §eBits.§r
18:55:01 §d§l▬▬▬▬▬▬▬▬▬▬▬▬▬▬▬▬▬▬▬▬▬▬▬▬▬▬▬▬▬▬▬▬▬▬▬▬▬▬▬▬▬▬▬▬▬▬▬▬▬▬▬▬▬▬▬▬▬▬▬▬▬▬▬▬
                          §d§lHoppity's Hunt #26 Stats

    §7You found §b2§7/§a279 §6Chocolate Meal Eggs§7.

    §7Unique Rabbits: §f2
     §f2 §7- §a0 §7- §90 §7- §50 §7- §60 §7- §d0 §7- §b0

§d§l▬▬▬▬▬▬▬▬▬▬▬▬▬▬▬▬▬▬▬▬▬▬▬▬▬▬▬▬▬▬▬▬▬▬▬▬▬▬▬▬▬▬▬▬▬▬▬▬▬▬▬▬▬▬▬▬▬▬▬▬▬▬▬▬§r
19:47:56 §e[SkyHanni] §d§lPERSONAL BEST§f! You've surpassed your previous record of §e26m 5s§f!§r
19:47:56 §e[SkyHanni] §fKeep it up!§r
20:14:12 §e[SkyHanni] §fYou were in Limbo for §e52m 21s§f! §d§lPERSONAL BEST§r§f!§r
20:14:12 §e[SkyHanni] §fYour previous Personal Best was §e26m 5s.§r
20:14:12 §e[SkyHanni] §fYour §aPersonal Bests§f perk is now granting you §a+2.54✴ SkyHanni User Luck§f!§r
20:27:40 §e[SkyHanni] §cYour Organic Matter is low!§r
20:27:40 §e[SkyHanni] §aGuy §eis visiting your garden!§r
20:27:40 §e[SkyHanni] §9Bartender §eis visiting your garden!§r
20:27:40 §e[SkyHanni] §aLiam §eis visiting your garden!§r
20:27:40 §e[SkyHanni] §aRhys §eis visiting your garden!§r
20:27:40 §e[SkyHanni] §aFarmhand §eis visiting your garden!§r
20:28:10 §e[SkyHanni] §aFarmhand §eis visiting your garden!§r
20:28:33 §e[SkyHanni] Started tracking your Jacob Contest Blocks Per Second!§r
20:28:52 §6§lBESTIARY §r§b§lFly §7§8XIII §8➡§b §bXIV§r
20:34:58 §e[SkyHanni] Stats for Melon Contest:§r
20:34:58 §e[SkyHanni] §7Blocks Broken in total: §e0§r
20:34:58 §e[SkyHanni] §7Average Blocks Per Second: §a0.0§r
20:34:58 §e[SkyHanni] §7Participated for §b6m 24s§r
20:36:41 §e[SkyHanni] §aDuke §eis visiting your garden!§r
20:48:42 §e[SkyHanni] §aFriendly Hiker §eis visiting your garden!§r
21:00:40 §e[SkyHanni] §6Jerry §eis visiting your garden!§r
21:02:02 §e[SkyHanni] §cYour Organic Matter is low!§r
21:46:41 §e[SkyHanni] §b+4 SkyBlock XP §7(Nucleus Run§7)§b (51/100)§r
21:58:07 §e[SkyHanni] Low on arrows §e(100 left)§r
22:07:56 §6§lBESTIARY §r§b§lBal §7§8IV §8➡§b §bV§r
22:08:09 §e[SkyHanni] §b+1 SkyBlock XP §7(HOTM Progression§7)§b (52/100)§r
22:09:59 §e[SkyHanni] §cYour Time Tower just expired and has 1 charge remaining. Click here to use one.§r
22:26:04 §e[SkyHanni] Low on arrows §e(100 left)§r
22:26:52 §e[SkyHanni] Low on arrows §e(33 left)§r
22:52:29 §e[SkyHanni] Low on arrows §e(100 left)§r
23:15:19 §6§lBESTIARY §r§b§lBal §7§8V §8➡§b §bVI§r
23:18:44 §e[SkyHanni] §aVex §eis visiting your garden!§r
23:18:44 §e[SkyHanni] §aWeaponsmith §eis visiting your garden!§r
23:18:44 §e[SkyHanni] §aAdventurer §eis visiting your garden!§r
23:18:44 §e[SkyHanni] §aAndrew §eis visiting your garden!§r
23:18:44 §e[SkyHanni] §aLibrarian §eis visiting your garden!§r
23:26:25 §e[SkyHanni] §b+2 SkyBlock XP §7(HOTM Progression§7)§b (53/100)§r
23:26:42 §e[SkyHanni] §b+4 SkyBlock XP §7(HOTM Progression§7)§b (53/100)§r
23:26:54 §e[SkyHanni] §b+5 SkyBlock XP §7(HOTM Progression§7)§b (53/100)§r
23:27:07 §e[SkyHanni] §b+1 SkyBlock XP §7(HOTM Progression§7)§b (53/100)§r
23:27:26 §e[SkyHanni] §b+19 SkyBlock XP §7(HOTM Progression§7)§b (53/100)§r
23:27:35 §e[SkyHanni] §b+2 SkyBlock XP §7(HOTM Progression§7)§b (53/100)§r
23:27:39 §e[SkyHanni] §b+1 SkyBlock XP §7(HOTM Progression§7)§b (48/100)§r
23:33:47 §e[SkyHanni] §b+42 SkyBlock XP §7(HOTM Progression§7)§b (48/100)§r
23:34:30 §e[SkyHanni] §b+7 SkyBlock XP §7(HOTM Progression§7)§b (53/100)§r
23:42:33 §e[SkyHanni] Located a Tungsten Corpse and marked its location with a waypoint.§r
23:44:31 §e[SkyHanni] Located a Lapis Corpse and marked its location with a waypoint.§r
23:44:36 §e[SkyHanni] Profit for §9Lapis Corpse§e: §6228k§r
23:47:19 §e[SkyHanni] Located an Umber Corpse and marked its location with a waypoint.§r
00:02:05 §e[SkyHanni] Located an Umber Corpse and marked its location with a waypoint.§r
00:03:51 §e[SkyHanni] Located an Umber Corpse and marked its location with a waypoint.§r
00:08:20 §e[SkyHanni] §lCLICK HERE§r§e to grab §ax671 §9§a☘ Flawed Peridot Gemstone§e from sacks!§r
00:08:30 §e[SkyHanni] §lCLICK HERE§r§e to grab §ax126 §9§9☘ Fine Peridot Gemstone§e from sacks!§r
