14:40:16  
14:40:16 [original] §r§aYou hear a faint Moo from the lava... A Moogma appears.§r
14:40:16 [modified] §e§lDOUBLE HOOK! §r§aYou hear a faint Moo from the lava... A Moogma appears.§r§r
14:41:08  
14:41:08 [original] §r§aYou hear a faint Moo from the lava... A Moogma appears.§r
14:41:08 [modified] §e§lDOUBLE HOOK! §r§aYou hear a faint Moo from the lava... A Moogma appears.§r§r
14:47:50  
14:47:50 [original] §r§aYou hear a faint Moo from the lava... A Moogma appears.§r
14:47:50 [modified] §e§lDOUBLE HOOK! §r§aYou hear a faint Moo from the lava... A Moogma appears.§r§r
14:48:53  
14:48:53 [original] §r§aFrom beneath the lava appears a Magma Slug.§r
14:48:53 [modified] §e§lDOUBLE HOOK! §r§aFrom beneath the lava appears a Magma Slug.§r§r
14:50:06  
14:50:06 [original] §r§aYou hear a faint Moo from the lava... A Moogma appears.§r
14:50:06 [modified] §e§lDOUBLE HOOK! §r§aYou hear a faint Moo from the lava... A Moogma appears.§r§r
14:57:52  
14:57:52 [original] §r§aYou feel the heat radiating as a Pyroclastic Worm surfaces.§r
14:57:52 [modified] §e§lDOUBLE HOOK! §r§aYou feel the heat radiating as a Pyroclastic Worm surfaces.§r§r
15:20:38  
15:20:38 [original] §r§aFrom beneath the lava appears a Magma Slug.§r
15:20:38 [modified] §e§lDOUBLE HOOK! §r§aFrom beneath the lava appears a Magma Slug.§r§r
15:21:06  
15:21:06 [original] §r§aYou hear a faint Moo from the lava... A Moogma appears.§r
15:21:06 [modified] §e§lDOUBLE HOOK! §r§aYou hear a faint Moo from the lava... A Moogma appears.§r§r
17:18:17  
17:18:17 [original] §r§aA small but fearsome Lava Leech emerges.§r
17:18:17 [modified] §e§lDOUBLE HOOK! §r§aA small but fearsome Lava Leech emerges.§r§r
17:28:09  
17:28:09 [original] §r§aFrom beneath the lava appears a Magma Slug.§r
17:28:09 [modified] §e§lDOUBLE HOOK! §r§aFrom beneath the lava appears a Magma Slug.§r§r
17:30:43  
17:30:43 [original] §r§aFrom beneath the lava appears a Magma Slug.§r
17:30:43 [modified] §e§lDOUBLE HOOK! §r§aFrom beneath the lava appears a Magma Slug.§r§r
17:35:40  
17:35:40 [original] §r§aYou hear a faint Moo from the lava... A Moogma appears.§r
17:35:40 [modified] §e§lDOUBLE HOOK! §r§aYou hear a faint Moo from the lava... A Moogma appears.§r§r
17:52:07  
17:52:07 [original] §r§c§lOi! §r§eYou dug out a §r§2Minos Inquisitor§r§e!§r
17:52:07 [modified] §c§lOi! §r§eYou dug out a §r§2Minos Inquisitor§r§e! §e(2)§r
18:18:49  
18:18:49 [original] §r§c§lUh oh! §r§eYou dug out a §r§2Minos Inquisitor§r§e!§r
18:18:49 [modified] §c§lUh oh! §r§eYou dug out a §r§2Minos Inquisitor§r§e! §e(34)§r
23:42:04  
23:42:04 [original] §r§5§lWOW! §r§aYou found a §r§bGlacite Mineshaft §r§aportal!§r
23:42:04 [modified] §5§lWOW! §r§aYou found a §r§bGlacite Mineshaft §r§aportal! §e(1122)§r
00:01:39  
00:01:39 [original] §r§5§lWOW! §r§aYou found a §r§bGlacite Mineshaft §r§aportal!§r
00:01:39 [modified] §5§lWOW! §r§aYou found a §r§bGlacite Mineshaft §r§aportal! §e(1568)§r
