09:51:31 [SKYMALL] §bNew day! §r§eYour §r§2Sky Mall §r§ebuff changed!
09:51:31 [SKYMALL] §eNew buff§r§r§r: §r§fGain §r§a+15% §r§fmore Powder while mining.
09:51:31 [SKYMALL] §8§oYou can disable this messaging by toggling Sky Mall in your /hotm!
10:04:46 [GARDEN_VISITOR_MESSAGE] §e[NPC] §6Jerry§f: §rHello §aHotBaconWasTaken§f. Glad to meet you here. I need some §aEnchanted Hay Bale§f.
10:04:54 [GARDEN_VISITOR_MESSAGE] §e[NPC] §aWizard§f: §rWhere am I? Oh, it's you §aHotBaconWasTaken§f.
10:05:08 [GARDEN_VISITOR_MESSAGE] §e[NPC] §6Jerry§f: §r§fThis is not my realm. I must return. Thank you.
10:05:10 [GARDEN_VISITOR_MESSAGE] §e[NPC] §9Emissary Sisko§f: §r§fI've heard I can find the best mushrooms here, and as the King's favorite emissary I will bring them to him!
10:05:17 [GARDEN_VISITOR_MESSAGE] §e[NPC] §9Emissary Sisko§f: §r§fYou are going to regret this!
10:05:19 [GARDEN_VISITOR_MESSAGE] §e[NPC] §9Seymour§f: §r§fWanting to buy something from me? I got some pretty fancy tuxedos for sale, for a price of a small fortune.
10:05:27 [GARDEN_VISITOR_MESSAGE] §e[NPC] §9Seymour§f: §r§f*sigh* You're missing out on some awfully fancy gear.
10:05:27 [GARDEN_VISITOR_MESSAGE] §e[NPC] §aJotraeline Greatforge§f: §r§fI heard you have a composter in your barn, it happens to run on the same fuel drills run on! Could I check it out?
10:05:39 [GARDEN_VISITOR_MESSAGE] §e[NPC] §aWizard§f: §r§fI suppose that was expected. Not many people have enough potatoes to power a magical portal.
10:06:19 [GARDEN_VISITOR_MESSAGE] §e[NPC] §aJotraeline Greatforge§f: §r§fQuite fascinating technology you have there, I'm sure with this machinery we could create even better appliances in the future!
10:14:53 [SKYMALL] §bNew day! §r§eYour §r§2Sky Mall §r§ebuff changed!
10:14:53 [SKYMALL] §eNew buff§r§r§r: §r§fReduce Pickaxe Ability cooldown by §r§a20%§r§f.
10:14:53 [SKYMALL] §8§oYou can disable this messaging by toggling Sky Mall in your /hotm!
10:34:54 [SKYMALL] §bNew day! §r§eYour §r§2Sky Mall §r§ebuff changed!
10:34:54 [SKYMALL] §eNew buff§r§r§r: §r§fGain §r§a+15% §r§fmore Powder while mining.
10:34:54 [SKYMALL] §8§oYou can disable this messaging by toggling Sky Mall in your /hotm!
10:54:54 [SKYMALL] §bNew day! §r§eYour §r§2Sky Mall §r§ebuff changed!
10:54:54 [SKYMALL] §eNew buff§r§r§r: §r§fGain §r§a+15% §r§fmore Powder while mining.
10:54:54 [SKYMALL] §8§oYou can disable this messaging by toggling Sky Mall in your /hotm!
11:13:32 [BESTIARY] §f                                  §6§lBESTIARY
11:13:32 [BESTIARY] §f                         §b§lMinos Champion §7§8X §8➡§b §bXI
11:13:32 [BESTIARY] 
11:13:32 [BESTIARY] §f                                  §r§6§lREWARDS
11:13:32 [BESTIARY] §f                     §r§8+§r§a4 Minos Champion §r§b✯ Magic Find
11:13:32 [BESTIARY] §f                     §r§8+§r§a4 Minos Champion §r§c❁ Strength
11:13:32 [BESTIARY] §f                         §r§8+§r§62% §r§aMinos Champion §r§7coins
11:13:32 [BESTIARY] §f                    §r§8+§r§a50% §r§7chance for extra XP orbs
11:13:32 [BESTIARY] §f                               §r§8+§r§b1 SkyBlock XP
11:13:32 [BESTIARY] 
11:13:32 [BESTIARY] §3§l▬▬▬▬▬▬▬▬▬▬▬▬▬▬▬▬▬▬▬▬▬▬▬▬▬▬▬▬▬▬▬▬▬▬▬▬▬▬▬▬▬▬▬▬▬▬▬▬▬▬▬▬▬▬▬▬▬▬▬▬▬▬▬▬
11:14:00 [BESTIARY] §f                                  §6§lBESTIARY
11:14:00 [BESTIARY] §f                         §b§lGaia Construct §7§8IX §8➡§b §bX
11:14:00 [BESTIARY] 
11:14:00 [BESTIARY] §f                                  §r§6§lREWARDS
11:14:00 [BESTIARY] §f                     §r§8+§r§a3 Gaia Construct §r§b✯ Magic Find
11:14:00 [BESTIARY] §f                     §r§8+§r§a3 Gaia Construct §r§c❁ Strength
11:14:00 [BESTIARY] §f                         §r§8+§r§62% §r§aGaia Construct §r§7coins
11:14:00 [BESTIARY] §f                    §r§8+§r§a50% §r§7chance for extra XP orbs
11:14:00 [BESTIARY] §f                               §r§8+§r§b1 SkyBlock XP
11:14:00 [BESTIARY] 
11:14:00 [BESTIARY] §3§l▬▬▬▬▬▬▬▬▬▬▬▬▬▬▬▬▬▬▬▬▬▬▬▬▬▬▬▬▬▬▬▬▬▬▬▬▬▬▬▬▬▬▬▬▬▬▬▬▬▬▬▬▬▬▬▬▬▬▬▬▬▬▬▬
11:14:53 [SKYMALL] §bNew day! §r§eYour §r§2Sky Mall §r§ebuff changed!
11:14:53 [SKYMALL] §eNew buff§r§r§r: §r§fGain §r§a+15% §r§fmore Powder while mining.
11:14:53 [SKYMALL] §8§oYou can disable this messaging by toggling Sky Mall in your /hotm!
11:16:06 [BESTIARY] §f                                  §6§lBESTIARY
11:16:06 [BESTIARY] §f                             §b§lMinotaur §7§8X §8➡§b §bXI
11:16:06 [BESTIARY] 
11:16:06 [BESTIARY] §f                                  §r§6§lREWARDS
11:16:06 [BESTIARY] §f                         §r§8+§r§a4 Minotaur §r§b✯ Magic Find
11:16:06 [BESTIARY] §f                         §r§8+§r§a4 Minotaur §r§c❁ Strength
11:16:06 [BESTIARY] §f                             §r§8+§r§62% §r§aMinotaur §r§7coins
11:16:06 [BESTIARY] §f                    §r§8+§r§a50% §r§7chance for extra XP orbs
11:16:06 [BESTIARY] §f                               §r§8+§r§b1 SkyBlock XP
11:16:06 [BESTIARY] 
11:16:06 [BESTIARY] §3§l▬▬▬▬▬▬▬▬▬▬▬▬▬▬▬▬▬▬▬▬▬▬▬▬▬▬▬▬▬▬▬▬▬▬▬▬▬▬▬▬▬▬▬▬▬▬▬▬▬▬▬▬▬▬▬▬▬▬▬▬▬▬▬▬
11:28:52 [BESTIARY] §f                                  §6§lBESTIARY
11:28:52 [BESTIARY] §f                        §b§lMinos Inquisitor §7§8I §8➡§b §bII
11:28:52 [BESTIARY] 
11:28:52 [BESTIARY] §f                                  §r§6§lREWARDS
11:28:52 [BESTIARY] §f                    §r§8+§r§a2 Minos Inquisitor §r§b✯ Magic Find
11:28:52 [BESTIARY] §f                     §r§8+§r§a2 Minos Inquisitor §r§c❁ Strength
11:28:52 [BESTIARY] §f                        §r§8+§r§62% §r§aMinos Inquisitor §r§7coins
11:28:52 [BESTIARY] §f                    §r§8+§r§a50% §r§7chance for extra XP orbs
11:28:52 [BESTIARY] §f                               §r§8+§r§b1 SkyBlock XP
11:28:52 [BESTIARY] 
11:28:52 [BESTIARY] §3§l▬▬▬▬▬▬▬▬▬▬▬▬▬▬▬▬▬▬▬▬▬▬▬▬▬▬▬▬▬▬▬▬▬▬▬▬▬▬▬▬▬▬▬▬▬▬▬▬▬▬▬▬▬▬▬▬▬▬▬▬▬▬▬▬
11:29:58 [BESTIARY] §f                                  §6§lBESTIARY
11:29:58 [BESTIARY] §f                       §b§lMinos Inquisitor §7§8II §8➡§b §bIII
11:29:58 [BESTIARY] 
11:29:58 [BESTIARY] §f                                  §r§6§lREWARDS
11:29:58 [BESTIARY] §f                    §r§8+§r§a2 Minos Inquisitor §r§b✯ Magic Find
11:29:58 [BESTIARY] §f                     §r§8+§r§a2 Minos Inquisitor §r§c❁ Strength
11:29:58 [BESTIARY] §f                        §r§8+§r§62% §r§aMinos Inquisitor §r§7coins
11:29:58 [BESTIARY] §f                    §r§8+§r§a50% §r§7chance for extra XP orbs
11:29:58 [BESTIARY] §f                               §r§8+§r§b1 SkyBlock XP
11:29:58 [BESTIARY] 
11:29:58 [BESTIARY] §3§l▬▬▬▬▬▬▬▬▬▬▬▬▬▬▬▬▬▬▬▬▬▬▬▬▬▬▬▬▬▬▬▬▬▬▬▬▬▬▬▬▬▬▬▬▬▬▬▬▬▬▬▬▬▬▬▬▬▬▬▬▬▬▬▬
11:34:58 [SKYMALL] §bNew day! §r§eYour §r§2Sky Mall §r§ebuff changed!
11:34:58 [SKYMALL] §eNew buff§r§r§r: §r§fGain §r§a+50 §r§6☘ Mining Fortune§r§f.
11:34:58 [SKYMALL] §8§oYou can disable this messaging by toggling Sky Mall in your /hotm!
11:36:52 [BESTIARY] §f                                  §6§lBESTIARY
11:36:52 [BESTIARY] §f                       §b§lMinos Inquisitor §7§8III §8➡§b §bIV
11:36:52 [BESTIARY] 
11:36:52 [BESTIARY] §f                                  §r§6§lREWARDS
11:36:52 [BESTIARY] §f                    §r§8+§r§a2 Minos Inquisitor §r§b✯ Magic Find
11:36:52 [BESTIARY] §f                     §r§8+§r§a2 Minos Inquisitor §r§c❁ Strength
11:36:52 [BESTIARY] §f                        §r§8+§r§62% §r§aMinos Inquisitor §r§7coins
11:36:52 [BESTIARY] §f                    §r§8+§r§a50% §r§7chance for extra XP orbs
11:36:52 [BESTIARY] §f                               §r§8+§r§b1 SkyBlock XP
11:36:52 [BESTIARY] 
11:36:52 [BESTIARY] §3§l▬▬▬▬▬▬▬▬▬▬▬▬▬▬▬▬▬▬▬▬▬▬▬▬▬▬▬▬▬▬▬▬▬▬▬▬▬▬▬▬▬▬▬▬▬▬▬▬▬▬▬▬▬▬▬▬▬▬▬▬▬▬▬▬
11:40:14 [BESTIARY] §f                                  §6§lBESTIARY
11:40:14 [BESTIARY] §f                         §b§lMinos Hunter §7§8XV §8➡§b §bXVI
11:40:14 [BESTIARY] 
11:40:14 [BESTIARY] §f                                  §r§6§lREWARDS
11:40:14 [BESTIARY] §f                      §r§8+§r§a5 Minos Hunter §r§b✯ Magic Find
11:40:14 [BESTIARY] §f                       §r§8+§r§a5 Minos Hunter §r§c❁ Strength
11:40:14 [BESTIARY] §f                          §r§8+§r§62% §r§aMinos Hunter §r§7coins
11:40:14 [BESTIARY] §f                    §r§8+§r§a50% §r§7chance for extra XP orbs
11:40:14 [BESTIARY] §f                               §r§8+§r§b1 SkyBlock XP
11:40:14 [BESTIARY] 
11:40:14 [BESTIARY] §3§l▬▬▬▬▬▬▬▬▬▬▬▬▬▬▬▬▬▬▬▬▬▬▬▬▬▬▬▬▬▬▬▬▬▬▬▬▬▬▬▬▬▬▬▬▬▬▬▬▬▬▬▬▬▬▬▬▬▬▬▬▬▬▬▬
11:54:53 [SKYMALL] §bNew day! §r§eYour §r§2Sky Mall §r§ebuff changed!
11:54:53 [SKYMALL] §eNew buff§r§r§r: §r§fGain §r§a+15% §r§fmore Powder while mining.
11:54:53 [SKYMALL] §8§oYou can disable this messaging by toggling Sky Mall in your /hotm!
12:40:24 [BESTIARY] §f                                  §6§lBESTIARY
12:40:24 [BESTIARY] §f                             §b§lGrunt §7§8XII §8➡§b §bXIII
12:40:24 [BESTIARY] 
12:40:24 [BESTIARY] §f                                  §r§6§lREWARDS
12:40:24 [BESTIARY] §f                          §r§8+§r§a4 Grunt §r§b✯ Magic Find
12:40:24 [BESTIARY] §f                           §r§8+§r§a4 Grunt §r§c❁ Strength
12:40:24 [BESTIARY] §f                              §r§8+§r§62% §r§aGrunt §r§7coins
12:40:24 [BESTIARY] §f                    §r§8+§r§a50% §r§7chance for extra XP orbs
12:40:24 [BESTIARY] §f                               §r§8+§r§b1 SkyBlock XP
12:40:24 [BESTIARY] 
12:40:24 [BESTIARY] §3§l▬▬▬▬▬▬▬▬▬▬▬▬▬▬▬▬▬▬▬▬▬▬▬▬▬▬▬▬▬▬▬▬▬▬▬▬▬▬▬▬▬▬▬▬▬▬▬▬▬▬▬▬▬▬▬▬▬▬▬▬▬▬▬▬
14:08:56 [SKYMALL] §bNew day! §r§eYour §r§2Sky Mall §r§ebuff changed!
14:08:56 [SKYMALL] §eNew buff§r§r§r: §r§fGain §r§a+50 §r§6☘ Mining Fortune§r§f.
14:08:56 [SKYMALL] §8§oYou can disable this messaging by toggling Sky Mall in your /hotm!
14:14:54 [SKYMALL] §bNew day! §r§eYour §r§2Sky Mall §r§ebuff changed!
14:14:54 [SKYMALL] §eNew buff§r§r§r: §r§fReduce Pickaxe Ability cooldown by §r§a20%§r§f.
14:14:54 [SKYMALL] §8§oYou can disable this messaging by toggling Sky Mall in your /hotm!
14:20:29 [GARDEN_VISITOR_MESSAGE] §e[NPC] §aJacob§f: §r§fHowdy! Fine barn ye got there eh? Good lad, you think ye could get me some wheat, eh?
14:20:34 [GARDEN_VISITOR_MESSAGE] §e[NPC] §aLeo§f: §r§fSadly you can't gather logs in the §bGarden§f, however there are plenty of crops here!
14:20:37 [GARDEN_VISITOR_MESSAGE] §e[NPC] §aLeo§f: §r§fHmm, too bad.
14:20:39 [GARDEN_VISITOR_MESSAGE] §e[NPC] §aJacob§f: §r§fGosh darn it matey, can't believe ya do me like that, eh?
14:20:40 [GARDEN_VISITOR_MESSAGE] §e[NPC] §aFisherman§f: §r§fA Carrot King has been scaring off all the good fish, I need to deal with it before I lose more fish.
14:20:43 [GARDEN_VISITOR_MESSAGE] §e[NPC] §aFisherman§f: §r§fS'alright, we are all busy some days.
14:20:44 [GARDEN_VISITOR_MESSAGE] §e[NPC] §aHungry Hiker§f: §r§fHello there, I seem to be stuck here with no good food to eat, could you bring me some square orange fruits?
14:20:45 [GARDEN_VISITOR_MESSAGE] §e[NPC] §aHungry Hiker§f: §r§fI guess I'll just go hungry then...
14:20:46 [GARDEN_VISITOR_MESSAGE] §e[NPC] §aOdawa§f: §r§fI'm supposed to collect some food for the village, the Kalhuiki people have been through a tough time recently.
14:20:49 [GARDEN_VISITOR_MESSAGE] §e[NPC] §aOdawa§f: §r§fI guess I'll have to turn up empty-handed.
15:34:55 [SKYMALL] §bNew day! §r§eYour §r§2Sky Mall §r§ebuff changed!
15:34:55 [SKYMALL] §eNew buff§r§r§r: §r§fGain §r§a+15% §r§fmore Powder while mining.
15:34:55 [SKYMALL] §8§oYou can disable this messaging by toggling Sky Mall in your /hotm!
15:54:55 [SKYMALL] §bNew day! §r§eYour §r§2Sky Mall §r§ebuff changed!
15:54:55 [SKYMALL] §eNew buff§r§r§r: §r§f§r§a10x §r§fchance to find Golden and Diamond Goblins.
15:54:55 [SKYMALL] §8§oYou can disable this messaging by toggling Sky Mall in your /hotm!
16:14:55 [SKYMALL] §bNew day! §r§eYour §r§2Sky Mall §r§ebuff changed!
16:14:55 [SKYMALL] §eNew buff§r§r§r: §r§fReduce Pickaxe Ability cooldown by §r§a20%§r§f.
16:14:55 [SKYMALL] §8§oYou can disable this messaging by toggling Sky Mall in your /hotm!
16:34:55 [SKYMALL] §bNew day! §r§eYour §r§2Sky Mall §r§ebuff changed!
16:34:55 [SKYMALL] §eNew buff§r§r§r: §r§fGain §r§a+15% §r§fmore Powder while mining.
16:34:55 [SKYMALL] §8§oYou can disable this messaging by toggling Sky Mall in your /hotm!
16:54:55 [SKYMALL] §bNew day! §r§eYour §r§2Sky Mall §r§ebuff changed!
16:54:55 [SKYMALL] §eNew buff§r§r§r: §r§fGain §r§a5x §r§9Titanium §r§fdrops
16:54:55 [SKYMALL] §8§oYou can disable this messaging by toggling Sky Mall in your /hotm!
17:14:54 [SKYMALL] §bNew day! §r§eYour §r§2Sky Mall §r§ebuff changed!
17:14:54 [SKYMALL] §eNew buff§r§r§r: §r§fGain §r§a+50 §r§6☘ Mining Fortune§r§f.
17:14:54 [SKYMALL] §8§oYou can disable this messaging by toggling Sky Mall in your /hotm!
17:16:02 [GARDEN_VISITOR_MESSAGE] §e[NPC] §9Tia the Fairy§f: §rYou are currently missing §d10 §fFairy Souls. Better get to work!
17:16:08 [GARDEN_VISITOR_MESSAGE] §e[NPC] §6Madame Eleanor Q. Goldsworth III§f: §r§fI'm here to put a value on your farm. Bring me your fanciest crop.
17:16:28 [GARDEN_VISITOR_MESSAGE] §e[NPC] §aFear Mongerer§f: §r§fMortal, the time of reckoning is near. The Past will light the future.
17:17:02 [GARDEN_VISITOR_MESSAGE] §e[NPC] §aFear Mongerer§f: §r§fSoon.
17:17:03 [GARDEN_VISITOR_MESSAGE] §e[NPC] §9Rusty§f: §rEver wondered how I find all the things that other players lost? I outsource it. Right now, someone is looking for their §aEnchanted Pumpkin§f. Can you find that for me?
17:17:22 [GARDEN_VISITOR_MESSAGE] §e[NPC] §9Rusty§f: §r§fTurns out, if you want something done, you have to do it yourself.
17:17:23 [GARDEN_VISITOR_MESSAGE] §e[NPC] §aFriendly Hiker§f: §r§fI'm planning to head back into the gorge to fetch my hiker friend, but I'll need some meat to cook before I head in there.
17:17:28 [GARDEN_VISITOR_MESSAGE] §e[NPC] §aFriendly Hiker§f: §r§fThat's alright. I can always head into the Oasis to hunt down some sheep.
17:17:33 [GARDEN_VISITOR_MESSAGE] §e[NPC] §9Tia the Fairy§f: §r§fAlright, I won't bother you anymore.
17:17:46 [GARDEN_VISITOR_MESSAGE] §e[NPC] §6Madame Eleanor Q. Goldsworth III§f: §rTruly Magnificent! I value your farm at a minimum of §6120,000,100 §fcoins!
17:23:35 [NEW_VISITOR_ARRIVED] §a§r§aFriendly Hiker §r§ehas arrived on your §r§bGarden§r§e!
17:25:20 [GARDEN_VISITOR_MESSAGE] §e[NPC] §aFriendly Hiker§f: §r§fI'm planning to head back into the gorge to fetch my hiker friend, but I'll need some meat to cook before I head in there.
17:25:22 [GARDEN_VISITOR_MESSAGE] §e[NPC] §aFriendly Hiker§f: §r§fThat's alright. I can always head into the Oasis to hunt down some sheep.
17:34:55 [SKYMALL] §bNew day! §r§eYour §r§2Sky Mall §r§ebuff changed!
17:34:55 [SKYMALL] §eNew buff§r§r§r: §r§fGain §r§a+15% §r§fmore Powder while mining.
17:34:55 [SKYMALL] §8§oYou can disable this messaging by toggling Sky Mall in your /hotm!
17:54:56 [SKYMALL] §bNew day! §r§eYour §r§2Sky Mall §r§ebuff changed!
17:54:56 [SKYMALL] §eNew buff§r§r§r: §r§fGain §r§a+100 §r§6⸕ Mining Speed§r§f.
17:54:56 [SKYMALL] §8§oYou can disable this messaging by toggling Sky Mall in your /hotm!
18:43:42 [GARDEN_VISITOR_MESSAGE] §e[NPC] §aLumber Jack§f: §r§fMy assistant is feeling off, and I think we could do with a hearty meal. Do you think you can help us out?
18:43:46 [GARDEN_VISITOR_MESSAGE] §e[NPC] §aLumber Jack§f: §r§fI thought you'd be more thankful for the sweet axe my assistant gave you.
18:43:47 [GARDEN_VISITOR_MESSAGE] §e[NPC] §aGuy§f: §r§fHeard you may got some mushrooms...I've been looking for some...
18:43:49 [GARDEN_VISITOR_MESSAGE] §e[NPC] §aGuy§f: §r§fOh man gee, that's awful man, call me when you got 'em alright?
18:43:50 [GARDEN_VISITOR_MESSAGE] §e[NPC] §aGeonathan Greatforge§f: §r§fI usually only work with Oil Barrels, but I'd like to try making some Biofuel from compost.
18:43:54 [GARDEN_VISITOR_MESSAGE] §e[NPC] §aGeonathan Greatforge§f: §r§fNot a problem. I hear that Biofuel is worse anyways.
18:43:54 [GARDEN_VISITOR_MESSAGE] §e[NPC] §aAlchemist§f: §r§fBeen running low on my brewing supplies, Nether Warts are quite hard to come by these days.
18:43:56 [GARDEN_VISITOR_MESSAGE] §e[NPC] §aAlchemist§f: §r§fUnfortunate, I'll see if I can find some Nether Warts from someone else.
18:43:56 [GARDEN_VISITOR_MESSAGE] §e[NPC] §aVex§f: §r§fI have an offer for you that you can't refuse.
18:43:58 [GARDEN_VISITOR_MESSAGE] §e[NPC] §aVex§f: §r§fOh well that's awkward.
18:54:54 [SKYMALL] §bNew day! §r§eYour §r§2Sky Mall §r§ebuff changed!
18:54:54 [SKYMALL] §eNew buff§r§r§r: §r§f§r§a10x §r§fchance to find Golden and Diamond Goblins.
18:54:54 [SKYMALL] §8§oYou can disable this messaging by toggling Sky Mall in your /hotm!
19:14:54 [SKYMALL] §bNew day! §r§eYour §r§2Sky Mall §r§ebuff changed!
19:14:54 [SKYMALL] §eNew buff§r§r§r: §r§fReduce Pickaxe Ability cooldown by §r§a20%§r§f.
19:14:54 [SKYMALL] §8§oYou can disable this messaging by toggling Sky Mall in your /hotm!
19:34:55 [SKYMALL] §bNew day! §r§eYour §r§2Sky Mall §r§ebuff changed!
19:34:55 [SKYMALL] §eNew buff§r§r§r: §r§fGain §r§a+100 §r§6⸕ Mining Speed§r§f.
19:34:55 [SKYMALL] §8§oYou can disable this messaging by toggling Sky Mall in your /hotm!
19:58:34 [SKYMALL] §bNew day! §r§eYour §r§2Sky Mall §r§ebuff changed!
19:58:34 [SKYMALL] §eNew buff§r§r§r: §r§fGain §r§a+100 §r§6⸕ Mining Speed§r§f.
19:58:34 [SKYMALL] §8§oYou can disable this messaging by toggling Sky Mall in your /hotm!
20:14:55 [SKYMALL] §bNew day! §r§eYour §r§2Sky Mall §r§ebuff changed!
20:14:55 [SKYMALL] §eNew buff§r§r§r: §r§fGain §r§a+15% §r§fmore Powder while mining.
20:14:55 [SKYMALL] §8§oYou can disable this messaging by toggling Sky Mall in your /hotm!
20:34:55 [SKYMALL] §bNew day! §r§eYour §r§2Sky Mall §r§ebuff changed!
20:34:55 [SKYMALL] §eNew buff§r§r§r: §r§fGain §r§a+50 §r§6☘ Mining Fortune§r§f.
20:34:55 [SKYMALL] §8§oYou can disable this messaging by toggling Sky Mall in your /hotm!
20:54:55 [SKYMALL] §bNew day! §r§eYour §r§2Sky Mall §r§ebuff changed!
20:54:55 [SKYMALL] §eNew buff§r§r§r: §r§fGain §r§a+15% §r§fmore Powder while mining.
20:54:55 [SKYMALL] §8§oYou can disable this messaging by toggling Sky Mall in your /hotm!
20:56:07 [GARDEN_VISITOR_MESSAGE] §e[NPC] §9Tammy§f: §r§fI've been planning to build a trap for unaware animals so I can hunt them more efficiently. I really need some cactus, preferably the ones with the biggest spikes!
20:56:10 [GARDEN_VISITOR_MESSAGE] §e[NPC] §9Tammy§f: §r§fYou can't tell me that you couldn't find a single cactus...
20:56:10 [GARDEN_VISITOR_MESSAGE] §e[NPC] §aJotraeline Greatforge§f: §r§fI heard you have a composter in your barn, it happens to run on the same fuel drills run on! Could I check it out?
20:56:13 [GARDEN_VISITOR_MESSAGE] §e[NPC] §aJotraeline Greatforge§f: §r§fThat's alright! I'll just save up 12 years to be able to afford one myself.
20:56:13 [GARDEN_VISITOR_MESSAGE] §e[NPC] §aDuke§f: §rYou seem new here. You should probably try to get some §9Enchanted Sugar Cane §ffor me.
20:56:16 [GARDEN_VISITOR_MESSAGE] §e[NPC] §aDuke§f: §r§fMaybe next time.
20:56:16 [GARDEN_VISITOR_MESSAGE] §e[NPC] §aLumber Jack§f: §r§fMy assistant is feeling off, and I think we could do with a hearty meal. Do you think you can help us out?
20:56:18 [GARDEN_VISITOR_MESSAGE] §e[NPC] §aLumber Jack§f: §r§fI thought you'd be more thankful for the sweet axe my assistant gave you.
20:56:18 [GARDEN_VISITOR_MESSAGE] §e[NPC] §aTrevor§f: §r§fI've been tracking an animal for the past few days. Got anything I could use as bait?
20:56:21 [GARDEN_VISITOR_MESSAGE] §e[NPC] §aTrevor§f: §r§fLooks like I'll have to catch it the old fashioned way.
21:07:58 [NEW_VISITOR_ARRIVED] §a§r§aTerry §r§ehas arrived on your §r§bGarden§r§e!
21:08:11 [GARDEN_VISITOR_MESSAGE] §e[NPC] §aTerry§f: §r§fAhoy, §aHotBaconWasTaken§f! People always tell me they like ice cream, but ice never really tastes like anything for me!
21:08:14 [GARDEN_VISITOR_MESSAGE] §e[NPC] §aTerry§f: §r§fI'll keep crunching on those ice cubes, maybe I am missing something.
21:14:55 [SKYMALL] §bNew day! §r§eYour §r§2Sky Mall §r§ebuff changed!
21:14:55 [SKYMALL] §eNew buff§r§r§r: §r§fGain §r§a+100 §r§6⸕ Mining Speed§r§f.
21:14:55 [SKYMALL] §8§oYou can disable this messaging by toggling Sky Mall in your /hotm!
21:23:25 [DOUBLE_HOOK] §eIt's a §r§aDouble Hook§r§e!
21:26:38 [DOUBLE_HOOK] §eIt's a §r§aDouble Hook§r§e! Woot woot!
21:29:39 [DOUBLE_HOOK] §eIt's a §r§aDouble Hook§r§e! Woot woot!
21:33:49 [DOUBLE_HOOK] §eIt's a §r§aDouble Hook§r§e! Woot woot!
21:34:34 [BESTIARY] §f                                  §6§lBESTIARY
21:34:34 [BESTIARY] §f                         §b§lLava Flame §7§8VII §8➡§b §bVIII
21:34:34 [BESTIARY] 
21:34:34 [BESTIARY] §f                                  §r§6§lREWARDS
21:34:34 [BESTIARY] §f                       §r§8+§r§a3 Lava Flame §r§b✯ Magic Find
21:34:34 [BESTIARY] §f                        §r§8+§r§a3 Lava Flame §r§c❁ Strength
21:34:34 [BESTIARY] §f                           §r§8+§r§62% §r§aLava Flame §r§7coins
21:34:34 [BESTIARY] §f                    §r§8+§r§a50% §r§7chance for extra XP orbs
21:34:34 [BESTIARY] §f                               §r§8+§r§b1 SkyBlock XP
21:34:34 [BESTIARY] 
21:34:34 [BESTIARY]   §r§f                         §6§lBESTIARY MILESTONE
21:34:34 [BESTIARY]   §r§f                                 §8CCXI➡§eCCXII
21:34:34 [BESTIARY] 
21:34:34 [BESTIARY] §3§l▬▬▬▬▬▬▬▬▬▬▬▬▬▬▬▬▬▬▬▬▬▬▬▬▬▬▬▬▬▬▬▬▬▬▬▬▬▬▬▬▬▬▬▬▬▬▬▬▬▬▬▬▬▬▬▬▬▬▬▬▬▬▬▬
21:34:56 [SKYMALL] §bNew day! §r§eYour §r§2Sky Mall §r§ebuff changed!
21:34:56 [SKYMALL] §eNew buff§r§r§r: §r§fGain §r§a+15% §r§fmore Powder while mining.
21:34:56 [SKYMALL] §8§oYou can disable this messaging by toggling Sky Mall in your /hotm!
21:38:01 [BESTIARY] §f                                  §6§lBESTIARY
21:38:01 [BESTIARY] §f                          §b§lMagma Slug §7§8VI §8➡§b §bVII
21:38:01 [BESTIARY] 
21:38:01 [BESTIARY] §f                                  §r§6§lREWARDS
21:38:01 [BESTIARY] §f                       §r§8+§r§a3 Magma Slug §r§b✯ Magic Find
21:38:01 [BESTIARY] §f                        §r§8+§r§a3 Magma Slug §r§c❁ Strength
21:38:01 [BESTIARY] §f                           §r§8+§r§62% §r§aMagma Slug §r§7coins
21:38:01 [BESTIARY] §f                    §r§8+§r§a50% §r§7chance for extra XP orbs
21:38:01 [BESTIARY] §f                               §r§8+§r§b1 SkyBlock XP
21:38:01 [BESTIARY] 
21:38:01 [BESTIARY] §3§l▬▬▬▬▬▬▬▬▬▬▬▬▬▬▬▬▬▬▬▬▬▬▬▬▬▬▬▬▬▬▬▬▬▬▬▬▬▬▬▬▬▬▬▬▬▬▬▬▬▬▬▬▬▬▬▬▬▬▬▬▬▬▬▬
21:42:18 [DOUBLE_HOOK] §eIt's a §r§aDouble Hook§r§e!
21:54:56 [SKYMALL] §bNew day! §r§eYour §r§2Sky Mall §r§ebuff changed!
21:54:56 [SKYMALL] §eNew buff§r§r§r: §r§fGain §r§a+100 §r§6⸕ Mining Speed§r§f.
21:54:56 [SKYMALL] §8§oYou can disable this messaging by toggling Sky Mall in your /hotm!
22:02:37 [DOUBLE_HOOK] §eIt's a §r§aDouble Hook§r§e! Woot woot!
22:03:34 [DOUBLE_HOOK] §eIt's a §r§aDouble Hook§r§e! Woot woot!
22:03:38 [BESTIARY] §f                                  §6§lBESTIARY
22:03:38 [BESTIARY] §f                          §b§lLava Leech §7§8VI §8➡§b §bVII
22:03:38 [BESTIARY] 
22:03:38 [BESTIARY] §f                                  §r§6§lREWARDS
22:03:38 [BESTIARY] §f                       §r§8+§r§a3 Lava Leech §r§b✯ Magic Find
22:03:38 [BESTIARY] §f                       §r§8+§r§a3 Lava Leech §r§c❁ Strength
22:03:38 [BESTIARY] §f                           §r§8+§r§62% §r§aLava Leech §r§7coins
22:03:38 [BESTIARY] §f                    §r§8+§r§a50% §r§7chance for extra XP orbs
22:03:38 [BESTIARY] §f                               §r§8+§r§b1 SkyBlock XP
22:03:38 [BESTIARY] 
22:03:38 [BESTIARY] §3§l▬▬▬▬▬▬▬▬▬▬▬▬▬▬▬▬▬▬▬▬▬▬▬▬▬▬▬▬▬▬▬▬▬▬▬▬▬▬▬▬▬▬▬▬▬▬▬▬▬▬▬▬▬▬▬▬▬▬▬▬▬▬▬▬
22:04:55 [DOUBLE_HOOK] §eIt's a §r§aDouble Hook§r§e! Woot woot!
22:08:22 [DOUBLE_HOOK] §eIt's a §r§aDouble Hook§r§e!
22:08:53 [BESTIARY] §f                                  §6§lBESTIARY
22:08:53 [BESTIARY] §f                             §b§lMoogma §7§8VIII §8➡§b §bIX
22:08:53 [BESTIARY] 
22:08:53 [BESTIARY] §f                                  §r§6§lREWARDS
22:08:53 [BESTIARY] §f                         §r§8+§r§a3 Moogma §r§b✯ Magic Find
22:08:53 [BESTIARY] §f                          §r§8+§r§a3 Moogma §r§c❁ Strength
22:08:53 [BESTIARY] §f                             §r§8+§r§62% §r§aMoogma §r§7coins
22:08:53 [BESTIARY] §f                    §r§8+§r§a50% §r§7chance for extra XP orbs
22:08:53 [BESTIARY] §f                               §r§8+§r§b1 SkyBlock XP
22:08:53 [BESTIARY] 
22:08:53 [BESTIARY] §3§l▬▬▬▬▬▬▬▬▬▬▬▬▬▬▬▬▬▬▬▬▬▬▬▬▬▬▬▬▬▬▬▬▬▬▬▬▬▬▬▬▬▬▬▬▬▬▬▬▬▬▬▬▬▬▬▬▬▬▬▬▬▬▬▬
22:11:44 [DOUBLE_HOOK] §eIt's a §r§aDouble Hook§r§e!
22:14:55 [SKYMALL] §bNew day! §r§eYour §r§2Sky Mall §r§ebuff changed!
22:14:55 [SKYMALL] §eNew buff§r§r§r: §r§f§r§a10x §r§fchance to find Golden and Diamond Goblins.
22:14:55 [SKYMALL] §8§oYou can disable this messaging by toggling Sky Mall in your /hotm!
22:20:07 [BESTIARY] §f                                  §6§lBESTIARY
22:20:07 [BESTIARY] §f                          §b§lLava Flame §7§8VIII §8➡§b §bIX
22:20:07 [BESTIARY] 
22:20:07 [BESTIARY] §f                                  §r§6§lREWARDS
22:20:07 [BESTIARY] §f                       §r§8+§r§a3 Lava Flame §r§b✯ Magic Find
22:20:07 [BESTIARY] §f                        §r§8+§r§a3 Lava Flame §r§c❁ Strength
22:20:07 [BESTIARY] §f                           §r§8+§r§62% §r§aLava Flame §r§7coins
22:20:07 [BESTIARY] §f                    §r§8+§r§a50% §r§7chance for extra XP orbs
22:20:07 [BESTIARY] §f                               §r§8+§r§b1 SkyBlock XP
22:20:07 [BESTIARY] 
22:20:07 [BESTIARY] §3§l▬▬▬▬▬▬▬▬▬▬▬▬▬▬▬▬▬▬▬▬▬▬▬▬▬▬▬▬▬▬▬▬▬▬▬▬▬▬▬▬▬▬▬▬▬▬▬▬▬▬▬▬▬▬▬▬▬▬▬▬▬▬▬▬
22:22:17 [DOUBLE_HOOK] §eIt's a §r§aDouble Hook§r§e!
22:22:46 [DOUBLE_HOOK] §eIt's a §r§aDouble Hook§r§e!
22:25:15 [DOUBLE_HOOK] §eIt's a §r§aDouble Hook§r§e!
22:27:14 [DOUBLE_HOOK] §eIt's a §r§aDouble Hook§r§e!
22:35:01 [SKYMALL] §bNew day! §r§eYour §r§2Sky Mall §r§ebuff changed!
22:35:01 [SKYMALL] §eNew buff§r§r§r: §r§fGain §r§a+50 §r§6☘ Mining Fortune§r§f.
22:35:01 [SKYMALL] §8§oYou can disable this messaging by toggling Sky Mall in your /hotm!
22:46:11 [DOUBLE_HOOK] §eIt's a §r§aDouble Hook§r§e!
22:55:01 [SKYMALL] §bNew day! §r§eYour §r§2Sky Mall §r§ebuff changed!
22:55:01 [SKYMALL] §eNew buff§r§r§r: §r§fGain §r§a+100 §r§6⸕ Mining Speed§r§f.
22:55:01 [SKYMALL] §8§oYou can disable this messaging by toggling Sky Mall in your /hotm!
22:56:44 [BESTIARY] §f                                  §6§lBESTIARY
22:56:44 [BESTIARY] §f                      §b§lPyroclastic Worm §7§8VI §8➡§b §bVII
22:56:44 [BESTIARY] 
22:56:44 [BESTIARY] §f                                  §r§6§lREWARDS
22:56:44 [BESTIARY] §f                   §r§8+§r§a3 Pyroclastic Worm §r§b✯ Magic Find
22:56:44 [BESTIARY] §f                    §r§8+§r§a3 Pyroclastic Worm §r§c❁ Strength
22:56:44 [BESTIARY] §f                       §r§8+§r§62% §r§aPyroclastic Worm §r§7coins
22:56:44 [BESTIARY] §f                    §r§8+§r§a50% §r§7chance for extra XP orbs
22:56:44 [BESTIARY] §f                               §r§8+§r§b1 SkyBlock XP
22:56:44 [BESTIARY] 
22:56:44 [BESTIARY] §3§l▬▬▬▬▬▬▬▬▬▬▬▬▬▬▬▬▬▬▬▬▬▬▬▬▬▬▬▬▬▬▬▬▬▬▬▬▬▬▬▬▬▬▬▬▬▬▬▬▬▬▬▬▬▬▬▬▬▬▬▬▬▬▬▬
22:59:21 [DOUBLE_HOOK] §eIt's a §r§aDouble Hook§r§e! Woot woot!
23:08:15 [DOUBLE_HOOK] §eIt's a §r§aDouble Hook§r§e! Woot woot!
23:09:22 [DOUBLE_HOOK] §eIt's a §r§aDouble Hook§r§e! Woot woot!
23:14:15 [BESTIARY] §f                                  §6§lBESTIARY
23:14:15 [BESTIARY] §f                           §b§lLava Flame §7§8IX §8➡§b §bX
23:14:15 [BESTIARY] 
23:14:15 [BESTIARY] §f                                  §r§6§lREWARDS
23:14:15 [BESTIARY] §f                       §r§8+§r§a3 Lava Flame §r§b✯ Magic Find
23:14:15 [BESTIARY] §f                        §r§8+§r§a3 Lava Flame §r§c❁ Strength
23:14:15 [BESTIARY] §f                           §r§8+§r§62% §r§aLava Flame §r§7coins
23:14:15 [BESTIARY] §f                    §r§8+§r§a50% §r§7chance for extra XP orbs
23:14:15 [BESTIARY] §f                               §r§8+§r§b1 SkyBlock XP
23:14:15 [BESTIARY] 
23:14:15 [BESTIARY] §3§l▬▬▬▬▬▬▬▬▬▬▬▬▬▬▬▬▬▬▬▬▬▬▬▬▬▬▬▬▬▬▬▬▬▬▬▬▬▬▬▬▬▬▬▬▬▬▬▬▬▬▬▬▬▬▬▬▬▬▬▬▬▬▬▬
23:15:02 [SKYMALL] §bNew day! §r§eYour §r§2Sky Mall §r§ebuff changed!
23:15:02 [SKYMALL] §eNew buff§r§r§r: §r§fReduce Pickaxe Ability cooldown by §r§a20%§r§f.
23:15:02 [SKYMALL] §8§oYou can disable this messaging by toggling Sky Mall in your /hotm!
23:17:51 [BESTIARY] §f                                  §6§lBESTIARY
23:17:51 [BESTIARY] §f                          §b§lLord Jawbus §7§8II §8➡§b §bIII
23:17:51 [BESTIARY] 
23:17:51 [BESTIARY] §f                                  §r§6§lREWARDS
23:17:51 [BESTIARY] §f                      §r§8+§r§a2 Lord Jawbus §r§b✯ Magic Find
23:17:51 [BESTIARY] §f                       §r§8+§r§a2 Lord Jawbus §r§c❁ Strength
23:17:51 [BESTIARY] §f                          §r§8+§r§62% §r§aLord Jawbus §r§7coins
23:17:51 [BESTIARY] §f                    §r§8+§r§a50% §r§7chance for extra XP orbs
23:17:51 [BESTIARY] §f                               §r§8+§r§b1 SkyBlock XP
23:17:51 [BESTIARY] 
23:17:51 [BESTIARY] §3§l▬▬▬▬▬▬▬▬▬▬▬▬▬▬▬▬▬▬▬▬▬▬▬▬▬▬▬▬▬▬▬▬▬▬▬▬▬▬▬▬▬▬▬▬▬▬▬▬▬▬▬▬▬▬▬▬▬▬▬▬▬▬▬▬
23:26:14 [BESTIARY] §f                                  §6§lBESTIARY
23:26:14 [BESTIARY] §f                         §b§lMagma Slug §7§8VII §8➡§b §bVIII
23:26:14 [BESTIARY] 
23:26:14 [BESTIARY] §f                                  §r§6§lREWARDS
23:26:14 [BESTIARY] §f                       §r§8+§r§a3 Magma Slug §r§b✯ Magic Find
23:26:14 [BESTIARY] §f                        §r§8+§r§a3 Magma Slug §r§c❁ Strength
23:26:14 [BESTIARY] §f                           §r§8+§r§62% §r§aMagma Slug §r§7coins
23:26:14 [BESTIARY] §f                    §r§8+§r§a50% §r§7chance for extra XP orbs
23:26:14 [BESTIARY] §f                               §r§8+§r§b1 SkyBlock XP
23:26:14 [BESTIARY] 
23:26:14 [BESTIARY] §3§l▬▬▬▬▬▬▬▬▬▬▬▬▬▬▬▬▬▬▬▬▬▬▬▬▬▬▬▬▬▬▬▬▬▬▬▬▬▬▬▬▬▬▬▬▬▬▬▬▬▬▬▬▬▬▬▬▬▬▬▬▬▬▬▬
23:26:43 [DOUBLE_HOOK] §eIt's a §r§aDouble Hook§r§e!
23:35:01 [SKYMALL] §bNew day! §r§eYour §r§2Sky Mall §r§ebuff changed!
23:35:01 [SKYMALL] §eNew buff§r§r§r: §r§fGain §r§a5x §r§9Titanium §r§fdrops
23:35:01 [SKYMALL] §8§oYou can disable this messaging by toggling Sky Mall in your /hotm!
23:35:20 [DOUBLE_HOOK] §eIt's a §r§aDouble Hook§r§e!
23:35:36 [DOUBLE_HOOK] §eIt's a §r§aDouble Hook§r§e! Woot woot!
23:35:51 [BESTIARY] §f                                  §6§lBESTIARY
23:35:51 [BESTIARY] §f                         §b§lLava Leech §7§8VII §8➡§b §bVIII
23:35:51 [BESTIARY] 
23:35:51 [BESTIARY] §f                                  §r§6§lREWARDS
23:35:51 [BESTIARY] §f                       §r§8+§r§a3 Lava Leech §r§b✯ Magic Find
23:35:51 [BESTIARY] §f                       §r§8+§r§a3 Lava Leech §r§c❁ Strength
23:35:51 [BESTIARY] §f                           §r§8+§r§62% §r§aLava Leech §r§7coins
23:35:51 [BESTIARY] §f                    §r§8+§r§a50% §r§7chance for extra XP orbs
23:35:51 [BESTIARY] §f                               §r§8+§r§b1 SkyBlock XP
23:35:51 [BESTIARY] 
23:35:51 [BESTIARY] §3§l▬▬▬▬▬▬▬▬▬▬▬▬▬▬▬▬▬▬▬▬▬▬▬▬▬▬▬▬▬▬▬▬▬▬▬▬▬▬▬▬▬▬▬▬▬▬▬▬▬▬▬▬▬▬▬▬▬▬▬▬▬▬▬▬
23:41:06 [BESTIARY] §f                                  §6§lBESTIARY
23:41:06 [BESTIARY] §f                              §b§lMoogma §7§8IX §8➡§b §bX
23:41:06 [BESTIARY] 
23:41:06 [BESTIARY] §f                                  §r§6§lREWARDS
23:41:06 [BESTIARY] §f                         §r§8+§r§a3 Moogma §r§b✯ Magic Find
23:41:06 [BESTIARY] §f                          §r§8+§r§a3 Moogma §r§c❁ Strength
23:41:06 [BESTIARY] §f                             §r§8+§r§62% §r§aMoogma §r§7coins
23:41:06 [BESTIARY] §f                    §r§8+§r§a50% §r§7chance for extra XP orbs
23:41:06 [BESTIARY] §f                               §r§8+§r§b1 SkyBlock XP
23:41:06 [BESTIARY] 
23:41:06 [BESTIARY]   §r§f                         §6§lBESTIARY MILESTONE
23:41:06 [BESTIARY]   §r§f                                §8CCXII➡§eCCXIII
23:41:06 [BESTIARY] 
23:41:06 [BESTIARY] §3§l▬▬▬▬▬▬▬▬▬▬▬▬▬▬▬▬▬▬▬▬▬▬▬▬▬▬▬▬▬▬▬▬▬▬▬▬▬▬▬▬▬▬▬▬▬▬▬▬▬▬▬▬▬▬▬▬▬▬▬▬▬▬▬▬
23:52:03 [BESTIARY] §f                                  §6§lBESTIARY
23:52:03 [BESTIARY] §f                              §b§lFire Eel §7§8I §8➡§b §bII
23:52:03 [BESTIARY] 
23:52:03 [BESTIARY] §f                                  §r§6§lREWARDS
23:52:03 [BESTIARY] §f                         §r§8+§r§a2 Fire Eel §r§b✯ Magic Find
23:52:03 [BESTIARY] §f                          §r§8+§r§a2 Fire Eel §r§c❁ Strength
23:52:03 [BESTIARY] §f                             §r§8+§r§62% §r§aFire Eel §r§7coins
23:52:03 [BESTIARY] §f                    §r§8+§r§a50% §r§7chance for extra XP orbs
23:52:03 [BESTIARY] §f                               §r§8+§r§b1 SkyBlock XP
23:52:03 [BESTIARY] 
23:52:03 [BESTIARY] §3§l▬▬▬▬▬▬▬▬▬▬▬▬▬▬▬▬▬▬▬▬▬▬▬▬▬▬▬▬▬▬▬▬▬▬▬▬▬▬▬▬▬▬▬▬▬▬▬▬▬▬▬▬▬▬▬▬▬▬▬▬▬▬▬▬
23:52:32 [DOUBLE_HOOK] §eIt's a §r§aDouble Hook§r§e! Woot woot!
23:55:01 [SKYMALL] §bNew day! §r§eYour §r§2Sky Mall §r§ebuff changed!
23:55:01 [SKYMALL] §eNew buff§r§r§r: §r§f§r§a10x §r§fchance to find Golden and Diamond Goblins.
23:55:01 [SKYMALL] §8§oYou can disable this messaging by toggling Sky Mall in your /hotm!
00:01:35 [DOUBLE_HOOK] §eIt's a §r§aDouble Hook§r§e!
00:01:47 [BESTIARY] §f                                  §6§lBESTIARY
00:01:47 [BESTIARY] §f                             §b§lFire Eel §7§8II §8➡§b §bIII
00:01:47 [BESTIARY] 
00:01:47 [BESTIARY] §f                                  §r§6§lREWARDS
00:01:47 [BESTIARY] §f                         §r§8+§r§a2 Fire Eel §r§b✯ Magic Find
00:01:47 [BESTIARY] §f                          §r§8+§r§a2 Fire Eel §r§c❁ Strength
00:01:47 [BESTIARY] §f                             §r§8+§r§62% §r§aFire Eel §r§7coins
00:01:47 [BESTIARY] §f                    §r§8+§r§a50% §r§7chance for extra XP orbs
00:01:47 [BESTIARY] §f                               §r§8+§r§b1 SkyBlock XP
00:01:47 [BESTIARY] 
00:01:47 [BESTIARY] §3§l▬▬▬▬▬▬▬▬▬▬▬▬▬▬▬▬▬▬▬▬▬▬▬▬▬▬▬▬▬▬▬▬▬▬▬▬▬▬▬▬▬▬▬▬▬▬▬▬▬▬▬▬▬▬▬▬▬▬▬▬▬▬▬▬
00:08:11 [DOUBLE_HOOK] §eIt's a §r§aDouble Hook§r§e!
00:15:01 [SKYMALL] §bNew day! §r§eYour §r§2Sky Mall §r§ebuff changed!
00:15:01 [SKYMALL] §eNew buff§r§r§r: §r§fGain §r§a+50 §r§6☘ Mining Fortune§r§f.
00:15:01 [SKYMALL] §8§oYou can disable this messaging by toggling Sky Mall in your /hotm!
00:16:53 [DOUBLE_HOOK] §eIt's a §r§aDouble Hook§r§e!
00:17:14 [DOUBLE_HOOK] §eIt's a §r§aDouble Hook§r§e!
00:21:11 [DOUBLE_HOOK] §eIt's a §r§aDouble Hook§r§e! Woot woot!
00:26:13 [DOUBLE_HOOK] §eIt's a §r§aDouble Hook§r§e!
00:32:14 [DOUBLE_HOOK] §eIt's a §r§aDouble Hook§r§e!
00:32:47 [DOUBLE_HOOK] §eIt's a §r§aDouble Hook§r§e! Woot woot!
00:34:01 [DOUBLE_HOOK] §eIt's a §r§aDouble Hook§r§e!
00:35:03 [SKYMALL] §bNew day! §r§eYour §r§2Sky Mall §r§ebuff changed!
00:35:03 [SKYMALL] §eNew buff§r§r§r: §r§fGain §r§a+15% §r§fmore Powder while mining.
00:35:03 [SKYMALL] §8§oYou can disable this messaging by toggling Sky Mall in your /hotm!
00:38:49 [DOUBLE_HOOK] §eIt's a §r§aDouble Hook§r§e!
00:47:57 [DOUBLE_HOOK] §eIt's a §r§aDouble Hook§r§e!
00:53:15 [DOUBLE_HOOK] §eIt's a §r§aDouble Hook§r§e! Woot woot!
00:54:10 [BESTIARY] §f                                  §6§lBESTIARY
00:54:10 [BESTIARY] §f                             §b§lFire Eel §7§8III §8➡§b §bIV
00:54:10 [BESTIARY] 
00:54:10 [BESTIARY] §f                                  §r§6§lREWARDS
00:54:10 [BESTIARY] §f                         §r§8+§r§a2 Fire Eel §r§b✯ Magic Find
00:54:10 [BESTIARY] §f                          §r§8+§r§a2 Fire Eel §r§c❁ Strength
00:54:10 [BESTIARY] §f                             §r§8+§r§62% §r§aFire Eel §r§7coins
00:54:10 [BESTIARY] §f                    §r§8+§r§a50% §r§7chance for extra XP orbs
00:54:10 [BESTIARY] §f                               §r§8+§r§b1 SkyBlock XP
00:54:10 [BESTIARY] 
00:54:10 [BESTIARY] §3§l▬▬▬▬▬▬▬▬▬▬▬▬▬▬▬▬▬▬▬▬▬▬▬▬▬▬▬▬▬▬▬▬▬▬▬▬▬▬▬▬▬▬▬▬▬▬▬▬▬▬▬▬▬▬▬▬▬▬▬▬▬▬▬▬
00:55:02 [SKYMALL] §bNew day! §r§eYour §r§2Sky Mall §r§ebuff changed!
00:55:02 [SKYMALL] §eNew buff§r§r§r: §r§fGain §r§a+50 §r§6☘ Mining Fortune§r§f.
00:55:02 [SKYMALL] §8§oYou can disable this messaging by toggling Sky Mall in your /hotm!
00:56:49 [DOUBLE_HOOK] §eIt's a §r§aDouble Hook§r§e!
01:04:49 [DOUBLE_HOOK] §eIt's a §r§aDouble Hook§r§e!
01:08:57 [DOUBLE_HOOK] §eIt's a §r§aDouble Hook§r§e!
01:15:01 [SKYMALL] §bNew day! §r§eYour §r§2Sky Mall §r§ebuff changed!
01:15:01 [SKYMALL] §eNew buff§r§r§r: §r§fGain §r§a+15% §r§fmore Powder while mining.
01:15:01 [SKYMALL] §8§oYou can disable this messaging by toggling Sky Mall in your /hotm!
01:24:20 [BESTIARY] §f                                  §6§lBESTIARY
01:24:20 [BESTIARY] §f                          §b§lMagma Slug §7§8VIII §8➡§b §bIX
01:24:20 [BESTIARY] 
01:24:20 [BESTIARY] §f                                  §r§6§lREWARDS
01:24:20 [BESTIARY] §f                       §r§8+§r§a3 Magma Slug §r§b✯ Magic Find
01:24:20 [BESTIARY] §f                        §r§8+§r§a3 Magma Slug §r§c❁ Strength
01:24:20 [BESTIARY] §f                           §r§8+§r§62% §r§aMagma Slug §r§7coins
01:24:20 [BESTIARY] §f                    §r§8+§r§a50% §r§7chance for extra XP orbs
01:24:20 [BESTIARY] §f                               §r§8+§r§b1 SkyBlock XP
01:24:20 [BESTIARY] 
01:24:20 [BESTIARY] §3§l▬▬▬▬▬▬▬▬▬▬▬▬▬▬▬▬▬▬▬▬▬▬▬▬▬▬▬▬▬▬▬▬▬▬▬▬▬▬▬▬▬▬▬▬▬▬▬▬▬▬▬▬▬▬▬▬▬▬▬▬▬▬▬▬
