10:02:51 §e[SkyHanni] §cYour Organic Matter is low!§r
10:02:51 §e[SkyHanni] §6Jerry §eis visiting your garden!§r
10:02:51 §e[SkyHanni] §aWizard §eis visiting your garden!§r
10:02:51 §e[SkyHanni] §9Emissary Sisko §eis visiting your garden!§r
10:02:51 §e[SkyHanni] §9Seymour §eis visiting your garden!§r
10:02:51 §e[SkyHanni] §aJotraeline Greatforge §eis visiting your garden!§r
10:03:36 §e[SkyHanni] Loaded Wheat milestone data from tab list!§r
10:04:34 §e[SkyHanni] Loaded Cactus milestone data from level up chat message!§r
10:04:34 §e[SkyHanni] §b+1 SkyBlock XP §7(Crop Milestones§7)§b (54/100)§r
10:05:13 §e[SkyHanni] §aJotraeline Greatforge §eis visiting your garden!§r
10:48:05 §e[SkyHanni] §lCLICK HERE§r§e to grab §ax169 §9§a❂ Flawed Opal Gemstone§e from sacks!§r
11:02:40 §e[SkyHanni] Mark NEU Heavy Pearls as done.§r
11:13:32 §6§lBESTIARY §r§b§lMinos Champion §7§8X §8➡§b §bXI§r
11:14:00 §6§lBESTIARY §r§b§lGaia Construct §7§8IX §8➡§b §bX§r
11:16:06 §6§lBESTIARY §r§b§lMinotaur §7§8X §8➡§b §bXI§r
11:28:52 §6§lBESTIARY §r§b§lMinos Inquisitor §7§8I §8➡§b §bII§r
11:29:58 §6§lBESTIARY §r§b§lMinos Inquisitor §7§8II §8➡§b §bIII§r
11:36:52 §6§lBESTIARY §r§b§lMinos Inquisitor §7§8III §8➡§b §bIV§r
11:40:14 §6§lBESTIARY §r§b§lMinos Hunter §7§8XV §8➡§b §bXVI§r
11:43:11 §e[SkyHanni] §cInquisitor out of range!§r
12:12:58 §e[SkyHanni] §b+2 SkyBlock XP §7(Essence Shop§7)§b (64/100)§r
12:12:59 §e[SkyHanni] §b+2 SkyBlock XP §7(Essence Shop§7)§b (66/100)§r
12:13:00 §e[SkyHanni] §b+3 SkyBlock XP §7(Essence Shop§7)§b (69/100)§r
12:13:00 §e[SkyHanni] §b+5 SkyBlock XP §7(Essence Shop§7)§b (74/100)§r
12:13:02 §e[SkyHanni] §b+7 SkyBlock XP §7(Essence Shop§7)§b (81/100)§r
12:13:03 §e[SkyHanni] §b+8 SkyBlock XP §7(Essence Shop§7)§b (89/100)§r
12:13:04 §e[SkyHanni] §b+8 SkyBlock XP §7(Essence Shop§7)§b (97/100)§r
12:13:05 §e[SkyHanni] §b+8 SkyBlock XP §7(Essence Shop§7)§b (5/100)§r
12:13:38 §e[SkyHanni] §b+9 SkyBlock XP §7(Essence Shop§7)§b (14/100)§r
12:15:57 §e[SkyHanni] §b+2 SkyBlock XP §7(Essence Shop§7)§b (16/100)§r
12:15:58 §e[SkyHanni] §b+2 SkyBlock XP §7(Essence Shop§7)§b (18/100)§r
12:15:59 §e[SkyHanni] §b+3 SkyBlock XP §7(Essence Shop§7)§b (21/100)§r
12:15:59 §e[SkyHanni] §b+5 SkyBlock XP §7(Essence Shop§7)§b (26/100)§r
12:40:24 §6§lBESTIARY §r§b§lGrunt §7§8XII §8➡§b §bXIII§r
12:41:48 §e[SkyHanni] §b+1 SkyBlock XP §7(HOTM Progression§7)§b (27/100)§r
12:59:14 §e[SkyHanni] §lCLICK HERE§r§e to grab §ax378 §9§aEnchanted Gold§e from sacks!§r
12:59:17 §e[SkyHanni] §lCLICK HERE§r§e to grab §ax36 §9§9Enchanted Gold Block§e from sacks!§r
14:08:53 §e[SkyHanni] The §a§dGarden Farming Fortune III §eupgrade has completed!
§e[CLICK to warp to Hub or disable this feature]§r
14:20:20 §e[SkyHanni] §cYour Organic Matter is low!§r
14:20:20 §e[SkyHanni] §aJacob §eis visiting your garden!§r
14:20:20 §e[SkyHanni] §aLeo §eis visiting your garden!§r
14:20:20 §e[SkyHanni] §aFisherman §eis visiting your garden!§r
14:20:20 §e[SkyHanni] §aHungry Hiker §eis visiting your garden!§r
14:20:20 §e[SkyHanni] §aOdawa §eis visiting your garden!§r
14:20:41 §e[SkyHanni] §aOdawa §eis visiting your garden!§r
14:50:24 §e[SkyHanni] §b+1 SkyBlock XP §7(HOTM Progression§7)§b (28/100)§r
15:21:58 §e[SkyHanni] §lCLICK HERE§r§e to grab §ax2358 §9§a☘ Flawed Jade Gemstone§e from sacks!§r
15:22:03 §e[SkyHanni] §lCLICK HERE§r§e to grab §ax487 §9§9☘ Fine Jade Gemstone§e from sacks!§r
15:25:29 §e[SkyHanni] §cYour Time Tower just expired and has 2 charges remaining. Click here to use one.§r
16:25:34 §e[SkyHanni] §cYour Time Tower just expired and has 1 charge remaining. Click here to use one.§r
17:08:07 §e[SkyHanni] Wrong slayer selected! You have Voidgloom Seraph selected and you are in an Revenant Horror area!§r
17:08:29 §e[SkyHanni] Wrong slayer selected! You have Voidgloom Seraph selected and you are in an Revenant Horror area!§r
17:08:40 §e[SkyHanni] Wrong slayer selected! You have Voidgloom Seraph selected and you are in an Revenant Horror area!§r
17:09:15 §e[SkyHanni] §b+4 SkyBlock XP §7(Accessory Bag§7)§b (33/100)§r
17:09:19 §e[SkyHanni] §b+3 SkyBlock XP §7(Accessory Bag§7)§b (36/100)§r
17:09:21 §e[SkyHanni] Talk to Maxwell and open the Tuning Page again to update the tuning data in scoreboard.§r
17:09:24 §e[SkyHanni] §b+2 SkyBlock XP §7(Accessory Bag§7)§b (38/100)§r
17:09:54 §e[SkyHanni] §b+2 SkyBlock XP §7(Bag Upgrades§7)§b (40/100)§r
17:10:05 §e[SkyHanni] §b+3 SkyBlock XP §7(Accessory Bag§7)§b (43/100)§r
17:13:35 §e[SkyHanni] §b+3 SkyBlock XP §7(Accessory Bag§7)§b (46/100)§r
17:13:38 §e[SkyHanni] Talk to Maxwell and open the Tuning Page again to update the tuning data in scoreboard.§r
17:14:36 §e[SkyHanni] §cYour Organic Matter is low!§r
17:14:36 §e[SkyHanni] §9Tia the Fairy §eis visiting your garden!§r
17:14:36 §e[SkyHanni] §6Madame Eleanor Q. Goldsworth III §eis visiting your garden!§r
17:14:36 §e[SkyHanni] §aFear Mongerer §eis visiting your garden!§r
17:14:36 §e[SkyHanni] §9Rusty §eis visiting your garden!§r
17:14:36 §e[SkyHanni] §aFriendly Hiker §eis visiting your garden!§r
17:15:16 §e[SkyHanni] Started tracking your Jacob Contest Blocks Per Second!§r
17:23:37 §e[SkyHanni] §aFriendly Hiker §eis visiting your garden!§r
17:38:44 §e[SkyHanni] §b+7 SkyBlock XP §7(Collections§7)§b (53/100)§r
17:43:08 §e[SkyHanni] Gained §d1,500 motes §ethis Rift session! (§d5.3k/h§e)§r
17:55:02 §e[SkyHanni] Wrong slayer selected! You have Voidgloom Seraph selected and you are in an Revenant Horror area!§r
17:55:14 §e[SkyHanni] Wrong slayer selected! You have Voidgloom Seraph selected and you are in an Revenant Horror area!§r
18:18:58 §e[SkyHanni] Located a Lapis Corpse and marked its location with a waypoint.§r
18:19:10 §e[SkyHanni] Profit for §9Lapis Corpse§e: §696k§r
18:20:13 §e[SkyHanni] Located a Tungsten Corpse and marked its location with a waypoint.§r
18:43:34 §e[SkyHanni] §aLumber Jack §eis visiting your garden!§r
18:43:34 §e[SkyHanni] §aGuy §eis visiting your garden!§r
18:43:34 §e[SkyHanni] §aGeonathan Greatforge §eis visiting your garden!§r
18:43:34 §e[SkyHanni] §aAlchemist §eis visiting your garden!§r
18:43:34 §e[SkyHanni] §aVex §eis visiting your garden!§r
18:45:51 §e[SkyHanni] §lCLICK HERE§r§e to grab §ax564 §9§a☘ Flawed Peridot Gemstone§e from sacks!§r
18:46:08 §e[SkyHanni] §lCLICK HERE§r§e to grab §ax118 §9§9☘ Fine Peridot Gemstone§e from sacks!§r
18:57:49 §e[SkyHanni] §b+4 SkyBlock XP §7(Collections§7)§b (61/100)§r
19:28:14 §e[SkyHanni] Gained §d825 motes §ethis Rift session! (§d1.3k/h§e)§r
19:51:49 §e[SkyHanni] Gained §d1,125 motes §ethis Rift session! (§d2.9k/h§e)§r
20:55:59 §e[SkyHanni] §cYour Organic Matter is low!§r
20:55:59 §e[SkyHanni] §9Tammy §eis visiting your garden!§r
20:55:59 §e[SkyHanni] §aJotraeline Greatforge §eis visiting your garden!§r
20:55:59 §e[SkyHanni] §aDuke §eis visiting your garden!§r
20:55:59 §e[SkyHanni] §aLumber Jack §eis visiting your garden!§r
20:55:59 §e[SkyHanni] §aTrevor §eis visiting your garden!§r
21:03:19 §e[SkyHanni] Click here to load Trophy Fishing data from NEU PV!§r
21:03:23 §e[SkyHanni] Updated Trophy Fishing data via NEU PV!§r
21:07:59 §e[SkyHanni] §aTerry §eis visiting your garden!§r
21:21:46 §e[SkyHanni] Wrong slayer selected! You have Voidgloom Seraph selected and you are in an Inferno Demonlord area!§r
21:23:55 §e[SkyHanni] Wrong slayer selected! You have Voidgloom Seraph selected and you are in an Inferno Demonlord area!§r
21:24:13 §e[SkyHanni] Wrong slayer selected! You have Voidgloom Seraph selected and you are in an Inferno Demonlord area!§r
21:24:41 §e[SkyHanni] Wrong slayer selected! You have Voidgloom Seraph selected and you are in an Inferno Demonlord area!§r
21:28:01 §e[SkyHanni] Wrong slayer selected! You have Voidgloom Seraph selected and you are in an Inferno Demonlord area!§r
21:29:26 §e[SkyHanni] Wrong slayer selected! You have Voidgloom Seraph selected and you are in an Inferno Demonlord area!§r
21:30:42 §e[SkyHanni] Wrong slayer selected! You have Voidgloom Seraph selected and you are in an Inferno Demonlord area!§r
21:34:33 §e[SkyHanni] Wrong slayer selected! You have Voidgloom Seraph selected and you are in an Inferno Demonlord area!§r
21:34:34 §6§lBESTIARY §r§b§lLava Flame §7§8VII §8➡§b §bVIII§r
21:35:22 §e[SkyHanni] Wrong slayer selected! You have Voidgloom Seraph selected and you are in an Inferno Demonlord area!§r
21:36:15 §c[SkyHanni-0.27.Beta.4]: Caught an NoSuchElementException in FishingTimer at SeaCreatureFishEvent: null§c. Click here to copy the error into the clipboard.§r
21:36:15 §e[SkyHanni] Wrong slayer selected! You have Voidgloom Seraph selected and you are in an Inferno Demonlord area!§r
21:37:47 §e[SkyHanni] Wrong slayer selected! You have Voidgloom Seraph selected and you are in an Inferno Demonlord area!§r
21:38:01 §6§lBESTIARY §r§b§lMagma Slug §7§8VI §8➡§b §bVII§r
21:38:32 §e[SkyHanni] Wrong slayer selected! You have Voidgloom Seraph selected and you are in an Inferno Demonlord area!§r
21:41:38 §e[SkyHanni] Wrong slayer selected! You have Voidgloom Seraph selected and you are in an Inferno Demonlord area!§r
21:42:09 §e[SkyHanni] Wrong slayer selected! You have Voidgloom Seraph selected and you are in an Inferno Demonlord area!§r
21:42:41 §e[SkyHanni] Wrong slayer selected! You have Voidgloom Seraph selected and you are in an Inferno Demonlord area!§r
21:47:39 §e[SkyHanni] Wrong slayer selected! You have Voidgloom Seraph selected and you are in an Inferno Demonlord area!§r
21:50:26 §e[SkyHanni] §lCLICK HERE§r§e to grab §ax34 §9§5Silver Magmafish§e from sacks!§r
21:58:05 §e[SkyHanni] Wrong slayer selected! You have Voidgloom Seraph selected and you are in an Inferno Demonlord area!§r
22:03:38 §6§lBESTIARY §r§b§lLava Leech §7§8VI §8➡§b §bVII§r
22:05:42 §e[SkyHanni] Wrong slayer selected! You have Voidgloom Seraph selected and you are in an Inferno Demonlord area!§r
22:08:53 §6§lBESTIARY §r§b§lMoogma §7§8VIII §8➡§b §bIX§r
22:09:16 §e[SkyHanni] Wrong slayer selected! You have Voidgloom Seraph selected and you are in an Inferno Demonlord area!§r
22:09:39 §e[SkyHanni] Wrong slayer selected! You have Voidgloom Seraph selected and you are in an Inferno Demonlord area!§r
22:12:47 §e[SkyHanni] Wrong slayer selected! You have Voidgloom Seraph selected and you are in an Inferno Demonlord area!§r
22:15:42 §e[SkyHanni] Wrong slayer selected! You have Voidgloom Seraph selected and you are in an Inferno Demonlord area!§r
22:20:06 §e[SkyHanni] Wrong slayer selected! You have Voidgloom Seraph selected and you are in an Inferno Demonlord area!§r
22:20:07 §6§lBESTIARY §r§b§lLava Flame §7§8VIII §8➡§b §bIX§r
22:20:31 §e[SkyHanni] Wrong slayer selected! You have Voidgloom Seraph selected and you are in an Inferno Demonlord area!§r
22:20:41 §e[SkyHanni] Wrong slayer selected! You have Voidgloom Seraph selected and you are in an Inferno Demonlord area!§r
22:21:51 §e[SkyHanni] Wrong slayer selected! You have Voidgloom Seraph selected and you are in an Inferno Demonlord area!§r
22:22:17 §e[SkyHanni] Wrong slayer selected! You have Voidgloom Seraph selected and you are in an Inferno Demonlord area!§r
22:22:43 §e[SkyHanni] §lCLICK HERE§r§e to grab §ax30 §9§5Silver Magmafish§e from sacks!§r
22:23:18 §e[SkyHanni] Wrong slayer selected! You have Voidgloom Seraph selected and you are in an Inferno Demonlord area!§r
22:24:07 §e[SkyHanni] Wrong slayer selected! You have Voidgloom Seraph selected and you are in an Inferno Demonlord area!§r
22:24:34 §e[SkyHanni] Wrong slayer selected! You have Voidgloom Seraph selected and you are in an Inferno Demonlord area!§r
22:25:47 §c[SkyHanni-0.27.Beta.4]: Caught an NoSuchElementException in FishingTimer at SeaCreatureFishEvent: null§c. Click here to copy the error into the clipboard.§r
22:29:08 §e[SkyHanni] Wrong slayer selected! You have Voidgloom Seraph selected and you are in an Inferno Demonlord area!§r
22:29:30 §e[SkyHanni] Wrong slayer selected! You have Voidgloom Seraph selected and you are in an Inferno Demonlord area!§r
22:31:45 §e[SkyHanni] Wrong slayer selected! You have Voidgloom Seraph selected and you are in an Inferno Demonlord area!§r
22:31:57 §e[SkyHanni] Wrong slayer selected! You have Voidgloom Seraph selected and you are in an Inferno Demonlord area!§r
22:32:40 §e[SkyHanni] Wrong slayer selected! You have Voidgloom Seraph selected and you are in an Inferno Demonlord area!§r
22:37:49 §e[SkyHanni] Wrong slayer selected! You have Voidgloom Seraph selected and you are in an Inferno Demonlord area!§r
22:38:16 §e[SkyHanni] Wrong slayer selected! You have Voidgloom Seraph selected and you are in an Inferno Demonlord area!§r
22:46:11 §e[SkyHanni] Wrong slayer selected! You have Voidgloom Seraph selected and you are in an Inferno Demonlord area!§r
22:52:10 §e[SkyHanni] Wrong slayer selected! You have Voidgloom Seraph selected and you are in an Inferno Demonlord area!§r
22:52:28 §e[SkyHanni] Wrong slayer selected! You have Voidgloom Seraph selected and you are in an Inferno Demonlord area!§r
22:55:28 §e[SkyHanni] §lCLICK HERE§r§e to grab §ax30 §9§5Silver Magmafish§e from sacks!§r
22:56:44 §6§lBESTIARY §r§b§lPyroclastic Worm §7§8VI §8➡§b §bVII§r
22:59:37 §e[SkyHanni] Wrong slayer selected! You have Voidgloom Seraph selected and you are in an Inferno Demonlord area!§r
23:00:39 §e[SkyHanni] Wrong slayer selected! You have Voidgloom Seraph selected and you are in an Inferno Demonlord area!§r
23:09:47 §e[SkyHanni] Wrong slayer selected! You have Voidgloom Seraph selected and you are in an Inferno Demonlord area!§r
23:11:24 §e[SkyHanni] Wrong slayer selected! You have Voidgloom Seraph selected and you are in an Inferno Demonlord area!§r
23:13:32 §e[SkyHanni] Wrong slayer selected! You have Voidgloom Seraph selected and you are in an Inferno Demonlord area!§r
23:14:13 §e[SkyHanni] Wrong slayer selected! You have Voidgloom Seraph selected and you are in an Inferno Demonlord area!§r
23:14:15 §6§lBESTIARY §r§b§lLava Flame §7§8IX §8➡§b §bX§r
23:15:20 §e[SkyHanni] Wrong slayer selected! You have Voidgloom Seraph selected and you are in an Inferno Demonlord area!§r
23:17:51 §6§lBESTIARY §r§b§lLord Jawbus §7§8II §8➡§b §bIII§r
23:21:39 §e[SkyHanni] Wrong slayer selected! You have Voidgloom Seraph selected and you are in an Inferno Demonlord area!§r
23:22:20 §e[SkyHanni] Wrong slayer selected! You have Voidgloom Seraph selected and you are in an Inferno Demonlord area!§r
23:26:14 §6§lBESTIARY §r§b§lMagma Slug §7§8VII §8➡§b §bVIII§r
23:29:28 §e[SkyHanni] Wrong slayer selected! You have Voidgloom Seraph selected and you are in an Inferno Demonlord area!§r
23:32:05 §e[SkyHanni] §lCLICK HERE§r§e to grab §ax32 §9§5Silver Magmafish§e from sacks!§r
23:35:19 §e[SkyHanni] §cYour Time Tower just expired and has 1 charge remaining. Click here to use one.§r
23:35:36 §e[SkyHanni] Wrong slayer selected! You have Voidgloom Seraph selected and you are in an Inferno Demonlord area!§r
23:35:51 §6§lBESTIARY §r§b§lLava Leech §7§8VII §8➡§b §bVIII§r
23:36:33 §e[SkyHanni] Wrong slayer selected! You have Voidgloom Seraph selected and you are in an Inferno Demonlord area!§r
23:41:06 §6§lBESTIARY §r§b§lMoogma §7§8IX §8➡§b §bX§r
23:42:30 §e[SkyHanni] Wrong slayer selected! You have Voidgloom Seraph selected and you are in an Inferno Demonlord area!§r
23:43:10 §e[SkyHanni] Wrong slayer selected! You have Voidgloom Seraph selected and you are in an Inferno Demonlord area!§r
23:49:06 §e[SkyHanni] Wrong slayer selected! You have Voidgloom Seraph selected and you are in an Inferno Demonlord area!§r
23:52:03 §6§lBESTIARY §r§b§lFire Eel §7§8I §8➡§b §bII§r
23:56:55 §e[SkyHanni] §lCLICK HERE§r§e to grab §ax26 §9§5Silver Magmafish§e from sacks!§r
23:58:05 §e[SkyHanni] Wrong slayer selected! You have Voidgloom Seraph selected and you are in an Inferno Demonlord area!§r
23:59:17 §e[SkyHanni] Wrong slayer selected! You have Voidgloom Seraph selected and you are in an Inferno Demonlord area!§r
00:01:47 §6§lBESTIARY §r§b§lFire Eel §7§8II §8➡§b §bIII§r
00:02:37 §e[SkyHanni] Wrong slayer selected! You have Voidgloom Seraph selected and you are in an Inferno Demonlord area!§r
00:05:25 §e[SkyHanni] Wrong slayer selected! You have Voidgloom Seraph selected and you are in an Inferno Demonlord area!§r
00:09:10 §e[SkyHanni] §lCLICK HERE§r§e to grab §ax9 §9§5Silver Magmafish§e from sacks!§r
00:09:36 §e[SkyHanni] §lCLICK HERE§r§e to grab §ax1 §9§6Gold Magmafish§e from sacks!§r
00:15:39 §e[SkyHanni] Wrong slayer selected! You have Voidgloom Seraph selected and you are in an Inferno Demonlord area!§r
00:19:20 §e[SkyHanni] Wrong slayer selected! You have Voidgloom Seraph selected and you are in an Inferno Demonlord area!§r
00:26:23 §e[SkyHanni] Wrong slayer selected! You have Voidgloom Seraph selected and you are in an Inferno Demonlord area!§r
00:26:46 §e[SkyHanni] Wrong slayer selected! You have Voidgloom Seraph selected and you are in an Inferno Demonlord area!§r
00:37:45 §e[SkyHanni] Wrong slayer selected! You have Voidgloom Seraph selected and you are in an Inferno Demonlord area!§r
00:38:49 §e[SkyHanni] Wrong slayer selected! You have Voidgloom Seraph selected and you are in an Inferno Demonlord area!§r
00:40:30 §e[SkyHanni] Wrong slayer selected! You have Voidgloom Seraph selected and you are in an Inferno Demonlord area!§r
00:42:18 §e[SkyHanni] Wrong slayer selected! You have Voidgloom Seraph selected and you are in an Inferno Demonlord area!§r
00:45:03 §e[SkyHanni] Wrong slayer selected! You have Voidgloom Seraph selected and you are in an Inferno Demonlord area!§r
00:46:40 §e[SkyHanni] Wrong slayer selected! You have Voidgloom Seraph selected and you are in an Inferno Demonlord area!§r
00:49:17 §e[SkyHanni] §lCLICK HERE§r§e to grab §ax30 §9§5Silver Magmafish§e from sacks!§r
00:50:23 §e[SkyHanni] Are you sure you want to reset your total Sea Creature Tracker? Click here to confirm.§r
00:50:25 §e[SkyHanni] Reset total Sea Creature Tracker!§r
00:50:38 §e[SkyHanni] §eTo edit hidden GUI elements:
 §7- §e1. Set a key in /sh edit.
 §7- §e2. Click that key while the GUI element is visible.§r
00:54:10 §6§lBESTIARY §r§b§lFire Eel §7§8III §8➡§b §bIV§r
00:56:00 §e[SkyHanni] §lCLICK HERE§r§e to grab §ax3 §9§5Silver Magmafish§e from sacks!§r
00:59:59 §e[SkyHanni] Wrong slayer selected! You have Voidgloom Seraph selected and you are in an Inferno Demonlord area!§r
01:00:12 §e[SkyHanni] Wrong slayer selected! You have Voidgloom Seraph selected and you are in an Inferno Demonlord area!§r
01:11:06 §e[SkyHanni] Wrong slayer selected! You have Voidgloom Seraph selected and you are in an Inferno Demonlord area!§r
01:11:20 §e[SkyHanni] Wrong slayer selected! You have Voidgloom Seraph selected and you are in an Inferno Demonlord area!§r
01:11:39 §e[SkyHanni] Wrong slayer selected! You have Voidgloom Seraph selected and you are in an Inferno Demonlord area!§r
01:14:09 §e[SkyHanni] Wrong slayer selected! You have Voidgloom Seraph selected and you are in an Inferno Demonlord area!§r
01:15:55 §e[SkyHanni] Wrong slayer selected! You have Voidgloom Seraph selected and you are in an Inferno Demonlord area!§r
01:16:47 §e[SkyHanni] Wrong slayer selected! You have Voidgloom Seraph selected and you are in an Inferno Demonlord area!§r
01:20:31 §e[SkyHanni] Wrong slayer selected! You have Voidgloom Seraph selected and you are in an Inferno Demonlord area!§r
01:21:04 §e[SkyHanni] Wrong slayer selected! You have Voidgloom Seraph selected and you are in an Inferno Demonlord area!§r
01:24:20 §6§lBESTIARY §r§b§lMagma Slug §7§8VIII §8➡§b §bIX§r
01:24:36 §e[SkyHanni] §lCLICK HERE§r§e to grab §ax30 §9§5Silver Magmafish§e from sacks!§r
