11:28:44  
11:28:44 [original] §r§c§lWoah! §r§eYou dug out a §r§2Minos Inquisitor§r§e!§r
11:28:44 [modified] §c§lWoah! §r§eYou dug out a §r§2Minos Inquisitor§r§e! §e(49)§r
11:36:47  
11:36:47 [original] §r§c§lWoah! §r§eYou dug out a §r§2Minos Inquisitor§r§e!§r
11:36:47 [modified] §c§lWoah! §r§eYou dug out a §r§2Minos Inquisitor§r§e! §e(10)§r
15:45:20  
15:45:20 [original] §r§c§lWoah! §r§eYou dug out a §r§2Minos Inquisitor§r§e!§r
15:45:20 [modified] §c§lWoah! §r§eYou dug out a §r§2Minos Inquisitor§r§e! §e(31)§r
18:18:38  
18:18:38 [original] §r§5§lWOW! §r§aYou found a §r§bGlacite Mineshaft §r§aportal!§r
18:18:38 [modified] §5§lWOW! §r§aYou found a §r§bGlacite Mineshaft §r§aportal! §e(1164)§r
21:23:25  
21:23:25 [original] §r§aYou hear a faint Moo from the lava... A Moogma appears.§r
21:23:25 [modified] §e§lDOUBLE HOOK! §r§aYou hear a faint Moo from the lava... A Moogma appears.§r§r
21:26:38  
21:26:38 [original] §r§aYou feel the heat radiating as a Pyroclastic Worm surfaces.§r
21:26:38 [modified] §e§lDOUBLE HOOK! §r§aYou feel the heat radiating as a Pyroclastic Worm surfaces.§r§r
21:29:39  
21:29:39 [original] §r§aFrom beneath the lava appears a Magma Slug.§r
21:29:39 [modified] §e§lDOUBLE HOOK! §r§aFrom beneath the lava appears a Magma Slug.§r§r
21:33:49  
21:33:49 [original] §r§aFrom beneath the lava appears a Magma Slug.§r
21:33:49 [modified] §e§lDOUBLE HOOK! §r§aFrom beneath the lava appears a Magma Slug.§r§r
21:42:18  
21:42:18 [original] §r§aYou hear a faint Moo from the lava... A Moogma appears.§r
21:42:18 [modified] §e§lDOUBLE HOOK! §r§aYou hear a faint Moo from the lava... A Moogma appears.§r§r
22:02:37  
22:02:37 [original] §r§aYou hear a faint Moo from the lava... A Moogma appears.§r
22:02:37 [modified] §e§lDOUBLE HOOK! §r§aYou hear a faint Moo from the lava... A Moogma appears.§r§r
22:03:34  
22:03:34 [original] §r§aA small but fearsome Lava Leech emerges.§r
22:03:34 [modified] §e§lDOUBLE HOOK! §r§aA small but fearsome Lava Leech emerges.§r§r
22:04:55  
22:04:55 [original] §r§aFrom beneath the lava appears a Magma Slug.§r
22:04:55 [modified] §e§lDOUBLE HOOK! §r§aFrom beneath the lava appears a Magma Slug.§r§r
22:08:22  
22:08:22 [original] §r§aFrom beneath the lava appears a Magma Slug.§r
22:08:22 [modified] §e§lDOUBLE HOOK! §r§aFrom beneath the lava appears a Magma Slug.§r§r
22:11:44  
22:11:44 [original] §r§aFrom beneath the lava appears a Magma Slug.§r
22:11:44 [modified] §e§lDOUBLE HOOK! §r§aFrom beneath the lava appears a Magma Slug.§r§r
22:22:17  
22:22:17 [original] §r§aA Lava Flame flies out from beneath the lava.§r
22:22:17 [modified] §e§lDOUBLE HOOK! §r§aA Lava Flame flies out from beneath the lava.§r§r
22:22:46  
22:22:46 [original] §r§aA small but fearsome Lava Leech emerges.§r
22:22:46 [modified] §e§lDOUBLE HOOK! §r§aA small but fearsome Lava Leech emerges.§r§r
22:25:15  
22:25:15 [original] §r§aFrom beneath the lava appears a Magma Slug.§r
22:25:15 [modified] §e§lDOUBLE HOOK! §r§aFrom beneath the lava appears a Magma Slug.§r§r
22:27:14  
22:27:14 [original] §r§aYou feel the heat radiating as a Pyroclastic Worm surfaces.§r
22:27:14 [modified] §e§lDOUBLE HOOK! §r§aYou feel the heat radiating as a Pyroclastic Worm surfaces.§r§r
22:46:11  
22:46:11 [original] §r§aA Lava Flame flies out from beneath the lava.§r
22:46:11 [modified] §e§lDOUBLE HOOK! §r§aA Lava Flame flies out from beneath the lava.§r§r
22:59:21  
22:59:21 [original] §r§aFrom beneath the lava appears a Magma Slug.§r
22:59:21 [modified] §e§lDOUBLE HOOK! §r§aFrom beneath the lava appears a Magma Slug.§r§r
23:08:15  
23:08:15 [original] §r§aYou hear a faint Moo from the lava... A Moogma appears.§r
23:08:15 [modified] §e§lDOUBLE HOOK! §r§aYou hear a faint Moo from the lava... A Moogma appears.§r§r
23:09:22  
23:09:22 [original] §r§aFrom beneath the lava appears a Magma Slug.§r
23:09:22 [modified] §e§lDOUBLE HOOK! §r§aFrom beneath the lava appears a Magma Slug.§r§r
23:26:43  
23:26:43 [original] §r§aFrom beneath the lava appears a Magma Slug.§r
23:26:43 [modified] §e§lDOUBLE HOOK! §r§aFrom beneath the lava appears a Magma Slug.§r§r
23:35:20  
23:35:20 [original] §r§aA small but fearsome Lava Leech emerges.§r
23:35:20 [modified] §e§lDOUBLE HOOK! §r§aA small but fearsome Lava Leech emerges.§r§r
23:35:36  
23:35:36 [original] §r§aA Lava Flame flies out from beneath the lava.§r
23:35:36 [modified] §e§lDOUBLE HOOK! §r§aA Lava Flame flies out from beneath the lava.§r§r
23:52:32  
23:52:32 [original] §r§aYou hear a faint Moo from the lava... A Moogma appears.§r
23:52:32 [modified] §e§lDOUBLE HOOK! §r§aYou hear a faint Moo from the lava... A Moogma appears.§r§r
00:01:35  
00:01:35 [original] §r§aA small but fearsome Lava Leech emerges.§r
00:01:35 [modified] §e§lDOUBLE HOOK! §r§aA small but fearsome Lava Leech emerges.§r§r
00:08:11  
00:08:11 [original] §r§aYou hear a faint Moo from the lava... A Moogma appears.§r
00:08:11 [modified] §e§lDOUBLE HOOK! §r§aYou hear a faint Moo from the lava... A Moogma appears.§r§r
00:16:53  
00:16:53 [original] §r§aFrom beneath the lava appears a Magma Slug.§r
00:16:53 [modified] §e§lDOUBLE HOOK! §r§aFrom beneath the lava appears a Magma Slug.§r§r
00:17:14  
00:17:14 [original] §r§aYou hear a faint Moo from the lava... A Moogma appears.§r
00:17:14 [modified] §e§lDOUBLE HOOK! §r§aYou hear a faint Moo from the lava... A Moogma appears.§r§r
00:21:11  
00:21:11 [original] §r§aYou hear a faint Moo from the lava... A Moogma appears.§r
00:21:11 [modified] §e§lDOUBLE HOOK! §r§aYou hear a faint Moo from the lava... A Moogma appears.§r§r
00:26:13  
00:26:13 [original] §r§aFrom beneath the lava appears a Magma Slug.§r
00:26:13 [modified] §e§lDOUBLE HOOK! §r§aFrom beneath the lava appears a Magma Slug.§r§r
00:32:14  
00:32:14 [original] §r§aFrom beneath the lava appears a Magma Slug.§r
00:32:14 [modified] §e§lDOUBLE HOOK! §r§aFrom beneath the lava appears a Magma Slug.§r§r
00:32:47  
00:32:47 [original] §r§aYou hear a faint Moo from the lava... A Moogma appears.§r
00:32:47 [modified] §e§lDOUBLE HOOK! §r§aYou hear a faint Moo from the lava... A Moogma appears.§r§r
00:34:01  
00:34:01 [original] §r§aFrom beneath the lava appears a Magma Slug.§r
00:34:01 [modified] §e§lDOUBLE HOOK! §r§aFrom beneath the lava appears a Magma Slug.§r§r
00:38:49  
00:38:49 [original] §r§aA Lava Flame flies out from beneath the lava.§r
00:38:49 [modified] §e§lDOUBLE HOOK! §r§aA Lava Flame flies out from beneath the lava.§r§r
00:47:57  
00:47:57 [original] §r§aYou feel the heat radiating as a Pyroclastic Worm surfaces.§r
00:47:57 [modified] §e§lDOUBLE HOOK! §r§aYou feel the heat radiating as a Pyroclastic Worm surfaces.§r§r
00:53:15  
00:53:15 [original] §r§aFrom beneath the lava appears a Magma Slug.§r
00:53:15 [modified] §e§lDOUBLE HOOK! §r§aFrom beneath the lava appears a Magma Slug.§r§r
00:56:49  
00:56:49 [original] §r§aFrom beneath the lava appears a Magma Slug.§r
00:56:49 [modified] §e§lDOUBLE HOOK! §r§aFrom beneath the lava appears a Magma Slug.§r§r
01:04:49  
01:04:49 [original] §r§aYou feel the heat radiating as a Pyroclastic Worm surfaces.§r
01:04:49 [modified] §e§lDOUBLE HOOK! §r§aYou feel the heat radiating as a Pyroclastic Worm surfaces.§r§r
01:08:57  
01:08:57 [original] §r§aFrom beneath the lava appears a Magma Slug.§r
01:08:57 [modified] §e§lDOUBLE HOOK! §r§aFrom beneath the lava appears a Magma Slug.§r§r
