11:13:32 §f                                  §6§lBESTIARY
11:13:32 §f                         §b§lMinos Champion §7§8X §8➡§b §bXI
11:13:32 
11:13:32 §f                                  §r§6§lREWARDS
11:13:32 §f                     §r§8+§r§a4 Minos Champion §r§b✯ Magic Find
11:13:32 §f                     §r§8+§r§a4 Minos Champion §r§c❁ Strength
11:13:32 §f                         §r§8+§r§62% §r§aMinos Champion §r§7coins
11:13:32 §f                    §r§8+§r§a50% §r§7chance for extra XP orbs
11:13:32 §f                               §r§8+§r§b1 SkyBlock XP
11:13:32 
11:13:32 §3§l▬▬▬▬▬▬▬▬▬▬▬▬▬▬▬▬▬▬▬▬▬▬▬▬▬▬▬▬▬▬▬▬▬▬▬▬▬▬▬▬▬▬▬▬▬▬▬▬▬▬▬▬▬▬▬▬▬▬▬▬▬▬▬▬
11:14:00 §f                                  §6§lBESTIARY
11:14:00 §f                         §b§lGaia Construct §7§8IX §8➡§b §bX
11:14:00 
11:14:00 §f                                  §r§6§lREWARDS
11:14:00 §f                     §r§8+§r§a3 Gaia Construct §r§b✯ Magic Find
11:14:00 §f                     §r§8+§r§a3 Gaia Construct §r§c❁ Strength
11:14:00 §f                         §r§8+§r§62% §r§aGaia Construct §r§7coins
11:14:00 §f                    §r§8+§r§a50% §r§7chance for extra XP orbs
11:14:00 §f                               §r§8+§r§b1 SkyBlock XP
11:14:00 
11:14:00 §3§l▬▬▬▬▬▬▬▬▬▬▬▬▬▬▬▬▬▬▬▬▬▬▬▬▬▬▬▬▬▬▬▬▬▬▬▬▬▬▬▬▬▬▬▬▬▬▬▬▬▬▬▬▬▬▬▬▬▬▬▬▬▬▬▬
11:16:06 §f                                  §6§lBESTIARY
11:16:06 §f                             §b§lMinotaur §7§8X §8➡§b §bXI
11:16:06 
11:16:06 §f                                  §r§6§lREWARDS
11:16:06 §f                         §r§8+§r§a4 Minotaur §r§b✯ Magic Find
11:16:06 §f                         §r§8+§r§a4 Minotaur §r§c❁ Strength
11:16:06 §f                             §r§8+§r§62% §r§aMinotaur §r§7coins
11:16:06 §f                    §r§8+§r§a50% §r§7chance for extra XP orbs
11:16:06 §f                               §r§8+§r§b1 SkyBlock XP
11:16:06 
11:16:06 §3§l▬▬▬▬▬▬▬▬▬▬▬▬▬▬▬▬▬▬▬▬▬▬▬▬▬▬▬▬▬▬▬▬▬▬▬▬▬▬▬▬▬▬▬▬▬▬▬▬▬▬▬▬▬▬▬▬▬▬▬▬▬▬▬▬
11:28:52 §f                                  §6§lBESTIARY
11:28:52 §f                        §b§lMinos Inquisitor §7§8I §8➡§b §bII
11:28:52 
11:28:52 §f                                  §r§6§lREWARDS
11:28:52 §f                    §r§8+§r§a2 Minos Inquisitor §r§b✯ Magic Find
11:28:52 §f                     §r§8+§r§a2 Minos Inquisitor §r§c❁ Strength
11:28:52 §f                        §r§8+§r§62% §r§aMinos Inquisitor §r§7coins
11:28:52 §f                    §r§8+§r§a50% §r§7chance for extra XP orbs
11:28:52 §f                               §r§8+§r§b1 SkyBlock XP
11:28:52 
11:28:52 §3§l▬▬▬▬▬▬▬▬▬▬▬▬▬▬▬▬▬▬▬▬▬▬▬▬▬▬▬▬▬▬▬▬▬▬▬▬▬▬▬▬▬▬▬▬▬▬▬▬▬▬▬▬▬▬▬▬▬▬▬▬▬▬▬▬
11:29:58 §f                                  §6§lBESTIARY
11:29:58 §f                       §b§lMinos Inquisitor §7§8II §8➡§b §bIII
11:29:58 
11:29:58 §f                                  §r§6§lREWARDS
11:29:58 §f                    §r§8+§r§a2 Minos Inquisitor §r§b✯ Magic Find
11:29:58 §f                     §r§8+§r§a2 Minos Inquisitor §r§c❁ Strength
11:29:58 §f                        §r§8+§r§62% §r§aMinos Inquisitor §r§7coins
11:29:58 §f                    §r§8+§r§a50% §r§7chance for extra XP orbs
11:29:58 §f                               §r§8+§r§b1 SkyBlock XP
11:29:58 
11:29:58 §3§l▬▬▬▬▬▬▬▬▬▬▬▬▬▬▬▬▬▬▬▬▬▬▬▬▬▬▬▬▬▬▬▬▬▬▬▬▬▬▬▬▬▬▬▬▬▬▬▬▬▬▬▬▬▬▬▬▬▬▬▬▬▬▬▬
11:36:52 §f                                  §6§lBESTIARY
11:36:52 §f                       §b§lMinos Inquisitor §7§8III §8➡§b §bIV
11:36:52 
11:36:52 §f                                  §r§6§lREWARDS
11:36:52 §f                    §r§8+§r§a2 Minos Inquisitor §r§b✯ Magic Find
11:36:52 §f                     §r§8+§r§a2 Minos Inquisitor §r§c❁ Strength
11:36:52 §f                        §r§8+§r§62% §r§aMinos Inquisitor §r§7coins
11:36:52 §f                    §r§8+§r§a50% §r§7chance for extra XP orbs
11:36:52 §f                               §r§8+§r§b1 SkyBlock XP
11:36:52 
11:36:52 §3§l▬▬▬▬▬▬▬▬▬▬▬▬▬▬▬▬▬▬▬▬▬▬▬▬▬▬▬▬▬▬▬▬▬▬▬▬▬▬▬▬▬▬▬▬▬▬▬▬▬▬▬▬▬▬▬▬▬▬▬▬▬▬▬▬
11:40:14 §f                                  §6§lBESTIARY
11:40:14 §f                         §b§lMinos Hunter §7§8XV §8➡§b §bXVI
11:40:14 
11:40:14 §f                                  §r§6§lREWARDS
11:40:14 §f                      §r§8+§r§a5 Minos Hunter §r§b✯ Magic Find
11:40:14 §f                       §r§8+§r§a5 Minos Hunter §r§c❁ Strength
11:40:14 §f                          §r§8+§r§62% §r§aMinos Hunter §r§7coins
11:40:14 §f                    §r§8+§r§a50% §r§7chance for extra XP orbs
11:40:14 §f                               §r§8+§r§b1 SkyBlock XP
11:40:14 
11:40:14 §3§l▬▬▬▬▬▬▬▬▬▬▬▬▬▬▬▬▬▬▬▬▬▬▬▬▬▬▬▬▬▬▬▬▬▬▬▬▬▬▬▬▬▬▬▬▬▬▬▬▬▬▬▬▬▬▬▬▬▬▬▬▬▬▬▬
12:40:24 §f                                  §6§lBESTIARY
12:40:24 §f                             §b§lGrunt §7§8XII §8➡§b §bXIII
12:40:24 
12:40:24 §f                                  §r§6§lREWARDS
12:40:24 §f                          §r§8+§r§a4 Grunt §r§b✯ Magic Find
12:40:24 §f                           §r§8+§r§a4 Grunt §r§c❁ Strength
12:40:24 §f                              §r§8+§r§62% §r§aGrunt §r§7coins
12:40:24 §f                    §r§8+§r§a50% §r§7chance for extra XP orbs
12:40:24 §f                               §r§8+§r§b1 SkyBlock XP
12:40:24 
12:40:24 §3§l▬▬▬▬▬▬▬▬▬▬▬▬▬▬▬▬▬▬▬▬▬▬▬▬▬▬▬▬▬▬▬▬▬▬▬▬▬▬▬▬▬▬▬▬▬▬▬▬▬▬▬▬▬▬▬▬▬▬▬▬▬▬▬▬
21:34:34 §f                                  §6§lBESTIARY
21:34:34 §f                         §b§lLava Flame §7§8VII §8➡§b §bVIII
21:34:34 
21:34:34 §f                                  §r§6§lREWARDS
21:34:34 §f                       §r§8+§r§a3 Lava Flame §r§b✯ Magic Find
21:34:34 §f                        §r§8+§r§a3 Lava Flame §r§c❁ Strength
21:34:34 §f                           §r§8+§r§62% §r§aLava Flame §r§7coins
21:34:34 §f                    §r§8+§r§a50% §r§7chance for extra XP orbs
21:34:34 §f                               §r§8+§r§b1 SkyBlock XP
21:34:34 
21:34:34   §r§f                         §6§lBESTIARY MILESTONE
21:34:34   §r§f                                 §8CCXI➡§eCCXII
21:34:34 
21:34:34 §3§l▬▬▬▬▬▬▬▬▬▬▬▬▬▬▬▬▬▬▬▬▬▬▬▬▬▬▬▬▬▬▬▬▬▬▬▬▬▬▬▬▬▬▬▬▬▬▬▬▬▬▬▬▬▬▬▬▬▬▬▬▬▬▬▬
21:38:01 §f                                  §6§lBESTIARY
21:38:01 §f                          §b§lMagma Slug §7§8VI §8➡§b §bVII
21:38:01 
21:38:01 §f                                  §r§6§lREWARDS
21:38:01 §f                       §r§8+§r§a3 Magma Slug §r§b✯ Magic Find
21:38:01 §f                        §r§8+§r§a3 Magma Slug §r§c❁ Strength
21:38:01 §f                           §r§8+§r§62% §r§aMagma Slug §r§7coins
21:38:01 §f                    §r§8+§r§a50% §r§7chance for extra XP orbs
21:38:01 §f                               §r§8+§r§b1 SkyBlock XP
21:38:01 
21:38:01 §3§l▬▬▬▬▬▬▬▬▬▬▬▬▬▬▬▬▬▬▬▬▬▬▬▬▬▬▬▬▬▬▬▬▬▬▬▬▬▬▬▬▬▬▬▬▬▬▬▬▬▬▬▬▬▬▬▬▬▬▬▬▬▬▬▬
22:03:38 §f                                  §6§lBESTIARY
22:03:38 §f                          §b§lLava Leech §7§8VI §8➡§b §bVII
22:03:38 
22:03:38 §f                                  §r§6§lREWARDS
22:03:38 §f                       §r§8+§r§a3 Lava Leech §r§b✯ Magic Find
22:03:38 §f                       §r§8+§r§a3 Lava Leech §r§c❁ Strength
22:03:38 §f                           §r§8+§r§62% §r§aLava Leech §r§7coins
22:03:38 §f                    §r§8+§r§a50% §r§7chance for extra XP orbs
22:03:38 §f                               §r§8+§r§b1 SkyBlock XP
22:03:38 
22:03:38 §3§l▬▬▬▬▬▬▬▬▬▬▬▬▬▬▬▬▬▬▬▬▬▬▬▬▬▬▬▬▬▬▬▬▬▬▬▬▬▬▬▬▬▬▬▬▬▬▬▬▬▬▬▬▬▬▬▬▬▬▬▬▬▬▬▬
22:08:53 §f                                  §6§lBESTIARY
22:08:53 §f                             §b§lMoogma §7§8VIII §8➡§b §bIX
22:08:53 
22:08:53 §f                                  §r§6§lREWARDS
22:08:53 §f                         §r§8+§r§a3 Moogma §r§b✯ Magic Find
22:08:53 §f                          §r§8+§r§a3 Moogma §r§c❁ Strength
22:08:53 §f                             §r§8+§r§62% §r§aMoogma §r§7coins
22:08:53 §f                    §r§8+§r§a50% §r§7chance for extra XP orbs
22:08:53 §f                               §r§8+§r§b1 SkyBlock XP
22:08:53 
22:08:53 §3§l▬▬▬▬▬▬▬▬▬▬▬▬▬▬▬▬▬▬▬▬▬▬▬▬▬▬▬▬▬▬▬▬▬▬▬▬▬▬▬▬▬▬▬▬▬▬▬▬▬▬▬▬▬▬▬▬▬▬▬▬▬▬▬▬
22:20:07 §f                                  §6§lBESTIARY
22:20:07 §f                          §b§lLava Flame §7§8VIII §8➡§b §bIX
22:20:07 
22:20:07 §f                                  §r§6§lREWARDS
22:20:07 §f                       §r§8+§r§a3 Lava Flame §r§b✯ Magic Find
22:20:07 §f                        §r§8+§r§a3 Lava Flame §r§c❁ Strength
22:20:07 §f                           §r§8+§r§62% §r§aLava Flame §r§7coins
22:20:07 §f                    §r§8+§r§a50% §r§7chance for extra XP orbs
22:20:07 §f                               §r§8+§r§b1 SkyBlock XP
22:20:07 
22:20:07 §3§l▬▬▬▬▬▬▬▬▬▬▬▬▬▬▬▬▬▬▬▬▬▬▬▬▬▬▬▬▬▬▬▬▬▬▬▬▬▬▬▬▬▬▬▬▬▬▬▬▬▬▬▬▬▬▬▬▬▬▬▬▬▬▬▬
22:56:44 §f                                  §6§lBESTIARY
22:56:44 §f                      §b§lPyroclastic Worm §7§8VI §8➡§b §bVII
22:56:44 
22:56:44 §f                                  §r§6§lREWARDS
22:56:44 §f                   §r§8+§r§a3 Pyroclastic Worm §r§b✯ Magic Find
22:56:44 §f                    §r§8+§r§a3 Pyroclastic Worm §r§c❁ Strength
22:56:44 §f                       §r§8+§r§62% §r§aPyroclastic Worm §r§7coins
22:56:44 §f                    §r§8+§r§a50% §r§7chance for extra XP orbs
22:56:44 §f                               §r§8+§r§b1 SkyBlock XP
22:56:44 
22:56:44 §3§l▬▬▬▬▬▬▬▬▬▬▬▬▬▬▬▬▬▬▬▬▬▬▬▬▬▬▬▬▬▬▬▬▬▬▬▬▬▬▬▬▬▬▬▬▬▬▬▬▬▬▬▬▬▬▬▬▬▬▬▬▬▬▬▬
23:14:15 §f                                  §6§lBESTIARY
23:14:15 §f                           §b§lLava Flame §7§8IX §8➡§b §bX
23:14:15 
23:14:15 §f                                  §r§6§lREWARDS
23:14:15 §f                       §r§8+§r§a3 Lava Flame §r§b✯ Magic Find
23:14:15 §f                        §r§8+§r§a3 Lava Flame §r§c❁ Strength
23:14:15 §f                           §r§8+§r§62% §r§aLava Flame §r§7coins
23:14:15 §f                    §r§8+§r§a50% §r§7chance for extra XP orbs
23:14:15 §f                               §r§8+§r§b1 SkyBlock XP
23:14:15 
23:14:15 §3§l▬▬▬▬▬▬▬▬▬▬▬▬▬▬▬▬▬▬▬▬▬▬▬▬▬▬▬▬▬▬▬▬▬▬▬▬▬▬▬▬▬▬▬▬▬▬▬▬▬▬▬▬▬▬▬▬▬▬▬▬▬▬▬▬
23:17:51 §f                                  §6§lBESTIARY
23:17:51 §f                          §b§lLord Jawbus §7§8II §8➡§b §bIII
23:17:51 
23:17:51 §f                                  §r§6§lREWARDS
23:17:51 §f                      §r§8+§r§a2 Lord Jawbus §r§b✯ Magic Find
23:17:51 §f                       §r§8+§r§a2 Lord Jawbus §r§c❁ Strength
23:17:51 §f                          §r§8+§r§62% §r§aLord Jawbus §r§7coins
23:17:51 §f                    §r§8+§r§a50% §r§7chance for extra XP orbs
23:17:51 §f                               §r§8+§r§b1 SkyBlock XP
23:17:51 
23:17:51 §3§l▬▬▬▬▬▬▬▬▬▬▬▬▬▬▬▬▬▬▬▬▬▬▬▬▬▬▬▬▬▬▬▬▬▬▬▬▬▬▬▬▬▬▬▬▬▬▬▬▬▬▬▬▬▬▬▬▬▬▬▬▬▬▬▬
23:26:14 §f                                  §6§lBESTIARY
23:26:14 §f                         §b§lMagma Slug §7§8VII §8➡§b §bVIII
23:26:14 
23:26:14 §f                                  §r§6§lREWARDS
23:26:14 §f                       §r§8+§r§a3 Magma Slug §r§b✯ Magic Find
23:26:14 §f                        §r§8+§r§a3 Magma Slug §r§c❁ Strength
23:26:14 §f                           §r§8+§r§62% §r§aMagma Slug §r§7coins
23:26:14 §f                    §r§8+§r§a50% §r§7chance for extra XP orbs
23:26:14 §f                               §r§8+§r§b1 SkyBlock XP
23:26:14 
23:26:14 §3§l▬▬▬▬▬▬▬▬▬▬▬▬▬▬▬▬▬▬▬▬▬▬▬▬▬▬▬▬▬▬▬▬▬▬▬▬▬▬▬▬▬▬▬▬▬▬▬▬▬▬▬▬▬▬▬▬▬▬▬▬▬▬▬▬
23:35:51 §f                                  §6§lBESTIARY
23:35:51 §f                         §b§lLava Leech §7§8VII §8➡§b §bVIII
23:35:51 
23:35:51 §f                                  §r§6§lREWARDS
23:35:51 §f                       §r§8+§r§a3 Lava Leech §r§b✯ Magic Find
23:35:51 §f                       §r§8+§r§a3 Lava Leech §r§c❁ Strength
23:35:51 §f                           §r§8+§r§62% §r§aLava Leech §r§7coins
23:35:51 §f                    §r§8+§r§a50% §r§7chance for extra XP orbs
23:35:51 §f                               §r§8+§r§b1 SkyBlock XP
23:35:51 
23:35:51 §3§l▬▬▬▬▬▬▬▬▬▬▬▬▬▬▬▬▬▬▬▬▬▬▬▬▬▬▬▬▬▬▬▬▬▬▬▬▬▬▬▬▬▬▬▬▬▬▬▬▬▬▬▬▬▬▬▬▬▬▬▬▬▬▬▬
23:41:06 §f                                  §6§lBESTIARY
23:41:06 §f                              §b§lMoogma §7§8IX §8➡§b §bX
23:41:06 
23:41:06 §f                                  §r§6§lREWARDS
23:41:06 §f                         §r§8+§r§a3 Moogma §r§b✯ Magic Find
23:41:06 §f                          §r§8+§r§a3 Moogma §r§c❁ Strength
23:41:06 §f                             §r§8+§r§62% §r§aMoogma §r§7coins
23:41:06 §f                    §r§8+§r§a50% §r§7chance for extra XP orbs
23:41:06 §f                               §r§8+§r§b1 SkyBlock XP
23:41:06 
23:41:06   §r§f                         §6§lBESTIARY MILESTONE
23:41:06   §r§f                                §8CCXII➡§eCCXIII
23:41:06 
23:41:06 §3§l▬▬▬▬▬▬▬▬▬▬▬▬▬▬▬▬▬▬▬▬▬▬▬▬▬▬▬▬▬▬▬▬▬▬▬▬▬▬▬▬▬▬▬▬▬▬▬▬▬▬▬▬▬▬▬▬▬▬▬▬▬▬▬▬
23:52:03 §f                                  §6§lBESTIARY
23:52:03 §f                              §b§lFire Eel §7§8I §8➡§b §bII
23:52:03 
23:52:03 §f                                  §r§6§lREWARDS
23:52:03 §f                         §r§8+§r§a2 Fire Eel §r§b✯ Magic Find
23:52:03 §f                          §r§8+§r§a2 Fire Eel §r§c❁ Strength
23:52:03 §f                             §r§8+§r§62% §r§aFire Eel §r§7coins
23:52:03 §f                    §r§8+§r§a50% §r§7chance for extra XP orbs
23:52:03 §f                               §r§8+§r§b1 SkyBlock XP
23:52:03 
23:52:03 §3§l▬▬▬▬▬▬▬▬▬▬▬▬▬▬▬▬▬▬▬▬▬▬▬▬▬▬▬▬▬▬▬▬▬▬▬▬▬▬▬▬▬▬▬▬▬▬▬▬▬▬▬▬▬▬▬▬▬▬▬▬▬▬▬▬
00:01:47 §f                                  §6§lBESTIARY
00:01:47 §f                             §b§lFire Eel §7§8II §8➡§b §bIII
00:01:47 
00:01:47 §f                                  §r§6§lREWARDS
00:01:47 §f                         §r§8+§r§a2 Fire Eel §r§b✯ Magic Find
00:01:47 §f                          §r§8+§r§a2 Fire Eel §r§c❁ Strength
00:01:47 §f                             §r§8+§r§62% §r§aFire Eel §r§7coins
00:01:47 §f                    §r§8+§r§a50% §r§7chance for extra XP orbs
00:01:47 §f                               §r§8+§r§b1 SkyBlock XP
00:01:47 
00:01:47 §3§l▬▬▬▬▬▬▬▬▬▬▬▬▬▬▬▬▬▬▬▬▬▬▬▬▬▬▬▬▬▬▬▬▬▬▬▬▬▬▬▬▬▬▬▬▬▬▬▬▬▬▬▬▬▬▬▬▬▬▬▬▬▬▬▬
00:54:10 §f                                  §6§lBESTIARY
00:54:10 §f                             §b§lFire Eel §7§8III §8➡§b §bIV
00:54:10 
00:54:10 §f                                  §r§6§lREWARDS
00:54:10 §f                         §r§8+§r§a2 Fire Eel §r§b✯ Magic Find
00:54:10 §f                          §r§8+§r§a2 Fire Eel §r§c❁ Strength
00:54:10 §f                             §r§8+§r§62% §r§aFire Eel §r§7coins
00:54:10 §f                    §r§8+§r§a50% §r§7chance for extra XP orbs
00:54:10 §f                               §r§8+§r§b1 SkyBlock XP
00:54:10 
00:54:10 §3§l▬▬▬▬▬▬▬▬▬▬▬▬▬▬▬▬▬▬▬▬▬▬▬▬▬▬▬▬▬▬▬▬▬▬▬▬▬▬▬▬▬▬▬▬▬▬▬▬▬▬▬▬▬▬▬▬▬▬▬▬▬▬▬▬
01:24:20 §f                                  §6§lBESTIARY
01:24:20 §f                          §b§lMagma Slug §7§8VIII §8➡§b §bIX
01:24:20 
01:24:20 §f                                  §r§6§lREWARDS
01:24:20 §f                       §r§8+§r§a3 Magma Slug §r§b✯ Magic Find
01:24:20 §f                        §r§8+§r§a3 Magma Slug §r§c❁ Strength
01:24:20 §f                           §r§8+§r§62% §r§aMagma Slug §r§7coins
01:24:20 §f                    §r§8+§r§a50% §r§7chance for extra XP orbs
01:24:20 §f                               §r§8+§r§b1 SkyBlock XP
01:24:20 
01:24:20 §3§l▬▬▬▬▬▬▬▬▬▬▬▬▬▬▬▬▬▬▬▬▬▬▬▬▬▬▬▬▬▬▬▬▬▬▬▬▬▬▬▬▬▬▬▬▬▬▬▬▬▬▬▬▬▬▬▬▬▬▬▬▬▬▬▬
