09:51:31 §bNew day! §r§eYour §r§2Sky Mall §r§ebuff changed!
09:51:31 §eNew buff§r§r§r: §r§fGain §r§a+15% §r§fmore Powder while mining.
09:51:31 §8§oYou can disable this messaging by toggling Sky Mall in your /hotm!
10:14:53 §bNew day! §r§eYour §r§2Sky Mall §r§ebuff changed!
10:14:53 §eNew buff§r§r§r: §r§fReduce Pickaxe Ability cooldown by §r§a20%§r§f.
10:14:53 §8§oYou can disable this messaging by toggling Sky Mall in your /hotm!
10:34:54 §bNew day! §r§eYour §r§2Sky Mall §r§ebuff changed!
10:34:54 §eNew buff§r§r§r: §r§fGain §r§a+15% §r§fmore Powder while mining.
10:34:54 §8§oYou can disable this messaging by toggling Sky Mall in your /hotm!
10:54:54 §bNew day! §r§eYour §r§2Sky Mall §r§ebuff changed!
10:54:54 §eNew buff§r§r§r: §r§fGain §r§a+15% §r§fmore Powder while mining.
10:54:54 §8§oYou can disable this messaging by toggling Sky Mall in your /hotm!
11:14:53 §bNew day! §r§eYour §r§2Sky Mall §r§ebuff changed!
11:14:53 §eNew buff§r§r§r: §r§fGain §r§a+15% §r§fmore Powder while mining.
11:14:53 §8§oYou can disable this messaging by toggling Sky Mall in your /hotm!
11:34:58 §bNew day! §r§eYour §r§2Sky Mall §r§ebuff changed!
11:34:58 §eNew buff§r§r§r: §r§fGain §r§a+50 §r§6☘ Mining Fortune§r§f.
11:34:58 §8§oYou can disable this messaging by toggling Sky Mall in your /hotm!
11:54:53 §bNew day! §r§eYour §r§2Sky Mall §r§ebuff changed!
11:54:53 §eNew buff§r§r§r: §r§fGain §r§a+15% §r§fmore Powder while mining.
11:54:53 §8§oYou can disable this messaging by toggling Sky Mall in your /hotm!
14:08:56 §bNew day! §r§eYour §r§2Sky Mall §r§ebuff changed!
14:08:56 §eNew buff§r§r§r: §r§fGain §r§a+50 §r§6☘ Mining Fortune§r§f.
14:08:56 §8§oYou can disable this messaging by toggling Sky Mall in your /hotm!
14:14:54 §bNew day! §r§eYour §r§2Sky Mall §r§ebuff changed!
14:14:54 §eNew buff§r§r§r: §r§fReduce Pickaxe Ability cooldown by §r§a20%§r§f.
14:14:54 §8§oYou can disable this messaging by toggling Sky Mall in your /hotm!
15:34:55 §bNew day! §r§eYour §r§2Sky Mall §r§ebuff changed!
15:34:55 §eNew buff§r§r§r: §r§fGain §r§a+15% §r§fmore Powder while mining.
15:34:55 §8§oYou can disable this messaging by toggling Sky Mall in your /hotm!
15:54:55 §bNew day! §r§eYour §r§2Sky Mall §r§ebuff changed!
15:54:55 §eNew buff§r§r§r: §r§f§r§a10x §r§fchance to find Golden and Diamond Goblins.
15:54:55 §8§oYou can disable this messaging by toggling Sky Mall in your /hotm!
16:14:55 §bNew day! §r§eYour §r§2Sky Mall §r§ebuff changed!
16:14:55 §eNew buff§r§r§r: §r§fReduce Pickaxe Ability cooldown by §r§a20%§r§f.
16:14:55 §8§oYou can disable this messaging by toggling Sky Mall in your /hotm!
16:34:55 §bNew day! §r§eYour §r§2Sky Mall §r§ebuff changed!
16:34:55 §eNew buff§r§r§r: §r§fGain §r§a+15% §r§fmore Powder while mining.
16:34:55 §8§oYou can disable this messaging by toggling Sky Mall in your /hotm!
16:54:55 §bNew day! §r§eYour §r§2Sky Mall §r§ebuff changed!
16:54:55 §eNew buff§r§r§r: §r§fGain §r§a5x §r§9Titanium §r§fdrops
16:54:55 §8§oYou can disable this messaging by toggling Sky Mall in your /hotm!
17:14:54 §bNew day! §r§eYour §r§2Sky Mall §r§ebuff changed!
17:14:54 §eNew buff§r§r§r: §r§fGain §r§a+50 §r§6☘ Mining Fortune§r§f.
17:14:54 §8§oYou can disable this messaging by toggling Sky Mall in your /hotm!
17:34:55 §bNew day! §r§eYour §r§2Sky Mall §r§ebuff changed!
17:34:55 §eNew buff§r§r§r: §r§fGain §r§a+15% §r§fmore Powder while mining.
17:34:55 §8§oYou can disable this messaging by toggling Sky Mall in your /hotm!
17:54:56 §bNew day! §r§eYour §r§2Sky Mall §r§ebuff changed!
17:54:56 §eNew buff§r§r§r: §r§fGain §r§a+100 §r§6⸕ Mining Speed§r§f.
17:54:56 §8§oYou can disable this messaging by toggling Sky Mall in your /hotm!
18:54:54 §bNew day! §r§eYour §r§2Sky Mall §r§ebuff changed!
18:54:54 §eNew buff§r§r§r: §r§f§r§a10x §r§fchance to find Golden and Diamond Goblins.
18:54:54 §8§oYou can disable this messaging by toggling Sky Mall in your /hotm!
19:14:54 §bNew day! §r§eYour §r§2Sky Mall §r§ebuff changed!
19:14:54 §eNew buff§r§r§r: §r§fReduce Pickaxe Ability cooldown by §r§a20%§r§f.
19:14:54 §8§oYou can disable this messaging by toggling Sky Mall in your /hotm!
19:34:55 §bNew day! §r§eYour §r§2Sky Mall §r§ebuff changed!
19:34:55 §eNew buff§r§r§r: §r§fGain §r§a+100 §r§6⸕ Mining Speed§r§f.
19:34:55 §8§oYou can disable this messaging by toggling Sky Mall in your /hotm!
19:58:34 §bNew day! §r§eYour §r§2Sky Mall §r§ebuff changed!
19:58:34 §eNew buff§r§r§r: §r§fGain §r§a+100 §r§6⸕ Mining Speed§r§f.
19:58:34 §8§oYou can disable this messaging by toggling Sky Mall in your /hotm!
20:14:55 §bNew day! §r§eYour §r§2Sky Mall §r§ebuff changed!
20:14:55 §eNew buff§r§r§r: §r§fGain §r§a+15% §r§fmore Powder while mining.
20:14:55 §8§oYou can disable this messaging by toggling Sky Mall in your /hotm!
20:34:55 §bNew day! §r§eYour §r§2Sky Mall §r§ebuff changed!
20:34:55 §eNew buff§r§r§r: §r§fGain §r§a+50 §r§6☘ Mining Fortune§r§f.
20:34:55 §8§oYou can disable this messaging by toggling Sky Mall in your /hotm!
20:54:55 §bNew day! §r§eYour §r§2Sky Mall §r§ebuff changed!
20:54:55 §eNew buff§r§r§r: §r§fGain §r§a+15% §r§fmore Powder while mining.
20:54:55 §8§oYou can disable this messaging by toggling Sky Mall in your /hotm!
21:14:55 §bNew day! §r§eYour §r§2Sky Mall §r§ebuff changed!
21:14:55 §eNew buff§r§r§r: §r§fGain §r§a+100 §r§6⸕ Mining Speed§r§f.
21:14:55 §8§oYou can disable this messaging by toggling Sky Mall in your /hotm!
21:34:56 §bNew day! §r§eYour §r§2Sky Mall §r§ebuff changed!
21:34:56 §eNew buff§r§r§r: §r§fGain §r§a+15% §r§fmore Powder while mining.
21:34:56 §8§oYou can disable this messaging by toggling Sky Mall in your /hotm!
21:54:56 §bNew day! §r§eYour §r§2Sky Mall §r§ebuff changed!
21:54:56 §eNew buff§r§r§r: §r§fGain §r§a+100 §r§6⸕ Mining Speed§r§f.
21:54:56 §8§oYou can disable this messaging by toggling Sky Mall in your /hotm!
22:14:55 §bNew day! §r§eYour §r§2Sky Mall §r§ebuff changed!
22:14:55 §eNew buff§r§r§r: §r§f§r§a10x §r§fchance to find Golden and Diamond Goblins.
22:14:55 §8§oYou can disable this messaging by toggling Sky Mall in your /hotm!
22:35:01 §bNew day! §r§eYour §r§2Sky Mall §r§ebuff changed!
22:35:01 §eNew buff§r§r§r: §r§fGain §r§a+50 §r§6☘ Mining Fortune§r§f.
22:35:01 §8§oYou can disable this messaging by toggling Sky Mall in your /hotm!
22:55:01 §bNew day! §r§eYour §r§2Sky Mall §r§ebuff changed!
22:55:01 §eNew buff§r§r§r: §r§fGain §r§a+100 §r§6⸕ Mining Speed§r§f.
22:55:01 §8§oYou can disable this messaging by toggling Sky Mall in your /hotm!
23:15:02 §bNew day! §r§eYour §r§2Sky Mall §r§ebuff changed!
23:15:02 §eNew buff§r§r§r: §r§fReduce Pickaxe Ability cooldown by §r§a20%§r§f.
23:15:02 §8§oYou can disable this messaging by toggling Sky Mall in your /hotm!
23:35:01 §bNew day! §r§eYour §r§2Sky Mall §r§ebuff changed!
23:35:01 §eNew buff§r§r§r: §r§fGain §r§a5x §r§9Titanium §r§fdrops
23:35:01 §8§oYou can disable this messaging by toggling Sky Mall in your /hotm!
23:55:01 §bNew day! §r§eYour §r§2Sky Mall §r§ebuff changed!
23:55:01 §eNew buff§r§r§r: §r§f§r§a10x §r§fchance to find Golden and Diamond Goblins.
23:55:01 §8§oYou can disable this messaging by toggling Sky Mall in your /hotm!
00:15:01 §bNew day! §r§eYour §r§2Sky Mall §r§ebuff changed!
00:15:01 §eNew buff§r§r§r: §r§fGain §r§a+50 §r§6☘ Mining Fortune§r§f.
00:15:01 §8§oYou can disable this messaging by toggling Sky Mall in your /hotm!
00:35:03 §bNew day! §r§eYour §r§2Sky Mall §r§ebuff changed!
00:35:03 §eNew buff§r§r§r: §r§fGain §r§a+15% §r§fmore Powder while mining.
00:35:03 §8§oYou can disable this messaging by toggling Sky Mall in your /hotm!
00:55:02 §bNew day! §r§eYour §r§2Sky Mall §r§ebuff changed!
00:55:02 §eNew buff§r§r§r: §r§fGain §r§a+50 §r§6☘ Mining Fortune§r§f.
00:55:02 §8§oYou can disable this messaging by toggling Sky Mall in your /hotm!
01:15:01 §bNew day! §r§eYour §r§2Sky Mall §r§ebuff changed!
01:15:01 §eNew buff§r§r§r: §r§fGain §r§a+15% §r§fmore Powder while mining.
01:15:01 §8§oYou can disable this messaging by toggling Sky Mall in your /hotm!
