20:34:25 §e[SkyHanni] §aSkyHanni found a new update: 0.27 Beta 4. Check §b/sh download update §afor more info.§r
20:48:06 §e[SkyHanni] §cYour Fuel is low!§r
20:48:06 §e[SkyHanni] §9Seymour §eis visiting your garden!§r
20:48:06 §e[SkyHanni] §aRyu §eis visiting your garden!§r
20:48:06 §e[SkyHanni] §aGuy §eis visiting your garden!§r
20:48:06 §e[SkyHanni] §6Pest Wrangler? §eis visiting your garden!§r
20:48:06 §e[SkyHanni] §aLibrarian §eis visiting your garden!§r
20:55:40 §e[SkyHanni] §9Gwendolyn §eis visiting your garden!§r
21:01:56 §e[SkyHanni] §aTrevor §eis visiting your garden!§r
21:01:59 §e[SkyHanni] Loaded Melon milestone data from tab list!§r
21:05:10 §e[SkyHanni] §aGuy §eis visiting your garden!§r
21:08:18 §e[SkyHanni] §aAdventurer §eis visiting your garden!§r
21:11:18 §e[SkyHanni] §aWeaponsmith §eis visiting your garden!§r
21:14:27 §e[SkyHanni] §aLibrarian §eis visiting your garden!§r
21:31:12 §e[SkyHanni] Started tracking your Jacob Contest Blocks Per Second!§r
21:31:31 §e[SkyHanni] Loaded Wheat milestone data from tab list!§r
21:32:49 §e[SkyHanni] §aAlchemist §eis visiting your garden!§r
21:34:50 §e[SkyHanni] Stats for Potato Contest:§r
21:34:50 §e[SkyHanni] §7Blocks Broken in total: §e0§r
21:34:50 §e[SkyHanni] §7Average Blocks Per Second: §a0.0§r
21:34:50 §e[SkyHanni] §7Participated for §b3m 38s§r
21:37:20 §e[SkyHanni] §9Emissary Sisko §eis visiting your garden!§r
21:40:26 §e[SkyHanni] §aFear Mongerer §eis visiting your garden!§r
21:43:26 §e[SkyHanni] §dMaeve §eis visiting your garden!§r
21:46:33 §e[SkyHanni] §9Lumina §eis visiting your garden!§r
21:49:45 §e[SkyHanni] §6Madame Eleanor Q. Goldsworth III §eis visiting your garden!§r
21:52:15 §e[SkyHanni] §lCLICK HERE§r§e to grab §ax11 §9§aEnchanted Golden Carrot§e from sacks!§r
21:53:58 §e[SkyHanni] §lCLICK HERE§r§e to grab §ax6 §9§aEnchanted Golden Carrot§e from sacks!§r
21:56:57 §e[SkyHanni] §aGuy §eis visiting your garden!§r
22:00:23 §e[SkyHanni] §fYou were in Limbo for §e4s§f.§r
22:05:54 §e[SkyHanni] §b+5 SkyBlock XP §7(Garden Plot§7)§b (36/100)§r
22:05:56 §e[SkyHanni] §aTerry §eis visiting your garden!§r
22:11:00 §e[SkyHanni] §6Pest Wrangler? §eis visiting your garden!§r
22:13:56 §a§lPotion Effect! §r§6Harvest Harbinger V§r
22:15:02 §e[SkyHanni] Started tracking your Jacob Contest Blocks Per Second!§r
22:15:41 §e[SkyHanni] §9Tammy §eis visiting your garden!§r
22:18:44 §e[SkyHanni] §aShaggy §eis visiting your garden!§r
22:21:44 §e[SkyHanni] §aStella §eis visiting your garden!§r
22:24:47 §e[SkyHanni] §aFriendly Hiker §eis visiting your garden!§r
22:35:02 §e[SkyHanni] Stats for Melon Contest:§r
22:35:02 §e[SkyHanni] §7Blocks Broken in total: §e23,496§r
22:35:02 §e[SkyHanni] §7Average Blocks Per Second: §c19.6§r
22:35:02 §e[SkyHanni] §7Participated for §b19m 59s§r
22:35:03 §e[SkyHanni] §cYour Organic Matter is low!§r
22:35:13 §e[SkyHanni] This is §66.0☘ Melon Fortune §emore than previously!§r
22:38:08 §e[SkyHanni] §7Your spray on §aPlot §7- §b13 §7expired.§r
22:38:12 §e[SkyHanni] §7Your spray on §aPlot §7- §b5 §7expired.§r
22:38:15 §e[SkyHanni] §7Your spray on §aPlot §7- §b2 §7expired.§r
22:38:19 §e[SkyHanni] §7Your spray on §aPlot §7- §b7 §7expired.§r
22:38:24 §e[SkyHanni] §7Your spray on §aPlot §7- §b19 §7expired.§r
22:42:00 §e[SkyHanni] Located a Tungsten Corpse and marked its location with a waypoint.§r
22:42:46 §e[SkyHanni] Located a Tungsten Corpse and marked its location with a waypoint.§r
22:42:51 §e[SkyHanni] Located a Lapis Corpse and marked its location with a waypoint.§r
22:42:54 §e[SkyHanni] §b+1 SkyBlock XP §7(HOTM Progression§7)§b (48/100)§r
22:42:56 §e[SkyHanni] Profit for §9Lapis Corpse§e: §689k§r
22:45:42 §e[SkyHanni] §cYour Organic Matter is low!§r
22:45:57 §e[SkyHanni] §9Zog §eis visiting your garden!§r
22:54:58 §e[SkyHanni] §aLeo §eis visiting your garden!§r
23:02:27 §e[SkyHanni] §cYour Time Tower just expired and has 2 charges remaining. Click here to use one.§r
23:03:18 §e[SkyHanni] §cCan not read Crop Fortune from tab list! Open /widget, enable the Stats Widget and show latest Crop Fortune, also give the widget enough priority.§r
23:03:58 §e[SkyHanni] §aGuy §eis visiting your garden!§r
23:10:59 §e[SkyHanni] Loaded Cactus milestone data from tab list!§r
23:12:05 §e[SkyHanni] §aTerry §eis visiting your garden!§r
23:15:02 §e[SkyHanni] Started tracking your Jacob Contest Blocks Per Second!§r
23:15:39 §e[SkyHanni] §aStella §eis visiting your garden!§r
23:19:30 §e[SkyHanni] §9Grandma Wolf §eis visiting your garden!§r
23:22:59 §e[SkyHanni] §aDuke §eis visiting your garden!§r
23:26:29 §e[SkyHanni] §aEmissary Fraiser §eis visiting your garden!§r
23:35:02 §e[SkyHanni] Stats for Cactus Contest:§r
23:35:02 §e[SkyHanni] §7Blocks Broken in total: §e19,483§r
23:35:02 §e[SkyHanni] §7Average Blocks Per Second: §a16.25§r
23:35:02 §e[SkyHanni] §7Participated for §b19m 59s§r
23:35:14 §e[SkyHanni] This is §65.23☘ Cactus Fortune §emore than previously!§r
23:36:44 §e[SkyHanni] §b+40 SkyBlock XP §7(Skill Level Up§7)§b (89/100)§r
23:38:22 §e[SkyHanni] §aJacob §eis visiting your garden!§r
00:10:44 §e[SkyHanni] §b+2 SkyBlock XP §7(Carnival Perks Shop§7)§b (91/100)§r
00:10:45 §e[SkyHanni] §b+2 SkyBlock XP §7(Carnival Perks Shop§7)§b (93/100)§r
00:10:46 §e[SkyHanni] §b+3 SkyBlock XP §7(Carnival Perks Shop§7)§b (96/100)§r
00:10:47 §e[SkyHanni] §b+5 SkyBlock XP §7(Carnival Perks Shop§7)§b (1/100)§r
00:10:48 §e[SkyHanni] §b+7 SkyBlock XP §7(Carnival Perks Shop§7)§b (8/100)§r
00:11:30 §e[SkyHanni] §b+2 SkyBlock XP §7(Carnival Perks Shop§7)§b (10/100)§r
00:11:31 §e[SkyHanni] §b+2 SkyBlock XP §7(Carnival Perks Shop§7)§b (12/100)§r
00:11:32 §e[SkyHanni] §b+3 SkyBlock XP §7(Carnival Perks Shop§7)§b (15/100)§r
00:11:32 §e[SkyHanni] §b+5 SkyBlock XP §7(Carnival Perks Shop§7)§b (20/100)§r
00:11:33 §e[SkyHanni] §b+7 SkyBlock XP §7(Carnival Perks Shop§7)§b (27/100)§r
00:20:59 §e[SkyHanni] §b+2 SkyBlock XP §7(Carnival Perks Shop§7)§b (29/100)§r
00:34:15 §e[SkyHanni] §b+2 SkyBlock XP §7(Carnival Perks Shop§7)§b (31/100)§r
00:34:29 §e[SkyHanni] §b+2 SkyBlock XP §7(Carnival Perks Shop§7)§b (33/100)§r
00:34:30 §e[SkyHanni] §b+2 SkyBlock XP §7(Carnival Perks Shop§7)§b (35/100)§r
00:34:31 §e[SkyHanni] §b+3 SkyBlock XP §7(Carnival Perks Shop§7)§b (38/100)§r
00:54:41 §e[SkyHanni] §fYou were in Limbo for §e53s§f.§r
