21:28:19 Visitor status change for '§aTom': NEW -> WAITING (tooltipMissingItems)
21:28:22 Visitor status change for '§aTom': WAITING -> REFUSED (refused)
21:28:23 Visitor status change for '§aFisherman': NEW -> WAITING (tooltipMissingItems)
21:28:26 Visitor status change for '§aFisherman': WAITING -> REFUSED (refused)
21:28:27 Visitor status change for '§aDuke': NEW -> WAITING (tooltipMissingItems)
21:28:31 Visitor status change for '§aDuke': WAITING -> REFUSED (refused)
21:28:33 Visitor status change for '§aHungry Hiker': NEW -> WAITING (tooltipMissingItems)
21:28:37 Visitor status change for '§aHungry Hiker': WAITING -> REFUSED (refused)
21:28:38 Visitor status change for '§9Tia the Fairy': NEW -> WAITING (tooltipMissingItems)
21:29:04 Visitor status change for '§9Tia the Fairy': WAITING -> READY (hasItems)
21:29:05 Visitor status change for '§9Tia the Fairy': READY -> ACCEPTED (accepted)
00:01:37 Visitor status change for '§9Seymour': NEW -> WAITING (tooltipMissingItems)
00:01:46 Visitor status change for '§6Jerry': NEW -> WAITING (tooltipMissingItems)
00:01:56 Visitor status change for '§aRyu': NEW -> WAITING (tooltipMissingItems)
00:01:58 Visitor status change for '§aLibrarian': NEW -> WAITING (tooltipMissingItems)
00:02:00 Visitor status change for '§aLynn': NEW -> WAITING (tooltipMissingItems)
00:16:43 Visitor status change for '§aLynn': WAITING -> READY (hasItems)
00:16:46 Visitor status change for '§aLynn': READY -> WAITING (noLongerHasItems)
00:16:49 Visitor status change for '§aLynn': WAITING -> READY (hasItems)
00:17:11 Visitor status change for '§6Jerry': WAITING -> READY (tooltipClickToGive)
00:17:11 Visitor status change for '§6Jerry': READY -> WAITING (noLongerHasItems)
00:17:14 Visitor status change for '§6Jerry': WAITING -> READY (hasItems)
00:17:15 Visitor status change for '§6Jerry': READY -> ACCEPTED (accepted)
00:17:19 Visitor status change for '§aLynn': READY -> ACCEPTED (accepted)
00:17:29 Visitor status change for '§9Rusty': NEW -> WAITING (tooltipMissingItems)
00:17:34 Visitor status change for '§9Rusty': WAITING -> REFUSED (refused)
00:17:41 Visitor status change for '§aRyu': WAITING -> REFUSED (refused)
00:17:45 Visitor status change for '§aLibrarian': WAITING -> REFUSED (refused)
00:17:47 Visitor status change for '§9Seymour': WAITING -> REFUSED (refused)
00:54:39 Visitor status change for '§aTom': NEW -> WAITING (tooltipMissingItems)
00:54:41 Visitor status change for '§aDuke': NEW -> WAITING (tooltipMissingItems)
00:54:43 Visitor status change for '§aFear Mongerer': NEW -> WAITING (tooltipMissingItems)
