22:44:54 Trying to load config from config\skyhanni\config.json
22:44:54 load-config-now
22:44:55 Loaded config from file
22:44:55 Trying to load sacks from config\skyhanni\sacks.json
22:44:55 load-sacks-now
22:44:55 Loaded sacks from file
22:44:55 Trying to load friends from config\skyhanni\friends.json
22:44:55 load-friends-now
22:44:55 Loaded friends from file
22:44:55 Trying to load known_features from config\skyhanni\known_features.json
22:44:55 load-known_features-now
22:44:55 Loaded known_features from file
22:44:55 Trying to load jacob_contests from config\skyhanni\jacob_contests.json
22:44:55 load-jacob_contests-now
22:44:55 Loaded jacob_contests from file
22:44:55 Trying to load visual_words from config\skyhanni\visual_words.json
22:44:55 Setting visual_words to be blank as it did not exist. It will be saved once something is written to it
22:45:45 saveConfig: Updated known feature flags
22:45:45 Saving known_features file
22:45:55 saveConfig: auto-save-60s
22:45:55 Saving config file
22:46:55 saveConfig: auto-save-60s
22:46:55 Saving config file
22:47:19 saveConfig: shutdown-hook
22:47:19 Saving config file
