12:03:43 Visitor status change for '§aHungry Hiker': NEW -> WAITING (tooltipMissingItems)
12:03:49 Visitor status change for '§aHungry Hiker': WAITING -> REFUSED (refused)
12:03:50 Visitor status change for '§9Vinyl Collector': NEW -> WAITING (tooltipMissingItems)
12:04:31 Visitor status change for '§aPlumber Joe': NEW -> WAITING (tooltipMissingItems)
12:04:37 Visitor status change for '§aPlumber Joe': WAITING -> REFUSED (refused)
12:04:39 Visitor status change for '§aTerry': NEW -> WAITING (tooltipMissingItems)
12:04:44 Visitor status change for '§aTerry': WAITING -> REFUSED (refused)
12:04:45 Visitor status change for '§aLiam': NEW -> WAITING (tooltipMissingItems)
12:04:49 Visitor status change for '§aLiam': WAITING -> REFUSED (refused)
12:06:08 Visitor status change for '§9Vinyl Collector': WAITING -> READY (hasItems)
12:06:14 Visitor status change for '§9Vinyl Collector': READY -> ACCEPTED (accepted)
12:07:02 Visitor status change for '§9Rusty': NEW -> WAITING (tooltipMissingItems)
12:07:07 Visitor status change for '§9Rusty': WAITING -> REFUSED (refused)
13:30:25 Visitor status change for '§aPest Wrangler': NEW -> WAITING (tooltipMissingItems)
13:30:25 Visitor status change for '§aPest Wrangler': WAITING -> READY (hasItems)
13:30:32 Visitor status change for '§aPest Wrangler': READY -> ACCEPTED (accepted)
13:30:34 Visitor status change for '§aFisherman': NEW -> WAITING (tooltipMissingItems)
13:30:35 Visitor status change for '§aFarmhand': NEW -> WAITING (tooltipMissingItems)
13:30:37 Visitor status change for '§aJamie': NEW -> WAITING (tooltipMissingItems)
13:30:38 Visitor status change for '§9Gwendolyn': NEW -> WAITING (tooltipMissingItems)
13:30:48 Visitor status change for '§9Gwendolyn': WAITING -> REFUSED (refused)
13:30:52 Visitor status change for '§aJamie': WAITING -> REFUSED (refused)
13:31:02 Visitor status change for '§aFisherman': WAITING -> REFUSED (refused)
13:31:04 Visitor status change for '§aFarmhand': WAITING -> REFUSED (refused)
20:27:50 Visitor status change for '§aGuy': NEW -> WAITING (tooltipMissingItems)
20:27:54 Visitor status change for '§aGuy': WAITING -> REFUSED (refused)
20:27:55 Visitor status change for '§9Bartender': NEW -> WAITING (tooltipMissingItems)
20:27:58 Visitor status change for '§9Bartender': WAITING -> REFUSED (refused)
20:27:59 Visitor status change for '§aLiam': NEW -> WAITING (tooltipMissingItems)
20:28:03 Visitor status change for '§aLiam': WAITING -> REFUSED (refused)
20:28:04 Visitor status change for '§aRhys': NEW -> WAITING (tooltipMissingItems)
20:28:06 Visitor status change for '§aRhys': WAITING -> REFUSED (refused)
20:28:07 Visitor status change for '§aFarmhand': NEW -> WAITING (tooltipMissingItems)
20:28:09 Visitor status change for '§aFarmhand': WAITING -> REFUSED (refused)
21:01:15 Visitor status change for '§6Jerry': NEW -> WAITING (tooltipMissingItems)
21:01:43 Visitor status change for '§6Jerry': WAITING -> READY (hasItems)
21:01:47 Visitor status change for '§6Jerry': READY -> ACCEPTED (accepted)
21:01:49 Visitor status change for '§aFriendly Hiker': NEW -> WAITING (tooltipMissingItems)
21:01:53 Visitor status change for '§aFriendly Hiker': WAITING -> REFUSED (refused)
21:01:54 Visitor status change for '§aDuke': NEW -> WAITING (tooltipMissingItems)
21:01:56 Visitor status change for '§aDuke': WAITING -> REFUSED (refused)
23:18:55 Visitor status change for '§aVex': NEW -> WAITING (tooltipMissingItems)
23:19:01 Visitor status change for '§aVex': WAITING -> REFUSED (refused)
23:19:02 Visitor status change for '§aWeaponsmith': NEW -> WAITING (tooltipMissingItems)
23:19:07 Visitor status change for '§aWeaponsmith': WAITING -> REFUSED (refused)
23:19:08 Visitor status change for '§aAdventurer': NEW -> WAITING (tooltipMissingItems)
23:19:12 Visitor status change for '§aAdventurer': WAITING -> REFUSED (refused)
23:19:13 Visitor status change for '§aAndrew': NEW -> WAITING (tooltipMissingItems)
23:19:15 Visitor status change for '§aAndrew': WAITING -> REFUSED (refused)
23:19:16 Visitor status change for '§aLibrarian': NEW -> WAITING (tooltipMissingItems)
23:19:23 Visitor status change for '§aLibrarian': WAITING -> REFUSED (refused)
