12:03:55 Removed old visitor: '§aHungry Hiker'
12:04:43 Removed old visitor: '§aPlumber Joe'
12:04:49 Removed old visitor: '§aTerry'
12:04:55 Removed old visitor: '§aLiam'
12:06:19 Removed old visitor: '§9Vinyl Collector'
12:07:10 Removed old visitor: '§9Rusty'
13:30:38 Removed old visitor: '§aPest Wrangler'
13:30:53 Removed old visitor: '§9Gwendolyn'
13:30:56 Removed old visitor: '§aJamie'
13:31:05 Removed old visitor: '§aFisherman'
13:31:08 Removed old visitor: '§aFarmhand'
20:27:58 Removed old visitor: '§aGuy'
20:28:04 Removed old visitor: '§9Bartender'
20:28:07 Removed old visitor: '§aLiam'
20:28:10 Removed old visitor: '§aFarmhand'
20:28:10 Removed old visitor: '§aRhys'
20:28:13 Removed old visitor: '§aFarmhand'
21:01:53 Removed old visitor: '§6Jerry'
21:01:59 Removed old visitor: '§aFriendly Hiker'
21:02:02 Removed old visitor: '§aDuke'
23:19:05 Removed old visitor: '§aVex'
23:19:11 Removed old visitor: '§aWeaponsmith'
23:19:17 Removed old visitor: '§aAdventurer'
23:19:20 Removed old visitor: '§aAndrew'
23:19:29 Removed old visitor: '§aLibrarian'
