20:35:55 `zx1lj4z4tm`237 missed {
 is already Found: false).
 Position: LorenzVec{x=-2.5, y=149.0, z=-68.5}
 DistanceC: 19.891753656781933
Relative Position: LorenzVec{x=19.891753656781933, y=-2.0, z=-19.68597821474814}
 }
20:36:56 `9yo82xif50`162 missed {
 is already Found: false).
 Position: LorenzVec{x=-6.5, y=145.0, z=-18.5}
 DistanceC: 23.85031340906214
Relative Position: LorenzVec{x=11.477391178135445, y=-6.5, z=23.85031340906214}
 }
20:39:21 `9yo82xif50`162 missed {
 is already Found: false).
 Position: LorenzVec{x=-6.5, y=145.0, z=-18.5}
 DistanceC: 13.221049951044947
Relative Position: LorenzVec{x=8.287988530573989, y=-9.50196419743125, z=13.221049951044947}
 }
20:43:37 `9yo82xif50`162 missed {
 is already Found: false).
 Position: LorenzVec{x=-6.5, y=145.0, z=-18.5}
 DistanceC: 19.018223798832153
Relative Position: LorenzVec{x=-8.348525125859092, y=-3.9412000391721733, z=19.018223798832153}
 }
20:44:47 `9yo82xif50`162 missed {
 is already Found: false).
 Position: LorenzVec{x=-6.5, y=145.0, z=-18.5}
 DistanceC: 17.121987574432914
Relative Position: LorenzVec{x=17.121987574432914, y=-4.132993659646473, z=-0.502265893354334}
 }
20:45:08 `9yo82xif50`162 missed {
 is already Found: false).
 Position: LorenzVec{x=-6.5, y=145.0, z=-18.5}
 DistanceC: 8.216591278698754
Relative Position: LorenzVec{x=-6.42864564218748, y=-6.131563399211586, z=8.216591278698754}
 }
20:45:24 `5l5f5xi28e`223 missed {
 is already Found: false).
 Position: LorenzVec{x=43.5, y=177.0, z=-41.5}
 DistanceC: 19.72032869029386
Relative Position: LorenzVec{x=13.284327777292553, y=17.49803580256875, z=19.72032869029386}
 }
20:45:56 `9yo82xif50`162 missed {
 is already Found: false).
 Position: LorenzVec{x=-6.5, y=145.0, z=-18.5}
 DistanceC: 4.199999988079073
Relative Position: LorenzVec{x=-4.199999988079073, y=-3.020000010728836, z=-3.1999999880790533}
 }
20:46:40 `9yo82xif50`162 missed {
 is already Found: false).
 Position: LorenzVec{x=-6.5, y=145.0, z=-18.5}
 DistanceC: 16.923824105457527
Relative Position: LorenzVec{x=-4.504146247197443, y=-6.7415745878051325, z=16.923824105457527}
 }
20:47:55 `9yo82xif50`162 missed {
 is already Found: false).
 Position: LorenzVec{x=-6.5, y=145.0, z=-18.5}
 DistanceC: 14.709761620278059
Relative Position: LorenzVec{x=-11.663401334481355, y=-4.578815772674403, z=14.709761620278059}
 }
20:50:29 `afk1edhee4`11709 missed {
 is already Found: false).
 Position: LorenzVec{x=-7.5, y=71.0, z=-6.5}
 DistanceC: 19.342492466371933
Relative Position: LorenzVec{x=-15.725286056867386, y=-9.0, z=19.342492466371933}
 }
20:53:49 `afk1edhee4`11709 missed {
 is already Found: false).
 Position: LorenzVec{x=-7.5, y=71.0, z=-6.5}
 DistanceC: 16.834983395193436
Relative Position: LorenzVec{x=5.309529585633538, y=-21.17693221313013, z=16.834983395193436}
 }
21:51:11 `Bat`14437 missed {
 is already Found: false).
 Position: LorenzVec{x=8.96875, y=86.65625, z=-13.28125}
 DistanceC: 3.8196714132099814
Relative Position: LorenzVec{x=1.4885273159111936, y=14.65625, z=3.8196714132099814}
 }
22:00:09 `afk1edhee4`11709 missed {
 is already Found: false).
 Position: LorenzVec{x=-7.5, y=71.0, z=-6.5}
 DistanceC: 16.67756964575669
Relative Position: LorenzVec{x=-1.7456544598021786, y=-19.779648141934985, z=16.67756964575669}
 }
22:00:12 `i4b42h7cz9`11712 missed {
 is already Found: false).
 Position: LorenzVec{x=-20.5, y=71.0, z=-15.5}
 DistanceC: 14.592620163480637
Relative Position: LorenzVec{x=-14.592620163480637, y=-16.5, z=7.34347952177734}
 }
22:00:12 `m26oubc3ef`11713 missed {
 is already Found: false).
 Position: LorenzVec{x=-22.5, y=71.0, z=-15.5}
 DistanceC: 16.59262016348064
Relative Position: LorenzVec{x=-16.59262016348064, y=-16.5, z=7.34347952177734}
 }
22:00:13 `k729vpj5qb`11722 missed {
 is already Found: false).
 Position: LorenzVec{x=-24.5, y=71.0, z=-14.5}
 DistanceC: 18.59262016348064
Relative Position: LorenzVec{x=-18.59262016348064, y=-16.5, z=8.34347952177734}
 }
22:00:13 `0y39yng8fa`11703 missed {
 is already Found: false).
 Position: LorenzVec{x=-26.5, y=71.0, z=-14.5}
 DistanceC: 20.59262016348064
Relative Position: LorenzVec{x=-20.59262016348064, y=-16.5, z=8.34347952177734}
 }
22:02:28 `x02k39366s`26176 missed {
 is already Found: false).
 Position: LorenzVec{x=-24.5, y=71.0, z=-14.5}
 DistanceC: 21.308131923615484
Relative Position: LorenzVec{x=-21.308131923615484, y=-15.0, z=8.937603559627476}
 }
22:02:28 `e4v293r64e`26177 missed {
 is already Found: false).
 Position: LorenzVec{x=-26.5, y=71.0, z=-14.5}
 DistanceC: 23.308131923615484
Relative Position: LorenzVec{x=-23.308131923615484, y=-15.0, z=8.937603559627476}
 }
22:12:40 `0e8ul2r660`26174 missed {
 is already Found: false).
 Position: LorenzVec{x=-20.5, y=71.0, z=-15.5}
 DistanceC: 20.762192197606893
Relative Position: LorenzVec{x=-13.716984852704137, y=-18.704850106988687, z=20.762192197606893}
 }
22:12:40 `34j8312hiw`26175 missed {
 is already Found: false).
 Position: LorenzVec{x=-22.5, y=71.0, z=-15.5}
 DistanceC: 20.762192197606893
Relative Position: LorenzVec{x=-15.716984852704137, y=-18.704850106988687, z=20.762192197606893}
 }
22:12:40 `x02k39366s`26176 missed {
 is already Found: false).
 Position: LorenzVec{x=-24.5, y=71.0, z=-14.5}
 DistanceC: 21.762192197606893
Relative Position: LorenzVec{x=-17.716984852704137, y=-18.704850106988687, z=21.762192197606893}
 }
22:12:40 `e4v293r64e`26177 missed {
 is already Found: false).
 Position: LorenzVec{x=-26.5, y=71.0, z=-14.5}
 DistanceC: 21.762192197606893
Relative Position: LorenzVec{x=-19.716984852704137, y=-18.704850106988687, z=21.762192197606893}
 }
22:38:52 `8d14u7y28a`235 missed {
 is already Found: false).
 Position: LorenzVec{x=10.0, y=121.0, z=245.0}
 DistanceC: 21.683214395564676
Relative Position: LorenzVec{x=-17.89358670717675, y=3.875, z=-21.683214395564676}
 }
22:40:11 `8d14u7y28a`235 missed {
 is already Found: false).
 Position: LorenzVec{x=10.0, y=121.0, z=245.0}
 DistanceC: 22.701172053663697
Relative Position: LorenzVec{x=-14.157021220097121, y=1.0, z=-22.701172053663697}
 }
22:44:19 `95o50t53l4`235 missed {
 is already Found: false).
 Position: LorenzVec{x=10.0, y=121.0, z=245.0}
 DistanceC: 21.374126995868608
Relative Position: LorenzVec{x=-14.46218852337394, y=3.4534000015258783, z=-21.374126995868608}
 }
22:44:27 `t3m3q42w11`183 missed {
 is already Found: false).
 Position: LorenzVec{x=2.5, y=120.775, z=237.5}
 DistanceC: 13.890947228598748
Relative Position: LorenzVec{x=-9.664887136311613, y=-0.22499999999999432, z=-13.890947228598748}
 }
22:44:33 `chc22grq7y`165 missed {
 is already Found: false).
 Position: LorenzVec{x=-15.25, y=136.43125, z=217.25}
 DistanceC: 18.843227536152675
Relative Position: LorenzVec{x=-18.843227536152675, y=10.48703689597663, z=-0.5305897647048141}
 }
22:44:34 `11iqrwc2bn`236 missed {
 is already Found: false).
 Position: LorenzVec{x=-16.5, y=121.0, z=232.5}
 DistanceC: 20.628711294118872
Relative Position: LorenzVec{x=-20.628711294118872, y=-5.98301735129175, z=9.365669662700896}
 }
22:44:34 `6870xgk3w9`224 missed {
 is already Found: false).
 Position: LorenzVec{x=23.5, y=128.0, z=207.5}
 DistanceC: 19.25235817478007
Relative Position: LorenzVec{x=19.25235817478007, y=1.4980358025687366, z=-16.53737431997564}
 }
22:44:34 `mc0i1n0n51`167 missed {
 is already Found: false).
 Position: LorenzVec{x=15.5, y=128.0, z=206.5}
 DistanceC: 17.644177613255636
Relative Position: LorenzVec{x=11.238292223800055, y=1.8424749952609432, z=-17.644177613255636}
 }
22:45:00 `Villager`171 missed {
 is already Found: false).
 Position: LorenzVec{x=191.0, y=216.0, z=154.0}
 DistanceC: 15.138328388815069
Relative Position: LorenzVec{x=11.178474143409488, y=20.0, z=15.138328388815069}
 }
22:45:00 `n6bwua259d`198 missed {
 is already Found: false).
 Position: LorenzVec{x=181.5, y=196.0, z=135.5}
 DistanceC: 3.3616716111849314
Relative Position: LorenzVec{x=1.6784741434094883, y=0.0, z=-3.3616716111849314}
 }
22:45:13 `nig6r1e7c3`188 missed {
 is already Found: false).
 Position: LorenzVec{x=134.0, y=187.0, z=106.0}
 DistanceC: 15.876135663285112
Relative Position: LorenzVec{x=3.596443189283974, y=0.0, z=15.876135663285112}
 }
22:50:24 `b08p1ss969`23075 missed {
 is already Found: false).
 Position: LorenzVec{x=-26.5, y=71.0, z=-14.5}
 DistanceC: 21.494252372936906
Relative Position: LorenzVec{x=-21.494252372936906, y=-15.5, z=3.9121804488184964}
 }
22:54:07 `88pz76wd1f`23079 missed {
 is already Found: false).
 Position: LorenzVec{x=-20.5, y=71.0, z=-15.5}
 DistanceC: 21.480801987544
Relative Position: LorenzVec{x=-21.480801987544, y=-13.5, z=10.03690487054224}
 }
22:54:07 `d4q973a236`23085 missed {
 is already Found: false).
 Position: LorenzVec{x=-22.5, y=71.0, z=-15.5}
 DistanceC: 23.480801987544
Relative Position: LorenzVec{x=-23.480801987544, y=-13.5, z=10.03690487054224}
 }
22:54:24 `b08p1ss969`23075 missed {
 is already Found: false).
 Position: LorenzVec{x=-26.5, y=71.0, z=-14.5}
 DistanceC: 18.899636295693576
Relative Position: LorenzVec{x=-13.424121270542585, y=-14.0, z=18.899636295693576}
 }
22:54:24 `mhpj911707`23086 missed {
 is already Found: false).
 Position: LorenzVec{x=-24.5, y=71.0, z=-14.5}
 DistanceC: 18.899636295693576
Relative Position: LorenzVec{x=-11.424121270542585, y=-14.0, z=18.899636295693576}
 }
22:55:02 `Villager`24201 missed {
 is already Found: false).
 Position: LorenzVec{x=5.5, y=72.0, z=-17.5}
 DistanceC: 18.575878729457415
Relative Position: LorenzVec{x=18.575878729457415, y=-13.0, z=15.899636295693576}
 }
23:27:21 `Bat`28067 missed {
 is already Found: false).
 Position: LorenzVec{x=70.25, y=73.21875, z=-12.875}
 DistanceC: 19.23750001192093
Relative Position: LorenzVec{x=-19.23750001192093, y=5.21875, z=4.170544356412648}
 }
23:34:17 `Bat`28491 missed {
 is already Found: false).
 Position: LorenzVec{x=108.35416666666666, y=76.20833333333334, z=22.645833333333336}
 DistanceC: 20.352370310052482
Relative Position: LorenzVec{x=-8.133333345254272, y=8.208333333333343, z=20.352370310052482}
 }
23:37:29 `b08p1ss969`23075 missed {
 is already Found: false).
 Position: LorenzVec{x=-26.5, y=71.0, z=-14.5}
 DistanceC: 17.73175459095119
Relative Position: LorenzVec{x=-17.73175459095119, y=-17.0, z=9.477411011596608}
 }
23:42:34 `3o6b08o839`238 missed {
 is already Found: false).
 Position: LorenzVec{x=-51.0, y=72.0, z=-60.5}
 DistanceC: 18.103846520276186
Relative Position: LorenzVec{x=-18.103846520276186, y=1.0, z=17.100339834816637}
 }
23:42:35 `n66p3ew351`239 missed {
 is already Found: false).
 Position: LorenzVec{x=-55.5, y=72.0, z=-56.5}
 DistanceC: 22.603846520276186
Relative Position: LorenzVec{x=-22.603846520276186, y=1.0, z=21.100339834816637}
 }
23:43:04 `Zombie`167465 missed {
 is already Found: false).
 Position: LorenzVec{x=-2.65625, y=69.0, z=9.1875}
 DistanceC: 15.70301775796562
Relative Position: LorenzVec{x=12.33648719778973, y=-19.98301735129175, z=15.70301775796562}
 }
23:43:37 `1gdo4lfsj3`258 missed {
 is already Found: false).
 Position: LorenzVec{x=-64.5, y=70.0, z=-126.5}
 DistanceC: 15.58501560398389
Relative Position: LorenzVec{x=-5.037748439953752, y=-17.132993659646488, z=15.58501560398389}
 }
23:44:13 `3ox295o841`542 missed {
 is already Found: false).
 Position: LorenzVec{x=-107.0, y=73.0, z=-2.0}
 DistanceC: 20.561764295597555
Relative Position: LorenzVec{x=-20.46400301586209, y=2.0, z=20.561764295597555}
 }
23:45:17 `p16n1f15cq`367 missed {
 is already Found: false).
 Position: LorenzVec{x=-59.5, y=89.0, z=-16.5}
 DistanceC: 21.147796107813917
Relative Position: LorenzVec{x=21.147796107813917, y=19.0, z=-9.020486108058018}
 }
23:53:42 `§a2.9s`176187 missed {
 is already Found: false).
 Position: LorenzVec{x=-110.0, y=71.0, z=23.0}
 DistanceC: 9.5
Relative Position: LorenzVec{x=-9.5, y=0.0, z=8.5}
 }
23:53:48 `§a3.0s`176216 missed {
 is already Found: false).
 Position: LorenzVec{x=-96.375, y=72.0, z=29.90625}
 DistanceC: 15.40625
Relative Position: LorenzVec{x=4.125, y=1.0, z=15.40625}
 }
23:53:48 `§a3.0s`176217 missed {
 is already Found: false).
 Position: LorenzVec{x=-116.71875, y=72.0, z=12.0}
 DistanceC: 16.21875
Relative Position: LorenzVec{x=-16.21875, y=1.0, z=-2.5}
 }
23:53:56 `§e2.0s`176322 missed {
 is already Found: false).
 Position: LorenzVec{x=-112.4537037037037, y=72.0, z=24.69020061728395}
 DistanceC: 11.953703703703695
Relative Position: LorenzVec{x=-11.953703703703695, y=1.0, z=10.19020061728395}
 }
23:54:02 `§a3.0s`176351 missed {
 is already Found: false).
 Position: LorenzVec{x=-116.70833333333334, y=72.0, z=13.083333333333332}
 DistanceC: 16.208333333333343
Relative Position: LorenzVec{x=-16.208333333333343, y=1.0, z=-1.4166666666666679}
 }
23:54:02 `§e2.0s`176356 missed {
 is already Found: false).
 Position: LorenzVec{x=-110.78125, y=71.0, z=22.21875}
 DistanceC: 10.28125
Relative Position: LorenzVec{x=-10.28125, y=0.0, z=7.71875}
 }
23:54:09 `§a3.0s`176484 missed {
 is already Found: false).
 Position: LorenzVec{x=-112.78125, y=72.0, z=24.364583333333332}
 DistanceC: 12.28125
Relative Position: LorenzVec{x=-12.28125, y=1.0, z=9.864583333333332}
 }
23:54:09 `§a3.0s`176485 missed {
 is already Found: false).
 Position: LorenzVec{x=-115.38541666666667, y=72.0, z=21.75}
 DistanceC: 14.885416666666671
Relative Position: LorenzVec{x=-14.885416666666671, y=1.0, z=7.25}
 }
23:54:09 `§e2.0s`176490 missed {
 is already Found: false).
 Position: LorenzVec{x=-104.39583333333333, y=71.0, z=27.427083333333332}
 DistanceC: 12.927083333333332
Relative Position: LorenzVec{x=-3.8958333333333286, y=0.0, z=12.927083333333332}
 }
23:54:17 `§a3.0s`176630 missed {
 is already Found: false).
 Position: LorenzVec{x=-94.89236111111111, y=72.0, z=30.03125}
 DistanceC: 15.53125
Relative Position: LorenzVec{x=5.607638888888886, y=1.0, z=15.53125}
 }
23:54:17 `§c1.0s`176631 missed {
 is already Found: false).
 Position: LorenzVec{x=-100.30559842249657, y=72.0, z=31.03125}
 DistanceC: 16.53125
Relative Position: LorenzVec{x=0.19440157750342735, y=1.0, z=16.53125}
 }
23:54:17 `§c1.0s`176632 missed {
 is already Found: false).
 Position: LorenzVec{x=-111.8136574074074, y=72.0, z=25.77314814814815}
 DistanceC: 11.313657407407405
Relative Position: LorenzVec{x=-11.313657407407405, y=1.0, z=11.273148148148149}
 }
23:54:17 `§a3.0s`176634 missed {
 is already Found: false).
 Position: LorenzVec{x=-112.29513888888889, y=71.0, z=8.909722222222221}
 DistanceC: 11.795138888888886
Relative Position: LorenzVec{x=-11.795138888888886, y=0.0, z=-5.590277777777779}
 }
23:54:17 `§a3.0s`176635 missed {
 is already Found: false).
 Position: LorenzVec{x=-105.47222222222223, y=71.0, z=26.947916666666664}
 DistanceC: 12.447916666666664
Relative Position: LorenzVec{x=-4.9722222222222285, y=0.0, z=12.447916666666664}
 }
23:54:25 `Zombie`176777 missed {
 is already Found: false).
 Position: LorenzVec{x=-116.03125, y=72.0, z=8.90625}
 DistanceC: 15.53125
Relative Position: LorenzVec{x=-15.53125, y=1.0, z=-5.59375}
 }
23:54:25 `Zombie`176778 missed {
 is already Found: false).
 Position: LorenzVec{x=-93.34375, y=72.0, z=28.9375}
 DistanceC: 14.4375
Relative Position: LorenzVec{x=7.15625, y=1.0, z=14.4375}
 }
23:54:25 `Zombie`176779 missed {
 is already Found: false).
 Position: LorenzVec{x=-116.0, y=72.0, z=19.53125}
 DistanceC: 15.5
Relative Position: LorenzVec{x=-15.5, y=1.0, z=5.03125}
 }
23:54:25 `§a2.0s`176783 missed {
 is already Found: false).
 Position: LorenzVec{x=-114.0, y=71.0, z=15.947916666666666}
 DistanceC: 13.5
Relative Position: LorenzVec{x=-13.5, y=0.0, z=1.447916666666666}
 }
23:54:33 `§c0.1s`176933 missed {
 is already Found: false).
 Position: LorenzVec{x=-107.90625, y=72.0, z=28.6875}
 DistanceC: 14.1875
Relative Position: LorenzVec{x=-7.40625, y=1.0, z=14.1875}
 }
23:54:33 `§a2.9s`176934 missed {
 is already Found: false).
 Position: LorenzVec{x=-93.55208333333333, y=72.0, z=28.92091049382716}
 DistanceC: 14.420910493827162
Relative Position: LorenzVec{x=6.947916666666671, y=1.0, z=14.420910493827162}
 }
23:54:33 `§c0.9s`176936 missed {
 is already Found: false).
 Position: LorenzVec{x=-100.31865855052583, y=72.0, z=31.0}
 DistanceC: 16.5
Relative Position: LorenzVec{x=0.18134144947417496, y=1.0, z=16.5}
 }
23:54:33 `§e1.9s`176937 missed {
 is already Found: false).
 Position: LorenzVec{x=-116.02083333333333, y=72.0, z=10.931327160493828}
 DistanceC: 15.520833333333329
Relative Position: LorenzVec{x=-15.520833333333329, y=1.0, z=-3.5686728395061724}
 }
23:54:33 `§e1.9s`176938 missed {
 is already Found: false).
 Position: LorenzVec{x=-116.46875, y=72.0, z=18.395833333333332}
 DistanceC: 15.96875
Relative Position: LorenzVec{x=-15.96875, y=1.0, z=3.895833333333332}
 }
23:54:33 `§a2.9s`176939 missed {
 is already Found: false).
 Position: LorenzVec{x=-112.40625, y=71.0, z=9.59375}
 DistanceC: 11.90625
Relative Position: LorenzVec{x=-11.90625, y=0.0, z=-4.90625}
 }
23:54:33 `§e1.9s`176940 missed {
 is already Found: false).
 Position: LorenzVec{x=-113.5, y=71.0, z=12.5}
 DistanceC: 13.0
Relative Position: LorenzVec{x=-13.0, y=0.0, z=-2.0}
 }
23:54:33 `§e1.9s`176941 missed {
 is already Found: false).
 Position: LorenzVec{x=-110.86342592592592, y=71.0, z=22.13888888888889}
 DistanceC: 10.363425925925924
Relative Position: LorenzVec{x=-10.363425925925924, y=0.0, z=7.638888888888889}
 }
23:54:41 `§c0.1s`177034 missed {
 is already Found: false).
 Position: LorenzVec{x=-113.60853115632779, y=72.0, z=23.859396433470508}
 DistanceC: 13.108531156327786
Relative Position: LorenzVec{x=-13.108531156327786, y=1.0, z=9.359396433470508}
 }
23:54:41 `§a3.0s`177035 missed {
 is already Found: false).
 Position: LorenzVec{x=-110.66666666666667, y=72.0, z=27.333333333333332}
 DistanceC: 12.833333333333332
Relative Position: LorenzVec{x=-10.166666666666671, y=1.0, z=12.833333333333332}
 }
23:54:41 `§e2.0s`177039 missed {
 is already Found: false).
 Position: LorenzVec{x=-114.6863425925926, y=72.0, z=22.81597222222222}
 DistanceC: 14.186342592592595
Relative Position: LorenzVec{x=-14.186342592592595, y=1.0, z=8.315972222222221}
 }
23:54:41 `§a3.0s`177040 missed {
 is already Found: false).
 Position: LorenzVec{x=-113.96875, y=71.0, z=13.625}
 DistanceC: 13.46875
Relative Position: LorenzVec{x=-13.46875, y=0.0, z=-0.875}
 }
23:54:41 `§a3.0s`177041 missed {
 is already Found: false).
 Position: LorenzVec{x=-102.48958333333333, y=71.0, z=27.958333333333332}
 DistanceC: 13.458333333333332
Relative Position: LorenzVec{x=-1.9895833333333286, y=0.0, z=13.458333333333332}
 }
23:54:41 `§e2.0s`177042 missed {
 is already Found: false).
 Position: LorenzVec{x=-109.39236111111111, y=71.0, z=23.79861111111111}
 DistanceC: 9.29861111111111
Relative Position: LorenzVec{x=-8.892361111111114, y=0.0, z=9.29861111111111}
 }
23:54:50 `§e1.9s`177169 missed {
 is already Found: false).
 Position: LorenzVec{x=-96.33757716049382, y=72.0, z=30.413194444444446}
 DistanceC: 15.913194444444446
Relative Position: LorenzVec{x=4.162422839506178, y=1.0, z=15.913194444444446}
 }
23:54:50 `§e1.9s`177173 missed {
 is already Found: false).
 Position: LorenzVec{x=-98.05208333333334, y=71.0, z=27.5}
 DistanceC: 13.0
Relative Position: LorenzVec{x=2.447916666666657, y=0.0, z=13.0}
 }
23:54:50 `§e1.9s`177174 missed {
 is already Found: false).
 Position: LorenzVec{x=-114.0, y=71.0, z=15.146604938271604}
 DistanceC: 13.5
Relative Position: LorenzVec{x=-13.5, y=0.0, z=0.6466049382716044}
 }
23:54:57 `§c0.1s`177256 missed {
 is already Found: false).
 Position: LorenzVec{x=-115.46875, y=72.0, z=8.21875}
 DistanceC: 14.96875
Relative Position: LorenzVec{x=-14.96875, y=1.0, z=-6.28125}
 }
23:54:57 `§a3.0s`177258 missed {
 is already Found: false).
 Position: LorenzVec{x=-116.72183641975309, y=72.0, z=12.086033950617285}
 DistanceC: 16.22183641975309
Relative Position: LorenzVec{x=-16.22183641975309, y=1.0, z=-2.413966049382715}
 }
23:54:57 `§a3.0s`177259 missed {
 is already Found: false).
 Position: LorenzVec{x=-98.14583333333334, y=72.0, z=30.78125}
 DistanceC: 16.28125
Relative Position: LorenzVec{x=2.354166666666657, y=1.0, z=16.28125}
 }
23:54:57 `§c1.0s`177260 missed {
 is already Found: false).
 Position: LorenzVec{x=-116.50630144032922, y=72.0, z=17.26877572016461}
 DistanceC: 16.006301440329224
Relative Position: LorenzVec{x=-16.006301440329224, y=1.0, z=2.7687757201646086}
 }
23:54:57 `§e2.0s`177261 missed {
 is already Found: false).
 Position: LorenzVec{x=-106.06172839506172, y=72.0, z=29.6929012345679}
 DistanceC: 15.192901234567898
Relative Position: LorenzVec{x=-5.561728395061721, y=1.0, z=15.192901234567898}
 }
23:54:57 `§e2.0s`177263 missed {
 is already Found: false).
 Position: LorenzVec{x=-109.39930555555556, y=71.0, z=23.788580246913583}
 DistanceC: 9.288580246913583
Relative Position: LorenzVec{x=-8.899305555555557, y=0.0, z=9.288580246913583}
 }
23:54:57 `§e2.0s`177264 missed {
 is already Found: false).
 Position: LorenzVec{x=-108.46875, y=71.0, z=25.03125}
 DistanceC: 10.53125
Relative Position: LorenzVec{x=-7.96875, y=0.0, z=10.53125}
 }
23:55:05 `§a3.0s`177434 missed {
 is already Found: false).
 Position: LorenzVec{x=-115.875, y=72.0, z=8.229166666666668}
 DistanceC: 15.375
Relative Position: LorenzVec{x=-15.375, y=1.0, z=-6.270833333333332}
 }
23:55:05 `§a3.0s`177435 missed {
 is already Found: false).
 Position: LorenzVec{x=-98.36805555555554, y=72.0, z=30.916666666666664}
 DistanceC: 16.416666666666664
Relative Position: LorenzVec{x=2.131944444444457, y=1.0, z=16.416666666666664}
 }
23:55:05 `§a3.0s`177436 missed {
 is already Found: false).
 Position: LorenzVec{x=-116.0, y=72.0, z=16.40277777777778}
 DistanceC: 15.5
Relative Position: LorenzVec{x=-15.5, y=1.0, z=1.9027777777777786}
 }
23:55:05 `§a3.0s`177438 missed {
 is already Found: false).
 Position: LorenzVec{x=-112.95833333333334, y=71.0, z=19.524305555555557}
 DistanceC: 12.458333333333343
Relative Position: LorenzVec{x=-12.458333333333343, y=0.0, z=5.024305555555557}
 }
23:55:05 `§e1.9s`177439 missed {
 is already Found: false).
 Position: LorenzVec{x=-108.34953703703704, y=71.3425925925926, z=25.15972222222222}
 DistanceC: 10.659722222222221
Relative Position: LorenzVec{x=-7.849537037037038, y=0.3425925925925952, z=10.659722222222221}
 }
23:55:05 `§e2.0s`177440 missed {
 is already Found: false).
 Position: LorenzVec{x=-94.32638888888889, y=71.0, z=25.923611111111114}
 DistanceC: 11.423611111111114
Relative Position: LorenzVec{x=6.173611111111114, y=0.0, z=11.423611111111114}
 }
23:55:52 `§a3.0s`178156 missed {
 is already Found: false).
 Position: LorenzVec{x=-116.7951388888889, y=72.0, z=12.871527777777779}
 DistanceC: 16.2951388888889
Relative Position: LorenzVec{x=-16.2951388888889, y=1.0, z=-1.6284722222222214}
 }
23:55:57 `§a3.0s`178195 missed {
 is already Found: false).
 Position: LorenzVec{x=-116.0, y=72.0, z=16.59375}
 DistanceC: 15.5
Relative Position: LorenzVec{x=-15.5, y=1.0, z=2.09375}
 }
23:55:57 `§a3.0s`178197 missed {
 is already Found: false).
 Position: LorenzVec{x=-112.34375, y=71.0, z=9.5}
 DistanceC: 11.84375
Relative Position: LorenzVec{x=-11.84375, y=0.0, z=-5.0}
 }
23:56:04 `§a3.0s`178248 missed {
 is already Found: false).
 Position: LorenzVec{x=-115.34375, y=72.0, z=21.5625}
 DistanceC: 14.84375
Relative Position: LorenzVec{x=-14.84375, y=1.0, z=7.0625}
 }
23:56:04 `§e2.0s`178253 missed {
 is already Found: false).
 Position: LorenzVec{x=-111.6875, y=71.0, z=7.875}
 DistanceC: 11.1875
Relative Position: LorenzVec{x=-11.1875, y=0.0, z=-6.625}
 }
23:56:12 `§a3.0s`178302 missed {
 is already Found: false).
 Position: LorenzVec{x=-115.36805555555556, y=72.0, z=21.479166666666668}
 DistanceC: 14.868055555555557
Relative Position: LorenzVec{x=-14.868055555555557, y=1.0, z=6.979166666666668}
 }
23:56:12 `§e2.0s`178304 missed {
 is already Found: false).
 Position: LorenzVec{x=-96.6863425925926, y=72.0, z=29.958333333333332}
 DistanceC: 15.458333333333332
Relative Position: LorenzVec{x=3.8136574074074048, y=1.0, z=15.458333333333332}
 }
23:56:12 `§a3.0s`178306 missed {
 is already Found: false).
 Position: LorenzVec{x=-112.24652777777777, y=71.0, z=9.357638888888888}
 DistanceC: 11.746527777777771
Relative Position: LorenzVec{x=-11.746527777777771, y=0.0, z=-5.1423611111111125}
 }
23:56:20 `§e2.0s`178355 missed {
 is already Found: false).
 Position: LorenzVec{x=-101.5625, y=71.0, z=27.53125}
 DistanceC: 13.03125
Relative Position: LorenzVec{x=-1.0625, y=0.0, z=13.03125}
 }
23:56:20 `§e2.0s`178356 missed {
 is already Found: false).
 Position: LorenzVec{x=-111.97479423868313, y=71.0, z=8.607896090534979}
 DistanceC: 11.474794238683131
Relative Position: LorenzVec{x=-11.474794238683131, y=0.0, z=-5.892103909465021}
 }
23:56:27 `§a3.0s`178402 missed {
 is already Found: false).
 Position: LorenzVec{x=-115.94791666666666, y=72.0, z=8.572916666666668}
 DistanceC: 15.447916666666657
Relative Position: LorenzVec{x=-15.447916666666657, y=1.0, z=-5.927083333333332}
 }
23:56:27 `§a3.0s`178403 missed {
 is already Found: false).
 Position: LorenzVec{x=-106.83333333333334, y=72.0, z=29.1875}
 DistanceC: 14.6875
Relative Position: LorenzVec{x=-6.333333333333343, y=1.0, z=14.6875}
 }
23:56:27 `§c1.0s`178404 missed {
 is already Found: false).
 Position: LorenzVec{x=-93.11805555555556, y=72.0, z=29.11226851851852}
 DistanceC: 14.612268518518519
Relative Position: LorenzVec{x=7.381944444444443, y=1.0, z=14.612268518518519}
 }
23:56:27 `§a3.0s`178408 missed {
 is already Found: false).
 Position: LorenzVec{x=-99.54166666666666, y=71.0, z=27.958333333333336}
 DistanceC: 13.458333333333336
Relative Position: LorenzVec{x=0.9583333333333428, y=0.0, z=13.458333333333336}
 }
23:56:27 `§e2.0s`178409 missed {
 is already Found: false).
 Position: LorenzVec{x=-106.25, y=71.0, z=26.49537037037037}
 DistanceC: 11.99537037037037
Relative Position: LorenzVec{x=-5.75, y=0.0, z=11.99537037037037}
 }
23:56:35 `Zombie`178455 missed {
 is already Found: false).
 Position: LorenzVec{x=-95.48958333333334, y=72.0, z=29.322916666666664}
 DistanceC: 14.822916666666664
Relative Position: LorenzVec{x=5.010416666666657, y=1.0, z=14.822916666666664}
 }
23:56:35 `§a2.2s`178459 missed {
 is already Found: false).
 Position: LorenzVec{x=-93.96875, y=72.0, z=28.75}
 DistanceC: 14.25
Relative Position: LorenzVec{x=6.53125, y=1.0, z=14.25}
 }
23:56:35 `§a2.9s`178460 missed {
 is already Found: false).
 Position: LorenzVec{x=-105.5451388888889, y=71.0, z=26.900462962962962}
 DistanceC: 12.400462962962962
Relative Position: LorenzVec{x=-5.0451388888889, y=0.0, z=12.400462962962962}
 }
23:56:35 `Zombie`178461 missed {
 is already Found: false).
 Position: LorenzVec{x=-113.57291666666666, y=71.0, z=17.25}
 DistanceC: 13.072916666666657
Relative Position: LorenzVec{x=-13.072916666666657, y=0.0, z=2.75}
 }
23:56:35 `§a2.9s`178462 missed {
 is already Found: false).
 Position: LorenzVec{x=-95.31712962962963, y=71.0, z=25.96875}
 DistanceC: 11.46875
Relative Position: LorenzVec{x=5.182870370370367, y=0.0, z=11.46875}
 }
23:56:43 `§a3.0s`178587 missed {
 is already Found: false).
 Position: LorenzVec{x=-112.77083333333333, y=72.0, z=24.4375}
 DistanceC: 12.270833333333329
Relative Position: LorenzVec{x=-12.270833333333329, y=1.0, z=9.9375}
 }
23:56:43 `§a3.0s`178588 missed {
 is already Found: false).
 Position: LorenzVec{x=-102.5, y=72.0, z=30.34375}
 DistanceC: 15.84375
Relative Position: LorenzVec{x=-2.0, y=1.0, z=15.84375}
 }
23:56:43 `§a3.0s`178589 missed {
 is already Found: false).
 Position: LorenzVec{x=-110.84375, y=72.0, z=27.15625}
 DistanceC: 12.65625
Relative Position: LorenzVec{x=-10.34375, y=1.0, z=12.65625}
 }
23:56:43 `§c1.0s`178590 missed {
 is already Found: false).
 Position: LorenzVec{x=-93.21527777777777, y=72.0, z=29.19675925925926}
 DistanceC: 14.69675925925926
Relative Position: LorenzVec{x=7.2847222222222285, y=1.0, z=14.69675925925926}
 }
23:56:43 `§e2.0s`178591 missed {
 is already Found: false).
 Position: LorenzVec{x=-116.0, y=72.0, z=15.545524691358025}
 DistanceC: 15.5
Relative Position: LorenzVec{x=-15.5, y=1.0, z=1.0455246913580254}
 }
23:56:43 `§a3.0s`178593 missed {
 is already Found: false).
 Position: LorenzVec{x=-102.57291666666666, y=71.0, z=27.979166666666664}
 DistanceC: 13.479166666666664
Relative Position: LorenzVec{x=-2.072916666666657, y=0.0, z=13.479166666666664}
 }
23:56:51 `§a3.0s`178804 missed {
 is already Found: false).
 Position: LorenzVec{x=-116.71875, y=72.0, z=12.0}
 DistanceC: 16.21875
Relative Position: LorenzVec{x=-16.21875, y=1.0, z=-2.5}
 }
23:56:51 `§c1.0s`178806 missed {
 is already Found: false).
 Position: LorenzVec{x=-116.0, y=72.0, z=14.15625}
 DistanceC: 15.5
Relative Position: LorenzVec{x=-15.5, y=1.0, z=-0.34375}
 }
23:56:51 `§c1.0s`178807 missed {
 is already Found: false).
 Position: LorenzVec{x=-109.84375, y=72.0, z=28.09375}
 DistanceC: 13.59375
Relative Position: LorenzVec{x=-9.34375, y=1.0, z=13.59375}
 }
23:56:51 `§e2.0s`178808 missed {
 is already Found: false).
 Position: LorenzVec{x=-112.34375, y=72.0, z=24.875}
 DistanceC: 11.84375
Relative Position: LorenzVec{x=-11.84375, y=1.0, z=10.375}
 }
23:56:51 `§a3.0s`178809 missed {
 is already Found: false).
 Position: LorenzVec{x=-111.4375, y=71.0, z=21.5625}
 DistanceC: 10.9375
Relative Position: LorenzVec{x=-10.9375, y=0.0, z=7.0625}
 }
23:56:51 `§a3.0s`178810 missed {
 is already Found: false).
 Position: LorenzVec{x=-110.0, y=71.0, z=23.0}
 DistanceC: 9.5
Relative Position: LorenzVec{x=-9.5, y=0.0, z=8.5}
 }
23:56:59 `§a3.0s`178892 missed {
 is already Found: false).
 Position: LorenzVec{x=-107.8125, y=72.0, z=29.364583333333336}
 DistanceC: 14.864583333333336
Relative Position: LorenzVec{x=-7.3125, y=1.0, z=14.864583333333336}
 }
23:56:59 `§c1.0s`178893 missed {
 is already Found: false).
 Position: LorenzVec{x=-116.5, y=72.0, z=17.27507716049383}
 DistanceC: 16.0
Relative Position: LorenzVec{x=-16.0, y=1.0, z=2.7750771604938294}
 }
23:56:59 `§c1.0s`178894 missed {
 is already Found: false).
 Position: LorenzVec{x=-116.22145061728395, y=72.0, z=9.995756172839506}
 DistanceC: 15.72145061728395
Relative Position: LorenzVec{x=-15.72145061728395, y=1.0, z=-4.504243827160494}
 }
23:56:59 `§e2.0s`178895 missed {
 is already Found: false).
 Position: LorenzVec{x=-114.6520061728395, y=72.0, z=22.808256172839506}
 DistanceC: 14.152006172839506
Relative Position: LorenzVec{x=-14.152006172839506, y=1.0, z=8.308256172839506}
 }
23:56:59 `§a3.0s`178896 missed {
 is already Found: false).
 Position: LorenzVec{x=-99.54166666666666, y=71.0, z=27.958333333333336}
 DistanceC: 13.458333333333336
Relative Position: LorenzVec{x=0.9583333333333428, y=0.0, z=13.458333333333336}
 }
23:56:59 `§a3.0s`178898 missed {
 is already Found: false).
 Position: LorenzVec{x=-105.38541666666666, y=71.0, z=26.979166666666664}
 DistanceC: 12.479166666666664
Relative Position: LorenzVec{x=-4.885416666666657, y=0.0, z=12.479166666666664}
 }
23:57:07 `§c0.1s`178965 missed {
 is already Found: false).
 Position: LorenzVec{x=-111.8125, y=72.0, z=25.8125}
 DistanceC: 11.3125
Relative Position: LorenzVec{x=-11.3125, y=1.0, z=11.3125}
 }
23:57:07 `§c1.0s`178969 missed {
 is already Found: false).
 Position: LorenzVec{x=-102.02546296296296, y=72.0, z=30.775462962962962}
 DistanceC: 16.275462962962962
Relative Position: LorenzVec{x=-1.525462962962962, y=1.0, z=16.275462962962962}
 }
23:57:07 `§e2.0s`178970 missed {
 is already Found: false).
 Position: LorenzVec{x=-94.53742283950618, y=72.0, z=28.642746913580247}
 DistanceC: 14.142746913580247
Relative Position: LorenzVec{x=5.962577160493822, y=1.0, z=14.142746913580247}
 }
23:57:07 `§a3.0s`178971 missed {
 is already Found: false).
 Position: LorenzVec{x=-97.79166666666666, y=71.33333333333334, z=27.229166666666664}
 DistanceC: 12.729166666666664
Relative Position: LorenzVec{x=2.708333333333343, y=0.3333333333333428, z=12.729166666666664}
 }
23:57:07 `§a3.0s`178972 missed {
 is already Found: false).
 Position: LorenzVec{x=-95.52083333333334, y=71.0, z=25.9375}
 DistanceC: 11.4375
Relative Position: LorenzVec{x=4.979166666666657, y=0.0, z=11.4375}
 }
23:57:15 `§a2.9s`179036 missed {
 is already Found: false).
 Position: LorenzVec{x=-115.28125, y=72.0, z=22.0}
 DistanceC: 14.78125
Relative Position: LorenzVec{x=-14.78125, y=1.0, z=7.5}
 }
23:57:15 `§c0.9s`179037 missed {
 is already Found: false).
 Position: LorenzVec{x=-115.99897119341564, y=72.0, z=14.175068587105624}
 DistanceC: 15.498971193415642
Relative Position: LorenzVec{x=-15.498971193415642, y=1.0, z=-0.3249314128943759}
 }
23:57:15 `§a2.9s`179038 missed {
 is already Found: false).
 Position: LorenzVec{x=-112.40625, y=71.0, z=9.59375}
 DistanceC: 11.90625
Relative Position: LorenzVec{x=-11.90625, y=0.0, z=-4.90625}
 }
23:57:15 `§a2.9s`179039 missed {
 is already Found: false).
 Position: LorenzVec{x=-102.46875, y=71.0, z=27.96875}
 DistanceC: 13.46875
Relative Position: LorenzVec{x=-1.96875, y=0.0, z=13.46875}
 }
00:04:03 `§a2.2s`184291 missed {
 is already Found: false).
 Position: LorenzVec{x=-108.4375, y=72.0, z=29.03125}
 DistanceC: 14.53125
Relative Position: LorenzVec{x=-7.9375, y=1.0, z=14.53125}
 }
00:04:03 `§a2.2s`184294 missed {
 is already Found: false).
 Position: LorenzVec{x=-109.5625, y=71.0, z=23.4375}
 DistanceC: 9.0625
Relative Position: LorenzVec{x=-9.0625, y=0.0, z=8.9375}
 }
00:04:10 `Zombie`184429 missed {
 is already Found: false).
 Position: LorenzVec{x=-95.1875, y=72.0, z=30.03125}
 DistanceC: 15.53125
Relative Position: LorenzVec{x=5.3125, y=1.0, z=15.53125}
 }
00:04:18 `§a3.0s`184544 missed {
 is already Found: false).
 Position: LorenzVec{x=-96.39583333333334, y=72.0, z=29.9375}
 DistanceC: 15.4375
Relative Position: LorenzVec{x=4.104166666666657, y=1.0, z=15.4375}
 }
00:04:18 `§e2.0s`184546 missed {
 is already Found: false).
 Position: LorenzVec{x=-116.04166666666666, y=72.0, z=11.023919753086421}
 DistanceC: 15.541666666666657
Relative Position: LorenzVec{x=-15.541666666666657, y=1.0, z=-3.476080246913579}
 }
00:04:25 `§a3.0s`184605 missed {
 is already Found: false).
 Position: LorenzVec{x=-109.8125, y=71.0, z=23.208333333333332}
 DistanceC: 9.3125
Relative Position: LorenzVec{x=-9.3125, y=0.0, z=8.708333333333332}
 }
00:04:25 `§e2.0s`184606 missed {
 is already Found: false).
 Position: LorenzVec{x=-94.30182613168724, y=71.0, z=25.88747427983539}
 DistanceC: 11.387474279835391
Relative Position: LorenzVec{x=6.1981738683127645, y=0.0, z=11.387474279835391}
 }
00:04:32 `§a3.0s`184828 missed {
 is already Found: false).
 Position: LorenzVec{x=-98.41666666666667, y=72.0, z=30.875}
 DistanceC: 16.375
Relative Position: LorenzVec{x=2.0833333333333286, y=1.0, z=16.375}
 }
00:04:32 `§a3.0s`184829 missed {
 is already Found: false).
 Position: LorenzVec{x=-115.39583333333333, y=72.0, z=21.46875}
 DistanceC: 14.895833333333329
Relative Position: LorenzVec{x=-14.895833333333329, y=1.0, z=6.96875}
 }
00:04:32 `§a3.0s`184830 missed {
 is already Found: false).
 Position: LorenzVec{x=-107.70833333333333, y=72.0, z=29.416666666666668}
 DistanceC: 14.916666666666668
Relative Position: LorenzVec{x=-7.208333333333329, y=1.0, z=14.916666666666668}
 }
00:04:32 `§a3.0s`184832 missed {
 is already Found: false).
 Position: LorenzVec{x=-99.64583333333333, y=71.0, z=27.916666666666668}
 DistanceC: 13.416666666666668
Relative Position: LorenzVec{x=0.8541666666666714, y=0.0, z=13.416666666666668}
 }
00:04:40 `§a3.0s`184984 missed {
 is already Found: false).
 Position: LorenzVec{x=-115.15625, y=72.0, z=21.770833333333336}
 DistanceC: 14.65625
Relative Position: LorenzVec{x=-14.65625, y=1.0, z=7.270833333333336}
 }
00:04:40 `§c1.0s`184986 missed {
 is already Found: false).
 Position: LorenzVec{x=-116.5, y=72.0, z=17.208333333333336}
 DistanceC: 16.0
Relative Position: LorenzVec{x=-16.0, y=1.0, z=2.7083333333333357}
 }
00:04:40 `§a3.0s`184988 missed {
 is already Found: false).
 Position: LorenzVec{x=-109.125, y=71.0, z=24.229166666666664}
 DistanceC: 9.729166666666664
Relative Position: LorenzVec{x=-8.625, y=0.0, z=9.729166666666664}
 }
00:04:40 `§a3.0s`184989 missed {
 is already Found: false).
 Position: LorenzVec{x=-95.52083333333334, y=71.0, z=25.9375}
 DistanceC: 11.4375
Relative Position: LorenzVec{x=4.979166666666657, y=0.0, z=11.4375}
 }
00:04:40 `§e2.0s`184990 missed {
 is already Found: false).
 Position: LorenzVec{x=-112.92592592592592, y=71.0, z=10.395833333333332}
 DistanceC: 12.425925925925924
Relative Position: LorenzVec{x=-12.425925925925924, y=0.0, z=-4.104166666666668}
 }
00:04:48 `§a3.0s`185214 missed {
 is already Found: false).
 Position: LorenzVec{x=-116.84375, y=72.0, z=12.208333333333334}
 DistanceC: 16.34375
Relative Position: LorenzVec{x=-16.34375, y=1.0, z=-2.291666666666666}
 }
00:04:48 `§a3.0s`185215 missed {
 is already Found: false).
 Position: LorenzVec{x=-105.34375, y=72.0, z=30.083333333333332}
 DistanceC: 15.583333333333332
Relative Position: LorenzVec{x=-4.84375, y=1.0, z=15.583333333333332}
 }
00:04:48 `§a3.0s`185219 missed {
 is already Found: false).
 Position: LorenzVec{x=-112.34375, y=71.0, z=9.5}
 DistanceC: 11.84375
Relative Position: LorenzVec{x=-11.84375, y=0.0, z=-5.0}
 }
00:04:56 `§a3.0s`185323 missed {
 is already Found: false).
 Position: LorenzVec{x=-115.78125, y=72.0, z=8.125}
 DistanceC: 15.28125
Relative Position: LorenzVec{x=-15.28125, y=1.0, z=-6.375}
 }
00:04:56 `§e2.0s`185326 missed {
 is already Found: false).
 Position: LorenzVec{x=-96.96875, y=72.0, z=30.0}
 DistanceC: 15.5
Relative Position: LorenzVec{x=3.53125, y=1.0, z=15.5}
 }
00:04:56 `§a3.0s`185328 missed {
 is already Found: false).
 Position: LorenzVec{x=-97.71875, y=71.5, z=27.15625}
 DistanceC: 12.65625
Relative Position: LorenzVec{x=2.78125, y=0.5, z=12.65625}
 }
00:04:56 `§a3.0s`185329 missed {
 is already Found: false).
 Position: LorenzVec{x=-102.46875, y=71.0, z=27.96875}
 DistanceC: 13.46875
Relative Position: LorenzVec{x=-1.96875, y=0.0, z=13.46875}
 }
00:04:56 `§a3.0s`185330 missed {
 is already Found: false).
 Position: LorenzVec{x=-113.03125, y=71.0, z=11.46875}
 DistanceC: 12.53125
Relative Position: LorenzVec{x=-12.53125, y=0.0, z=-3.03125}
 }
00:05:04 `§c0.1s`185501 missed {
 is already Found: false).
 Position: LorenzVec{x=-100.20631858710561, y=72.0, z=31.030478395061728}
 DistanceC: 16.530478395061728
Relative Position: LorenzVec{x=0.29368141289438654, y=1.0, z=16.530478395061728}
 }
00:05:04 `§a3.0s`185502 missed {
 is already Found: false).
 Position: LorenzVec{x=-116.78125, y=72.0, z=12.104166666666668}
 DistanceC: 16.28125
Relative Position: LorenzVec{x=-16.28125, y=1.0, z=-2.395833333333332}
 }
00:05:04 `§e2.0s`185504 missed {
 is already Found: false).
 Position: LorenzVec{x=-113.74652777777777, y=72.0, z=23.71875}
 DistanceC: 13.246527777777771
Relative Position: LorenzVec{x=-13.246527777777771, y=1.0, z=9.21875}
 }
00:05:04 `§e2.0s`185505 missed {
 is already Found: false).
 Position: LorenzVec{x=-115.51105967078189, y=72.0, z=8.018432784636488}
 DistanceC: 15.01105967078189
Relative Position: LorenzVec{x=-15.01105967078189, y=1.0, z=-6.481567215363512}
 }
00:05:04 `§e1.9s`185506 missed {
 is already Found: false).
 Position: LorenzVec{x=-116.0, y=72.0, z=11.0}
 DistanceC: 15.5
Relative Position: LorenzVec{x=-15.5, y=1.0, z=-3.5}
 }
00:05:04 `§a2.9s`185507 missed {
 is already Found: false).
 Position: LorenzVec{x=-107.53819444444444, y=71.0, z=25.90625}
 DistanceC: 11.40625
Relative Position: LorenzVec{x=-7.038194444444443, y=0.0, z=11.40625}
 }
00:05:04 `§a2.9s`185508 missed {
 is already Found: false).
 Position: LorenzVec{x=-112.89583333333333, y=71.0, z=19.489583333333332}
 DistanceC: 12.395833333333329
Relative Position: LorenzVec{x=-12.395833333333329, y=0.0, z=4.989583333333332}
 }
00:05:12 `§c0.1s`185660 missed {
 is already Found: false).
 Position: LorenzVec{x=-95.0625, y=72.0, z=30.03125}
 DistanceC: 15.53125
Relative Position: LorenzVec{x=5.4375, y=1.0, z=15.53125}
 }
00:05:12 `§a3.0s`185661 missed {
 is already Found: false).
 Position: LorenzVec{x=-105.23958333333333, y=72.0, z=30.104166666666668}
 DistanceC: 15.604166666666668
Relative Position: LorenzVec{x=-4.739583333333329, y=1.0, z=15.604166666666668}
 }
00:05:12 `§c1.0s`185662 missed {
 is already Found: false).
 Position: LorenzVec{x=-96.14467592592592, y=72.0, z=30.292824074074073}
 DistanceC: 15.792824074074073
Relative Position: LorenzVec{x=4.355324074074076, y=1.0, z=15.792824074074073}
 }
00:05:12 `§e2.0s`185665 missed {
 is already Found: false).
 Position: LorenzVec{x=-94.52623456790124, y=72.0, z=28.64969135802469}
 DistanceC: 14.14969135802469
Relative Position: LorenzVec{x=5.973765432098759, y=1.0, z=14.14969135802469}
 }
00:05:12 `§a3.0s`185666 missed {
 is already Found: false).
 Position: LorenzVec{x=-99.54166666666666, y=71.0, z=27.958333333333336}
 DistanceC: 13.458333333333336
Relative Position: LorenzVec{x=0.9583333333333428, y=0.0, z=13.458333333333336}
 }
00:05:20 `§c0.1s`185777 missed {
 is already Found: false).
 Position: LorenzVec{x=-100.09375, y=72.0, z=31.03125}
 DistanceC: 16.53125
Relative Position: LorenzVec{x=0.40625, y=1.0, z=16.53125}
 }
00:05:20 `§a3.0s`185778 missed {
 is already Found: false).
 Position: LorenzVec{x=-95.00347222222223, y=72.0, z=30.032021604938272}
 DistanceC: 15.532021604938272
Relative Position: LorenzVec{x=5.4965277777777715, y=1.0, z=15.532021604938272}
 }
00:05:20 `§a3.0s`185779 missed {
 is already Found: false).
 Position: LorenzVec{x=-115.84375, y=72.0, z=8.208333333333332}
 DistanceC: 15.34375
Relative Position: LorenzVec{x=-15.34375, y=1.0, z=-6.291666666666668}
 }
00:05:20 `§a3.0s`185780 missed {
 is already Found: false).
 Position: LorenzVec{x=-95.80208333333334, y=72.0, z=29.447916666666664}
 DistanceC: 14.947916666666664
Relative Position: LorenzVec{x=4.697916666666657, y=1.0, z=14.947916666666664}
 }
00:05:20 `§e2.0s`185782 missed {
 is already Found: false).
 Position: LorenzVec{x=-109.89236111111111, y=72.0, z=28.041666666666664}
 DistanceC: 13.541666666666664
Relative Position: LorenzVec{x=-9.392361111111114, y=1.0, z=13.541666666666664}
 }
00:05:20 `§a3.0s`185783 missed {
 is already Found: false).
 Position: LorenzVec{x=-113.77083333333334, y=71.0, z=16.947916666666664}
 DistanceC: 13.270833333333343
Relative Position: LorenzVec{x=-13.270833333333343, y=0.0, z=2.4479166666666643}
 }
00:05:20 `§e2.0s`185784 missed {
 is already Found: false).
 Position: LorenzVec{x=-108.4375, y=71.0, z=25.0625}
 DistanceC: 10.5625
Relative Position: LorenzVec{x=-7.9375, y=0.0, z=10.5625}
 }
00:05:20 `§e2.0s`185785 missed {
 is already Found: false).
 Position: LorenzVec{x=-112.46875, y=71.0, z=20.34375}
 DistanceC: 11.96875
Relative Position: LorenzVec{x=-11.96875, y=0.0, z=5.84375}
 }
00:05:29 `§a3.0s`185957 missed {
 is already Found: false).
 Position: LorenzVec{x=-110.80208333333334, y=72.0, z=27.1875}
 DistanceC: 12.6875
Relative Position: LorenzVec{x=-10.302083333333343, y=1.0, z=12.6875}
 }
00:05:29 `§a3.0s`185958 missed {
 is already Found: false).
 Position: LorenzVec{x=-112.79166666666666, y=72.0, z=24.395833333333336}
 DistanceC: 12.291666666666657
Relative Position: LorenzVec{x=-12.291666666666657, y=1.0, z=9.895833333333336}
 }
00:05:29 `§c1.0s`185960 missed {
 is already Found: false).
 Position: LorenzVec{x=-100.46656378600824, y=72.0, z=31.0}
 DistanceC: 16.5
Relative Position: LorenzVec{x=0.033436213991763, y=1.0, z=16.5}
 }
00:05:29 `§a3.0s`185961 missed {
 is already Found: false).
 Position: LorenzVec{x=-93.64583333333334, y=71.0, z=25.552083333333336}
 DistanceC: 11.052083333333336
Relative Position: LorenzVec{x=6.854166666666657, y=0.0, z=11.052083333333336}
 }
00:05:29 `§a3.0s`185962 missed {
 is already Found: false).
 Position: LorenzVec{x=-97.79166666666666, y=71.33333333333334, z=27.229166666666664}
 DistanceC: 12.729166666666664
Relative Position: LorenzVec{x=2.708333333333343, y=0.3333333333333428, z=12.729166666666664}
 }
00:06:01 `p16n1f15cq`367 missed {
 is already Found: false).
 Position: LorenzVec{x=-59.5, y=89.0, z=-16.5}
 DistanceC: 21.145843250448607
Relative Position: LorenzVec{x=21.145843250448607, y=19.0, z=-9.107280572177912}
 }
00:12:45 `§a2.9s`190885 missed {
 is already Found: false).
 Position: LorenzVec{x=-105.44791666666667, y=72.0, z=30.055555555555554}
 DistanceC: 15.555555555555554
Relative Position: LorenzVec{x=-4.947916666666671, y=1.0, z=15.555555555555554}
 }
00:12:50 `§e2.0s`190917 missed {
 is already Found: false).
 Position: LorenzVec{x=-116.5, y=72.0, z=11.0}
 DistanceC: 16.0
Relative Position: LorenzVec{x=-16.0, y=1.0, z=-3.5}
 }
00:12:50 `§a3.0s`190919 missed {
 is already Found: false).
 Position: LorenzVec{x=-112.32638888888889, y=71.0, z=9.475694444444443}
 DistanceC: 11.826388888888886
Relative Position: LorenzVec{x=-11.826388888888886, y=0.0, z=-5.024305555555557}
 }
00:12:58 `Zombie`191104 missed {
 is already Found: false).
 Position: LorenzVec{x=-113.44791666666666, y=72.0, z=23.989583333333336}
 DistanceC: 12.947916666666657
Relative Position: LorenzVec{x=-12.947916666666657, y=1.0, z=9.489583333333336}
 }
00:12:58 `Zombie`191108 missed {
 is already Found: false).
 Position: LorenzVec{x=-113.64583333333334, y=71.0, z=17.114583333333336}
 DistanceC: 13.145833333333343
Relative Position: LorenzVec{x=-13.145833333333343, y=0.0, z=2.6145833333333357}
 }
00:12:58 `Zombie`191109 missed {
 is already Found: false).
 Position: LorenzVec{x=-114.0, y=71.0, z=13.979166666666668}
 DistanceC: 13.5
Relative Position: LorenzVec{x=-13.5, y=0.0, z=-0.5208333333333321}
 }
00:13:06 `Zombie`191167 missed {
 is already Found: false).
 Position: LorenzVec{x=-98.25, y=72.0, z=30.84375}
 DistanceC: 16.34375
Relative Position: LorenzVec{x=2.25, y=1.0, z=16.34375}
 }
00:13:06 `Zombie`191168 missed {
 is already Found: false).
 Position: LorenzVec{x=-115.34375, y=72.0, z=21.5625}
 DistanceC: 14.84375
Relative Position: LorenzVec{x=-14.84375, y=1.0, z=7.0625}
 }
00:13:06 `Zombie`191171 missed {
 is already Found: false).
 Position: LorenzVec{x=-113.125, y=71.0, z=11.78125}
 DistanceC: 12.625
Relative Position: LorenzVec{x=-12.625, y=0.0, z=-2.71875}
 }
00:13:06 `Zombie`191172 missed {
 is already Found: false).
 Position: LorenzVec{x=-112.4375, y=71.0, z=9.125}
 DistanceC: 11.9375
Relative Position: LorenzVec{x=-11.9375, y=0.0, z=-5.375}
 }
00:13:06 `Zombie`191173 missed {
 is already Found: false).
 Position: LorenzVec{x=-111.53125, y=71.0, z=7.59375}
 DistanceC: 11.03125
Relative Position: LorenzVec{x=-11.03125, y=0.0, z=-6.90625}
 }
00:13:14 `§a3.0s`191260 missed {
 is already Found: false).
 Position: LorenzVec{x=-100.96875, y=72.0, z=31.03125}
 DistanceC: 16.53125
Relative Position: LorenzVec{x=-0.46875, y=1.0, z=16.53125}
 }
00:13:14 `§a3.0s`191261 missed {
 is already Found: false).
 Position: LorenzVec{x=-98.04166666666666, y=72.0, z=30.75}
 DistanceC: 16.25
Relative Position: LorenzVec{x=2.458333333333343, y=1.0, z=16.25}
 }
00:13:14 `§c1.0s`191262 missed {
 is already Found: false).
 Position: LorenzVec{x=-93.1045524691358, y=72.0, z=29.094521604938272}
 DistanceC: 14.594521604938272
Relative Position: LorenzVec{x=7.395447530864203, y=1.0, z=14.594521604938272}
 }
00:13:14 `§e2.0s`191263 missed {
 is already Found: false).
 Position: LorenzVec{x=-106.51551930270716, y=72.0, z=29.979306851560192}
 DistanceC: 15.479306851560192
Relative Position: LorenzVec{x=-6.015519302707162, y=1.0, z=15.479306851560192}
 }
00:13:14 `§a3.0s`191264 missed {
 is already Found: false).
 Position: LorenzVec{x=-95.40625, y=71.0, z=26.59375}
 DistanceC: 12.09375
Relative Position: LorenzVec{x=5.09375, y=0.0, z=12.09375}
 }
00:13:14 `§e2.0s`191266 missed {
 is already Found: false).
 Position: LorenzVec{x=-112.5, y=71.0, z=18.5625}
 DistanceC: 12.0
Relative Position: LorenzVec{x=-12.0, y=0.0, z=4.0625}
 }
00:13:23 `§a2.6s`191352 missed {
 is already Found: false).
 Position: LorenzVec{x=-100.19907407407406, y=72.0, z=30.974922839506174}
 DistanceC: 16.474922839506174
Relative Position: LorenzVec{x=0.30092592592593803, y=1.0, z=16.474922839506174}
 }
00:13:23 `§a2.6s`191353 missed {
 is already Found: false).
 Position: LorenzVec{x=-94.46875, y=72.0, z=29.96875}
 DistanceC: 15.46875
Relative Position: LorenzVec{x=6.03125, y=1.0, z=15.46875}
 }
00:13:23 `§c0.7s`191354 missed {
 is already Found: false).
 Position: LorenzVec{x=-99.54861111111111, y=72.0, z=31.0}
 DistanceC: 16.5
Relative Position: LorenzVec{x=0.9513888888888857, y=1.0, z=16.5}
 }
00:13:23 `§a2.6s`191357 missed {
 is already Found: false).
 Position: LorenzVec{x=-97.49652777777779, y=71.14351851851852, z=27.062114197530864}
 DistanceC: 12.562114197530864
Relative Position: LorenzVec{x=3.0034722222222143, y=0.14351851851851904, z=12.562114197530864}
 }
00:13:23 `§a2.6s`191358 missed {
 is already Found: false).
 Position: LorenzVec{x=-109.71875, y=71.0, z=23.28125}
 DistanceC: 9.21875
Relative Position: LorenzVec{x=-9.21875, y=0.0, z=8.78125}
 }
00:13:23 `§a2.6s`191359 missed {
 is already Found: false).
 Position: LorenzVec{x=-110.3125, y=71.0, z=22.6875}
 DistanceC: 9.8125
Relative Position: LorenzVec{x=-9.8125, y=0.0, z=8.1875}
 }
00:13:31 `§a3.0s`191440 missed {
 is already Found: false).
 Position: LorenzVec{x=-116.0, y=72.0, z=16.552083333333336}
 DistanceC: 15.5
Relative Position: LorenzVec{x=-15.5, y=1.0, z=2.0520833333333357}
 }
00:13:31 `§c0.9s`191441 missed {
 is already Found: false).
 Position: LorenzVec{x=-114.5, y=72.22916666666667, z=22.975694444444446}
 DistanceC: 14.0
Relative Position: LorenzVec{x=-14.0, y=1.2291666666666714, z=8.475694444444446}
 }
00:13:31 `§e2.0s`191442 missed {
 is already Found: false).
 Position: LorenzVec{x=-108.80555555555556, y=72.0, z=28.78125}
 DistanceC: 14.28125
Relative Position: LorenzVec{x=-8.305555555555557, y=1.0, z=14.28125}
 }
00:13:31 `§a3.0s`191444 missed {
 is already Found: false).
 Position: LorenzVec{x=-102.57291666666666, y=71.0, z=27.979166666666664}
 DistanceC: 13.479166666666664
Relative Position: LorenzVec{x=-2.072916666666657, y=0.0, z=13.479166666666664}
 }
00:13:31 `§a3.0s`191445 missed {
 is already Found: false).
 Position: LorenzVec{x=-111.5625, y=71.0, z=7.625}
 DistanceC: 11.0625
Relative Position: LorenzVec{x=-11.0625, y=0.0, z=-6.875}
 }
00:13:31 `§a3.0s`191446 missed {
 is already Found: false).
 Position: LorenzVec{x=-112.34375, y=71.0, z=9.479166666666668}
 DistanceC: 11.84375
Relative Position: LorenzVec{x=-11.84375, y=0.0, z=-5.020833333333332}
 }
00:13:39 `§a3.0s`191482 missed {
 is already Found: false).
 Position: LorenzVec{x=-95.16666666666667, y=72.0, z=30.0}
 DistanceC: 15.5
Relative Position: LorenzVec{x=5.333333333333329, y=1.0, z=15.5}
 }
00:13:39 `§a3.0s`191483 missed {
 is already Found: false).
 Position: LorenzVec{x=-93.46875, y=72.0, z=28.927083333333332}
 DistanceC: 14.427083333333332
Relative Position: LorenzVec{x=7.03125, y=1.0, z=14.427083333333332}
 }
00:13:39 `§c1.0s`191484 missed {
 is already Found: false).
 Position: LorenzVec{x=-116.26041666666667, y=72.0, z=10.020833333333334}
 DistanceC: 15.760416666666671
Relative Position: LorenzVec{x=-15.760416666666671, y=1.0, z=-4.479166666666666}
 }
00:13:39 `§c1.0s`191485 missed {
 is already Found: false).
 Position: LorenzVec{x=-111.94791666666667, y=72.0, z=25.552083333333332}
 DistanceC: 11.447916666666671
Relative Position: LorenzVec{x=-11.447916666666671, y=1.0, z=11.052083333333332}
 }
00:13:39 `§a3.0s`191487 missed {
 is already Found: false).
 Position: LorenzVec{x=-112.28125, y=71.0, z=9.40625}
 DistanceC: 11.78125
Relative Position: LorenzVec{x=-11.78125, y=0.0, z=-5.09375}
 }
00:13:39 `§a3.0s`191488 missed {
 is already Found: false).
 Position: LorenzVec{x=-109.1875, y=71.0, z=24.114583333333332}
 DistanceC: 9.614583333333332
Relative Position: LorenzVec{x=-8.6875, y=0.0, z=9.614583333333332}
 }
00:13:47 `§c0.1s`191528 missed {
 is already Found: false).
 Position: LorenzVec{x=-99.39583333333334, y=72.0, z=31.03125}
 DistanceC: 16.53125
Relative Position: LorenzVec{x=1.1041666666666572, y=1.0, z=16.53125}
 }
00:13:47 `§e1.1s`191529 missed {
 is already Found: false).
 Position: LorenzVec{x=-93.19675925925925, y=72.0, z=29.194444444444443}
 DistanceC: 14.694444444444443
Relative Position: LorenzVec{x=7.303240740740748, y=1.0, z=14.694444444444443}
 }
00:13:47 `§e1.1s`191530 missed {
 is already Found: false).
 Position: LorenzVec{x=-114.41782407407408, y=72.31481481481481, z=23.077546296296298}
 DistanceC: 13.917824074074076
Relative Position: LorenzVec{x=-13.917824074074076, y=1.3148148148148096, z=8.577546296296298}
 }
00:13:47 `§a2.0s`191531 missed {
 is already Found: false).
 Position: LorenzVec{x=-114.79513888888889, y=72.0, z=22.663194444444443}
 DistanceC: 14.295138888888886
Relative Position: LorenzVec{x=-14.295138888888886, y=1.0, z=8.163194444444443}
 }
00:13:47 `§a2.0s`191533 missed {
 is already Found: false).
 Position: LorenzVec{x=-96.67116769547326, y=72.0, z=29.969521604938272}
 DistanceC: 15.469521604938272
Relative Position: LorenzVec{x=3.828832304526742, y=1.0, z=15.469521604938272}
 }
00:13:47 `Zombie`191534 missed {
 is already Found: false).
 Position: LorenzVec{x=-113.6875, y=71.0, z=17.0625}
 DistanceC: 13.1875
Relative Position: LorenzVec{x=-13.1875, y=0.0, z=2.5625}
 }
00:13:47 `Zombie`191535 missed {
 is already Found: false).
 Position: LorenzVec{x=-107.46875, y=71.0, z=25.96875}
 DistanceC: 11.46875
Relative Position: LorenzVec{x=-6.96875, y=0.0, z=11.46875}
 }
00:13:55 `§a3.0s`191604 missed {
 is already Found: false).
 Position: LorenzVec{x=-113.36381172839505, y=72.0, z=24.02854938271605}
 DistanceC: 12.86381172839505
Relative Position: LorenzVec{x=-12.86381172839505, y=1.0, z=9.52854938271605}
 }
00:13:55 `§e2.0s`191606 missed {
 is already Found: false).
 Position: LorenzVec{x=-114.75, y=72.0, z=22.73611111111111}
 DistanceC: 14.25
Relative Position: LorenzVec{x=-14.25, y=1.0, z=8.23611111111111}
 }
00:13:55 `§e2.0s`191607 missed {
 is already Found: false).
 Position: LorenzVec{x=-113.69714506172839, y=72.0, z=23.778163580246915}
 DistanceC: 13.197145061728392
Relative Position: LorenzVec{x=-13.197145061728392, y=1.0, z=9.278163580246915}
 }
00:13:55 `§a3.0s`191608 missed {
 is already Found: false).
 Position: LorenzVec{x=-109.21875, y=71.0, z=24.104166666666668}
 DistanceC: 9.604166666666668
Relative Position: LorenzVec{x=-8.71875, y=0.0, z=9.604166666666668}
 }
00:13:55 `§a3.0s`191609 missed {
 is already Found: false).
 Position: LorenzVec{x=-111.72916666666667, y=71.0, z=21.270833333333332}
 DistanceC: 11.229166666666671
Relative Position: LorenzVec{x=-11.229166666666671, y=0.0, z=6.770833333333332}
 }
00:13:55 `§a3.0s`191610 missed {
 is already Found: false).
 Position: LorenzVec{x=-93.76041666666667, y=71.0, z=25.604166666666668}
 DistanceC: 11.104166666666668
Relative Position: LorenzVec{x=6.739583333333329, y=0.0, z=11.104166666666668}
 }
00:14:03 `§c0.1s`191791 missed {
 is already Found: false).
 Position: LorenzVec{x=-115.99189814814815, y=72.0, z=9.36574074074074}
 DistanceC: 15.491898148148152
Relative Position: LorenzVec{x=-15.491898148148152, y=1.0, z=-5.1342592592592595}
 }
00:14:03 `§e2.0s`191795 missed {
 is already Found: false).
 Position: LorenzVec{x=-116.47067901234567, y=72.0, z=18.48726851851852}
 DistanceC: 15.97067901234567
Relative Position: LorenzVec{x=-15.97067901234567, y=1.0, z=3.987268518518519}
 }
00:14:03 `§a3.0s`191797 missed {
 is already Found: false).
 Position: LorenzVec{x=-110.1875, y=71.0, z=22.8125}
 DistanceC: 9.6875
Relative Position: LorenzVec{x=-9.6875, y=0.0, z=8.3125}
 }
00:14:03 `§a3.0s`191798 missed {
 is already Found: false).
 Position: LorenzVec{x=-108.76041666666667, y=71.0, z=24.71875}
 DistanceC: 10.21875
Relative Position: LorenzVec{x=-8.260416666666671, y=0.0, z=10.21875}
 }
00:14:03 `§e2.0s`191799 missed {
 is already Found: false).
 Position: LorenzVec{x=-108.60262345679013, y=71.0, z=24.878858024691358}
 DistanceC: 10.378858024691358
Relative Position: LorenzVec{x=-8.102623456790127, y=0.0, z=10.378858024691358}
 }
00:14:43 `§a3.0s`192011 missed {
 is already Found: false).
 Position: LorenzVec{x=-95.05208333333334, y=72.0, z=30.0}
 DistanceC: 15.5
Relative Position: LorenzVec{x=5.447916666666657, y=1.0, z=15.5}
 }
00:14:43 `§a3.0s`192012 missed {
 is already Found: false).
 Position: LorenzVec{x=-111.53125, y=71.0, z=7.59375}
 DistanceC: 11.03125
Relative Position: LorenzVec{x=-11.03125, y=0.0, z=-6.90625}
 }
00:14:51 `§e2.0s`192043 missed {
 is already Found: false).
 Position: LorenzVec{x=-113.00014206656995, y=71.0, z=10.527720301710088}
 DistanceC: 12.50014206656995
Relative Position: LorenzVec{x=-12.50014206656995, y=0.0, z=-3.9722796982899116}
 }
00:14:56 `§c1.0s`192079 missed {
 is already Found: false).
 Position: LorenzVec{x=-111.13578818015546, y=72.0, z=26.784607910379513}
 DistanceC: 12.284607910379513
Relative Position: LorenzVec{x=-10.635788180155458, y=1.0, z=12.284607910379513}
 }
00:14:56 `§e2.0s`192080 missed {
 is already Found: false).
 Position: LorenzVec{x=-116.49132658893461, y=72.0, z=18.20183184727938}
 DistanceC: 15.991326588934612
Relative Position: LorenzVec{x=-15.991326588934612, y=1.0, z=3.7018318472793794}
 }
00:14:56 `§e2.0s`192081 missed {
 is already Found: false).
 Position: LorenzVec{x=-94.5625, y=72.0, z=28.635416666666664}
 DistanceC: 14.135416666666664
Relative Position: LorenzVec{x=5.9375, y=1.0, z=14.135416666666664}
 }
00:14:56 `§a3.0s`192082 missed {
 is already Found: false).
 Position: LorenzVec{x=-97.71875, y=71.5, z=27.1875}
 DistanceC: 12.6875
Relative Position: LorenzVec{x=2.78125, y=0.5, z=12.6875}
 }
00:14:56 `§e2.0s`192083 missed {
 is already Found: false).
 Position: LorenzVec{x=-106.20486111111111, y=71.0, z=26.525462962962962}
 DistanceC: 12.025462962962962
Relative Position: LorenzVec{x=-5.704861111111114, y=0.0, z=12.025462962962962}
 }
00:15:04 `Zombie`192104 missed {
 is already Found: false).
 Position: LorenzVec{x=-108.375, y=72.0, z=28.875}
 DistanceC: 14.375
Relative Position: LorenzVec{x=-7.875, y=1.0, z=14.375}
 }
00:15:04 `Zombie`192105 missed {
 is already Found: false).
 Position: LorenzVec{x=-93.375, y=72.0, z=28.9375}
 DistanceC: 14.4375
Relative Position: LorenzVec{x=7.125, y=1.0, z=14.4375}
 }
00:15:04 `Zombie`192106 missed {
 is already Found: false).
 Position: LorenzVec{x=-115.4375, y=72.0, z=21.65625}
 DistanceC: 14.9375
Relative Position: LorenzVec{x=-14.9375, y=1.0, z=7.15625}
 }
00:15:04 `§e1.1s`192107 missed {
 is already Found: false).
 Position: LorenzVec{x=-97.46875, y=72.0, z=30.34375}
 DistanceC: 15.84375
Relative Position: LorenzVec{x=3.03125, y=1.0, z=15.84375}
 }
00:15:12 `Zombie`192226 missed {
 is already Found: false).
 Position: LorenzVec{x=-116.96875, y=72.0, z=12.46875}
 DistanceC: 16.46875
Relative Position: LorenzVec{x=-16.46875, y=1.0, z=-2.03125}
 }
00:15:12 `Zombie`192227 missed {
 is already Found: false).
 Position: LorenzVec{x=-116.0, y=72.0, z=8.65625}
 DistanceC: 15.5
Relative Position: LorenzVec{x=-15.5, y=1.0, z=-5.84375}
 }
00:15:12 `§e1.2s`192228 missed {
 is already Found: false).
 Position: LorenzVec{x=-116.0, y=72.0, z=14.78125}
 DistanceC: 15.5
Relative Position: LorenzVec{x=-15.5, y=1.0, z=0.28125}
 }
00:15:12 `Zombie`192230 missed {
 is already Found: false).
 Position: LorenzVec{x=-111.65625, y=71.0, z=7.84375}
 DistanceC: 11.15625
Relative Position: LorenzVec{x=-11.15625, y=0.0, z=-6.65625}
 }
00:15:12 `Zombie`192231 missed {
 is already Found: false).
 Position: LorenzVec{x=-103.03125, y=71.0, z=28.0}
 DistanceC: 13.5
Relative Position: LorenzVec{x=-2.53125, y=0.0, z=13.5}
 }
00:15:21 `§c0.1s`192306 missed {
 is already Found: false).
 Position: LorenzVec{x=-99.625, y=72.0, z=31.03125}
 DistanceC: 16.53125
Relative Position: LorenzVec{x=0.875, y=1.0, z=16.53125}
 }
00:15:21 `§a3.0s`192307 missed {
 is already Found: false).
 Position: LorenzVec{x=-107.82291666666666, y=72.0, z=29.364583333333336}
 DistanceC: 14.864583333333336
Relative Position: LorenzVec{x=-7.322916666666657, y=1.0, z=14.864583333333336}
 }
00:15:21 `§a3.0s`192308 missed {
 is already Found: false).
 Position: LorenzVec{x=-116.0, y=72.0, z=16.572916666666664}
 DistanceC: 15.5
Relative Position: LorenzVec{x=-15.5, y=1.0, z=2.0729166666666643}
 }
00:15:21 `§c1.0s`192309 missed {
 is already Found: false).
 Position: LorenzVec{x=-100.45293209876544, y=72.0, z=31.0}
 DistanceC: 16.5
Relative Position: LorenzVec{x=0.04706790123455562, y=1.0, z=16.5}
 }
00:15:21 `§e2.0s`192310 missed {
 is already Found: false).
 Position: LorenzVec{x=-106.51234567901236, y=72.0, z=29.979166666666664}
 DistanceC: 15.479166666666664
Relative Position: LorenzVec{x=-6.0123456790123555, y=1.0, z=15.479166666666664}
 }
00:15:21 `§a3.0s`192312 missed {
 is already Found: false).
 Position: LorenzVec{x=-95.52083333333334, y=71.0, z=25.9375}
 DistanceC: 11.4375
Relative Position: LorenzVec{x=4.979166666666657, y=0.0, z=11.4375}
 }
00:15:21 `§e2.0s`192313 missed {
 is already Found: false).
 Position: LorenzVec{x=-110.70833333333334, y=71.0, z=22.291666666666664}
 DistanceC: 10.208333333333343
Relative Position: LorenzVec{x=-10.208333333333343, y=0.0, z=7.791666666666664}
 }
00:15:29 `§a3.0s`192352 missed {
 is already Found: false).
 Position: LorenzVec{x=-104.28125, y=72.0, z=30.5}
 DistanceC: 16.0
Relative Position: LorenzVec{x=-3.78125, y=1.0, z=16.0}
 }
00:15:29 `§e2.0s`192354 missed {
 is already Found: false).
 Position: LorenzVec{x=-111.3059413580247, y=72.0, z=26.531635802469136}
 DistanceC: 12.031635802469136
Relative Position: LorenzVec{x=-10.805941358024697, y=1.0, z=12.031635802469136}
 }
00:15:29 `§a3.0s`192356 missed {
 is already Found: false).
 Position: LorenzVec{x=-108.82291666666667, y=71.0, z=24.635416666666668}
 DistanceC: 10.135416666666668
Relative Position: LorenzVec{x=-8.322916666666671, y=0.0, z=10.135416666666668}
 }
00:15:29 `§a3.0s`192357 missed {
 is already Found: false).
 Position: LorenzVec{x=-95.53125, y=71.0, z=26.65625}
 DistanceC: 12.15625
Relative Position: LorenzVec{x=4.96875, y=0.0, z=12.15625}
 }
00:15:29 `§e2.0s`192358 missed {
 is already Found: false).
 Position: LorenzVec{x=-110.82291666666667, y=71.0, z=22.177083333333332}
 DistanceC: 10.322916666666671
Relative Position: LorenzVec{x=-10.322916666666671, y=0.0, z=7.677083333333332}
 }
00:15:37 `Zombie`192493 missed {
 is already Found: false).
 Position: LorenzVec{x=-102.625, y=72.0, z=30.28125}
 DistanceC: 15.78125
Relative Position: LorenzVec{x=-2.125, y=1.0, z=15.78125}
 }
00:15:37 `Zombie`192494 missed {
 is already Found: false).
 Position: LorenzVec{x=-98.25, y=72.0, z=30.875}
 DistanceC: 16.375
Relative Position: LorenzVec{x=2.25, y=1.0, z=16.375}
 }
00:15:37 `Zombie`192496 missed {
 is already Found: false).
 Position: LorenzVec{x=-107.5, y=72.0, z=29.5}
 DistanceC: 15.0
Relative Position: LorenzVec{x=-7.0, y=1.0, z=15.0}
 }
00:15:37 `§e1.1s`192497 missed {
 is already Found: false).
 Position: LorenzVec{x=-105.23804012345678, y=72.0, z=29.820987654320987}
 DistanceC: 15.320987654320987
Relative Position: LorenzVec{x=-4.738040123456784, y=1.0, z=15.320987654320987}
 }
00:15:37 `Zombie`192498 missed {
 is already Found: false).
 Position: LorenzVec{x=-102.78125, y=71.0, z=28.0}
 DistanceC: 13.5
Relative Position: LorenzVec{x=-2.28125, y=0.0, z=13.5}
 }
00:15:37 `Zombie`192499 missed {
 is already Found: false).
 Position: LorenzVec{x=-109.25, y=71.0, z=24.0625}
 DistanceC: 9.5625
Relative Position: LorenzVec{x=-8.75, y=0.0, z=9.5625}
 }
00:15:45 `§a3.0s`192576 missed {
 is already Found: false).
 Position: LorenzVec{x=-95.80208333333334, y=72.0, z=29.510416666666664}
 DistanceC: 15.010416666666664
Relative Position: LorenzVec{x=4.697916666666657, y=1.0, z=15.010416666666664}
 }
00:15:45 `§a3.0s`192577 missed {
 is already Found: false).
 Position: LorenzVec{x=-93.38541666666666, y=72.0, z=28.958333333333336}
 DistanceC: 14.458333333333336
Relative Position: LorenzVec{x=7.114583333333343, y=1.0, z=14.458333333333336}
 }
00:15:45 `§a3.0s`192578 missed {
 is already Found: false).
 Position: LorenzVec{x=-104.13541666666666, y=72.0, z=30.5}
 DistanceC: 16.0
Relative Position: LorenzVec{x=-3.635416666666657, y=1.0, z=16.0}
 }
00:15:45 `§a3.0s`192580 missed {
 is already Found: false).
 Position: LorenzVec{x=-97.79166666666666, y=71.33333333333334, z=27.229166666666664}
 DistanceC: 12.729166666666664
Relative Position: LorenzVec{x=2.708333333333343, y=0.3333333333333428, z=12.729166666666664}
 }
00:15:45 `§e2.0s`192581 missed {
 is already Found: false).
 Position: LorenzVec{x=-96.28125, y=71.0, z=25.625}
 DistanceC: 11.125
Relative Position: LorenzVec{x=4.21875, y=0.0, z=11.125}
 }
00:15:45 `§e2.0s`192582 missed {
 is already Found: false).
 Position: LorenzVec{x=-109.38078703703704, y=71.0, z=23.62962962962963}
 DistanceC: 9.12962962962963
Relative Position: LorenzVec{x=-8.880787037037038, y=0.0, z=9.12962962962963}
 }
00:15:53 `§c0.1s`192777 missed {
 is already Found: false).
 Position: LorenzVec{x=-114.96875, y=72.0, z=22.125}
 DistanceC: 14.46875
Relative Position: LorenzVec{x=-14.46875, y=1.0, z=7.625}
 }
00:15:53 `§a3.0s`192778 missed {
 is already Found: false).
 Position: LorenzVec{x=-107.68402777777777, y=72.0, z=29.430555555555557}
 DistanceC: 14.930555555555557
Relative Position: LorenzVec{x=-7.1840277777777715, y=1.0, z=14.930555555555557}
 }
00:15:53 `§a3.0s`192779 missed {
 is already Found: false).
 Position: LorenzVec{x=-112.72916666666667, y=72.0, z=24.427083333333332}
 DistanceC: 12.229166666666671
Relative Position: LorenzVec{x=-12.229166666666671, y=1.0, z=9.927083333333332}
 }
00:15:53 `§c1.0s`192780 missed {
 is already Found: false).
 Position: LorenzVec{x=-116.29282407407408, y=72.0, z=10.12885802469136}
 DistanceC: 15.792824074074076
Relative Position: LorenzVec{x=-15.792824074074076, y=1.0, z=-4.371141975308641}
 }
00:15:53 `§c1.0s`192781 missed {
 is already Found: false).
 Position: LorenzVec{x=-105.1111111111111, y=72.0, z=29.788194444444443}
 DistanceC: 15.288194444444443
Relative Position: LorenzVec{x=-4.6111111111111, y=1.0, z=15.288194444444443}
 }
00:15:53 `§e2.0s`192782 missed {
 is already Found: false).
 Position: LorenzVec{x=-96.66988168724279, y=72.0, z=29.94598765432099}
 DistanceC: 15.44598765432099
Relative Position: LorenzVec{x=3.8301183127572074, y=1.0, z=15.44598765432099}
 }
00:15:53 `§a3.0s`192783 missed {
 is already Found: false).
 Position: LorenzVec{x=-114.0, y=71.0, z=13.798611111111112}
 DistanceC: 13.5
Relative Position: LorenzVec{x=-13.5, y=0.0, z=-0.7013888888888875}
 }
00:15:53 `§a3.0s`192784 missed {
 is already Found: false).
 Position: LorenzVec{x=-107.38541666666667, y=71.0, z=25.9375}
 DistanceC: 11.4375
Relative Position: LorenzVec{x=-6.885416666666671, y=0.0, z=11.4375}
 }
00:15:53 `§a3.0s`192785 missed {
 is already Found: false).
 Position: LorenzVec{x=-95.54166666666667, y=71.0, z=26.690972222222225}
 DistanceC: 12.190972222222225
Relative Position: LorenzVec{x=4.958333333333329, y=0.0, z=12.190972222222225}
 }
00:16:01 `Zombie`192917 missed {
 is already Found: false).
 Position: LorenzVec{x=-95.42708333333333, y=72.0, z=30.0}
 DistanceC: 15.5
Relative Position: LorenzVec{x=5.072916666666671, y=1.0, z=15.5}
 }
00:16:01 `§e1.2s`192918 missed {
 is already Found: false).
 Position: LorenzVec{x=-96.40277777777777, y=72.0, z=30.430555555555557}
 DistanceC: 15.930555555555557
Relative Position: LorenzVec{x=4.0972222222222285, y=1.0, z=15.930555555555557}
 }
00:16:01 `§e1.2s`192919 missed {
 is already Found: false).
 Position: LorenzVec{x=-115.54166666666667, y=72.0, z=8.583333333333334}
 DistanceC: 15.041666666666671
Relative Position: LorenzVec{x=-15.041666666666671, y=1.0, z=-5.916666666666666}
 }
00:16:01 `Zombie`192921 missed {
 is already Found: false).
 Position: LorenzVec{x=-95.77083333333333, y=71.0, z=26.822916666666668}
 DistanceC: 12.322916666666668
Relative Position: LorenzVec{x=4.729166666666671, y=0.0, z=12.322916666666668}
 }
00:16:01 `Zombie`192922 missed {
 is already Found: false).
 Position: LorenzVec{x=-110.38541666666667, y=71.0, z=22.614583333333332}
 DistanceC: 9.885416666666671
Relative Position: LorenzVec{x=-9.885416666666671, y=0.0, z=8.114583333333332}
 }
00:16:01 `§a2.2s`192923 missed {
 is already Found: false).
 Position: LorenzVec{x=-107.96875, y=71.0, z=25.510416666666668}
 DistanceC: 11.010416666666668
Relative Position: LorenzVec{x=-7.46875, y=0.0, z=11.010416666666668}
 }
00:16:52 `§c1.0s`193442 missed {
 is already Found: false).
 Position: LorenzVec{x=-101.3261316872428, y=72.0, z=30.9375}
 DistanceC: 16.4375
Relative Position: LorenzVec{x=-0.8261316872428068, y=1.0, z=16.4375}
 }
00:16:52 `§e2.0s`193445 missed {
 is already Found: false).
 Position: LorenzVec{x=-96.28125, y=71.0, z=25.625}
 DistanceC: 11.125
Relative Position: LorenzVec{x=4.21875, y=0.0, z=11.125}
 }
00:16:59 `§a3.0s`193551 missed {
 is already Found: false).
 Position: LorenzVec{x=-103.875, y=72.0, z=29.885416666666664}
 DistanceC: 15.385416666666664
Relative Position: LorenzVec{x=-3.375, y=1.0, z=15.385416666666664}
 }
00:17:04 `§a3.0s`193682 missed {
 is already Found: false).
 Position: LorenzVec{x=-116.58333333333334, y=72.0, z=13.15625}
 DistanceC: 16.083333333333343
Relative Position: LorenzVec{x=-16.083333333333343, y=1.0, z=-1.34375}
 }
00:17:04 `§e2.0s`193685 missed {
 is already Found: false).
 Position: LorenzVec{x=-108.4375, y=71.0, z=25.0625}
 DistanceC: 10.5625
Relative Position: LorenzVec{x=-7.9375, y=0.0, z=10.5625}
 }
00:17:04 `§e2.0s`193687 missed {
 is already Found: false).
 Position: LorenzVec{x=-112.92283950617283, y=71.0, z=10.389660493827162}
 DistanceC: 12.422839506172835
Relative Position: LorenzVec{x=-12.422839506172835, y=0.0, z=-4.1103395061728385}
 }
00:17:12 `§a3.0s`193756 missed {
 is already Found: false).
 Position: LorenzVec{x=-101.14583333333333, y=72.0, z=31.03125}
 DistanceC: 16.53125
Relative Position: LorenzVec{x=-0.6458333333333286, y=1.0, z=16.53125}
 }
00:17:12 `§a3.0s`193757 missed {
 is already Found: false).
 Position: LorenzVec{x=-107.67708333333333, y=72.0, z=29.416666666666668}
 DistanceC: 14.916666666666668
Relative Position: LorenzVec{x=-7.177083333333329, y=1.0, z=14.916666666666668}
 }
00:17:12 `§c1.0s`193759 missed {
 is already Found: false).
 Position: LorenzVec{x=-93.22222222222223, y=72.0, z=29.215277777777775}
 DistanceC: 14.715277777777775
Relative Position: LorenzVec{x=7.2777777777777715, y=1.0, z=14.715277777777775}
 }
00:17:20 `Zombie`194005 missed {
 is already Found: false).
 Position: LorenzVec{x=-112.625, y=72.0, z=24.46875}
 DistanceC: 12.125
Relative Position: LorenzVec{x=-12.125, y=1.0, z=9.96875}
 }
00:17:20 `§e1.1s`194007 missed {
 is already Found: false).
 Position: LorenzVec{x=-114.15625, y=72.5, z=23.34375}
 DistanceC: 13.65625
Relative Position: LorenzVec{x=-13.65625, y=1.5, z=8.84375}
 }
00:17:20 `Zombie`194009 missed {
 is already Found: false).
 Position: LorenzVec{x=-114.0, y=71.0, z=13.875}
 DistanceC: 13.5
Relative Position: LorenzVec{x=-13.5, y=0.0, z=-0.625}
 }
00:17:20 `§e2.0s`194011 missed {
 is already Found: false).
 Position: LorenzVec{x=-112.89583333333333, y=71.0, z=10.354166666666666}
 DistanceC: 12.395833333333329
Relative Position: LorenzVec{x=-12.395833333333329, y=0.0, z=-4.145833333333334}
 }
00:17:29 `§a3.0s`194087 missed {
 is already Found: false).
 Position: LorenzVec{x=-93.5625, y=72.0, z=28.916666666666664}
 DistanceC: 14.416666666666664
Relative Position: LorenzVec{x=6.9375, y=1.0, z=14.416666666666664}
 }
00:17:29 `§c1.0s`194089 missed {
 is already Found: false).
 Position: LorenzVec{x=-111.91460905349794, y=72.0, z=25.62281378600823}
 DistanceC: 11.41460905349794
Relative Position: LorenzVec{x=-11.41460905349794, y=1.0, z=11.12281378600823}
 }
00:17:29 `§e2.0s`194090 missed {
 is already Found: false).
 Position: LorenzVec{x=-103.01507487425698, y=72.0, z=30.5}
 DistanceC: 16.0
Relative Position: LorenzVec{x=-2.5150748742569817, y=1.0, z=16.0}
 }
00:17:29 `§a3.0s`194091 missed {
 is already Found: false).
 Position: LorenzVec{x=-108.89583333333334, y=71.0, z=24.552083333333336}
 DistanceC: 10.052083333333336
Relative Position: LorenzVec{x=-8.395833333333343, y=0.0, z=10.052083333333336}
 }
00:17:37 `§c0.1s`194348 missed {
 is already Found: false).
 Position: LorenzVec{x=-93.34375, y=72.0, z=28.90625}
 DistanceC: 14.40625
Relative Position: LorenzVec{x=7.15625, y=1.0, z=14.40625}
 }
00:17:37 `§a3.0s`194350 missed {
 is already Found: false).
 Position: LorenzVec{x=-107.73958333333333, y=72.0, z=29.4375}
 DistanceC: 14.9375
Relative Position: LorenzVec{x=-7.239583333333329, y=1.0, z=14.9375}
 }
00:17:37 `§a3.0s`194351 missed {
 is already Found: false).
 Position: LorenzVec{x=-106.97916666666667, y=72.0, z=29.020833333333332}
 DistanceC: 14.520833333333332
Relative Position: LorenzVec{x=-6.479166666666671, y=1.0, z=14.520833333333332}
 }
00:17:37 `§a3.0s`194352 missed {
 is already Found: false).
 Position: LorenzVec{x=-115.97916666666667, y=72.0, z=9.875}
 DistanceC: 15.479166666666671
Relative Position: LorenzVec{x=-15.479166666666671, y=1.0, z=-4.625}
 }
00:17:37 `§c1.0s`194353 missed {
 is already Found: false).
 Position: LorenzVec{x=-116.5, y=72.0, z=17.35648148148148}
 DistanceC: 16.0
Relative Position: LorenzVec{x=-16.0, y=1.0, z=2.856481481481481}
 }
00:17:37 `§a3.0s`194355 missed {
 is already Found: false).
 Position: LorenzVec{x=-112.875, y=71.0, z=19.65625}
 DistanceC: 12.375
Relative Position: LorenzVec{x=-12.375, y=0.0, z=5.15625}
 }
00:17:37 `§a3.0s`194356 missed {
 is already Found: false).
 Position: LorenzVec{x=-111.53125, y=71.0, z=7.59375}
 DistanceC: 11.03125
Relative Position: LorenzVec{x=-11.03125, y=0.0, z=-6.90625}
 }
00:17:45 `§a2.9s`194536 missed {
 is already Found: false).
 Position: LorenzVec{x=-93.5, y=72.0, z=29.0}
 DistanceC: 14.5
Relative Position: LorenzVec{x=7.0, y=1.0, z=14.5}
 }
00:17:45 `§c0.9s`194537 missed {
 is already Found: false).
 Position: LorenzVec{x=-116.63657407407408, y=72.0, z=11.960648148148147}
 DistanceC: 16.136574074074076
Relative Position: LorenzVec{x=-16.136574074074076, y=1.0, z=-2.539351851851853}
 }
00:17:45 `§c0.9s`194538 missed {
 is already Found: false).
 Position: LorenzVec{x=-114.55555555555556, y=72.125, z=22.931712962962962}
 DistanceC: 14.055555555555557
Relative Position: LorenzVec{x=-14.055555555555557, y=1.125, z=8.431712962962962}
 }
00:17:45 `§a2.9s`194540 missed {
 is already Found: false).
 Position: LorenzVec{x=-114.0, y=71.0, z=13.5}
 DistanceC: 13.5
Relative Position: LorenzVec{x=-13.5, y=0.0, z=-1.0}
 }
00:17:45 `§e1.9s`194541 missed {
 is already Found: false).
 Position: LorenzVec{x=-111.67476851851852, y=71.0, z=7.892361111111112}
 DistanceC: 11.174768518518519
Relative Position: LorenzVec{x=-11.174768518518519, y=0.0, z=-6.607638888888888}
 }
00:17:53 `§c0.1s`194725 missed {
 is already Found: false).
 Position: LorenzVec{x=-108.0625, y=72.0, z=28.8125}
 DistanceC: 14.3125
Relative Position: LorenzVec{x=-7.5625, y=1.0, z=14.3125}
 }
00:17:53 `§a3.0s`194726 missed {
 is already Found: false).
 Position: LorenzVec{x=-116.0, y=72.0, z=16.59375}
 DistanceC: 15.5
Relative Position: LorenzVec{x=-15.5, y=1.0, z=2.09375}
 }
00:17:53 `§a3.0s`194727 missed {
 is already Found: false).
 Position: LorenzVec{x=-116.78125, y=72.0, z=12.104166666666668}
 DistanceC: 16.28125
Relative Position: LorenzVec{x=-16.28125, y=1.0, z=-2.395833333333332}
 }
00:17:53 `§a3.0s`194728 missed {
 is already Found: false).
 Position: LorenzVec{x=-112.82291666666666, y=72.0, z=24.364583333333336}
 DistanceC: 12.322916666666657
Relative Position: LorenzVec{x=-12.322916666666657, y=1.0, z=9.864583333333336}
 }
00:17:53 `§c1.0s`194729 missed {
 is already Found: false).
 Position: LorenzVec{x=-109.63541666666666, y=72.0, z=28.21875}
 DistanceC: 13.71875
Relative Position: LorenzVec{x=-9.135416666666657, y=1.0, z=13.71875}
 }
00:17:53 `§e2.0s`194730 missed {
 is already Found: false).
 Position: LorenzVec{x=-116.46797839506172, y=72.0, z=18.494212962962962}
 DistanceC: 15.96797839506172
Relative Position: LorenzVec{x=-15.96797839506172, y=1.0, z=3.994212962962962}
 }
00:17:53 `§a3.0s`194731 missed {
 is already Found: false).
 Position: LorenzVec{x=-108.86458333333334, y=71.0, z=24.5625}
 DistanceC: 10.0625
Relative Position: LorenzVec{x=-8.364583333333343, y=0.0, z=10.0625}
 }
00:17:53 `§e2.0s`194733 missed {
 is already Found: false).
 Position: LorenzVec{x=-109.34375, y=71.0, z=23.90625}
 DistanceC: 9.40625
Relative Position: LorenzVec{x=-8.84375, y=0.0, z=9.40625}
 }
00:18:01 `§c0.1s`194804 missed {
 is already Found: false).
 Position: LorenzVec{x=-116.4633487654321, y=72.0, z=13.844393004115226}
 DistanceC: 15.963348765432102
Relative Position: LorenzVec{x=-15.963348765432102, y=1.0, z=-0.6556069958847743}
 }
00:18:01 `§c1.0s`194806 missed {
 is already Found: false).
 Position: LorenzVec{x=-93.21527777777777, y=72.0, z=29.19675925925926}
 DistanceC: 14.69675925925926
Relative Position: LorenzVec{x=7.2847222222222285, y=1.0, z=14.69675925925926}
 }
00:18:01 `§e2.0s`194807 missed {
 is already Found: false).
 Position: LorenzVec{x=-113.70370370370371, y=72.0, z=23.78935185185185}
 DistanceC: 13.20370370370371
Relative Position: LorenzVec{x=-13.20370370370371, y=1.0, z=9.289351851851851}
 }
00:18:01 `§e2.0s`194808 missed {
 is already Found: false).
 Position: LorenzVec{x=-103.11824131229994, y=72.0, z=30.5}
 DistanceC: 16.0
Relative Position: LorenzVec{x=-2.6182413122999435, y=1.0, z=16.0}
 }
00:18:01 `§e2.0s`194809 missed {
 is already Found: false).
 Position: LorenzVec{x=-94.48726851851852, y=72.0, z=28.580246913580247}
 DistanceC: 14.080246913580247
Relative Position: LorenzVec{x=6.012731481481481, y=1.0, z=14.080246913580247}
 }
00:18:01 `§a3.0s`194810 missed {
 is already Found: false).
 Position: LorenzVec{x=-111.75, y=71.0, z=21.25}
 DistanceC: 11.25
Relative Position: LorenzVec{x=-11.25, y=0.0, z=6.75}
 }
00:18:01 `§a3.0s`194812 missed {
 is already Found: false).
 Position: LorenzVec{x=-95.5, y=71.0, z=26.65625}
 DistanceC: 12.15625
Relative Position: LorenzVec{x=5.0, y=0.0, z=12.15625}
 }
00:18:09 `§c0.1s`194892 missed {
 is already Found: false).
 Position: LorenzVec{x=-116.03125, y=72.0, z=19.375}
 DistanceC: 15.53125
Relative Position: LorenzVec{x=-15.53125, y=1.0, z=4.875}
 }
00:18:09 `§a3.0s`194893 missed {
 is already Found: false).
 Position: LorenzVec{x=-116.78125, y=72.0, z=12.104166666666668}
 DistanceC: 16.28125
Relative Position: LorenzVec{x=-16.28125, y=1.0, z=-2.395833333333332}
 }
00:18:09 `§c1.0s`194895 missed {
 is already Found: false).
 Position: LorenzVec{x=-115.77546296296296, y=72.0, z=9.037037037037038}
 DistanceC: 15.275462962962962
Relative Position: LorenzVec{x=-15.275462962962962, y=1.0, z=-5.462962962962962}
 }
00:18:09 `§a3.0s`194898 missed {
 is already Found: false).
 Position: LorenzVec{x=-113.0625, y=71.0, z=11.572916666666668}
 DistanceC: 12.5625
Relative Position: LorenzVec{x=-12.5625, y=0.0, z=-2.927083333333332}
 }
00:18:36 `§a3.0s`195453 missed {
 is already Found: false).
 Position: LorenzVec{x=-95.625, y=71.0, z=25.916666666666664}
 DistanceC: 11.416666666666664
Relative Position: LorenzVec{x=4.875, y=0.0, z=11.416666666666664}
 }
00:18:51 `§e2.0s`195713 missed {
 is already Found: false).
 Position: LorenzVec{x=-116.0, y=72.0, z=10.83449074074074}
 DistanceC: 15.5
Relative Position: LorenzVec{x=-15.5, y=1.0, z=-3.6655092592592595}
 }
00:18:56 `§c1.0s`195737 missed {
 is already Found: false).
 Position: LorenzVec{x=-116.91666666666667, y=72.0, z=12.59375}
 DistanceC: 16.41666666666667
Relative Position: LorenzVec{x=-16.41666666666667, y=1.0, z=-1.90625}
 }
00:18:56 `§c1.0s`195738 missed {
 is already Found: false).
 Position: LorenzVec{x=-116.54166666666667, y=72.0, z=11.8125}
 DistanceC: 16.04166666666667
Relative Position: LorenzVec{x=-16.04166666666667, y=1.0, z=-2.6875}
 }
00:18:56 `§a3.0s`195741 missed {
 is already Found: false).
 Position: LorenzVec{x=-110.1875, y=71.0, z=22.8125}
 DistanceC: 9.6875
Relative Position: LorenzVec{x=-9.6875, y=0.0, z=8.3125}
 }
00:19:04 `§a3.0s`195784 missed {
 is already Found: false).
 Position: LorenzVec{x=-112.88888888888889, y=72.0, z=24.329861111111114}
 DistanceC: 12.388888888888886
Relative Position: LorenzVec{x=-12.388888888888886, y=1.0, z=9.829861111111114}
 }
00:19:04 `§a3.0s`195785 missed {
 is already Found: false).
 Position: LorenzVec{x=-115.98958333333334, y=72.0, z=9.972222222222221}
 DistanceC: 15.489583333333343
Relative Position: LorenzVec{x=-15.489583333333343, y=1.0, z=-4.527777777777779}
 }
00:19:04 `§a3.0s`195787 missed {
 is already Found: false).
 Position: LorenzVec{x=-105.47569444444446, y=71.0, z=26.951388888888886}
 DistanceC: 12.451388888888886
Relative Position: LorenzVec{x=-4.975694444444457, y=0.0, z=12.451388888888886}
 }
00:19:04 `Zombie`195788 missed {
 is already Found: false).
 Position: LorenzVec{x=-109.84375, y=71.0, z=23.15625}
 DistanceC: 9.34375
Relative Position: LorenzVec{x=-9.34375, y=0.0, z=8.65625}
 }
00:19:12 `Zombie`195822 missed {
 is already Found: false).
 Position: LorenzVec{x=-112.21875, y=71.0, z=9.3125}
 DistanceC: 11.71875
Relative Position: LorenzVec{x=-11.71875, y=0.0, z=-5.1875}
 }
00:19:12 `Zombie`195823 missed {
 is already Found: false).
 Position: LorenzVec{x=-110.28125, y=71.0, z=22.71875}
 DistanceC: 9.78125
Relative Position: LorenzVec{x=-9.78125, y=0.0, z=8.21875}
 }
00:19:12 `§a2.0s`195824 missed {
 is already Found: false).
 Position: LorenzVec{x=-101.7800925925926, y=71.0, z=27.62384259259259}
 DistanceC: 13.123842592592592
Relative Position: LorenzVec{x=-1.2800925925925952, y=0.0, z=13.123842592592592}
 }
00:19:21 `§a2.5s`195959 missed {
 is already Found: false).
 Position: LorenzVec{x=-115.90740740740742, y=72.0, z=20.65509259259259}
 DistanceC: 15.407407407407419
Relative Position: LorenzVec{x=-15.407407407407419, y=1.0, z=6.155092592592592}
 }
00:19:21 `§a2.5s`195960 missed {
 is already Found: false).
 Position: LorenzVec{x=-96.5, y=72.0, z=30.0}
 DistanceC: 15.5
Relative Position: LorenzVec{x=4.0, y=1.0, z=15.5}
 }
00:19:28 `§a2.9s`195986 missed {
 is already Found: false).
 Position: LorenzVec{x=-115.9906121399177, y=72.0, z=8.606824417009603}
 DistanceC: 15.490612139917701
Relative Position: LorenzVec{x=-15.490612139917701, y=1.0, z=-5.893175582990397}
 }
00:19:28 `§a2.9s`195987 missed {
 is already Found: false).
 Position: LorenzVec{x=-115.82175925925925, y=72.0, z=8.12062757201646}
 DistanceC: 15.321759259259252
Relative Position: LorenzVec{x=-15.321759259259252, y=1.0, z=-6.37937242798354}
 }
00:19:28 `§a2.9s`195991 missed {
 is already Found: false).
 Position: LorenzVec{x=-111.57291666666667, y=71.0, z=7.677083333333333}
 DistanceC: 11.072916666666671
Relative Position: LorenzVec{x=-11.072916666666671, y=0.0, z=-6.822916666666667}
 }
00:19:28 `§a2.9s`195992 missed {
 is already Found: false).
 Position: LorenzVec{x=-113.07291666666667, y=71.0, z=11.565972222222223}
 DistanceC: 12.572916666666671
Relative Position: LorenzVec{x=-12.572916666666671, y=0.0, z=-2.934027777777777}
 }
00:19:36 `§a3.0s`196010 missed {
 is already Found: false).
 Position: LorenzVec{x=-93.40625, y=72.0, z=28.916666666666664}
 DistanceC: 14.416666666666664
Relative Position: LorenzVec{x=7.09375, y=1.0, z=14.416666666666664}
 }
00:19:36 `§c1.0s`196011 missed {
 is already Found: false).
 Position: LorenzVec{x=-107.54819536007747, y=72.0, z=29.48344305583113}
 DistanceC: 14.983443055831131
Relative Position: LorenzVec{x=-7.048195360077472, y=1.0, z=14.983443055831131}
 }
00:19:36 `§e2.0s`196013 missed {
 is already Found: false).
 Position: LorenzVec{x=-101.42232510288065, y=72.0, z=30.93840020576132}
 DistanceC: 16.43840020576132
Relative Position: LorenzVec{x=-0.9223251028806487, y=1.0, z=16.43840020576132}
 }
00:19:36 `§a3.0s`196015 missed {
 is already Found: false).
 Position: LorenzVec{x=-109.125, y=71.0, z=24.229166666666664}
 DistanceC: 9.729166666666664
Relative Position: LorenzVec{x=-8.625, y=0.0, z=9.729166666666664}
 }
00:19:44 `§a2.9s`196049 missed {
 is already Found: false).
 Position: LorenzVec{x=-115.99305555555556, y=72.0, z=10.083333333333334}
 DistanceC: 15.493055555555557
Relative Position: LorenzVec{x=-15.493055555555557, y=1.0, z=-4.416666666666666}
 }
00:19:44 `§a2.9s`196050 missed {
 is already Found: false).
 Position: LorenzVec{x=-113.0, y=72.0, z=24.3125}
 DistanceC: 12.5
Relative Position: LorenzVec{x=-12.5, y=1.0, z=9.8125}
 }
00:19:44 `§e1.9s`196052 missed {
 is already Found: false).
 Position: LorenzVec{x=-116.5, y=72.0, z=10.916666666666666}
 DistanceC: 16.0
Relative Position: LorenzVec{x=-16.0, y=1.0, z=-3.583333333333334}
 }
00:19:44 `§a2.9s`196053 missed {
 is already Found: false).
 Position: LorenzVec{x=-105.2986111111111, y=71.0, z=26.98611111111111}
 DistanceC: 12.48611111111111
Relative Position: LorenzVec{x=-4.7986111111111, y=0.0, z=12.48611111111111}
 }
00:19:44 `§a2.9s`196054 missed {
 is already Found: false).
 Position: LorenzVec{x=-107.17708333333333, y=71.0, z=25.993055555555557}
 DistanceC: 11.493055555555557
Relative Position: LorenzVec{x=-6.677083333333329, y=0.0, z=11.493055555555557}
 }
00:19:44 `§a2.9s`196055 missed {
 is already Found: false).
 Position: LorenzVec{x=-111.57291666666667, y=71.0, z=7.677083333333333}
 DistanceC: 11.072916666666671
Relative Position: LorenzVec{x=-11.072916666666671, y=0.0, z=-6.822916666666667}
 }
00:19:52 `§a3.0s`196075 missed {
 is already Found: false).
 Position: LorenzVec{x=-105.45833333333334, y=72.0, z=30.041666666666664}
 DistanceC: 15.541666666666664
Relative Position: LorenzVec{x=-4.958333333333343, y=1.0, z=15.541666666666664}
 }
00:19:52 `§c1.0s`196076 missed {
 is already Found: false).
 Position: LorenzVec{x=-116.0, y=72.0, z=19.349537037037038}
 DistanceC: 15.5
Relative Position: LorenzVec{x=-15.5, y=1.0, z=4.849537037037038}
 }
00:19:52 `§e2.0s`196078 missed {
 is already Found: false).
 Position: LorenzVec{x=-116.0, y=72.0, z=10.83449074074074}
 DistanceC: 15.5
Relative Position: LorenzVec{x=-15.5, y=1.0, z=-3.6655092592592595}
 }
00:19:52 `§e2.0s`196079 missed {
 is already Found: false).
 Position: LorenzVec{x=-93.97993827160494, y=72.0, z=29.751929012345677}
 DistanceC: 15.251929012345677
Relative Position: LorenzVec{x=6.5200617283950635, y=1.0, z=15.251929012345677}
 }
00:19:52 `§a3.0s`196080 missed {
 is already Found: false).
 Position: LorenzVec{x=-105.38541666666666, y=71.0, z=26.979166666666664}
 DistanceC: 12.479166666666664
Relative Position: LorenzVec{x=-4.885416666666657, y=0.0, z=12.479166666666664}
 }
00:20:00 `§c0.1s`196119 missed {
 is already Found: false).
 Position: LorenzVec{x=-113.35943911811606, y=72.0, z=24.091753308821083}
 DistanceC: 12.859439118116057
Relative Position: LorenzVec{x=-12.859439118116057, y=1.0, z=9.591753308821083}
 }
00:20:00 `§a3.0s`196121 missed {
 is already Found: false).
 Position: LorenzVec{x=-115.84375, y=72.0, z=8.1875}
 DistanceC: 15.34375
Relative Position: LorenzVec{x=-15.34375, y=1.0, z=-6.3125}
 }
00:20:00 `§a3.0s`196122 missed {
 is already Found: false).
 Position: LorenzVec{x=-115.33333333333334, y=72.0, z=21.885416666666664}
 DistanceC: 14.833333333333343
Relative Position: LorenzVec{x=-14.833333333333343, y=1.0, z=7.385416666666664}
 }
00:20:00 `§c1.0s`196123 missed {
 is already Found: false).
 Position: LorenzVec{x=-97.5667438271605, y=72.0, z=30.41628086419753}
 DistanceC: 15.916280864197532
Relative Position: LorenzVec{x=2.9332561728395063, y=1.0, z=15.916280864197532}
 }
00:20:00 `§e2.0s`196127 missed {
 is already Found: false).
 Position: LorenzVec{x=-111.97688042981252, y=71.0, z=8.611354023776864}
 DistanceC: 11.476880429812525
Relative Position: LorenzVec{x=-11.476880429812525, y=0.0, z=-5.8886459762231365}
 }
00:20:08 `§a3.0s`196161 missed {
 is already Found: false).
 Position: LorenzVec{x=-93.5625, y=72.0, z=28.916666666666664}
 DistanceC: 14.416666666666664
Relative Position: LorenzVec{x=6.9375, y=1.0, z=14.416666666666664}
 }
00:20:08 `§a3.0s`196162 missed {
 is already Found: false).
 Position: LorenzVec{x=-102.46875, y=72.0, z=30.40625}
 DistanceC: 15.90625
Relative Position: LorenzVec{x=-1.96875, y=1.0, z=15.90625}
 }
00:20:08 `§e2.0s`196164 missed {
 is already Found: false).
 Position: LorenzVec{x=-96.96296296296296, y=72.0, z=30.5}
 DistanceC: 16.0
Relative Position: LorenzVec{x=3.537037037037038, y=1.0, z=16.0}
 }
00:20:08 `§a3.0s`196165 missed {
 is already Found: false).
 Position: LorenzVec{x=-108.86458333333334, y=71.0, z=24.552083333333336}
 DistanceC: 10.052083333333336
Relative Position: LorenzVec{x=-8.364583333333343, y=0.0, z=10.052083333333336}
 }
00:20:08 `§e1.9s`196167 missed {
 is already Found: false).
 Position: LorenzVec{x=-96.82000171467764, y=71.00565843621399, z=27.008487654320987}
 DistanceC: 12.508487654320987
Relative Position: LorenzVec{x=3.6799982853223554, y=0.005658436213991536, z=12.508487654320987}
 }
00:20:36 `p16n1f15cq`367 missed {
 is already Found: false).
 Position: LorenzVec{x=-59.5, y=89.0, z=-16.5}
 DistanceC: 20.80000001192093
Relative Position: LorenzVec{x=20.80000001192093, y=19.0, z=-8.439678367707973}
 }
00:23:08 `p16n1f15cq`367 missed {
 is already Found: false).
 Position: LorenzVec{x=-59.5, y=89.0, z=-16.5}
 DistanceC: 19.0
Relative Position: LorenzVec{x=19.0, y=17.0, z=-15.0}
 }
00:33:15 `p16n1f15cq`367 missed {
 is already Found: false).
 Position: LorenzVec{x=-59.5, y=89.0, z=-16.5}
 DistanceC: 20.80000001192093
Relative Position: LorenzVec{x=20.80000001192093, y=19.0, z=-9.148534942466076}
 }
00:36:42 `98vd6xla9k`235 missed {
 is already Found: false).
 Position: LorenzVec{x=-134.5, y=73.0, z=-97.5}
 DistanceC: 18.67890419541625
Relative Position: LorenzVec{x=-18.67890419541625, y=-3.7843033101724473, z=-14.278179721881898}
 }
00:36:50 `9914q8ncul`336 missed {
 is already Found: false).
 Position: LorenzVec{x=-78.0, y=70.0, z=-70.0}
 DistanceC: 22.64249986489324
Relative Position: LorenzVec{x=21.344146877988067, y=-1.0, z=22.64249986489324}
 }
