13:43:09 Visitor status change for '§aAlchemist': NEW -> WAITING (tooltipMissingItems)
13:43:12 Visitor status change for '§9Emissary Sisko': NEW -> WAITING (tooltipMissingItems)
13:43:15 Visitor status change for '§aJotraeline Greatforge': NEW -> WAITING (tooltipMissingItems)
13:43:15 Visitor status change for '§aJotraeline Greatforge': WAITING -> READY (hasItems)
13:43:17 Visitor status change for '§aJotraeline Greatforge': READY -> REFUSED (refused)
13:43:18 Visitor status change for '§aWeaponsmith': NEW -> WAITING (tooltipMissingItems)
13:43:21 Visitor status change for '§aWeaponsmith': WAITING -> REFUSED (refused)
13:43:22 Visitor status change for '§9Zog': NEW -> WAITING (tooltipMissingItems)
13:43:23 Visitor status change for '§9Zog': WAITING -> REFUSED (refused)
13:43:25 Visitor status change for '§9Emissary Sisko': WAITING -> REFUSED (refused)
13:43:27 Visitor status change for '§aAlchemist': WAITING -> REFUSED (refused)
18:49:23 Visitor status change for '§aOringo': NEW -> WAITING (tooltipMissingItems)
18:49:23 Visitor status change for '§aOringo': WAITING -> READY (hasItems)
18:49:25 Visitor status change for '§aOringo': READY -> REFUSED (refused)
18:49:27 Visitor status change for '§aHungry Hiker': NEW -> WAITING (tooltipMissingItems)
18:49:28 Visitor status change for '§aHungry Hiker': WAITING -> REFUSED (refused)
18:49:30 Visitor status change for '§aMason': NEW -> WAITING (tooltipMissingItems)
18:49:31 Visitor status change for '§aMason': WAITING -> REFUSED (refused)
18:49:32 Visitor status change for '§aJack': NEW -> WAITING (tooltipMissingItems)
18:49:34 Visitor status change for '§aJack': WAITING -> REFUSED (refused)
18:49:34 Visitor status change for '§aFear Mongerer': NEW -> WAITING (tooltipMissingItems)
18:49:36 Visitor status change for '§aFear Mongerer': WAITING -> REFUSED (refused)
