14:11:56 [BESTIARY] §f                                  §6§lBESTIARY
14:11:56 [BESTIARY] §f                          §b§lGlacite Caver §7§8X §8➡§b §bXI
14:11:56 [BESTIARY] 
14:11:56 [BESTIARY] §f                                  §r§6§lREWARDS
14:11:56 [BESTIARY] §f                      §r§8+§r§a4 Glacite Caver §r§b✯ Magic Find
14:11:56 [BESTIARY] §f                      §r§8+§r§a4 Glacite Caver §r§c❁ Strength
14:11:56 [BESTIARY] §f                          §r§8+§r§62% §r§aGlacite Caver §r§7coins
14:11:56 [BESTIARY] §f                    §r§8+§r§a50% §r§7chance for extra XP orbs
14:11:56 [BESTIARY] §f                               §r§8+§r§b1 SkyBlock XP
14:11:56 [BESTIARY] 
14:11:56 [BESTIARY] §3§l▬▬▬▬▬▬▬▬▬▬▬▬▬▬▬▬▬▬▬▬▬▬▬▬▬▬▬▬▬▬▬▬▬▬▬▬▬▬▬▬▬▬▬▬▬▬▬▬▬▬▬▬▬▬▬▬▬▬▬▬▬▬▬▬
14:26:07 [BESTIARY] §f                                  §6§lBESTIARY
14:26:07 [BESTIARY] §f                         §b§lGlacite Bowman §7§8X §8➡§b §bXI
14:26:07 [BESTIARY] 
14:26:07 [BESTIARY] §f                                  §r§6§lREWARDS
14:26:07 [BESTIARY] §f                     §r§8+§r§a4 Glacite Bowman §r§b✯ Magic Find
14:26:07 [BESTIARY] §f                      §r§8+§r§a4 Glacite Bowman §r§c❁ Strength
14:26:07 [BESTIARY] §f                         §r§8+§r§62% §r§aGlacite Bowman §r§7coins
14:26:08 [BESTIARY] §f                    §r§8+§r§a50% §r§7chance for extra XP orbs
14:26:08 [BESTIARY] §f                               §r§8+§r§b1 SkyBlock XP
14:26:08 [BESTIARY] 
14:26:08 [BESTIARY] §3§l▬▬▬▬▬▬▬▬▬▬▬▬▬▬▬▬▬▬▬▬▬▬▬▬▬▬▬▬▬▬▬▬▬▬▬▬▬▬▬▬▬▬▬▬▬▬▬▬▬▬▬▬▬▬▬▬▬▬▬▬▬▬▬▬
14:40:46 [BESTIARY] §f                                  §6§lBESTIARY
14:40:46 [BESTIARY] §f                          §b§lGlacite Mage §7§8X §8➡§b §bXI
14:40:46 [BESTIARY] 
14:40:46 [BESTIARY] §f                                  §r§6§lREWARDS
14:40:46 [BESTIARY] §f                      §r§8+§r§a4 Glacite Mage §r§b✯ Magic Find
14:40:46 [BESTIARY] §f                       §r§8+§r§a4 Glacite Mage §r§c❁ Strength
14:40:46 [BESTIARY] §f                          §r§8+§r§62% §r§aGlacite Mage §r§7coins
14:40:46 [BESTIARY] §f                    §r§8+§r§a50% §r§7chance for extra XP orbs
14:40:46 [BESTIARY] §f                               §r§8+§r§b1 SkyBlock XP
14:40:46 [BESTIARY] 
14:40:46 [BESTIARY]   §r§f                         §6§lBESTIARY MILESTONE
14:40:46 [BESTIARY]   §r§f                                §8CCVII➡§eCCVIII
14:40:46 [BESTIARY] 
14:40:46 [BESTIARY] §3§l▬▬▬▬▬▬▬▬▬▬▬▬▬▬▬▬▬▬▬▬▬▬▬▬▬▬▬▬▬▬▬▬▬▬▬▬▬▬▬▬▬▬▬▬▬▬▬▬▬▬▬▬▬▬▬▬▬▬▬▬▬▬▬▬
21:28:18 [GARDEN_VISITOR_MESSAGE] §e[NPC] §aTom§f: §r§fI don't have a recipe for you, however I'd happily take some crops.
21:28:22 [GARDEN_VISITOR_MESSAGE] §e[NPC] §aTom§f: §r§fNo problem, see ya next time!
21:28:23 [GARDEN_VISITOR_MESSAGE] §e[NPC] §aFisherman§f: §r§fA Carrot King has been scaring off all the good fish, I need to deal with it before I lose more fish.
21:28:26 [GARDEN_VISITOR_MESSAGE] §e[NPC] §aFisherman§f: §r§fS'alright, we are all busy some days.
21:28:26 [GARDEN_VISITOR_MESSAGE] §e[NPC] §aDuke§f: §rYou seem new here. You should probably try to get some §aEnchanted Sugar §ffor me.
21:28:31 [GARDEN_VISITOR_MESSAGE] §e[NPC] §aDuke§f: §r§fMaybe next time.
21:28:32 [GARDEN_VISITOR_MESSAGE] §e[NPC] §aHungry Hiker§f: §r§fHello there, I seem to be stuck here with no good food to eat, could you bring me some square orange fruits?
21:28:37 [GARDEN_VISITOR_MESSAGE] §e[NPC] §aHungry Hiker§f: §r§fI guess I'll just go hungry then...
21:28:38 [GARDEN_VISITOR_MESSAGE] §e[NPC] §9Tia the Fairy§f: §rYou are currently missing §d12 §fFairy Souls. Better get to work!
21:29:05 [GARDEN_VISITOR_MESSAGE] §e[NPC] §9Tia the Fairy§f: §rThat's exactly what I needed!
21:32:56 [NEW_VISITOR_ARRIVED] §9§r§9Seymour §r§ehas arrived on your §r§bGarden§r§e!
00:01:37 [GARDEN_VISITOR_MESSAGE] §e[NPC] §9Seymour§f: §r§fWanting to buy something from me? I got some pretty fancy tuxedos for sale, for a price of a small fortune.
00:01:46 [GARDEN_VISITOR_MESSAGE] §e[NPC] §6Jerry§f: §rHello §aHotBaconWasTaken§f. Glad to meet you here. I need some §aEnchanted Golden Carrot§f.
00:01:56 [GARDEN_VISITOR_MESSAGE] §e[NPC] §aRyu§f: §r§fDid you know that there is a Garden Level? Increase it by hitting milestones or selling to customers like me!
00:01:58 [GARDEN_VISITOR_MESSAGE] §e[NPC] §aLibrarian§f: §r§fGreetings! I've been running low on paper recently for my Enchanted Books, could you bring me some Sugar Cane?
00:02:00 [GARDEN_VISITOR_MESSAGE] §e[NPC] §aLynn§f: §r§fIf you ever get lost, you should check on the Desk on what to do next.
00:17:15 [GARDEN_VISITOR_MESSAGE] §e[NPC] §6Jerry§f: §r§fThis is not my realm. I must return. Thank you.
00:17:19 [NEW_VISITOR_ARRIVED] §9§r§9Rusty §r§ehas arrived on your §r§bGarden§r§e!
00:17:20 [GARDEN_VISITOR_MESSAGE] §e[NPC] §aLynn§f: §r§fHave a good one.
00:17:28 [GARDEN_VISITOR_MESSAGE] §e[NPC] §9Rusty§f: §rEver wondered how I find all the things that other players lost? I outsource it. Right now, someone is looking for their §9Mutant Nether Wart§f. Can you find that for me?
00:17:34 [GARDEN_VISITOR_MESSAGE] §e[NPC] §9Rusty§f: §r§fTurns out, if you want something done, you have to do it yourself.
00:17:41 [GARDEN_VISITOR_MESSAGE] §e[NPC] §aRyu§f: §r§fThat's alright.
00:17:45 [GARDEN_VISITOR_MESSAGE] §e[NPC] §aLibrarian§f: §r§fVery unfortunate, I really needed that paper...
00:17:47 [GARDEN_VISITOR_MESSAGE] §e[NPC] §9Seymour§f: §r§f*sigh* You're missing out on some awfully fancy gear.
00:54:38 [GARDEN_VISITOR_MESSAGE] §e[NPC] §aTom§f: §r§fI don't have a recipe for you, however I'd happily take some crops.
00:54:41 [GARDEN_VISITOR_MESSAGE] §e[NPC] §aDuke§f: §rYou seem new here. You should probably try to get some §aEnchanted Cactus Green §ffor me.
00:54:42 [GARDEN_VISITOR_MESSAGE] §e[NPC] §aFear Mongerer§f: §r§fMortal, the time of reckoning is near. The Past will light the future.
