11:54:56 §e[SkyHanni] §aSkyHanni found a new update: 0.27 Beta 4. Check §b/sh download update §afor more info.§r
11:57:48 §e[SkyHanni] §fYou were in Limbo for §e6s§f.§r
11:59:06 §e[SkyHanni] §fYou were in Limbo for §e3s§f.§r
12:01:30 §e[SkyHanni] §fYou were in Limbo for §e16s§f.§r
12:03:07 §e[SkyHanni] §fYou were in Limbo for §e3s§f.§r
12:55:25 §e[SkyHanni] Located a Umber Corpse and marked its location with a waypoint.§r
12:55:42 §e[SkyHanni] Located a Umber Corpse and marked its location with a waypoint.§r
12:56:05 §e[SkyHanni] Located a Lapis Corpse and marked its location with a waypoint.§r
12:56:12 §e[SkyHanni] Profit for §9Lapis Corpse§e: §661k§r
12:58:01 §e[SkyHanni] Located a Lapis Corpse and marked its location with a waypoint.§r
12:58:06 §e[SkyHanni] Profit for §9Lapis Corpse§e: §6171k§r
12:58:43 §e[SkyHanni] Located a Tungsten Corpse and marked its location with a waypoint.§r
13:00:50 §e[SkyHanni] Located a Lapis Corpse and marked its location with a waypoint.§r
13:00:50 §e[SkyHanni] Profit for §9Lapis Corpse§e: §6131k§r
13:08:28 §e[SkyHanni] Located a Tungsten Corpse and marked its location with a waypoint.§r
13:08:30 §e[SkyHanni] §b+1 SkyBlock XP §7(HOTM Progression§7)§b (49/100)§r
13:09:18 §e[SkyHanni] Located a Lapis Corpse and marked its location with a waypoint.§r
13:09:20 §e[SkyHanni] Profit for §9Lapis Corpse§e: §6133k§r
13:58:24 §e[SkyHanni] Located a Umber Corpse and marked its location with a waypoint.§r
13:58:50 §e[SkyHanni] Located a Umber Corpse and marked its location with a waypoint.§r
14:11:56 §6§lBESTIARY §r§b§lGlacite Caver §7§8X §8➡§b §bXI§r
14:11:56 §e[SkyHanni] §b+1 SkyBlock XP §7(HOTM Progression§7)§b (53/100)§r
14:12:49 §e[SkyHanni] Located a Lapis Corpse and marked its location with a waypoint.§r
14:12:50 §e[SkyHanni] Profit for §9Lapis Corpse§e: §6157k§r
14:13:10 §e[SkyHanni] Located a Umber Corpse and marked its location with a waypoint.§r
14:25:10 §e[SkyHanni] Located a Lapis Corpse and marked its location with a waypoint.§r
14:25:22 §e[SkyHanni] Profit for §9Lapis Corpse§e: §664k§r
14:25:33 §e[SkyHanni] Located a Lapis Corpse and marked its location with a waypoint.§r
14:25:35 §e[SkyHanni] Profit for §9Lapis Corpse§e: §667k§r
14:26:08 §6§lBESTIARY §r§b§lGlacite Bowman §7§8X §8➡§b §bXI§r
14:26:08 §e[SkyHanni] §b+1 SkyBlock XP §7(HOTM Progression§7)§b (55/100)§r
14:40:46 §6§lBESTIARY §r§b§lGlacite Mage §7§8X §8➡§b §bXI§r
14:40:46 §e[SkyHanni] §b+1 SkyBlock XP §7(HOTM Progression§7)§b (57/100)§r
14:40:54 §e[SkyHanni] Located a Lapis Corpse and marked its location with a waypoint.§r
14:40:57 §e[SkyHanni] Profit for §9Lapis Corpse§e: §661k§r
14:41:06 §e[SkyHanni] Located a Tungsten Corpse and marked its location with a waypoint.§r
14:41:31 §e[SkyHanni] Located a Lapis Corpse and marked its location with a waypoint.§r
14:41:33 §e[SkyHanni] Profit for §9Lapis Corpse§e: §6271k§r
14:52:26 §e[SkyHanni] §b+15 SkyBlock XP §7(Unlocking Power§7)§b (72/100)§r
16:58:13 §e[SkyHanni] §fYou were in Limbo for §e19m 9s§f.§r
16:58:19 §e[SkyHanni] §cYour Time Tower just expired and has 2 charges remaining. Click here to use one.§r
18:33:08 §e[SkyHanni] Located a Lapis Corpse and marked its location with a waypoint.§r
18:33:09 §e[SkyHanni] Profit for §9Lapis Corpse§e: §6141k§r
18:33:12 §e[SkyHanni] Located a Umber Corpse and marked its location with a waypoint.§r
18:33:22 §e[SkyHanni] Located a Lapis Corpse and marked its location with a waypoint.§r
18:33:24 §e[SkyHanni] Profit for §9Lapis Corpse§e: §6153k§r
18:50:47 §e[SkyHanni] Profit for §9Lapis Corpse§e: §684k§r
18:50:47 §e[SkyHanni] Located a Lapis Corpse and marked its location with a waypoint.§r
18:51:04 §e[SkyHanni] Located a Lapis Corpse and marked its location with a waypoint.§r
18:51:11 §e[SkyHanni] Profit for §9Lapis Corpse§e: §6135k§r
19:04:30 §e[SkyHanni] Located a Lapis Corpse and marked its location with a waypoint.§r
19:04:35 §e[SkyHanni] Profit for §9Lapis Corpse§e: §6123k§r
19:05:01 §e[SkyHanni] Located a Lapis Corpse and marked its location with a waypoint.§r
19:05:08 §e[SkyHanni] Profit for §9Lapis Corpse§e: §636k§r
19:23:46 §e[SkyHanni] Located a Lapis Corpse and marked its location with a waypoint.§r
19:24:02 §e[SkyHanni] Profit for §9Lapis Corpse§e: §654k§r
19:24:08 §e[SkyHanni] Located a Lapis Corpse and marked its location with a waypoint.§r
19:24:19 §e[SkyHanni] Profit for §9Lapis Corpse§e: §6142k§r
19:46:11 §e[SkyHanni] Located a Lapis Corpse and marked its location with a waypoint.§r
19:46:11 §e[SkyHanni] Profit for §9Lapis Corpse§e: §6116k§r
19:46:48 §e[SkyHanni] Located a Lapis Corpse and marked its location with a waypoint.§r
19:46:49 §e[SkyHanni] Profit for §9Lapis Corpse§e: §689k§r
19:46:54 §e[SkyHanni] Located a Lapis Corpse and marked its location with a waypoint.§r
19:46:57 §e[SkyHanni] Profit for §9Lapis Corpse§e: §6114k§r
19:52:43 §e[SkyHanni] §lCLICK HERE§r§e to grab §ax380 §9§9Enchanted Glacite§e from sacks!§r
20:03:25 §e[SkyHanni] Located a Tungsten Corpse and marked its location with a waypoint.§r
20:03:51 §e[SkyHanni] Located a Tungsten Corpse and marked its location with a waypoint.§r
20:04:02 §e[SkyHanni] Located a Umber Corpse and marked its location with a waypoint.§r
20:43:13 §e[SkyHanni] §lCLICK HERE§r§e to grab §ax382 §9§9Enchanted Umber§e from sacks!§r
20:48:10 §e[SkyHanni] Located a Umber Corpse and marked its location with a waypoint.§r
20:48:18 §e[SkyHanni] Located a Lapis Corpse and marked its location with a waypoint.§r
20:48:22 §e[SkyHanni] Profit for §9Lapis Corpse§e: §628k§r
20:48:42 §e[SkyHanni] Located a Lapis Corpse and marked its location with a waypoint.§r
20:48:44 §e[SkyHanni] Profit for §9Lapis Corpse§e: §644k§r
21:15:02 §e[SkyHanni] Located a Lapis Corpse and marked its location with a waypoint.§r
21:15:14 §e[SkyHanni] Profit for §9Lapis Corpse§e: §649k§r
21:15:30 §e[SkyHanni] Located a Lapis Corpse and marked its location with a waypoint.§r
21:15:45 §e[SkyHanni] Profit for §9Lapis Corpse§e: §6120k§r
21:27:56 §e[SkyHanni] §cYour Organic Matter is low!§r
21:27:56 §e[SkyHanni] §cYour Fuel is low!§r
21:27:57 §e[SkyHanni] §aTom §eis visiting your garden!§r
21:27:57 §e[SkyHanni] §aFisherman §eis visiting your garden!§r
21:27:57 §e[SkyHanni] §aDuke §eis visiting your garden!§r
21:27:57 §e[SkyHanni] §aHungry Hiker §eis visiting your garden!§r
21:27:57 §e[SkyHanni] §9Tia the Fairy §eis visiting your garden!§r
21:30:00 §e[SkyHanni] Loaded Wheat milestone data from tab list!§r
21:32:57 §e[SkyHanni] §9Seymour §eis visiting your garden!§r
21:38:04 §e[SkyHanni] §cYour Organic Matter is low!§r
21:38:04 §e[SkyHanni] §cYour Fuel is low!§r
21:46:31 §e[SkyHanni] §lCLICK HERE§r§e to grab §ax385 §9§9Enchanted Tungsten§e from sacks!§r
21:46:45 §e[SkyHanni] Located a Lapis Corpse and marked its location with a waypoint.§r
21:46:50 §e[SkyHanni] Profit for §9Lapis Corpse§e: §6111k§r
21:48:16 §e[SkyHanni] Located a Lapis Corpse and marked its location with a waypoint.§r
21:48:18 §e[SkyHanni] Profit for §9Lapis Corpse§e: §696k§r
21:52:39 §e[SkyHanni] §b+5 SkyBlock XP §7(HOTM Progression§7)§b (80/100)§r
22:01:45 §e[SkyHanni] Located a Umber Corpse and marked its location with a waypoint.§r
22:01:58 §e[SkyHanni] Located a Lapis Corpse and marked its location with a waypoint.§r
22:02:17 §e[SkyHanni] Profit for §9Lapis Corpse§e: §670k§r
22:14:02 §e[SkyHanni] Located a Tungsten Corpse and marked its location with a waypoint.§r
22:14:06 §e[SkyHanni] Located a Tungsten Corpse and marked its location with a waypoint.§r
22:14:11 §e[SkyHanni] Located a Lapis Corpse and marked its location with a waypoint.§r
22:14:31 §e[SkyHanni] Profit for §9Lapis Corpse§e: §668k§r
22:29:08 §e[SkyHanni] Located a Lapis Corpse and marked its location with a waypoint.§r
22:29:08 §e[SkyHanni] Profit for §9Lapis Corpse§e: §6170k§r
22:29:16 §e[SkyHanni] Located a Umber Corpse and marked its location with a waypoint.§r
22:29:22 §e[SkyHanni] Located a Umber Corpse and marked its location with a waypoint.§r
22:46:00 §e[SkyHanni] Located a Tungsten Corpse and marked its location with a waypoint.§r
22:46:19 §e[SkyHanni] Located a Umber Corpse and marked its location with a waypoint.§r
22:46:37 §e[SkyHanni] Located a Umber Corpse and marked its location with a waypoint.§r
23:00:32 §e[SkyHanni] Located a Umber Corpse and marked its location with a waypoint.§r
23:01:38 §e[SkyHanni] Located a Lapis Corpse and marked its location with a waypoint.§r
23:01:40 §e[SkyHanni] Profit for §9Lapis Corpse§e: §692k§r
23:02:03 §e[SkyHanni] Located a Lapis Corpse and marked its location with a waypoint.§r
23:02:05 §e[SkyHanni] Profit for §9Lapis Corpse§e: §63.1M§r
23:16:55 §e[SkyHanni] Located a Umber Corpse and marked its location with a waypoint.§r
23:17:05 §e[SkyHanni] Located a Tungsten Corpse and marked its location with a waypoint.§r
23:17:43 §e[SkyHanni] Located a Lapis Corpse and marked its location with a waypoint.§r
23:17:46 §e[SkyHanni] Profit for §9Lapis Corpse§e: §660k§r
23:21:50 §e[SkyHanni] Located a Tungsten Corpse and marked its location with a waypoint.§r
23:21:54 §e[SkyHanni] Located a Lapis Corpse and marked its location with a waypoint.§r
23:21:57 §e[SkyHanni] Profit for §9Lapis Corpse§e: §6173k§r
23:50:47 §e[SkyHanni] §lCLICK HERE§r§e to grab §ax1374 §9§aα Flawed Aquamarine Gemstone§e from sacks!§r
23:50:52 §e[SkyHanni] §lCLICK HERE§r§e to grab §ax104 §9§9α Fine Aquamarine Gemstone§e from sacks!§r
23:51:16 §e[SkyHanni] §lCLICK HERE§r§e to grab §ax1154 §9§a☘ Flawed Peridot Gemstone§e from sacks!§r
23:51:22 §e[SkyHanni] §lCLICK HERE§r§e to grab §ax96 §9§9☘ Fine Peridot Gemstone§e from sacks!§r
23:51:29 §e[SkyHanni] §lCLICK HERE§r§e to grab §ax1363 §9§a☠ Flawed Onyx Gemstone§e from sacks!§r
23:51:36 §e[SkyHanni] §lCLICK HERE§r§e to grab §ax101 §9§9☠ Fine Onyx Gemstone§e from sacks!§r
23:52:20 §e[SkyHanni] §lCLICK HERE§r§e to grab §ax1435 §9§a☘ Flawed Citrine Gemstone§e from sacks!§r
23:52:23 §e[SkyHanni] §lCLICK HERE§r§e to grab §ax101 §9§9☘ Fine Citrine Gemstone§e from sacks!§r
23:52:30 §e[SkyHanni] §lCLICK HERE§r§e to grab §ax199 §9§9Enchanted Tungsten§e from sacks!§r
23:52:39 §e[SkyHanni] §lCLICK HERE§r§e to grab §ax378 §9§9Enchanted Mithril§e from sacks!§r
23:52:53 §e[SkyHanni] §lCLICK HERE§r§e to grab §ax20 §9§5Enchanted Titanium§e from sacks!§r
23:53:02 §e[SkyHanni] §lCLICK HERE§r§e to grab §ax241 §9§9Enchanted Umber§e from sacks!§r
23:53:08 §e[SkyHanni] §lCLICK HERE§r§e to grab §ax334 §9§9Enchanted Glacite§e from sacks!§r
00:00:57 §e[SkyHanni] §aLynn §eis visiting your garden!§r
00:00:57 §e[SkyHanni] §aLibrarian §eis visiting your garden!§r
00:00:57 §e[SkyHanni] §aRyu §eis visiting your garden!§r
00:00:57 §e[SkyHanni] §6Jerry §eis visiting your garden!§r
00:17:08 §e[SkyHanni] §lCLICK HERE§r§e to grab §ax13 §9§aEnchanted Golden Carrot§e from sacks!§r
00:17:20 §e[SkyHanni] §9Rusty §eis visiting your garden!§r
00:22:17 §e[SkyHanni] Wrong slayer selected! You have Voidgloom Seraph selected and you are in an Revenant Horror area!§r
00:22:29 §e[SkyHanni] Wrong slayer selected! You have Voidgloom Seraph selected and you are in an Revenant Horror area!§r
00:53:16 §e[SkyHanni] Download of update complete. §r
00:53:16 §e[SkyHanni] §aThe update will be installed after your next restart.§r
00:54:30 §e[SkyHanni] §aFear Mongerer §eis visiting your garden!§r
00:54:30 §e[SkyHanni] §aDuke §eis visiting your garden!§r
00:54:30 §e[SkyHanni] §aTom §eis visiting your garden!§r
