16:42:59 [SKYMALL] §bNew day! §r§eYour §r§2Sky Mall §r§ebuff changed!
16:42:59 [SKYMALL] §eNew buff§r§r§r: §r§fGain §r§a+50 §r§6☘ Mining Fortune§r§f.
16:42:59 [SKYMALL] §8§oYou can disable this messaging by toggling Sky Mall in your /hotm!
16:43:08 [GARDEN_VISITOR_MESSAGE] §e[NPC] §9Seymour§f: §r§fWanting to buy something from me? I got some pretty fancy tuxedos for sale, for a price of a small fortune.
16:43:17 [GARDEN_VISITOR_MESSAGE] §e[NPC] §9Seymour§f: §r§f*sigh* You're missing out on some awfully fancy gear.
16:43:19 [GARDEN_VISITOR_MESSAGE] §e[NPC] §aOdawa§f: §r§fI'm supposed to collect some food for the village, the Kalhuiki people have been through a tough time recently.
16:43:22 [GARDEN_VISITOR_MESSAGE] §e[NPC] §aOdawa§f: §r§fI guess I'll have to turn up empty-handed.
16:43:23 [GARDEN_VISITOR_MESSAGE] §e[NPC] §9Lazy Miner§f: §rIt's Friday, my resting day! I earned myself a little treat, maybe you could bring me some chocolate?
16:43:24 [GARDEN_VISITOR_MESSAGE] §e[NPC] §9Lazy Miner§f: §r§fThat's really unfortunate, I'll just come back again on my next resting day!
16:43:25 [GARDEN_VISITOR_MESSAGE] §e[NPC] §aGuy§f: §r§fHeard you may got some mushrooms...I've been looking for some...
16:43:28 [GARDEN_VISITOR_MESSAGE] §e[NPC] §aGuy§f: §r§fOh man gee, that's awful man, call me when you got 'em alright?
16:43:28 [GARDEN_VISITOR_MESSAGE] §e[NPC] §9Bartender§f: §r§fI want to make some new brews, do you think you can give me some ingredients to work with?
16:43:31 [GARDEN_VISITOR_MESSAGE] §e[NPC] §9Bartender§f: §r§fHard times we are in. Take care!
16:54:59 [SKYMALL] §bNew day! §r§eYour §r§2Sky Mall §r§ebuff changed!
16:54:59 [SKYMALL] §eNew buff§r§r§r: §r§fReduce Pickaxe Ability cooldown by §r§a20%§r§f.
16:54:59 [SKYMALL] §8§oYou can disable this messaging by toggling Sky Mall in your /hotm!
17:14:59 [SKYMALL] §bNew day! §r§eYour §r§2Sky Mall §r§ebuff changed!
17:14:59 [SKYMALL] §eNew buff§r§r§r: §r§fGain §r§a+50 §r§6☘ Mining Fortune§r§f.
17:14:59 [SKYMALL] §8§oYou can disable this messaging by toggling Sky Mall in your /hotm!
17:35:00 [SKYMALL] §bNew day! §r§eYour §r§2Sky Mall §r§ebuff changed!
17:35:00 [SKYMALL] §eNew buff§r§r§r: §r§fGain §r§a5x §r§9Titanium §r§fdrops
17:35:00 [SKYMALL] §8§oYou can disable this messaging by toggling Sky Mall in your /hotm!
18:15:00 [SKYMALL] §bNew day! §r§eYour §r§2Sky Mall §r§ebuff changed!
18:15:00 [SKYMALL] §eNew buff§r§r§r: §r§fGain §r§a+50 §r§6☘ Mining Fortune§r§f.
18:15:00 [SKYMALL] §8§oYou can disable this messaging by toggling Sky Mall in your /hotm!
18:18:09 [DOUBLE_HOOK] §eIt's a §r§aDouble Hook§r§e!
18:18:27 [DOUBLE_HOOK] §eIt's a §r§aDouble Hook§r§e! Woot woot!
18:19:50 [DOUBLE_HOOK] §eIt's a §r§aDouble Hook§r§e!
18:19:52 [BESTIARY] §f                                  §6§lBESTIARY
18:19:52 [BESTIARY] §f                             §b§lTaurus §7§8VI §8➡§b §bVII
18:19:52 [BESTIARY] 
18:19:52 [BESTIARY] §f                                  §r§6§lREWARDS
18:19:52 [BESTIARY] §f                         §r§8+§r§a3 Taurus §r§b✯ Magic Find
18:19:52 [BESTIARY] §f                          §r§8+§r§a3 Taurus §r§c❁ Strength
18:19:52 [BESTIARY] §f                             §r§8+§r§62% §r§aTaurus §r§7coins
18:19:52 [BESTIARY] §f                    §r§8+§r§a50% §r§7chance for extra XP orbs
18:19:52 [BESTIARY] §f                               §r§8+§r§b1 SkyBlock XP
18:19:52 [BESTIARY] 
18:19:52 [BESTIARY] §3§l▬▬▬▬▬▬▬▬▬▬▬▬▬▬▬▬▬▬▬▬▬▬▬▬▬▬▬▬▬▬▬▬▬▬▬▬▬▬▬▬▬▬▬▬▬▬▬▬▬▬▬▬▬▬▬▬▬▬▬▬▬▬▬▬
18:35:00 [SKYMALL] §bNew day! §r§eYour §r§2Sky Mall §r§ebuff changed!
18:35:00 [SKYMALL] §eNew buff§r§r§r: §r§fReduce Pickaxe Ability cooldown by §r§a20%§r§f.
18:35:00 [SKYMALL] §8§oYou can disable this messaging by toggling Sky Mall in your /hotm!
18:36:39 [DOUBLE_HOOK] §eIt's a §r§aDouble Hook§r§e!
18:48:58 [BESTIARY] §f                                  §6§lBESTIARY
18:48:58 [BESTIARY] §f                              §b§lThunder §7§8I §8➡§b §bII
18:48:58 [BESTIARY] 
18:48:58 [BESTIARY] §f                                  §r§6§lREWARDS
18:48:58 [BESTIARY] §f                         §r§8+§r§a2 Thunder §r§b✯ Magic Find
18:48:58 [BESTIARY] §f                         §r§8+§r§a2 Thunder §r§c❁ Strength
18:48:58 [BESTIARY] §f                             §r§8+§r§62% §r§aThunder §r§7coins
18:48:58 [BESTIARY] §f                    §r§8+§r§a50% §r§7chance for extra XP orbs
18:48:58 [BESTIARY] §f                               §r§8+§r§b1 SkyBlock XP
18:48:58 [BESTIARY] 
18:48:58 [BESTIARY] §3§l▬▬▬▬▬▬▬▬▬▬▬▬▬▬▬▬▬▬▬▬▬▬▬▬▬▬▬▬▬▬▬▬▬▬▬▬▬▬▬▬▬▬▬▬▬▬▬▬▬▬▬▬▬▬▬▬▬▬▬▬▬▬▬▬
18:51:42 [DOUBLE_HOOK] §eIt's a §r§aDouble Hook§r§e! Woot woot!
18:52:59 [DOUBLE_HOOK] §eIt's a §r§aDouble Hook§r§e!
18:54:42 [DOUBLE_HOOK] §eIt's a §r§aDouble Hook§r§e! Woot woot!
18:55:00 [SKYMALL] §bNew day! §r§eYour §r§2Sky Mall §r§ebuff changed!
18:55:00 [SKYMALL] §eNew buff§r§r§r: §r§fReduce Pickaxe Ability cooldown by §r§a20%§r§f.
18:55:00 [SKYMALL] §8§oYou can disable this messaging by toggling Sky Mall in your /hotm!
18:58:37 [DOUBLE_HOOK] §eIt's a §r§aDouble Hook§r§e! Woot woot!
18:59:42 [DOUBLE_HOOK] §eIt's a §r§aDouble Hook§r§e!
19:00:45 [DOUBLE_HOOK] §eIt's a §r§aDouble Hook§r§e!
19:02:18 [DOUBLE_HOOK] §eIt's a §r§aDouble Hook§r§e! Woot woot!
19:02:57 [DOUBLE_HOOK] §eIt's a §r§aDouble Hook§r§e!
19:03:46 [BESTIARY] §f                                  §6§lBESTIARY
19:03:46 [BESTIARY] §f                            §b§lTaurus §7§8VII §8➡§b §bVIII
19:03:46 [BESTIARY] 
19:03:46 [BESTIARY] §f                                  §r§6§lREWARDS
19:03:46 [BESTIARY] §f                         §r§8+§r§a3 Taurus §r§b✯ Magic Find
19:03:46 [BESTIARY] §f                          §r§8+§r§a3 Taurus §r§c❁ Strength
19:03:46 [BESTIARY] §f                             §r§8+§r§62% §r§aTaurus §r§7coins
19:03:46 [BESTIARY] §f                    §r§8+§r§a50% §r§7chance for extra XP orbs
19:03:46 [BESTIARY] §f                               §r§8+§r§b1 SkyBlock XP
19:03:46 [BESTIARY] 
19:03:46 [BESTIARY] §3§l▬▬▬▬▬▬▬▬▬▬▬▬▬▬▬▬▬▬▬▬▬▬▬▬▬▬▬▬▬▬▬▬▬▬▬▬▬▬▬▬▬▬▬▬▬▬▬▬▬▬▬▬▬▬▬▬▬▬▬▬▬▬▬▬
19:04:15 [DOUBLE_HOOK] §eIt's a §r§aDouble Hook§r§e!
19:06:30 [BESTIARY] §f                                  §6§lBESTIARY
19:06:30 [BESTIARY] §f                             §b§lThunder §7§8II §8➡§b §bIII
19:06:30 [BESTIARY] 
19:06:30 [BESTIARY] §f                                  §r§6§lREWARDS
19:06:30 [BESTIARY] §f                         §r§8+§r§a2 Thunder §r§b✯ Magic Find
19:06:30 [BESTIARY] §f                         §r§8+§r§a2 Thunder §r§c❁ Strength
19:06:30 [BESTIARY] §f                             §r§8+§r§62% §r§aThunder §r§7coins
19:06:30 [BESTIARY] §f                    §r§8+§r§a50% §r§7chance for extra XP orbs
19:06:30 [BESTIARY] §f                               §r§8+§r§b1 SkyBlock XP
19:06:30 [BESTIARY] 
19:06:30 [BESTIARY] §3§l▬▬▬▬▬▬▬▬▬▬▬▬▬▬▬▬▬▬▬▬▬▬▬▬▬▬▬▬▬▬▬▬▬▬▬▬▬▬▬▬▬▬▬▬▬▬▬▬▬▬▬▬▬▬▬▬▬▬▬▬▬▬▬▬
19:15:01 [SKYMALL] §bNew day! §r§eYour §r§2Sky Mall §r§ebuff changed!
19:15:01 [SKYMALL] §eNew buff§r§r§r: §r§fGain §r§a+50 §r§6☘ Mining Fortune§r§f.
19:15:01 [SKYMALL] §8§oYou can disable this messaging by toggling Sky Mall in your /hotm!
19:35:01 [SKYMALL] §bNew day! §r§eYour §r§2Sky Mall §r§ebuff changed!
19:35:01 [SKYMALL] §eNew buff§r§r§r: §r§fGain §r§a+15% §r§fmore Powder while mining.
19:35:01 [SKYMALL] §8§oYou can disable this messaging by toggling Sky Mall in your /hotm!
19:55:00 [SKYMALL] §bNew day! §r§eYour §r§2Sky Mall §r§ebuff changed!
19:55:00 [SKYMALL] §eNew buff§r§r§r: §r§fGain §r§a5x §r§9Titanium §r§fdrops
19:55:00 [SKYMALL] §8§oYou can disable this messaging by toggling Sky Mall in your /hotm!
20:10:00 [SLAYER_RNG_METER]    §dRNG Meter §f- §d12,375 Stored XP
20:11:59 [SLAYER_RNG_METER]    §dRNG Meter §f- §d13,875 Stored XP
20:15:00 [SKYMALL] §bNew day! §r§eYour §r§2Sky Mall §r§ebuff changed!
20:15:00 [SKYMALL] §eNew buff§r§r§r: §r§fReduce Pickaxe Ability cooldown by §r§a20%§r§f.
20:15:00 [SKYMALL] §8§oYou can disable this messaging by toggling Sky Mall in your /hotm!
20:45:04 [SKYMALL] §bNew day! §r§eYour §r§2Sky Mall §r§ebuff changed!
20:45:04 [SKYMALL] §eNew buff§r§r§r: §r§fGain §r§a+15% §r§fmore Powder while mining.
20:45:04 [SKYMALL] §8§oYou can disable this messaging by toggling Sky Mall in your /hotm!
20:53:26 [GARDEN_VISITOR_MESSAGE] §e[NPC] §aAnita§f: §r§fHey hey hey again! I'll trade you some copper for some carrots!
20:53:27 [GARDEN_VISITOR_MESSAGE] §e[NPC] §aAnita§f: §r§fOh, darn it :(
20:53:28 [GARDEN_VISITOR_MESSAGE] §e[NPC] §9Grandma Wolf§f: §r§fMy little child, you don't look so good. You should eat something. I have an idea, give me some ingredients and I'll make you a nice soup.
20:53:29 [GARDEN_VISITOR_MESSAGE] §e[NPC] §9Grandma Wolf§f: §r§fYou denied Grandma Wolf's request. How dare you treat your granny like that.
20:53:30 [GARDEN_VISITOR_MESSAGE] §e[NPC] §aEmissary Ceanna§f: §r§fThe King's favorite emissary is here to request potatoes for the King's great feast! 
20:53:33 [GARDEN_VISITOR_MESSAGE] §e[NPC] §aEmissary Ceanna§f: §r§fI will inform the King about this disgrace!
20:53:33 [GARDEN_VISITOR_MESSAGE] §e[NPC] §aJamie§f: §r§fYou might have noticed that you can purchase additional plots within your Desk in the Barn!
20:53:35 [GARDEN_VISITOR_MESSAGE] §e[NPC] §aJamie§f: §r§fNo worries.
20:53:36 [GARDEN_VISITOR_MESSAGE] §e[NPC] §aDuke§f: §rYou seem new here. You should probably try to get some §aEnchanted Hay Bale §ffor me.
20:53:38 [GARDEN_VISITOR_MESSAGE] §e[NPC] §aDuke§f: §r§fSee ya next time!
20:55:00 [SKYMALL] §bNew day! §r§eYour §r§2Sky Mall §r§ebuff changed!
20:55:00 [SKYMALL] §eNew buff§r§r§r: §r§fGain §r§a+50 §r§6☘ Mining Fortune§r§f.
20:55:00 [SKYMALL] §8§oYou can disable this messaging by toggling Sky Mall in your /hotm!
21:01:46 [NEW_VISITOR_ARRIVED] §9§r§9Iron Forger §r§ehas arrived on your §r§bGarden§r§e!
21:01:52 [GARDEN_VISITOR_MESSAGE] §e[NPC] §9Iron Forger§f: §r§fI've recently got into cooking, yesterday I made pasta carbonara, today I'm planning on baking a carrot cake.
21:01:57 [GARDEN_VISITOR_MESSAGE] §e[NPC] §9Iron Forger§f: §r§fWill have to order some food today then.
21:13:47 [NEW_VISITOR_ARRIVED] §9§r§9Old Man Garry §r§ehas arrived on your §r§bGarden§r§e!
21:13:57 [GARDEN_VISITOR_MESSAGE] §e[NPC] §9Old Man Garry§f: §r§fPeople have no manners these days. They come up to me, and disappear instantly! They don't even greet me! Back in my day, we were raised better than that.
21:14:02 [GARDEN_VISITOR_MESSAGE] §e[NPC] §9Old Man Garry§f: §r§fOf course. What else did I expect from this generation.
21:35:00 [SKYMALL] §bNew day! §r§eYour §r§2Sky Mall §r§ebuff changed!
21:35:00 [SKYMALL] §eNew buff§r§r§r: §r§fGain §r§a+15% §r§fmore Powder while mining.
21:35:00 [SKYMALL] §8§oYou can disable this messaging by toggling Sky Mall in your /hotm!
22:15:00 [SKYMALL] §bNew day! §r§eYour §r§2Sky Mall §r§ebuff changed!
22:15:00 [SKYMALL] §eNew buff§r§r§r: §r§fGain §r§a+15% §r§fmore Powder while mining.
22:15:00 [SKYMALL] §8§oYou can disable this messaging by toggling Sky Mall in your /hotm!
22:35:00 [SKYMALL] §bNew day! §r§eYour §r§2Sky Mall §r§ebuff changed!
22:35:00 [SKYMALL] §eNew buff§r§r§r: §r§fGain §r§a+50 §r§6☘ Mining Fortune§r§f.
22:35:00 [SKYMALL] §8§oYou can disable this messaging by toggling Sky Mall in your /hotm!
