16:42:51 §e[SkyHanni] §aSkyHanni found a new update: 0.27 Beta 6. Check §b/sh download update §afor more info.§r
16:42:55 §e[SkyHanni] §cYour Organic Matter is low!§r
16:42:55 §e[SkyHanni] §9Seymour §eis visiting your garden!§r
16:42:55 §e[SkyHanni] §aOdawa §eis visiting your garden!§r
16:42:55 §e[SkyHanni] §9Lazy Miner §eis visiting your garden!§r
16:42:55 §e[SkyHanni] §aGuy §eis visiting your garden!§r
16:42:55 §e[SkyHanni] §9Bartender §eis visiting your garden!§r
16:44:08 §e[SkyHanni] Click here to share the location of this chocolate egg with the server!§r
17:04:47 §c[SkyHanni] Missing arguments! Usage: /getfromsacks <name/id> [amount]§r
18:06:59 §e[SkyHanni] Click here to share the location of this chocolate egg with the server!§r
18:08:31 §e[SkyHanni] Mark NEU Heavy Pearls as done.§r
18:16:58 §e[SkyHanni] Wrong slayer selected! You have Voidgloom Seraph selected and you are in an Inferno Demonlord area!§r
18:18:16 §e[SkyHanni] Wrong slayer selected! You have Voidgloom Seraph selected and you are in an Inferno Demonlord area!§r
18:19:52 §6§lBESTIARY §r§b§lTaurus §7§8VI §8➡§b §bVII§r
18:20:20 §e[SkyHanni] Wrong slayer selected! You have Voidgloom Seraph selected and you are in an Inferno Demonlord area!§r
18:20:45 §e[SkyHanni] Wrong slayer selected! You have Voidgloom Seraph selected and you are in an Inferno Demonlord area!§r
18:24:24 §e[SkyHanni] Wrong slayer selected! You have Voidgloom Seraph selected and you are in an Inferno Demonlord area!§r
18:25:45 §e[SkyHanni] Wrong slayer selected! You have Voidgloom Seraph selected and you are in an Inferno Demonlord area!§r
18:26:46 §e[SkyHanni] Wrong slayer selected! You have Voidgloom Seraph selected and you are in an Inferno Demonlord area!§r
18:28:09 §e[SkyHanni] Wrong slayer selected! You have Voidgloom Seraph selected and you are in an Inferno Demonlord area!§r
18:28:30 §e[SkyHanni] Wrong slayer selected! You have Voidgloom Seraph selected and you are in an Inferno Demonlord area!§r
18:29:08 §e[SkyHanni] Wrong slayer selected! You have Voidgloom Seraph selected and you are in an Inferno Demonlord area!§r
18:30:53 §e[SkyHanni] §lCLICK HERE§r§e to grab §ax29 §9§5Silver Magmafish§e from sacks!§r
18:33:17 §e[SkyHanni] Wrong slayer selected! You have Voidgloom Seraph selected and you are in an Inferno Demonlord area!§r
18:33:31 §e[SkyHanni] Wrong slayer selected! You have Voidgloom Seraph selected and you are in an Inferno Demonlord area!§r
18:33:50 §e[SkyHanni] Wrong slayer selected! You have Voidgloom Seraph selected and you are in an Inferno Demonlord area!§r
18:41:18 §e[SkyHanni] Wrong slayer selected! You have Voidgloom Seraph selected and you are in an Inferno Demonlord area!§r
18:42:25 §e[SkyHanni] Click here to load 3 more collected egg locations from NEU PV!§r
18:42:25 §e[SkyHanni] Click here to load Trophy Fishing data from NEU PV!§r
18:42:28 §e[SkyHanni] Updated Hoppity egg location data!§r
18:42:30 §e[SkyHanni] Updated Trophy Fishing data via NEU PV!§r
18:43:46 §e[SkyHanni] Wrong slayer selected! You have Voidgloom Seraph selected and you are in an Inferno Demonlord area!§r
18:48:58 §6§lBESTIARY §r§b§lThunder §7§8I §8➡§b §bII§r
18:50:44 §c[SkyHanni-0.27.Beta.4]: Caught an NoSuchElementException in FishingTimer at SeaCreatureFishEvent: null§c. Click here to copy the error into the clipboard.§r
18:52:50 §e[SkyHanni] Wrong slayer selected! You have Voidgloom Seraph selected and you are in an Inferno Demonlord area!§r
18:54:33 §e[SkyHanni] Wrong slayer selected! You have Voidgloom Seraph selected and you are in an Inferno Demonlord area!§r
18:55:18 §e[SkyHanni] Wrong slayer selected! You have Voidgloom Seraph selected and you are in an Inferno Demonlord area!§r
18:56:51 §e[SkyHanni] §lCLICK HERE§r§e to grab §ax28 §9§5Silver Magmafish§e from sacks!§r
18:57:53 §e[SkyHanni] Wrong slayer selected! You have Voidgloom Seraph selected and you are in an Inferno Demonlord area!§r
18:59:18 §e[SkyHanni] Wrong slayer selected! You have Voidgloom Seraph selected and you are in an Inferno Demonlord area!§r
19:03:46 §6§lBESTIARY §r§b§lTaurus §7§8VII §8➡§b §bVIII§r
19:06:30 §6§lBESTIARY §r§b§lThunder §7§8II §8➡§b §bIII§r
19:31:56 §e[SkyHanni] Click here to share the location of this chocolate egg with the server!§r
19:32:11 §e[SkyHanni] §lCLICK HERE§r§e to grab §ax19 §9§5Silver Magmafish§e from sacks!§r
19:33:55 §e[SkyHanni] Wrong slayer selected! You have Voidgloom Seraph selected and you are in an Revenant Horror area!§r
19:34:10 §e[SkyHanni] Wrong slayer selected! You have Voidgloom Seraph selected and you are in an Revenant Horror area!§r
19:36:55 §e[SkyHanni] Wrong slayer selected! You have Voidgloom Seraph selected and you are in an Revenant Horror area!§r
19:53:52 §e[SkyHanni] Wrong slayer selected! You have Voidgloom Seraph selected and you are in an Revenant Horror area!§r
19:54:11 §e[SkyHanni] Wrong slayer selected! You have Voidgloom Seraph selected and you are in an Revenant Horror area!§r
19:56:15 §e[SkyHanni] Wrong slayer selected! You have Voidgloom Seraph selected and you are in an Revenant Horror area!§r
19:56:25 §e[SkyHanni] Wrong slayer selected! You have Voidgloom Seraph selected and you are in an Revenant Horror area!§r
19:56:36 §e[SkyHanni] Wrong slayer selected! You have Voidgloom Seraph selected and you are in an Revenant Horror area!§r
20:14:09 §e[SkyHanni] Start a new slayer quest! The old slayer quest has failed!§r
20:15:37 §e[SkyHanni] Start a new slayer quest! The old slayer quest has failed!§r
20:53:16 §e[SkyHanni] §cYour Organic Matter is low!§r
20:53:16 §e[SkyHanni] §aAnita §eis visiting your garden!§r
20:53:16 §e[SkyHanni] §9Grandma Wolf §eis visiting your garden!§r
20:53:16 §e[SkyHanni] §aEmissary Ceanna §eis visiting your garden!§r
20:53:16 §e[SkyHanni] §aJamie §eis visiting your garden!§r
20:53:16 §e[SkyHanni] §aDuke §eis visiting your garden!§r
20:56:04 §e[SkyHanni] Loaded Wheat milestone data from tab list!§r
21:01:48 §e[SkyHanni] §9Iron Forger §eis visiting your garden!§r
21:13:49 §e[SkyHanni] §9Old Man Garry §eis visiting your garden!§r
21:45:04 §e[SkyHanni] §b+7 SkyBlock XP §7(Carnival Perks Shop§7)§b (32/100)§r
21:45:08 §e[SkyHanni] §b+2 SkyBlock XP §7(Carnival Perks Shop§7)§b (34/100)§r
21:45:10 §e[SkyHanni] §b+2 SkyBlock XP §7(Carnival Perks Shop§7)§b (36/100)§r
21:45:10 §e[SkyHanni] §b+3 SkyBlock XP §7(Carnival Perks Shop§7)§b (39/100)§r
21:45:11 §e[SkyHanni] §b+5 SkyBlock XP §7(Carnival Perks Shop§7)§b (44/100)§r
21:45:12 §e[SkyHanni] §b+7 SkyBlock XP §7(Carnival Perks Shop§7)§b (51/100)§r
21:45:28 §e[SkyHanni] §b+2 SkyBlock XP §7(Carnival Perks Shop§7)§b (53/100)§r
21:45:29 §e[SkyHanni] §b+2 SkyBlock XP §7(Carnival Perks Shop§7)§b (55/100)§r
21:45:30 §e[SkyHanni] §b+2 SkyBlock XP §7(Carnival Perks Shop§7)§b (57/100)§r
21:45:30 §e[SkyHanni] §b+2 SkyBlock XP §7(Carnival Perks Shop§7)§b (59/100)§r
21:45:47 §e[SkyHanni] §b+2 SkyBlock XP §7(Carnival Perks Shop§7)§b (61/100)§r
21:45:47 §e[SkyHanni] §b+3 SkyBlock XP §7(Carnival Perks Shop§7)§b (64/100)§r
21:45:48 §e[SkyHanni] §b+5 SkyBlock XP §7(Carnival Perks Shop§7)§b (69/100)§r
21:45:49 §e[SkyHanni] §b+7 SkyBlock XP §7(Carnival Perks Shop§7)§b (76/100)§r
21:46:01 §e[SkyHanni] §b+2 SkyBlock XP §7(Carnival Perks Shop§7)§b (78/100)§r
21:48:19 §e[SkyHanni] Click here to share the location of this chocolate egg with the server!§r
22:09:51 §e[SkyHanni] Start a new slayer quest! The old slayer quest has failed!§r
22:10:08 §e[SkyHanni] Start a new slayer quest! The old slayer quest has failed!§r
22:10:34 §e[SkyHanni] Start a new slayer quest! The old slayer quest has failed!§r
22:10:45 §e[SkyHanni] Start a new slayer quest! The old slayer quest has failed!§r
22:12:38 §e[SkyHanni] §cYour Time Tower just expired and has 2 charges remaining. Click here to use one.§r
22:15:22 §e[SkyHanni] §b+1 SkyBlock XP §7(Accessory Bag§7)§b (79/100)§r
