18:18:09  
18:18:09 [original] §r§aFrom beneath the lava appears a Magma Slug.§r
18:18:09 [modified] §e§lDOUBLE HOOK! §r§aFrom beneath the lava appears a Magma Slug.§r§r
18:18:27  
18:18:27 [original] §r§aFrom beneath the lava appears a Magma Slug.§r
18:18:27 [modified] §e§lDOUBLE HOOK! §r§aFrom beneath the lava appears a Magma Slug.§r§r
18:19:50  
18:19:50 [original] §r§aFrom beneath the lava appears a Magma Slug.§r
18:19:50 [modified] §e§lDOUBLE HOOK! §r§aFrom beneath the lava appears a Magma Slug.§r§r
18:36:39  
18:36:39 [original] §r§aYou hear a faint Moo from the lava... A Moogma appears.§r
18:36:39 [modified] §e§lDOUBLE HOOK! §r§aYou hear a faint Moo from the lava... A Moogma appears.§r§r
18:51:42  
18:51:42 [original] §r§aTaurus and his steed emerge.§r
18:51:42 [modified] §e§lDOUBLE HOOK! §r§aTaurus and his steed emerge.§r§r
18:52:59  
18:52:59 [original] §r§aFrom beneath the lava appears a Magma Slug.§r
18:52:59 [modified] §e§lDOUBLE HOOK! §r§aFrom beneath the lava appears a Magma Slug.§r§r
18:54:42  
18:54:42 [original] §r§aA small but fearsome Lava Leech emerges.§r
18:54:42 [modified] §e§lDOUBLE HOOK! §r§aA small but fearsome Lava Leech emerges.§r§r
18:58:37  
18:58:37 [original] §r§aYou hear a faint Moo from the lava... A Moogma appears.§r
18:58:37 [modified] §e§lDOUBLE HOOK! §r§aYou hear a faint Moo from the lava... A Moogma appears.§r§r
18:59:42  
18:59:42 [original] §r§aFrom beneath the lava appears a Magma Slug.§r
18:59:42 [modified] §e§lDOUBLE HOOK! §r§aFrom beneath the lava appears a Magma Slug.§r§r
19:00:45  
19:00:45 [original] §r§aFrom beneath the lava appears a Magma Slug.§r
19:00:45 [modified] §e§lDOUBLE HOOK! §r§aFrom beneath the lava appears a Magma Slug.§r§r
19:02:18  
19:02:18 [original] §r§aFrom beneath the lava appears a Magma Slug.§r
19:02:18 [modified] §e§lDOUBLE HOOK! §r§aFrom beneath the lava appears a Magma Slug.§r§r
19:02:57  
19:02:57 [original] §r§aA small but fearsome Lava Leech emerges.§r
19:02:57 [modified] §e§lDOUBLE HOOK! §r§aA small but fearsome Lava Leech emerges.§r§r
19:04:15  
19:04:15 [original] §r§aYou hear a faint Moo from the lava... A Moogma appears.§r
19:04:15 [modified] §e§lDOUBLE HOOK! §r§aYou hear a faint Moo from the lava... A Moogma appears.§r§r
