10:04:53 
10:04:53 blocked link because:
10:04:53 isGuiScreen
10:04:53 isNotInSignAndOnSlot
10:04:53 
10:04:53 
10:04:53 blocked link because:
10:04:53 isGuiScreen
10:04:53 isNotInSignAndOnSlot
10:04:53 
10:04:53 
10:04:53 blocked link because:
10:04:53 isGuiScreen
10:04:53 isNotInSignAndOnSlot
10:04:53 
10:04:53 
10:04:53 blocked link because:
10:04:53 isGuiScreen
10:04:53 isNotInSignAndOnSlot
10:04:53 
10:04:53 
10:04:53 blocked link because:
10:04:53 isGuiScreen
10:04:53 isNotInSignAndOnSlot
10:04:53 
10:04:53 
10:04:53 blocked link because:
10:04:53 isGuiScreen
10:04:53 isNotInSignAndOnSlot
10:04:53 
10:04:53 
10:04:53 blocked link because:
10:04:53 isGuiScreen
10:04:53 isNotInSignAndOnSlot
10:04:53 
10:04:53 
10:04:53 blocked link because:
10:04:53 isGuiScreen
10:04:53 isNotInSignAndOnSlot
10:04:53 
10:04:53 
10:04:53 blocked link because:
10:04:53 isGuiScreen
10:04:53 isNotInSignAndOnSlot
10:04:53 
10:04:53 
10:04:53 blocked link because:
10:04:53 isGuiScreen
10:04:53 isNotInSignAndOnSlot
10:04:53 
10:05:01 allowed click
10:05:01 allowed click
10:05:01 allowed click
10:05:01 allowed click
10:05:01 allowed click
10:05:01 allowed click
10:05:01 allowed click
10:05:01 allowed click
10:05:01 allowed click
10:05:01 allowed click
10:05:01 allowed click
10:05:01 allowed click
10:05:01 allowed click
10:05:01 allowed click
10:05:01 allowed click
10:05:01 allowed click
10:05:01 allowed click
10:05:01 allowed click
10:05:01 allowed click
10:05:01 allowed click
10:05:01 allowed click
10:05:01 allowed click
10:05:01 allowed click
10:05:01 allowed click
10:05:01 allowed click
10:05:01 allowed click
10:05:01 allowed click
10:05:01 allowed click
10:05:01 allowed click
10:05:01 allowed click
10:05:01 allowed click
10:05:01 allowed click
10:05:01 allowed click
10:05:01 allowed click
10:05:01 allowed click
10:05:01 allowed click
10:05:01 allowed click
10:05:01 allowed click
10:05:01 allowed click
10:05:01 allowed click
10:05:01 allowed click
10:05:01 allowed click
10:05:01 allowed click
10:05:01 allowed click
10:05:01 allowed click
10:05:01 allowed click
10:05:01 allowed click
10:05:01 allowed click
10:05:01 allowed click
10:05:01 allowed click
10:05:01 allowed click
10:05:01 allowed click
10:05:01 allowed click
10:05:01 allowed click
10:05:01 allowed click
10:05:01 allowed click
10:05:01 allowed click
10:05:01 allowed click
10:05:01 allowed click
10:05:01 allowed click
10:05:01 allowed click
10:05:01 allowed click
10:05:01 allowed click
10:05:01 allowed click
10:05:01 allowed click
10:05:01 allowed click
10:05:01 allowed click
10:05:01 allowed click
10:05:01 allowed click
10:05:01 allowed click
10:05:01 allowed click
10:05:01 allowed click
10:05:01 allowed click
10:05:01 allowed click
10:05:01 allowed click
10:05:01 allowed click
10:05:01 allowed click
10:05:01 allowed click
10:05:01 allowed click
10:05:01 allowed click
10:05:01 allowed click
10:05:01 allowed click
10:05:01 allowed click
10:05:01 allowed click
10:05:01 allowed click
10:05:01 allowed click
10:05:02 allowed click
10:05:02 allowed click
10:05:02 allowed click
10:05:02 allowed click
10:05:02 allowed click
10:05:02 allowed click
10:05:02 allowed click
10:05:02 allowed click
10:05:02 allowed click
10:05:02 allowed click
10:05:02 allowed click
10:05:02 allowed click
10:05:02 allowed click
10:05:02 allowed click
10:05:02 allowed click
10:05:02 allowed click
10:05:02 allowed click
10:05:02 allowed click
10:05:02 allowed click
10:05:02 allowed click
10:05:02 allowed click
10:05:02 allowed click
10:05:02 allowed click
10:05:02 allowed click
10:05:02 allowed click
10:05:02 allowed click
10:05:02 allowed click
10:05:02 allowed click
10:05:02 allowed click
10:05:02 allowed click
10:05:02 allowed click
10:05:02 allowed click
10:05:02 allowed click
10:05:02 allowed click
10:05:02 allowed click
10:05:02 allowed click
10:05:02 allowed click
10:05:02 allowed click
10:05:02 allowed click
10:05:02 allowed click
10:05:02 allowed click
10:05:02 allowed click
17:16:32 allowed click
17:16:32 allowed click
17:16:32 allowed click
17:16:32 allowed click
17:16:32 allowed click
17:16:32 allowed click
17:16:32 allowed click
17:16:32 allowed click
17:16:32 allowed click
17:16:32 allowed click
17:16:32 allowed click
17:16:32 allowed click
17:16:32 allowed click
17:16:32 allowed click
17:16:32 allowed click
17:16:32 allowed click
17:16:32 allowed click
17:16:32 allowed click
17:16:32 allowed click
17:16:32 allowed click
17:16:32 allowed click
17:16:32 allowed click
17:16:32 allowed click
17:16:32 allowed click
17:16:32 allowed click
17:16:32 allowed click
17:16:32 allowed click
17:16:32 allowed click
17:16:32 allowed click
17:16:32 allowed click
17:16:32 allowed click
17:16:32 allowed click
17:16:32 allowed click
17:16:32 allowed click
17:16:33 allowed click
17:16:33 allowed click
17:16:33 allowed click
17:16:33 allowed click
17:16:33 allowed click
17:16:33 allowed click
17:16:33 allowed click
17:16:33 allowed click
17:16:33 allowed click
17:16:33 allowed click
17:16:33 allowed click
17:16:33 allowed click
17:16:33 allowed click
17:16:33 allowed click
17:16:33 allowed click
17:16:33 allowed click
17:16:33 allowed click
17:16:33 allowed click
17:16:33 allowed click
17:16:33 allowed click
17:16:33 allowed click
17:16:33 allowed click
17:16:33 allowed click
17:16:33 allowed click
17:16:33 allowed click
17:16:33 allowed click
17:16:33 allowed click
17:16:33 allowed click
17:16:33 allowed click
17:16:33 allowed click
17:16:33 allowed click
17:16:33 allowed click
17:16:33 allowed click
17:16:33 allowed click
17:16:33 allowed click
17:16:33 allowed click
17:16:33 allowed click
17:16:33 allowed click
17:16:33 allowed click
17:16:33 allowed click
17:16:33 allowed click
17:16:33 allowed click
17:16:33 allowed click
17:16:33 allowed click
17:16:33 allowed click
17:16:33 allowed click
17:16:33 allowed click
17:16:33 allowed click
17:16:33 allowed click
17:16:33 allowed click
17:16:33 allowed click
17:16:33 allowed click
17:16:33 allowed click
17:16:33 allowed click
17:16:33 allowed click
17:16:33 allowed click
17:16:33 allowed click
17:16:33 allowed click
17:16:33 allowed click
17:16:33 allowed click
17:16:33 allowed click
17:16:33 allowed click
17:16:33 allowed click
17:16:33 allowed click
17:16:33 allowed click
17:16:33 allowed click
17:16:33 allowed click
17:16:33 allowed click
17:16:33 allowed click
17:16:33 allowed click
17:16:33 allowed click
17:16:33 allowed click
17:16:33 allowed click
17:16:33 allowed click
17:16:33 allowed click
17:16:33 allowed click
17:16:33 allowed click
17:16:33 allowed click
17:16:33 allowed click
17:16:33 allowed click
17:16:33 allowed click
17:16:33 allowed click
17:16:33 allowed click
17:16:33 allowed click
17:16:46 
17:16:46 blocked link because:
17:16:46 isGuiScreen
17:16:46 isNotInSignAndOnSlot
17:16:46 
17:16:46 
17:16:46 blocked link because:
17:16:46 isGuiScreen
17:16:46 isNotInSignAndOnSlot
17:16:46 
17:16:46 
17:16:46 blocked link because:
17:16:46 isGuiScreen
17:16:46 isNotInSignAndOnSlot
17:16:46 
17:16:46 
17:16:46 blocked link because:
17:16:46 isGuiScreen
17:16:46 isNotInSignAndOnSlot
17:16:46 
17:16:46 
17:16:46 blocked link because:
17:16:46 isGuiScreen
17:16:46 isNotInSignAndOnSlot
17:16:46 
17:16:46 
17:16:46 blocked link because:
17:16:46 isGuiScreen
17:16:46 isNotInSignAndOnSlot
17:16:46 
17:16:46 
17:16:46 blocked link because:
17:16:46 isGuiScreen
17:16:46 isNotInSignAndOnSlot
17:16:46 
17:16:46 
17:16:46 blocked link because:
17:16:46 isGuiScreen
17:16:46 isNotInSignAndOnSlot
17:16:46 
17:16:47 allowed click
17:16:47 allowed click
17:16:47 allowed click
17:16:47 allowed click
17:16:47 allowed click
17:16:47 allowed click
17:16:47 allowed click
17:16:47 allowed click
17:16:47 allowed click
17:16:47 allowed click
17:16:47 allowed click
17:16:47 allowed click
17:16:47 allowed click
17:16:47 allowed click
17:16:47 allowed click
17:16:47 allowed click
17:16:47 allowed click
17:16:47 allowed click
17:16:47 allowed click
17:16:47 allowed click
17:16:47 allowed click
17:16:47 allowed click
17:16:47 allowed click
17:16:47 allowed click
17:16:47 allowed click
17:16:47 allowed click
17:16:47 allowed click
17:16:47 allowed click
17:16:47 allowed click
17:16:47 allowed click
17:16:47 allowed click
17:16:47 allowed click
17:16:47 allowed click
17:16:47 allowed click
17:16:47 allowed click
17:16:47 allowed click
17:16:47 allowed click
17:16:47 allowed click
17:16:47 allowed click
17:16:47 allowed click
17:16:47 allowed click
17:16:47 allowed click
17:16:47 allowed click
17:16:47 allowed click
17:16:47 allowed click
17:16:47 allowed click
17:16:47 allowed click
17:16:47 allowed click
17:16:47 allowed click
17:16:47 allowed click
17:16:47 allowed click
17:16:47 allowed click
17:16:47 allowed click
17:16:47 allowed click
17:16:48 allowed click
17:16:48 allowed click
17:16:48 allowed click
17:16:48 allowed click
17:16:48 allowed click
17:16:48 allowed click
17:16:48 allowed click
17:16:48 allowed click
17:16:48 allowed click
17:16:48 allowed click
17:16:48 allowed click
17:16:48 allowed click
17:16:48 allowed click
17:16:48 allowed click
17:16:48 allowed click
17:16:48 allowed click
17:16:48 allowed click
17:16:48 allowed click
17:16:48 allowed click
17:16:48 allowed click
17:16:48 allowed click
17:16:48 allowed click
17:16:48 allowed click
17:16:48 allowed click
17:16:48 allowed click
17:16:48 allowed click
17:16:48 allowed click
17:16:48 allowed click
17:16:48 allowed click
17:16:48 allowed click
17:16:48 allowed click
17:16:48 allowed click
17:16:48 allowed click
17:16:48 allowed click
17:16:48 allowed click
17:16:48 allowed click
17:16:48 allowed click
17:16:48 allowed click
17:16:48 allowed click
17:16:48 allowed click
17:16:48 allowed click
17:16:48 allowed click
17:16:48 allowed click
17:16:48 allowed click
17:16:48 allowed click
17:16:48 allowed click
17:16:48 allowed click
17:16:48 allowed click
17:16:48 allowed click
17:16:48 allowed click
17:16:48 allowed click
17:16:48 allowed click
17:16:48 allowed click
17:16:48 allowed click
17:16:48 allowed click
17:16:48 allowed click
17:16:48 allowed click
17:16:48 allowed click
17:16:48 allowed click
17:16:48 allowed click
17:17:40 allowed click
17:17:40 allowed click
17:17:40 allowed click
17:17:40 allowed click
17:17:40 allowed click
17:17:40 allowed click
17:17:40 allowed click
17:17:40 allowed click
17:17:40 allowed click
17:17:40 allowed click
17:17:40 allowed click
17:17:40 allowed click
17:17:40 allowed click
17:17:40 allowed click
17:17:40 allowed click
17:17:40 allowed click
17:17:40 allowed click
17:17:40 allowed click
17:17:40 allowed click
17:17:40 allowed click
17:17:40 allowed click
17:17:40 allowed click
17:17:40 allowed click
17:17:40 allowed click
17:17:40 allowed click
17:17:40 allowed click
17:17:40 allowed click
17:17:40 allowed click
17:17:40 allowed click
17:17:40 allowed click
17:17:40 allowed click
17:17:40 allowed click
17:17:40 allowed click
17:17:40 allowed click
17:17:40 allowed click
17:17:40 allowed click
17:17:40 allowed click
17:17:40 allowed click
17:17:40 allowed click
17:17:40 allowed click
17:17:40 allowed click
17:17:40 allowed click
17:17:40 allowed click
17:17:40 allowed click
17:17:40 allowed click
17:17:40 allowed click
17:17:40 allowed click
17:17:40 allowed click
17:17:40 allowed click
17:17:40 allowed click
17:17:40 allowed click
17:17:40 allowed click
17:17:40 allowed click
17:17:40 allowed click
17:17:40 allowed click
17:17:40 allowed click
17:17:40 allowed click
17:17:40 allowed click
17:17:40 allowed click
17:17:40 allowed click
17:17:40 allowed click
17:17:40 allowed click
17:17:40 allowed click
17:17:40 allowed click
17:17:40 allowed click
17:17:40 allowed click
17:17:40 allowed click
17:17:40 allowed click
17:17:40 allowed click
17:17:40 allowed click
17:17:40 allowed click
17:17:40 allowed click
17:17:40 allowed click
17:17:40 allowed click
17:17:40 allowed click
17:17:40 allowed click
18:06:12 allowed click
18:06:12 allowed click
18:06:12 allowed click
18:06:12 allowed click
18:06:12 allowed click
18:06:12 allowed click
18:06:12 allowed click
18:06:12 allowed click
18:06:12 allowed click
18:06:12 allowed click
18:06:12 allowed click
18:06:12 allowed click
18:06:12 allowed click
18:06:12 allowed click
18:06:12 allowed click
18:06:12 allowed click
18:06:12 allowed click
18:06:12 allowed click
18:06:12 allowed click
18:06:12 allowed click
18:06:12 allowed click
18:06:12 allowed click
18:06:12 allowed click
18:06:12 allowed click
18:06:12 allowed click
18:06:12 allowed click
18:06:12 allowed click
18:06:12 allowed click
18:06:12 allowed click
18:06:12 allowed click
18:06:12 allowed click
18:06:12 allowed click
18:06:12 allowed click
18:06:12 allowed click
18:06:12 allowed click
18:06:13 allowed click
18:06:13 allowed click
18:06:13 allowed click
18:06:13 allowed click
18:06:13 allowed click
18:06:13 allowed click
18:06:13 allowed click
18:06:13 allowed click
18:06:13 allowed click
18:06:13 allowed click
18:06:13 allowed click
18:06:13 allowed click
18:06:13 allowed click
18:06:13 allowed click
18:06:13 allowed click
18:06:13 allowed click
18:06:13 allowed click
18:06:13 allowed click
18:06:13 allowed click
18:06:13 allowed click
18:06:13 allowed click
18:06:13 allowed click
18:06:13 allowed click
18:06:13 allowed click
18:06:13 allowed click
18:06:13 allowed click
18:06:13 allowed click
18:06:13 allowed click
18:06:15 
18:06:15 blocked link because:
18:06:15 neuFocus
18:06:15 
18:06:15 
18:06:15 blocked link because:
18:06:15 neuFocus
18:06:15 
18:06:15 
18:06:15 blocked link because:
18:06:15 neuFocus
18:06:15 
18:06:15 
18:06:15 blocked link because:
18:06:15 neuFocus
18:06:15 
18:06:15 
18:06:15 blocked link because:
18:06:15 neuFocus
18:06:15 
18:06:15 
18:06:15 blocked link because:
18:06:15 neuFocus
18:06:15 
18:06:15 
18:06:15 blocked link because:
18:06:15 neuFocus
18:06:15 
18:06:15 
18:06:15 blocked link because:
18:06:15 neuFocus
18:06:15 
18:06:15 
18:06:15 blocked link because:
18:06:15 neuFocus
18:06:15 
18:06:15 
18:06:15 blocked link because:
18:06:15 neuFocus
18:06:15 
18:06:15 
18:06:15 blocked link because:
18:06:15 neuFocus
18:06:15 
18:06:15 
18:06:15 blocked link because:
18:06:15 neuFocus
18:06:15 
18:06:15 
18:06:15 blocked link because:
18:06:15 neuFocus
18:06:15 
18:06:15 
18:06:15 blocked link because:
18:06:15 neuFocus
18:06:15 
18:06:15 
18:06:15 blocked link because:
18:06:15 neuFocus
18:06:15 
18:06:15 
18:06:15 blocked link because:
18:06:15 neuFocus
18:06:15 
18:06:15 
18:06:15 blocked link because:
18:06:15 neuFocus
18:06:15 
18:06:15 
18:06:15 blocked link because:
18:06:15 neuFocus
18:06:15 
18:06:15 
18:06:15 blocked link because:
18:06:15 neuFocus
18:06:15 
18:06:15 
18:06:15 blocked link because:
18:06:15 neuFocus
18:06:15 
18:06:15 
18:06:15 blocked link because:
18:06:15 neuFocus
18:06:15 
18:06:15 
18:06:15 blocked link because:
18:06:15 neuFocus
18:06:15 
18:06:15 
18:06:15 blocked link because:
18:06:15 neuFocus
18:06:15 
18:06:15 
18:06:15 blocked link because:
18:06:15 neuFocus
18:06:15 
18:06:15 
18:06:15 blocked link because:
18:06:15 neuFocus
18:06:15 
18:06:15 
18:06:15 blocked link because:
18:06:15 neuFocus
18:06:15 
18:06:15 
18:06:15 blocked link because:
18:06:15 neuFocus
18:06:15 
18:06:15 
18:06:15 blocked link because:
18:06:15 neuFocus
18:06:15 
18:06:15 
18:06:15 blocked link because:
18:06:15 neuFocus
18:06:15 
18:06:15 
18:06:15 blocked link because:
18:06:15 neuFocus
18:06:15 
18:06:15 
18:06:15 blocked link because:
18:06:15 neuFocus
18:06:15 
18:06:15 
18:06:15 blocked link because:
18:06:15 neuFocus
18:06:15 
18:06:15 
18:06:15 blocked link because:
18:06:15 neuFocus
18:06:15 
18:06:15 
18:06:15 blocked link because:
18:06:15 neuFocus
18:06:15 
18:06:15 
18:06:15 blocked link because:
18:06:15 neuFocus
18:06:15 
18:06:15 
18:06:15 blocked link because:
18:06:15 neuFocus
18:06:15 
18:06:15 
18:06:15 blocked link because:
18:06:15 neuFocus
18:06:15 
18:06:15 
18:06:15 blocked link because:
18:06:15 neuFocus
18:06:15 
18:06:15 
18:06:15 blocked link because:
18:06:15 neuFocus
18:06:15 
18:06:15 
18:06:15 blocked link because:
18:06:15 neuFocus
18:06:15 
18:06:15 
18:06:15 blocked link because:
18:06:15 neuFocus
18:06:15 
18:06:15 
18:06:15 blocked link because:
18:06:15 neuFocus
18:06:15 
18:06:15 
18:06:15 blocked link because:
18:06:15 neuFocus
18:06:15 
18:06:15 
18:06:15 blocked link because:
18:06:15 neuFocus
18:06:15 
18:06:15 
18:06:15 blocked link because:
18:06:15 neuFocus
18:06:15 
18:06:15 
18:06:15 blocked link because:
18:06:15 neuFocus
18:06:15 
18:06:15 
18:06:15 blocked link because:
18:06:15 neuFocus
18:06:15 
18:06:15 
18:06:15 blocked link because:
18:06:15 neuFocus
18:06:15 
18:06:15 
18:06:15 blocked link because:
18:06:15 neuFocus
18:06:15 
18:06:15 
18:06:15 blocked link because:
18:06:15 neuFocus
18:06:15 
18:06:15 
18:06:15 blocked link because:
18:06:15 neuFocus
18:06:15 
18:06:15 
18:06:15 blocked link because:
18:06:15 neuFocus
18:06:15 
18:06:15 
18:06:15 blocked link because:
18:06:15 neuFocus
18:06:15 
18:06:16 
18:06:16 blocked link because:
18:06:16 neuFocus
18:06:16 
18:06:16 
18:06:16 blocked link because:
18:06:16 neuFocus
18:06:16 
18:06:16 
18:06:16 blocked link because:
18:06:16 neuFocus
18:06:16 
18:06:16 
18:06:16 blocked link because:
18:06:16 neuFocus
18:06:16 
18:06:16 
18:06:16 blocked link because:
18:06:16 neuFocus
18:06:16 
18:06:16 
18:06:16 blocked link because:
18:06:16 neuFocus
18:06:16 
18:06:16 
18:06:16 blocked link because:
18:06:16 neuFocus
18:06:16 
18:06:16 
18:06:16 blocked link because:
18:06:16 neuFocus
18:06:16 
18:06:16 
18:06:16 blocked link because:
18:06:16 neuFocus
18:06:16 
18:06:16 
18:06:16 blocked link because:
18:06:16 neuFocus
18:06:16 
18:06:16 
18:06:16 blocked link because:
18:06:16 neuFocus
18:06:16 
18:06:16 
18:06:16 blocked link because:
18:06:16 neuFocus
18:06:16 
18:06:16 
18:06:16 blocked link because:
18:06:16 neuFocus
18:06:16 
18:06:16 
18:06:16 blocked link because:
18:06:16 neuFocus
18:06:16 
18:06:16 
18:06:16 blocked link because:
18:06:16 neuFocus
18:06:16 
18:06:16 
18:06:16 blocked link because:
18:06:16 neuFocus
18:06:16 
18:06:16 
18:06:16 blocked link because:
18:06:16 neuFocus
18:06:16 
18:06:16 
18:06:16 blocked link because:
18:06:16 neuFocus
18:06:16 
18:06:16 
18:06:16 blocked link because:
18:06:16 neuFocus
18:06:16 
18:06:16 
18:06:16 blocked link because:
18:06:16 neuFocus
18:06:16 
18:06:16 
18:06:16 blocked link because:
18:06:16 neuFocus
18:06:16 
18:06:16 
18:06:16 blocked link because:
18:06:16 neuFocus
18:06:16 
18:06:16 
18:06:16 blocked link because:
18:06:16 neuFocus
18:06:16 
18:06:16 
18:06:16 blocked link because:
18:06:16 neuFocus
18:06:16 
18:06:16 
18:06:16 blocked link because:
18:06:16 neuFocus
18:06:16 
18:06:16 
18:06:16 blocked link because:
18:06:16 neuFocus
18:06:16 
18:06:16 
18:06:16 blocked link because:
18:06:16 neuFocus
18:06:16 
18:06:16 
18:06:16 blocked link because:
18:06:16 neuFocus
18:06:16 
18:06:16 
18:06:16 blocked link because:
18:06:16 neuFocus
18:06:16 
18:06:16 
18:06:16 blocked link because:
18:06:16 neuFocus
18:06:16 
18:06:16 
18:06:16 blocked link because:
18:06:16 neuFocus
18:06:16 
18:06:16 
18:06:16 blocked link because:
18:06:16 neuFocus
18:06:16 
18:06:16 
18:06:16 blocked link because:
18:06:16 neuFocus
18:06:16 
18:06:16 
18:06:16 blocked link because:
18:06:16 neuFocus
18:06:16 
18:06:16 
18:06:16 blocked link because:
18:06:16 neuFocus
18:06:16 
18:06:16 
18:06:16 blocked link because:
18:06:16 neuFocus
18:06:16 
18:06:16 
18:06:16 blocked link because:
18:06:16 neuFocus
18:06:16 
18:06:16 
18:06:16 blocked link because:
18:06:16 neuFocus
18:06:16 
18:06:16 
18:06:16 blocked link because:
18:06:16 neuFocus
18:06:16 
18:06:16 
18:06:16 blocked link because:
18:06:16 neuFocus
18:06:16 
18:06:16 
18:06:16 blocked link because:
18:06:16 neuFocus
18:06:16 
18:06:16 
18:06:16 blocked link because:
18:06:16 neuFocus
18:06:16 
18:06:16 allowed click
18:06:16 allowed click
18:06:16 allowed click
18:06:16 allowed click
18:06:16 allowed click
18:06:16 allowed click
18:06:16 allowed click
18:06:16 allowed click
18:06:16 allowed click
18:06:16 allowed click
18:06:16 allowed click
18:06:16 allowed click
18:06:16 allowed click
18:06:16 allowed click
18:06:16 allowed click
18:06:17 allowed click
18:06:17 allowed click
18:11:05 allowed click
18:11:05 allowed click
18:11:05 allowed click
18:11:05 allowed click
18:11:05 allowed click
18:11:05 allowed click
18:11:05 allowed click
18:11:05 allowed click
18:11:05 allowed click
18:11:05 allowed click
18:11:05 allowed click
18:11:05 allowed click
18:11:05 allowed click
18:11:05 allowed click
18:11:05 allowed click
18:11:05 allowed click
18:11:05 allowed click
18:11:05 allowed click
18:11:05 allowed click
18:11:05 allowed click
18:11:05 allowed click
18:11:05 allowed click
18:11:05 allowed click
18:11:05 allowed click
18:11:05 allowed click
18:11:05 allowed click
18:11:05 allowed click
18:11:05 allowed click
18:11:05 allowed click
18:11:05 allowed click
18:11:05 allowed click
18:11:05 allowed click
18:11:05 allowed click
18:11:05 allowed click
18:11:05 allowed click
18:11:05 allowed click
18:11:05 allowed click
18:11:05 allowed click
18:11:05 allowed click
18:11:05 allowed click
18:11:05 allowed click
18:11:05 allowed click
18:11:05 allowed click
18:11:05 allowed click
18:11:05 allowed click
18:11:05 allowed click
18:11:05 allowed click
18:11:05 allowed click
18:11:05 allowed click
18:11:05 allowed click
18:11:05 allowed click
18:11:05 allowed click
18:11:05 allowed click
18:11:05 allowed click
18:11:05 allowed click
18:11:05 allowed click
18:11:05 allowed click
18:11:05 allowed click
18:11:05 allowed click
18:11:05 allowed click
18:11:05 allowed click
18:11:05 allowed click
18:11:05 allowed click
18:11:05 allowed click
18:11:05 allowed click
18:11:05 allowed click
18:11:05 allowed click
18:11:05 allowed click
18:11:05 allowed click
18:11:05 allowed click
18:11:05 allowed click
18:11:05 allowed click
18:11:05 allowed click
18:11:05 allowed click
18:11:05 allowed click
18:11:05 allowed click
18:11:05 allowed click
21:16:49 allowed click
21:16:49 allowed click
21:16:49 allowed click
21:16:49 allowed click
21:16:49 allowed click
21:16:49 allowed click
21:16:49 allowed click
21:16:49 allowed click
21:16:49 allowed click
21:16:49 allowed click
21:16:49 allowed click
21:16:49 allowed click
21:16:49 allowed click
21:16:49 allowed click
21:16:49 allowed click
21:16:49 allowed click
21:16:49 allowed click
21:16:49 allowed click
21:16:49 allowed click
21:16:49 allowed click
21:16:49 allowed click
21:16:49 allowed click
21:16:49 allowed click
21:16:49 allowed click
21:16:49 allowed click
21:16:49 allowed click
21:16:49 allowed click
21:16:49 allowed click
21:16:49 allowed click
21:16:49 allowed click
21:16:49 allowed click
21:16:49 allowed click
21:16:49 allowed click
21:16:49 allowed click
21:16:49 allowed click
21:16:49 allowed click
21:16:49 allowed click
21:16:49 allowed click
21:16:49 allowed click
21:16:49 allowed click
21:16:49 allowed click
21:16:49 allowed click
21:16:49 allowed click
21:16:49 allowed click
21:16:49 allowed click
21:16:49 allowed click
21:16:49 allowed click
21:16:49 allowed click
21:16:49 allowed click
21:16:49 allowed click
21:16:49 allowed click
21:16:49 allowed click
21:16:49 allowed click
21:16:49 allowed click
21:16:49 allowed click
21:16:49 allowed click
21:16:49 allowed click
21:16:49 allowed click
21:16:49 allowed click
21:16:49 allowed click
21:16:49 allowed click
21:16:49 allowed click
21:16:49 allowed click
21:16:49 allowed click
21:16:49 allowed click
21:16:49 allowed click
21:16:49 allowed click
21:16:49 allowed click
21:16:50 allowed click
21:16:50 allowed click
21:16:50 allowed click
21:16:50 allowed click
21:16:50 allowed click
21:16:50 allowed click
21:16:50 allowed click
21:16:50 allowed click
21:16:50 allowed click
21:16:50 allowed click
21:16:50 allowed click
21:16:50 allowed click
21:16:50 allowed click
21:16:50 allowed click
21:16:50 allowed click
21:16:50 allowed click
21:16:50 allowed click
21:16:50 allowed click
21:16:50 allowed click
21:16:50 allowed click
21:16:50 allowed click
21:16:50 allowed click
21:16:50 allowed click
21:16:50 allowed click
21:16:50 allowed click
21:16:50 allowed click
21:16:50 allowed click
21:16:50 allowed click
21:16:50 allowed click
21:16:50 allowed click
21:16:50 allowed click
21:16:50 allowed click
21:16:50 allowed click
21:16:50 allowed click
21:16:50 allowed click
21:16:50 allowed click
21:16:50 allowed click
21:16:50 allowed click
21:16:50 allowed click
21:16:50 allowed click
21:16:50 allowed click
21:16:50 allowed click
21:16:50 allowed click
21:16:50 allowed click
21:16:50 allowed click
21:16:50 allowed click
21:16:50 allowed click
21:16:50 allowed click
21:16:50 allowed click
21:16:50 allowed click
21:16:50 allowed click
21:16:50 allowed click
21:16:50 allowed click
21:16:50 allowed click
21:16:50 allowed click
21:16:50 allowed click
21:16:50 allowed click
21:16:50 allowed click
21:16:50 allowed click
21:16:50 allowed click
21:16:50 allowed click
21:16:50 allowed click
21:16:50 allowed click
21:16:50 allowed click
21:16:50 allowed click
21:16:50 allowed click
21:16:50 allowed click
21:16:50 allowed click
21:16:50 allowed click
21:16:50 allowed click
21:16:50 allowed click
21:16:50 allowed click
21:16:50 allowed click
21:16:50 allowed click
21:16:50 allowed click
21:16:50 allowed click
21:16:50 allowed click
21:16:50 allowed click
21:16:50 allowed click
21:16:50 allowed click
21:16:50 allowed click
21:16:50 allowed click
21:16:50 allowed click
21:16:50 allowed click
21:16:50 allowed click
21:16:50 allowed click
21:16:50 allowed click
21:16:50 allowed click
21:16:50 allowed click
21:16:50 allowed click
21:16:50 allowed click
21:16:50 allowed click
21:16:50 allowed click
21:16:50 allowed click
21:16:50 allowed click
21:16:50 allowed click
21:16:59 allowed click
21:16:59 allowed click
21:16:59 allowed click
21:16:59 allowed click
21:16:59 allowed click
21:16:59 allowed click
21:16:59 allowed click
21:16:59 allowed click
21:16:59 allowed click
21:16:59 allowed click
21:16:59 allowed click
21:16:59 allowed click
21:16:59 allowed click
21:16:59 allowed click
21:16:59 allowed click
21:16:59 allowed click
21:16:59 allowed click
21:16:59 allowed click
21:16:59 allowed click
21:16:59 allowed click
21:16:59 allowed click
21:16:59 allowed click
21:16:59 allowed click
21:16:59 allowed click
21:16:59 allowed click
21:16:59 allowed click
21:16:59 allowed click
21:16:59 allowed click
21:16:59 allowed click
21:16:59 allowed click
21:16:59 allowed click
21:16:59 allowed click
21:17:10 allowed click
21:17:10 allowed click
21:17:10 allowed click
21:17:10 allowed click
21:17:10 allowed click
21:17:10 allowed click
21:17:10 allowed click
21:17:10 allowed click
21:17:10 allowed click
21:17:10 allowed click
21:17:10 allowed click
21:17:10 allowed click
21:17:10 allowed click
21:17:10 allowed click
21:17:10 allowed click
21:17:10 allowed click
21:17:10 allowed click
21:17:10 allowed click
21:17:10 allowed click
21:17:10 allowed click
21:17:10 allowed click
21:17:10 allowed click
21:17:10 allowed click
21:17:10 allowed click
21:17:10 allowed click
21:17:10 allowed click
21:17:10 allowed click
21:17:10 allowed click
21:17:10 allowed click
21:17:10 allowed click
21:17:10 allowed click
21:17:10 allowed click
21:17:10 allowed click
21:17:10 allowed click
21:17:10 allowed click
21:17:10 allowed click
21:17:10 allowed click
21:17:10 allowed click
21:17:10 allowed click
21:17:10 allowed click
21:17:10 allowed click
21:17:10 allowed click
21:17:10 allowed click
21:17:10 allowed click
21:17:10 allowed click
21:17:10 allowed click
21:17:10 allowed click
21:17:10 allowed click
21:17:10 allowed click
21:17:10 allowed click
21:17:10 allowed click
21:17:10 allowed click
21:17:10 allowed click
21:17:10 allowed click
21:17:10 allowed click
21:17:10 allowed click
21:17:10 allowed click
21:17:10 allowed click
21:17:10 allowed click
21:17:10 allowed click
21:17:10 allowed click
21:17:10 allowed click
21:17:10 allowed click
21:17:10 allowed click
21:17:10 allowed click
21:17:10 allowed click
21:17:10 allowed click
21:17:10 allowed click
21:17:10 allowed click
21:17:10 allowed click
21:17:10 allowed click
21:17:10 allowed click
21:17:10 allowed click
21:17:10 allowed click
21:17:10 allowed click
21:17:10 allowed click
21:17:11 allowed click
21:17:11 allowed click
21:17:11 allowed click
21:17:11 allowed click
21:17:11 allowed click
21:17:11 allowed click
21:17:11 allowed click
21:17:11 allowed click
21:17:11 allowed click
21:17:11 allowed click
21:17:11 allowed click
21:17:11 allowed click
21:17:11 allowed click
21:17:11 allowed click
21:17:11 allowed click
21:17:11 allowed click
21:17:11 allowed click
21:17:11 allowed click
21:17:11 allowed click
21:17:11 allowed click
21:17:11 allowed click
21:17:11 allowed click
21:17:11 allowed click
21:17:11 allowed click
21:17:11 allowed click
21:17:11 allowed click
21:17:11 allowed click
21:17:11 allowed click
21:17:11 allowed click
21:17:11 allowed click
21:17:11 allowed click
21:17:11 allowed click
21:17:11 allowed click
21:17:11 allowed click
21:17:11 allowed click
21:17:11 allowed click
21:17:11 allowed click
21:17:11 allowed click
21:17:11 allowed click
21:17:11 allowed click
21:17:11 allowed click
21:17:11 allowed click
21:17:11 allowed click
21:17:11 allowed click
21:17:11 allowed click
21:17:11 allowed click
21:17:11 allowed click
21:17:11 allowed click
21:17:11 allowed click
21:17:11 allowed click
21:17:11 allowed click
21:17:11 allowed click
21:17:11 allowed click
21:17:11 allowed click
21:17:11 allowed click
21:17:11 allowed click
21:17:11 allowed click
21:17:11 allowed click
21:17:11 allowed click
21:17:11 allowed click
21:17:11 allowed click
21:17:11 allowed click
21:17:11 allowed click
21:17:11 allowed click
21:17:11 allowed click
21:17:11 allowed click
21:17:11 allowed click
21:17:11 allowed click
21:17:11 allowed click
21:17:11 allowed click
21:17:11 allowed click
21:17:11 allowed click
21:17:22 allowed click
21:17:22 allowed click
21:17:22 allowed click
21:17:22 allowed click
21:17:22 allowed click
21:17:22 allowed click
21:17:22 allowed click
21:17:22 allowed click
21:17:22 allowed click
21:17:22 allowed click
21:17:22 allowed click
21:17:22 allowed click
21:17:22 allowed click
21:17:22 allowed click
21:17:22 allowed click
21:17:22 allowed click
21:17:22 allowed click
21:17:22 allowed click
21:17:22 allowed click
21:17:22 allowed click
21:17:22 allowed click
21:17:22 allowed click
21:17:22 allowed click
21:17:22 allowed click
21:17:22 allowed click
21:17:22 allowed click
21:17:22 allowed click
21:17:22 allowed click
21:17:22 allowed click
21:17:22 allowed click
21:17:22 allowed click
21:17:22 allowed click
21:17:22 allowed click
21:17:22 allowed click
21:17:22 allowed click
21:17:22 allowed click
21:17:22 allowed click
21:17:22 allowed click
21:17:22 allowed click
21:17:22 allowed click
21:17:22 allowed click
21:17:22 allowed click
21:17:22 allowed click
21:17:22 allowed click
21:17:22 allowed click
21:17:22 allowed click
21:17:22 allowed click
21:17:22 allowed click
21:17:22 allowed click
21:17:22 allowed click
21:17:22 allowed click
21:17:22 allowed click
21:17:22 allowed click
21:17:22 allowed click
21:17:30 allowed click
21:17:30 allowed click
21:17:30 allowed click
21:17:30 allowed click
21:17:30 allowed click
21:17:30 allowed click
21:17:30 allowed click
21:17:30 allowed click
21:17:30 allowed click
21:17:30 allowed click
21:17:30 allowed click
21:17:30 allowed click
21:17:30 allowed click
21:17:30 allowed click
21:17:30 allowed click
21:17:30 allowed click
21:17:30 allowed click
21:17:30 allowed click
21:17:30 allowed click
21:17:30 allowed click
21:17:30 allowed click
21:17:30 allowed click
21:17:30 allowed click
21:17:30 allowed click
21:17:30 allowed click
21:17:30 allowed click
21:17:30 allowed click
21:17:30 allowed click
21:17:30 allowed click
21:17:30 allowed click
21:17:30 allowed click
21:17:30 allowed click
21:17:30 allowed click
21:17:30 allowed click
21:17:31 allowed click
21:17:31 allowed click
21:17:31 allowed click
21:17:31 allowed click
21:17:31 allowed click
21:17:31 allowed click
21:17:31 allowed click
21:17:31 allowed click
21:17:31 allowed click
21:17:31 allowed click
21:17:31 allowed click
21:17:31 allowed click
21:17:31 allowed click
21:17:31 allowed click
21:17:31 allowed click
21:17:31 allowed click
21:17:31 allowed click
21:17:31 allowed click
21:17:31 allowed click
21:17:31 allowed click
21:17:31 allowed click
21:17:31 allowed click
21:17:31 allowed click
21:17:31 allowed click
21:17:31 allowed click
21:17:31 allowed click
21:17:31 allowed click
21:17:31 allowed click
21:17:31 allowed click
21:17:31 allowed click
21:17:31 allowed click
21:17:31 allowed click
21:17:31 allowed click
21:17:31 allowed click
21:17:31 allowed click
21:17:31 allowed click
21:17:31 allowed click
21:17:31 allowed click
21:17:31 allowed click
21:17:31 allowed click
21:17:31 allowed click
21:17:31 allowed click
21:17:31 allowed click
21:17:31 allowed click
