10:45:43 Trying to load config from config\skyhanni\config.json
10:45:43 load-config-now
10:45:44 Loaded config from file
10:45:44 Trying to load sacks from config\skyhanni\sacks.json
10:45:44 load-sacks-now
10:45:44 Loaded sacks from file
10:45:44 Trying to load friends from config\skyhanni\friends.json
10:45:44 load-friends-now
10:45:44 Loaded friends from file
10:45:44 Trying to load known_features from config\skyhanni\known_features.json
10:45:44 load-known_features-now
10:45:44 Loaded known_features from file
10:45:44 Trying to load jacob_contests from config\skyhanni\jacob_contests.json
10:45:44 load-jacob_contests-now
10:45:44 Loaded jacob_contests from file
10:45:44 Trying to load visual_words from config\skyhanni\visual_words.json
10:45:44 Setting visual_words to be blank as it did not exist. It will be saved once something is written to it
10:46:44 saveConfig: auto-save-60s
10:46:44 Saving config file
10:47:44 saveConfig: auto-save-60s
10:47:44 Saving config file
10:48:44 saveConfig: auto-save-60s
10:48:44 Saving config file
10:48:46 saveConfig: shutdown-hook
10:48:46 Saving config file
