20:34:49 [allowed] §f §r§r§r§f §r§r§r§1 §r§r§r§0 §r§r§r§2 §r§r§r§f §r§r§r§f §r§r§r§2 §r§r§r§0 §r§r§r§4 §r§r§r§3 §r§r§r§9 §r§r§r§2 §r§r§r§0 §r§r§r§0 §r§r§r§3 §r§r§r§9 §r§r§r§2 §r§r§r§0 §r§r§r§0 §r§r§r§3 §r§r§r§9 §r§r§r§2 §r§r§r§0 §r§r§r§0 
20:34:50 [allowed]   §r§f§l➤ §r§6You have reached your Hype limit! Add Hype to Prototype Lobby minigames by right-clicking with the Hype Diamond!
20:34:50 [allowed] §b[MVP§f+§b] cheetah_009§f §6joined the lobby!
20:34:51 [allowed] §b[MVP§c+§b] jiji8§f §6joined the lobby!
20:34:52 [allowed] §b[MVP§c+§b] Haryuku§f §6joined the lobby!
20:34:53 [allowed] §b[MVP§6+§b] Fleminator62§f §6joined the lobby!
20:34:54 [allowed] §b[MVP§0+§b] Lisent§f §6joined the lobby!
20:34:56 [allowed] §b[MVP§c+§b] Syco_Styx§f §6joined the lobby!
20:34:57 [allowed] §b[MVP§a+§b] AllAboutThePing§f §6joined the lobby!
20:35:00 [allowed] §b[MVP§2+§b] MalevolentGamin§f §6joined the lobby!
20:35:00 [allowed] §b[MVP§2+§b] Xioup§f §6joined the lobby!
20:35:01 [allowed] §b[MVP§c+§b] Oce10t§f §6joined the lobby!
20:35:02 [allowed] §b[MVP§d+§b] francynoooo§f §6joined the lobby!
20:35:05 [allowed] §7Sending to server mini142BT...
20:35:05 [allowed] §8 §r§8 §r§1 §r§3 §r§3 §r§7 §r§8 
20:35:05 [allowed] §eYou haven't claimed your §r§6Summer Rewards §r§eyet!
20:35:05 [allowed] §eTalk to the §r§bSummer Sloth §r§ein the §r§aHub!
20:35:08 [allowed] 
20:35:08 [allowed] §eWelcome to §r§aHypixel SkyBlock§r§e!
20:35:08 [allowed] §6§lBONUS! §r§bTemporarily earn §r§a5% §r§bmore skill experience!
20:35:08 [allowed] 
20:35:08 [allowed] §9§n§eLatest update: §bSkyBlock v0.20.5 §e§lCLICK
20:35:09 [allowed] §aYou are playing on profile: §ePineapple
20:35:09 [allowed] §8Profile ID: cbcbcaaa-4182-4d77-bab6-b1345770fa92
20:35:30 [allowed] §cThere are blocks in the way!
20:35:30 [allowed] §cThere are blocks in the way!
20:35:30 [allowed] §cThere are blocks in the way!
20:35:31 [allowed] §cThere are blocks in the way!
20:35:35 [allowed] §c ☠ §r§7§r§bItsKyxio§r§7 was killed by Glacite Walker§r§7§r§7.
20:35:39 [allowed] §e[NPC] §dPuzzler§f: §r§5▶§b◀§b◀§a▼§d▲§5▶§5▶§d▲§d▲§5▶
20:35:41 [allowed] §e[NPC] §dPuzzler§f: §r§a✌✓
20:35:41 [allowed] §e[NPC] §dPuzzler§f: §r▶▶Nice!  ▲Here, ◀have ▼some◀ ▶Mithril Powder!▲
20:35:41 [allowed] §dPuzzler§r§6 gave you §r§21,320 Mithril Powder §r§6for solving the puzzle!
20:35:52 [allowed] §8[§r§77§r§8] §r§b[MVP§f+§b] ItsKyxio §5Ⓑ§f§r§f: 791 kills
20:36:00 [allowed] §7Warping...
20:36:01 [allowed] §7Sending to server mini10R...
20:36:01 [allowed] §8 §r§8 §r§1 §r§3 §r§3 §r§7 §r§8 
20:36:01 [allowed] §eYou haven't claimed your §r§6Summer Rewards §r§eyet!
20:36:01 [allowed] §eTalk to the §r§bSummer Sloth §r§ein the §r§aHub!
20:36:03 [allowed] §6§lGROSS! §7While you were offline, §6Pests §7spawned in §aPlots §r§b19§r§7, §r§b20§r§7, §r§b7§r§7 and §r§b8§r§r§7!
20:36:03 [allowed] §7Your §r§6☘ Farming Fortune §r§7has been reduced by §r§430%§r§7!
20:36:03 [allowed] §7Click on a plots name in chat to teleport to it!
20:36:04 [allowed] §aYou are playing on profile: §ePineapple
20:36:04 [allowed] §8Profile ID: cbcbcaaa-4182-4d77-bab6-b1345770fa92
20:36:49 [allowed] §cThis ability is on cooldown for 1s.
20:36:53 [allowed] §eYou received §a8x Enchanted Melon §efor killing an §6Earthworm§e!
20:36:53 [allowed] §6§lRARE DROP! §9Enchanted Melon Block §6(§6+647☘)
20:36:58 [allowed] §cThis ability is on cooldown for 1s.
20:36:58 [allowed] §cThis ability is on cooldown for 1s.
20:36:58 [allowed] §6[Sacks] §r§a+9§r§e items§r§e.§r§8 (Last 5s.)
20:37:00 [allowed] §cThis ability is on cooldown for 1s.
20:37:01 [allowed] §a§r§6Mining Speed Boost §r§ais now available!
20:37:03 [allowed] §eYou received §a8x Enchanted Carrot §efor killing a §6Cricket§e!
20:37:06 [allowed] §cThis ability is on cooldown for 1s.
20:37:08 [allowed] §6[Sacks] §r§a+8§r§e items§r§e.§r§8 (Last 5s.)
20:37:10 [allowed] §aYour Garden is no longer infested and your §r§6☘ Farming Fortune §r§ahas returned to normal!
20:37:10 [allowed] §eYou received §a9x Enchanted Hay Bale §efor killing a §6Fly§e!
20:37:10 [allowed] §6§lRARE DROP! §5Beady Eyes §6(§6+755☘)
20:37:15 [allowed] §6[Sacks] §r§a+9§r§e items§r§e.§r§8 (Last 5s.)
20:37:19 [allowed] §cThis ability is on cooldown for 1s.
20:37:24 [allowed] §eYou received §a9x Enchanted Hay Bale §efor killing a §6Fly§e!
20:37:24 [allowed] §6§lRARE DROP! §9Tightly-Tied Hay Bale §6(§6+755☘)
20:37:27 [allowed] §eYou received §a8x Enchanted Hay Bale §efor killing a §6Fly§e!
20:37:33 [allowed] §cThis ability is on cooldown for 1s.
20:37:33 [allowed] §6[Sacks] §r§a+18§r§e items§r§e.§r§8 (Last 9s.)
20:37:36 [allowed] §cThis ability is on cooldown for 1s.
20:37:40 [allowed] §3§l▬▬▬▬▬▬▬▬▬▬▬▬▬▬▬▬▬▬▬▬▬▬▬▬▬▬▬▬▬▬▬▬▬▬▬▬▬▬▬▬▬▬▬▬▬▬▬▬▬▬▬▬▬▬▬▬▬▬▬▬▬▬▬▬
20:37:40 [allowed]  
20:37:40 [allowed] §eYou received §a8x Enchanted Sugar §efor killing a §6Mosquito§e!
20:37:45 [allowed] §6[Sacks] §r§a+8§r§e items§r§e.§r§8 (Last 5s.)
20:37:55 [allowed] §aYou sold §r§5Beady Eyes§r§8 x1 §r§afor §r§61 Coin§r§a!
20:38:33 [allowed] §aPicked up 60 Compost!
20:38:44 [allowed] §aAdded §r§2204,800 §r§aorganic matter to the composter!
20:38:45 [allowed] §6[Sacks] §r§c-38§r§e items§r§e.§r§8 (Last 5s.)
20:38:52 [allowed] §6[Bazaar] §r§7Putting goods in escrow...
20:38:52 [allowed] §6[Bazaar] §r§7Submitting sell offer...
20:38:52 [allowed] §6[Bazaar] §r§7§r§eSell Offer Setup! §r§a60§r§7x §r§aCompost §r§7for §r§61,078,321 coins§r§7.
20:38:54 [allowed] §6[Sacks] §r§a+90§r§e items§r§e, §r§c-60§r§e items§r§e.§r§8 (Last 8s.)
20:39:33 [allowed] §6[Bazaar] §eYour §6Sell Offer §efor §a60§7x §aCompost §ewas filled!
20:41:02 [allowed] §aYou earned §r§e950 Event EXP §r§afrom playing SkyBlock!
21:03:53 [allowed] §6[Bazaar] §r§7Claiming order...
21:03:53 [allowed] §6[Bazaar] §r§7§r§7Claimed §r§61,078,321 coins §r§7from selling §r§a60§r§7x §r§aCompost §r§7at §r§618,176 §r§7each!
21:04:48 [allowed] §cThere are blocks in the way!
21:04:49 [allowed] §cThere are blocks in the way!
21:04:50 [allowed] §cThere are blocks in the way!
21:04:51 [allowed] §cThere are blocks in the way!
21:04:52 [allowed] §cThere are blocks in the way!
21:04:54 [allowed] §cThere are blocks in the way!
21:04:55 [allowed] §cThere are blocks in the way!
21:06:00 [allowed] §cAutopet §eequipped your §7[Lvl 100] §6Scatha§e! §a§lVIEW RULE
21:06:00 [allowed] §cAutopet §eequipped your §7[Lvl 154] §6Golden Dragon§e! §a§lVIEW RULE
21:06:03 [allowed] §aYou earned §r§e412 Event EXP §r§afrom playing SkyBlock!
21:07:00 [allowed] §d§lTIME TOWER! §r§7Your §r§6Chocolate Factory §r§7production has increased by §r§6+0.1x §r§7for §r§a1h§r§7!
21:07:01 [allowed] §7You upgraded to §r§dCoach Jackrabbit XIV§r§7!
21:07:03 [allowed] §5Rabbit Uncle §r§7has been promoted to §r§7[149§r§7] §r§5Manager§r§7!
21:07:04 [allowed] §5Rabbit Dog §r§7has been promoted to §r§7[146§r§7] §r§5Manager§r§7!
21:07:05 [allowed] §5Rabbit Granny §r§7has been promoted to §r§7[153§r§7] §r§5Manager§r§7!
21:07:05 [allowed] §5Rabbit Daddy §r§7has been promoted to §r§7[158§r§7] §r§5Manager§r§7!
21:07:06 [allowed] §5Rabbit Sis §r§7has been promoted to §r§7[164§r§7] §r§5Manager§r§7!
21:07:07 [allowed] §5Rabbit Uncle §r§7has been promoted to §r§7[150§r§7] §r§5Manager§r§7!
21:07:08 [allowed] §5Rabbit Dog §r§7has been promoted to §r§7[147§r§7] §r§5Manager§r§7!
21:07:08 [allowed] §5Rabbit Granny §r§7has been promoted to §r§7[154§r§7] §r§5Manager§r§7!
21:07:09 [allowed] §5Rabbit Cousin §r§7has been promoted to §r§7[173§r§7] §r§5Manager§r§7!
21:07:10 [allowed] §5Rabbit Daddy §r§7has been promoted to §r§7[159§r§7] §r§5Manager§r§7!
21:07:11 [allowed] §5Rabbit Sis §r§7has been promoted to §r§7[165§r§7] §r§5Manager§r§7!
21:07:12 [allowed] §5Rabbit Uncle §r§7has been promoted to §r§7[151§r§7] §r§5Manager§r§7!
21:07:13 [allowed] §5Rabbit Dog §r§7has been promoted to §r§7[148§r§7] §r§5Manager§r§7!
21:07:13 [allowed] §5Rabbit Granny §r§7has been promoted to §r§7[155§r§7] §r§5Manager§r§7!
21:07:14 [allowed] §5Rabbit Cousin §r§7has been promoted to §r§7[174§r§7] §r§5Manager§r§7!
21:07:15 [allowed] §5Rabbit Daddy §r§7has been promoted to §r§7[160§r§7] §r§5Manager§r§7!
21:07:16 [allowed] §5Rabbit Sis §r§7has been promoted to §r§7[166§r§7] §r§5Manager§r§7!
21:07:17 [allowed] §5Rabbit Uncle §r§7has been promoted to §r§7[152§r§7] §r§5Manager§r§7!
21:07:17 [allowed] §5Rabbit Dog §r§7has been promoted to §r§7[149§r§7] §r§5Manager§r§7!
21:07:18 [allowed] §5Rabbit Granny §r§7has been promoted to §r§7[156§r§7] §r§5Manager§r§7!
21:07:19 [allowed] §6Rabbit Cousin §r§7has been promoted to §r§7[175§r§7] §r§6Director§r§7!
21:07:20 [allowed] §5Rabbit Daddy §r§7has been promoted to §r§7[161§r§7] §r§5Manager§r§7!
21:07:21 [allowed] §5Rabbit Sis §r§7has been promoted to §r§7[167§r§7] §r§5Manager§r§7!
21:07:29 [allowed] §7You upgraded to §r§dTime Tower II§r§7!
21:07:40 [allowed] §8Depositing coins...
21:07:40 [allowed] §aYou have deposited §r§61M coins§r§a! You now have §r§635M coins §r§ain your account!
21:08:51 [allowed] §aYou summoned your §r§6Elephant§r§a!
21:10:38 [allowed] §8Withdrawing coins...
21:10:38 [allowed] §aYou have withdrawn §r§6500k coins§r§a! You now have §r§634M coins §r§ain your account!
21:10:56 [allowed] §7Putting coins in escrow...
21:10:56 [allowed] §7Processing purchase...
21:10:56 [allowed] §eYou purchased §r§f§r§f§r§9Pest Repellent MAX §r§efor §r§6250,000 coins§r§e!
21:10:56 [allowed] §eVisit the Auction House to collect your item!
21:11:00 [allowed] §eYou claimed §r§f§r§9Pest Repellent MAX §r§efrom §r§b[MVP§r§9+§r§b] bboaz§r§e's auction!
21:11:03 [allowed] §aYou earned §r§e1,236 Event EXP §r§afrom playing SkyBlock!
21:11:20 [allowed] §a§lYUM! §r§6Pests §r§7will now spawn §r§a4x §r§7less while you break crops for the next §r§a60m§r§7!
21:11:57 [allowed] §7Warping...
21:12:55 [allowed] §6§lGROSS! §7A §6Pest §7has appeared in §aPlot §7- §b13§7!
21:12:55 [allowed]   §r§e§lCLICK HERE §eto teleport to the plot!
21:13:05 [allowed] §a§lUNCOMMON DROP! §r§eDicer dropped §r§a4x §r§aEnchanted Melon§r§e!
21:13:07 [allowed] §9§lRARE DROP! §r§eDicer dropped §r§a16x §r§aEnchanted Melon§r§e!
21:13:08 [allowed] §c§lYour inventory is full!
21:13:12 [allowed] §6[Sacks] §r§a+20,180§r§e items§r§e.§r§8 (Last 22s.)
21:13:35 [allowed] §6[Sacks] §r§a+24§r§e items§r§e.§r§8 (Last 15s.)
21:14:05 [allowed] §a§lUNCOMMON DROP! §r§eDicer dropped §r§a4x §r§aEnchanted Melon§r§e!
21:14:11 [allowed] §6[Sacks] §r§a+229§r§e items§r§e.§r§8 (Last 30s.)
21:14:30 [allowed] §a§lUNCOMMON DROP! §r§eDicer dropped §r§a4x §r§aEnchanted Melon§r§e!
21:14:38 [allowed] §6[Sacks] §r§a+171§r§e items§r§e.§r§8 (Last 26s.)
21:14:49 [allowed] §a§lUNCOMMON DROP! §r§eDicer dropped §r§a4x §r§aEnchanted Melon§r§e!
21:14:55 [allowed] §e[NPC] Jacob§f: §rMy contest has started!
21:14:57 [allowed] §e[NPC] Jacob§f: §r§eFinnegan §fis forcing me to be more lenient with rankings...
21:15:01 [allowed] §e[NPC] Jacob§f: §rYour §9Anita's Artifact §fis giving you §6+25☘ Carrot Fortune §fduring the contest!
21:15:03 [allowed] §a§lUNCOMMON DROP! §r§eDicer dropped §r§a4x §r§aEnchanted Melon§r§e!
21:15:11 [allowed] §6[Sacks] §r§a+231§r§e items§r§e.§r§8 (Last 30s.)
21:15:38 [allowed] §a§lUNCOMMON DROP! §r§eDicer dropped §r§a4x §r§aEnchanted Melon§r§e!
21:15:42 [allowed] §6[Sacks] §r§a+242§r§e items§r§e.§r§8 (Last 30s.)
21:16:03 [allowed] §aYou earned §r§e1,188 Event EXP §r§afrom playing SkyBlock!
21:16:08 [allowed] §a§lUNCOMMON DROP! §r§eDicer dropped §r§a4x §r§aEnchanted Melon§r§e!
21:16:13 [allowed] §6[Sacks] §r§a+238§r§e items§r§e.§r§8 (Last 30s.)
21:16:13 [allowed] §9§lRARE DROP! §r§eDicer dropped §r§a16x §r§aEnchanted Melon§r§e!
21:16:44 [allowed] §6[Sacks] §r§a+256§r§e items§r§e.§r§8 (Last 30s.)
21:17:03 [allowed] §a§lUNCOMMON DROP! §r§eDicer dropped §r§a4x §r§aEnchanted Melon§r§e!
21:17:04 [allowed] §9Cultivating VII §r§eon your §r§6Blessed Melon Dicer 3.0 §r§ewas upgraded to §r§9Cultivating VIII§r§e!
21:17:15 [allowed] §6[Sacks] §r§a+238§r§e items§r§e.§r§8 (Last 30s.)
21:17:26 [allowed] §a§lUNCOMMON DROP! §r§eDicer dropped §r§a4x §r§aEnchanted Melon§r§e!
21:17:32 [allowed] §a§lUNCOMMON DROP! §r§eDicer dropped §r§a4x §r§aEnchanted Melon§r§e!
21:17:33 [allowed] §a§lUNCOMMON DROP! §r§eDicer dropped §r§a4x §r§aEnchanted Melon§r§e!
21:17:46 [allowed] §6[Sacks] §r§a+252§r§e items§r§e.§r§8 (Last 30s.)
21:17:49 [allowed] §a§lUNCOMMON DROP! §r§eDicer dropped §r§a4x §r§aEnchanted Melon§r§e!
21:18:05 [allowed] §9§lRARE DROP! §r§eDicer dropped §r§a16x §r§aEnchanted Melon§r§e!
21:18:11 [allowed] §9§lRARE DROP! §r§eDicer dropped §r§a16x §r§aEnchanted Melon§r§e!
21:18:11 [allowed] §a§lUNCOMMON DROP! §r§eDicer dropped §r§a4x §r§aEnchanted Melon§r§e!
21:18:17 [allowed] §6[Sacks] §r§a+276§r§e items§r§e.§r§8 (Last 30s.)
21:18:38 [allowed] §a§lUNCOMMON DROP! §r§eDicer dropped §r§a4x §r§aEnchanted Melon§r§e!
21:18:48 [allowed] §9§lRARE DROP! §r§eDicer dropped §r§a16x §r§aEnchanted Melon§r§e!
21:18:48 [allowed] §6[Sacks] §r§a+242§r§e items§r§e.§r§8 (Last 30s.)
21:18:49 [allowed] §a§lUNCOMMON DROP! §r§eDicer dropped §r§a4x §r§aEnchanted Melon§r§e!
21:18:51 [allowed] §a§lUNCOMMON DROP! §r§eDicer dropped §r§a4x §r§aEnchanted Melon§r§e!
21:18:59 [allowed] §a§lUNCOMMON DROP! §r§eDicer dropped §r§a4x §r§aEnchanted Melon§r§e!
21:19:06 [allowed] §a§lUNCOMMON DROP! §r§eDicer dropped §r§a4x §r§aEnchanted Melon§r§e!
21:19:19 [allowed] §6[Sacks] §r§a+253§r§e items§r§e.§r§8 (Last 30s.)
21:19:35 [allowed] §9§lRARE DROP! §r§eDicer dropped §r§a16x §r§aEnchanted Melon§r§e!
21:19:44 [allowed] §9§lRARE DROP! §r§eDicer dropped §r§a16x §r§aEnchanted Melon§r§e!
21:19:50 [allowed] §6[Sacks] §r§a+258§r§e items§r§e.§r§8 (Last 30s.)
21:20:18 [allowed] §a§lUNCOMMON DROP! §r§eDicer dropped §r§a4x §r§aEnchanted Melon§r§e!
21:20:21 [allowed] §6[Sacks] §r§a+238§r§e items§r§e.§r§8 (Last 30s.)
21:20:52 [allowed] §6[Sacks] §r§a+217§r§e items§r§e.§r§8 (Last 30s.)
21:20:55 [allowed] §d§lCRAZY RARE DROP! §r§eDicer dropped §r§92x §r§9Enchanted Melon Block§r§e!
21:21:01 [allowed] §a§lUNCOMMON DROP! §r§eDicer dropped §r§a4x §r§aEnchanted Melon§r§e!
21:21:03 [allowed] §aYou earned §r§e1,500 Event EXP §r§afrom playing SkyBlock!
21:21:23 [allowed] §6[Sacks] §r§a+254§r§e items§r§e.§r§8 (Last 30s.)
21:21:54 [allowed] §6[Sacks] §r§a+241§r§e items§r§e.§r§8 (Last 30s.)
21:21:55 [allowed] §a§lUNCOMMON DROP! §r§eDicer dropped §r§a4x §r§aEnchanted Melon§r§e!
21:22:10 [allowed] §a§lUNCOMMON DROP! §r§eDicer dropped §r§a4x §r§aEnchanted Melon§r§e!
21:22:10 [allowed] §a§lUNCOMMON DROP! §r§eDicer dropped §r§a4x §r§aEnchanted Melon§r§e!
21:22:25 [allowed] §6[Sacks] §r§a+237§r§e items§r§e.§r§8 (Last 30s.)
21:22:30 [allowed] §a§lUNCOMMON DROP! §r§eDicer dropped §r§a4x §r§aEnchanted Melon§r§e!
21:22:57 [allowed] §6[Sacks] §r§a+239§r§e items§r§e.§r§8 (Last 30s.)
21:23:27 [allowed] §a§lUNCOMMON DROP! §r§eDicer dropped §r§a4x §r§aEnchanted Melon§r§e!
21:23:28 [allowed] §6[Sacks] §r§a+231§r§e items§r§e.§r§8 (Last 30s.)
21:23:37 [allowed] §a§lUNCOMMON DROP! §r§eDicer dropped §r§a4x §r§aEnchanted Melon§r§e!
21:23:55 [allowed] §a§lUNCOMMON DROP! §r§eDicer dropped §r§a4x §r§aEnchanted Melon§r§e!
21:23:59 [allowed] §6[Sacks] §r§a+249§r§e items§r§e.§r§8 (Last 30s.)
21:24:07 [allowed] §9§lRARE DROP! §r§eDicer dropped §r§a16x §r§aEnchanted Melon§r§e!
21:24:17 [allowed] §a§lUNCOMMON DROP! §r§eDicer dropped §r§a4x §r§aEnchanted Melon§r§e!
21:24:28 [allowed] §c ☠ §r§7You fell into the void§r§7.
21:24:30 [allowed] §6[Sacks] §r§a+230§r§e items§r§e.§r§8 (Last 30s.)
21:24:40 [allowed] §9§lRARE DROP! §r§eDicer dropped §r§a16x §r§aEnchanted Melon§r§e!
21:24:56 [allowed] §a§lUNCOMMON DROP! §r§eDicer dropped §r§a4x §r§aEnchanted Melon§r§e!
21:25:01 [allowed] §6[Sacks] §r§a+255§r§e items§r§e.§r§8 (Last 30s.)
21:25:32 [allowed] §6[Sacks] §r§a+240§r§e items§r§e.§r§8 (Last 30s.)
21:25:32 [allowed] §9§lRARE DROP! §r§eDicer dropped §r§a16x §r§aEnchanted Melon§r§e!
21:26:01 [allowed] §6[Sacks] §r§a+182§r§e items§r§e.§r§8 (Last 28s.)
21:26:04 [allowed] §aYou earned §r§e1,500 Event EXP §r§afrom playing SkyBlock!
21:26:48 [allowed] §6[Sacks] §r§a+230§r§e items§r§e.§r§8 (Last 30s.)
21:27:10 [allowed] §a§lUNCOMMON DROP! §r§eDicer dropped §r§a4x §r§aEnchanted Melon§r§e!
21:27:19 [allowed] §6[Sacks] §r§a+233§r§e items§r§e.§r§8 (Last 30s.)
21:27:35 [allowed] §6[Sacks] §r§a+81§r§e items§r§e.§r§8 (Last 15s.)
21:27:58 [allowed] §a§lUNCOMMON DROP! §r§eDicer dropped §r§a4x §r§aEnchanted Melon§r§e!
21:28:08 [allowed] §6[Sacks] §r§a+195§r§e items§r§e.§r§8 (Last 30s.)
21:28:39 [allowed] §6[Sacks] §r§a+238§r§e items§r§e.§r§8 (Last 30s.)
21:28:51 [allowed] §a§lUNCOMMON DROP! §r§eDicer dropped §r§a4x §r§aEnchanted Melon§r§e!
21:29:10 [allowed] §6[Sacks] §r§a+238§r§e items§r§e.§r§8 (Last 30s.)
21:29:41 [allowed] §6[Sacks] §r§a+240§r§e items§r§e.§r§8 (Last 30s.)
21:29:44 [allowed] §9§lRARE DROP! §r§eDicer dropped §r§a16x §r§aEnchanted Melon§r§e!
21:30:12 [allowed] §6[Sacks] §r§a+239§r§e items§r§e.§r§8 (Last 30s.)
21:30:29 [allowed] §9§lRARE DROP! §r§eDicer dropped §r§a16x §r§aEnchanted Melon§r§e!
21:30:30 [allowed] §a§lUNCOMMON DROP! §r§eDicer dropped §r§a4x §r§aEnchanted Melon§r§e!
21:30:43 [allowed] §6[Sacks] §r§a+260§r§e items§r§e.§r§8 (Last 30s.)
21:31:04 [allowed] §aYou earned §r§e1,500 Event EXP §r§afrom playing SkyBlock!
21:31:14 [allowed] §6[Sacks] §r§a+227§r§e items§r§e.§r§8 (Last 30s.)
21:31:45 [allowed] §6[Sacks] §r§a+235§r§e items§r§e.§r§8 (Last 30s.)
21:32:16 [allowed] §6[Sacks] §r§a+236§r§e items§r§e.§r§8 (Last 30s.)
21:32:18 [allowed] §a§lUNCOMMON DROP! §r§eDicer dropped §r§a4x §r§aEnchanted Melon§r§e!
21:32:47 [allowed] §6[Sacks] §r§a+229§r§e items§r§e.§r§8 (Last 30s.)
21:32:49 [allowed] §a§lUNCOMMON DROP! §r§eDicer dropped §r§a4x §r§aEnchanted Melon§r§e!
21:32:56 [allowed] §6§lGROSS! §7A §6Pest §7has appeared in §aPlot §7- §b2§7!
21:32:56 [allowed]   §r§e§lCLICK HERE §eto teleport to the plot!
21:33:07 [allowed] §a§lUNCOMMON DROP! §r§eDicer dropped §r§a4x §r§aEnchanted Melon§r§e!
21:33:18 [allowed] §6[Sacks] §r§a+248§r§e items§r§e.§r§8 (Last 30s.)
21:33:25 [allowed] §9§lRARE DROP! §r§eDicer dropped §r§a16x §r§aEnchanted Melon§r§e!
21:33:42 [allowed] §a§lUNCOMMON DROP! §r§eDicer dropped §r§a4x §r§aEnchanted Melon§r§e!
21:33:49 [allowed] §6[Sacks] §r§a+253§r§e items§r§e.§r§8 (Last 30s.)
21:34:20 [allowed] §6[Sacks] §r§a+235§r§e items§r§e.§r§8 (Last 30s.)
21:34:45 [allowed] §a§lUNCOMMON DROP! §r§eDicer dropped §r§a4x §r§aEnchanted Melon§r§e!
21:34:50 [allowed] §e[NPC] Jacob§r§f: The Farming Contest is over!
21:34:50 [allowed] §e[NPC] Jacob§r§f: Let me count the final results eh?
21:34:51 [allowed] §6[Sacks] §r§a+233§r§e items§r§e.§r§8 (Last 30s.)
21:34:56 [allowed] §e[NPC] Jacob§f: §rYou placed in the §f§lSILVER §fbracket in the §aMelon Contest§f!
21:35:00 [allowed] §a§lUNCOMMON DROP! §r§eDicer dropped §r§a4x §r§aEnchanted Melon§r§e!
21:35:00 [allowed] §e[NPC] Jacob§f: §rYou collected §e1,500,909 §fitems!
21:35:08 [allowed] §a§lUNCOMMON DROP! §r§eDicer dropped §r§a4x §r§aEnchanted Melon§r§e!
21:35:13 [allowed] §a§lUNCOMMON DROP! §r§eDicer dropped §r§a4x §r§aEnchanted Melon§r§e!
21:35:22 [allowed] §6[Sacks] §r§a+254§r§e items§r§e.§r§8 (Last 30s.)
21:35:27 [allowed] §a§lUNCOMMON DROP! §r§eDicer dropped §r§a4x §r§aEnchanted Melon§r§e!
21:35:28 [allowed] §a§lUNCOMMON DROP! §r§eDicer dropped §r§a4x §r§aEnchanted Melon§r§e!
21:35:53 [allowed] §6[Sacks] §r§a+247§r§e items§r§e.§r§8 (Last 30s.)
21:36:03 [allowed] §c ☠ §r§7You fell into the void§r§7.
21:36:04 [allowed] §aYou earned §r§e1,500 Event EXP §r§afrom playing SkyBlock!
21:36:16 [allowed] §a§lUNCOMMON DROP! §r§eDicer dropped §r§a4x §r§aEnchanted Melon§r§e!
21:36:24 [allowed] §6[Sacks] §r§a+217§r§e items§r§e.§r§8 (Last 30s.)
21:36:55 [allowed] §6[Sacks] §r§a+239§r§e items§r§e.§r§8 (Last 30s.)
21:37:07 [allowed] §a§lUNCOMMON DROP! §r§eDicer dropped §r§a4x §r§aEnchanted Melon§r§e!
21:37:26 [allowed] §6[Sacks] §r§a+224§r§e items§r§e.§r§8 (Last 30s.)
21:37:57 [allowed] §6[Sacks] §r§a+240§r§e items§r§e.§r§8 (Last 30s.)
21:38:07 [allowed] §3§l▬▬▬▬▬▬▬▬▬▬▬▬▬▬▬▬▬▬▬▬▬▬▬▬▬▬▬▬▬▬▬▬▬▬▬▬▬▬▬▬▬▬▬▬▬▬▬▬▬▬▬▬▬▬▬▬▬▬▬▬▬▬▬▬
21:38:07 [allowed]   §r§b§lGARDEN MILESTONE §3Melon §8XXII➜§3XXIII
21:38:07 [allowed]   §r§6Milestone XXIV in §r§a5M Melons
21:38:07 [allowed] 
21:38:07 [allowed]   §r§a§lREWARDS
21:38:07 [allowed]     §r§8+§r§2230 §r§7Garden Experience
21:38:07 [allowed]     §r§8+§r§350,000 §r§7Farming Experience
21:38:07 [allowed]     §r§8+§r§b1 SkyBlock XP
21:38:07 [allowed] §3§l▬▬▬▬▬▬▬▬▬▬▬▬▬▬▬▬▬▬▬▬▬▬▬▬▬▬▬▬▬▬▬▬▬▬▬▬▬▬▬▬▬▬▬▬▬▬▬▬▬▬▬▬▬▬▬▬▬▬▬▬▬▬▬▬
21:38:13 [allowed] §a§lUNCOMMON DROP! §r§eDicer dropped §r§a4x §r§aEnchanted Melon§r§e!
21:38:28 [allowed] §6[Sacks] §r§a+246§r§e items§r§e.§r§8 (Last 30s.)
21:38:35 [allowed] §a§lUNCOMMON DROP! §r§eDicer dropped §r§a4x §r§aEnchanted Melon§r§e!
21:39:00 [allowed] §6[Sacks] §r§a+241§r§e items§r§e.§r§8 (Last 30s.)
21:39:31 [allowed] §6[Sacks] §r§a+239§r§e items§r§e.§r§8 (Last 30s.)
21:39:56 [allowed] §a§lUNCOMMON DROP! §r§eDicer dropped §r§a4x §r§aEnchanted Melon§r§e!
21:40:02 [allowed] §6[Sacks] §r§a+231§r§e items§r§e.§r§8 (Last 30s.)
21:40:21 [allowed] §a§lUNCOMMON DROP! §r§eDicer dropped §r§a4x §r§aEnchanted Melon§r§e!
21:40:33 [allowed] §6[Sacks] §r§a+246§r§e items§r§e.§r§8 (Last 30s.)
21:40:49 [allowed] §a§lUNCOMMON DROP! §r§eDicer dropped §r§a4x §r§aEnchanted Melon§r§e!
21:41:00 [allowed] §6[Sacks] §r§a+169§r§e items§r§e.§r§8 (Last 26s.)
21:41:05 [allowed] §aYou earned §r§e1,500 Event EXP §r§afrom playing SkyBlock!
21:41:09 [allowed] §eYou received §a11x Enchanted Hay Bale §efor killing a §6Fly§e!
21:41:14 [allowed] §cThis ability is on cooldown for 1s.
21:41:15 [allowed] §6[Sacks] §r§a+11§r§e items§r§e.§r§8 (Last 5s.)
21:41:17 [allowed] §eYou received §a11x Enchanted Hay Bale §efor killing a §6Fly§e!
21:41:20 [allowed] §cThere are not any Pests on your Garden right now! Keep farming!
21:41:20 [allowed] §cThere are not any Pests on your Garden right now! Keep farming!
21:41:23 [allowed] §6[Sacks] §r§a+11§r§e items§r§e.§r§8 (Last 5s.)
21:41:31 [allowed] §cThere are blocks in the way!
21:42:19 [allowed]   §r§6§lFARMING CONTEST REWARDS CLAIMED
21:42:19 [allowed]    §r§e§l» §r§aMelon §r§fContest on §r§eLate Summer 30th, Year 370
21:42:19 [allowed]   §r§a§lREWARDS
21:42:19 [allowed]     §r§7§aJacob's Ticket §8x15
21:42:19 [allowed]     §r§7§81x §9Turbo-Melon I Book
21:42:19 [allowed]     §r§7§8+§e1 §7silver medal
21:42:19 [allowed]     §r§7§aCarnival Ticket
21:42:25 [allowed] §6[Sacks] §r§a+1§r§e item§r§e.§r§8 (Last 5s.)
21:42:42 [allowed] §cThere are blocks in the way!
21:42:43 [allowed] §cThere are blocks in the way!
21:42:44 [allowed] §cThere are blocks in the way!
21:42:45 [allowed] §cThere are blocks in the way!
21:42:48 [allowed] §cThere are blocks in the way!
21:42:51 [allowed] §e[NPC] §6Beth§f: §rI think I am really onto something here. 
§lA. §rJake says he can't walk, but I've seen him walk yesterday and 
§lB. §rHe asks strangers to get him some animals, but these animals are nowhere to be found!
21:44:00 [allowed] §cThere are blocks in the way!
21:44:00 [allowed] §cThere are blocks in the way!
21:44:06 [allowed] §cThere are blocks in the way!
21:44:07 [allowed] §cThere are blocks in the way!
21:44:11 [allowed] §cThere are blocks in the way!
21:44:12 [allowed] §cThere are blocks in the way!
21:44:13 [allowed] §cThere are blocks in the way!
21:44:14 [allowed] §cThere are blocks in the way!
21:44:16 [allowed] §cThere are blocks in the way!
21:44:16 [allowed] §cThere are blocks in the way!
21:44:20 [allowed] §8Withdrawing coins...
21:44:20 [allowed] §aYou have withdrawn §r§61M coins§r§a! You now have §r§633M coins §r§ain your account!
21:44:30 [allowed] §6[Bazaar] §r§7Executing instant buy...
21:44:30 [allowed] §6[Bazaar] §r§7Bought §r§a6§r§7x §r§9Enchanted Sugar Cane §r§7for §r§6654,466 coins§r§7!
21:44:33 [allowed] §6§lOFFER ACCEPTED §r§8with §r§6Beth §r§8(§r§6§lLEGENDARY§r§8)
21:44:33 [allowed] 
21:44:33 [allowed]   §r§a§lREWARDS
21:44:33 [allowed]     §r§8+§r§275 §r§7Garden Experience
21:44:33 [allowed]     §r§8+§r§324k §r§7Farming XP
21:44:33 [allowed]     §r§8+§r§c289 Copper
21:44:33 [allowed]     §r§7§aFine Flour §8x5
21:44:33 [allowed] 
21:44:33 [allowed] §e[NPC] §6Beth§f: §rI'm getting really close to solving this mystery.
21:45:30 [allowed] §7Putting coins in escrow...
21:45:30 [allowed] §7Processing purchase...
21:45:30 [allowed] §eYou purchased §r§f§r§f§r§aSlow and Groovy Vinyl §r§efor §r§6149,999 coins§r§e!
21:45:30 [allowed] §eVisit the Auction House to collect your item!
21:45:41 [allowed] §eYou claimed §r§f§r§aSlow and Groovy Vinyl §r§efrom §r§b[MVP§r§0+§r§b] Info§r§e's auction!
21:45:44 [allowed] §6§lOFFER ACCEPTED §r§8with §r§9Vinyl Collector §r§8(§r§9§lRARE§r§8)
21:45:44 [allowed] 
21:45:44 [allowed]   §r§a§lREWARDS
21:45:44 [allowed]     §r§8+§r§230 §r§7Garden Experience
21:45:44 [allowed]     §r§8+§r§325k §r§7Farming XP
21:45:44 [allowed]     §r§8+§r§c82 Copper
21:45:44 [allowed]     §r§7§aFine Flour §8x18
21:45:44 [allowed] 
21:46:05 [allowed] §aYou earned §r§e1,240 Event EXP §r§afrom playing SkyBlock!
21:51:05 [allowed] §aYou earned §r§e470 Event EXP §r§afrom playing SkyBlock!
21:59:40 [allowed] §aYou have just received §r§6357,599 coins §r§aas interest in your personal bank account!
22:00:50 [allowed] §f
22:00:50 [allowed] §4[WATCHDOG ANNOUNCEMENT]
22:00:50 [allowed] §fWatchdog has banned §r§c§l17,025§r§f players in the last 7 days.
22:00:50 [allowed] §fStaff have banned an additional §r§c§l15,733§r§f in the last 7 days.
22:00:50 [allowed] §cBlacklisted modifications are a bannable offense!
22:00:50 [allowed] §c
22:06:15 [allowed] §cThere are blocks in the way!
22:06:17 [allowed] §e[NPC] §dMaeve§f: §rAh, the §bGarden§f. Where dreams wither and weeds thrive. What do you have for me today?
22:06:22 [allowed] §e[NPC] §dMaeve§f: §rGot any §6Fermento§f? Trust me, it's not for a fruit salad.
22:06:42 [allowed] §8Withdrawing coins...
22:06:42 [allowed] §aYou have withdrawn §r§6200k coins§r§a! You now have §r§633M coins §r§ain your account!
22:06:50 [allowed] §6[Bazaar] §r§7Executing instant buy...
22:06:51 [allowed] §6[Bazaar] §r§7Bought §r§a1§r§7x §r§6Fermento §r§7for §r§6256,026 coins§r§7!
22:06:51 [allowed] §6[Bazaar] §r§7Executing instant buy...
22:06:52 [allowed] §6[Bazaar] §r§7Bought §r§a1§r§7x §r§6Fermento §r§7for §r§6256,026 coins§r§7!
22:06:55 [allowed] §6§lOFFER ACCEPTED §r§8with §r§dMaeve §r§8(§r§d§lMYTHIC§r§8)
22:06:55 [allowed] 
22:06:55 [allowed]   §r§a§lREWARDS
22:06:55 [allowed]     §r§8+§r§275 §r§7Garden Experience
22:06:55 [allowed]     §r§8+§r§3100k §r§7Farming XP
22:06:55 [allowed]     §r§8+§r§c330 Copper
22:06:55 [allowed]     §r§7§9Harvest Harbinger V Potion
22:06:55 [allowed]     §r§7§aFine Flour §8x10
22:06:55 [allowed] 
22:06:55 [allowed] §e[NPC] §dMaeve§f: §rGood deal. Here, this potion isn't found on any old store shelf. Don't waste it.
22:07:13 [allowed] §cThere are blocks in the way!
22:07:16 [allowed] §cThere are blocks in the way!
22:07:17 [allowed] §cThere are blocks in the way!
22:07:18 [allowed] §cThere are blocks in the way!
22:07:20 [allowed] §cThere are blocks in the way!
22:07:21 [allowed] §cThere are blocks in the way!
22:07:22 [allowed] §cThere are blocks in the way!
22:07:24 [allowed] §cThere are blocks in the way!
22:07:27 [allowed] §7Warping...
22:07:27 [allowed] §7Sending to server mini9BU...
22:07:27 [allowed] §8 §r§8 §r§1 §r§3 §r§3 §r§7 §r§8 
22:07:27 [allowed] §eYou haven't claimed your §r§6Summer Rewards §r§eyet!
22:07:27 [allowed] §eTalk to the §r§bSummer Sloth §r§ein the §r§aHub!
22:07:30 [allowed] §8[§r§e96§r§8] §r§7❂ §r§7GivenCypress389§7§r§7: sorry
22:07:31 [allowed] §aYou are playing on profile: §ePineapple
22:07:31 [allowed] §8Profile ID: cbcbcaaa-4182-4d77-bab6-b1345770fa92
22:07:37 [allowed] §cThere are blocks in the way!
22:07:45 [allowed] §cThere are blocks in the way!
22:07:48 [allowed] §6The warmth of the campfire reduced your §r§b❄ Cold §r§6to §r§a0§r§6!
22:07:56 [allowed] §cThere are blocks in the way!
22:07:58 [allowed] §cThere are blocks in the way!
22:08:05 [allowed] §cThere are blocks in the way!
22:08:13 [allowed] §cThere are blocks in the way!
22:08:16 [allowed] §cThere are blocks in the way!
22:08:18 [allowed] §cThere are blocks in the way!
22:08:28 [allowed] §a§r§6Mining Speed Boost §r§ais now available!
22:08:33 [allowed] §cThere are blocks in the way!
22:08:36 [allowed] §6The warmth of the campfire reduced your §r§b❄ Cold §r§6to §r§a0§r§6!
22:08:39 [allowed] §cThere are blocks in the way!
22:08:41 [allowed] §cThere are blocks in the way!
22:08:43 [allowed] §cThere are blocks in the way!
22:08:44 [allowed] §cThere are blocks in the way!
22:08:46 [allowed] §cThere are blocks in the way!
22:08:46 [allowed] §cThere are blocks in the way!
22:08:48 [allowed] §cThere are blocks in the way!
22:08:48 [allowed] §6The warmth of the campfire reduced your §r§b❄ Cold §r§6to §r§a0§r§6!
22:08:53 [allowed] §cThere are blocks in the way!
22:08:53 [allowed] §cThere are blocks in the way!
22:08:56 [allowed] §cThere are blocks in the way!
22:09:02 [allowed] §cThere are blocks in the way!
22:09:04 [allowed] §cThere are blocks in the way!
22:09:05 [allowed] §c ☠ §r§7§r§aGhostpepper20§r§7 was killed by Glacite Walker§r§7§r§7.
22:09:05 [allowed] §cThere are blocks in the way!
22:09:07 [allowed] §cThere are blocks in the way!
22:09:10 [allowed] §aYou earned §r§e206 Event EXP §r§afrom playing SkyBlock!
22:09:18 [allowed] §7Warping...
22:09:18 [allowed] §7Sending to server mini184BH...
22:09:19 [allowed] §8 §r§8 §r§1 §r§3 §r§3 §r§7 §r§8 
22:09:19 [allowed] §eYou haven't claimed your §r§6Summer Rewards §r§eyet!
22:09:19 [allowed] §eTalk to the §r§bSummer Sloth §r§ein the §r§aHub!
22:09:22 [allowed] §aYou are playing on profile: §ePineapple
22:09:22 [allowed] §8Profile ID: cbcbcaaa-4182-4d77-bab6-b1345770fa92
22:10:19 [allowed] §a§r§6Mining Speed Boost §r§ais now available!
22:12:59 [allowed] §cThere are blocks in the way!
22:12:59 [allowed] §cThere are blocks in the way!
22:13:32 [allowed] §7Warping...
22:13:32 [allowed] §7Sending to server mini67CS...
22:13:32 [allowed] §8 §r§8 §r§1 §r§3 §r§3 §r§7 §r§8 
22:13:32 [allowed] §eYou haven't claimed your §r§6Summer Rewards §r§eyet!
22:13:32 [allowed] §eTalk to the §r§bSummer Sloth §r§ein the §r§aHub!
22:13:35 [allowed] §aYou are playing on profile: §ePineapple
22:13:35 [allowed] §8Profile ID: cbcbcaaa-4182-4d77-bab6-b1345770fa92
22:13:42 [allowed] §8[§r§79§r§8] §r§b[MVP§4+§b] Cool_Kd §6Ⓑ§f§r§f: so far i've gotten 1 glacite jewel
22:14:07 [allowed] §8[§r§77§r§8] §r§7GreanBeabMan§7§r§7: you gan buy glactit jewl at the bazaar
22:14:10 [allowed] §c ☠ §r§7§r§bCool_Kd§r§7 was killed by Glacite Walker§r§7§r§7.
22:14:18 [allowed] §8[§r§3271§r§8] §r§6§lᛝ §r§a[VIP§r§6+§r§a] HotBaconWasTaken§r§f: yuh
22:14:24 [allowed] §8[§e119§8] §7▒ §r§a[VIP] JacobS11§f§7 is holding §r§8[§6Auspicious Gemstone Gauntlet§8]
22:14:25 [allowed] §cAutopet §eequipped your §7[Lvl 100] §6Scatha§e! §a§lVIEW RULE
22:14:25 [allowed] §cAutopet §eequipped your §7[Lvl 154] §6Golden Dragon§e! §a§lVIEW RULE
22:14:31 [allowed] §8[§r§a133§r§8] §r§7⎊ §r§b[MVP§6+§b] blazeshadow360§f§r§f: ooh nice
22:14:33 [allowed] §a§r§6Mining Speed Boost §r§ais now available!
22:14:40 [allowed] §8[§r§3271§r§8] §r§6§lᛝ §r§a[VIP§r§6+§r§a] HotBaconWasTaken§r§f: enjoy it while it lasts
22:14:57 [allowed] §aYou earned §r§e50 Event EXP §r§afrom playing SkyBlock!
22:15:06 [allowed] §aYou used your §r§6Mining Speed Boost §r§aPickaxe Ability!
22:15:19 [allowed] §b§lCOMPACT! §r§fYou found an §r§9Enchanted Tungsten§r§f!
22:15:21 [allowed] §c ☠ §r§7§r§bCool_Kd§r§7 was killed by Glacite Walker§r§7§r§7.
22:15:26 [allowed] §cYour Mining Speed Boost has expired!
22:15:28 [allowed] §6[Sacks] §r§a+1,259§r§e items§r§e.§r§8 (Last 20s.)
22:15:32 [allowed] §a§lTUNGSTEN COLLECTOR §r§eCommission Complete! Visit the King §r§eto claim your rewards!
22:15:32 [allowed] §8[§r§77§r§8] §r§7GreanBeabMan§7§r§7: Cool_Kd you can get glacite jewels at the bazaar for about 77000 coins
22:15:33 [allowed] §cAutopet §eequipped your §7[Lvl 100] §6Scatha§e! §a§lVIEW RULE
22:15:36 [allowed] §cAutopet §eequipped your §7[Lvl 154] §6Golden Dragon§e! §a§lVIEW RULE
22:15:38 [allowed] §6[Sacks] §r§a+327§r§e items§r§e.§r§8 (Last 9s.)
22:15:45 [allowed] §8[§r§79§r§8] §r§b[MVP§4+§b] Cool_Kd §6Ⓑ§f§r§f: yo i'm on bingo and i'm just trying to get the armor
22:15:46 [allowed] §8[§r§2160§r§8] §r§7⎊ §r§b[MVP§2+§b] Eisenwulf§f§r§f: hes on bingo
22:15:47 [allowed] §9§lBRRR! §r§bIt's getting really cold in here! But you've got to keep moving...
22:15:56 [allowed] §d§lPRISTINE! §r§fYou found §r§a☘ Flawed Citrine Gemstone §r§8x34§r§f!
22:15:58 [allowed] §d§lPRISTINE! §r§fYou found §r§a☘ Flawed Citrine Gemstone §r§8x32§r§f!
22:16:02 [allowed] §8[§r§710§r§8] §r§b[MVP§3+§b] BOM8 §5Ⓑ§f§r§f: 11 jewles and 4 chestplates
22:16:02 [allowed] §d§lPRISTINE! §r§fYou found §r§a☘ Flawed Citrine Gemstone §r§8x16§r§f!
22:16:04 [allowed] §a§lCITRINE GEMSTONE COLLECTOR §r§eCommission Complete! Visit the King §r§eto claim your rewards!
22:16:04 [allowed] §d§lPRISTINE! §r§fYou found §r§a☘ Flawed Citrine Gemstone §r§8x34§r§f!
22:16:08 [allowed] §d§lPRISTINE! §r§fYou found §r§a☘ Flawed Citrine Gemstone §r§8x17§r§f!
22:16:11 [allowed] §8[§r§710§r§8] §r§b[MVP§3+§b] BOM8 §5Ⓑ§f§r§f: i just need botos
22:16:11 [allowed] §d§lPRISTINE! §r§fYou found §r§a☘ Flawed Citrine Gemstone §r§8x17§r§f!
22:16:15 [allowed] §8[§r§710§r§8] §r§b[MVP§3+§b] BOM8 §5Ⓑ§f§r§f: boots
22:16:17 [allowed] §6[Sacks] §r§a+2,412§r§e items§r§e.§r§8 (Last 20s.)
22:16:20 [allowed] §cAutopet §eequipped your §7[Lvl 100] §6Scatha§e! §a§lVIEW RULE
22:16:24 [allowed] §c ☠ §r§7§r§bCool_Kd§r§7 was killed by Glacite Walker§r§7§r§7.
22:16:36 [allowed] §cThis ability is on cooldown for 30s.
22:16:37 [allowed] §c ☠ §r§7§r§bBittlechup§r§7 was killed by Glacite Walker§r§7§r§7.
22:17:07 [allowed] §5§lWOW! §r§aYou found a §r§bGlacite Mineshaft §r§aportal!
22:17:07 [allowed] §b§lMINESHAFT! §r§7A Mineshaft portal spawned nearby!
22:17:07 [allowed] §8[§r§77§r§8] §r§7GreanBeabMan§7§r§7: cool kd i think at the bazaar you also can get the armor
22:17:07 [allowed] §a§r§6Mining Speed Boost §r§ais now available!
22:17:09 [allowed] §6[Sacks] §r§a+1,013§r§e items§r§e.§r§8 (Last 30s.)
22:17:09 [allowed] §c ☠ §r§7§r§bBittlechup§r§7 was killed by Glacite Walker§r§7§r§7.
22:17:09 [allowed] §aYou used your §r§6Mining Speed Boost §r§aPickaxe Ability!
22:17:20 [allowed] §a§lGLACITE COLLECTOR §r§eCommission Complete! Visit the King §r§eto claim your rewards!
22:17:22 [allowed] §cAutopet §eequipped your §7[Lvl 154] §6Golden Dragon§e! §a§lVIEW RULE
22:17:26 [allowed] §6[Sacks] §r§a+686§r§e items§r§e.§r§8 (Last 15s.)
22:17:26 [allowed] §aSending to Mineshaft...
22:17:26 [allowed] §8Queuing... (Attempt 1/3)
22:17:26 [allowed] §9§m-----------------------------
§r§a[VIP§r§6+§r§a] HotBaconWasTaken§r§f §r§eentered §r§aGlacite Mineshafts§r§e!
§r§9§m-----------------------------
22:17:27 [allowed] §7Sending to server mini7CE...
22:17:27 [allowed] §8 §r§8 §r§1 §r§3 §r§3 §r§7 §r§8 
22:17:27 [allowed] §a§lMINESHAFT EXPLORER §r§eCommission Complete! Visit the King §r§eto claim your rewards!
22:17:27 [allowed] §eYou haven't claimed your §r§6Summer Rewards §r§eyet!
22:17:27 [allowed] §eTalk to the §r§bSummer Sloth §r§ein the §r§aHub!
22:17:27 [allowed] §a§r§6Mining Speed Boost §r§ais now available!
22:17:28 [allowed] §a§l▬▬▬▬▬▬▬▬▬▬▬▬▬▬▬▬▬▬▬▬▬▬▬▬▬▬▬▬▬▬▬▬▬▬▬▬▬▬▬▬▬▬▬▬▬▬▬▬▬▬▬▬▬▬▬▬▬▬▬▬▬▬▬▬
22:17:28 [allowed] §f                          §r§b§l2X POWDER STARTED!
22:17:28 [allowed] §f                           §r§7Passive Active Event
22:17:28 [allowed] §f                                        
22:17:28 [allowed] §f        Everybody gets twice as much powder of all types!
22:17:28 [allowed] §a§l▬▬▬▬▬▬▬▬▬▬▬▬▬▬▬▬▬▬▬▬▬▬▬▬▬▬▬▬▬▬▬▬▬▬▬▬▬▬▬▬▬▬▬▬▬▬▬▬▬▬▬▬▬▬▬▬▬▬▬▬▬▬▬▬
22:17:30 [allowed] §aYou are playing on profile: §ePineapple
22:17:30 [allowed] §8Profile ID: cbcbcaaa-4182-4d77-bab6-b1345770fa92
22:17:45 [allowed] §a§l▬▬▬▬▬▬▬▬▬▬▬▬▬▬▬▬▬▬▬▬▬▬▬▬▬▬▬▬▬▬▬▬▬▬▬▬▬▬▬▬▬▬▬▬▬▬▬▬▬▬▬▬▬▬▬▬▬▬▬▬▬▬▬▬
22:17:45 [allowed]   §r§b§l§r§9§lLAPIS §r§b§lCORPSE LOOT! 
22:17:45 [allowed] 
22:17:45 [allowed]   §r§a§lREWARDS
22:17:45 [allowed]     §r§5+100 HOTM Experience
22:17:45 [allowed]     §r§5Glacite Amalgamation
22:17:45 [allowed]     §r§a☠ Flawed Onyx Gemstone §r§8x20
22:17:45 [allowed]     §r§aα Flawed Aquamarine Gemstone §r§8x20
22:17:45 [allowed]     §r§a☘ Flawed Peridot Gemstone §r§8x40
22:17:45 [allowed]     §r§bGlacite Powder §r§8x500
22:17:45 [allowed] §a§l▬▬▬▬▬▬▬▬▬▬▬▬▬▬▬▬▬▬▬▬▬▬▬▬▬▬▬▬▬▬▬▬▬▬▬▬▬▬▬▬▬▬▬▬▬▬▬▬▬▬▬▬▬▬▬▬▬▬▬▬▬▬▬▬
22:17:46 [allowed] §cThere are blocks in the way!
22:17:46 [allowed] §cYou cannot do that in this room!
22:17:51 [allowed] §6[Sacks] §r§a+82§r§e items§r§e.§r§8 (Last 10s.)
22:17:56 [allowed] §a§l+5 Kill Combo §r§8§r§b+3✯ Magic Find
22:17:57 [allowed] §6[Sacks] §r§a+1§r§e item§r§e.§r§8 (Last 5s.)
22:18:07 [allowed] §6[Sacks] §r§a+5§r§e items§r§e.§r§8 (Last 9s.)
22:18:07 [allowed] §a§l+10 Kill Combo §r§8+§r§610 §r§7coins per kill
22:18:07 [allowed] §a§lMANIAC SLAYER §r§eCommission Complete! Visit the King §r§eto claim your rewards!
22:18:21 [allowed] §a§l▬▬▬▬▬▬▬▬▬▬▬▬▬▬▬▬▬▬▬▬▬▬▬▬▬▬▬▬▬▬▬▬▬▬▬▬▬▬▬▬▬▬▬▬▬▬▬▬▬▬▬▬▬▬▬▬▬▬▬▬▬▬▬▬
22:18:21 [allowed]   §r§b§l§r§9§lLAPIS §r§b§lCORPSE LOOT! 
22:18:21 [allowed] 
22:18:21 [allowed]   §r§a§lREWARDS
22:18:21 [allowed]     §r§5+100 HOTM Experience
22:18:21 [allowed]     §r§9§r§eYellow Goblin Egg
22:18:21 [allowed]     §r§a☠ Flawed Onyx Gemstone §r§8x20
22:18:21 [allowed]     §r§aα Flawed Aquamarine Gemstone §r§8x60
22:18:21 [allowed]     §r§a☘ Flawed Peridot Gemstone §r§8x10
22:18:21 [allowed]     §r§bGlacite Powder §r§8x500
22:18:21 [allowed] §a§l▬▬▬▬▬▬▬▬▬▬▬▬▬▬▬▬▬▬▬▬▬▬▬▬▬▬▬▬▬▬▬▬▬▬▬▬▬▬▬▬▬▬▬▬▬▬▬▬▬▬▬▬▬▬▬▬▬▬▬▬▬▬▬▬
22:18:26 [allowed] §cYour Kill Combo has expired! You reached a 14 Kill Combo!
22:18:26 [allowed] §6[Sacks] §r§a+91§r§e items§r§e.§r§8 (Last 6s.)
22:18:28 [allowed] §7§oThe mineshaft entrance has caved in... it doesn't look like anyone else will be able to get in here.
22:18:32 [allowed] §cAutopet §eequipped your §7[Lvl 100] §6Scatha§e! §a§lVIEW RULE
22:18:34 [allowed] §d§lPRISTINE! §r§fYou found §r§a☘ Flawed Jade Gemstone §r§8x19§r§f!
22:18:37 [allowed] §d§lPRISTINE! §r§fYou found §r§a☘ Flawed Jade Gemstone §r§8x19§r§f!
22:18:40 [allowed] §d§lPRISTINE! §r§fYou found §r§a☘ Flawed Jade Gemstone §r§8x18§r§f!
22:18:40 [allowed] §d§lPRISTINE! §r§fYou found §r§a☘ Flawed Jade Gemstone §r§8x38§r§f!
22:18:44 [allowed] §d§lPRISTINE! §r§fYou found §r§a☘ Flawed Jade Gemstone §r§8x19§r§f!
22:18:49 [allowed] §d§lPRISTINE! §r§fYou found §r§a☘ Flawed Jade Gemstone §r§8x19§r§f!
22:18:50 [allowed] §d§lPRISTINE! §r§fYou found §r§a☘ Flawed Jade Gemstone §r§8x18§r§f!
22:18:51 [allowed] §d§lPRISTINE! §r§fYou found §r§a☘ Flawed Jade Gemstone §r§8x19§r§f!
22:18:53 [allowed] §9§lBRRR! §r§bIt's getting really cold in here! But you've got to keep moving...
22:18:54 [allowed] §d§lPRISTINE! §r§fYou found §r§a☘ Flawed Jade Gemstone §r§8x18§r§f!
22:18:57 [allowed] §d§lPRISTINE! §r§fYou found §r§a☘ Flawed Jade Gemstone §r§8x19§r§f!
22:18:59 [allowed] §d§lPRISTINE! §r§fYou found §r§a☘ Flawed Jade Gemstone §r§8x36§r§f!
22:19:01 [allowed] §d§lPRISTINE! §r§fYou found §r§a☘ Flawed Jade Gemstone §r§8x36§r§f!
22:19:02 [allowed] §6[Sacks] §r§a+7,611§r§e items§r§e.§r§8 (Last 30s.)
22:19:14 [allowed] §d§lPRISTINE! §r§fYou found §r§a☘ Flawed Jade Gemstone §r§8x18§r§f!
22:19:19 [allowed] §aYou used your §r§6Mining Speed Boost §r§aPickaxe Ability!
22:19:19 [allowed] §6[Sacks] §r§a+1,755§r§e items§r§e.§r§8 (Last 15s.)
22:19:29 [allowed] §b§lCOMPACT! §r§fYou found an §r§9Enchanted Glacite§r§f!
22:19:30 [allowed] §b§lCOMPACT! §r§fYou found an §r§9Enchanted Glacite§r§f!
22:19:37 [allowed] §6§lEXCAVATOR! §r§fYou found a §r§9Suspicious Scrap§r§f!
22:19:37 [allowed] §a§lSCRAP COLLECTOR §r§eCommission Complete! Visit the King §r§eto claim your rewards!
22:19:39 [allowed] §cYour Mining Speed Boost has expired!
22:19:44 [allowed] §6[Sacks] §r§a+1,476§r§e items§r§e.§r§8 (Last 24s.)
22:19:58 [allowed] §b§lBRRR! §r§aIt's getting colder in here...
22:19:59 [allowed] §b§lBYE! §r§aYou got a §r§b+2,300 §r§bGlacite Powder §r§aand §r§5+500 HOTM EXP §r§abonus for leaving a Mineshaft before you died!
22:19:59 [allowed] §7Sending to server mini200CQ...
22:20:00 [allowed] §8 §r§8 §r§1 §r§3 §r§3 §r§7 §r§8 
22:20:00 [allowed] §eYou haven't claimed your §r§6Summer Rewards §r§eyet!
22:20:00 [allowed] §eTalk to the §r§bSummer Sloth §r§ein the §r§aHub!
22:20:03 [allowed] §aYou are playing on profile: §ePineapple
22:20:03 [allowed] §8Profile ID: cbcbcaaa-4182-4d77-bab6-b1345770fa92
22:20:12 [allowed] §8[§r§3271§r§8] §r§6§lᛝ §r§a[VIP§r§6+§r§a] HotBaconWasTaken§r§f: [SkyHanni] Profit for Lapis Corpse: 3.8M
22:20:19 [allowed] §8[§r§3271§r§8] §r§6§lᛝ §r§a[VIP§r§6+§r§a] HotBaconWasTaken§r§f: and its all over the screen
22:20:25 [allowed] §cAutopet §eequipped your §7[Lvl 154] §6Golden Dragon§e! §a§lVIEW RULE
22:20:32 [allowed] §cAutopet §eequipped your §7[Lvl 100] §6Scatha§e! §a§lVIEW RULE
22:20:44 [allowed] §b§lCOMPACT! §r§fYou found an §r§9Enchanted Umber§r§f!
22:20:52 [allowed] §c ☠ §r§7§r§bthe_smaller_fish§r§7 was killed by Glacite Walker§r§7§r§7.
22:20:54 [allowed] §a§lUMBER COLLECTOR §r§eCommission Complete! Visit the King §r§eto claim your rewards!
22:20:57 [allowed] §cAutopet §eequipped your §7[Lvl 154] §6Golden Dragon§e! §a§lVIEW RULE
22:20:57 [allowed] §cThis ability is on cooldown for 3s.
22:20:58 [allowed] §cThis ability is on cooldown for 3s.
22:21:00 [allowed] §a§r§6Mining Speed Boost §r§ais now available!
22:21:01 [allowed] §6[Sacks] §r§a+1,959§r§e items§r§e.§r§8 (Last 27s.)
22:21:13 [allowed] §c ☠ §r§7§r§bDeadFox0122§r§7 was killed by Glacite Walker§r§7§r§7.
22:22:01 [allowed] §6[Bazaar] §r§7Putting goods in escrow...
22:22:01 [allowed] §6[Bazaar] §r§7Submitting sell offer...
22:22:01 [allowed] §6[Bazaar] §r§7§r§eSell Offer Setup! §r§a1§r§7x §r§5Glacite Amalgamation §r§7for §r§63,781,434 coins§r§7.
22:22:02 [allowed] §c ☠ §r§7§r§bthe_smaller_fish§r§7 was killed by Glacite Walker§r§7§r§7.
22:22:10 [allowed] §c ☠ §r§7§r§bDeadFox0122§r§7 was killed by Glacite Walker§r§7§r§7.
22:22:12 [allowed] §d§lPRISTINE! §r§fYou found §r§a☘ Flawed Citrine Gemstone §r§8x17§r§f!
22:22:12 [allowed] §cAutopet §eequipped your §7[Lvl 100] §6Scatha§e! §a§lVIEW RULE
22:22:14 [allowed] §d§lPRISTINE! §r§fYou found §r§a☘ Flawed Citrine Gemstone §r§8x19§r§f!
22:22:20 [allowed] §a§lCITRINE GEMSTONE COLLECTOR §r§eCommission Complete! Visit the King §r§eto claim your rewards!
22:22:22 [allowed] §d§lPRISTINE! §r§fYou found §r§a☘ Flawed Citrine Gemstone §r§8x19§r§f!
22:22:26 [allowed] §cAutopet §eequipped your §7[Lvl 154] §6Golden Dragon§e! §a§lVIEW RULE
22:22:27 [allowed] §9§lBRRR! §r§bIt's getting really cold in here! But you've got to keep moving...
22:22:27 [allowed] §aYou earned §r§e306 Event EXP §r§afrom playing SkyBlock!
22:22:29 [allowed] §cAutopet §eequipped your §7[Lvl 100] §6Scatha§e! §a§lVIEW RULE
22:22:29 [allowed] §6[Sacks] §r§a+2,385§r§e items§r§e.§r§8 (Last 17s.)
22:22:34 [allowed] §aYou used your §r§6Mining Speed Boost §r§aPickaxe Ability!
22:22:48 [allowed] §a§lTUNGSTEN COLLECTOR §r§eCommission Complete! Visit the King §r§eto claim your rewards!
22:22:54 [allowed] §cYour Mining Speed Boost has expired!
22:22:55 [allowed] §6The sound of pickaxes clashing against the rock has attracted the attention of the §r§6§lPOWDER GHAST!
22:22:55 [allowed] §eFind the §r§6Powder Ghast§r§e near the §r§bDivan's Gateway§r§e!
22:22:59 [allowed] §cAutopet §eequipped your §7[Lvl 154] §6Golden Dragon§e! §a§lVIEW RULE
22:23:02 [allowed] §cAutopet §eequipped your §7[Lvl 100] §6Scatha§e! §a§lVIEW RULE
22:23:03 [allowed] §6[Sacks] §r§a+2,745§r§e items§r§e.§r§8 (Last 27s.)
22:23:20 [allowed] §6[Sacks] §r§a+35§r§e items§r§e.§r§8 (Last 7s.)
22:23:29 [allowed] §c ☠ §r§7§r§bthe_smaller_fish§r§7 was killed by Glacite Walker§r§7§r§7.
22:23:52 [allowed] §6[Sacks] §r§a+969§r§e items§r§e.§r§8 (Last 30s.)
22:24:00 [allowed] §6[Bazaar] §eYour §6Sell Offer §efor §a1§7x §5Glacite Amalgamation §ewas filled!
22:24:17 [allowed] §b§lCOMPACT! §r§fYou found an §r§9Enchanted Glacite§r§f!
22:24:27 [allowed] §a§lGLACITE COLLECTOR §r§eCommission Complete! Visit the King §r§eto claim your rewards!
22:24:27 [allowed] §6[Sacks] §r§a+571§r§e items§r§e.§r§8 (Last 30s.)
22:24:28 [allowed] §cAutopet §eequipped your §7[Lvl 154] §6Golden Dragon§e! §a§lVIEW RULE
22:24:28 [allowed] §c ☠ §r§7§r§bthe_smaller_fish§r§7 was killed by Glacite Walker§r§7§r§7.
22:24:31 [allowed] §c ☠ §r§7§r§bLP_Soldier§r§7 was killed by Glacite Walker§r§7§r§7.
22:24:32 [allowed] §cAutopet §eequipped your §7[Lvl 100] §6Scatha§e! §a§lVIEW RULE
22:24:33 [allowed] §9§lBRRR! §r§bIt's so cold that you can barely feel your fingers. Moving is getting difficult...
22:24:36 [allowed] §a§r§6Mining Speed Boost §r§ais now available!
22:25:06 [allowed] §a§lTUNGSTEN COLLECTOR §r§eCommission Complete! Visit the King §r§eto claim your rewards!
22:25:08 [allowed] §cAutopet §eequipped your §7[Lvl 154] §6Golden Dragon§e! §a§lVIEW RULE
22:25:10 [allowed] §6[Sacks] §r§a+1,597§r§e items§r§e.§r§8 (Last 30s.)
22:25:11 [allowed] §cAutopet §eequipped your §7[Lvl 100] §6Scatha§e! §a§lVIEW RULE
22:25:12 [allowed] §cThere are blocks in the way!
22:25:23 [allowed] §cAutopet §eequipped your §7[Lvl 154] §6Golden Dragon§e! §a§lVIEW RULE
22:25:26 [allowed] §6[Sacks] §r§a+142§r§e items§r§e.§r§8 (Last 5s.)
22:25:33 [allowed] §cAutopet §eequipped your §7[Lvl 100] §6Scatha§e! §a§lVIEW RULE
22:25:34 [allowed] §aYou used your §r§6Mining Speed Boost §r§aPickaxe Ability!
22:25:54 [allowed] §cYour Mining Speed Boost has expired!
22:25:57 [allowed] §c ☠ §r§7§r§bthe_smaller_fish§r§7 was killed by Glacite Walker§r§7§r§7.
22:25:58 [allowed] §a§lGLACITE COLLECTOR §r§eCommission Complete! Visit the King §r§eto claim your rewards!
22:26:00 [allowed] §cAutopet §eequipped your §7[Lvl 154] §6Golden Dragon§e! §a§lVIEW RULE
22:26:04 [allowed] §6[Sacks] §r§a+1,540§r§e items§r§e.§r§8 (Last 28s.)
22:26:07 [allowed] §7Warping...
22:26:09 [allowed] §cThere are blocks in the way!
22:26:10 [allowed] §cThere are blocks in the way!
22:26:10 [allowed] §6The warmth of the campfire reduced your §r§b❄ Cold §r§6to §r§a0§r§6!
22:26:12 [allowed] §cThere are blocks in the way!
22:26:16 [allowed] §d§lPRISTINE! §r§fYou found §r§a☘ Flawed Peridot Gemstone §r§8x17§r§f!
22:26:17 [allowed] §d§lPRISTINE! §r§fYou found §r§a☘ Flawed Peridot Gemstone §r§8x34§r§f!
22:26:19 [allowed] §d§lPRISTINE! §r§fYou found §r§a☘ Flawed Peridot Gemstone §r§8x68§r§f!
22:26:22 [allowed] §d§lPRISTINE! §r§fYou found §r§a☘ Flawed Peridot Gemstone §r§8x17§r§f!
22:26:24 [allowed] §d§lPRISTINE! §r§fYou found §r§a☘ Flawed Peridot Gemstone §r§8x17§r§f!
22:26:25 [allowed] §a§lPERIDOT GEMSTONE COLLECTOR §r§eCommission Complete! Visit the King §r§eto claim your rewards!
22:26:25 [allowed] §d§lPRISTINE! §r§fYou found §r§a☘ Flawed Peridot Gemstone §r§8x17§r§f!
22:26:29 [allowed] §cAutopet §eequipped your §7[Lvl 100] §6Scatha§e! §a§lVIEW RULE
22:26:30 [allowed] §cAutopet §eequipped your §7[Lvl 154] §6Golden Dragon§e! §a§lVIEW RULE
22:26:32 [allowed] §6[Sacks] §r§a+1,756§r§e items§r§e.§r§8 (Last 16s.)
22:26:34 [allowed] §cAutopet §eequipped your §7[Lvl 100] §6Scatha§e! §a§lVIEW RULE
22:26:49 [allowed] §d§lPRISTINE! §r§fYou found §r§aα Flawed Aquamarine Gemstone §r§8x36§r§f!
22:26:51 [allowed] §d§lPRISTINE! §r§fYou found §r§aα Flawed Aquamarine Gemstone §r§8x19§r§f!
22:26:53 [allowed] §d§lPRISTINE! §r§fYou found §r§aα Flawed Aquamarine Gemstone §r§8x19§r§f!
22:26:55 [allowed] §d§lPRISTINE! §r§fYou found §r§aα Flawed Aquamarine Gemstone §r§8x18§r§f!
22:27:00 [allowed] §d§lPRISTINE! §r§fYou found §r§aα Flawed Aquamarine Gemstone §r§8x18§r§f!
22:27:02 [allowed] §d§lPRISTINE! §r§fYou found §r§aα Flawed Aquamarine Gemstone §r§8x19§r§f!
22:27:05 [allowed] §d§lPRISTINE! §r§fYou found §r§aα Flawed Aquamarine Gemstone §r§8x19§r§f!
22:27:05 [allowed] §a§lAQUAMARINE GEMSTONE COLLECTOR §r§eCommission Complete! Visit the King §r§eto claim your rewards!
22:27:13 [allowed] §cAutopet §eequipped your §7[Lvl 154] §6Golden Dragon§e! §a§lVIEW RULE
22:27:16 [allowed] §6[Sacks] §r§a+1,844§r§e items§r§e.§r§8 (Last 26s.)
22:27:17 [allowed] §cAutopet §eequipped your §7[Lvl 100] §6Scatha§e! §a§lVIEW RULE
22:27:27 [allowed] §5§lWOW! §r§aYou found a §r§bGlacite Mineshaft §r§aportal!
22:27:27 [allowed] §b§lMINESHAFT! §r§7A Mineshaft portal spawned nearby!
22:27:30 [allowed] §aYou earned §r§e1,182 Event EXP §r§afrom playing SkyBlock!
22:27:32 [allowed] §aSending to Mineshaft...
22:27:32 [allowed] §9§m-----------------------------
§r§a[VIP§r§6+§r§a] HotBaconWasTaken§r§f §r§eentered §r§aGlacite Mineshafts§r§e!
§r§9§m-----------------------------
22:27:32 [allowed] §8Queuing... (Attempt 1/3)
22:27:32 [allowed] §7Sending to server mini15J...
22:27:33 [allowed] §8 §r§8 §r§1 §r§3 §r§3 §r§7 §r§8 
22:27:33 [allowed] §a§lMINESHAFT EXPLORER §r§eCommission Complete! Visit the King §r§eto claim your rewards!
22:27:33 [allowed] §eYou haven't claimed your §r§6Summer Rewards §r§eyet!
22:27:33 [allowed] §eTalk to the §r§bSummer Sloth §r§ein the §r§aHub!
22:27:33 [allowed] §a§r§6Mining Speed Boost §r§ais now available!
22:27:36 [allowed] §aYou are playing on profile: §ePineapple
22:27:36 [allowed] §8Profile ID: cbcbcaaa-4182-4d77-bab6-b1345770fa92
22:27:36 [allowed] §cAutopet §eequipped your §7[Lvl 154] §6Golden Dragon§e! §a§lVIEW RULE
22:27:59 [allowed] §6[Sacks] §r§a+6§r§e items§r§e.§r§8 (Last 9s.)
22:27:59 [allowed] §a§l+5 Kill Combo §r§8§r§b+3✯ Magic Find
22:28:00 [allowed] §a§l▬▬▬▬▬▬▬▬▬▬▬▬▬▬▬▬▬▬▬▬▬▬▬▬▬▬▬▬▬▬▬▬▬▬▬▬▬▬▬▬▬▬▬▬▬▬▬▬▬▬▬▬▬▬▬▬▬▬▬▬▬▬▬▬
22:28:00 [allowed]   §r§b§l§r§9§lLAPIS §r§b§lCORPSE LOOT! 
22:28:00 [allowed] 
22:28:00 [allowed]   §r§a§lREWARDS
22:28:00 [allowed]     §r§5+100 HOTM Experience
22:28:00 [allowed]     §r§9Glacite Jewel
22:28:00 [allowed]     §r§9§r§eYellow Goblin Egg §r§8x2
22:28:00 [allowed]     §r§aα Flawed Aquamarine Gemstone §r§8x40
22:28:00 [allowed]     §r§a☘ Flawed Peridot Gemstone §r§8x20
22:28:00 [allowed]     §r§bGlacite Powder §r§8x500
22:28:00 [allowed] §a§l▬▬▬▬▬▬▬▬▬▬▬▬▬▬▬▬▬▬▬▬▬▬▬▬▬▬▬▬▬▬▬▬▬▬▬▬▬▬▬▬▬▬▬▬▬▬▬▬▬▬▬▬▬▬▬▬▬▬▬▬▬▬▬▬
22:28:00 [allowed] §a§lCORPSE LOOTER §r§eCommission Complete! Visit the King §r§eto claim your rewards!
22:28:06 [allowed] §6[Sacks] §r§a+61§r§e items§r§e.§r§8 (Last 6s.)
22:28:07 [allowed] §cYour Kill Combo has expired! You reached a 5 Kill Combo!
22:28:13 [allowed] §a§l+5 Kill Combo §r§8§r§b+3✯ Magic Find
22:28:13 [allowed] §a§lMANIAC SLAYER §r§eCommission Complete! Visit the King §r§eto claim your rewards!
22:28:18 [allowed] §6[Sacks] §r§a+7§r§e items§r§e.§r§8 (Last 9s.)
22:28:21 [allowed] §cYour Kill Combo has expired! You reached a 5 Kill Combo!
22:28:33 [allowed] §7§oThe mineshaft entrance has caved in... it doesn't look like anyone else will be able to get in here.
22:28:48 [allowed] §cThere are blocks in the way!
22:28:48 [allowed] §cYou cannot do that in this room!
22:29:00 [allowed] §cAutopet §eequipped your §7[Lvl 100] §6Scatha§e! §a§lVIEW RULE
22:29:02 [allowed] §6[Sacks] §r§a+2§r§e items§r§e.§r§8 (Last 5s.)
22:29:13 [allowed] §b§lBYE! §r§aYou got a §r§b+1,440 §r§bGlacite Powder §r§aand §r§5+500 HOTM EXP §r§abonus for leaving a Mineshaft before you died!
22:29:13 [allowed] §7Sending to server mini229E...
22:29:13 [allowed] §8 §r§8 §r§1 §r§3 §r§3 §r§7 §r§8 
22:29:14 [allowed] §eYou haven't claimed your §r§6Summer Rewards §r§eyet!
22:29:14 [allowed] §eTalk to the §r§bSummer Sloth §r§ein the §r§aHub!
22:29:17 [allowed] §aYou are playing on profile: §ePineapple
22:29:17 [allowed] §8Profile ID: cbcbcaaa-4182-4d77-bab6-b1345770fa92
22:29:23 [allowed] §cAutopet §eequipped your §7[Lvl 154] §6Golden Dragon§e! §a§lVIEW RULE
22:29:29 [allowed] §8[§r§f72§r§8] §r§a[VIP§6+§a] xSemple§f§r§f: Stufd use a pet
22:29:39 [allowed] §8[§r§726§r§8] §r§b[MVP§9+§b] Stufd§f§r§f: i have gardian, dolfin, rock
22:29:41 [allowed] §6The warmth of the campfire reduced your §r§b❄ Cold §r§6to §r§a0§r§6!
22:29:43 [allowed] §6[Sacks] §r§a+469§r§e items§r§e.§r§8 (Last 14s.)
22:29:47 [allowed] §8[§r§726§r§8] §r§b[MVP§9+§b] Stufd§f§r§f: lol
22:29:48 [allowed] §cThis ability is on cooldown for 26s.
22:29:50 [allowed] §8[§r§f72§r§8] §r§a[VIP§6+§a] xSemple§f§r§f: use rock for taming xp
22:29:51 [allowed] §c ☠ §r§7§r§bBes§r§7 was killed by Goblin§r§7§r§7.
22:29:58 [allowed] §6The sound of pickaxes clashing against the rock has attracted the attention of the §r§6§lPOWDER GHAST!
22:29:58 [allowed] §eFind the §r§6Powder Ghast§r§e near the §r§bRampart's Quarry§r§e!
22:29:59 [allowed] §8[§r§726§r§8] §r§b[MVP§9+§b] Stufd§f§r§f: nvm i put it in the trainer
22:30:14 [allowed] §a§r§6Mining Speed Boost §r§ais now available!
22:30:19 [allowed] §5§lWOW! §r§aYou found a §r§bGlacite Mineshaft §r§aportal!
22:30:19 [allowed] §b§lMINESHAFT! §r§7A Mineshaft portal spawned nearby!
22:30:21 [allowed] §6[Sacks] §r§a+1,495§r§e items§r§e.§r§8 (Last 30s.)
22:30:22 [allowed] §a§lTUNGSTEN COLLECTOR §r§eCommission Complete! Visit the King §r§eto claim your rewards!
22:30:24 [allowed] §aYou used your §r§6Mining Speed Boost §r§aPickaxe Ability!
22:30:28 [allowed] §6[Sacks] §r§a+48§r§e items§r§e.§r§8 (Last 5s.)
22:30:28 [allowed] §aSending to Mineshaft...
22:30:28 [allowed] §9§m-----------------------------
§r§a[VIP§r§6+§r§a] HotBaconWasTaken§r§f §r§eentered §r§aGlacite Mineshafts§r§e!
§r§9§m-----------------------------
22:30:28 [allowed] §8Queuing... (Attempt 1/3)
22:30:29 [allowed] §7Sending to server mini5BA...
22:30:29 [allowed] §8 §r§8 §r§1 §r§3 §r§3 §r§7 §r§8 
22:30:29 [allowed] §a§lMINESHAFT EXPLORER §r§eCommission Complete! Visit the King §r§eto claim your rewards!
22:30:29 [allowed] §eYou haven't claimed your §r§6Summer Rewards §r§eyet!
22:30:29 [allowed] §eTalk to the §r§bSummer Sloth §r§ein the §r§aHub!
22:30:29 [allowed] §a§r§6Mining Speed Boost §r§ais now available!
22:30:32 [allowed] §aYou are playing on profile: §ePineapple
22:30:32 [allowed] §8Profile ID: cbcbcaaa-4182-4d77-bab6-b1345770fa92
22:30:33 [allowed] §cAutopet §eequipped your §7[Lvl 100] §6Scatha§e! §a§lVIEW RULE
22:30:34 [allowed] §cAutopet §eequipped your §7[Lvl 154] §6Golden Dragon§e! §a§lVIEW RULE
22:30:47 [allowed] §a§l+5 Kill Combo §r§8§r§b+3✯ Magic Find
22:30:53 [allowed] §cThere are blocks in the way!
22:30:53 [allowed] §cYou cannot do that in this room!
22:30:58 [allowed] §6[Sacks] §r§a+6§r§e items§r§e.§r§8 (Last 12s.)
22:31:01 [allowed] §a§l▬▬▬▬▬▬▬▬▬▬▬▬▬▬▬▬▬▬▬▬▬▬▬▬▬▬▬▬▬▬▬▬▬▬▬▬▬▬▬▬▬▬▬▬▬▬▬▬▬▬▬▬▬▬▬▬▬▬▬▬▬▬▬▬
22:31:01 [allowed]   §r§b§l§r§9§lLAPIS §r§b§lCORPSE LOOT! 
22:31:01 [allowed] 
22:31:01 [allowed]   §r§a§lREWARDS
22:31:01 [allowed]     §r§5+100 HOTM Experience
22:31:01 [allowed]     §r§a§r§aGreen Goblin Egg §r§8x3
22:31:01 [allowed]     §r§9§r§eYellow Goblin Egg
22:31:01 [allowed]     §r§a☘ Flawed Peridot Gemstone §r§8x20
22:31:01 [allowed]     §r§bGlacite Powder §r§8x500
22:31:01 [allowed] §a§l▬▬▬▬▬▬▬▬▬▬▬▬▬▬▬▬▬▬▬▬▬▬▬▬▬▬▬▬▬▬▬▬▬▬▬▬▬▬▬▬▬▬▬▬▬▬▬▬▬▬▬▬▬▬▬▬▬▬▬▬▬▬▬▬
22:31:03 [allowed] §cYour Kill Combo has expired! You reached a 8 Kill Combo!
22:31:10 [allowed] §6[Sacks] §r§a+22§r§e items§r§e.§r§8 (Last 8s.)
22:31:17 [allowed] §a§l+5 Kill Combo §r§8§r§b+3✯ Magic Find
22:31:18 [allowed] §6[Sacks] §r§a+2§r§e items§r§e.§r§8 (Last 5s.)
22:31:21 [allowed] §aYou used your §r§6Mining Speed Boost §r§aPickaxe Ability!
22:31:22 [allowed] §a§l▬▬▬▬▬▬▬▬▬▬▬▬▬▬▬▬▬▬▬▬▬▬▬▬▬▬▬▬▬▬▬▬▬▬▬▬▬▬▬▬▬▬▬▬▬▬▬▬▬▬▬▬▬▬▬▬▬▬▬▬▬▬▬▬
22:31:22 [allowed]   §r§b§l§r§9§lLAPIS §r§b§lCORPSE LOOT! 
22:31:22 [allowed] 
22:31:22 [allowed]   §r§a§lREWARDS
22:31:22 [allowed]     §r§5+100 HOTM Experience
22:31:22 [allowed]     §r§a§r§aGreen Goblin Egg §r§8x4
22:31:22 [allowed]     §r§9☠ Fine Onyx Gemstone
22:31:22 [allowed]     §r§a☘ Flawed Peridot Gemstone §r§8x20
22:31:22 [allowed]     §r§bGlacite Powder §r§8x500
22:31:22 [allowed] §a§l▬▬▬▬▬▬▬▬▬▬▬▬▬▬▬▬▬▬▬▬▬▬▬▬▬▬▬▬▬▬▬▬▬▬▬▬▬▬▬▬▬▬▬▬▬▬▬▬▬▬▬▬▬▬▬▬▬▬▬▬▬▬▬▬
22:31:26 [allowed] §cYour Kill Combo has expired! You reached a 6 Kill Combo!
22:31:28 [allowed] §6[Sacks] §r§a+22§r§e items§r§e.§r§8 (Last 9s.)
22:31:28 [allowed] §cThis ability is on cooldown for 114s.
22:31:30 [allowed] §7§oThe mineshaft entrance has caved in... it doesn't look like anyone else will be able to get in here.
22:31:41 [allowed] §cYour Mining Speed Boost has expired!
22:31:59 [allowed] §6[Sacks] §r§a+2,024§r§e items§r§e.§r§8 (Last 30s.)
22:32:05 [allowed] §9§lBRRR! §r§bIt's getting really cold in here! But you've got to keep moving...
22:32:14 [allowed] §6[Sacks] §r§a+711§r§e items§r§e.§r§8 (Last 14s.)
22:32:45 [allowed] §6[Sacks] §r§a+1,090§r§e items§r§e.§r§8 (Last 30s.)
22:33:00 [allowed] §b§lBRRR! §r§aIt's getting colder in here...
22:33:17 [allowed] §6[Sacks] §r§a+902§r§e items§r§e.§r§8 (Last 30s.)
22:33:21 [allowed] §a§r§6Mining Speed Boost §r§ais now available!
22:33:30 [allowed] §a§l+5 Kill Combo §r§8§r§b+3✯ Magic Find
22:33:35 [allowed] §cThere are blocks in the way!
22:33:35 [allowed] §cYou cannot do that in this room!
22:33:38 [allowed] §6[Sacks] §r§a+223§r§e items§r§e.§r§8 (Last 20s.)
22:33:38 [allowed] §cYour Kill Combo has expired! You reached a 5 Kill Combo!
22:33:42 [allowed] §aYou used your §r§6Mining Speed Boost §r§aPickaxe Ability!
22:33:43 [allowed] §cThis ability is on cooldown for 120s.
22:33:56 [allowed] §9§lBRRR! §r§bIt's so cold that you can barely feel your fingers. Moving is getting difficult...
22:34:02 [allowed] §cYour Mining Speed Boost has expired!
22:34:13 [allowed] §6[Sacks] §r§a+2,074§r§e items§r§e.§r§8 (Last 30s.)
22:34:34 [allowed] §6§lEXCAVATOR! §r§fYou found a §r§9Suspicious Scrap§r§f!
22:34:34 [allowed] §a§lSCRAP COLLECTOR §r§eCommission Complete! Visit the King §r§eto claim your rewards!
22:34:47 [allowed] §b§lBYE! §r§aYou got a §r§b+2,560 §r§bGlacite Powder §r§aand §r§5+500 HOTM EXP §r§abonus for leaving a Mineshaft before you died!
22:34:47 [allowed] §7Sending to server mini74AW...
22:34:47 [allowed] §8 §r§8 §r§1 §r§3 §r§3 §r§7 §r§8 
22:34:47 [allowed] §eYou haven't claimed your §r§6Summer Rewards §r§eyet!
22:34:47 [allowed] §eTalk to the §r§bSummer Sloth §r§ein the §r§aHub!
22:34:50 [allowed] §aYou are playing on profile: §ePineapple
22:34:50 [allowed] §8Profile ID: cbcbcaaa-4182-4d77-bab6-b1345770fa92
22:35:06 [allowed] §8[§f57§8] §r§b[MVP§c+§b] PapaS3an§f §7♲§7 is holding §r§8[§9Gemstone Drill LT-522§8]
22:35:07 [allowed] §8[§r§f57§r§8] §r§b[MVP§c+§b] PapaS3an §7♲§f§r§f: finally
22:35:21 [allowed] §8[§r§2185§r§8] §r§b§lᛝ §r§a[VIP] Bluepie130§f§r§f: nice
22:35:26 [allowed] §cAutopet §eequipped your §7[Lvl 100] §6Scatha§e! §a§lVIEW RULE
22:35:30 [allowed] §a§lUMBER COLLECTOR §r§eCommission Complete! Visit the King §r§eto claim your rewards!
22:35:31 [allowed] §cAutopet §eequipped your §7[Lvl 154] §6Golden Dragon§e! §a§lVIEW RULE
22:35:35 [allowed] §6[Sacks] §r§a+675§r§e items§r§e.§r§8 (Last 11s.)
22:35:35 [allowed] §cAutopet §eequipped your §7[Lvl 100] §6Scatha§e! §a§lVIEW RULE
22:35:35 [allowed] §8[§r§2185§r§8] §r§b§lᛝ §r§a[VIP] Bluepie130§f§r§f: couldnt imagine getting the sludge for that on ironman
22:35:41 [allowed] §cThere are blocks in the way!
22:35:45 [allowed] §8[§r§f57§r§8] §r§b[MVP§c+§b] PapaS3an §7♲§f§r§f: it was only a little
22:35:46 [allowed] §d§lPRISTINE! §r§fYou found §r§aα Flawed Aquamarine Gemstone §r§8x19§r§f!
22:35:48 [allowed] §6A Golden Goblin has spawned!
22:35:48 [allowed] §d§lPRISTINE! §r§fYou found §r§aα Flawed Aquamarine Gemstone §r§8x38§r§f!
22:35:48 [allowed] §a§r§6Mining Speed Boost §r§ais now available!
22:35:50 [allowed] §d§lPRISTINE! §r§fYou found §r§aα Flawed Aquamarine Gemstone §r§8x19§r§f!
22:35:50 [allowed] §8[§r§3242§r§8] §r§7❤ §r§b[MVP§d+§b] aluhtirp§f§r§f: ya
22:35:56 [allowed] §6[Sacks] §r§a+789§r§e items§r§e.§r§8 (Last 11s.)
22:35:56 [allowed] §8[§r§3242§r§8] §r§7❤ §r§b[MVP§d+§b] aluhtirp§f§r§f: i have like 6k sludge rn :skull:
22:35:57 [allowed] §aYou used your §r§6Mining Speed Boost §r§aPickaxe Ability!
22:35:58 [allowed] §d§lPRISTINE! §r§fYou found §r§aα Flawed Aquamarine Gemstone §r§8x19§r§f!
22:35:59 [allowed] §d§lPRISTINE! §r§fYou found §r§aα Flawed Aquamarine Gemstone §r§8x19§r§f!
22:35:59 [allowed] §a§lAQUAMARINE GEMSTONE COLLECTOR §r§eCommission Complete! Visit the King §r§eto claim your rewards!
22:36:01 [allowed] §d§lPRISTINE! §r§fYou found §r§aα Flawed Aquamarine Gemstone §r§8x18§r§f!
22:36:03 [allowed] §d§lPRISTINE! §r§fYou found §r§aα Flawed Aquamarine Gemstone §r§8x18§r§f!
22:36:04 [allowed] §cAutopet §eequipped your §7[Lvl 154] §6Golden Dragon§e! §a§lVIEW RULE
22:36:07 [allowed] §8[§2166§8] §7✿ §r§a[VIP] YAEZ2009§f §7♲§7 is holding §r§8[§dJaded Helmet of Divan§8]
22:36:08 [allowed] §cAutopet §eequipped your §7[Lvl 100] §6Scatha§e! §a§lVIEW RULE
22:36:08 [allowed] §6[Sacks] §r§a+1,357§r§e items§r§e.§r§8 (Last 11s.)
22:36:10 [allowed] §8[§r§e101§r§8] §r§a[VIP] cleaningman_§f§r§f: i sentence you to hotm farming for 500 years
22:36:14 [allowed] §c ☠ §r§7§r§7oO_ATLAS_Oo§r§7 was killed by Glacite Walker§r§7§r§7.
22:36:17 [allowed] §cYour Mining Speed Boost has expired!
22:36:17 [allowed] §6[Sacks] §r§a+4§r§e items§r§e.§r§8 (Last 5s.)
22:36:23 [allowed] §8[§r§2166§r§8] §r§7✿ §r§a[VIP] YAEZ2009 §7♲§f§r§f: still cant use it :(
22:36:24 [allowed] §8[§r§2185§r§8] §r§b§lᛝ §r§a[VIP] Bluepie130§f§r§f: i know that your ironman
22:36:24 [allowed] §8[§r§3271§r§8] §r§6§lᛝ §r§a[VIP§r§6+§r§a] HotBaconWasTaken§r§f: not that bad tbh
22:36:31 [allowed] §d§lPRISTINE! §r§fYou found §r§a☘ Flawed Peridot Gemstone §r§8x19§r§f!
22:36:33 [allowed] §d§lPRISTINE! §r§fYou found §r§a☘ Flawed Peridot Gemstone §r§8x19§r§f!
22:36:36 [allowed] §d§lPRISTINE! §r§fYou found §r§a☘ Flawed Peridot Gemstone §r§8x18§r§f!
22:36:36 [allowed] §8[§r§2185§r§8] §r§b§lᛝ §r§a[VIP] Bluepie130§f§r§f: but having no chambers gives me aids
22:36:38 [allowed] §d§lPRISTINE! §r§fYou found §r§a☘ Flawed Peridot Gemstone §r§8x38§r§f!
22:36:43 [allowed] §d§lPRISTINE! §r§fYou found §r§a☘ Flawed Peridot Gemstone §r§8x19§r§f!
22:36:43 [allowed] §8[§r§2166§r§8] §r§7✿ §r§a[VIP] YAEZ2009 §7♲§f§r§f: i got my first
22:36:44 [allowed] §d§lPRISTINE! §r§fYou found §r§a☘ Flawed Peridot Gemstone §r§8x18§r§f!
22:36:46 [allowed] §a§lPERIDOT GEMSTONE COLLECTOR §r§eCommission Complete! Visit the King §r§eto claim your rewards!
22:36:46 [allowed] §d§lPRISTINE! §r§fYou found §r§a☘ Flawed Peridot Gemstone §r§8x18§r§f!
22:36:46 [allowed] §8[§r§2166§r§8] §r§7✿ §r§a[VIP] YAEZ2009 §7♲§f§r§f: its cooking up rn
22:36:47 [allowed] §cAutopet §eequipped your §7[Lvl 154] §6Golden Dragon§e! §a§lVIEW RULE
22:36:48 [allowed] §cThis ability is on cooldown for 70s.
22:36:51 [allowed] §6[Sacks] §r§a+1,635§r§e items§r§e.§r§8 (Last 19s.)
22:36:58 [allowed] §8[§r§e101§r§8] §r§a[VIP] cleaningman_§f§r§f: i was so defeated after the made the new glacite place locked behind hotm i just quit for like 3 months lmfao
22:36:58 [allowed] §8[§r§f68§r§8] §r§a[VIP] playeur242§f§r§f: ur first aids?
22:36:59 [allowed] §9§lBRRR! §r§bIt's getting really cold in here! But you've got to keep moving...
22:36:59 [allowed] §cAutopet §eequipped your §7[Lvl 100] §6Scatha§e! §a§lVIEW RULE
22:37:05 [allowed] §8[§r§2166§r§8] §r§7✿ §r§a[VIP] YAEZ2009 §7♲§f§r§f: first chamber
22:37:29 [allowed] §8[§r§2185§r§8] §r§b§lᛝ §r§a[VIP] Bluepie130§f§r§f: after the mining rework you will need 655 or divans drill to do tunnels
22:37:30 [allowed] §6[Sacks] §r§a+902§r§e items§r§e.§r§8 (Last 30s.)
22:37:36 [allowed] §8[§r§2166§r§8] §r§7✿ §r§a[VIP] YAEZ2009 §7♲§f§r§f: ik :(
22:37:37 [allowed] §8[§r§2185§r§8] §r§b§lᛝ §r§a[VIP] Bluepie130§f§r§f: gauntlet wont work no more
22:37:42 [allowed] §8[§r§2166§r§8] §r§7✿ §r§a[VIP] YAEZ2009 §7♲§f§r§f: also 355 is in the forge
22:37:44 [allowed] §8[§r§2166§r§8] §r§7✿ §r§a[VIP] YAEZ2009 §7♲§f§r§f: and divan cp
22:37:46 [allowed] §8[§r§3271§r§8] §r§6§lᛝ §r§a[VIP§r§6+§r§a] HotBaconWasTaken§r§f: y not
22:37:48 [allowed] §6[Sacks] §r§a+296§r§e items§r§e.§r§8 (Last 17s.)
22:37:51 [allowed] §8[§r§3242§r§8] §r§7❤ §r§b[MVP§d+§b] aluhtirp§f§r§f: no like the hardest part is 555
22:37:54 [allowed] §8[§r§2185§r§8] §r§b§lᛝ §r§a[VIP] Bluepie130§f§r§f: they reduced the breaking power
22:37:59 [allowed] §a§r§6Mining Speed Boost §r§ais now available!
22:37:59 [allowed] §8[§r§e101§r§8] §r§a[VIP] cleaningman_§f§r§f: what are these moon runes in chat
22:38:00 [allowed] §8[§r§2166§r§8] §r§7✿ §r§a[VIP] YAEZ2009 §7♲§f§r§f: u can use a polvarized book to make it work btw
22:38:01 [allowed] §8[§r§3242§r§8] §r§7❤ §r§b[MVP§d+§b] aluhtirp§f§r§f: 655 just requires some grindinhg of corleone
22:38:06 [allowed] §8[§r§e101§r§8] §r§a[VIP] cleaningman_§f§r§f: what are you yappening about
22:38:06 [allowed] §8[§r§3271§r§8] §r§6§lᛝ §r§a[VIP§r§6+§r§a] HotBaconWasTaken§r§f: put a polarvoid book????
22:38:11 [allowed] §8[§r§2185§r§8] §r§b§lᛝ §r§a[VIP] Bluepie130§f§r§f: no they are chaning polvarized books too
22:38:18 [allowed] §a§lGLACITE COLLECTOR §r§eCommission Complete! Visit the King §r§eto claim your rewards!
22:38:26 [allowed] §6[Sacks] §r§a+476§r§e items§r§e.§r§8 (Last 15s.)
22:38:26 [allowed] §8[§r§3271§r§8] §r§6§lᛝ §r§a[VIP§r§6+§r§a] HotBaconWasTaken§r§f: aint no way
22:38:30 [allowed] §8[§r§3242§r§8] §r§7❤ §r§b[MVP§d+§b] aluhtirp§f§r§f: im tryna upgrade to 555 and its taking so long in forge to get mithril plates that ive gotten everything for 655
22:38:44 [allowed] §8[§r§3271§r§8] §r§6§lᛝ §r§a[VIP§r§6+§r§a] HotBaconWasTaken§r§f: same
22:38:54 [allowed] §8[§r§3271§r§8] §r§6§lᛝ §r§a[VIP§r§6+§r§a] HotBaconWasTaken§r§f: im getting all the materials first tho
22:39:01 [allowed] §8[§r§3242§r§8] §r§7❤ §r§b[MVP§d+§b] aluhtirp§f§r§f: its gonna be 7 forge slots now
22:39:02 [allowed] §8[§r§3271§r§8] §r§6§lᛝ §r§a[VIP§r§6+§r§a] HotBaconWasTaken§r§f: cause they are changing mithril plates reqs
22:39:03 [allowed] §8[§r§2185§r§8] §r§b§lᛝ §r§a[VIP] Bluepie130§f§r§f: me sitting here thinking i was the only smart person cause i got 655 before full divan armor
22:39:04 [allowed] §8[§r§3242§r§8] §r§7❤ §r§b[MVP§d+§b] aluhtirp§f§r§f: so thats good
22:39:05 [allowed] §9§lBRRR! §r§bIt's so cold that you can barely feel your fingers. Moving is getting difficult...
22:39:16 [allowed] §8[§r§3242§r§8] §r§7❤ §r§b[MVP§d+§b] aluhtirp§f§r§f: is mithril plates moer expensive than now?
22:39:19 [allowed] §8[§r§3242§r§8] §r§7❤ §r§b[MVP§d+§b] aluhtirp§f§r§f: will*
22:39:20 [allowed] §6[Sacks] §r§a+156§r§e items§r§e.§r§8 (Last 9s.)
22:39:26 [allowed] §8[§r§2166§r§8] §r§7✿ §r§a[VIP] YAEZ2009 §7♲§f§r§f: mithril plates r the same
22:39:29 [allowed] §8[§r§3271§r§8] §r§6§lᛝ §r§a[VIP§r§6+§r§a] HotBaconWasTaken§r§f: both 555 and 655 with take 10 mithril plates
22:39:33 [allowed] §8[§r§e101§r§8] §r§a[VIP] cleaningman_§f§r§f: i got 522
22:39:38 [allowed] §8[§r§3271§r§8] §r§6§lᛝ §r§a[VIP§r§6+§r§a] HotBaconWasTaken§r§f: now they are 15 and 5
22:39:38 [allowed] §8[§r§e101§r§8] §r§a[VIP] cleaningman_§f§r§f: i been using 522
22:39:46 [allowed] §8[§r§3242§r§8] §r§7❤ §r§b[MVP§d+§b] aluhtirp§f§r§f: u want tita mate?\
22:39:47 [allowed] §cAutopet §eequipped your §7[Lvl 154] §6Golden Dragon§e! §a§lVIEW RULE
22:39:51 [allowed] §6[Sacks] §r§a+264§r§e items§r§e.§r§8 (Last 9s.)
22:39:53 [allowed] §8[§r§2163§r§8] §r§b[MVP§c+§b] Frinityx§f§r§f: YES ç
22:39:53 [allowed] §8[§r§2185§r§8] §r§b§lᛝ §r§a[VIP] Bluepie130§f§r§f: they took 5 plates from 555 and added em to 655
22:39:55 [allowed] §8[§r§3242§r§8] §r§7❤ §r§b[MVP§d+§b] aluhtirp§f§r§f: okie
22:39:57 [allowed] §8[§r§2163§r§8] §r§b[MVP§c+§b] Frinityx§f§r§f: 9
22:39:57 [allowed] §8[§r§3242§r§8] §r§7❤ §r§b[MVP§d+§b] aluhtirp§f§r§f: u can have
22:39:59 [allowed] §6The sound of pickaxes clashing against the rock has attracted the attention of the §r§6§lPOWDER GHAST!
22:39:59 [allowed] §eFind the §r§6Powder Ghast§r§e near the §r§bDivan's Gateway§r§e!
22:40:06 [allowed] §8[§r§3271§r§8] §r§6§lᛝ §r§a[VIP§r§6+§r§a] HotBaconWasTaken§r§f: thats why im gona be waiting
22:40:07 [allowed] §6[Sacks] §r§a+141§r§e items§r§e.§r§8 (Last 10s.)
22:40:13 [allowed] §c ☠ §r§7§r§aLuis_Fer_§r§7 was killed by Ghost§r§7§r§7.
22:40:26 [allowed] §8[§r§2185§r§8] §r§b§lᛝ §r§a[VIP] Bluepie130§f§r§f: i think its like 1 or 2 less mithril plates in general tho
22:40:39 [allowed] §8[§r§2185§r§8] §r§b§lᛝ §r§a[VIP] Bluepie130§f§r§f: cause the other two drills got recipe changes
22:40:40 [allowed] §8[§r§3271§r§8] §r§6§lᛝ §r§a[VIP§r§6+§r§a] HotBaconWasTaken§r§f: with my luck im gonna forge the 555 now and if the update comes early imma need another 5 plates
22:40:46 [allowed] §8[§r§2163§r§8] §r§b[MVP§c+§b] Frinityx§f§r§f: ty :D
22:40:47 [allowed] §8[§r§2185§r§8] §r§b§lᛝ §r§a[VIP] Bluepie130§f§r§f: nah wait on 555
22:40:54 [allowed] §8[§r§2185§r§8] §r§b§lᛝ §r§a[VIP] Bluepie130§f§r§f: the update is like next week
22:40:55 [allowed] §8[§r§726§r§8] §r§b[MVP§f+§b] SnakeInALake§f§r§f: can i have some1s titaineum
22:40:58 [allowed] §8[§r§3271§r§8] §r§6§lᛝ §r§a[VIP§r§6+§r§a] HotBaconWasTaken§r§f: yuh
22:41:08 [allowed] §6[Sacks] §r§a+216§r§e items§r§e.§r§8 (Last 18s.)
22:41:10 [allowed] §aYou used your §r§6Mining Speed Boost §r§aPickaxe Ability!
22:41:11 [allowed] §6A Golden Goblin has spawned!
22:41:12 [allowed] §9§lBRRR! §r§bYour movement slows to a crawl as the cold threatens to take over. Time to get out of here...
22:41:13 [allowed] §8[§r§3242§r§8] §r§7❤ §r§b[MVP§d+§b] aluhtirp§f§r§f: come upper mines near the treasure hoparders
22:41:18 [allowed] §8[§r§3242§r§8] §r§7❤ §r§b[MVP§d+§b] aluhtirp§f§r§f: if u want some tita
22:41:24 [allowed] §d§lPRISTINE! §r§fYou found §r§a☘ Flawed Peridot Gemstone §r§8x17§r§f!
22:41:25 [allowed] §aYou earned §r§e1,396 Event EXP §r§afrom playing SkyBlock!
22:41:26 [allowed] §a§lPERIDOT GEMSTONE COLLECTOR §r§eCommission Complete! Visit the King §r§eto claim your rewards!
22:41:27 [allowed] §d§lPRISTINE! §r§fYou found §r§a☘ Flawed Peridot Gemstone §r§8x17§r§f!
22:41:28 [allowed] §d§lPRISTINE! §r§fYou found §r§a☘ Flawed Peridot Gemstone §r§8x16§r§f!
22:41:31 [allowed] §cYour Mining Speed Boost has expired!
22:41:37 [allowed] §6[Sacks] §r§a+3,115§r§e items§r§e.§r§8 (Last 25s.)
22:41:42 [allowed] §8[§r§2185§r§8] §r§b§lᛝ §r§a[VIP] Bluepie130§f§r§f: tbh tho idrc about the gauntlet nerf
22:41:46 [allowed] §d§lPRISTINE! §r§fYou found §r§a☘ Flawed Peridot Gemstone §r§8x17§r§f!
22:41:50 [allowed] §d§lPRISTINE! §r§fYou found §r§a☘ Flawed Peridot Gemstone §r§8x34§r§f!
22:42:03 [allowed] §8[§r§3242§r§8] §r§7❤ §r§b[MVP§d+§b] aluhtirp§f§r§f: me neither cuz its finally forcing me to et a drill now
22:42:06 [allowed] §8[§r§2185§r§8] §r§b§lᛝ §r§a[VIP] Bluepie130§f§r§f: i kinda like it because now ironmans spend their time on titanium and gemstone drills instead of gauntlet
22:42:07 [allowed] §e§l▬▬▬▬▬▬▬▬▬▬▬▬▬▬▬▬▬▬▬▬▬▬▬▬▬▬▬▬▬▬▬▬▬▬▬▬▬▬▬▬▬▬▬▬▬▬▬▬▬▬▬▬▬▬▬▬▬▬▬▬▬▬▬▬
22:42:07 [allowed]   §r§6§lCOLLECTION LEVEL UP §eUmber §8IV➜§eV
22:42:07 [allowed] 
22:42:07 [allowed]   §r§a§lREWARDS
22:42:07 [allowed]     §r§7Excavator Potion §8(§4COMING SOON§8)
22:42:07 [allowed]     §r§7§8+§b4 SkyBlock XP
22:42:07 [allowed] §e§l▬▬▬▬▬▬▬▬▬▬▬▬▬▬▬▬▬▬▬▬▬▬▬▬▬▬▬▬▬▬▬▬▬▬▬▬▬▬▬▬▬▬▬▬▬▬▬▬▬▬▬▬▬▬▬▬▬▬▬▬▬▬▬▬
22:42:09 [allowed] §8[§r§3242§r§8] §r§7❤ §r§b[MVP§d+§b] aluhtirp§f§r§f: which i wouldve at some point
22:42:10 [allowed] §a§lUMBER COLLECTOR §r§eCommission Complete! Visit the King §r§eto claim your rewards!
22:42:15 [allowed] §cAutopet §eequipped your §7[Lvl 100] §6Scatha§e! §a§lVIEW RULE
22:42:16 [allowed] §6[Sacks] §r§a+1,779§r§e items§r§e.§r§8 (Last 30s.)
22:42:18 [allowed] §8[§r§2185§r§8] §r§b§lᛝ §r§a[VIP] Bluepie130§f§r§f: plus
22:42:27 [allowed] §7Warping...
22:42:29 [allowed] §8[§r§2185§r§8] §r§b§lᛝ §r§a[VIP] Bluepie130§f§r§f: sorrow gauntlet nons cant steal my jasper and tunnels stuff now
22:42:31 [allowed] §cThere are blocks in the way!
22:42:32 [allowed] §6The warmth of the campfire reduced your §r§b❄ Cold §r§6to §r§a0§r§6!
22:42:36 [allowed] §cThere are blocks in the way!
22:42:41 [allowed] §d§lPRISTINE! §r§fYou found §r§a☘ Flawed Citrine Gemstone §r§8x18§r§f!
22:42:44 [allowed] §d§lPRISTINE! §r§fYou found §r§a☘ Flawed Citrine Gemstone §r§8x19§r§f!
22:42:46 [allowed] §d§lPRISTINE! §r§fYou found §r§a☘ Flawed Citrine Gemstone §r§8x19§r§f!
22:42:48 [allowed] §8[§r§3242§r§8] §r§7❤ §r§b[MVP§d+§b] aluhtirp§f§r§f: i thought u couldnt eneter someone mineshaft?
22:42:51 [allowed] §d§lPRISTINE! §r§fYou found §r§a☘ Flawed Citrine Gemstone §r§8x18§r§f!
22:42:53 [allowed] §d§lPRISTINE! §r§fYou found §r§a☘ Flawed Citrine Gemstone §r§8x19§r§f!
22:42:53 [allowed] §8[§r§2185§r§8] §r§b§lᛝ §r§a[VIP] Bluepie130§f§r§f: no i mean in ch
22:42:56 [allowed] §8[§r§3242§r§8] §r§7❤ §r§b[MVP§d+§b] aluhtirp§f§r§f: oh
22:42:59 [allowed] §a§lCITRINE GEMSTONE COLLECTOR §r§eCommission Complete! Visit the King §r§eto claim your rewards!
22:42:59 [allowed] §8[§r§3242§r§8] §r§7❤ §r§b[MVP§d+§b] aluhtirp§f§r§f: grotto
22:43:01 [allowed] §cAutopet §eequipped your §7[Lvl 154] §6Golden Dragon§e! §a§lVIEW RULE
22:43:02 [allowed] §cThis ability is on cooldown for 9s.
22:43:04 [allowed] §8[§r§2185§r§8] §r§b§lᛝ §r§a[VIP] Bluepie130§f§r§f: yeah
22:43:05 [allowed] §6[Sacks] §r§a+1,719§r§e items§r§e.§r§8 (Last 23s.)
22:43:07 [allowed] §cAutopet §eequipped your §7[Lvl 100] §6Scatha§e! §a§lVIEW RULE
22:43:12 [allowed] §a§r§6Mining Speed Boost §r§ais now available!
22:43:14 [allowed] §d§lPRISTINE! §r§fYou found §r§a☘ Flawed Peridot Gemstone §r§8x19§r§f!
22:43:14 [allowed] §aYou used your §r§6Mining Speed Boost §r§aPickaxe Ability!
22:43:18 [allowed] §d§lPRISTINE! §r§fYou found §r§a☘ Flawed Peridot Gemstone §r§8x38§r§f!
22:43:19 [allowed] §a§lPERIDOT GEMSTONE COLLECTOR §r§eCommission Complete! Visit the King §r§eto claim your rewards!
22:43:19 [allowed] §d§lPRISTINE! §r§fYou found §r§a☘ Flawed Peridot Gemstone §r§8x18§r§f!
22:43:20 [allowed] §d§lPRISTINE! §r§fYou found §r§a☘ Flawed Peridot Gemstone §r§8x19§r§f!
22:43:22 [allowed] §d§lPRISTINE! §r§fYou found §r§a☘ Flawed Peridot Gemstone §r§8x36§r§f!
22:43:24 [allowed] §d§lPRISTINE! §r§fYou found §r§a☘ Flawed Peridot Gemstone §r§8x18§r§f!
22:43:27 [allowed] §8[§r§2185§r§8] §r§b§lᛝ §r§a[VIP] Bluepie130§f§r§f: the amount of times a lvl 60 sorrow non with their gauntlet an 900 mf started mining my grotto
22:43:29 [allowed] §cAutopet §eequipped your §7[Lvl 154] §6Golden Dragon§e! §a§lVIEW RULE
22:43:33 [allowed] §cAutopet §eequipped your §7[Lvl 100] §6Scatha§e! §a§lVIEW RULE
22:43:33 [allowed] §6[Sacks] §r§a+3,476§r§e items§r§e.§r§8 (Last 18s.)
22:43:34 [allowed] §cYour Mining Speed Boost has expired!
22:43:53 [allowed] §cThere are blocks in the way!
22:43:59 [allowed] §d§lPRISTINE! §r§fYou found §r§a☘ Flawed Citrine Gemstone §r§8x36§r§f!
22:44:04 [allowed] §d§lPRISTINE! §r§fYou found §r§a☘ Flawed Citrine Gemstone §r§8x18§r§f!
22:44:05 [allowed] §c ☠ §r§7§r§aiYrm§r§7 was killed by Glacite Walker§r§7§r§7.
22:44:07 [allowed] §d§lPRISTINE! §r§fYou found §r§a☘ Flawed Citrine Gemstone §r§8x18§r§f!
22:44:09 [allowed] §d§lPRISTINE! §r§fYou found §r§a☘ Flawed Citrine Gemstone §r§8x18§r§f!
22:44:12 [allowed] §d§lPRISTINE! §r§fYou found §r§a☘ Flawed Citrine Gemstone §r§8x38§r§f!
22:44:12 [allowed] §a§lCITRINE GEMSTONE COLLECTOR §r§eCommission Complete! Visit the King §r§eto claim your rewards!
22:44:15 [allowed] §8[§r§3242§r§8] §r§7❤ §r§b[MVP§d+§b] aluhtirp§f§r§f: bruh
22:44:20 [allowed] §d§lPRISTINE! §r§fYou found §r§a☘ Flawed Citrine Gemstone §r§8x18§r§f!
22:44:20 [allowed] §8[§r§3242§r§8] §r§7❤ §r§b[MVP§d+§b] aluhtirp§f§r§f: so im mining mithril right
22:44:21 [allowed] §d§lPRISTINE! §r§fYou found §r§a☘ Flawed Citrine Gemstone §r§8x18§r§f!
22:44:24 [allowed] §8[§r§3242§r§8] §r§7❤ §r§b[MVP§d+§b] aluhtirp§f§r§f: and i get titanium
22:44:25 [allowed] §cAutopet §eequipped your §7[Lvl 154] §6Golden Dragon§e! §a§lVIEW RULE
22:44:27 [allowed] §6[Sacks] §r§a+2,247§r§e items§r§e.§r§8 (Last 29s.)
22:44:28 [allowed] §cAutopet §eequipped your §7[Lvl 100] §6Scatha§e! §a§lVIEW RULE
22:44:29 [allowed] §8[§r§3242§r§8] §r§7❤ §r§b[MVP§d+§b] aluhtirp§f§r§f: i have like 652 enchanted titanium rn
22:44:39 [allowed] §9§lBRRR! §r§bIt's getting really cold in here! But you've got to keep moving...
22:44:48 [allowed] §8[§r§3242§r§8] §r§7❤ §r§b[MVP§d+§b] aluhtirp§f§r§f: and 54 refined tiatiunm
22:44:57 [allowed] §c ☠ §r§7§r§bCertifiedDub§r§7 was killed by Glacite Walker§r§7§r§7.
22:45:02 [allowed] §b§lCOMPACT! §r§fYou found an §r§9Enchanted Tungsten§r§f!
22:45:03 [allowed] §6[Sacks] §r§a+1,476§r§e items§r§e.§r§8 (Last 30s.)
22:45:08 [allowed] §8[§r§3271§r§8] §r§6§lᛝ §r§a[VIP§r§6+§r§a] HotBaconWasTaken§r§f: thats a nice amount
22:45:16 [allowed] §a§r§6Mining Speed Boost §r§ais now available!
22:45:30 [allowed] §a§lTUNGSTEN COLLECTOR §r§eCommission Complete! Visit the King §r§eto claim your rewards!
22:45:31 [allowed] §8[§r§3242§r§8] §r§7❤ §r§b[MVP§d+§b] aluhtirp§f§r§f: i hope they dont do the powder thing
22:45:38 [allowed] §aYou used your §r§6Mining Speed Boost §r§aPickaxe Ability!
22:45:39 [allowed] §8[§r§3256§r§8] §r§b§lᛝ §r§b[MVP§6+§b] Brodford§f§r§f: Bro fov: 30 is SO META
22:45:40 [allowed] §8[§r§3242§r§8] §r§7❤ §r§b[MVP§d+§b] aluhtirp§f§r§f: so i can get mithril powder in ch by poweder grinding
22:45:44 [allowed] §cAutopet §eequipped your §7[Lvl 154] §6Golden Dragon§e! §a§lVIEW RULE
22:45:48 [allowed] §cAutopet §eequipped your §7[Lvl 100] §6Scatha§e! §a§lVIEW RULE
22:45:49 [allowed] §6[Sacks] §r§a+645§r§e items§r§e.§r§8 (Last 18s.)
22:45:53 [allowed] §d§lPRISTINE! §r§fYou found §r§a☠ Flawed Onyx Gemstone §r§8x19§r§f!
22:45:56 [allowed] §d§lPRISTINE! §r§fYou found §r§a☠ Flawed Onyx Gemstone §r§8x19§r§f!
22:45:57 [allowed] §8[§r§e86§r§8] §r§b[MVP§a+§b] Dragon9542§f§r§f: fov 30 is crazy
22:45:58 [allowed] §d§lPRISTINE! §r§fYou found §r§a☠ Flawed Onyx Gemstone §r§8x19§r§f!
22:45:58 [allowed] §cYour Mining Speed Boost has expired!
22:45:58 [allowed] §8[§r§e86§r§8] §r§b[MVP§a+§b] Dragon9542§f§r§f: oml
22:46:06 [allowed] §d§lPRISTINE! §r§fYou found §r§a☠ Flawed Onyx Gemstone §r§8x19§r§f!
22:46:10 [allowed] §d§lPRISTINE! §r§fYou found §r§a☠ Flawed Onyx Gemstone §r§8x36§r§f!
22:46:10 [allowed] §a§lONYX GEMSTONE COLLECTOR §r§eCommission Complete! Visit the King §r§eto claim your rewards!
22:46:11 [allowed] §cAutopet §eequipped your §7[Lvl 154] §6Golden Dragon§e! §a§lVIEW RULE
22:46:14 [allowed] §aYour §r§6Golden Dragon §r§aleveled up to level §r§9155§r§a!
22:46:15 [allowed] §6[Sacks] §r§a+1,567§r§e items§r§e.§r§8 (Last 21s.)
22:46:16 [allowed] §cAutopet §eequipped your §7[Lvl 100] §6Scatha§e! §a§lVIEW RULE
22:46:17 [allowed] §8[§r§3242§r§8] §r§7❤ §r§b[MVP§d+§b] aluhtirp§f§r§f: im on quake pro
22:46:20 [allowed] §8[§r§e103§r§8] §r§a[VIP] ErkkiPlayz §7♲§f§r§f: yeah sorry I like seeing
22:46:22 [allowed] §c ☠ §r§7§r§aiYrm§r§7 was killed by Glacite Walker§r§7§r§7.
22:46:25 [allowed] §8[§r§3256§r§8] §r§b§lᛝ §r§b[MVP§6+§b] Brodford§f§r§f: and Yawn sentivy is AMAZIng
22:46:29 [allowed] §8[§r§e86§r§8] §r§b[MVP§a+§b] Dragon9542§f§r§f: yeah lmao real
22:46:30 [allowed] §aYou earned §r§e1,312 Event EXP §r§afrom playing SkyBlock!
22:46:37 [allowed] §8[§r§e86§r§8] §r§b[MVP§a+§b] Dragon9542§f§r§f: i like actually seeing my surroundings
22:46:42 [allowed] §a§lTUNGSTEN COLLECTOR §r§eCommission Complete! Visit the King §r§eto claim your rewards!
22:46:46 [allowed] §9§lBRRR! §r§bIt's so cold that you can barely feel your fingers. Moving is getting difficult...
22:46:48 [allowed] §6[Sacks] §r§a+1,554§r§e items§r§e.§r§8 (Last 26s.)
22:46:48 [allowed] §cAutopet §eequipped your §7[Lvl 155] §6Golden Dragon§e! §a§lVIEW RULE
22:47:04 [allowed] §6[Bazaar] §r§7Executing instant sell...
22:47:04 [allowed] §6[Bazaar] §r§7Sold §r§a2§r§7x §r§9Suspicious Scrap §r§7for §r§6832,993 coins§r§7!
22:47:04 [allowed] §6[Bazaar] §r§7Sold §r§a4§r§7x §r§9§r§eYellow Goblin Egg §r§7for §r§618,286 coins§r§7!
22:47:04 [allowed] §6[Bazaar] §r§7Sold §r§a83§r§7x §r§fMelon §r§7for §r§649.8 coins§r§7!
22:47:04 [allowed] §6[Bazaar] §r§7Sold §r§a3§r§7x §r§9Glacite Jewel §r§7for §r§6221,030 coins§r§7!
22:47:04 [allowed] §6[Bazaar] §r§7Sold §r§a7§r§7x §r§a§r§aGreen Goblin Egg §r§7for §r§620,300 coins§r§7!
22:47:11 [allowed] §8Depositing coins...
22:47:11 [allowed] §aYou have deposited §r§61.2M coins§r§a! You now have §r§635M coins §r§ain your account!
22:47:17 [allowed] §cThere are blocks in the way!
22:47:18 [allowed] §cThere are blocks in the way!
22:47:19 [allowed] §cThere are blocks in the way!
22:47:23 [allowed] §6The warmth of the campfire reduced your §r§b❄ Cold §r§6to §r§a0§r§6!
22:47:24 [allowed] §cThere are blocks in the way!
22:47:32 [allowed] §7Warping...
22:47:33 [allowed] §7Sending to server mini23AM...
22:47:33 [allowed] §8 §r§8 §r§1 §r§3 §r§3 §r§7 §r§8 
22:47:33 [allowed] §eYou haven't claimed your §r§6Summer Rewards §r§eyet!
22:47:33 [allowed] §eTalk to the §r§bSummer Sloth §r§ein the §r§aHub!
22:47:36 [allowed] §aYou are playing on profile: §ePineapple
22:47:36 [allowed] §8Profile ID: cbcbcaaa-4182-4d77-bab6-b1345770fa92
22:48:00 [allowed] §7Warping...
22:48:04 [allowed] §aYou summoned your §r§6Elephant§r§a!
22:48:33 [allowed] §a§r§6Mining Speed Boost §r§ais now available!
22:48:35 [allowed] §a§lUNCOMMON DROP! §r§eDicer dropped §r§a4x §r§aEnchanted Melon§r§e!
22:48:56 [allowed] §6[Sacks] §r§a+238§r§e items§r§e.§r§8 (Last 30s.)
22:49:07 [allowed] §a§lUNCOMMON DROP! §r§eDicer dropped §r§a4x §r§aEnchanted Melon§r§e!
22:49:27 [allowed] §6[Sacks] §r§a+249§r§e items§r§e.§r§8 (Last 30s.)
22:49:27 [allowed] §6§lGROSS! §7A §6Pest §7has appeared in §aPlot §7- §b19§7!
22:49:27 [allowed]   §r§e§lCLICK HERE §eto teleport to the plot!
22:49:58 [allowed] §6[Sacks] §r§a+215§r§e items§r§e.§r§8 (Last 30s.)
22:50:07 [allowed] §9§lRARE DROP! §r§eDicer dropped §r§a16x §r§aEnchanted Melon§r§e!
22:50:11 [allowed] §9§lRARE DROP! §r§eDicer dropped §r§a16x §r§aEnchanted Melon§r§e!
22:50:29 [allowed] §6[Sacks] §r§a+272§r§e items§r§e.§r§8 (Last 30s.)
22:50:31 [allowed] §a§lUNCOMMON DROP! §r§eDicer dropped §r§a4x §r§aEnchanted Melon§r§e!
22:50:42 [allowed] §a§lUNCOMMON DROP! §r§eDicer dropped §r§a4x §r§aEnchanted Melon§r§e!
22:50:57 [allowed] §a§lUNCOMMON DROP! §r§eDicer dropped §r§a4x §r§aEnchanted Melon§r§e!
22:51:00 [allowed] §6[Sacks] §r§a+233§r§e items§r§e.§r§8 (Last 30s.)
22:51:07 [allowed] §a§lUNCOMMON DROP! §r§eDicer dropped §r§a4x §r§aEnchanted Melon§r§e!
22:51:11 [allowed] §9§lRARE DROP! §r§eDicer dropped §r§a16x §r§aEnchanted Melon§r§e!
22:51:28 [allowed] §a§lUNCOMMON DROP! §r§eDicer dropped §r§a4x §r§aEnchanted Melon§r§e!
22:51:31 [allowed] §6[Sacks] §r§a+266§r§e items§r§e.§r§8 (Last 30s.)
22:51:59 [allowed] §a§lUNCOMMON DROP! §r§eDicer dropped §r§a4x §r§aEnchanted Melon§r§e!
22:51:59 [allowed] §a§lUNCOMMON DROP! §r§eDicer dropped §r§a4x §r§aEnchanted Melon§r§e!
22:52:02 [allowed] §6[Sacks] §r§a+250§r§e items§r§e.§r§8 (Last 30s.)
22:52:06 [allowed] §9§lRARE DROP! §r§eDicer dropped §r§a16x §r§aEnchanted Melon§r§e!
22:52:23 [allowed] §a§lUNCOMMON DROP! §r§eDicer dropped §r§a4x §r§aEnchanted Melon§r§e!
22:52:33 [allowed] §6[Sacks] §r§a+248§r§e items§r§e.§r§8 (Last 30s.)
22:52:34 [allowed] §aYou earned §r§e1,186 Event EXP §r§afrom playing SkyBlock!
22:53:04 [allowed] §9§lRARE DROP! §r§eDicer dropped §r§a16x §r§aEnchanted Melon§r§e!
22:53:04 [allowed] §6[Sacks] §r§a+253§r§e items§r§e.§r§8 (Last 30s.)
22:53:17 [allowed] §9§lRARE DROP! §r§eDicer dropped §r§a16x §r§aEnchanted Melon§r§e!
22:53:35 [allowed] §6[Sacks] §r§a+236§r§e items§r§e.§r§8 (Last 30s.)
22:53:52 [allowed] §a§lUNCOMMON DROP! §r§eDicer dropped §r§a4x §r§aEnchanted Melon§r§e!
22:56:15 [allowed] §f §r§r§r§f §r§r§r§1 §r§r§r§0 §r§r§r§2 §r§r§r§f §r§r§r§f §r§r§r§2 §r§r§r§0 §r§r§r§4 §r§r§r§3 §r§r§r§9 §r§r§r§2 §r§r§r§0 §r§r§r§0 §r§r§r§3 §r§r§r§9 §r§r§r§2 §r§r§r§0 §r§r§r§0 §r§r§r§3 §r§r§r§9 §r§r§r§2 §r§r§r§0 §r§r§r§0 
22:56:21 [allowed] §f §r§r§r§f §r§r§r§1 §r§r§r§0 §r§r§r§2 §r§r§r§f §r§r§r§f §r§r§r§2 §r§r§r§0 §r§r§r§4 §r§r§r§3 §r§r§r§9 §r§r§r§2 §r§r§r§0 §r§r§r§0 §r§r§r§3 §r§r§r§9 §r§r§r§2 §r§r§r§0 §r§r§r§0 §r§r§r§3 §r§r§r§9 §r§r§r§2 §r§r§r§0 §r§r§r§0 
22:56:23 [allowed] §b[MVP§3+§b] Gayhai§f §6joined the lobby!
22:56:24 [allowed] §b[MVP§e+§b] Triios§f §6joined the lobby!
22:56:24 [allowed]   §r§f§l➤ §r§6You have reached your Hype limit! Add Hype to Prototype Lobby minigames by right-clicking with the Hype Diamond!
22:56:26 [allowed] §7Sending to server mini4AM...
22:56:26 [allowed] §8 §r§8 §r§1 §r§3 §r§3 §r§7 §r§8 
22:56:26 [allowed] §eYou haven't claimed your §r§6Summer Rewards §r§eyet!
22:56:26 [allowed] §eTalk to the §r§bSummer Sloth §r§ein the §r§aHub!
22:56:29 [allowed] 
22:56:29 [allowed] §eWelcome to §r§aHypixel SkyBlock§r§e!
22:56:29 [allowed] §6§lBONUS! §r§bTemporarily earn §r§a5% §r§bmore skill experience!
22:56:29 [allowed] 
22:56:29 [allowed] §9§n§eLatest update: §bSkyBlock v0.20.5 §e§lCLICK
22:56:29 [allowed] §aYou are playing on profile: §ePineapple
22:56:29 [allowed] §8Profile ID: cbcbcaaa-4182-4d77-bab6-b1345770fa92
22:57:26 [allowed] §a§r§6Mining Speed Boost §r§ais now available!
23:03:14 [allowed] §6§lGROSS! §7A §6Pest §7has appeared in §aPlot §7- §b13§7!
23:03:14 [allowed]   §r§e§lCLICK HERE §eto teleport to the plot!
23:03:20 [allowed] §a§lUNCOMMON DROP! §r§eDicer dropped §r§a4x §r§aEnchanted Melon§r§e!
23:03:36 [allowed] §6[Sacks] §r§a+230§r§e items§r§e.§r§8 (Last 30s.)
23:03:51 [allowed] §a§lUNCOMMON DROP! §r§eDicer dropped §r§a4x §r§aEnchanted Melon§r§e!
23:03:53 [allowed] §9§lRARE DROP! §r§eDicer dropped §r§a16x §r§aEnchanted Melon§r§e!
23:04:07 [allowed] §6[Sacks] §r§a+254§r§e items§r§e.§r§8 (Last 30s.)
23:04:37 [allowed] §a§lUNCOMMON DROP! §r§eDicer dropped §r§a4x §r§aEnchanted Melon§r§e!
23:04:38 [allowed] §6[Sacks] §r§a+228§r§e items§r§e.§r§8 (Last 30s.)
23:04:52 [allowed] §a§lUNCOMMON DROP! §r§eDicer dropped §r§a4x §r§aEnchanted Melon§r§e!
23:05:08 [allowed] §a§lUNCOMMON DROP! §r§eDicer dropped §r§a4x §r§aEnchanted Melon§r§e!
23:05:10 [allowed] §6[Sacks] §r§a+247§r§e items§r§e.§r§8 (Last 30s.)
23:05:22 [allowed] §a§lUNCOMMON DROP! §r§eDicer dropped §r§a4x §r§aEnchanted Melon§r§e!
23:05:26 [allowed] §9§lRARE DROP! §r§eDicer dropped §r§a16x §r§aEnchanted Melon§r§e!
23:05:30 [allowed] §a§lUNCOMMON DROP! §r§eDicer dropped §r§a4x §r§aEnchanted Melon§r§e!
23:05:41 [allowed] §6[Sacks] §r§a+243§r§e items§r§e.§r§8 (Last 30s.)
23:05:44 [allowed] §9§lRARE DROP! §r§eDicer dropped §r§a16x §r§aEnchanted Melon§r§e!
23:06:12 [allowed] §6[Sacks] §r§a+252§r§e items§r§e.§r§8 (Last 30s.)
23:06:14 [allowed] §d§lCRAZY RARE DROP! §r§eDicer dropped §r§92x §r§9Enchanted Melon Block§r§e!
23:06:27 [allowed] §aYou earned §r§e700 Event EXP §r§afrom playing SkyBlock!
23:06:43 [allowed] §6[Sacks] §r§a+218§r§e items§r§e.§r§8 (Last 30s.)
23:07:17 [allowed] §a§lUNCOMMON DROP! §r§eDicer dropped §r§a4x §r§aEnchanted Melon§r§e!
23:07:18 [allowed] §6[Sacks] §r§a+217§r§e items§r§e.§r§8 (Last 30s.)
23:07:38 [allowed] §a§lUNCOMMON DROP! §r§eDicer dropped §r§a4x §r§aEnchanted Melon§r§e!
23:07:49 [allowed] §6[Sacks] §r§a+235§r§e items§r§e.§r§8 (Last 30s.)
23:08:11 [allowed] §6[Sacks] §r§a+121§r§e items§r§e.§r§8 (Last 21s.)
23:08:15 [allowed] §9§lRARE DROP! §r§eDicer dropped §r§a16x §r§aEnchanted Melon§r§e!
23:08:23 [allowed] §a§lUNCOMMON DROP! §r§eDicer dropped §r§a4x §r§aEnchanted Melon§r§e!
23:08:27 [allowed] §a§lUNCOMMON DROP! §r§eDicer dropped §r§a4x §r§aEnchanted Melon§r§e!
23:08:42 [allowed] §6[Sacks] §r§a+248§r§e items§r§e.§r§8 (Last 30s.)
23:08:55 [allowed] §6§lGROSS! §7A §6Pest §7has appeared in §aPlot §7- §b19§7!
23:08:55 [allowed]   §r§e§lCLICK HERE §eto teleport to the plot!
23:08:58 [allowed] §a§lUNCOMMON DROP! §r§eDicer dropped §r§a4x §r§aEnchanted Melon§r§e!
23:09:04 [allowed] §9§lRARE DROP! §r§eDicer dropped §r§a16x §r§aEnchanted Melon§r§e!
23:09:13 [allowed] §6[Sacks] §r§a+258§r§e items§r§e.§r§8 (Last 30s.)
23:09:34 [allowed] §a§lUNCOMMON DROP! §r§eDicer dropped §r§a4x §r§aEnchanted Melon§r§e!
23:09:44 [allowed] §6[Sacks] §r§a+225§r§e items§r§e.§r§8 (Last 30s.)
23:09:54 [allowed] §a§lUNCOMMON DROP! §r§eDicer dropped §r§a4x §r§aEnchanted Melon§r§e!
23:09:56 [allowed] §9§lRARE DROP! §r§eDicer dropped §r§a16x §r§aEnchanted Melon§r§e!
23:10:04 [allowed] §9§lRARE DROP! §r§eDicer dropped §r§a16x §r§aEnchanted Melon§r§e!
23:10:15 [allowed] §6[Sacks] §r§a+277§r§e items§r§e.§r§8 (Last 30s.)
23:10:46 [allowed] §6[Sacks] §r§a+225§r§e items§r§e.§r§8 (Last 30s.)
23:11:01 [allowed] §a§lUNCOMMON DROP! §r§eDicer dropped §r§a4x §r§aEnchanted Melon§r§e!
23:11:07 [allowed] §a§lUNCOMMON DROP! §r§eDicer dropped §r§a4x §r§aEnchanted Melon§r§e!
23:11:15 [allowed] §a§lUNCOMMON DROP! §r§eDicer dropped §r§a4x §r§aEnchanted Melon§r§e!
23:11:17 [allowed] §6[Sacks] §r§a+250§r§e items§r§e.§r§8 (Last 30s.)
23:11:22 [allowed] §a§lUNCOMMON DROP! §r§eDicer dropped §r§a4x §r§aEnchanted Melon§r§e!
23:11:27 [allowed] §aYou earned §r§e1,500 Event EXP §r§afrom playing SkyBlock!
23:11:46 [allowed] §a§lUNCOMMON DROP! §r§eDicer dropped §r§a4x §r§aEnchanted Melon§r§e!
23:11:48 [allowed] §6[Sacks] §r§a+242§r§e items§r§e.§r§8 (Last 30s.)
23:11:53 [allowed] §a§lUNCOMMON DROP! §r§eDicer dropped §r§a4x §r§aEnchanted Melon§r§e!
23:12:14 [allowed] §9§lRARE DROP! §r§eDicer dropped §r§a16x §r§aEnchanted Melon§r§e!
23:12:19 [allowed] §6[Sacks] §r§a+248§r§e items§r§e.§r§8 (Last 30s.)
23:12:21 [allowed] §9§lRARE DROP! §r§eDicer dropped §r§a16x §r§aEnchanted Melon§r§e!
23:12:49 [allowed] §a§lUNCOMMON DROP! §r§eDicer dropped §r§a4x §r§aEnchanted Melon§r§e!
23:12:50 [allowed] §6[Sacks] §r§a+260§r§e items§r§e.§r§8 (Last 30s.)
23:13:21 [allowed] §6[Sacks] §r§a+218§r§e items§r§e.§r§8 (Last 30s.)
23:13:32 [allowed] §9§lRARE DROP! §r§eDicer dropped §r§a16x §r§aEnchanted Melon§r§e!
23:13:45 [allowed] §a§lUNCOMMON DROP! §r§eDicer dropped §r§a4x §r§aEnchanted Melon§r§e!
23:13:52 [allowed] §6[Sacks] §r§a+261§r§e items§r§e.§r§8 (Last 30s.)
23:14:05 [allowed] §a§lUNCOMMON DROP! §r§eDicer dropped §r§a4x §r§aEnchanted Melon§r§e!
23:14:21 [allowed] §c ☠ §r§7You fell into the void§r§7.
23:14:22 [allowed] §6[Sacks] §r§a+192§r§e items§r§e.§r§8 (Last 29s.)
23:14:55 [allowed] §e[NPC] Jacob§f: §rMy contest has started!
23:14:57 [allowed] §e[NPC] Jacob§f: §r§eFinnegan §fis forcing me to be more lenient with rankings...
23:15:01 [allowed] §e[NPC] Jacob§f: §rYour §9Anita's Artifact §fis giving you §6+25☘ Potato Fortune §fduring the contest!
23:15:31 [allowed] §6§lOFFER ACCEPTED §r§8with §r§aJacob §r§8(§r§a§lUNCOMMON§r§8)
23:15:31 [allowed] 
23:15:31 [allowed]   §r§a§lREWARDS
23:15:31 [allowed]     §r§8+§r§215 §r§7Garden Experience
23:15:31 [allowed]     §r§8+§r§35.2k §r§7Farming XP
23:15:31 [allowed]     §r§8+§r§c19 Copper
23:15:31 [allowed]     §r§7§aJacob's Ticket
23:15:31 [allowed]     §r§7§aFine Flour
23:15:31 [allowed] 
23:15:36 [allowed] §6[Sacks] §r§c-20§r§e items§r§e.§r§8 (Last 5s.)
23:15:40 [allowed] §6§lOFFER ACCEPTED §r§8with §r§aTerry §r§8(§r§a§lUNCOMMON§r§8)
23:15:40 [allowed] 
23:15:40 [allowed]   §r§a§lREWARDS
23:15:40 [allowed]     §r§8+§r§215 §r§7Garden Experience
23:15:40 [allowed]     §r§8+§r§31.7k §r§7Farming XP
23:15:40 [allowed]     §r§8+§r§c14 Copper
23:15:40 [allowed]     §r§7§aFine Flour
23:15:40 [allowed] 
23:15:45 [allowed] §6[Sacks] §r§c-3§r§e items§r§e.§r§8 (Last 5s.)
23:16:28 [allowed] §aYou earned §r§e1,420 Event EXP §r§afrom playing SkyBlock!
23:21:28 [allowed] §aYou earned §r§e220 Event EXP §r§afrom playing SkyBlock!
23:25:54 [allowed] §cThere are blocks in the way!
23:25:57 [allowed] §aPicked up 39 Compost!
23:25:58 [allowed] §cThere are blocks in the way!
23:25:59 [allowed] §cThere are blocks in the way!
23:26:01 [allowed] §6§lOFFER ACCEPTED §r§8with §r§aGeonathan Greatforge §r§8(§r§a§lUNCOMMON§r§8)
23:26:01 [allowed] 
23:26:01 [allowed]   §r§a§lREWARDS
23:26:01 [allowed]     §r§8+§r§215 §r§7Garden Experience
23:26:01 [allowed]     §r§8+§r§315k §r§7Farming XP
23:26:01 [allowed]     §r§8+§r§c33 Copper
23:26:01 [allowed]     §r§7§9Biofuel
23:26:01 [allowed]     §r§7§aFine Flour
23:26:01 [allowed] 
23:26:06 [allowed] §6[Bazaar] §r§7Putting goods in escrow...
23:26:06 [allowed] §6[Bazaar] §r§7Submitting sell offer...
23:26:06 [allowed] §6[Bazaar] §r§7§r§eSell Offer Setup! §r§a36§r§7x §r§aCompost §r§7for §r§6647,808 coins§r§7.
23:26:08 [allowed] §cThere are blocks in the way!
23:26:11 [allowed] §aAdded §r§23,000 §r§afuel to the composter!
23:26:33 [allowed] §cThere are blocks in the way!
23:26:45 [allowed] §cThere are blocks in the way!
23:26:48 [allowed] §cThere are blocks in the way!
23:26:49 [allowed] §cThere are blocks in the way!
23:26:50 [allowed] §cThere are blocks in the way!
23:28:01 [allowed] §6[Bazaar] §eYour §6Sell Offer §efor §a36§7x §aCompost §ewas filled!
23:31:28 [allowed] §aYou earned §r§e646 Event EXP §r§afrom playing SkyBlock!
23:32:12 [allowed] §f §r§r§r§f §r§r§r§1 §r§r§r§0 §r§r§r§2 §r§r§r§f §r§r§r§f §r§r§r§2 §r§r§r§0 §r§r§r§4 §r§r§r§3 §r§r§r§9 §r§r§r§2 §r§r§r§0 §r§r§r§0 §r§r§r§3 §r§r§r§9 §r§r§r§2 §r§r§r§0 §r§r§r§0 §r§r§r§3 §r§r§r§9 §r§r§r§2 §r§r§r§0 §r§r§r§0 
23:32:14 [allowed] §cYou are sending commands too fast! Please slow down.
23:32:14 [allowed] §b[MVP§2+§b] Giaux§f §6joined the lobby!
23:32:15 [allowed]   §r§f§l➤ §r§6You have reached your Hype limit! Add Hype to Prototype Lobby minigames by right-clicking with the Hype Diamond!
23:32:15 [allowed] §b[MVP§f+§b] qwasdfsd§f §6joined the lobby!
23:32:16 [allowed] §b[MVP§d+§b] ItsDonut_§f §6joined the lobby!
23:32:17 [allowed] §cYou are trying to do that too fast. Try again in a moment.
23:32:17 [allowed] §b[MVP§c+§b] DiscordModerator§f §6joined the lobby!
23:32:18 [allowed] §b[MVP§c+§b] yellodart§f §6joined the lobby!
23:32:20 [allowed] §cYou cannot use this here!
23:32:20 [allowed] §cYou cannot use this here!
23:32:20 [allowed] §cYou cannot use this here!
23:32:20 [allowed] §cYou cannot use this here!
23:32:20 [allowed] §7Sending to server mini184AR...
23:32:21 [allowed] §8 §r§8 §r§1 §r§3 §r§3 §r§7 §r§8 
23:32:21 [allowed] §eYou haven't claimed your §r§6Summer Rewards §r§eyet!
23:32:21 [allowed] §eTalk to the §r§bSummer Sloth §r§ein the §r§aHub!
23:32:23 [allowed] 
23:32:23 [allowed] §eWelcome to §r§aHypixel SkyBlock§r§e!
23:32:23 [allowed] §6§lBONUS! §r§bTemporarily earn §r§a5% §r§bmore skill experience!
23:32:23 [allowed] 
23:32:23 [allowed] §9§n§eLatest update: §bSkyBlock v0.20.5 §e§lCLICK
23:32:24 [allowed] §aYou are playing on profile: §ePineapple
23:32:24 [allowed] §8Profile ID: cbcbcaaa-4182-4d77-bab6-b1345770fa92
23:33:21 [allowed] §a§r§6Mining Speed Boost §r§ais now available!
23:33:48 [allowed] §cThere are blocks in the way!
