20:34:49 §e[SkyHanni] §aSkyHanni found a new update: 0.27 Beta 4. Check §b/sh download update §afor more info.§r
20:36:02 §e[SkyHanni] §cYour Organic Matter is low!§r
20:36:02 §e[SkyHanni] §aFisherman §eis visiting your garden!§r
20:36:02 §e[SkyHanni] §9Tia the Fairy §eis visiting your garden!§r
20:36:02 §e[SkyHanni] §9Seymour §eis visiting your garden!§r
20:36:02 §e[SkyHanni] §aFear Mongerer §eis visiting your garden!§r
20:36:02 §e[SkyHanni] §aVex §eis visiting your garden!§r
20:36:20 §e[SkyHanni] §aVex §eis visiting your garden!§r
20:36:38 §e[SkyHanni] §aVex §eis visiting your garden!§r
20:37:40 §6§lBESTIARY §r§b§lMosquito §7§8X §8➡§b §bXI§r
20:42:02 §e[SkyHanni] §aEmissary Ceanna §eis visiting your garden!§r
20:51:02 §e[SkyHanni] §9Iron Forger §eis visiting your garden!§r
21:00:04 §e[SkyHanni] §9Puzzler §eis visiting your garden!§r
21:09:05 §e[SkyHanni] §9Bartender §eis visiting your garden!§r
21:13:09 §e[SkyHanni] Loaded Melon milestone data from tab list!§r
21:14:52 §e[SkyHanni] Started tracking your Jacob Contest Blocks Per Second!§r
21:15:03 §e[SkyHanni] §aLeo §eis visiting your garden!§r
21:18:06 §e[SkyHanni] §9Vinyl Collector §eis visiting your garden!§r
21:21:09 §e[SkyHanni] §6Beth §eis visiting your garden!§r
21:24:12 §e[SkyHanni] §aMason §eis visiting your garden!§r
21:34:52 §e[SkyHanni] Stats for Melon Contest:§r
21:34:52 §e[SkyHanni] §7Blocks Broken in total: §e22,704§r
21:34:52 §e[SkyHanni] §7Average Blocks Per Second: §a18.94§r
21:34:52 §e[SkyHanni] §7Participated for §b19m 59s§r
21:44:37 §e[SkyHanni] §aHungry Hiker §eis visiting your garden!§r
21:53:38 §e[SkyHanni] §aAdventurer §eis visiting your garden!§r
22:02:38 §e[SkyHanni] §dMaeve §eis visiting your garden!§r
22:07:01 §e[SkyHanni] §cYour Time Tower just expired and has 2 charges remaining. Click here to use one.§r
22:11:38 §e[SkyHanni] §aAlchemist §eis visiting your garden!§r
22:17:38 §e[SkyHanni] Located a Lapis Corpse and marked its location with a waypoint.§r
22:17:45 §e[SkyHanni] Profit for §9Lapis Corpse§e: §63.8M§r
22:17:57 §e[SkyHanni] §b+1 SkyBlock XP §7(HOTM Progression§7)§b (53/100)§r
22:18:14 §e[SkyHanni] Located a Tungsten Corpse and marked its location with a waypoint.§r
22:18:16 §e[SkyHanni] Located a Lapis Corpse and marked its location with a waypoint.§r
22:18:21 §e[SkyHanni] Profit for §9Lapis Corpse§e: §660k§r
22:27:59 §e[SkyHanni] Located a Lapis Corpse and marked its location with a waypoint.§r
22:28:00 §e[SkyHanni] Profit for §9Lapis Corpse§e: §6131k§r
22:28:06 §e[SkyHanni] Located a Tungsten Corpse and marked its location with a waypoint.§r
22:30:49 §e[SkyHanni] Located a Lapis Corpse and marked its location with a waypoint.§r
22:31:01 §e[SkyHanni] Profit for §9Lapis Corpse§e: §633k§r
22:31:13 §e[SkyHanni] Located a Lapis Corpse and marked its location with a waypoint.§r
22:31:22 §e[SkyHanni] Profit for §9Lapis Corpse§e: §661k§r
22:47:34 §e[SkyHanni] §cYour Fuel is low!§r
22:47:34 §e[SkyHanni] §aLumber Jack §eis visiting your garden!§r
22:47:34 §e[SkyHanni] §9Old Man Garry §eis visiting your garden!§r
22:47:34 §e[SkyHanni] §aStella §eis visiting your garden!§r
22:51:13 §e[SkyHanni] §9Grandma Wolf §eis visiting your garden!§r
22:56:27 §e[SkyHanni] §cYour Fuel is low!§r
23:00:15 §e[SkyHanni] §aJacob §eis visiting your garden!§r
23:05:13 §e[SkyHanni] §aFisherman §eis visiting your garden!§r
23:08:28 §e[SkyHanni] §aLibrarian §eis visiting your garden!§r
23:11:34 §e[SkyHanni] §aWizard §eis visiting your garden!§r
23:15:22 §e[SkyHanni] §aTerry §eis visiting your garden!§r
23:24:21 §e[SkyHanni] §aGeonathan Greatforge §eis visiting your garden!§r
23:26:00 §e[SkyHanni] §cYour Fuel is low!§r
23:32:21 §e[SkyHanni] §cYour Fuel is low!§r
23:33:21 §e[SkyHanni] §aJacob §eis visiting your garden!§r
