15:08:14 §f                                  §6§lBESTIARY
15:08:14 §f                     §b§lThe Sea Emperor §7§8VIII §8➡§b §bIX
15:08:14 
15:08:14 §f                                  §r§6§lREWARDS
15:08:14 §f                   §r§8+§r§a3 The Sea Emperor §r§b✯ Magic Find
15:08:14 §f                    §r§8+§r§a3 The Sea Emperor §r§c❁ Strength
15:08:14 §f                       §r§8+§r§62% §r§aThe Sea Emperor §r§7coins
15:08:14 §f                    §r§8+§r§a50% §r§7chance for extra XP orbs
15:08:14 §f                               §r§8+§r§b1 SkyBlock XP
15:08:14 
15:08:14 §3§l▬▬▬▬▬▬▬▬▬▬▬▬▬▬▬▬▬▬▬▬▬▬▬▬▬▬▬▬▬▬▬▬▬▬▬▬▬▬▬▬▬▬▬▬▬▬▬▬▬▬▬▬▬▬▬▬▬▬▬▬▬▬▬▬
15:24:10 §f                                  §6§lBESTIARY
15:24:10 §f                                 §b§lMite §7§8X §8➡§b §bXI
15:24:10 
15:24:10 §f                                  §r§6§lREWARDS
15:24:10 §f                          §r§6+0.4☘ Farming Fortune
15:24:10 §f                                §r§8+§r§62% §r§aMite §r§7coins
15:24:10 §f                    §r§8+§r§a50% §r§7chance for extra XP orbs
15:24:10 §f                               §r§8+§r§b1 SkyBlock XP
15:24:10 
15:24:10 §3§l▬▬▬▬▬▬▬▬▬▬▬▬▬▬▬▬▬▬▬▬▬▬▬▬▬▬▬▬▬▬▬▬▬▬▬▬▬▬▬▬▬▬▬▬▬▬▬▬▬▬▬▬▬▬▬▬▬▬▬▬▬▬▬▬
15:24:20 §f                                  §6§lBESTIARY
15:24:20 §f                               §b§lBeetle §7§8X §8➡§b §bXI
15:24:20 
15:24:20 §f                                  §r§6§lREWARDS
15:24:20 §f                          §r§6+0.4☘ Farming Fortune
15:24:20 §f                              §r§8+§r§62% §r§aBeetle §r§7coins
15:24:20 §f                    §r§8+§r§a50% §r§7chance for extra XP orbs
15:24:20 §f                               §r§8+§r§b1 SkyBlock XP
15:24:20 
15:24:20 §3§l▬▬▬▬▬▬▬▬▬▬▬▬▬▬▬▬▬▬▬▬▬▬▬▬▬▬▬▬▬▬▬▬▬▬▬▬▬▬▬▬▬▬▬▬▬▬▬▬▬▬▬▬▬▬▬▬▬▬▬▬▬▬▬▬
19:34:17 §f                                  §6§lBESTIARY
19:34:17 §f                              §b§lTaurus §7§8V §8➡§b §bVI
19:34:17 
19:34:17 §f                                  §r§6§lREWARDS
19:34:17 §f                         §r§8+§r§a3 Taurus §r§b✯ Magic Find
19:34:17 §f                          §r§8+§r§a3 Taurus §r§c❁ Strength
19:34:17 §f                             §r§8+§r§62% §r§aTaurus §r§7coins
19:34:17 §f                    §r§8+§r§a50% §r§7chance for extra XP orbs
19:34:17 §f                               §r§8+§r§b1 SkyBlock XP
19:34:17 
19:34:17 §3§l▬▬▬▬▬▬▬▬▬▬▬▬▬▬▬▬▬▬▬▬▬▬▬▬▬▬▬▬▬▬▬▬▬▬▬▬▬▬▬▬▬▬▬▬▬▬▬▬▬▬▬▬▬▬▬▬▬▬▬▬▬▬▬▬
