11:27:01 §bNew day! §r§eYour §r§2Sky Mall §r§ebuff changed!
11:27:01 §eNew buff§r§r§r: §r§fGain §r§a+100 §r§6⸕ Mining Speed§r§f.
11:27:01 §8§oYou can disable this messaging by toggling Sky Mall in your /hotm!
11:34:54 §bNew day! §r§eYour §r§2Sky Mall §r§ebuff changed!
11:34:54 §eNew buff§r§r§r: §r§fGain §r§a+100 §r§6⸕ Mining Speed§r§f.
11:34:54 §8§oYou can disable this messaging by toggling Sky Mall in your /hotm!
11:54:53 §bNew day! §r§eYour §r§2Sky Mall §r§ebuff changed!
11:54:53 §eNew buff§r§r§r: §r§fGain §r§a+50 §r§6☘ Mining Fortune§r§f.
11:54:53 §8§oYou can disable this messaging by toggling Sky Mall in your /hotm!
12:14:54 §bNew day! §r§eYour §r§2Sky Mall §r§ebuff changed!
12:14:54 §eNew buff§r§r§r: §r§fGain §r§a+50 §r§6☘ Mining Fortune§r§f.
12:14:54 §8§oYou can disable this messaging by toggling Sky Mall in your /hotm!
12:34:54 §bNew day! §r§eYour §r§2Sky Mall §r§ebuff changed!
12:34:54 §eNew buff§r§r§r: §r§f§r§a10x §r§fchance to find Golden and Diamond Goblins.
12:34:54 §8§oYou can disable this messaging by toggling Sky Mall in your /hotm!
12:54:53 §bNew day! §r§eYour §r§2Sky Mall §r§ebuff changed!
12:54:53 §eNew buff§r§r§r: §r§fReduce Pickaxe Ability cooldown by §r§a20%§r§f.
12:54:53 §8§oYou can disable this messaging by toggling Sky Mall in your /hotm!
13:14:53 §bNew day! §r§eYour §r§2Sky Mall §r§ebuff changed!
13:14:53 §eNew buff§r§r§r: §r§fGain §r§a+100 §r§6⸕ Mining Speed§r§f.
13:14:53 §8§oYou can disable this messaging by toggling Sky Mall in your /hotm!
13:34:53 §bNew day! §r§eYour §r§2Sky Mall §r§ebuff changed!
13:34:53 §eNew buff§r§r§r: §r§fGain §r§a+15% §r§fmore Powder while mining.
13:34:53 §8§oYou can disable this messaging by toggling Sky Mall in your /hotm!
14:45:29 §bNew day! §r§eYour §r§2Sky Mall §r§ebuff changed!
14:45:29 §eNew buff§r§r§r: §r§fGain §r§a+100 §r§6⸕ Mining Speed§r§f.
14:45:29 §8§oYou can disable this messaging by toggling Sky Mall in your /hotm!
14:54:54 §bNew day! §r§eYour §r§2Sky Mall §r§ebuff changed!
14:54:54 §eNew buff§r§r§r: §r§fReduce Pickaxe Ability cooldown by §r§a20%§r§f.
14:54:54 §8§oYou can disable this messaging by toggling Sky Mall in your /hotm!
15:14:53 §bNew day! §r§eYour §r§2Sky Mall §r§ebuff changed!
15:14:53 §eNew buff§r§r§r: §r§fGain §r§a+100 §r§6⸕ Mining Speed§r§f.
15:14:53 §8§oYou can disable this messaging by toggling Sky Mall in your /hotm!
15:34:54 §bNew day! §r§eYour §r§2Sky Mall §r§ebuff changed!
15:34:54 §eNew buff§r§r§r: §r§fGain §r§a5x §r§9Titanium §r§fdrops
15:34:54 §8§oYou can disable this messaging by toggling Sky Mall in your /hotm!
15:54:54 §bNew day! §r§eYour §r§2Sky Mall §r§ebuff changed!
15:54:54 §eNew buff§r§r§r: §r§fGain §r§a+100 §r§6⸕ Mining Speed§r§f.
15:54:54 §8§oYou can disable this messaging by toggling Sky Mall in your /hotm!
16:14:54 §bNew day! §r§eYour §r§2Sky Mall §r§ebuff changed!
16:14:54 §eNew buff§r§r§r: §r§fReduce Pickaxe Ability cooldown by §r§a20%§r§f.
16:14:54 §8§oYou can disable this messaging by toggling Sky Mall in your /hotm!
16:34:54 §bNew day! §r§eYour §r§2Sky Mall §r§ebuff changed!
16:34:54 §eNew buff§r§r§r: §r§fGain §r§a+50 §r§6☘ Mining Fortune§r§f.
16:34:54 §8§oYou can disable this messaging by toggling Sky Mall in your /hotm!
16:54:54 §bNew day! §r§eYour §r§2Sky Mall §r§ebuff changed!
16:54:54 §eNew buff§r§r§r: §r§fReduce Pickaxe Ability cooldown by §r§a20%§r§f.
16:54:54 §8§oYou can disable this messaging by toggling Sky Mall in your /hotm!
17:14:54 §bNew day! §r§eYour §r§2Sky Mall §r§ebuff changed!
17:14:54 §eNew buff§r§r§r: §r§fGain §r§a+100 §r§6⸕ Mining Speed§r§f.
17:14:54 §8§oYou can disable this messaging by toggling Sky Mall in your /hotm!
17:34:54 §bNew day! §r§eYour §r§2Sky Mall §r§ebuff changed!
17:34:54 §eNew buff§r§r§r: §r§fGain §r§a+50 §r§6☘ Mining Fortune§r§f.
17:34:54 §8§oYou can disable this messaging by toggling Sky Mall in your /hotm!
17:54:55 §bNew day! §r§eYour §r§2Sky Mall §r§ebuff changed!
17:54:55 §eNew buff§r§r§r: §r§fGain §r§a+100 §r§6⸕ Mining Speed§r§f.
17:54:55 §8§oYou can disable this messaging by toggling Sky Mall in your /hotm!
18:14:54 §bNew day! §r§eYour §r§2Sky Mall §r§ebuff changed!
18:14:54 §eNew buff§r§r§r: §r§fGain §r§a5x §r§9Titanium §r§fdrops
18:14:54 §8§oYou can disable this messaging by toggling Sky Mall in your /hotm!
18:34:54 §bNew day! §r§eYour §r§2Sky Mall §r§ebuff changed!
18:34:54 §eNew buff§r§r§r: §r§fReduce Pickaxe Ability cooldown by §r§a20%§r§f.
18:34:54 §8§oYou can disable this messaging by toggling Sky Mall in your /hotm!
18:54:54 §bNew day! §r§eYour §r§2Sky Mall §r§ebuff changed!
18:54:54 §eNew buff§r§r§r: §r§f§r§a10x §r§fchance to find Golden and Diamond Goblins.
18:54:54 §8§oYou can disable this messaging by toggling Sky Mall in your /hotm!
19:14:54 §bNew day! §r§eYour §r§2Sky Mall §r§ebuff changed!
19:14:54 §eNew buff§r§r§r: §r§fReduce Pickaxe Ability cooldown by §r§a20%§r§f.
19:14:54 §8§oYou can disable this messaging by toggling Sky Mall in your /hotm!
19:34:55 §bNew day! §r§eYour §r§2Sky Mall §r§ebuff changed!
19:34:55 §eNew buff§r§r§r: §r§fGain §r§a+50 §r§6☘ Mining Fortune§r§f.
19:34:55 §8§oYou can disable this messaging by toggling Sky Mall in your /hotm!
20:49:27 §bNew day! §r§eYour §r§2Sky Mall §r§ebuff changed!
20:49:27 §eNew buff§r§r§r: §r§fGain §r§a+50 §r§6☘ Mining Fortune§r§f.
20:49:27 §8§oYou can disable this messaging by toggling Sky Mall in your /hotm!
22:20:29 §bNew day! §r§eYour §r§2Sky Mall §r§ebuff changed!
22:20:29 §eNew buff§r§r§r: §r§fReduce Pickaxe Ability cooldown by §r§a20%§r§f.
22:20:29 §8§oYou can disable this messaging by toggling Sky Mall in your /hotm!
00:15:00 §bNew day! §r§eYour §r§2Sky Mall §r§ebuff changed!
00:15:00 §eNew buff§r§r§r: §r§fGain §r§a+50 §r§6☘ Mining Fortune§r§f.
00:15:00 §8§oYou can disable this messaging by toggling Sky Mall in your /hotm!
00:35:00 §bNew day! §r§eYour §r§2Sky Mall §r§ebuff changed!
00:35:00 §eNew buff§r§r§r: §r§fGain §r§a+50 §r§6☘ Mining Fortune§r§f.
00:35:00 §8§oYou can disable this messaging by toggling Sky Mall in your /hotm!
01:15:02 §bNew day! §r§eYour §r§2Sky Mall §r§ebuff changed!
01:15:02 §eNew buff§r§r§r: §r§fGain §r§a+15% §r§fmore Powder while mining.
01:15:02 §8§oYou can disable this messaging by toggling Sky Mall in your /hotm!
