20:48:06 New visitor detected: '§9Seymour'
20:48:06 New visitor detected: '§aRyu'
20:48:06 New visitor detected: '§aGuy'
20:48:06 New visitor detected: '§6Pest Wrangler?'
20:48:06 New visitor detected: '§aLibrarian'
20:55:40 New visitor detected: '§9Gwendolyn'
21:01:56 New visitor detected: '§aTrevor'
21:05:10 New visitor detected: '§aGuy'
21:08:18 New visitor detected: '§aAdventurer'
21:11:18 New visitor detected: '§aWeaponsmith'
21:14:27 New visitor detected: '§aLibrarian'
21:32:49 New visitor detected: '§aAlchemist'
21:37:20 New visitor detected: '§9Emissary Sisko'
21:40:26 New visitor detected: '§aFear Mongerer'
21:43:26 New visitor detected: '§dMaeve'
21:46:33 New visitor detected: '§9Lumina'
21:49:45 New visitor detected: '§6Madame Eleanor Q. Goldsworth III'
21:56:57 New visitor detected: '§aGuy'
22:05:56 New visitor detected: '§aTerry'
22:11:00 New visitor detected: '§6Pest Wrangler?'
22:15:41 New visitor detected: '§9Tammy'
22:18:44 New visitor detected: '§aShaggy'
22:21:44 New visitor detected: '§aStella'
22:24:47 New visitor detected: '§aFriendly Hiker'
22:45:57 New visitor detected: '§9Zog'
22:54:58 New visitor detected: '§aLeo'
23:03:58 New visitor detected: '§aGuy'
23:12:05 New visitor detected: '§aTerry'
23:15:39 New visitor detected: '§aStella'
23:19:30 New visitor detected: '§9Grandma Wolf'
23:22:59 New visitor detected: '§aDuke'
23:26:29 New visitor detected: '§aEmissary Fraiser'
23:38:22 New visitor detected: '§aJacob'
