23:59:40 §f                                  §6§lBESTIARY
23:59:40 §f                           §b§lLava Flame §7§8X §8➡§b §bXI
23:59:40 
23:59:40 §f                                  §r§6§lREWARDS
23:59:40 §f                       §r§8+§r§a4 Lava Flame §r§b✯ Magic Find
23:59:40 §f                        §r§8+§r§a4 Lava Flame §r§c❁ Strength
23:59:40 §f                           §r§8+§r§62% §r§aLava Flame §r§7coins
23:59:40 §f                    §r§8+§r§a50% §r§7chance for extra XP orbs
23:59:40 §f                               §r§8+§r§b1 SkyBlock XP
23:59:40 
23:59:40 §3§l▬▬▬▬▬▬▬▬▬▬▬▬▬▬▬▬▬▬▬▬▬▬▬▬▬▬▬▬▬▬▬▬▬▬▬▬▬▬▬▬▬▬▬▬▬▬▬▬▬▬▬▬▬▬▬▬▬▬▬▬▬▬▬▬
00:00:04 §f                                  §6§lBESTIARY
00:00:04 §f                               §b§lTaurus §7§8I §8➡§b §bII
00:00:04 
00:00:04 §f                                  §r§6§lREWARDS
00:00:04 §f                         §r§8+§r§a2 Taurus §r§b✯ Magic Find
00:00:04 §f                          §r§8+§r§a2 Taurus §r§c❁ Strength
00:00:04 §f                             §r§8+§r§62% §r§aTaurus §r§7coins
00:00:04 §f                    §r§8+§r§a50% §r§7chance for extra XP orbs
00:00:04 §f                               §r§8+§r§b1 SkyBlock XP
00:00:04 
00:00:04 §3§l▬▬▬▬▬▬▬▬▬▬▬▬▬▬▬▬▬▬▬▬▬▬▬▬▬▬▬▬▬▬▬▬▬▬▬▬▬▬▬▬▬▬▬▬▬▬▬▬▬▬▬▬▬▬▬▬▬▬▬▬▬▬▬▬
00:06:46 §f                                  §6§lBESTIARY
00:06:46 §f                              §b§lTaurus §7§8II §8➡§b §bIII
00:06:46 
00:06:46 §f                                  §r§6§lREWARDS
00:06:46 §f                         §r§8+§r§a2 Taurus §r§b✯ Magic Find
00:06:46 §f                          §r§8+§r§a2 Taurus §r§c❁ Strength
00:06:46 §f                             §r§8+§r§62% §r§aTaurus §r§7coins
00:06:46 §f                    §r§8+§r§a50% §r§7chance for extra XP orbs
00:06:46 §f                               §r§8+§r§b1 SkyBlock XP
00:06:46 
00:06:46 §3§l▬▬▬▬▬▬▬▬▬▬▬▬▬▬▬▬▬▬▬▬▬▬▬▬▬▬▬▬▬▬▬▬▬▬▬▬▬▬▬▬▬▬▬▬▬▬▬▬▬▬▬▬▬▬▬▬▬▬▬▬▬▬▬▬
00:50:25 §f                                  §6§lBESTIARY
00:50:25 §f                     §b§lPyroclastic Worm §7§8VIII §8➡§b §bIX
00:50:25 
00:50:25 §f                                  §r§6§lREWARDS
00:50:25 §f                   §r§8+§r§a3 Pyroclastic Worm §r§b✯ Magic Find
00:50:25 §f                    §r§8+§r§a3 Pyroclastic Worm §r§c❁ Strength
00:50:25 §f                       §r§8+§r§62% §r§aPyroclastic Worm §r§7coins
00:50:25 §f                    §r§8+§r§a50% §r§7chance for extra XP orbs
00:50:25 §f                               §r§8+§r§b1 SkyBlock XP
00:50:25 
00:50:25 §3§l▬▬▬▬▬▬▬▬▬▬▬▬▬▬▬▬▬▬▬▬▬▬▬▬▬▬▬▬▬▬▬▬▬▬▬▬▬▬▬▬▬▬▬▬▬▬▬▬▬▬▬▬▬▬▬▬▬▬▬▬▬▬▬▬
00:59:35 §f                                  §6§lBESTIARY
00:59:35 §f                           §b§lMagma Slug §7§8IX §8➡§b §bX
00:59:35 
00:59:35 §f                                  §r§6§lREWARDS
00:59:35 §f                       §r§8+§r§a3 Magma Slug §r§b✯ Magic Find
00:59:35 §f                        §r§8+§r§a3 Magma Slug §r§c❁ Strength
00:59:35 §f                           §r§8+§r§62% §r§aMagma Slug §r§7coins
00:59:35 §f                    §r§8+§r§a50% §r§7chance for extra XP orbs
00:59:35 §f                               §r§8+§r§b1 SkyBlock XP
00:59:35 
00:59:35 §3§l▬▬▬▬▬▬▬▬▬▬▬▬▬▬▬▬▬▬▬▬▬▬▬▬▬▬▬▬▬▬▬▬▬▬▬▬▬▬▬▬▬▬▬▬▬▬▬▬▬▬▬▬▬▬▬▬▬▬▬▬▬▬▬▬
01:01:26 §f                                  §6§lBESTIARY
01:01:26 §f                            §b§lFire Eel §7§8VIII §8➡§b §bIX
01:01:26 
01:01:26 §f                                  §r§6§lREWARDS
01:01:26 §f                         §r§8+§r§a3 Fire Eel §r§b✯ Magic Find
01:01:26 §f                          §r§8+§r§a3 Fire Eel §r§c❁ Strength
01:01:26 §f                             §r§8+§r§62% §r§aFire Eel §r§7coins
01:01:26 §f                    §r§8+§r§a50% §r§7chance for extra XP orbs
01:01:26 §f                               §r§8+§r§b1 SkyBlock XP
01:01:26 
01:01:26 §3§l▬▬▬▬▬▬▬▬▬▬▬▬▬▬▬▬▬▬▬▬▬▬▬▬▬▬▬▬▬▬▬▬▬▬▬▬▬▬▬▬▬▬▬▬▬▬▬▬▬▬▬▬▬▬▬▬▬▬▬▬▬▬▬▬
01:08:17 §f                                  §6§lBESTIARY
01:08:17 §f                           §b§lLava Leech §7§8IX §8➡§b §bX
01:08:17 
01:08:17 §f                                  §r§6§lREWARDS
01:08:17 §f                       §r§8+§r§a3 Lava Leech §r§b✯ Magic Find
01:08:17 §f                       §r§8+§r§a3 Lava Leech §r§c❁ Strength
01:08:17 §f                           §r§8+§r§62% §r§aLava Leech §r§7coins
01:08:17 §f                    §r§8+§r§a50% §r§7chance for extra XP orbs
01:08:17 §f                               §r§8+§r§b1 SkyBlock XP
01:08:17 
01:08:17 §3§l▬▬▬▬▬▬▬▬▬▬▬▬▬▬▬▬▬▬▬▬▬▬▬▬▬▬▬▬▬▬▬▬▬▬▬▬▬▬▬▬▬▬▬▬▬▬▬▬▬▬▬▬▬▬▬▬▬▬▬▬▬▬▬▬
01:13:44 §f                                  §6§lBESTIARY
01:13:44 §f                              §b§lTaurus §7§8III §8➡§b §bIV
01:13:44 
01:13:44 §f                                  §r§6§lREWARDS
01:13:44 §f                         §r§8+§r§a2 Taurus §r§b✯ Magic Find
01:13:44 §f                          §r§8+§r§a2 Taurus §r§c❁ Strength
01:13:44 §f                             §r§8+§r§62% §r§aTaurus §r§7coins
01:13:44 §f                    §r§8+§r§a50% §r§7chance for extra XP orbs
01:13:44 §f                               §r§8+§r§b1 SkyBlock XP
01:13:44 
01:13:44 §3§l▬▬▬▬▬▬▬▬▬▬▬▬▬▬▬▬▬▬▬▬▬▬▬▬▬▬▬▬▬▬▬▬▬▬▬▬▬▬▬▬▬▬▬▬▬▬▬▬▬▬▬▬▬▬▬▬▬▬▬▬▬▬▬▬
01:43:54 §f                                  §6§lBESTIARY
01:43:54 §f                              §b§lMoogma §7§8X §8➡§b §bXI
01:43:54 
01:43:54 §f                                  §r§6§lREWARDS
01:43:54 §f                         §r§8+§r§a4 Moogma §r§b✯ Magic Find
01:43:54 §f                          §r§8+§r§a4 Moogma §r§c❁ Strength
01:43:54 §f                             §r§8+§r§62% §r§aMoogma §r§7coins
01:43:54 §f                    §r§8+§r§a50% §r§7chance for extra XP orbs
01:43:54 §f                               §r§8+§r§b1 SkyBlock XP
01:43:54 
01:43:54 §3§l▬▬▬▬▬▬▬▬▬▬▬▬▬▬▬▬▬▬▬▬▬▬▬▬▬▬▬▬▬▬▬▬▬▬▬▬▬▬▬▬▬▬▬▬▬▬▬▬▬▬▬▬▬▬▬▬▬▬▬▬▬▬▬▬
