22:31:36 §bNew day! §r§eYour §r§2Sky Mall §r§ebuff changed!
22:31:36 §eNew buff§r§r§r: §r§fGain §r§a+15% §r§fmore Powder while mining.
22:31:36 §8§oYou can disable this messaging by toggling Sky Mall in your /hotm!
22:59:52 §bNew day! §r§eYour §r§2Sky Mall §r§ebuff changed!
22:59:52 §eNew buff§r§r§r: §r§fReduce Pickaxe Ability cooldown by §r§a20%§r§f.
22:59:52 §8§oYou can disable this messaging by toggling Sky Mall in your /hotm!
23:14:58 §bNew day! §r§eYour §r§2Sky Mall §r§ebuff changed!
23:14:58 §eNew buff§r§r§r: §r§fReduce Pickaxe Ability cooldown by §r§a20%§r§f.
23:14:58 §8§oYou can disable this messaging by toggling Sky Mall in your /hotm!
23:34:58 §bNew day! §r§eYour §r§2Sky Mall §r§ebuff changed!
23:34:58 §eNew buff§r§r§r: §r§fGain §r§a+50 §r§6☘ Mining Fortune§r§f.
23:34:58 §8§oYou can disable this messaging by toggling Sky Mall in your /hotm!
23:54:58 §bNew day! §r§eYour §r§2Sky Mall §r§ebuff changed!
23:54:58 §eNew buff§r§r§r: §r§fGain §r§a+100 §r§6⸕ Mining Speed§r§f.
23:54:58 §8§oYou can disable this messaging by toggling Sky Mall in your /hotm!
00:14:59 §bNew day! §r§eYour §r§2Sky Mall §r§ebuff changed!
00:14:59 §eNew buff§r§r§r: §r§fReduce Pickaxe Ability cooldown by §r§a20%§r§f.
00:14:59 §8§oYou can disable this messaging by toggling Sky Mall in your /hotm!
00:34:59 §bNew day! §r§eYour §r§2Sky Mall §r§ebuff changed!
00:34:59 §eNew buff§r§r§r: §r§fGain §r§a+50 §r§6☘ Mining Fortune§r§f.
00:34:59 §8§oYou can disable this messaging by toggling Sky Mall in your /hotm!
00:54:58 §bNew day! §r§eYour §r§2Sky Mall §r§ebuff changed!
00:54:58 §eNew buff§r§r§r: §r§fReduce Pickaxe Ability cooldown by §r§a20%§r§f.
00:54:58 §8§oYou can disable this messaging by toggling Sky Mall in your /hotm!
01:14:58 §bNew day! §r§eYour §r§2Sky Mall §r§ebuff changed!
01:14:58 §eNew buff§r§r§r: §r§fGain §r§a5x §r§9Titanium §r§fdrops
01:14:58 §8§oYou can disable this messaging by toggling Sky Mall in your /hotm!
01:35:00 §bNew day! §r§eYour §r§2Sky Mall §r§ebuff changed!
01:35:00 §eNew buff§r§r§r: §r§fGain §r§a+15% §r§fmore Powder while mining.
01:35:00 §8§oYou can disable this messaging by toggling Sky Mall in your /hotm!
